[2023-02-03T00:20:03.031+0000] {taskinstance.py:1087} INFO - Dependencies all met for <TaskInstance: forex_data_pipeline.downloading_rates scheduled__2023-02-02T00:00:00+00:00 [queued]>
[2023-02-03T00:20:03.046+0000] {taskinstance.py:1087} INFO - Dependencies all met for <TaskInstance: forex_data_pipeline.downloading_rates scheduled__2023-02-02T00:00:00+00:00 [queued]>
[2023-02-03T00:20:03.047+0000] {taskinstance.py:1283} INFO - 
--------------------------------------------------------------------------------
[2023-02-03T00:20:03.048+0000] {taskinstance.py:1284} INFO - Starting attempt 1 of 3
[2023-02-03T00:20:03.049+0000] {taskinstance.py:1285} INFO - 
--------------------------------------------------------------------------------
[2023-02-03T00:20:03.064+0000] {taskinstance.py:1304} INFO - Executing <Task(PythonOperator): downloading_rates> on 2023-02-02 00:00:00+00:00
[2023-02-03T00:20:03.071+0000] {standard_task_runner.py:55} INFO - Started process 84 to run task
[2023-02-03T00:20:03.074+0000] {standard_task_runner.py:82} INFO - Running: ['***', 'tasks', 'run', 'forex_data_pipeline', 'downloading_rates', 'scheduled__2023-02-02T00:00:00+00:00', '--job-id', '649', '--raw', '--subdir', 'DAGS_FOLDER/forex_data_pipeline.py', '--cfg-path', '/tmp/tmp7op36i_j']
[2023-02-03T00:20:03.077+0000] {standard_task_runner.py:83} INFO - Job 649: Subtask downloading_rates
[2023-02-03T00:20:03.144+0000] {task_command.py:389} INFO - Running <TaskInstance: forex_data_pipeline.downloading_rates scheduled__2023-02-02T00:00:00+00:00 [running]> on host b21115e7dff0
[2023-02-03T00:20:03.213+0000] {taskinstance.py:1513} INFO - Exporting the following env vars:
AIRFLOW_CTX_DAG_EMAIL=juanfelipehdezm@gmail.com
AIRFLOW_CTX_DAG_OWNER=felipehdez
AIRFLOW_CTX_DAG_ID=forex_data_pipeline
AIRFLOW_CTX_TASK_ID=downloading_rates
AIRFLOW_CTX_EXECUTION_DATE=2023-02-02T00:00:00+00:00
AIRFLOW_CTX_TRY_NUMBER=1
AIRFLOW_CTX_DAG_RUN_ID=scheduled__2023-02-02T00:00:00+00:00
[2023-02-03T00:20:03.902+0000] {python.py:177} INFO - Done. Returned value was: None
[2023-02-03T00:20:03.911+0000] {taskinstance.py:1327} INFO - Marking task as SUCCESS. dag_id=forex_data_pipeline, task_id=downloading_rates, execution_date=20230202T000000, start_date=20230203T002003, end_date=20230203T002003
[2023-02-03T00:20:03.971+0000] {local_task_job.py:159} INFO - Task exited with return code 0
[2023-02-03T00:20:04.003+0000] {taskinstance.py:2582} INFO - 1 downstream tasks scheduled from follow-on schedule check
