[2022-11-11T19:28:50.386+0000] {taskinstance.py:1165} INFO - Dependencies all met for <TaskInstance: forex_data_pipeline.is_forex_rates_available scheduled__2022-11-10T00:00:00+00:00 [queued]>
[2022-11-11T19:28:50.404+0000] {taskinstance.py:1165} INFO - Dependencies all met for <TaskInstance: forex_data_pipeline.is_forex_rates_available scheduled__2022-11-10T00:00:00+00:00 [queued]>
[2022-11-11T19:28:50.405+0000] {taskinstance.py:1362} INFO - 
--------------------------------------------------------------------------------
[2022-11-11T19:28:50.407+0000] {taskinstance.py:1363} INFO - Starting attempt 2 of 4
[2022-11-11T19:28:50.408+0000] {taskinstance.py:1364} INFO - 
--------------------------------------------------------------------------------
[2022-11-11T19:28:50.433+0000] {taskinstance.py:1383} INFO - Executing <Task(HttpSensor): is_forex_rates_available> on 2022-11-10 00:00:00+00:00
[2022-11-11T19:28:50.438+0000] {standard_task_runner.py:54} INFO - Started process 237 to run task
[2022-11-11T19:28:50.441+0000] {standard_task_runner.py:82} INFO - Running: ['***', 'tasks', 'run', 'forex_data_pipeline', 'is_forex_rates_available', 'scheduled__2022-11-10T00:00:00+00:00', '--job-id', '67', '--raw', '--subdir', 'DAGS_FOLDER/forex_data_pipeline.py', '--cfg-path', '/tmp/tmpkeq9frqs']
[2022-11-11T19:28:50.442+0000] {standard_task_runner.py:83} INFO - Job 67: Subtask is_forex_rates_available
[2022-11-11T19:28:50.444+0000] {dagbag.py:525} INFO - Filling up the DagBag from /opt/***/dags/forex_data_pipeline.py
[2022-11-11T19:28:50.942+0000] {task_command.py:384} INFO - Running <TaskInstance: forex_data_pipeline.is_forex_rates_available scheduled__2022-11-10T00:00:00+00:00 [running]> on host 9cbdb5013874
[2022-11-11T19:28:51.014+0000] {taskinstance.py:1592} INFO - Exporting the following env vars:
AIRFLOW_CTX_DAG_EMAIL=juanfelipehdezm@gmail.com
AIRFLOW_CTX_DAG_OWNER=felipehdez
AIRFLOW_CTX_DAG_ID=forex_data_pipeline
AIRFLOW_CTX_TASK_ID=is_forex_rates_available
AIRFLOW_CTX_EXECUTION_DATE=2022-11-10T00:00:00+00:00
AIRFLOW_CTX_TRY_NUMBER=2
AIRFLOW_CTX_DAG_RUN_ID=scheduled__2022-11-10T00:00:00+00:00
[2022-11-11T19:28:51.015+0000] {http.py:120} INFO - Poking: /query?function=CURRENCY_EXCHANGE_RATE&from_currency=USD&to_currency=COP&apikey=EHCCX9LJ1T4XQV4E
[2022-11-11T19:28:51.025+0000] {base.py:71} INFO - Using connection ID 'forex_api' for task execution.
[2022-11-11T19:28:51.028+0000] {http.py:148} INFO - Sending 'GET' to url: https://www.alphavantage.co/query?function=CURRENCY_EXCHANGE_RATE&from_currency=USD&to_currency=COP&apikey=EHCCX9LJ1T4XQV4E
[2022-11-11T19:28:54.465+0000] {base.py:213} INFO - Success criteria met. Exiting.
[2022-11-11T19:28:54.474+0000] {taskinstance.py:1406} INFO - Marking task as SUCCESS. dag_id=forex_data_pipeline, task_id=is_forex_rates_available, execution_date=20221110T000000, start_date=20221111T192850, end_date=20221111T192854
[2022-11-11T19:28:54.536+0000] {local_task_job.py:164} INFO - Task exited with return code 0
[2022-11-11T19:28:54.734+0000] {local_task_job.py:273} INFO - 1 downstream tasks scheduled from follow-on schedule check
