[2023-02-26T18:29:58.185+0000] {taskinstance.py:1087} INFO - Dependencies all met for <TaskInstance: forex_data_pipeline.is_forex_rates_available scheduled__2023-02-24T00:00:00+00:00 [queued]>
[2023-02-26T18:29:58.198+0000] {taskinstance.py:1087} INFO - Dependencies all met for <TaskInstance: forex_data_pipeline.is_forex_rates_available scheduled__2023-02-24T00:00:00+00:00 [queued]>
[2023-02-26T18:29:58.199+0000] {taskinstance.py:1283} INFO - 
--------------------------------------------------------------------------------
[2023-02-26T18:29:58.200+0000] {taskinstance.py:1284} INFO - Starting attempt 1 of 3
[2023-02-26T18:29:58.201+0000] {taskinstance.py:1285} INFO - 
--------------------------------------------------------------------------------
[2023-02-26T18:29:58.220+0000] {taskinstance.py:1304} INFO - Executing <Task(HttpSensor): is_forex_rates_available> on 2023-02-24 00:00:00+00:00
[2023-02-26T18:29:58.226+0000] {standard_task_runner.py:55} INFO - Started process 84 to run task
[2023-02-26T18:29:58.230+0000] {standard_task_runner.py:82} INFO - Running: ['***', 'tasks', 'run', 'forex_data_pipeline', 'is_forex_rates_available', 'scheduled__2023-02-24T00:00:00+00:00', '--job-id', '788', '--raw', '--subdir', 'DAGS_FOLDER/forex_data_pipeline.py', '--cfg-path', '/tmp/tmpge9xxa46']
[2023-02-26T18:29:58.233+0000] {standard_task_runner.py:83} INFO - Job 788: Subtask is_forex_rates_available
[2023-02-26T18:29:58.311+0000] {task_command.py:389} INFO - Running <TaskInstance: forex_data_pipeline.is_forex_rates_available scheduled__2023-02-24T00:00:00+00:00 [running]> on host b21115e7dff0
[2023-02-26T18:29:58.389+0000] {taskinstance.py:1513} INFO - Exporting the following env vars:
AIRFLOW_CTX_DAG_EMAIL=juanfelipehdezm@gmail.com
AIRFLOW_CTX_DAG_OWNER=felipehdez
AIRFLOW_CTX_DAG_ID=forex_data_pipeline
AIRFLOW_CTX_TASK_ID=is_forex_rates_available
AIRFLOW_CTX_EXECUTION_DATE=2023-02-24T00:00:00+00:00
AIRFLOW_CTX_TRY_NUMBER=1
AIRFLOW_CTX_DAG_RUN_ID=scheduled__2023-02-24T00:00:00+00:00
[2023-02-26T18:29:58.391+0000] {http.py:122} INFO - Poking: /query?function=CURRENCY_EXCHANGE_RATE&from_currency=USD&to_currency=COP&apikey=EHCCX9LJ1T4XQV4E
[2023-02-26T18:29:58.401+0000] {base.py:73} INFO - Using connection ID 'forex_api' for task execution.
[2023-02-26T18:29:58.403+0000] {http.py:150} INFO - Sending 'GET' to url: https://www.alphavantage.co/query?function=CURRENCY_EXCHANGE_RATE&from_currency=USD&to_currency=COP&apikey=EHCCX9LJ1T4XQV4E
[2023-02-26T18:30:01.985+0000] {base.py:228} INFO - Success criteria met. Exiting.
[2023-02-26T18:30:01.995+0000] {taskinstance.py:1327} INFO - Marking task as SUCCESS. dag_id=forex_data_pipeline, task_id=is_forex_rates_available, execution_date=20230224T000000, start_date=20230226T182958, end_date=20230226T183001
[2023-02-26T18:30:02.023+0000] {local_task_job.py:159} INFO - Task exited with return code 0
[2023-02-26T18:30:02.053+0000] {taskinstance.py:2582} INFO - 1 downstream tasks scheduled from follow-on schedule check
