[2022-11-15T20:56:39.385+0000] {taskinstance.py:1165} INFO - Dependencies all met for <TaskInstance: forex_data_pipeline.is_forex_file_available manual__2022-11-15T20:41:29.239248+00:00 [queued]>
[2022-11-15T20:56:39.398+0000] {taskinstance.py:1165} INFO - Dependencies all met for <TaskInstance: forex_data_pipeline.is_forex_file_available manual__2022-11-15T20:41:29.239248+00:00 [queued]>
[2022-11-15T20:56:39.398+0000] {taskinstance.py:1362} INFO - 
--------------------------------------------------------------------------------
[2022-11-15T20:56:39.399+0000] {taskinstance.py:1363} INFO - Starting attempt 5 of 7
[2022-11-15T20:56:39.399+0000] {taskinstance.py:1364} INFO - 
--------------------------------------------------------------------------------
[2022-11-15T20:56:39.415+0000] {taskinstance.py:1383} INFO - Executing <Task(FileSensor): is_forex_file_available> on 2022-11-15 20:41:29.239248+00:00
[2022-11-15T20:56:39.419+0000] {standard_task_runner.py:54} INFO - Started process 3828 to run task
[2022-11-15T20:56:39.422+0000] {standard_task_runner.py:82} INFO - Running: ['***', 'tasks', 'run', 'forex_data_pipeline', 'is_forex_file_available', 'manual__2022-11-15T20:41:29.239248+00:00', '--job-id', '142', '--raw', '--subdir', 'DAGS_FOLDER/forex_data_pipeline.py', '--cfg-path', '/tmp/tmp540nvwur']
[2022-11-15T20:56:39.423+0000] {standard_task_runner.py:83} INFO - Job 142: Subtask is_forex_file_available
[2022-11-15T20:56:39.423+0000] {dagbag.py:525} INFO - Filling up the DagBag from /opt/***/dags/forex_data_pipeline.py
[2022-11-15T20:56:39.739+0000] {task_command.py:384} INFO - Running <TaskInstance: forex_data_pipeline.is_forex_file_available manual__2022-11-15T20:41:29.239248+00:00 [running]> on host 9cbdb5013874
[2022-11-15T20:56:39.791+0000] {taskinstance.py:1592} INFO - Exporting the following env vars:
AIRFLOW_CTX_DAG_EMAIL=juanfelipehdezm@gmail.com
AIRFLOW_CTX_DAG_OWNER=felipehdez
AIRFLOW_CTX_DAG_ID=forex_data_pipeline
AIRFLOW_CTX_TASK_ID=is_forex_file_available
AIRFLOW_CTX_EXECUTION_DATE=2022-11-15T20:41:29.239248+00:00
AIRFLOW_CTX_TRY_NUMBER=5
AIRFLOW_CTX_DAG_RUN_ID=manual__2022-11-15T20:41:29.239248+00:00
[2022-11-15T20:56:39.799+0000] {base.py:71} INFO - Using connection ID 'forex_path' for task execution.
[2022-11-15T20:56:39.800+0000] {filesystem.py:58} INFO - Poking for file /opt/***/dags/files/rates.json
[2022-11-15T20:56:39.810+0000] {filesystem.py:63} INFO - Found File /opt/***/dags/files/rates.json last modified: 20221115205638
[2022-11-15T20:56:39.810+0000] {base.py:213} INFO - Success criteria met. Exiting.
[2022-11-15T20:56:39.818+0000] {taskinstance.py:1406} INFO - Marking task as SUCCESS. dag_id=forex_data_pipeline, task_id=is_forex_file_available, execution_date=20221115T204129, start_date=20221115T205639, end_date=20221115T205639
[2022-11-15T20:56:39.876+0000] {local_task_job.py:164} INFO - Task exited with return code 0
[2022-11-15T20:56:39.896+0000] {local_task_job.py:273} INFO - 1 downstream tasks scheduled from follow-on schedule check
