[2022-11-15T20:52:14.868+0000] {taskinstance.py:1165} INFO - Dependencies all met for <TaskInstance: forex_data_pipeline.is_forex_file_available manual__2022-11-15T20:41:29.239248+00:00 [queued]>
[2022-11-15T20:52:14.879+0000] {taskinstance.py:1165} INFO - Dependencies all met for <TaskInstance: forex_data_pipeline.is_forex_file_available manual__2022-11-15T20:41:29.239248+00:00 [queued]>
[2022-11-15T20:52:14.880+0000] {taskinstance.py:1362} INFO - 
--------------------------------------------------------------------------------
[2022-11-15T20:52:14.881+0000] {taskinstance.py:1363} INFO - Starting attempt 3 of 5
[2022-11-15T20:52:14.881+0000] {taskinstance.py:1364} INFO - 
--------------------------------------------------------------------------------
[2022-11-15T20:52:14.893+0000] {taskinstance.py:1383} INFO - Executing <Task(FileSensor): is_forex_file_available> on 2022-11-15 20:41:29.239248+00:00
[2022-11-15T20:52:14.898+0000] {standard_task_runner.py:54} INFO - Started process 3590 to run task
[2022-11-15T20:52:14.900+0000] {standard_task_runner.py:82} INFO - Running: ['***', 'tasks', 'run', 'forex_data_pipeline', 'is_forex_file_available', 'manual__2022-11-15T20:41:29.239248+00:00', '--job-id', '130', '--raw', '--subdir', 'DAGS_FOLDER/forex_data_pipeline.py', '--cfg-path', '/tmp/tmpddir5cce']
[2022-11-15T20:52:14.902+0000] {standard_task_runner.py:83} INFO - Job 130: Subtask is_forex_file_available
[2022-11-15T20:52:14.903+0000] {dagbag.py:525} INFO - Filling up the DagBag from /opt/***/dags/forex_data_pipeline.py
[2022-11-15T20:52:15.223+0000] {task_command.py:384} INFO - Running <TaskInstance: forex_data_pipeline.is_forex_file_available manual__2022-11-15T20:41:29.239248+00:00 [running]> on host 9cbdb5013874
[2022-11-15T20:52:15.273+0000] {taskinstance.py:1592} INFO - Exporting the following env vars:
AIRFLOW_CTX_DAG_EMAIL=juanfelipehdezm@gmail.com
AIRFLOW_CTX_DAG_OWNER=felipehdez
AIRFLOW_CTX_DAG_ID=forex_data_pipeline
AIRFLOW_CTX_TASK_ID=is_forex_file_available
AIRFLOW_CTX_EXECUTION_DATE=2022-11-15T20:41:29.239248+00:00
AIRFLOW_CTX_TRY_NUMBER=3
AIRFLOW_CTX_DAG_RUN_ID=manual__2022-11-15T20:41:29.239248+00:00
[2022-11-15T20:52:15.281+0000] {base.py:71} INFO - Using connection ID 'forex_path' for task execution.
[2022-11-15T20:52:15.282+0000] {filesystem.py:58} INFO - Poking for file /opt/***/dags/files/rates.json
[2022-11-15T20:52:15.296+0000] {filesystem.py:63} INFO - Found File /opt/***/dags/files/rates.json last modified: 20221115205214
[2022-11-15T20:52:15.297+0000] {base.py:213} INFO - Success criteria met. Exiting.
[2022-11-15T20:52:15.389+0000] {taskinstance.py:1406} INFO - Marking task as SUCCESS. dag_id=forex_data_pipeline, task_id=is_forex_file_available, execution_date=20221115T204129, start_date=20221115T205214, end_date=20221115T205215
[2022-11-15T20:52:15.434+0000] {local_task_job.py:164} INFO - Task exited with return code 0
[2022-11-15T20:52:15.456+0000] {local_task_job.py:273} INFO - 1 downstream tasks scheduled from follow-on schedule check
