[2022-12-31T16:47:10.146+0000] {taskinstance.py:1087} INFO - Dependencies all met for <TaskInstance: forex_data_pipeline.downloading_rates scheduled__2022-12-28T00:00:00+00:00 [queued]>
[2022-12-31T16:47:10.159+0000] {taskinstance.py:1087} INFO - Dependencies all met for <TaskInstance: forex_data_pipeline.downloading_rates scheduled__2022-12-28T00:00:00+00:00 [queued]>
[2022-12-31T16:47:10.159+0000] {taskinstance.py:1283} INFO - 
--------------------------------------------------------------------------------
[2022-12-31T16:47:10.160+0000] {taskinstance.py:1284} INFO - Starting attempt 1 of 3
[2022-12-31T16:47:10.160+0000] {taskinstance.py:1285} INFO - 
--------------------------------------------------------------------------------
[2022-12-31T16:47:10.174+0000] {taskinstance.py:1304} INFO - Executing <Task(PythonOperator): downloading_rates> on 2022-12-28 00:00:00+00:00
[2022-12-31T16:47:10.190+0000] {standard_task_runner.py:55} INFO - Started process 90 to run task
[2022-12-31T16:47:10.194+0000] {standard_task_runner.py:82} INFO - Running: ['***', 'tasks', 'run', 'forex_data_pipeline', 'downloading_rates', 'scheduled__2022-12-28T00:00:00+00:00', '--job-id', '509', '--raw', '--subdir', 'DAGS_FOLDER/forex_data_pipeline.py', '--cfg-path', '/tmp/tmp658a5p75']
[2022-12-31T16:47:10.197+0000] {standard_task_runner.py:83} INFO - Job 509: Subtask downloading_rates
[2022-12-31T16:47:10.262+0000] {task_command.py:389} INFO - Running <TaskInstance: forex_data_pipeline.downloading_rates scheduled__2022-12-28T00:00:00+00:00 [running]> on host b21115e7dff0
[2022-12-31T16:47:10.322+0000] {taskinstance.py:1513} INFO - Exporting the following env vars:
AIRFLOW_CTX_DAG_EMAIL=juanfelipehdezm@gmail.com
AIRFLOW_CTX_DAG_OWNER=felipehdez
AIRFLOW_CTX_DAG_ID=forex_data_pipeline
AIRFLOW_CTX_TASK_ID=downloading_rates
AIRFLOW_CTX_EXECUTION_DATE=2022-12-28T00:00:00+00:00
AIRFLOW_CTX_TRY_NUMBER=1
AIRFLOW_CTX_DAG_RUN_ID=scheduled__2022-12-28T00:00:00+00:00
[2022-12-31T16:47:11.093+0000] {python.py:177} INFO - Done. Returned value was: None
[2022-12-31T16:47:11.101+0000] {taskinstance.py:1327} INFO - Marking task as SUCCESS. dag_id=forex_data_pipeline, task_id=downloading_rates, execution_date=20221228T000000, start_date=20221231T164710, end_date=20221231T164711
[2022-12-31T16:47:11.129+0000] {local_task_job.py:159} INFO - Task exited with return code 0
[2022-12-31T16:47:11.160+0000] {taskinstance.py:2582} INFO - 1 downstream tasks scheduled from follow-on schedule check
