[2023-03-11T15:41:29.185+0000] {processor.py:153} INFO - Started process (PID=45) to work on /opt/airflow/dags/forex_data_pipeline.py
[2023-03-11T15:41:29.189+0000] {processor.py:743} INFO - Processing file /opt/airflow/dags/forex_data_pipeline.py for tasks to queue
[2023-03-11T15:41:29.190+0000] {logging_mixin.py:137} INFO - [2023-03-11T15:41:29.190+0000] {dagbag.py:538} INFO - Filling up the DagBag from /opt/airflow/dags/forex_data_pipeline.py
[2023-03-11T15:41:29.967+0000] {processor.py:753} INFO - DAG(s) dict_keys(['forex_data_pipeline']) retrieved from /opt/airflow/dags/forex_data_pipeline.py
[2023-03-11T15:41:30.006+0000] {logging_mixin.py:137} INFO - [2023-03-11T15:41:30.006+0000] {dag.py:2676} INFO - Sync 1 DAGs
[2023-03-11T15:41:30.036+0000] {logging_mixin.py:137} INFO - [2023-03-11T15:41:30.036+0000] {dag.py:3427} INFO - Setting next_dagrun for forex_data_pipeline to 2023-03-11T00:00:00+00:00, run_after=2023-03-12T00:00:00+00:00
[2023-03-11T15:41:30.070+0000] {processor.py:175} INFO - Processing /opt/airflow/dags/forex_data_pipeline.py took 0.889 seconds
[2023-03-11T15:42:00.631+0000] {processor.py:153} INFO - Started process (PID=112) to work on /opt/airflow/dags/forex_data_pipeline.py
[2023-03-11T15:42:00.633+0000] {processor.py:743} INFO - Processing file /opt/airflow/dags/forex_data_pipeline.py for tasks to queue
[2023-03-11T15:42:00.634+0000] {logging_mixin.py:137} INFO - [2023-03-11T15:42:00.634+0000] {dagbag.py:538} INFO - Filling up the DagBag from /opt/airflow/dags/forex_data_pipeline.py
[2023-03-11T15:42:00.890+0000] {processor.py:753} INFO - DAG(s) dict_keys(['forex_data_pipeline']) retrieved from /opt/airflow/dags/forex_data_pipeline.py
[2023-03-11T15:42:00.911+0000] {logging_mixin.py:137} INFO - [2023-03-11T15:42:00.911+0000] {dag.py:2676} INFO - Sync 1 DAGs
[2023-03-11T15:42:00.933+0000] {logging_mixin.py:137} INFO - [2023-03-11T15:42:00.933+0000] {dag.py:3427} INFO - Setting next_dagrun for forex_data_pipeline to 2023-03-11T00:00:00+00:00, run_after=2023-03-12T00:00:00+00:00
[2023-03-11T15:42:00.952+0000] {processor.py:175} INFO - Processing /opt/airflow/dags/forex_data_pipeline.py took 0.323 seconds
[2023-03-11T15:42:31.267+0000] {processor.py:153} INFO - Started process (PID=156) to work on /opt/airflow/dags/forex_data_pipeline.py
[2023-03-11T15:42:31.270+0000] {processor.py:743} INFO - Processing file /opt/airflow/dags/forex_data_pipeline.py for tasks to queue
[2023-03-11T15:42:31.273+0000] {logging_mixin.py:137} INFO - [2023-03-11T15:42:31.272+0000] {dagbag.py:538} INFO - Filling up the DagBag from /opt/airflow/dags/forex_data_pipeline.py
[2023-03-11T15:42:31.585+0000] {processor.py:753} INFO - DAG(s) dict_keys(['forex_data_pipeline']) retrieved from /opt/airflow/dags/forex_data_pipeline.py
[2023-03-11T15:42:31.607+0000] {logging_mixin.py:137} INFO - [2023-03-11T15:42:31.607+0000] {dag.py:2676} INFO - Sync 1 DAGs
[2023-03-11T15:42:31.638+0000] {logging_mixin.py:137} INFO - [2023-03-11T15:42:31.638+0000] {dag.py:3427} INFO - Setting next_dagrun for forex_data_pipeline to 2023-03-11T00:00:00+00:00, run_after=2023-03-12T00:00:00+00:00
[2023-03-11T15:42:31.668+0000] {processor.py:175} INFO - Processing /opt/airflow/dags/forex_data_pipeline.py took 0.407 seconds
[2023-03-11T15:43:02.366+0000] {processor.py:153} INFO - Started process (PID=221) to work on /opt/airflow/dags/forex_data_pipeline.py
[2023-03-11T15:43:02.372+0000] {processor.py:743} INFO - Processing file /opt/airflow/dags/forex_data_pipeline.py for tasks to queue
[2023-03-11T15:43:02.374+0000] {logging_mixin.py:137} INFO - [2023-03-11T15:43:02.374+0000] {dagbag.py:538} INFO - Filling up the DagBag from /opt/airflow/dags/forex_data_pipeline.py
[2023-03-11T15:43:02.789+0000] {processor.py:753} INFO - DAG(s) dict_keys(['forex_data_pipeline']) retrieved from /opt/airflow/dags/forex_data_pipeline.py
[2023-03-11T15:43:02.812+0000] {logging_mixin.py:137} INFO - [2023-03-11T15:43:02.812+0000] {dag.py:2676} INFO - Sync 1 DAGs
[2023-03-11T15:43:02.837+0000] {logging_mixin.py:137} INFO - [2023-03-11T15:43:02.837+0000] {dag.py:3427} INFO - Setting next_dagrun for forex_data_pipeline to 2023-03-11T00:00:00+00:00, run_after=2023-03-12T00:00:00+00:00
[2023-03-11T15:43:02.877+0000] {processor.py:175} INFO - Processing /opt/airflow/dags/forex_data_pipeline.py took 0.515 seconds
[2023-03-11T15:43:33.780+0000] {processor.py:153} INFO - Started process (PID=265) to work on /opt/airflow/dags/forex_data_pipeline.py
[2023-03-11T15:43:33.785+0000] {processor.py:743} INFO - Processing file /opt/airflow/dags/forex_data_pipeline.py for tasks to queue
[2023-03-11T15:43:33.786+0000] {logging_mixin.py:137} INFO - [2023-03-11T15:43:33.786+0000] {dagbag.py:538} INFO - Filling up the DagBag from /opt/airflow/dags/forex_data_pipeline.py
[2023-03-11T15:43:34.018+0000] {processor.py:753} INFO - DAG(s) dict_keys(['forex_data_pipeline']) retrieved from /opt/airflow/dags/forex_data_pipeline.py
[2023-03-11T15:43:34.039+0000] {logging_mixin.py:137} INFO - [2023-03-11T15:43:34.039+0000] {dag.py:2676} INFO - Sync 1 DAGs
[2023-03-11T15:43:34.059+0000] {logging_mixin.py:137} INFO - [2023-03-11T15:43:34.059+0000] {dag.py:3427} INFO - Setting next_dagrun for forex_data_pipeline to 2023-03-11T00:00:00+00:00, run_after=2023-03-12T00:00:00+00:00
[2023-03-11T15:43:34.077+0000] {processor.py:175} INFO - Processing /opt/airflow/dags/forex_data_pipeline.py took 0.300 seconds
[2023-03-11T15:44:04.566+0000] {processor.py:153} INFO - Started process (PID=329) to work on /opt/airflow/dags/forex_data_pipeline.py
[2023-03-11T15:44:04.569+0000] {processor.py:743} INFO - Processing file /opt/airflow/dags/forex_data_pipeline.py for tasks to queue
[2023-03-11T15:44:04.570+0000] {logging_mixin.py:137} INFO - [2023-03-11T15:44:04.570+0000] {dagbag.py:538} INFO - Filling up the DagBag from /opt/airflow/dags/forex_data_pipeline.py
[2023-03-11T15:44:04.859+0000] {processor.py:753} INFO - DAG(s) dict_keys(['forex_data_pipeline']) retrieved from /opt/airflow/dags/forex_data_pipeline.py
[2023-03-11T15:44:04.881+0000] {logging_mixin.py:137} INFO - [2023-03-11T15:44:04.880+0000] {dag.py:2676} INFO - Sync 1 DAGs
[2023-03-11T15:44:04.900+0000] {logging_mixin.py:137} INFO - [2023-03-11T15:44:04.900+0000] {dag.py:3427} INFO - Setting next_dagrun for forex_data_pipeline to 2023-03-11T00:00:00+00:00, run_after=2023-03-12T00:00:00+00:00
[2023-03-11T15:44:04.925+0000] {processor.py:175} INFO - Processing /opt/airflow/dags/forex_data_pipeline.py took 0.361 seconds
[2023-03-11T15:44:35.441+0000] {processor.py:153} INFO - Started process (PID=393) to work on /opt/airflow/dags/forex_data_pipeline.py
[2023-03-11T15:44:35.444+0000] {processor.py:743} INFO - Processing file /opt/airflow/dags/forex_data_pipeline.py for tasks to queue
[2023-03-11T15:44:35.445+0000] {logging_mixin.py:137} INFO - [2023-03-11T15:44:35.445+0000] {dagbag.py:538} INFO - Filling up the DagBag from /opt/airflow/dags/forex_data_pipeline.py
[2023-03-11T15:44:35.686+0000] {processor.py:753} INFO - DAG(s) dict_keys(['forex_data_pipeline']) retrieved from /opt/airflow/dags/forex_data_pipeline.py
[2023-03-11T15:44:35.712+0000] {logging_mixin.py:137} INFO - [2023-03-11T15:44:35.711+0000] {dag.py:2676} INFO - Sync 1 DAGs
[2023-03-11T15:44:35.745+0000] {logging_mixin.py:137} INFO - [2023-03-11T15:44:35.744+0000] {dag.py:3427} INFO - Setting next_dagrun for forex_data_pipeline to 2023-03-11T00:00:00+00:00, run_after=2023-03-12T00:00:00+00:00
[2023-03-11T15:44:35.786+0000] {processor.py:175} INFO - Processing /opt/airflow/dags/forex_data_pipeline.py took 0.348 seconds
[2023-03-11T15:45:06.550+0000] {processor.py:153} INFO - Started process (PID=438) to work on /opt/airflow/dags/forex_data_pipeline.py
[2023-03-11T15:45:06.554+0000] {processor.py:743} INFO - Processing file /opt/airflow/dags/forex_data_pipeline.py for tasks to queue
[2023-03-11T15:45:06.555+0000] {logging_mixin.py:137} INFO - [2023-03-11T15:45:06.555+0000] {dagbag.py:538} INFO - Filling up the DagBag from /opt/airflow/dags/forex_data_pipeline.py
[2023-03-11T15:45:06.817+0000] {processor.py:753} INFO - DAG(s) dict_keys(['forex_data_pipeline']) retrieved from /opt/airflow/dags/forex_data_pipeline.py
[2023-03-11T15:45:06.838+0000] {logging_mixin.py:137} INFO - [2023-03-11T15:45:06.837+0000] {dag.py:2676} INFO - Sync 1 DAGs
[2023-03-11T15:45:06.858+0000] {logging_mixin.py:137} INFO - [2023-03-11T15:45:06.858+0000] {dag.py:3427} INFO - Setting next_dagrun for forex_data_pipeline to 2023-03-11T00:00:00+00:00, run_after=2023-03-12T00:00:00+00:00
[2023-03-11T15:45:06.881+0000] {processor.py:175} INFO - Processing /opt/airflow/dags/forex_data_pipeline.py took 0.333 seconds
[2023-03-11T15:45:36.962+0000] {processor.py:153} INFO - Started process (PID=502) to work on /opt/airflow/dags/forex_data_pipeline.py
[2023-03-11T15:45:36.964+0000] {processor.py:743} INFO - Processing file /opt/airflow/dags/forex_data_pipeline.py for tasks to queue
[2023-03-11T15:45:36.965+0000] {logging_mixin.py:137} INFO - [2023-03-11T15:45:36.965+0000] {dagbag.py:538} INFO - Filling up the DagBag from /opt/airflow/dags/forex_data_pipeline.py
[2023-03-11T15:45:37.234+0000] {processor.py:753} INFO - DAG(s) dict_keys(['forex_data_pipeline']) retrieved from /opt/airflow/dags/forex_data_pipeline.py
[2023-03-11T15:45:37.255+0000] {logging_mixin.py:137} INFO - [2023-03-11T15:45:37.255+0000] {dag.py:2676} INFO - Sync 1 DAGs
[2023-03-11T15:45:37.276+0000] {logging_mixin.py:137} INFO - [2023-03-11T15:45:37.275+0000] {dag.py:3427} INFO - Setting next_dagrun for forex_data_pipeline to 2023-03-11T00:00:00+00:00, run_after=2023-03-12T00:00:00+00:00
[2023-03-11T15:45:37.297+0000] {processor.py:175} INFO - Processing /opt/airflow/dags/forex_data_pipeline.py took 0.337 seconds
[2023-03-11T15:46:08.145+0000] {processor.py:153} INFO - Started process (PID=546) to work on /opt/airflow/dags/forex_data_pipeline.py
[2023-03-11T15:46:08.148+0000] {processor.py:743} INFO - Processing file /opt/airflow/dags/forex_data_pipeline.py for tasks to queue
[2023-03-11T15:46:08.149+0000] {logging_mixin.py:137} INFO - [2023-03-11T15:46:08.149+0000] {dagbag.py:538} INFO - Filling up the DagBag from /opt/airflow/dags/forex_data_pipeline.py
[2023-03-11T15:46:08.402+0000] {processor.py:753} INFO - DAG(s) dict_keys(['forex_data_pipeline']) retrieved from /opt/airflow/dags/forex_data_pipeline.py
[2023-03-11T15:46:08.423+0000] {logging_mixin.py:137} INFO - [2023-03-11T15:46:08.423+0000] {dag.py:2676} INFO - Sync 1 DAGs
[2023-03-11T15:46:08.443+0000] {logging_mixin.py:137} INFO - [2023-03-11T15:46:08.443+0000] {dag.py:3427} INFO - Setting next_dagrun for forex_data_pipeline to 2023-03-11T00:00:00+00:00, run_after=2023-03-12T00:00:00+00:00
[2023-03-11T15:46:08.461+0000] {processor.py:175} INFO - Processing /opt/airflow/dags/forex_data_pipeline.py took 0.319 seconds
[2023-03-11T15:46:38.571+0000] {processor.py:153} INFO - Started process (PID=610) to work on /opt/airflow/dags/forex_data_pipeline.py
[2023-03-11T15:46:38.574+0000] {processor.py:743} INFO - Processing file /opt/airflow/dags/forex_data_pipeline.py for tasks to queue
[2023-03-11T15:46:38.575+0000] {logging_mixin.py:137} INFO - [2023-03-11T15:46:38.575+0000] {dagbag.py:538} INFO - Filling up the DagBag from /opt/airflow/dags/forex_data_pipeline.py
[2023-03-11T15:46:38.846+0000] {processor.py:753} INFO - DAG(s) dict_keys(['forex_data_pipeline']) retrieved from /opt/airflow/dags/forex_data_pipeline.py
[2023-03-11T15:46:38.866+0000] {logging_mixin.py:137} INFO - [2023-03-11T15:46:38.865+0000] {dag.py:2676} INFO - Sync 1 DAGs
[2023-03-11T15:46:38.887+0000] {logging_mixin.py:137} INFO - [2023-03-11T15:46:38.886+0000] {dag.py:3427} INFO - Setting next_dagrun for forex_data_pipeline to 2023-03-11T00:00:00+00:00, run_after=2023-03-12T00:00:00+00:00
[2023-03-11T15:46:38.907+0000] {processor.py:175} INFO - Processing /opt/airflow/dags/forex_data_pipeline.py took 0.339 seconds
[2023-03-11T15:51:22.714+0000] {processor.py:153} INFO - Started process (PID=612) to work on /opt/airflow/dags/forex_data_pipeline.py
[2023-03-11T15:51:22.718+0000] {processor.py:743} INFO - Processing file /opt/airflow/dags/forex_data_pipeline.py for tasks to queue
[2023-03-11T15:51:22.720+0000] {logging_mixin.py:137} INFO - [2023-03-11T15:51:22.720+0000] {dagbag.py:538} INFO - Filling up the DagBag from /opt/airflow/dags/forex_data_pipeline.py
[2023-03-11T15:51:23.158+0000] {processor.py:753} INFO - DAG(s) dict_keys(['forex_data_pipeline']) retrieved from /opt/airflow/dags/forex_data_pipeline.py
[2023-03-11T15:51:23.191+0000] {logging_mixin.py:137} INFO - [2023-03-11T15:51:23.190+0000] {dag.py:2676} INFO - Sync 1 DAGs
[2023-03-11T15:51:23.231+0000] {logging_mixin.py:137} INFO - [2023-03-11T15:51:23.231+0000] {dag.py:3427} INFO - Setting next_dagrun for forex_data_pipeline to 2023-03-11T00:00:00+00:00, run_after=2023-03-12T00:00:00+00:00
[2023-03-11T15:51:23.263+0000] {processor.py:175} INFO - Processing /opt/airflow/dags/forex_data_pipeline.py took 0.554 seconds
[2023-03-11T15:51:53.620+0000] {processor.py:153} INFO - Started process (PID=676) to work on /opt/airflow/dags/forex_data_pipeline.py
[2023-03-11T15:51:53.624+0000] {processor.py:743} INFO - Processing file /opt/airflow/dags/forex_data_pipeline.py for tasks to queue
[2023-03-11T15:51:53.626+0000] {logging_mixin.py:137} INFO - [2023-03-11T15:51:53.625+0000] {dagbag.py:538} INFO - Filling up the DagBag from /opt/airflow/dags/forex_data_pipeline.py
[2023-03-11T15:51:53.895+0000] {processor.py:753} INFO - DAG(s) dict_keys(['forex_data_pipeline']) retrieved from /opt/airflow/dags/forex_data_pipeline.py
[2023-03-11T15:51:53.919+0000] {logging_mixin.py:137} INFO - [2023-03-11T15:51:53.919+0000] {dag.py:2676} INFO - Sync 1 DAGs
[2023-03-11T15:51:53.941+0000] {logging_mixin.py:137} INFO - [2023-03-11T15:51:53.941+0000] {dag.py:3427} INFO - Setting next_dagrun for forex_data_pipeline to 2023-03-11T00:00:00+00:00, run_after=2023-03-12T00:00:00+00:00
[2023-03-11T15:51:53.965+0000] {processor.py:175} INFO - Processing /opt/airflow/dags/forex_data_pipeline.py took 0.347 seconds
[2023-03-11T15:52:24.116+0000] {processor.py:153} INFO - Started process (PID=721) to work on /opt/airflow/dags/forex_data_pipeline.py
[2023-03-11T15:52:24.121+0000] {processor.py:743} INFO - Processing file /opt/airflow/dags/forex_data_pipeline.py for tasks to queue
[2023-03-11T15:52:24.126+0000] {logging_mixin.py:137} INFO - [2023-03-11T15:52:24.125+0000] {dagbag.py:538} INFO - Filling up the DagBag from /opt/airflow/dags/forex_data_pipeline.py
[2023-03-11T15:52:24.447+0000] {processor.py:753} INFO - DAG(s) dict_keys(['forex_data_pipeline']) retrieved from /opt/airflow/dags/forex_data_pipeline.py
[2023-03-11T15:52:24.467+0000] {logging_mixin.py:137} INFO - [2023-03-11T15:52:24.467+0000] {dag.py:2676} INFO - Sync 1 DAGs
[2023-03-11T15:52:24.488+0000] {logging_mixin.py:137} INFO - [2023-03-11T15:52:24.488+0000] {dag.py:3427} INFO - Setting next_dagrun for forex_data_pipeline to 2023-03-11T00:00:00+00:00, run_after=2023-03-12T00:00:00+00:00
[2023-03-11T15:52:24.511+0000] {processor.py:175} INFO - Processing /opt/airflow/dags/forex_data_pipeline.py took 0.398 seconds
[2023-03-11T15:52:54.675+0000] {processor.py:153} INFO - Started process (PID=786) to work on /opt/airflow/dags/forex_data_pipeline.py
[2023-03-11T15:52:54.678+0000] {processor.py:743} INFO - Processing file /opt/airflow/dags/forex_data_pipeline.py for tasks to queue
[2023-03-11T15:52:54.680+0000] {logging_mixin.py:137} INFO - [2023-03-11T15:52:54.679+0000] {dagbag.py:538} INFO - Filling up the DagBag from /opt/airflow/dags/forex_data_pipeline.py
[2023-03-11T15:52:54.931+0000] {processor.py:753} INFO - DAG(s) dict_keys(['forex_data_pipeline']) retrieved from /opt/airflow/dags/forex_data_pipeline.py
[2023-03-11T15:52:54.955+0000] {logging_mixin.py:137} INFO - [2023-03-11T15:52:54.955+0000] {dag.py:2676} INFO - Sync 1 DAGs
[2023-03-11T15:52:54.979+0000] {logging_mixin.py:137} INFO - [2023-03-11T15:52:54.979+0000] {dag.py:3427} INFO - Setting next_dagrun for forex_data_pipeline to 2023-03-11T00:00:00+00:00, run_after=2023-03-12T00:00:00+00:00
[2023-03-11T15:52:55.004+0000] {processor.py:175} INFO - Processing /opt/airflow/dags/forex_data_pipeline.py took 0.332 seconds
[2023-03-11T15:53:25.718+0000] {processor.py:153} INFO - Started process (PID=830) to work on /opt/airflow/dags/forex_data_pipeline.py
[2023-03-11T15:53:25.722+0000] {processor.py:743} INFO - Processing file /opt/airflow/dags/forex_data_pipeline.py for tasks to queue
[2023-03-11T15:53:25.724+0000] {logging_mixin.py:137} INFO - [2023-03-11T15:53:25.723+0000] {dagbag.py:538} INFO - Filling up the DagBag from /opt/airflow/dags/forex_data_pipeline.py
[2023-03-11T15:53:26.000+0000] {processor.py:753} INFO - DAG(s) dict_keys(['forex_data_pipeline']) retrieved from /opt/airflow/dags/forex_data_pipeline.py
[2023-03-11T15:53:26.024+0000] {logging_mixin.py:137} INFO - [2023-03-11T15:53:26.023+0000] {dag.py:2676} INFO - Sync 1 DAGs
[2023-03-11T15:53:26.045+0000] {logging_mixin.py:137} INFO - [2023-03-11T15:53:26.045+0000] {dag.py:3427} INFO - Setting next_dagrun for forex_data_pipeline to 2023-03-11T00:00:00+00:00, run_after=2023-03-12T00:00:00+00:00
[2023-03-11T15:53:26.068+0000] {processor.py:175} INFO - Processing /opt/airflow/dags/forex_data_pipeline.py took 0.354 seconds
[2023-03-11T15:53:56.261+0000] {processor.py:153} INFO - Started process (PID=894) to work on /opt/airflow/dags/forex_data_pipeline.py
[2023-03-11T15:53:56.265+0000] {processor.py:743} INFO - Processing file /opt/airflow/dags/forex_data_pipeline.py for tasks to queue
[2023-03-11T15:53:56.267+0000] {logging_mixin.py:137} INFO - [2023-03-11T15:53:56.266+0000] {dagbag.py:538} INFO - Filling up the DagBag from /opt/airflow/dags/forex_data_pipeline.py
[2023-03-11T15:53:56.565+0000] {processor.py:753} INFO - DAG(s) dict_keys(['forex_data_pipeline']) retrieved from /opt/airflow/dags/forex_data_pipeline.py
[2023-03-11T15:53:56.591+0000] {logging_mixin.py:137} INFO - [2023-03-11T15:53:56.590+0000] {dag.py:2676} INFO - Sync 1 DAGs
[2023-03-11T15:53:56.614+0000] {logging_mixin.py:137} INFO - [2023-03-11T15:53:56.614+0000] {dag.py:3427} INFO - Setting next_dagrun for forex_data_pipeline to 2023-03-11T00:00:00+00:00, run_after=2023-03-12T00:00:00+00:00
[2023-03-11T15:53:56.638+0000] {processor.py:175} INFO - Processing /opt/airflow/dags/forex_data_pipeline.py took 0.381 seconds
[2023-03-11T15:54:27.311+0000] {processor.py:153} INFO - Started process (PID=948) to work on /opt/airflow/dags/forex_data_pipeline.py
[2023-03-11T15:54:27.314+0000] {processor.py:743} INFO - Processing file /opt/airflow/dags/forex_data_pipeline.py for tasks to queue
[2023-03-11T15:54:27.315+0000] {logging_mixin.py:137} INFO - [2023-03-11T15:54:27.315+0000] {dagbag.py:538} INFO - Filling up the DagBag from /opt/airflow/dags/forex_data_pipeline.py
[2023-03-11T15:54:27.606+0000] {processor.py:753} INFO - DAG(s) dict_keys(['forex_data_pipeline']) retrieved from /opt/airflow/dags/forex_data_pipeline.py
[2023-03-11T15:54:27.641+0000] {logging_mixin.py:137} INFO - [2023-03-11T15:54:27.641+0000] {dag.py:2676} INFO - Sync 1 DAGs
[2023-03-11T15:54:27.669+0000] {logging_mixin.py:137} INFO - [2023-03-11T15:54:27.669+0000] {dag.py:3427} INFO - Setting next_dagrun for forex_data_pipeline to 2023-03-11T00:00:00+00:00, run_after=2023-03-12T00:00:00+00:00
[2023-03-11T15:54:27.692+0000] {processor.py:175} INFO - Processing /opt/airflow/dags/forex_data_pipeline.py took 0.384 seconds
