[2023-04-07T16:41:23.696+0000] {processor.py:153} INFO - Started process (PID=66) to work on /opt/airflow/dags/forex_data_pipeline.py
[2023-04-07T16:41:23.699+0000] {processor.py:743} INFO - Processing file /opt/airflow/dags/forex_data_pipeline.py for tasks to queue
[2023-04-07T16:41:23.701+0000] {logging_mixin.py:137} INFO - [2023-04-07T16:41:23.700+0000] {dagbag.py:538} INFO - Filling up the DagBag from /opt/airflow/dags/forex_data_pipeline.py
[2023-04-07T16:41:25.195+0000] {processor.py:753} INFO - DAG(s) dict_keys(['forex_data_pipeline']) retrieved from /opt/airflow/dags/forex_data_pipeline.py
[2023-04-07T16:41:25.251+0000] {logging_mixin.py:137} INFO - [2023-04-07T16:41:25.251+0000] {dag.py:2676} INFO - Sync 1 DAGs
[2023-04-07T16:41:25.289+0000] {logging_mixin.py:137} INFO - [2023-04-07T16:41:25.288+0000] {dag.py:3427} INFO - Setting next_dagrun for forex_data_pipeline to 2023-04-07T00:00:00+00:00, run_after=2023-04-08T00:00:00+00:00
[2023-04-07T16:41:25.385+0000] {processor.py:175} INFO - Processing /opt/airflow/dags/forex_data_pipeline.py took 1.686 seconds
[2023-04-07T16:41:55.723+0000] {processor.py:153} INFO - Started process (PID=132) to work on /opt/airflow/dags/forex_data_pipeline.py
[2023-04-07T16:41:55.726+0000] {processor.py:743} INFO - Processing file /opt/airflow/dags/forex_data_pipeline.py for tasks to queue
[2023-04-07T16:41:55.727+0000] {logging_mixin.py:137} INFO - [2023-04-07T16:41:55.727+0000] {dagbag.py:538} INFO - Filling up the DagBag from /opt/airflow/dags/forex_data_pipeline.py
[2023-04-07T16:41:56.138+0000] {processor.py:753} INFO - DAG(s) dict_keys(['forex_data_pipeline']) retrieved from /opt/airflow/dags/forex_data_pipeline.py
[2023-04-07T16:41:56.178+0000] {logging_mixin.py:137} INFO - [2023-04-07T16:41:56.177+0000] {dag.py:2676} INFO - Sync 1 DAGs
[2023-04-07T16:41:56.218+0000] {logging_mixin.py:137} INFO - [2023-04-07T16:41:56.218+0000] {dag.py:3427} INFO - Setting next_dagrun for forex_data_pipeline to 2023-04-07T00:00:00+00:00, run_after=2023-04-08T00:00:00+00:00
[2023-04-07T16:41:56.244+0000] {processor.py:175} INFO - Processing /opt/airflow/dags/forex_data_pipeline.py took 0.524 seconds
[2023-04-07T16:42:27.054+0000] {processor.py:153} INFO - Started process (PID=176) to work on /opt/airflow/dags/forex_data_pipeline.py
[2023-04-07T16:42:27.057+0000] {processor.py:743} INFO - Processing file /opt/airflow/dags/forex_data_pipeline.py for tasks to queue
[2023-04-07T16:42:27.058+0000] {logging_mixin.py:137} INFO - [2023-04-07T16:42:27.058+0000] {dagbag.py:538} INFO - Filling up the DagBag from /opt/airflow/dags/forex_data_pipeline.py
[2023-04-07T16:42:27.460+0000] {processor.py:753} INFO - DAG(s) dict_keys(['forex_data_pipeline']) retrieved from /opt/airflow/dags/forex_data_pipeline.py
[2023-04-07T16:42:27.488+0000] {logging_mixin.py:137} INFO - [2023-04-07T16:42:27.487+0000] {dag.py:2676} INFO - Sync 1 DAGs
[2023-04-07T16:42:27.529+0000] {logging_mixin.py:137} INFO - [2023-04-07T16:42:27.529+0000] {dag.py:3427} INFO - Setting next_dagrun for forex_data_pipeline to 2023-04-07T00:00:00+00:00, run_after=2023-04-08T00:00:00+00:00
[2023-04-07T16:42:27.563+0000] {processor.py:175} INFO - Processing /opt/airflow/dags/forex_data_pipeline.py took 0.512 seconds
[2023-04-07T16:42:58.240+0000] {processor.py:153} INFO - Started process (PID=240) to work on /opt/airflow/dags/forex_data_pipeline.py
[2023-04-07T16:42:58.243+0000] {processor.py:743} INFO - Processing file /opt/airflow/dags/forex_data_pipeline.py for tasks to queue
[2023-04-07T16:42:58.244+0000] {logging_mixin.py:137} INFO - [2023-04-07T16:42:58.244+0000] {dagbag.py:538} INFO - Filling up the DagBag from /opt/airflow/dags/forex_data_pipeline.py
[2023-04-07T16:42:58.499+0000] {processor.py:753} INFO - DAG(s) dict_keys(['forex_data_pipeline']) retrieved from /opt/airflow/dags/forex_data_pipeline.py
[2023-04-07T16:42:58.521+0000] {logging_mixin.py:137} INFO - [2023-04-07T16:42:58.520+0000] {dag.py:2676} INFO - Sync 1 DAGs
[2023-04-07T16:42:58.541+0000] {logging_mixin.py:137} INFO - [2023-04-07T16:42:58.541+0000] {dag.py:3427} INFO - Setting next_dagrun for forex_data_pipeline to 2023-04-07T00:00:00+00:00, run_after=2023-04-08T00:00:00+00:00
[2023-04-07T16:42:58.563+0000] {processor.py:175} INFO - Processing /opt/airflow/dags/forex_data_pipeline.py took 0.324 seconds
[2023-04-07T16:43:28.652+0000] {processor.py:153} INFO - Started process (PID=284) to work on /opt/airflow/dags/forex_data_pipeline.py
[2023-04-07T16:43:28.655+0000] {processor.py:743} INFO - Processing file /opt/airflow/dags/forex_data_pipeline.py for tasks to queue
[2023-04-07T16:43:28.656+0000] {logging_mixin.py:137} INFO - [2023-04-07T16:43:28.656+0000] {dagbag.py:538} INFO - Filling up the DagBag from /opt/airflow/dags/forex_data_pipeline.py
[2023-04-07T16:43:29.015+0000] {processor.py:753} INFO - DAG(s) dict_keys(['forex_data_pipeline']) retrieved from /opt/airflow/dags/forex_data_pipeline.py
[2023-04-07T16:43:29.043+0000] {logging_mixin.py:137} INFO - [2023-04-07T16:43:29.042+0000] {dag.py:2676} INFO - Sync 1 DAGs
[2023-04-07T16:43:29.064+0000] {logging_mixin.py:137} INFO - [2023-04-07T16:43:29.064+0000] {dag.py:3427} INFO - Setting next_dagrun for forex_data_pipeline to 2023-04-07T00:00:00+00:00, run_after=2023-04-08T00:00:00+00:00
[2023-04-07T16:43:29.087+0000] {processor.py:175} INFO - Processing /opt/airflow/dags/forex_data_pipeline.py took 0.438 seconds
[2023-04-07T16:43:59.252+0000] {processor.py:153} INFO - Started process (PID=349) to work on /opt/airflow/dags/forex_data_pipeline.py
[2023-04-07T16:43:59.265+0000] {processor.py:743} INFO - Processing file /opt/airflow/dags/forex_data_pipeline.py for tasks to queue
[2023-04-07T16:43:59.267+0000] {logging_mixin.py:137} INFO - [2023-04-07T16:43:59.267+0000] {dagbag.py:538} INFO - Filling up the DagBag from /opt/airflow/dags/forex_data_pipeline.py
[2023-04-07T16:43:59.544+0000] {processor.py:753} INFO - DAG(s) dict_keys(['forex_data_pipeline']) retrieved from /opt/airflow/dags/forex_data_pipeline.py
[2023-04-07T16:43:59.573+0000] {logging_mixin.py:137} INFO - [2023-04-07T16:43:59.572+0000] {dag.py:2676} INFO - Sync 1 DAGs
[2023-04-07T16:43:59.597+0000] {logging_mixin.py:137} INFO - [2023-04-07T16:43:59.597+0000] {dag.py:3427} INFO - Setting next_dagrun for forex_data_pipeline to 2023-04-07T00:00:00+00:00, run_after=2023-04-08T00:00:00+00:00
[2023-04-07T16:43:59.623+0000] {processor.py:175} INFO - Processing /opt/airflow/dags/forex_data_pipeline.py took 0.374 seconds
[2023-04-07T16:44:29.771+0000] {processor.py:153} INFO - Started process (PID=393) to work on /opt/airflow/dags/forex_data_pipeline.py
[2023-04-07T16:44:29.774+0000] {processor.py:743} INFO - Processing file /opt/airflow/dags/forex_data_pipeline.py for tasks to queue
[2023-04-07T16:44:29.775+0000] {logging_mixin.py:137} INFO - [2023-04-07T16:44:29.774+0000] {dagbag.py:538} INFO - Filling up the DagBag from /opt/airflow/dags/forex_data_pipeline.py
[2023-04-07T16:44:30.077+0000] {processor.py:753} INFO - DAG(s) dict_keys(['forex_data_pipeline']) retrieved from /opt/airflow/dags/forex_data_pipeline.py
[2023-04-07T16:44:30.101+0000] {logging_mixin.py:137} INFO - [2023-04-07T16:44:30.100+0000] {dag.py:2676} INFO - Sync 1 DAGs
[2023-04-07T16:44:30.130+0000] {logging_mixin.py:137} INFO - [2023-04-07T16:44:30.130+0000] {dag.py:3427} INFO - Setting next_dagrun for forex_data_pipeline to 2023-04-07T00:00:00+00:00, run_after=2023-04-08T00:00:00+00:00
[2023-04-07T16:44:30.155+0000] {processor.py:175} INFO - Processing /opt/airflow/dags/forex_data_pipeline.py took 0.386 seconds
[2023-04-07T16:45:00.936+0000] {processor.py:153} INFO - Started process (PID=457) to work on /opt/airflow/dags/forex_data_pipeline.py
[2023-04-07T16:45:00.938+0000] {processor.py:743} INFO - Processing file /opt/airflow/dags/forex_data_pipeline.py for tasks to queue
[2023-04-07T16:45:00.940+0000] {logging_mixin.py:137} INFO - [2023-04-07T16:45:00.939+0000] {dagbag.py:538} INFO - Filling up the DagBag from /opt/airflow/dags/forex_data_pipeline.py
[2023-04-07T16:45:01.213+0000] {processor.py:753} INFO - DAG(s) dict_keys(['forex_data_pipeline']) retrieved from /opt/airflow/dags/forex_data_pipeline.py
[2023-04-07T16:45:01.234+0000] {logging_mixin.py:137} INFO - [2023-04-07T16:45:01.234+0000] {dag.py:2676} INFO - Sync 1 DAGs
[2023-04-07T16:45:01.255+0000] {logging_mixin.py:137} INFO - [2023-04-07T16:45:01.255+0000] {dag.py:3427} INFO - Setting next_dagrun for forex_data_pipeline to 2023-04-07T00:00:00+00:00, run_after=2023-04-08T00:00:00+00:00
[2023-04-07T16:45:01.291+0000] {processor.py:175} INFO - Processing /opt/airflow/dags/forex_data_pipeline.py took 0.359 seconds
[2023-04-07T16:45:32.137+0000] {processor.py:153} INFO - Started process (PID=510) to work on /opt/airflow/dags/forex_data_pipeline.py
[2023-04-07T16:45:32.140+0000] {processor.py:743} INFO - Processing file /opt/airflow/dags/forex_data_pipeline.py for tasks to queue
[2023-04-07T16:45:32.142+0000] {logging_mixin.py:137} INFO - [2023-04-07T16:45:32.141+0000] {dagbag.py:538} INFO - Filling up the DagBag from /opt/airflow/dags/forex_data_pipeline.py
[2023-04-07T16:45:32.478+0000] {processor.py:753} INFO - DAG(s) dict_keys(['forex_data_pipeline']) retrieved from /opt/airflow/dags/forex_data_pipeline.py
[2023-04-07T16:45:32.504+0000] {logging_mixin.py:137} INFO - [2023-04-07T16:45:32.504+0000] {dag.py:2676} INFO - Sync 1 DAGs
[2023-04-07T16:45:32.533+0000] {logging_mixin.py:137} INFO - [2023-04-07T16:45:32.533+0000] {dag.py:3427} INFO - Setting next_dagrun for forex_data_pipeline to 2023-04-07T00:00:00+00:00, run_after=2023-04-08T00:00:00+00:00
[2023-04-07T16:45:32.557+0000] {processor.py:175} INFO - Processing /opt/airflow/dags/forex_data_pipeline.py took 0.423 seconds
[2023-04-07T16:46:03.489+0000] {processor.py:153} INFO - Started process (PID=565) to work on /opt/airflow/dags/forex_data_pipeline.py
[2023-04-07T16:46:03.493+0000] {processor.py:743} INFO - Processing file /opt/airflow/dags/forex_data_pipeline.py for tasks to queue
[2023-04-07T16:46:03.494+0000] {logging_mixin.py:137} INFO - [2023-04-07T16:46:03.494+0000] {dagbag.py:538} INFO - Filling up the DagBag from /opt/airflow/dags/forex_data_pipeline.py
[2023-04-07T16:46:03.842+0000] {processor.py:753} INFO - DAG(s) dict_keys(['forex_data_pipeline']) retrieved from /opt/airflow/dags/forex_data_pipeline.py
[2023-04-07T16:46:03.872+0000] {logging_mixin.py:137} INFO - [2023-04-07T16:46:03.872+0000] {dag.py:2676} INFO - Sync 1 DAGs
[2023-04-07T16:46:03.900+0000] {logging_mixin.py:137} INFO - [2023-04-07T16:46:03.900+0000] {dag.py:3427} INFO - Setting next_dagrun for forex_data_pipeline to 2023-04-07T00:00:00+00:00, run_after=2023-04-08T00:00:00+00:00
[2023-04-07T16:46:03.931+0000] {processor.py:175} INFO - Processing /opt/airflow/dags/forex_data_pipeline.py took 0.446 seconds
[2023-04-07T16:46:34.017+0000] {processor.py:153} INFO - Started process (PID=616) to work on /opt/airflow/dags/forex_data_pipeline.py
[2023-04-07T16:46:34.020+0000] {processor.py:743} INFO - Processing file /opt/airflow/dags/forex_data_pipeline.py for tasks to queue
[2023-04-07T16:46:34.022+0000] {logging_mixin.py:137} INFO - [2023-04-07T16:46:34.022+0000] {dagbag.py:538} INFO - Filling up the DagBag from /opt/airflow/dags/forex_data_pipeline.py
[2023-04-07T16:46:34.338+0000] {processor.py:753} INFO - DAG(s) dict_keys(['forex_data_pipeline']) retrieved from /opt/airflow/dags/forex_data_pipeline.py
[2023-04-07T16:46:34.366+0000] {logging_mixin.py:137} INFO - [2023-04-07T16:46:34.366+0000] {dag.py:2676} INFO - Sync 1 DAGs
[2023-04-07T16:46:34.399+0000] {logging_mixin.py:137} INFO - [2023-04-07T16:46:34.398+0000] {dag.py:3427} INFO - Setting next_dagrun for forex_data_pipeline to 2023-04-07T00:00:00+00:00, run_after=2023-04-08T00:00:00+00:00
[2023-04-07T16:46:34.431+0000] {processor.py:175} INFO - Processing /opt/airflow/dags/forex_data_pipeline.py took 0.417 seconds
[2023-04-07T16:47:05.246+0000] {processor.py:153} INFO - Started process (PID=674) to work on /opt/airflow/dags/forex_data_pipeline.py
[2023-04-07T16:47:05.249+0000] {processor.py:743} INFO - Processing file /opt/airflow/dags/forex_data_pipeline.py for tasks to queue
[2023-04-07T16:47:05.250+0000] {logging_mixin.py:137} INFO - [2023-04-07T16:47:05.250+0000] {dagbag.py:538} INFO - Filling up the DagBag from /opt/airflow/dags/forex_data_pipeline.py
[2023-04-07T16:47:05.545+0000] {processor.py:753} INFO - DAG(s) dict_keys(['forex_data_pipeline']) retrieved from /opt/airflow/dags/forex_data_pipeline.py
[2023-04-07T16:47:05.568+0000] {logging_mixin.py:137} INFO - [2023-04-07T16:47:05.567+0000] {dag.py:2676} INFO - Sync 1 DAGs
[2023-04-07T16:47:05.591+0000] {logging_mixin.py:137} INFO - [2023-04-07T16:47:05.591+0000] {dag.py:3427} INFO - Setting next_dagrun for forex_data_pipeline to 2023-04-07T00:00:00+00:00, run_after=2023-04-08T00:00:00+00:00
[2023-04-07T16:47:05.616+0000] {processor.py:175} INFO - Processing /opt/airflow/dags/forex_data_pipeline.py took 0.373 seconds
[2023-04-07T16:47:36.287+0000] {processor.py:153} INFO - Started process (PID=738) to work on /opt/airflow/dags/forex_data_pipeline.py
[2023-04-07T16:47:36.290+0000] {processor.py:743} INFO - Processing file /opt/airflow/dags/forex_data_pipeline.py for tasks to queue
[2023-04-07T16:47:36.292+0000] {logging_mixin.py:137} INFO - [2023-04-07T16:47:36.292+0000] {dagbag.py:538} INFO - Filling up the DagBag from /opt/airflow/dags/forex_data_pipeline.py
[2023-04-07T16:47:36.612+0000] {processor.py:753} INFO - DAG(s) dict_keys(['forex_data_pipeline']) retrieved from /opt/airflow/dags/forex_data_pipeline.py
[2023-04-07T16:47:36.639+0000] {logging_mixin.py:137} INFO - [2023-04-07T16:47:36.639+0000] {dag.py:2676} INFO - Sync 1 DAGs
[2023-04-07T16:47:36.665+0000] {logging_mixin.py:137} INFO - [2023-04-07T16:47:36.665+0000] {dag.py:3427} INFO - Setting next_dagrun for forex_data_pipeline to 2023-04-07T00:00:00+00:00, run_after=2023-04-08T00:00:00+00:00
[2023-04-07T16:47:36.699+0000] {processor.py:175} INFO - Processing /opt/airflow/dags/forex_data_pipeline.py took 0.417 seconds
[2023-04-07T16:48:06.943+0000] {processor.py:153} INFO - Started process (PID=782) to work on /opt/airflow/dags/forex_data_pipeline.py
[2023-04-07T16:48:06.945+0000] {processor.py:743} INFO - Processing file /opt/airflow/dags/forex_data_pipeline.py for tasks to queue
[2023-04-07T16:48:06.946+0000] {logging_mixin.py:137} INFO - [2023-04-07T16:48:06.946+0000] {dagbag.py:538} INFO - Filling up the DagBag from /opt/airflow/dags/forex_data_pipeline.py
[2023-04-07T16:48:07.199+0000] {processor.py:753} INFO - DAG(s) dict_keys(['forex_data_pipeline']) retrieved from /opt/airflow/dags/forex_data_pipeline.py
[2023-04-07T16:48:07.222+0000] {logging_mixin.py:137} INFO - [2023-04-07T16:48:07.222+0000] {dag.py:2676} INFO - Sync 1 DAGs
[2023-04-07T16:48:07.245+0000] {logging_mixin.py:137} INFO - [2023-04-07T16:48:07.245+0000] {dag.py:3427} INFO - Setting next_dagrun for forex_data_pipeline to 2023-04-07T00:00:00+00:00, run_after=2023-04-08T00:00:00+00:00
[2023-04-07T16:48:07.271+0000] {processor.py:175} INFO - Processing /opt/airflow/dags/forex_data_pipeline.py took 0.331 seconds
[2023-04-07T16:48:37.516+0000] {processor.py:153} INFO - Started process (PID=846) to work on /opt/airflow/dags/forex_data_pipeline.py
[2023-04-07T16:48:37.520+0000] {processor.py:743} INFO - Processing file /opt/airflow/dags/forex_data_pipeline.py for tasks to queue
[2023-04-07T16:48:37.522+0000] {logging_mixin.py:137} INFO - [2023-04-07T16:48:37.521+0000] {dagbag.py:538} INFO - Filling up the DagBag from /opt/airflow/dags/forex_data_pipeline.py
[2023-04-07T16:48:37.922+0000] {processor.py:753} INFO - DAG(s) dict_keys(['forex_data_pipeline']) retrieved from /opt/airflow/dags/forex_data_pipeline.py
[2023-04-07T16:48:37.952+0000] {logging_mixin.py:137} INFO - [2023-04-07T16:48:37.951+0000] {dag.py:2676} INFO - Sync 1 DAGs
[2023-04-07T16:48:37.986+0000] {logging_mixin.py:137} INFO - [2023-04-07T16:48:37.985+0000] {dag.py:3427} INFO - Setting next_dagrun for forex_data_pipeline to 2023-04-07T00:00:00+00:00, run_after=2023-04-08T00:00:00+00:00
[2023-04-07T16:48:38.018+0000] {processor.py:175} INFO - Processing /opt/airflow/dags/forex_data_pipeline.py took 0.505 seconds
[2023-04-07T16:49:08.443+0000] {processor.py:153} INFO - Started process (PID=890) to work on /opt/airflow/dags/forex_data_pipeline.py
[2023-04-07T16:49:08.447+0000] {processor.py:743} INFO - Processing file /opt/airflow/dags/forex_data_pipeline.py for tasks to queue
[2023-04-07T16:49:08.448+0000] {logging_mixin.py:137} INFO - [2023-04-07T16:49:08.448+0000] {dagbag.py:538} INFO - Filling up the DagBag from /opt/airflow/dags/forex_data_pipeline.py
[2023-04-07T16:49:08.767+0000] {processor.py:753} INFO - DAG(s) dict_keys(['forex_data_pipeline']) retrieved from /opt/airflow/dags/forex_data_pipeline.py
[2023-04-07T16:49:08.794+0000] {logging_mixin.py:137} INFO - [2023-04-07T16:49:08.794+0000] {dag.py:2676} INFO - Sync 1 DAGs
[2023-04-07T16:49:08.818+0000] {logging_mixin.py:137} INFO - [2023-04-07T16:49:08.818+0000] {dag.py:3427} INFO - Setting next_dagrun for forex_data_pipeline to 2023-04-07T00:00:00+00:00, run_after=2023-04-08T00:00:00+00:00
[2023-04-07T16:49:08.839+0000] {processor.py:175} INFO - Processing /opt/airflow/dags/forex_data_pipeline.py took 0.400 seconds
