[2023-03-10T23:23:57.352+0000] {taskinstance.py:1087} INFO - Dependencies all met for <TaskInstance: forex_data_pipeline.store_ratings scheduled__2023-03-09T00:00:00+00:00 [queued]>
[2023-03-10T23:23:57.384+0000] {taskinstance.py:1087} INFO - Dependencies all met for <TaskInstance: forex_data_pipeline.store_ratings scheduled__2023-03-09T00:00:00+00:00 [queued]>
[2023-03-10T23:23:57.386+0000] {taskinstance.py:1283} INFO - 
--------------------------------------------------------------------------------
[2023-03-10T23:23:57.388+0000] {taskinstance.py:1284} INFO - Starting attempt 1 of 3
[2023-03-10T23:23:57.390+0000] {taskinstance.py:1285} INFO - 
--------------------------------------------------------------------------------
[2023-03-10T23:23:57.432+0000] {taskinstance.py:1304} INFO - Executing <Task(PythonOperator): store_ratings> on 2023-03-09 00:00:00+00:00
[2023-03-10T23:23:57.444+0000] {standard_task_runner.py:55} INFO - Started process 128 to run task
[2023-03-10T23:23:57.450+0000] {standard_task_runner.py:82} INFO - Running: ['***', 'tasks', 'run', 'forex_data_pipeline', 'store_ratings', 'scheduled__2023-03-09T00:00:00+00:00', '--job-id', '877', '--raw', '--subdir', 'DAGS_FOLDER/forex_data_pipeline.py', '--cfg-path', '/tmp/tmp6qy3na3q']
[2023-03-10T23:23:57.453+0000] {standard_task_runner.py:83} INFO - Job 877: Subtask store_ratings
[2023-03-10T23:23:57.536+0000] {task_command.py:389} INFO - Running <TaskInstance: forex_data_pipeline.store_ratings scheduled__2023-03-09T00:00:00+00:00 [running]> on host b21115e7dff0
[2023-03-10T23:23:57.867+0000] {taskinstance.py:1513} INFO - Exporting the following env vars:
AIRFLOW_CTX_DAG_EMAIL=juanfelipehdezm@gmail.com
AIRFLOW_CTX_DAG_OWNER=felipehdez
AIRFLOW_CTX_DAG_ID=forex_data_pipeline
AIRFLOW_CTX_TASK_ID=store_ratings
AIRFLOW_CTX_EXECUTION_DATE=2023-03-09T00:00:00+00:00
AIRFLOW_CTX_TRY_NUMBER=1
AIRFLOW_CTX_DAG_RUN_ID=scheduled__2023-03-09T00:00:00+00:00
[2023-03-10T23:23:57.869+0000] {postgres.py:158} INFO - Running copy expert: COPY forex_ratings FROM stdin WITH DELIMITER AS ',', filename: /opt/***/dags/files/rates.csv
[2023-03-10T23:23:57.881+0000] {base.py:73} INFO - Using connection ID 'forex_db' for task execution.
[2023-03-10T23:23:57.958+0000] {python.py:177} INFO - Done. Returned value was: None
[2023-03-10T23:23:57.968+0000] {taskinstance.py:1327} INFO - Marking task as SUCCESS. dag_id=forex_data_pipeline, task_id=store_ratings, execution_date=20230309T000000, start_date=20230310T232357, end_date=20230310T232357
[2023-03-10T23:23:58.143+0000] {local_task_job.py:159} INFO - Task exited with return code 0
[2023-03-10T23:23:58.159+0000] {taskinstance.py:2582} INFO - 0 downstream tasks scheduled from follow-on schedule check
