[2023-04-24T21:42:29.912+0000] {processor.py:153} INFO - Started process (PID=65) to work on /opt/airflow/dags/forex_data_pipeline.py
[2023-04-24T21:42:29.917+0000] {processor.py:743} INFO - Processing file /opt/airflow/dags/forex_data_pipeline.py for tasks to queue
[2023-04-24T21:42:29.920+0000] {logging_mixin.py:137} INFO - [2023-04-24T21:42:29.920+0000] {dagbag.py:538} INFO - Filling up the DagBag from /opt/airflow/dags/forex_data_pipeline.py
[2023-04-24T21:42:31.470+0000] {processor.py:753} INFO - DAG(s) dict_keys(['forex_data_pipeline']) retrieved from /opt/airflow/dags/forex_data_pipeline.py
[2023-04-24T21:42:31.517+0000] {logging_mixin.py:137} INFO - [2023-04-24T21:42:31.515+0000] {dag.py:2690} INFO - Sync 1 DAGs
[2023-04-24T21:42:31.563+0000] {logging_mixin.py:137} INFO - [2023-04-24T21:42:31.562+0000] {dag.py:3441} INFO - Setting next_dagrun for forex_data_pipeline to 2023-04-24T00:00:00+00:00, run_after=2023-04-25T00:00:00+00:00
[2023-04-24T21:42:31.623+0000] {processor.py:175} INFO - Processing /opt/airflow/dags/forex_data_pipeline.py took 1.714 seconds
[2023-04-24T21:43:02.501+0000] {processor.py:153} INFO - Started process (PID=111) to work on /opt/airflow/dags/forex_data_pipeline.py
[2023-04-24T21:43:02.504+0000] {processor.py:743} INFO - Processing file /opt/airflow/dags/forex_data_pipeline.py for tasks to queue
[2023-04-24T21:43:02.505+0000] {logging_mixin.py:137} INFO - [2023-04-24T21:43:02.505+0000] {dagbag.py:538} INFO - Filling up the DagBag from /opt/airflow/dags/forex_data_pipeline.py
[2023-04-24T21:43:02.900+0000] {processor.py:753} INFO - DAG(s) dict_keys(['forex_data_pipeline']) retrieved from /opt/airflow/dags/forex_data_pipeline.py
[2023-04-24T21:43:02.948+0000] {logging_mixin.py:137} INFO - [2023-04-24T21:43:02.948+0000] {dag.py:2690} INFO - Sync 1 DAGs
[2023-04-24T21:43:02.966+0000] {logging_mixin.py:137} INFO - [2023-04-24T21:43:02.966+0000] {dag.py:3441} INFO - Setting next_dagrun for forex_data_pipeline to 2023-04-24T00:00:00+00:00, run_after=2023-04-25T00:00:00+00:00
[2023-04-24T21:43:02.994+0000] {processor.py:175} INFO - Processing /opt/airflow/dags/forex_data_pipeline.py took 0.497 seconds
[2023-04-24T21:43:33.715+0000] {processor.py:153} INFO - Started process (PID=175) to work on /opt/airflow/dags/forex_data_pipeline.py
[2023-04-24T21:43:33.718+0000] {processor.py:743} INFO - Processing file /opt/airflow/dags/forex_data_pipeline.py for tasks to queue
[2023-04-24T21:43:33.719+0000] {logging_mixin.py:137} INFO - [2023-04-24T21:43:33.719+0000] {dagbag.py:538} INFO - Filling up the DagBag from /opt/airflow/dags/forex_data_pipeline.py
[2023-04-24T21:43:34.177+0000] {processor.py:753} INFO - DAG(s) dict_keys(['forex_data_pipeline']) retrieved from /opt/airflow/dags/forex_data_pipeline.py
[2023-04-24T21:43:34.194+0000] {logging_mixin.py:137} INFO - [2023-04-24T21:43:34.194+0000] {dag.py:2690} INFO - Sync 1 DAGs
[2023-04-24T21:43:34.217+0000] {logging_mixin.py:137} INFO - [2023-04-24T21:43:34.217+0000] {dag.py:3441} INFO - Setting next_dagrun for forex_data_pipeline to 2023-04-24T00:00:00+00:00, run_after=2023-04-25T00:00:00+00:00
[2023-04-24T21:43:34.237+0000] {processor.py:175} INFO - Processing /opt/airflow/dags/forex_data_pipeline.py took 0.525 seconds
[2023-04-24T21:44:04.774+0000] {processor.py:153} INFO - Started process (PID=219) to work on /opt/airflow/dags/forex_data_pipeline.py
[2023-04-24T21:44:04.779+0000] {processor.py:743} INFO - Processing file /opt/airflow/dags/forex_data_pipeline.py for tasks to queue
[2023-04-24T21:44:04.780+0000] {logging_mixin.py:137} INFO - [2023-04-24T21:44:04.780+0000] {dagbag.py:538} INFO - Filling up the DagBag from /opt/airflow/dags/forex_data_pipeline.py
[2023-04-24T21:44:05.177+0000] {processor.py:753} INFO - DAG(s) dict_keys(['forex_data_pipeline']) retrieved from /opt/airflow/dags/forex_data_pipeline.py
[2023-04-24T21:44:05.196+0000] {logging_mixin.py:137} INFO - [2023-04-24T21:44:05.195+0000] {dag.py:2690} INFO - Sync 1 DAGs
[2023-04-24T21:44:05.216+0000] {logging_mixin.py:137} INFO - [2023-04-24T21:44:05.216+0000] {dag.py:3441} INFO - Setting next_dagrun for forex_data_pipeline to 2023-04-24T00:00:00+00:00, run_after=2023-04-25T00:00:00+00:00
[2023-04-24T21:44:05.244+0000] {processor.py:175} INFO - Processing /opt/airflow/dags/forex_data_pipeline.py took 0.473 seconds
[2023-04-24T21:44:35.407+0000] {processor.py:153} INFO - Started process (PID=287) to work on /opt/airflow/dags/forex_data_pipeline.py
[2023-04-24T21:44:35.412+0000] {processor.py:743} INFO - Processing file /opt/airflow/dags/forex_data_pipeline.py for tasks to queue
[2023-04-24T21:44:35.413+0000] {logging_mixin.py:137} INFO - [2023-04-24T21:44:35.413+0000] {dagbag.py:538} INFO - Filling up the DagBag from /opt/airflow/dags/forex_data_pipeline.py
[2023-04-24T21:44:35.814+0000] {processor.py:753} INFO - DAG(s) dict_keys(['forex_data_pipeline']) retrieved from /opt/airflow/dags/forex_data_pipeline.py
[2023-04-24T21:44:35.834+0000] {logging_mixin.py:137} INFO - [2023-04-24T21:44:35.833+0000] {dag.py:2690} INFO - Sync 1 DAGs
[2023-04-24T21:44:35.855+0000] {logging_mixin.py:137} INFO - [2023-04-24T21:44:35.854+0000] {dag.py:3441} INFO - Setting next_dagrun for forex_data_pipeline to 2023-04-24T00:00:00+00:00, run_after=2023-04-25T00:00:00+00:00
[2023-04-24T21:44:35.877+0000] {processor.py:175} INFO - Processing /opt/airflow/dags/forex_data_pipeline.py took 0.474 seconds
[2023-04-24T21:45:06.099+0000] {processor.py:153} INFO - Started process (PID=340) to work on /opt/airflow/dags/forex_data_pipeline.py
[2023-04-24T21:45:06.104+0000] {processor.py:743} INFO - Processing file /opt/airflow/dags/forex_data_pipeline.py for tasks to queue
[2023-04-24T21:45:06.105+0000] {logging_mixin.py:137} INFO - [2023-04-24T21:45:06.105+0000] {dagbag.py:538} INFO - Filling up the DagBag from /opt/airflow/dags/forex_data_pipeline.py
[2023-04-24T21:45:06.541+0000] {processor.py:753} INFO - DAG(s) dict_keys(['forex_data_pipeline']) retrieved from /opt/airflow/dags/forex_data_pipeline.py
[2023-04-24T21:45:06.562+0000] {logging_mixin.py:137} INFO - [2023-04-24T21:45:06.562+0000] {dag.py:2690} INFO - Sync 1 DAGs
[2023-04-24T21:45:06.590+0000] {logging_mixin.py:137} INFO - [2023-04-24T21:45:06.590+0000] {dag.py:3441} INFO - Setting next_dagrun for forex_data_pipeline to 2023-04-24T00:00:00+00:00, run_after=2023-04-25T00:00:00+00:00
[2023-04-24T21:45:06.615+0000] {processor.py:175} INFO - Processing /opt/airflow/dags/forex_data_pipeline.py took 0.519 seconds
[2023-04-24T21:45:37.013+0000] {processor.py:153} INFO - Started process (PID=399) to work on /opt/airflow/dags/forex_data_pipeline.py
[2023-04-24T21:45:37.019+0000] {processor.py:743} INFO - Processing file /opt/airflow/dags/forex_data_pipeline.py for tasks to queue
[2023-04-24T21:45:37.020+0000] {logging_mixin.py:137} INFO - [2023-04-24T21:45:37.020+0000] {dagbag.py:538} INFO - Filling up the DagBag from /opt/airflow/dags/forex_data_pipeline.py
[2023-04-24T21:45:37.385+0000] {processor.py:753} INFO - DAG(s) dict_keys(['forex_data_pipeline']) retrieved from /opt/airflow/dags/forex_data_pipeline.py
[2023-04-24T21:45:37.405+0000] {logging_mixin.py:137} INFO - [2023-04-24T21:45:37.405+0000] {dag.py:2690} INFO - Sync 1 DAGs
[2023-04-24T21:45:37.426+0000] {logging_mixin.py:137} INFO - [2023-04-24T21:45:37.426+0000] {dag.py:3441} INFO - Setting next_dagrun for forex_data_pipeline to 2023-04-24T00:00:00+00:00, run_after=2023-04-25T00:00:00+00:00
[2023-04-24T21:45:37.449+0000] {processor.py:175} INFO - Processing /opt/airflow/dags/forex_data_pipeline.py took 0.439 seconds
[2023-04-24T21:46:07.650+0000] {processor.py:153} INFO - Started process (PID=463) to work on /opt/airflow/dags/forex_data_pipeline.py
[2023-04-24T21:46:07.652+0000] {processor.py:743} INFO - Processing file /opt/airflow/dags/forex_data_pipeline.py for tasks to queue
[2023-04-24T21:46:07.653+0000] {logging_mixin.py:137} INFO - [2023-04-24T21:46:07.653+0000] {dagbag.py:538} INFO - Filling up the DagBag from /opt/airflow/dags/forex_data_pipeline.py
[2023-04-24T21:46:08.020+0000] {processor.py:753} INFO - DAG(s) dict_keys(['forex_data_pipeline']) retrieved from /opt/airflow/dags/forex_data_pipeline.py
[2023-04-24T21:46:08.041+0000] {logging_mixin.py:137} INFO - [2023-04-24T21:46:08.040+0000] {dag.py:2690} INFO - Sync 1 DAGs
[2023-04-24T21:46:08.059+0000] {logging_mixin.py:137} INFO - [2023-04-24T21:46:08.059+0000] {dag.py:3441} INFO - Setting next_dagrun for forex_data_pipeline to 2023-04-24T00:00:00+00:00, run_after=2023-04-25T00:00:00+00:00
[2023-04-24T21:46:08.081+0000] {processor.py:175} INFO - Processing /opt/airflow/dags/forex_data_pipeline.py took 0.434 seconds
[2023-04-24T21:46:38.322+0000] {processor.py:153} INFO - Started process (PID=512) to work on /opt/airflow/dags/forex_data_pipeline.py
[2023-04-24T21:46:38.323+0000] {processor.py:743} INFO - Processing file /opt/airflow/dags/forex_data_pipeline.py for tasks to queue
[2023-04-24T21:46:38.324+0000] {logging_mixin.py:137} INFO - [2023-04-24T21:46:38.324+0000] {dagbag.py:538} INFO - Filling up the DagBag from /opt/airflow/dags/forex_data_pipeline.py
[2023-04-24T21:46:38.715+0000] {processor.py:753} INFO - DAG(s) dict_keys(['forex_data_pipeline']) retrieved from /opt/airflow/dags/forex_data_pipeline.py
[2023-04-24T21:46:38.738+0000] {logging_mixin.py:137} INFO - [2023-04-24T21:46:38.737+0000] {dag.py:2690} INFO - Sync 1 DAGs
[2023-04-24T21:46:38.769+0000] {logging_mixin.py:137} INFO - [2023-04-24T21:46:38.769+0000] {dag.py:3441} INFO - Setting next_dagrun for forex_data_pipeline to 2023-04-24T00:00:00+00:00, run_after=2023-04-25T00:00:00+00:00
[2023-04-24T21:46:38.811+0000] {processor.py:175} INFO - Processing /opt/airflow/dags/forex_data_pipeline.py took 0.492 seconds
[2023-04-24T21:47:08.931+0000] {processor.py:153} INFO - Started process (PID=577) to work on /opt/airflow/dags/forex_data_pipeline.py
[2023-04-24T21:47:08.934+0000] {processor.py:743} INFO - Processing file /opt/airflow/dags/forex_data_pipeline.py for tasks to queue
[2023-04-24T21:47:08.937+0000] {logging_mixin.py:137} INFO - [2023-04-24T21:47:08.936+0000] {dagbag.py:538} INFO - Filling up the DagBag from /opt/airflow/dags/forex_data_pipeline.py
[2023-04-24T21:47:09.346+0000] {processor.py:753} INFO - DAG(s) dict_keys(['forex_data_pipeline']) retrieved from /opt/airflow/dags/forex_data_pipeline.py
[2023-04-24T21:47:09.367+0000] {logging_mixin.py:137} INFO - [2023-04-24T21:47:09.366+0000] {dag.py:2690} INFO - Sync 1 DAGs
[2023-04-24T21:47:09.388+0000] {logging_mixin.py:137} INFO - [2023-04-24T21:47:09.388+0000] {dag.py:3441} INFO - Setting next_dagrun for forex_data_pipeline to 2023-04-24T00:00:00+00:00, run_after=2023-04-25T00:00:00+00:00
[2023-04-24T21:47:09.412+0000] {processor.py:175} INFO - Processing /opt/airflow/dags/forex_data_pipeline.py took 0.486 seconds
[2023-04-24T21:47:40.032+0000] {processor.py:153} INFO - Started process (PID=621) to work on /opt/airflow/dags/forex_data_pipeline.py
[2023-04-24T21:47:40.034+0000] {processor.py:743} INFO - Processing file /opt/airflow/dags/forex_data_pipeline.py for tasks to queue
[2023-04-24T21:47:40.035+0000] {logging_mixin.py:137} INFO - [2023-04-24T21:47:40.035+0000] {dagbag.py:538} INFO - Filling up the DagBag from /opt/airflow/dags/forex_data_pipeline.py
[2023-04-24T21:47:40.377+0000] {processor.py:753} INFO - DAG(s) dict_keys(['forex_data_pipeline']) retrieved from /opt/airflow/dags/forex_data_pipeline.py
[2023-04-24T21:47:40.415+0000] {logging_mixin.py:137} INFO - [2023-04-24T21:47:40.415+0000] {dag.py:2690} INFO - Sync 1 DAGs
[2023-04-24T21:47:40.436+0000] {logging_mixin.py:137} INFO - [2023-04-24T21:47:40.435+0000] {dag.py:3441} INFO - Setting next_dagrun for forex_data_pipeline to 2023-04-24T00:00:00+00:00, run_after=2023-04-25T00:00:00+00:00
[2023-04-24T21:47:40.458+0000] {processor.py:175} INFO - Processing /opt/airflow/dags/forex_data_pipeline.py took 0.430 seconds
[2023-04-24T21:48:10.831+0000] {processor.py:153} INFO - Started process (PID=685) to work on /opt/airflow/dags/forex_data_pipeline.py
[2023-04-24T21:48:10.834+0000] {processor.py:743} INFO - Processing file /opt/airflow/dags/forex_data_pipeline.py for tasks to queue
[2023-04-24T21:48:10.837+0000] {logging_mixin.py:137} INFO - [2023-04-24T21:48:10.837+0000] {dagbag.py:538} INFO - Filling up the DagBag from /opt/airflow/dags/forex_data_pipeline.py
[2023-04-24T21:48:11.241+0000] {processor.py:753} INFO - DAG(s) dict_keys(['forex_data_pipeline']) retrieved from /opt/airflow/dags/forex_data_pipeline.py
[2023-04-24T21:48:11.260+0000] {logging_mixin.py:137} INFO - [2023-04-24T21:48:11.260+0000] {dag.py:2690} INFO - Sync 1 DAGs
[2023-04-24T21:48:11.280+0000] {logging_mixin.py:137} INFO - [2023-04-24T21:48:11.280+0000] {dag.py:3441} INFO - Setting next_dagrun for forex_data_pipeline to 2023-04-24T00:00:00+00:00, run_after=2023-04-25T00:00:00+00:00
[2023-04-24T21:48:11.304+0000] {processor.py:175} INFO - Processing /opt/airflow/dags/forex_data_pipeline.py took 0.485 seconds
[2023-04-24T21:48:41.988+0000] {processor.py:153} INFO - Started process (PID=730) to work on /opt/airflow/dags/forex_data_pipeline.py
[2023-04-24T21:48:41.990+0000] {processor.py:743} INFO - Processing file /opt/airflow/dags/forex_data_pipeline.py for tasks to queue
[2023-04-24T21:48:41.991+0000] {logging_mixin.py:137} INFO - [2023-04-24T21:48:41.991+0000] {dagbag.py:538} INFO - Filling up the DagBag from /opt/airflow/dags/forex_data_pipeline.py
[2023-04-24T21:48:42.323+0000] {processor.py:753} INFO - DAG(s) dict_keys(['forex_data_pipeline']) retrieved from /opt/airflow/dags/forex_data_pipeline.py
[2023-04-24T21:48:42.366+0000] {logging_mixin.py:137} INFO - [2023-04-24T21:48:42.366+0000] {dag.py:2690} INFO - Sync 1 DAGs
[2023-04-24T21:48:42.387+0000] {logging_mixin.py:137} INFO - [2023-04-24T21:48:42.386+0000] {dag.py:3441} INFO - Setting next_dagrun for forex_data_pipeline to 2023-04-24T00:00:00+00:00, run_after=2023-04-25T00:00:00+00:00
[2023-04-24T21:48:42.415+0000] {processor.py:175} INFO - Processing /opt/airflow/dags/forex_data_pipeline.py took 0.429 seconds
[2023-04-24T21:49:12.862+0000] {processor.py:153} INFO - Started process (PID=794) to work on /opt/airflow/dags/forex_data_pipeline.py
[2023-04-24T21:49:12.867+0000] {processor.py:743} INFO - Processing file /opt/airflow/dags/forex_data_pipeline.py for tasks to queue
[2023-04-24T21:49:12.868+0000] {logging_mixin.py:137} INFO - [2023-04-24T21:49:12.868+0000] {dagbag.py:538} INFO - Filling up the DagBag from /opt/airflow/dags/forex_data_pipeline.py
[2023-04-24T21:49:13.340+0000] {processor.py:753} INFO - DAG(s) dict_keys(['forex_data_pipeline']) retrieved from /opt/airflow/dags/forex_data_pipeline.py
[2023-04-24T21:49:13.389+0000] {logging_mixin.py:137} INFO - [2023-04-24T21:49:13.388+0000] {dag.py:2690} INFO - Sync 1 DAGs
[2023-04-24T21:49:13.441+0000] {logging_mixin.py:137} INFO - [2023-04-24T21:49:13.441+0000] {dag.py:3441} INFO - Setting next_dagrun for forex_data_pipeline to 2023-04-24T00:00:00+00:00, run_after=2023-04-25T00:00:00+00:00
[2023-04-24T21:49:13.481+0000] {processor.py:175} INFO - Processing /opt/airflow/dags/forex_data_pipeline.py took 0.623 seconds
[2023-04-24T21:49:44.177+0000] {processor.py:153} INFO - Started process (PID=858) to work on /opt/airflow/dags/forex_data_pipeline.py
[2023-04-24T21:49:44.180+0000] {processor.py:743} INFO - Processing file /opt/airflow/dags/forex_data_pipeline.py for tasks to queue
[2023-04-24T21:49:44.181+0000] {logging_mixin.py:137} INFO - [2023-04-24T21:49:44.181+0000] {dagbag.py:538} INFO - Filling up the DagBag from /opt/airflow/dags/forex_data_pipeline.py
[2023-04-24T21:49:44.627+0000] {processor.py:753} INFO - DAG(s) dict_keys(['forex_data_pipeline']) retrieved from /opt/airflow/dags/forex_data_pipeline.py
[2023-04-24T21:49:44.657+0000] {logging_mixin.py:137} INFO - [2023-04-24T21:49:44.656+0000] {dag.py:2690} INFO - Sync 1 DAGs
[2023-04-24T21:49:44.678+0000] {logging_mixin.py:137} INFO - [2023-04-24T21:49:44.678+0000] {dag.py:3441} INFO - Setting next_dagrun for forex_data_pipeline to 2023-04-24T00:00:00+00:00, run_after=2023-04-25T00:00:00+00:00
[2023-04-24T21:49:44.701+0000] {processor.py:175} INFO - Processing /opt/airflow/dags/forex_data_pipeline.py took 0.529 seconds
[2023-04-24T21:50:00.057+0000] {processor.py:153} INFO - Started process (PID=880) to work on /opt/airflow/dags/forex_data_pipeline.py
[2023-04-24T21:50:00.060+0000] {processor.py:743} INFO - Processing file /opt/airflow/dags/forex_data_pipeline.py for tasks to queue
[2023-04-24T21:50:00.061+0000] {logging_mixin.py:137} INFO - [2023-04-24T21:50:00.061+0000] {dagbag.py:538} INFO - Filling up the DagBag from /opt/airflow/dags/forex_data_pipeline.py
[2023-04-24T21:50:00.694+0000] {processor.py:753} INFO - DAG(s) dict_keys(['forex_data_pipeline']) retrieved from /opt/airflow/dags/forex_data_pipeline.py
[2023-04-24T21:50:00.760+0000] {logging_mixin.py:137} INFO - [2023-04-24T21:50:00.759+0000] {dag.py:2690} INFO - Sync 1 DAGs
[2023-04-24T21:50:00.786+0000] {logging_mixin.py:137} INFO - [2023-04-24T21:50:00.786+0000] {dag.py:3441} INFO - Setting next_dagrun for forex_data_pipeline to 2023-04-24T00:00:00+00:00, run_after=2023-04-25T00:00:00+00:00
[2023-04-24T21:50:00.819+0000] {processor.py:175} INFO - Processing /opt/airflow/dags/forex_data_pipeline.py took 0.766 seconds
[2023-04-24T21:50:31.244+0000] {processor.py:153} INFO - Started process (PID=923) to work on /opt/airflow/dags/forex_data_pipeline.py
[2023-04-24T21:50:31.245+0000] {processor.py:743} INFO - Processing file /opt/airflow/dags/forex_data_pipeline.py for tasks to queue
[2023-04-24T21:50:31.246+0000] {logging_mixin.py:137} INFO - [2023-04-24T21:50:31.246+0000] {dagbag.py:538} INFO - Filling up the DagBag from /opt/airflow/dags/forex_data_pipeline.py
[2023-04-24T21:50:31.664+0000] {processor.py:753} INFO - DAG(s) dict_keys(['forex_data_pipeline']) retrieved from /opt/airflow/dags/forex_data_pipeline.py
[2023-04-24T21:50:31.683+0000] {logging_mixin.py:137} INFO - [2023-04-24T21:50:31.683+0000] {dag.py:2690} INFO - Sync 1 DAGs
[2023-04-24T21:50:31.702+0000] {logging_mixin.py:137} INFO - [2023-04-24T21:50:31.702+0000] {dag.py:3441} INFO - Setting next_dagrun for forex_data_pipeline to 2023-04-24T00:00:00+00:00, run_after=2023-04-25T00:00:00+00:00
[2023-04-24T21:50:31.724+0000] {processor.py:175} INFO - Processing /opt/airflow/dags/forex_data_pipeline.py took 0.483 seconds
[2023-04-24T21:51:02.105+0000] {processor.py:153} INFO - Started process (PID=986) to work on /opt/airflow/dags/forex_data_pipeline.py
[2023-04-24T21:51:02.107+0000] {processor.py:743} INFO - Processing file /opt/airflow/dags/forex_data_pipeline.py for tasks to queue
[2023-04-24T21:51:02.109+0000] {logging_mixin.py:137} INFO - [2023-04-24T21:51:02.109+0000] {dagbag.py:538} INFO - Filling up the DagBag from /opt/airflow/dags/forex_data_pipeline.py
[2023-04-24T21:51:02.792+0000] {processor.py:753} INFO - DAG(s) dict_keys(['forex_data_pipeline']) retrieved from /opt/airflow/dags/forex_data_pipeline.py
[2023-04-24T21:51:02.860+0000] {logging_mixin.py:137} INFO - [2023-04-24T21:51:02.860+0000] {dag.py:2690} INFO - Sync 1 DAGs
[2023-04-24T21:51:02.889+0000] {logging_mixin.py:137} INFO - [2023-04-24T21:51:02.889+0000] {dag.py:3441} INFO - Setting next_dagrun for forex_data_pipeline to 2023-04-24T00:00:00+00:00, run_after=2023-04-25T00:00:00+00:00
[2023-04-24T21:51:02.926+0000] {processor.py:175} INFO - Processing /opt/airflow/dags/forex_data_pipeline.py took 0.824 seconds
[2023-04-24T21:51:33.788+0000] {processor.py:153} INFO - Started process (PID=1030) to work on /opt/airflow/dags/forex_data_pipeline.py
[2023-04-24T21:51:33.790+0000] {processor.py:743} INFO - Processing file /opt/airflow/dags/forex_data_pipeline.py for tasks to queue
[2023-04-24T21:51:33.792+0000] {logging_mixin.py:137} INFO - [2023-04-24T21:51:33.792+0000] {dagbag.py:538} INFO - Filling up the DagBag from /opt/airflow/dags/forex_data_pipeline.py
[2023-04-24T21:51:34.290+0000] {processor.py:753} INFO - DAG(s) dict_keys(['forex_data_pipeline']) retrieved from /opt/airflow/dags/forex_data_pipeline.py
[2023-04-24T21:51:34.313+0000] {logging_mixin.py:137} INFO - [2023-04-24T21:51:34.313+0000] {dag.py:2690} INFO - Sync 1 DAGs
[2023-04-24T21:51:34.358+0000] {logging_mixin.py:137} INFO - [2023-04-24T21:51:34.358+0000] {dag.py:3441} INFO - Setting next_dagrun for forex_data_pipeline to 2023-04-24T00:00:00+00:00, run_after=2023-04-25T00:00:00+00:00
[2023-04-24T21:51:34.387+0000] {processor.py:175} INFO - Processing /opt/airflow/dags/forex_data_pipeline.py took 0.604 seconds
[2023-04-24T21:52:04.948+0000] {processor.py:153} INFO - Started process (PID=1094) to work on /opt/airflow/dags/forex_data_pipeline.py
[2023-04-24T21:52:04.951+0000] {processor.py:743} INFO - Processing file /opt/airflow/dags/forex_data_pipeline.py for tasks to queue
[2023-04-24T21:52:04.953+0000] {logging_mixin.py:137} INFO - [2023-04-24T21:52:04.952+0000] {dagbag.py:538} INFO - Filling up the DagBag from /opt/airflow/dags/forex_data_pipeline.py
[2023-04-24T21:52:05.670+0000] {processor.py:753} INFO - DAG(s) dict_keys(['forex_data_pipeline']) retrieved from /opt/airflow/dags/forex_data_pipeline.py
[2023-04-24T21:52:05.689+0000] {logging_mixin.py:137} INFO - [2023-04-24T21:52:05.689+0000] {dag.py:2690} INFO - Sync 1 DAGs
[2023-04-24T21:52:05.713+0000] {logging_mixin.py:137} INFO - [2023-04-24T21:52:05.713+0000] {dag.py:3441} INFO - Setting next_dagrun for forex_data_pipeline to 2023-04-24T00:00:00+00:00, run_after=2023-04-25T00:00:00+00:00
[2023-04-24T21:52:05.740+0000] {processor.py:175} INFO - Processing /opt/airflow/dags/forex_data_pipeline.py took 0.795 seconds
[2023-04-24T21:52:36.126+0000] {processor.py:153} INFO - Started process (PID=1146) to work on /opt/airflow/dags/forex_data_pipeline.py
[2023-04-24T21:52:36.128+0000] {processor.py:743} INFO - Processing file /opt/airflow/dags/forex_data_pipeline.py for tasks to queue
[2023-04-24T21:52:36.130+0000] {logging_mixin.py:137} INFO - [2023-04-24T21:52:36.129+0000] {dagbag.py:538} INFO - Filling up the DagBag from /opt/airflow/dags/forex_data_pipeline.py
[2023-04-24T21:52:37.167+0000] {processor.py:753} INFO - DAG(s) dict_keys(['forex_data_pipeline']) retrieved from /opt/airflow/dags/forex_data_pipeline.py
[2023-04-24T21:52:37.196+0000] {logging_mixin.py:137} INFO - [2023-04-24T21:52:37.195+0000] {dag.py:2690} INFO - Sync 1 DAGs
[2023-04-24T21:52:37.223+0000] {logging_mixin.py:137} INFO - [2023-04-24T21:52:37.223+0000] {dag.py:3441} INFO - Setting next_dagrun for forex_data_pipeline to 2023-04-24T00:00:00+00:00, run_after=2023-04-25T00:00:00+00:00
[2023-04-24T21:52:37.247+0000] {processor.py:175} INFO - Processing /opt/airflow/dags/forex_data_pipeline.py took 1.124 seconds
[2023-04-24T21:53:07.893+0000] {processor.py:153} INFO - Started process (PID=1201) to work on /opt/airflow/dags/forex_data_pipeline.py
[2023-04-24T21:53:07.896+0000] {processor.py:743} INFO - Processing file /opt/airflow/dags/forex_data_pipeline.py for tasks to queue
[2023-04-24T21:53:07.897+0000] {logging_mixin.py:137} INFO - [2023-04-24T21:53:07.897+0000] {dagbag.py:538} INFO - Filling up the DagBag from /opt/airflow/dags/forex_data_pipeline.py
[2023-04-24T21:53:08.342+0000] {processor.py:753} INFO - DAG(s) dict_keys(['forex_data_pipeline']) retrieved from /opt/airflow/dags/forex_data_pipeline.py
[2023-04-24T21:53:08.409+0000] {logging_mixin.py:137} INFO - [2023-04-24T21:53:08.409+0000] {dag.py:2690} INFO - Sync 1 DAGs
[2023-04-24T21:53:08.451+0000] {logging_mixin.py:137} INFO - [2023-04-24T21:53:08.451+0000] {dag.py:3441} INFO - Setting next_dagrun for forex_data_pipeline to 2023-04-24T00:00:00+00:00, run_after=2023-04-25T00:00:00+00:00
[2023-04-24T21:53:08.479+0000] {processor.py:175} INFO - Processing /opt/airflow/dags/forex_data_pipeline.py took 0.590 seconds
[2023-04-24T21:53:39.373+0000] {processor.py:153} INFO - Started process (PID=1265) to work on /opt/airflow/dags/forex_data_pipeline.py
[2023-04-24T21:53:39.375+0000] {processor.py:743} INFO - Processing file /opt/airflow/dags/forex_data_pipeline.py for tasks to queue
[2023-04-24T21:53:39.377+0000] {logging_mixin.py:137} INFO - [2023-04-24T21:53:39.377+0000] {dagbag.py:538} INFO - Filling up the DagBag from /opt/airflow/dags/forex_data_pipeline.py
[2023-04-24T21:53:39.919+0000] {processor.py:753} INFO - DAG(s) dict_keys(['forex_data_pipeline']) retrieved from /opt/airflow/dags/forex_data_pipeline.py
[2023-04-24T21:53:39.943+0000] {logging_mixin.py:137} INFO - [2023-04-24T21:53:39.943+0000] {dag.py:2690} INFO - Sync 1 DAGs
[2023-04-24T21:53:39.968+0000] {logging_mixin.py:137} INFO - [2023-04-24T21:53:39.968+0000] {dag.py:3441} INFO - Setting next_dagrun for forex_data_pipeline to 2023-04-24T00:00:00+00:00, run_after=2023-04-25T00:00:00+00:00
[2023-04-24T21:53:39.999+0000] {processor.py:175} INFO - Processing /opt/airflow/dags/forex_data_pipeline.py took 0.631 seconds
[2023-04-24T21:54:10.724+0000] {processor.py:153} INFO - Started process (PID=1309) to work on /opt/airflow/dags/forex_data_pipeline.py
[2023-04-24T21:54:10.726+0000] {processor.py:743} INFO - Processing file /opt/airflow/dags/forex_data_pipeline.py for tasks to queue
[2023-04-24T21:54:10.727+0000] {logging_mixin.py:137} INFO - [2023-04-24T21:54:10.727+0000] {dagbag.py:538} INFO - Filling up the DagBag from /opt/airflow/dags/forex_data_pipeline.py
[2023-04-24T21:54:11.062+0000] {processor.py:753} INFO - DAG(s) dict_keys(['forex_data_pipeline']) retrieved from /opt/airflow/dags/forex_data_pipeline.py
[2023-04-24T21:54:11.082+0000] {logging_mixin.py:137} INFO - [2023-04-24T21:54:11.081+0000] {dag.py:2690} INFO - Sync 1 DAGs
[2023-04-24T21:54:11.104+0000] {logging_mixin.py:137} INFO - [2023-04-24T21:54:11.104+0000] {dag.py:3441} INFO - Setting next_dagrun for forex_data_pipeline to 2023-04-24T00:00:00+00:00, run_after=2023-04-25T00:00:00+00:00
[2023-04-24T21:54:11.125+0000] {processor.py:175} INFO - Processing /opt/airflow/dags/forex_data_pipeline.py took 0.403 seconds
[2023-04-24T21:54:41.261+0000] {processor.py:153} INFO - Started process (PID=1373) to work on /opt/airflow/dags/forex_data_pipeline.py
[2023-04-24T21:54:41.262+0000] {processor.py:743} INFO - Processing file /opt/airflow/dags/forex_data_pipeline.py for tasks to queue
[2023-04-24T21:54:41.263+0000] {logging_mixin.py:137} INFO - [2023-04-24T21:54:41.263+0000] {dagbag.py:538} INFO - Filling up the DagBag from /opt/airflow/dags/forex_data_pipeline.py
[2023-04-24T21:54:41.674+0000] {processor.py:753} INFO - DAG(s) dict_keys(['forex_data_pipeline']) retrieved from /opt/airflow/dags/forex_data_pipeline.py
[2023-04-24T21:54:41.695+0000] {logging_mixin.py:137} INFO - [2023-04-24T21:54:41.694+0000] {dag.py:2690} INFO - Sync 1 DAGs
[2023-04-24T21:54:41.717+0000] {logging_mixin.py:137} INFO - [2023-04-24T21:54:41.717+0000] {dag.py:3441} INFO - Setting next_dagrun for forex_data_pipeline to 2023-04-24T00:00:00+00:00, run_after=2023-04-25T00:00:00+00:00
[2023-04-24T21:54:41.736+0000] {processor.py:175} INFO - Processing /opt/airflow/dags/forex_data_pipeline.py took 0.478 seconds
[2023-04-24T21:55:11.991+0000] {processor.py:153} INFO - Started process (PID=1417) to work on /opt/airflow/dags/forex_data_pipeline.py
[2023-04-24T21:55:11.993+0000] {processor.py:743} INFO - Processing file /opt/airflow/dags/forex_data_pipeline.py for tasks to queue
[2023-04-24T21:55:11.994+0000] {logging_mixin.py:137} INFO - [2023-04-24T21:55:11.993+0000] {dagbag.py:538} INFO - Filling up the DagBag from /opt/airflow/dags/forex_data_pipeline.py
[2023-04-24T21:55:12.334+0000] {processor.py:753} INFO - DAG(s) dict_keys(['forex_data_pipeline']) retrieved from /opt/airflow/dags/forex_data_pipeline.py
[2023-04-24T21:55:12.352+0000] {logging_mixin.py:137} INFO - [2023-04-24T21:55:12.352+0000] {dag.py:2690} INFO - Sync 1 DAGs
[2023-04-24T21:55:12.372+0000] {logging_mixin.py:137} INFO - [2023-04-24T21:55:12.372+0000] {dag.py:3441} INFO - Setting next_dagrun for forex_data_pipeline to 2023-04-24T00:00:00+00:00, run_after=2023-04-25T00:00:00+00:00
[2023-04-24T21:55:12.390+0000] {processor.py:175} INFO - Processing /opt/airflow/dags/forex_data_pipeline.py took 0.401 seconds
[2023-04-24T21:55:42.787+0000] {processor.py:153} INFO - Started process (PID=1482) to work on /opt/airflow/dags/forex_data_pipeline.py
[2023-04-24T21:55:42.790+0000] {processor.py:743} INFO - Processing file /opt/airflow/dags/forex_data_pipeline.py for tasks to queue
[2023-04-24T21:55:42.791+0000] {logging_mixin.py:137} INFO - [2023-04-24T21:55:42.791+0000] {dagbag.py:538} INFO - Filling up the DagBag from /opt/airflow/dags/forex_data_pipeline.py
[2023-04-24T21:55:43.179+0000] {processor.py:753} INFO - DAG(s) dict_keys(['forex_data_pipeline']) retrieved from /opt/airflow/dags/forex_data_pipeline.py
[2023-04-24T21:55:43.202+0000] {logging_mixin.py:137} INFO - [2023-04-24T21:55:43.202+0000] {dag.py:2690} INFO - Sync 1 DAGs
[2023-04-24T21:55:43.225+0000] {logging_mixin.py:137} INFO - [2023-04-24T21:55:43.225+0000] {dag.py:3441} INFO - Setting next_dagrun for forex_data_pipeline to 2023-04-24T00:00:00+00:00, run_after=2023-04-25T00:00:00+00:00
[2023-04-24T21:55:43.244+0000] {processor.py:175} INFO - Processing /opt/airflow/dags/forex_data_pipeline.py took 0.460 seconds
[2023-04-24T21:56:13.364+0000] {processor.py:153} INFO - Started process (PID=1535) to work on /opt/airflow/dags/forex_data_pipeline.py
[2023-04-24T21:56:13.367+0000] {processor.py:743} INFO - Processing file /opt/airflow/dags/forex_data_pipeline.py for tasks to queue
[2023-04-24T21:56:13.368+0000] {logging_mixin.py:137} INFO - [2023-04-24T21:56:13.368+0000] {dagbag.py:538} INFO - Filling up the DagBag from /opt/airflow/dags/forex_data_pipeline.py
[2023-04-24T21:56:13.811+0000] {processor.py:753} INFO - DAG(s) dict_keys(['forex_data_pipeline']) retrieved from /opt/airflow/dags/forex_data_pipeline.py
[2023-04-24T21:56:13.836+0000] {logging_mixin.py:137} INFO - [2023-04-24T21:56:13.836+0000] {dag.py:2690} INFO - Sync 1 DAGs
[2023-04-24T21:56:13.862+0000] {logging_mixin.py:137} INFO - [2023-04-24T21:56:13.862+0000] {dag.py:3441} INFO - Setting next_dagrun for forex_data_pipeline to 2023-04-24T00:00:00+00:00, run_after=2023-04-25T00:00:00+00:00
[2023-04-24T21:56:13.890+0000] {processor.py:175} INFO - Processing /opt/airflow/dags/forex_data_pipeline.py took 0.529 seconds
[2023-04-24T21:56:44.269+0000] {processor.py:153} INFO - Started process (PID=1590) to work on /opt/airflow/dags/forex_data_pipeline.py
[2023-04-24T21:56:44.270+0000] {processor.py:743} INFO - Processing file /opt/airflow/dags/forex_data_pipeline.py for tasks to queue
[2023-04-24T21:56:44.271+0000] {logging_mixin.py:137} INFO - [2023-04-24T21:56:44.271+0000] {dagbag.py:538} INFO - Filling up the DagBag from /opt/airflow/dags/forex_data_pipeline.py
[2023-04-24T21:56:44.615+0000] {processor.py:753} INFO - DAG(s) dict_keys(['forex_data_pipeline']) retrieved from /opt/airflow/dags/forex_data_pipeline.py
[2023-04-24T21:56:44.633+0000] {logging_mixin.py:137} INFO - [2023-04-24T21:56:44.633+0000] {dag.py:2690} INFO - Sync 1 DAGs
[2023-04-24T21:56:44.654+0000] {logging_mixin.py:137} INFO - [2023-04-24T21:56:44.654+0000] {dag.py:3441} INFO - Setting next_dagrun for forex_data_pipeline to 2023-04-24T00:00:00+00:00, run_after=2023-04-25T00:00:00+00:00
[2023-04-24T21:56:44.679+0000] {processor.py:175} INFO - Processing /opt/airflow/dags/forex_data_pipeline.py took 0.413 seconds
[2023-04-24T21:57:15.386+0000] {processor.py:153} INFO - Started process (PID=1654) to work on /opt/airflow/dags/forex_data_pipeline.py
[2023-04-24T21:57:15.388+0000] {processor.py:743} INFO - Processing file /opt/airflow/dags/forex_data_pipeline.py for tasks to queue
[2023-04-24T21:57:15.389+0000] {logging_mixin.py:137} INFO - [2023-04-24T21:57:15.389+0000] {dagbag.py:538} INFO - Filling up the DagBag from /opt/airflow/dags/forex_data_pipeline.py
[2023-04-24T21:57:15.841+0000] {processor.py:753} INFO - DAG(s) dict_keys(['forex_data_pipeline']) retrieved from /opt/airflow/dags/forex_data_pipeline.py
[2023-04-24T21:57:15.864+0000] {logging_mixin.py:137} INFO - [2023-04-24T21:57:15.864+0000] {dag.py:2690} INFO - Sync 1 DAGs
[2023-04-24T21:57:15.883+0000] {logging_mixin.py:137} INFO - [2023-04-24T21:57:15.883+0000] {dag.py:3441} INFO - Setting next_dagrun for forex_data_pipeline to 2023-04-24T00:00:00+00:00, run_after=2023-04-25T00:00:00+00:00
[2023-04-24T21:57:15.908+0000] {processor.py:175} INFO - Processing /opt/airflow/dags/forex_data_pipeline.py took 0.524 seconds
[2023-04-24T21:57:45.970+0000] {processor.py:153} INFO - Started process (PID=1698) to work on /opt/airflow/dags/forex_data_pipeline.py
[2023-04-24T21:57:45.972+0000] {processor.py:743} INFO - Processing file /opt/airflow/dags/forex_data_pipeline.py for tasks to queue
[2023-04-24T21:57:45.973+0000] {logging_mixin.py:137} INFO - [2023-04-24T21:57:45.972+0000] {dagbag.py:538} INFO - Filling up the DagBag from /opt/airflow/dags/forex_data_pipeline.py
[2023-04-24T21:57:46.289+0000] {processor.py:753} INFO - DAG(s) dict_keys(['forex_data_pipeline']) retrieved from /opt/airflow/dags/forex_data_pipeline.py
[2023-04-24T21:57:46.306+0000] {logging_mixin.py:137} INFO - [2023-04-24T21:57:46.305+0000] {dag.py:2690} INFO - Sync 1 DAGs
[2023-04-24T21:57:46.323+0000] {logging_mixin.py:137} INFO - [2023-04-24T21:57:46.323+0000] {dag.py:3441} INFO - Setting next_dagrun for forex_data_pipeline to 2023-04-24T00:00:00+00:00, run_after=2023-04-25T00:00:00+00:00
[2023-04-24T21:57:46.351+0000] {processor.py:175} INFO - Processing /opt/airflow/dags/forex_data_pipeline.py took 0.384 seconds
[2023-04-24T21:58:17.241+0000] {processor.py:153} INFO - Started process (PID=1762) to work on /opt/airflow/dags/forex_data_pipeline.py
[2023-04-24T21:58:17.245+0000] {processor.py:743} INFO - Processing file /opt/airflow/dags/forex_data_pipeline.py for tasks to queue
[2023-04-24T21:58:17.246+0000] {logging_mixin.py:137} INFO - [2023-04-24T21:58:17.246+0000] {dagbag.py:538} INFO - Filling up the DagBag from /opt/airflow/dags/forex_data_pipeline.py
[2023-04-24T21:58:17.758+0000] {processor.py:753} INFO - DAG(s) dict_keys(['forex_data_pipeline']) retrieved from /opt/airflow/dags/forex_data_pipeline.py
[2023-04-24T21:58:17.800+0000] {logging_mixin.py:137} INFO - [2023-04-24T21:58:17.800+0000] {dag.py:2690} INFO - Sync 1 DAGs
[2023-04-24T21:58:17.839+0000] {logging_mixin.py:137} INFO - [2023-04-24T21:58:17.839+0000] {dag.py:3441} INFO - Setting next_dagrun for forex_data_pipeline to 2023-04-24T00:00:00+00:00, run_after=2023-04-25T00:00:00+00:00
[2023-04-24T21:58:17.863+0000] {processor.py:175} INFO - Processing /opt/airflow/dags/forex_data_pipeline.py took 0.624 seconds
[2023-04-24T21:58:48.681+0000] {processor.py:153} INFO - Started process (PID=1815) to work on /opt/airflow/dags/forex_data_pipeline.py
[2023-04-24T21:58:48.683+0000] {processor.py:743} INFO - Processing file /opt/airflow/dags/forex_data_pipeline.py for tasks to queue
[2023-04-24T21:58:48.685+0000] {logging_mixin.py:137} INFO - [2023-04-24T21:58:48.684+0000] {dagbag.py:538} INFO - Filling up the DagBag from /opt/airflow/dags/forex_data_pipeline.py
[2023-04-24T21:58:49.166+0000] {processor.py:753} INFO - DAG(s) dict_keys(['forex_data_pipeline']) retrieved from /opt/airflow/dags/forex_data_pipeline.py
[2023-04-24T21:58:49.191+0000] {logging_mixin.py:137} INFO - [2023-04-24T21:58:49.191+0000] {dag.py:2690} INFO - Sync 1 DAGs
[2023-04-24T21:58:49.215+0000] {logging_mixin.py:137} INFO - [2023-04-24T21:58:49.215+0000] {dag.py:3441} INFO - Setting next_dagrun for forex_data_pipeline to 2023-04-24T00:00:00+00:00, run_after=2023-04-25T00:00:00+00:00
[2023-04-24T21:58:49.237+0000] {processor.py:175} INFO - Processing /opt/airflow/dags/forex_data_pipeline.py took 0.559 seconds
[2023-04-24T21:59:20.028+0000] {processor.py:153} INFO - Started process (PID=1873) to work on /opt/airflow/dags/forex_data_pipeline.py
[2023-04-24T21:59:20.031+0000] {processor.py:743} INFO - Processing file /opt/airflow/dags/forex_data_pipeline.py for tasks to queue
[2023-04-24T21:59:20.032+0000] {logging_mixin.py:137} INFO - [2023-04-24T21:59:20.032+0000] {dagbag.py:538} INFO - Filling up the DagBag from /opt/airflow/dags/forex_data_pipeline.py
[2023-04-24T21:59:20.408+0000] {processor.py:753} INFO - DAG(s) dict_keys(['forex_data_pipeline']) retrieved from /opt/airflow/dags/forex_data_pipeline.py
[2023-04-24T21:59:20.428+0000] {logging_mixin.py:137} INFO - [2023-04-24T21:59:20.428+0000] {dag.py:2690} INFO - Sync 1 DAGs
[2023-04-24T21:59:20.448+0000] {logging_mixin.py:137} INFO - [2023-04-24T21:59:20.448+0000] {dag.py:3441} INFO - Setting next_dagrun for forex_data_pipeline to 2023-04-24T00:00:00+00:00, run_after=2023-04-25T00:00:00+00:00
[2023-04-24T21:59:20.475+0000] {processor.py:175} INFO - Processing /opt/airflow/dags/forex_data_pipeline.py took 0.450 seconds
[2023-04-24T21:59:50.698+0000] {processor.py:153} INFO - Started process (PID=1937) to work on /opt/airflow/dags/forex_data_pipeline.py
[2023-04-24T21:59:50.700+0000] {processor.py:743} INFO - Processing file /opt/airflow/dags/forex_data_pipeline.py for tasks to queue
[2023-04-24T21:59:50.703+0000] {logging_mixin.py:137} INFO - [2023-04-24T21:59:50.702+0000] {dagbag.py:538} INFO - Filling up the DagBag from /opt/airflow/dags/forex_data_pipeline.py
[2023-04-24T21:59:51.120+0000] {processor.py:753} INFO - DAG(s) dict_keys(['forex_data_pipeline']) retrieved from /opt/airflow/dags/forex_data_pipeline.py
[2023-04-24T21:59:51.140+0000] {logging_mixin.py:137} INFO - [2023-04-24T21:59:51.140+0000] {dag.py:2690} INFO - Sync 1 DAGs
[2023-04-24T21:59:51.161+0000] {logging_mixin.py:137} INFO - [2023-04-24T21:59:51.161+0000] {dag.py:3441} INFO - Setting next_dagrun for forex_data_pipeline to 2023-04-24T00:00:00+00:00, run_after=2023-04-25T00:00:00+00:00
[2023-04-24T21:59:51.180+0000] {processor.py:175} INFO - Processing /opt/airflow/dags/forex_data_pipeline.py took 0.486 seconds
[2023-04-24T22:00:21.445+0000] {processor.py:153} INFO - Started process (PID=1981) to work on /opt/airflow/dags/forex_data_pipeline.py
[2023-04-24T22:00:21.447+0000] {processor.py:743} INFO - Processing file /opt/airflow/dags/forex_data_pipeline.py for tasks to queue
[2023-04-24T22:00:21.449+0000] {logging_mixin.py:137} INFO - [2023-04-24T22:00:21.448+0000] {dagbag.py:538} INFO - Filling up the DagBag from /opt/airflow/dags/forex_data_pipeline.py
[2023-04-24T22:00:21.921+0000] {processor.py:753} INFO - DAG(s) dict_keys(['forex_data_pipeline']) retrieved from /opt/airflow/dags/forex_data_pipeline.py
[2023-04-24T22:00:21.941+0000] {logging_mixin.py:137} INFO - [2023-04-24T22:00:21.940+0000] {dag.py:2690} INFO - Sync 1 DAGs
[2023-04-24T22:00:21.962+0000] {logging_mixin.py:137} INFO - [2023-04-24T22:00:21.961+0000] {dag.py:3441} INFO - Setting next_dagrun for forex_data_pipeline to 2023-04-24T00:00:00+00:00, run_after=2023-04-25T00:00:00+00:00
[2023-04-24T22:00:21.985+0000] {processor.py:175} INFO - Processing /opt/airflow/dags/forex_data_pipeline.py took 0.543 seconds
[2023-04-24T22:00:52.122+0000] {processor.py:153} INFO - Started process (PID=2045) to work on /opt/airflow/dags/forex_data_pipeline.py
[2023-04-24T22:00:52.124+0000] {processor.py:743} INFO - Processing file /opt/airflow/dags/forex_data_pipeline.py for tasks to queue
[2023-04-24T22:00:52.125+0000] {logging_mixin.py:137} INFO - [2023-04-24T22:00:52.125+0000] {dagbag.py:538} INFO - Filling up the DagBag from /opt/airflow/dags/forex_data_pipeline.py
[2023-04-24T22:00:52.799+0000] {processor.py:753} INFO - DAG(s) dict_keys(['forex_data_pipeline']) retrieved from /opt/airflow/dags/forex_data_pipeline.py
[2023-04-24T22:00:52.823+0000] {logging_mixin.py:137} INFO - [2023-04-24T22:00:52.823+0000] {dag.py:2690} INFO - Sync 1 DAGs
[2023-04-24T22:00:52.851+0000] {logging_mixin.py:137} INFO - [2023-04-24T22:00:52.851+0000] {dag.py:3441} INFO - Setting next_dagrun for forex_data_pipeline to 2023-04-24T00:00:00+00:00, run_after=2023-04-25T00:00:00+00:00
[2023-04-24T22:00:52.902+0000] {processor.py:175} INFO - Processing /opt/airflow/dags/forex_data_pipeline.py took 0.783 seconds
[2023-04-24T22:01:23.623+0000] {processor.py:153} INFO - Started process (PID=2090) to work on /opt/airflow/dags/forex_data_pipeline.py
[2023-04-24T22:01:23.624+0000] {processor.py:743} INFO - Processing file /opt/airflow/dags/forex_data_pipeline.py for tasks to queue
[2023-04-24T22:01:23.625+0000] {logging_mixin.py:137} INFO - [2023-04-24T22:01:23.625+0000] {dagbag.py:538} INFO - Filling up the DagBag from /opt/airflow/dags/forex_data_pipeline.py
[2023-04-24T22:01:24.020+0000] {processor.py:753} INFO - DAG(s) dict_keys(['forex_data_pipeline']) retrieved from /opt/airflow/dags/forex_data_pipeline.py
[2023-04-24T22:01:24.038+0000] {logging_mixin.py:137} INFO - [2023-04-24T22:01:24.038+0000] {dag.py:2690} INFO - Sync 1 DAGs
[2023-04-24T22:01:24.059+0000] {logging_mixin.py:137} INFO - [2023-04-24T22:01:24.059+0000] {dag.py:3441} INFO - Setting next_dagrun for forex_data_pipeline to 2023-04-24T00:00:00+00:00, run_after=2023-04-25T00:00:00+00:00
[2023-04-24T22:01:24.079+0000] {processor.py:175} INFO - Processing /opt/airflow/dags/forex_data_pipeline.py took 0.458 seconds
[2023-04-24T22:01:54.711+0000] {processor.py:153} INFO - Started process (PID=2154) to work on /opt/airflow/dags/forex_data_pipeline.py
[2023-04-24T22:01:54.714+0000] {processor.py:743} INFO - Processing file /opt/airflow/dags/forex_data_pipeline.py for tasks to queue
[2023-04-24T22:01:54.715+0000] {logging_mixin.py:137} INFO - [2023-04-24T22:01:54.715+0000] {dagbag.py:538} INFO - Filling up the DagBag from /opt/airflow/dags/forex_data_pipeline.py
[2023-04-24T22:01:55.189+0000] {processor.py:753} INFO - DAG(s) dict_keys(['forex_data_pipeline']) retrieved from /opt/airflow/dags/forex_data_pipeline.py
[2023-04-24T22:01:55.218+0000] {logging_mixin.py:137} INFO - [2023-04-24T22:01:55.218+0000] {dag.py:2690} INFO - Sync 1 DAGs
[2023-04-24T22:01:55.247+0000] {logging_mixin.py:137} INFO - [2023-04-24T22:01:55.247+0000] {dag.py:3441} INFO - Setting next_dagrun for forex_data_pipeline to 2023-04-24T00:00:00+00:00, run_after=2023-04-25T00:00:00+00:00
[2023-04-24T22:01:55.266+0000] {processor.py:175} INFO - Processing /opt/airflow/dags/forex_data_pipeline.py took 0.558 seconds
[2023-04-24T22:02:25.893+0000] {processor.py:153} INFO - Started process (PID=2198) to work on /opt/airflow/dags/forex_data_pipeline.py
[2023-04-24T22:02:25.896+0000] {processor.py:743} INFO - Processing file /opt/airflow/dags/forex_data_pipeline.py for tasks to queue
[2023-04-24T22:02:25.897+0000] {logging_mixin.py:137} INFO - [2023-04-24T22:02:25.897+0000] {dagbag.py:538} INFO - Filling up the DagBag from /opt/airflow/dags/forex_data_pipeline.py
[2023-04-24T22:02:26.300+0000] {processor.py:753} INFO - DAG(s) dict_keys(['forex_data_pipeline']) retrieved from /opt/airflow/dags/forex_data_pipeline.py
[2023-04-24T22:02:26.326+0000] {logging_mixin.py:137} INFO - [2023-04-24T22:02:26.326+0000] {dag.py:2690} INFO - Sync 1 DAGs
[2023-04-24T22:02:26.349+0000] {logging_mixin.py:137} INFO - [2023-04-24T22:02:26.349+0000] {dag.py:3441} INFO - Setting next_dagrun for forex_data_pipeline to 2023-04-24T00:00:00+00:00, run_after=2023-04-25T00:00:00+00:00
[2023-04-24T22:02:26.381+0000] {processor.py:175} INFO - Processing /opt/airflow/dags/forex_data_pipeline.py took 0.490 seconds
[2023-04-24T22:02:56.591+0000] {processor.py:153} INFO - Started process (PID=2262) to work on /opt/airflow/dags/forex_data_pipeline.py
[2023-04-24T22:02:56.594+0000] {processor.py:743} INFO - Processing file /opt/airflow/dags/forex_data_pipeline.py for tasks to queue
[2023-04-24T22:02:56.595+0000] {logging_mixin.py:137} INFO - [2023-04-24T22:02:56.595+0000] {dagbag.py:538} INFO - Filling up the DagBag from /opt/airflow/dags/forex_data_pipeline.py
[2023-04-24T22:02:57.015+0000] {processor.py:753} INFO - DAG(s) dict_keys(['forex_data_pipeline']) retrieved from /opt/airflow/dags/forex_data_pipeline.py
[2023-04-24T22:02:57.034+0000] {logging_mixin.py:137} INFO - [2023-04-24T22:02:57.034+0000] {dag.py:2690} INFO - Sync 1 DAGs
[2023-04-24T22:02:57.058+0000] {logging_mixin.py:137} INFO - [2023-04-24T22:02:57.057+0000] {dag.py:3441} INFO - Setting next_dagrun for forex_data_pipeline to 2023-04-24T00:00:00+00:00, run_after=2023-04-25T00:00:00+00:00
[2023-04-24T22:02:57.084+0000] {processor.py:175} INFO - Processing /opt/airflow/dags/forex_data_pipeline.py took 0.496 seconds
[2023-04-24T22:03:27.873+0000] {processor.py:153} INFO - Started process (PID=2316) to work on /opt/airflow/dags/forex_data_pipeline.py
[2023-04-24T22:03:27.884+0000] {processor.py:743} INFO - Processing file /opt/airflow/dags/forex_data_pipeline.py for tasks to queue
[2023-04-24T22:03:27.886+0000] {logging_mixin.py:137} INFO - [2023-04-24T22:03:27.886+0000] {dagbag.py:538} INFO - Filling up the DagBag from /opt/airflow/dags/forex_data_pipeline.py
[2023-04-24T22:03:28.281+0000] {processor.py:753} INFO - DAG(s) dict_keys(['forex_data_pipeline']) retrieved from /opt/airflow/dags/forex_data_pipeline.py
[2023-04-24T22:03:28.301+0000] {logging_mixin.py:137} INFO - [2023-04-24T22:03:28.300+0000] {dag.py:2690} INFO - Sync 1 DAGs
[2023-04-24T22:03:28.322+0000] {logging_mixin.py:137} INFO - [2023-04-24T22:03:28.322+0000] {dag.py:3441} INFO - Setting next_dagrun for forex_data_pipeline to 2023-04-24T00:00:00+00:00, run_after=2023-04-25T00:00:00+00:00
[2023-04-24T22:03:28.346+0000] {processor.py:175} INFO - Processing /opt/airflow/dags/forex_data_pipeline.py took 0.476 seconds
[2023-04-24T22:03:59.031+0000] {processor.py:153} INFO - Started process (PID=2370) to work on /opt/airflow/dags/forex_data_pipeline.py
[2023-04-24T22:03:59.033+0000] {processor.py:743} INFO - Processing file /opt/airflow/dags/forex_data_pipeline.py for tasks to queue
[2023-04-24T22:03:59.033+0000] {logging_mixin.py:137} INFO - [2023-04-24T22:03:59.033+0000] {dagbag.py:538} INFO - Filling up the DagBag from /opt/airflow/dags/forex_data_pipeline.py
[2023-04-24T22:03:59.361+0000] {processor.py:753} INFO - DAG(s) dict_keys(['forex_data_pipeline']) retrieved from /opt/airflow/dags/forex_data_pipeline.py
[2023-04-24T22:03:59.383+0000] {logging_mixin.py:137} INFO - [2023-04-24T22:03:59.383+0000] {dag.py:2690} INFO - Sync 1 DAGs
[2023-04-24T22:03:59.404+0000] {logging_mixin.py:137} INFO - [2023-04-24T22:03:59.404+0000] {dag.py:3441} INFO - Setting next_dagrun for forex_data_pipeline to 2023-04-24T00:00:00+00:00, run_after=2023-04-25T00:00:00+00:00
[2023-04-24T22:03:59.427+0000] {processor.py:175} INFO - Processing /opt/airflow/dags/forex_data_pipeline.py took 0.398 seconds
[2023-04-24T22:04:29.891+0000] {processor.py:153} INFO - Started process (PID=2434) to work on /opt/airflow/dags/forex_data_pipeline.py
[2023-04-24T22:04:29.894+0000] {processor.py:743} INFO - Processing file /opt/airflow/dags/forex_data_pipeline.py for tasks to queue
[2023-04-24T22:04:29.895+0000] {logging_mixin.py:137} INFO - [2023-04-24T22:04:29.895+0000] {dagbag.py:538} INFO - Filling up the DagBag from /opt/airflow/dags/forex_data_pipeline.py
[2023-04-24T22:04:30.268+0000] {processor.py:753} INFO - DAG(s) dict_keys(['forex_data_pipeline']) retrieved from /opt/airflow/dags/forex_data_pipeline.py
[2023-04-24T22:04:30.288+0000] {logging_mixin.py:137} INFO - [2023-04-24T22:04:30.288+0000] {dag.py:2690} INFO - Sync 1 DAGs
[2023-04-24T22:04:30.308+0000] {logging_mixin.py:137} INFO - [2023-04-24T22:04:30.308+0000] {dag.py:3441} INFO - Setting next_dagrun for forex_data_pipeline to 2023-04-24T00:00:00+00:00, run_after=2023-04-25T00:00:00+00:00
[2023-04-24T22:04:30.328+0000] {processor.py:175} INFO - Processing /opt/airflow/dags/forex_data_pipeline.py took 0.440 seconds
[2023-04-24T22:05:00.658+0000] {processor.py:153} INFO - Started process (PID=2478) to work on /opt/airflow/dags/forex_data_pipeline.py
[2023-04-24T22:05:00.660+0000] {processor.py:743} INFO - Processing file /opt/airflow/dags/forex_data_pipeline.py for tasks to queue
[2023-04-24T22:05:00.661+0000] {logging_mixin.py:137} INFO - [2023-04-24T22:05:00.661+0000] {dagbag.py:538} INFO - Filling up the DagBag from /opt/airflow/dags/forex_data_pipeline.py
[2023-04-24T22:05:00.997+0000] {processor.py:753} INFO - DAG(s) dict_keys(['forex_data_pipeline']) retrieved from /opt/airflow/dags/forex_data_pipeline.py
[2023-04-24T22:05:01.026+0000] {logging_mixin.py:137} INFO - [2023-04-24T22:05:01.026+0000] {dag.py:2690} INFO - Sync 1 DAGs
[2023-04-24T22:05:01.044+0000] {logging_mixin.py:137} INFO - [2023-04-24T22:05:01.044+0000] {dag.py:3441} INFO - Setting next_dagrun for forex_data_pipeline to 2023-04-24T00:00:00+00:00, run_after=2023-04-25T00:00:00+00:00
[2023-04-24T22:05:01.065+0000] {processor.py:175} INFO - Processing /opt/airflow/dags/forex_data_pipeline.py took 0.410 seconds
[2023-04-24T22:05:31.215+0000] {processor.py:153} INFO - Started process (PID=2540) to work on /opt/airflow/dags/forex_data_pipeline.py
[2023-04-24T22:05:31.217+0000] {processor.py:743} INFO - Processing file /opt/airflow/dags/forex_data_pipeline.py for tasks to queue
[2023-04-24T22:05:31.219+0000] {logging_mixin.py:137} INFO - [2023-04-24T22:05:31.218+0000] {dagbag.py:538} INFO - Filling up the DagBag from /opt/airflow/dags/forex_data_pipeline.py
[2023-04-24T22:05:31.591+0000] {processor.py:753} INFO - DAG(s) dict_keys(['forex_data_pipeline']) retrieved from /opt/airflow/dags/forex_data_pipeline.py
[2023-04-24T22:05:31.609+0000] {logging_mixin.py:137} INFO - [2023-04-24T22:05:31.609+0000] {dag.py:2690} INFO - Sync 1 DAGs
[2023-04-24T22:05:31.629+0000] {logging_mixin.py:137} INFO - [2023-04-24T22:05:31.629+0000] {dag.py:3441} INFO - Setting next_dagrun for forex_data_pipeline to 2023-04-24T00:00:00+00:00, run_after=2023-04-25T00:00:00+00:00
[2023-04-24T22:05:31.651+0000] {processor.py:175} INFO - Processing /opt/airflow/dags/forex_data_pipeline.py took 0.438 seconds
[2023-04-24T22:06:01.816+0000] {processor.py:153} INFO - Started process (PID=2584) to work on /opt/airflow/dags/forex_data_pipeline.py
[2023-04-24T22:06:01.817+0000] {processor.py:743} INFO - Processing file /opt/airflow/dags/forex_data_pipeline.py for tasks to queue
[2023-04-24T22:06:01.818+0000] {logging_mixin.py:137} INFO - [2023-04-24T22:06:01.818+0000] {dagbag.py:538} INFO - Filling up the DagBag from /opt/airflow/dags/forex_data_pipeline.py
[2023-04-24T22:06:02.155+0000] {processor.py:753} INFO - DAG(s) dict_keys(['forex_data_pipeline']) retrieved from /opt/airflow/dags/forex_data_pipeline.py
[2023-04-24T22:06:02.173+0000] {logging_mixin.py:137} INFO - [2023-04-24T22:06:02.173+0000] {dag.py:2690} INFO - Sync 1 DAGs
[2023-04-24T22:06:02.192+0000] {logging_mixin.py:137} INFO - [2023-04-24T22:06:02.192+0000] {dag.py:3441} INFO - Setting next_dagrun for forex_data_pipeline to 2023-04-24T00:00:00+00:00, run_after=2023-04-25T00:00:00+00:00
[2023-04-24T22:06:02.211+0000] {processor.py:175} INFO - Processing /opt/airflow/dags/forex_data_pipeline.py took 0.398 seconds
[2023-04-24T22:06:32.563+0000] {processor.py:153} INFO - Started process (PID=2648) to work on /opt/airflow/dags/forex_data_pipeline.py
[2023-04-24T22:06:32.565+0000] {processor.py:743} INFO - Processing file /opt/airflow/dags/forex_data_pipeline.py for tasks to queue
[2023-04-24T22:06:32.566+0000] {logging_mixin.py:137} INFO - [2023-04-24T22:06:32.566+0000] {dagbag.py:538} INFO - Filling up the DagBag from /opt/airflow/dags/forex_data_pipeline.py
[2023-04-24T22:06:33.144+0000] {processor.py:753} INFO - DAG(s) dict_keys(['forex_data_pipeline']) retrieved from /opt/airflow/dags/forex_data_pipeline.py
[2023-04-24T22:06:33.170+0000] {logging_mixin.py:137} INFO - [2023-04-24T22:06:33.169+0000] {dag.py:2690} INFO - Sync 1 DAGs
[2023-04-24T22:06:33.201+0000] {logging_mixin.py:137} INFO - [2023-04-24T22:06:33.201+0000] {dag.py:3441} INFO - Setting next_dagrun for forex_data_pipeline to 2023-04-24T00:00:00+00:00, run_after=2023-04-25T00:00:00+00:00
[2023-04-24T22:06:33.234+0000] {processor.py:175} INFO - Processing /opt/airflow/dags/forex_data_pipeline.py took 0.674 seconds
[2023-04-24T22:07:03.895+0000] {processor.py:153} INFO - Started process (PID=2700) to work on /opt/airflow/dags/forex_data_pipeline.py
[2023-04-24T22:07:03.898+0000] {processor.py:743} INFO - Processing file /opt/airflow/dags/forex_data_pipeline.py for tasks to queue
[2023-04-24T22:07:03.899+0000] {logging_mixin.py:137} INFO - [2023-04-24T22:07:03.898+0000] {dagbag.py:538} INFO - Filling up the DagBag from /opt/airflow/dags/forex_data_pipeline.py
[2023-04-24T22:07:04.287+0000] {processor.py:753} INFO - DAG(s) dict_keys(['forex_data_pipeline']) retrieved from /opt/airflow/dags/forex_data_pipeline.py
[2023-04-24T22:07:04.311+0000] {logging_mixin.py:137} INFO - [2023-04-24T22:07:04.311+0000] {dag.py:2690} INFO - Sync 1 DAGs
[2023-04-24T22:07:04.334+0000] {logging_mixin.py:137} INFO - [2023-04-24T22:07:04.334+0000] {dag.py:3441} INFO - Setting next_dagrun for forex_data_pipeline to 2023-04-24T00:00:00+00:00, run_after=2023-04-25T00:00:00+00:00
[2023-04-24T22:07:04.357+0000] {processor.py:175} INFO - Processing /opt/airflow/dags/forex_data_pipeline.py took 0.464 seconds
[2023-04-24T22:07:34.998+0000] {processor.py:153} INFO - Started process (PID=2755) to work on /opt/airflow/dags/forex_data_pipeline.py
[2023-04-24T22:07:34.999+0000] {processor.py:743} INFO - Processing file /opt/airflow/dags/forex_data_pipeline.py for tasks to queue
[2023-04-24T22:07:35.000+0000] {logging_mixin.py:137} INFO - [2023-04-24T22:07:35.000+0000] {dagbag.py:538} INFO - Filling up the DagBag from /opt/airflow/dags/forex_data_pipeline.py
[2023-04-24T22:07:35.379+0000] {processor.py:753} INFO - DAG(s) dict_keys(['forex_data_pipeline']) retrieved from /opt/airflow/dags/forex_data_pipeline.py
[2023-04-24T22:07:35.397+0000] {logging_mixin.py:137} INFO - [2023-04-24T22:07:35.397+0000] {dag.py:2690} INFO - Sync 1 DAGs
[2023-04-24T22:07:35.416+0000] {logging_mixin.py:137} INFO - [2023-04-24T22:07:35.416+0000] {dag.py:3441} INFO - Setting next_dagrun for forex_data_pipeline to 2023-04-24T00:00:00+00:00, run_after=2023-04-25T00:00:00+00:00
[2023-04-24T22:07:35.434+0000] {processor.py:175} INFO - Processing /opt/airflow/dags/forex_data_pipeline.py took 0.439 seconds
[2023-04-24T22:08:06.138+0000] {processor.py:153} INFO - Started process (PID=2819) to work on /opt/airflow/dags/forex_data_pipeline.py
[2023-04-24T22:08:06.139+0000] {processor.py:743} INFO - Processing file /opt/airflow/dags/forex_data_pipeline.py for tasks to queue
[2023-04-24T22:08:06.140+0000] {logging_mixin.py:137} INFO - [2023-04-24T22:08:06.140+0000] {dagbag.py:538} INFO - Filling up the DagBag from /opt/airflow/dags/forex_data_pipeline.py
[2023-04-24T22:08:06.481+0000] {processor.py:753} INFO - DAG(s) dict_keys(['forex_data_pipeline']) retrieved from /opt/airflow/dags/forex_data_pipeline.py
[2023-04-24T22:08:06.510+0000] {logging_mixin.py:137} INFO - [2023-04-24T22:08:06.510+0000] {dag.py:2690} INFO - Sync 1 DAGs
[2023-04-24T22:08:06.538+0000] {logging_mixin.py:137} INFO - [2023-04-24T22:08:06.537+0000] {dag.py:3441} INFO - Setting next_dagrun for forex_data_pipeline to 2023-04-24T00:00:00+00:00, run_after=2023-04-25T00:00:00+00:00
[2023-04-24T22:08:06.558+0000] {processor.py:175} INFO - Processing /opt/airflow/dags/forex_data_pipeline.py took 0.422 seconds
[2023-04-24T22:08:36.755+0000] {processor.py:153} INFO - Started process (PID=2862) to work on /opt/airflow/dags/forex_data_pipeline.py
[2023-04-24T22:08:36.757+0000] {processor.py:743} INFO - Processing file /opt/airflow/dags/forex_data_pipeline.py for tasks to queue
[2023-04-24T22:08:36.758+0000] {logging_mixin.py:137} INFO - [2023-04-24T22:08:36.758+0000] {dagbag.py:538} INFO - Filling up the DagBag from /opt/airflow/dags/forex_data_pipeline.py
[2023-04-24T22:08:37.132+0000] {processor.py:753} INFO - DAG(s) dict_keys(['forex_data_pipeline']) retrieved from /opt/airflow/dags/forex_data_pipeline.py
[2023-04-24T22:08:37.151+0000] {logging_mixin.py:137} INFO - [2023-04-24T22:08:37.150+0000] {dag.py:2690} INFO - Sync 1 DAGs
[2023-04-24T22:08:37.169+0000] {logging_mixin.py:137} INFO - [2023-04-24T22:08:37.169+0000] {dag.py:3441} INFO - Setting next_dagrun for forex_data_pipeline to 2023-04-24T00:00:00+00:00, run_after=2023-04-25T00:00:00+00:00
[2023-04-24T22:08:37.190+0000] {processor.py:175} INFO - Processing /opt/airflow/dags/forex_data_pipeline.py took 0.437 seconds
[2023-04-24T22:09:07.418+0000] {processor.py:153} INFO - Started process (PID=2926) to work on /opt/airflow/dags/forex_data_pipeline.py
[2023-04-24T22:09:07.426+0000] {processor.py:743} INFO - Processing file /opt/airflow/dags/forex_data_pipeline.py for tasks to queue
[2023-04-24T22:09:07.430+0000] {logging_mixin.py:137} INFO - [2023-04-24T22:09:07.430+0000] {dagbag.py:538} INFO - Filling up the DagBag from /opt/airflow/dags/forex_data_pipeline.py
[2023-04-24T22:09:07.839+0000] {processor.py:753} INFO - DAG(s) dict_keys(['forex_data_pipeline']) retrieved from /opt/airflow/dags/forex_data_pipeline.py
[2023-04-24T22:09:07.860+0000] {logging_mixin.py:137} INFO - [2023-04-24T22:09:07.860+0000] {dag.py:2690} INFO - Sync 1 DAGs
[2023-04-24T22:09:07.883+0000] {logging_mixin.py:137} INFO - [2023-04-24T22:09:07.883+0000] {dag.py:3441} INFO - Setting next_dagrun for forex_data_pipeline to 2023-04-24T00:00:00+00:00, run_after=2023-04-25T00:00:00+00:00
[2023-04-24T22:09:07.906+0000] {processor.py:175} INFO - Processing /opt/airflow/dags/forex_data_pipeline.py took 0.492 seconds
