[2023-04-11T22:22:19.177+0000] {taskinstance.py:1087} INFO - Dependencies all met for <TaskInstance: forex_data_pipeline.downloading_rates scheduled__2023-04-10T00:00:00+00:00 [queued]>
[2023-04-11T22:22:19.192+0000] {taskinstance.py:1087} INFO - Dependencies all met for <TaskInstance: forex_data_pipeline.downloading_rates scheduled__2023-04-10T00:00:00+00:00 [queued]>
[2023-04-11T22:22:19.193+0000] {taskinstance.py:1283} INFO - 
--------------------------------------------------------------------------------
[2023-04-11T22:22:19.193+0000] {taskinstance.py:1284} INFO - Starting attempt 1 of 3
[2023-04-11T22:22:19.194+0000] {taskinstance.py:1285} INFO - 
--------------------------------------------------------------------------------
[2023-04-11T22:22:19.210+0000] {taskinstance.py:1304} INFO - Executing <Task(PythonOperator): downloading_rates> on 2023-04-10 00:00:00+00:00
[2023-04-11T22:22:19.215+0000] {standard_task_runner.py:55} INFO - Started process 86 to run task
[2023-04-11T22:22:19.218+0000] {standard_task_runner.py:82} INFO - Running: ['***', 'tasks', 'run', 'forex_data_pipeline', 'downloading_rates', 'scheduled__2023-04-10T00:00:00+00:00', '--job-id', '1062', '--raw', '--subdir', 'DAGS_FOLDER/forex_data_pipeline.py', '--cfg-path', '/tmp/tmpxgavhk6v']
[2023-04-11T22:22:19.220+0000] {standard_task_runner.py:83} INFO - Job 1062: Subtask downloading_rates
[2023-04-11T22:22:19.275+0000] {task_command.py:389} INFO - Running <TaskInstance: forex_data_pipeline.downloading_rates scheduled__2023-04-10T00:00:00+00:00 [running]> on host b21115e7dff0
[2023-04-11T22:22:19.340+0000] {taskinstance.py:1513} INFO - Exporting the following env vars:
AIRFLOW_CTX_DAG_EMAIL=juanfelipehdezm@gmail.com
AIRFLOW_CTX_DAG_OWNER=felipehdez
AIRFLOW_CTX_DAG_ID=forex_data_pipeline
AIRFLOW_CTX_TASK_ID=downloading_rates
AIRFLOW_CTX_EXECUTION_DATE=2023-04-10T00:00:00+00:00
AIRFLOW_CTX_TRY_NUMBER=1
AIRFLOW_CTX_DAG_RUN_ID=scheduled__2023-04-10T00:00:00+00:00
[2023-04-11T22:22:20.068+0000] {python.py:177} INFO - Done. Returned value was: None
[2023-04-11T22:22:20.076+0000] {taskinstance.py:1327} INFO - Marking task as SUCCESS. dag_id=forex_data_pipeline, task_id=downloading_rates, execution_date=20230410T000000, start_date=20230411T222219, end_date=20230411T222220
[2023-04-11T22:22:20.114+0000] {local_task_job.py:159} INFO - Task exited with return code 0
[2023-04-11T22:22:20.138+0000] {taskinstance.py:2582} INFO - 1 downstream tasks scheduled from follow-on schedule check
