[2022-11-16T15:53:28.954+0000] {taskinstance.py:1165} INFO - Dependencies all met for <TaskInstance: forex_data_pipeline.process_json_file manual__2022-11-16T15:36:32.950738+00:00 [queued]>
[2022-11-16T15:53:28.965+0000] {taskinstance.py:1165} INFO - Dependencies all met for <TaskInstance: forex_data_pipeline.process_json_file manual__2022-11-16T15:36:32.950738+00:00 [queued]>
[2022-11-16T15:53:28.966+0000] {taskinstance.py:1362} INFO - 
--------------------------------------------------------------------------------
[2022-11-16T15:53:28.967+0000] {taskinstance.py:1363} INFO - Starting attempt 3 of 5
[2022-11-16T15:53:28.968+0000] {taskinstance.py:1364} INFO - 
--------------------------------------------------------------------------------
[2022-11-16T15:53:28.984+0000] {taskinstance.py:1383} INFO - Executing <Task(PythonOperator): process_json_file> on 2022-11-16 15:36:32.950738+00:00
[2022-11-16T15:53:28.988+0000] {standard_task_runner.py:54} INFO - Started process 1140 to run task
[2022-11-16T15:53:28.990+0000] {standard_task_runner.py:82} INFO - Running: ['***', 'tasks', 'run', 'forex_data_pipeline', 'process_json_file', 'manual__2022-11-16T15:36:32.950738+00:00', '--job-id', '203', '--raw', '--subdir', 'DAGS_FOLDER/forex_data_pipeline.py', '--cfg-path', '/tmp/tmppguhe67q']
[2022-11-16T15:53:28.991+0000] {standard_task_runner.py:83} INFO - Job 203: Subtask process_json_file
[2022-11-16T15:53:28.993+0000] {dagbag.py:525} INFO - Filling up the DagBag from /opt/***/dags/forex_data_pipeline.py
[2022-11-16T15:53:29.349+0000] {task_command.py:384} INFO - Running <TaskInstance: forex_data_pipeline.process_json_file manual__2022-11-16T15:36:32.950738+00:00 [running]> on host 9cbdb5013874
[2022-11-16T15:53:29.404+0000] {taskinstance.py:1592} INFO - Exporting the following env vars:
AIRFLOW_CTX_DAG_EMAIL=juanfelipehdezm@gmail.com
AIRFLOW_CTX_DAG_OWNER=felipehdez
AIRFLOW_CTX_DAG_ID=forex_data_pipeline
AIRFLOW_CTX_TASK_ID=process_json_file
AIRFLOW_CTX_EXECUTION_DATE=2022-11-16T15:36:32.950738+00:00
AIRFLOW_CTX_TRY_NUMBER=3
AIRFLOW_CTX_DAG_RUN_ID=manual__2022-11-16T15:36:32.950738+00:00
[2022-11-16T15:53:29.423+0000] {python.py:177} INFO - Done. Returned value was: None
[2022-11-16T15:53:29.431+0000] {taskinstance.py:1406} INFO - Marking task as SUCCESS. dag_id=forex_data_pipeline, task_id=process_json_file, execution_date=20221116T153632, start_date=20221116T155328, end_date=20221116T155329
[2022-11-16T15:53:29.486+0000] {local_task_job.py:164} INFO - Task exited with return code 0
[2022-11-16T15:53:29.504+0000] {local_task_job.py:273} INFO - 1 downstream tasks scheduled from follow-on schedule check
