[2022-11-16T15:52:05.088+0000] {taskinstance.py:1165} INFO - Dependencies all met for <TaskInstance: forex_data_pipeline.process_json_file manual__2022-11-16T15:36:32.950738+00:00 [queued]>
[2022-11-16T15:52:05.098+0000] {taskinstance.py:1165} INFO - Dependencies all met for <TaskInstance: forex_data_pipeline.process_json_file manual__2022-11-16T15:36:32.950738+00:00 [queued]>
[2022-11-16T15:52:05.099+0000] {taskinstance.py:1362} INFO - 
--------------------------------------------------------------------------------
[2022-11-16T15:52:05.100+0000] {taskinstance.py:1363} INFO - Starting attempt 2 of 4
[2022-11-16T15:52:05.101+0000] {taskinstance.py:1364} INFO - 
--------------------------------------------------------------------------------
[2022-11-16T15:52:05.112+0000] {taskinstance.py:1383} INFO - Executing <Task(PythonOperator): process_json_file> on 2022-11-16 15:36:32.950738+00:00
[2022-11-16T15:52:05.117+0000] {standard_task_runner.py:54} INFO - Started process 1052 to run task
[2022-11-16T15:52:05.119+0000] {standard_task_runner.py:82} INFO - Running: ['***', 'tasks', 'run', 'forex_data_pipeline', 'process_json_file', 'manual__2022-11-16T15:36:32.950738+00:00', '--job-id', '197', '--raw', '--subdir', 'DAGS_FOLDER/forex_data_pipeline.py', '--cfg-path', '/tmp/tmpf66xcnwe']
[2022-11-16T15:52:05.120+0000] {standard_task_runner.py:83} INFO - Job 197: Subtask process_json_file
[2022-11-16T15:52:05.121+0000] {dagbag.py:525} INFO - Filling up the DagBag from /opt/***/dags/forex_data_pipeline.py
[2022-11-16T15:52:05.452+0000] {task_command.py:384} INFO - Running <TaskInstance: forex_data_pipeline.process_json_file manual__2022-11-16T15:36:32.950738+00:00 [running]> on host 9cbdb5013874
[2022-11-16T15:52:05.505+0000] {taskinstance.py:1592} INFO - Exporting the following env vars:
AIRFLOW_CTX_DAG_EMAIL=juanfelipehdezm@gmail.com
AIRFLOW_CTX_DAG_OWNER=felipehdez
AIRFLOW_CTX_DAG_ID=forex_data_pipeline
AIRFLOW_CTX_TASK_ID=process_json_file
AIRFLOW_CTX_EXECUTION_DATE=2022-11-16T15:36:32.950738+00:00
AIRFLOW_CTX_TRY_NUMBER=2
AIRFLOW_CTX_DAG_RUN_ID=manual__2022-11-16T15:36:32.950738+00:00
[2022-11-16T15:52:05.528+0000] {python.py:177} INFO - Done. Returned value was: None
[2022-11-16T15:52:05.536+0000] {taskinstance.py:1406} INFO - Marking task as SUCCESS. dag_id=forex_data_pipeline, task_id=process_json_file, execution_date=20221116T153632, start_date=20221116T155205, end_date=20221116T155205
[2022-11-16T15:52:05.573+0000] {local_task_job.py:164} INFO - Task exited with return code 0
[2022-11-16T15:52:05.592+0000] {local_task_job.py:273} INFO - 1 downstream tasks scheduled from follow-on schedule check
