[2022-12-22T02:12:05.645+0000] {taskinstance.py:1087} INFO - Dependencies all met for <TaskInstance: forex_data_pipeline.is_forex_rates_file_available scheduled__2022-12-18T00:00:00+00:00 [queued]>
[2022-12-22T02:12:05.692+0000] {taskinstance.py:1087} INFO - Dependencies all met for <TaskInstance: forex_data_pipeline.is_forex_rates_file_available scheduled__2022-12-18T00:00:00+00:00 [queued]>
[2022-12-22T02:12:05.712+0000] {taskinstance.py:1283} INFO - 
--------------------------------------------------------------------------------
[2022-12-22T02:12:05.724+0000] {taskinstance.py:1284} INFO - Starting attempt 1 of 3
[2022-12-22T02:12:05.755+0000] {taskinstance.py:1285} INFO - 
--------------------------------------------------------------------------------
[2022-12-22T02:12:05.816+0000] {taskinstance.py:1304} INFO - Executing <Task(FileSensor): is_forex_rates_file_available> on 2022-12-18 00:00:00+00:00
[2022-12-22T02:12:05.832+0000] {standard_task_runner.py:55} INFO - Started process 105 to run task
[2022-12-22T02:12:05.837+0000] {standard_task_runner.py:82} INFO - Running: ['***', 'tasks', 'run', 'forex_data_pipeline', 'is_forex_rates_file_available', 'scheduled__2022-12-18T00:00:00+00:00', '--job-id', '463', '--raw', '--subdir', 'DAGS_FOLDER/forex_data_pipeline.py', '--cfg-path', '/tmp/tmprtioo0a1']
[2022-12-22T02:12:05.852+0000] {standard_task_runner.py:83} INFO - Job 463: Subtask is_forex_rates_file_available
[2022-12-22T02:12:06.030+0000] {task_command.py:389} INFO - Running <TaskInstance: forex_data_pipeline.is_forex_rates_file_available scheduled__2022-12-18T00:00:00+00:00 [running]> on host b21115e7dff0
[2022-12-22T02:12:06.191+0000] {taskinstance.py:1513} INFO - Exporting the following env vars:
AIRFLOW_CTX_DAG_EMAIL=juanfelipehdezm@gmail.com
AIRFLOW_CTX_DAG_OWNER=felipehdez
AIRFLOW_CTX_DAG_ID=forex_data_pipeline
AIRFLOW_CTX_TASK_ID=is_forex_rates_file_available
AIRFLOW_CTX_EXECUTION_DATE=2022-12-18T00:00:00+00:00
AIRFLOW_CTX_TRY_NUMBER=1
AIRFLOW_CTX_DAG_RUN_ID=scheduled__2022-12-18T00:00:00+00:00
[2022-12-22T02:12:06.210+0000] {base.py:73} INFO - Using connection ID 'forex_path' for task execution.
[2022-12-22T02:12:06.217+0000] {filesystem.py:64} INFO - Poking for file /opt/***/dags/files/rates.json
[2022-12-22T02:12:06.244+0000] {filesystem.py:69} INFO - Found File /opt/***/dags/files/rates.json last modified: 20221222021203
[2022-12-22T02:12:06.246+0000] {base.py:228} INFO - Success criteria met. Exiting.
[2022-12-22T02:12:06.261+0000] {taskinstance.py:1327} INFO - Marking task as SUCCESS. dag_id=forex_data_pipeline, task_id=is_forex_rates_file_available, execution_date=20221218T000000, start_date=20221222T021205, end_date=20221222T021206
[2022-12-22T02:12:06.376+0000] {local_task_job.py:159} INFO - Task exited with return code 0
[2022-12-22T02:12:06.443+0000] {taskinstance.py:2582} INFO - 1 downstream tasks scheduled from follow-on schedule check
