[2022-11-16T15:53:27.816+0000] {taskinstance.py:1165} INFO - Dependencies all met for <TaskInstance: forex_data_pipeline.is_forex_file_available manual__2022-11-16T15:36:32.950738+00:00 [queued]>
[2022-11-16T15:53:27.831+0000] {taskinstance.py:1165} INFO - Dependencies all met for <TaskInstance: forex_data_pipeline.is_forex_file_available manual__2022-11-16T15:36:32.950738+00:00 [queued]>
[2022-11-16T15:53:27.832+0000] {taskinstance.py:1362} INFO - 
--------------------------------------------------------------------------------
[2022-11-16T15:53:27.834+0000] {taskinstance.py:1363} INFO - Starting attempt 3 of 5
[2022-11-16T15:53:27.835+0000] {taskinstance.py:1364} INFO - 
--------------------------------------------------------------------------------
[2022-11-16T15:53:27.849+0000] {taskinstance.py:1383} INFO - Executing <Task(FileSensor): is_forex_file_available> on 2022-11-16 15:36:32.950738+00:00
[2022-11-16T15:53:27.854+0000] {standard_task_runner.py:54} INFO - Started process 1135 to run task
[2022-11-16T15:53:27.857+0000] {standard_task_runner.py:82} INFO - Running: ['***', 'tasks', 'run', 'forex_data_pipeline', 'is_forex_file_available', 'manual__2022-11-16T15:36:32.950738+00:00', '--job-id', '202', '--raw', '--subdir', 'DAGS_FOLDER/forex_data_pipeline.py', '--cfg-path', '/tmp/tmp5050pbky']
[2022-11-16T15:53:27.858+0000] {standard_task_runner.py:83} INFO - Job 202: Subtask is_forex_file_available
[2022-11-16T15:53:27.860+0000] {dagbag.py:525} INFO - Filling up the DagBag from /opt/***/dags/forex_data_pipeline.py
[2022-11-16T15:53:28.252+0000] {task_command.py:384} INFO - Running <TaskInstance: forex_data_pipeline.is_forex_file_available manual__2022-11-16T15:36:32.950738+00:00 [running]> on host 9cbdb5013874
[2022-11-16T15:53:28.318+0000] {taskinstance.py:1592} INFO - Exporting the following env vars:
AIRFLOW_CTX_DAG_EMAIL=juanfelipehdezm@gmail.com
AIRFLOW_CTX_DAG_OWNER=felipehdez
AIRFLOW_CTX_DAG_ID=forex_data_pipeline
AIRFLOW_CTX_TASK_ID=is_forex_file_available
AIRFLOW_CTX_EXECUTION_DATE=2022-11-16T15:36:32.950738+00:00
AIRFLOW_CTX_TRY_NUMBER=3
AIRFLOW_CTX_DAG_RUN_ID=manual__2022-11-16T15:36:32.950738+00:00
[2022-11-16T15:53:28.330+0000] {base.py:71} INFO - Using connection ID 'forex_path' for task execution.
[2022-11-16T15:53:28.331+0000] {filesystem.py:58} INFO - Poking for file /opt/***/dags/files/rates.json
[2022-11-16T15:53:28.342+0000] {filesystem.py:63} INFO - Found File /opt/***/dags/files/rates.json last modified: 20221116155326
[2022-11-16T15:53:28.343+0000] {base.py:213} INFO - Success criteria met. Exiting.
[2022-11-16T15:53:28.353+0000] {taskinstance.py:1406} INFO - Marking task as SUCCESS. dag_id=forex_data_pipeline, task_id=is_forex_file_available, execution_date=20221116T153632, start_date=20221116T155327, end_date=20221116T155328
[2022-11-16T15:53:28.392+0000] {local_task_job.py:164} INFO - Task exited with return code 0
[2022-11-16T15:53:28.421+0000] {local_task_job.py:273} INFO - 1 downstream tasks scheduled from follow-on schedule check
