[2022-11-27T15:27:04.643+0000] {taskinstance.py:1165} INFO - Dependencies all met for <TaskInstance: forex_data_pipeline.store_ratings scheduled__2022-11-25T00:00:00+00:00 [queued]>
[2022-11-27T15:27:04.656+0000] {taskinstance.py:1165} INFO - Dependencies all met for <TaskInstance: forex_data_pipeline.store_ratings scheduled__2022-11-25T00:00:00+00:00 [queued]>
[2022-11-27T15:27:04.657+0000] {taskinstance.py:1362} INFO - 
--------------------------------------------------------------------------------
[2022-11-27T15:27:04.658+0000] {taskinstance.py:1363} INFO - Starting attempt 1 of 3
[2022-11-27T15:27:04.659+0000] {taskinstance.py:1364} INFO - 
--------------------------------------------------------------------------------
[2022-11-27T15:27:04.673+0000] {taskinstance.py:1383} INFO - Executing <Task(PythonOperator): store_ratings> on 2022-11-25 00:00:00+00:00
[2022-11-27T15:27:04.677+0000] {standard_task_runner.py:54} INFO - Started process 94 to run task
[2022-11-27T15:27:04.680+0000] {standard_task_runner.py:82} INFO - Running: ['***', 'tasks', 'run', 'forex_data_pipeline', 'store_ratings', 'scheduled__2022-11-25T00:00:00+00:00', '--job-id', '305', '--raw', '--subdir', 'DAGS_FOLDER/forex_data_pipeline.py', '--cfg-path', '/tmp/tmpir_zxmzf']
[2022-11-27T15:27:04.681+0000] {standard_task_runner.py:83} INFO - Job 305: Subtask store_ratings
[2022-11-27T15:27:04.683+0000] {dagbag.py:525} INFO - Filling up the DagBag from /opt/***/dags/forex_data_pipeline.py
[2022-11-27T15:27:05.029+0000] {task_command.py:384} INFO - Running <TaskInstance: forex_data_pipeline.store_ratings scheduled__2022-11-25T00:00:00+00:00 [running]> on host 9cbdb5013874
[2022-11-27T15:27:05.102+0000] {taskinstance.py:1592} INFO - Exporting the following env vars:
AIRFLOW_CTX_DAG_EMAIL=juanfelipehdezm@gmail.com
AIRFLOW_CTX_DAG_OWNER=felipehdez
AIRFLOW_CTX_DAG_ID=forex_data_pipeline
AIRFLOW_CTX_TASK_ID=store_ratings
AIRFLOW_CTX_EXECUTION_DATE=2022-11-25T00:00:00+00:00
AIRFLOW_CTX_TRY_NUMBER=1
AIRFLOW_CTX_DAG_RUN_ID=scheduled__2022-11-25T00:00:00+00:00
[2022-11-27T15:27:05.103+0000] {postgres.py:129} INFO - Running copy expert: COPY forex_ratings FROM stdin WITH DELIMITER AS ',', filename: /opt/***/dags/files/rates.csv
[2022-11-27T15:27:05.120+0000] {base.py:71} INFO - Using connection ID 'forex_db' for task execution.
[2022-11-27T15:27:05.142+0000] {python.py:177} INFO - Done. Returned value was: None
[2022-11-27T15:27:05.151+0000] {taskinstance.py:1406} INFO - Marking task as SUCCESS. dag_id=forex_data_pipeline, task_id=store_ratings, execution_date=20221125T000000, start_date=20221127T152704, end_date=20221127T152705
[2022-11-27T15:27:05.215+0000] {local_task_job.py:164} INFO - Task exited with return code 0
[2022-11-27T15:27:05.233+0000] {local_task_job.py:273} INFO - 0 downstream tasks scheduled from follow-on schedule check
