[2022-11-23T14:45:58.571+0000] {taskinstance.py:1165} INFO - Dependencies all met for <TaskInstance: forex_data_pipeline.is_forex_rates_available scheduled__2022-11-22T00:00:00+00:00 [queued]>
[2022-11-23T14:45:58.589+0000] {taskinstance.py:1165} INFO - Dependencies all met for <TaskInstance: forex_data_pipeline.is_forex_rates_available scheduled__2022-11-22T00:00:00+00:00 [queued]>
[2022-11-23T14:45:58.590+0000] {taskinstance.py:1362} INFO - 
--------------------------------------------------------------------------------
[2022-11-23T14:45:58.591+0000] {taskinstance.py:1363} INFO - Starting attempt 1 of 3
[2022-11-23T14:45:58.592+0000] {taskinstance.py:1364} INFO - 
--------------------------------------------------------------------------------
[2022-11-23T14:45:58.616+0000] {taskinstance.py:1383} INFO - Executing <Task(HttpSensor): is_forex_rates_available> on 2022-11-22 00:00:00+00:00
[2022-11-23T14:45:58.622+0000] {standard_task_runner.py:54} INFO - Started process 69 to run task
[2022-11-23T14:45:58.626+0000] {standard_task_runner.py:82} INFO - Running: ['***', 'tasks', 'run', 'forex_data_pipeline', 'is_forex_rates_available', 'scheduled__2022-11-22T00:00:00+00:00', '--job-id', '265', '--raw', '--subdir', 'DAGS_FOLDER/forex_data_pipeline.py', '--cfg-path', '/tmp/tmpo7rxgw4f']
[2022-11-23T14:45:58.627+0000] {standard_task_runner.py:83} INFO - Job 265: Subtask is_forex_rates_available
[2022-11-23T14:45:58.629+0000] {dagbag.py:525} INFO - Filling up the DagBag from /opt/***/dags/forex_data_pipeline.py
[2022-11-23T14:45:59.485+0000] {task_command.py:384} INFO - Running <TaskInstance: forex_data_pipeline.is_forex_rates_available scheduled__2022-11-22T00:00:00+00:00 [running]> on host 9cbdb5013874
[2022-11-23T14:45:59.603+0000] {taskinstance.py:1592} INFO - Exporting the following env vars:
AIRFLOW_CTX_DAG_EMAIL=juanfelipehdezm@gmail.com
AIRFLOW_CTX_DAG_OWNER=felipehdez
AIRFLOW_CTX_DAG_ID=forex_data_pipeline
AIRFLOW_CTX_TASK_ID=is_forex_rates_available
AIRFLOW_CTX_EXECUTION_DATE=2022-11-22T00:00:00+00:00
AIRFLOW_CTX_TRY_NUMBER=1
AIRFLOW_CTX_DAG_RUN_ID=scheduled__2022-11-22T00:00:00+00:00
[2022-11-23T14:45:59.605+0000] {http.py:120} INFO - Poking: /query?function=CURRENCY_EXCHANGE_RATE&from_currency=USD&to_currency=COP&apikey=EHCCX9LJ1T4XQV4E
[2022-11-23T14:45:59.619+0000] {base.py:71} INFO - Using connection ID 'forex_api' for task execution.
[2022-11-23T14:45:59.623+0000] {http.py:148} INFO - Sending 'GET' to url: https://www.alphavantage.co/query?function=CURRENCY_EXCHANGE_RATE&from_currency=USD&to_currency=COP&apikey=EHCCX9LJ1T4XQV4E
[2022-11-23T14:46:00.910+0000] {base.py:213} INFO - Success criteria met. Exiting.
[2022-11-23T14:46:00.923+0000] {taskinstance.py:1406} INFO - Marking task as SUCCESS. dag_id=forex_data_pipeline, task_id=is_forex_rates_available, execution_date=20221122T000000, start_date=20221123T144558, end_date=20221123T144600
[2022-11-23T14:46:01.021+0000] {local_task_job.py:164} INFO - Task exited with return code 0
[2022-11-23T14:46:01.056+0000] {local_task_job.py:273} INFO - 1 downstream tasks scheduled from follow-on schedule check
