[2022-11-16T00:31:57.670+0000] {taskinstance.py:1165} INFO - Dependencies all met for <TaskInstance: forex_data_pipeline.is_forex_rates_available scheduled__2022-11-15T00:00:00+00:00 [queued]>
[2022-11-16T00:31:57.688+0000] {taskinstance.py:1165} INFO - Dependencies all met for <TaskInstance: forex_data_pipeline.is_forex_rates_available scheduled__2022-11-15T00:00:00+00:00 [queued]>
[2022-11-16T00:31:57.689+0000] {taskinstance.py:1362} INFO - 
--------------------------------------------------------------------------------
[2022-11-16T00:31:57.690+0000] {taskinstance.py:1363} INFO - Starting attempt 1 of 3
[2022-11-16T00:31:57.690+0000] {taskinstance.py:1364} INFO - 
--------------------------------------------------------------------------------
[2022-11-16T00:31:57.706+0000] {taskinstance.py:1383} INFO - Executing <Task(HttpSensor): is_forex_rates_available> on 2022-11-15 00:00:00+00:00
[2022-11-16T00:31:57.711+0000] {standard_task_runner.py:54} INFO - Started process 69 to run task
[2022-11-16T00:31:57.717+0000] {standard_task_runner.py:82} INFO - Running: ['***', 'tasks', 'run', 'forex_data_pipeline', 'is_forex_rates_available', 'scheduled__2022-11-15T00:00:00+00:00', '--job-id', '151', '--raw', '--subdir', 'DAGS_FOLDER/forex_data_pipeline.py', '--cfg-path', '/tmp/tmpeh_2rylk']
[2022-11-16T00:31:57.718+0000] {standard_task_runner.py:83} INFO - Job 151: Subtask is_forex_rates_available
[2022-11-16T00:31:57.719+0000] {dagbag.py:525} INFO - Filling up the DagBag from /opt/***/dags/forex_data_pipeline.py
[2022-11-16T00:31:58.436+0000] {task_command.py:384} INFO - Running <TaskInstance: forex_data_pipeline.is_forex_rates_available scheduled__2022-11-15T00:00:00+00:00 [running]> on host 9cbdb5013874
[2022-11-16T00:31:58.524+0000] {taskinstance.py:1592} INFO - Exporting the following env vars:
AIRFLOW_CTX_DAG_EMAIL=juanfelipehdezm@gmail.com
AIRFLOW_CTX_DAG_OWNER=felipehdez
AIRFLOW_CTX_DAG_ID=forex_data_pipeline
AIRFLOW_CTX_TASK_ID=is_forex_rates_available
AIRFLOW_CTX_EXECUTION_DATE=2022-11-15T00:00:00+00:00
AIRFLOW_CTX_TRY_NUMBER=1
AIRFLOW_CTX_DAG_RUN_ID=scheduled__2022-11-15T00:00:00+00:00
[2022-11-16T00:31:58.525+0000] {http.py:120} INFO - Poking: /query?function=CURRENCY_EXCHANGE_RATE&from_currency=USD&to_currency=COP&apikey=EHCCX9LJ1T4XQV4E
[2022-11-16T00:31:58.537+0000] {base.py:71} INFO - Using connection ID 'forex_api' for task execution.
[2022-11-16T00:31:58.539+0000] {http.py:148} INFO - Sending 'GET' to url: https://www.alphavantage.co/query?function=CURRENCY_EXCHANGE_RATE&from_currency=USD&to_currency=COP&apikey=EHCCX9LJ1T4XQV4E
[2022-11-16T00:31:59.431+0000] {base.py:213} INFO - Success criteria met. Exiting.
[2022-11-16T00:31:59.446+0000] {taskinstance.py:1406} INFO - Marking task as SUCCESS. dag_id=forex_data_pipeline, task_id=is_forex_rates_available, execution_date=20221115T000000, start_date=20221116T003157, end_date=20221116T003159
[2022-11-16T00:31:59.496+0000] {local_task_job.py:164} INFO - Task exited with return code 0
[2022-11-16T00:31:59.539+0000] {local_task_job.py:273} INFO - 1 downstream tasks scheduled from follow-on schedule check
