[2022-12-28T00:00:09.456+0000] {taskinstance.py:1087} INFO - Dependencies all met for <TaskInstance: forex_data_pipeline.process_json_file scheduled__2022-12-26T00:00:00+00:00 [queued]>
[2022-12-28T00:00:09.470+0000] {taskinstance.py:1087} INFO - Dependencies all met for <TaskInstance: forex_data_pipeline.process_json_file scheduled__2022-12-26T00:00:00+00:00 [queued]>
[2022-12-28T00:00:09.471+0000] {taskinstance.py:1283} INFO - 
--------------------------------------------------------------------------------
[2022-12-28T00:00:09.471+0000] {taskinstance.py:1284} INFO - Starting attempt 1 of 3
[2022-12-28T00:00:09.472+0000] {taskinstance.py:1285} INFO - 
--------------------------------------------------------------------------------
[2022-12-28T00:00:09.488+0000] {taskinstance.py:1304} INFO - Executing <Task(PythonOperator): process_json_file> on 2022-12-26 00:00:00+00:00
[2022-12-28T00:00:09.493+0000] {standard_task_runner.py:55} INFO - Started process 127 to run task
[2022-12-28T00:00:09.496+0000] {standard_task_runner.py:82} INFO - Running: ['***', 'tasks', 'run', 'forex_data_pipeline', 'process_json_file', 'scheduled__2022-12-26T00:00:00+00:00', '--job-id', '492', '--raw', '--subdir', 'DAGS_FOLDER/forex_data_pipeline.py', '--cfg-path', '/tmp/tmpv461dhju']
[2022-12-28T00:00:09.498+0000] {standard_task_runner.py:83} INFO - Job 492: Subtask process_json_file
[2022-12-28T00:00:09.585+0000] {task_command.py:389} INFO - Running <TaskInstance: forex_data_pipeline.process_json_file scheduled__2022-12-26T00:00:00+00:00 [running]> on host b21115e7dff0
[2022-12-28T00:00:09.682+0000] {taskinstance.py:1513} INFO - Exporting the following env vars:
AIRFLOW_CTX_DAG_EMAIL=juanfelipehdezm@gmail.com
AIRFLOW_CTX_DAG_OWNER=felipehdez
AIRFLOW_CTX_DAG_ID=forex_data_pipeline
AIRFLOW_CTX_TASK_ID=process_json_file
AIRFLOW_CTX_EXECUTION_DATE=2022-12-26T00:00:00+00:00
AIRFLOW_CTX_TRY_NUMBER=1
AIRFLOW_CTX_DAG_RUN_ID=scheduled__2022-12-26T00:00:00+00:00
[2022-12-28T00:00:09.789+0000] {python.py:177} INFO - Done. Returned value was: None
[2022-12-28T00:00:09.800+0000] {taskinstance.py:1327} INFO - Marking task as SUCCESS. dag_id=forex_data_pipeline, task_id=process_json_file, execution_date=20221226T000000, start_date=20221228T000009, end_date=20221228T000009
[2022-12-28T00:00:09.869+0000] {local_task_job.py:159} INFO - Task exited with return code 0
[2022-12-28T00:00:09.901+0000] {taskinstance.py:2582} INFO - 1 downstream tasks scheduled from follow-on schedule check
