[2022-11-24T00:40:23.372+0000] {taskinstance.py:1165} INFO - Dependencies all met for <TaskInstance: forex_data_pipeline.downloading_rates scheduled__2022-11-22T00:00:00+00:00 [queued]>
[2022-11-24T00:40:23.415+0000] {taskinstance.py:1165} INFO - Dependencies all met for <TaskInstance: forex_data_pipeline.downloading_rates scheduled__2022-11-22T00:00:00+00:00 [queued]>
[2022-11-24T00:40:23.417+0000] {taskinstance.py:1362} INFO - 
--------------------------------------------------------------------------------
[2022-11-24T00:40:23.418+0000] {taskinstance.py:1363} INFO - Starting attempt 1 of 3
[2022-11-24T00:40:23.419+0000] {taskinstance.py:1364} INFO - 
--------------------------------------------------------------------------------
[2022-11-24T00:40:23.478+0000] {taskinstance.py:1383} INFO - Executing <Task(PythonOperator): downloading_rates> on 2022-11-22 00:00:00+00:00
[2022-11-24T00:40:23.492+0000] {standard_task_runner.py:82} INFO - Running: ['***', 'tasks', 'run', 'forex_data_pipeline', 'downloading_rates', 'scheduled__2022-11-22T00:00:00+00:00', '--job-id', '271', '--raw', '--subdir', 'DAGS_FOLDER/forex_data_pipeline.py', '--cfg-path', '/tmp/tmpgkks9cu2']
[2022-11-24T00:40:23.494+0000] {standard_task_runner.py:83} INFO - Job 271: Subtask downloading_rates
[2022-11-24T00:40:23.486+0000] {standard_task_runner.py:54} INFO - Started process 71 to run task
[2022-11-24T00:40:23.503+0000] {dagbag.py:525} INFO - Filling up the DagBag from /opt/***/dags/forex_data_pipeline.py
[2022-11-24T00:40:24.974+0000] {task_command.py:384} INFO - Running <TaskInstance: forex_data_pipeline.downloading_rates scheduled__2022-11-22T00:00:00+00:00 [running]> on host 9cbdb5013874
[2022-11-24T00:40:25.195+0000] {taskinstance.py:1592} INFO - Exporting the following env vars:
AIRFLOW_CTX_DAG_EMAIL=juanfelipehdezm@gmail.com
AIRFLOW_CTX_DAG_OWNER=felipehdez
AIRFLOW_CTX_DAG_ID=forex_data_pipeline
AIRFLOW_CTX_TASK_ID=downloading_rates
AIRFLOW_CTX_EXECUTION_DATE=2022-11-22T00:00:00+00:00
AIRFLOW_CTX_TRY_NUMBER=1
AIRFLOW_CTX_DAG_RUN_ID=scheduled__2022-11-22T00:00:00+00:00
[2022-11-24T00:40:26.123+0000] {python.py:177} INFO - Done. Returned value was: None
[2022-11-24T00:40:26.133+0000] {taskinstance.py:1406} INFO - Marking task as SUCCESS. dag_id=forex_data_pipeline, task_id=downloading_rates, execution_date=20221122T000000, start_date=20221124T004023, end_date=20221124T004026
[2022-11-24T00:40:26.193+0000] {local_task_job.py:164} INFO - Task exited with return code 0
[2022-11-24T00:40:26.231+0000] {local_task_job.py:273} INFO - 1 downstream tasks scheduled from follow-on schedule check
