[2023-01-16T17:50:35.912+0000] {taskinstance.py:1087} INFO - Dependencies all met for <TaskInstance: forex_data_pipeline.is_forex_rates_file_available scheduled__2023-01-14T00:00:00+00:00 [queued]>
[2023-01-16T17:50:35.929+0000] {taskinstance.py:1087} INFO - Dependencies all met for <TaskInstance: forex_data_pipeline.is_forex_rates_file_available scheduled__2023-01-14T00:00:00+00:00 [queued]>
[2023-01-16T17:50:35.932+0000] {taskinstance.py:1283} INFO - 
--------------------------------------------------------------------------------
[2023-01-16T17:50:35.935+0000] {taskinstance.py:1284} INFO - Starting attempt 1 of 3
[2023-01-16T17:50:35.936+0000] {taskinstance.py:1285} INFO - 
--------------------------------------------------------------------------------
[2023-01-16T17:50:35.958+0000] {taskinstance.py:1304} INFO - Executing <Task(FileSensor): is_forex_rates_file_available> on 2023-01-14 00:00:00+00:00
[2023-01-16T17:50:35.965+0000] {standard_task_runner.py:55} INFO - Started process 95 to run task
[2023-01-16T17:50:35.970+0000] {standard_task_runner.py:82} INFO - Running: ['***', 'tasks', 'run', 'forex_data_pipeline', 'is_forex_rates_file_available', 'scheduled__2023-01-14T00:00:00+00:00', '--job-id', '569', '--raw', '--subdir', 'DAGS_FOLDER/forex_data_pipeline.py', '--cfg-path', '/tmp/tmph8x2z9ms']
[2023-01-16T17:50:35.973+0000] {standard_task_runner.py:83} INFO - Job 569: Subtask is_forex_rates_file_available
[2023-01-16T17:50:36.053+0000] {task_command.py:389} INFO - Running <TaskInstance: forex_data_pipeline.is_forex_rates_file_available scheduled__2023-01-14T00:00:00+00:00 [running]> on host b21115e7dff0
[2023-01-16T17:50:36.143+0000] {taskinstance.py:1513} INFO - Exporting the following env vars:
AIRFLOW_CTX_DAG_EMAIL=juanfelipehdezm@gmail.com
AIRFLOW_CTX_DAG_OWNER=felipehdez
AIRFLOW_CTX_DAG_ID=forex_data_pipeline
AIRFLOW_CTX_TASK_ID=is_forex_rates_file_available
AIRFLOW_CTX_EXECUTION_DATE=2023-01-14T00:00:00+00:00
AIRFLOW_CTX_TRY_NUMBER=1
AIRFLOW_CTX_DAG_RUN_ID=scheduled__2023-01-14T00:00:00+00:00
[2023-01-16T17:50:36.175+0000] {base.py:73} INFO - Using connection ID 'forex_path' for task execution.
[2023-01-16T17:50:36.193+0000] {filesystem.py:64} INFO - Poking for file /opt/***/dags/files/rates.json
[2023-01-16T17:50:36.241+0000] {filesystem.py:69} INFO - Found File /opt/***/dags/files/rates.json last modified: 20230116175034
[2023-01-16T17:50:36.242+0000] {base.py:228} INFO - Success criteria met. Exiting.
[2023-01-16T17:50:36.255+0000] {taskinstance.py:1327} INFO - Marking task as SUCCESS. dag_id=forex_data_pipeline, task_id=is_forex_rates_file_available, execution_date=20230114T000000, start_date=20230116T175035, end_date=20230116T175036
[2023-01-16T17:50:36.302+0000] {local_task_job.py:159} INFO - Task exited with return code 0
[2023-01-16T17:50:36.379+0000] {taskinstance.py:2582} INFO - 1 downstream tasks scheduled from follow-on schedule check
