[2023-04-12T00:22:13.814+0000] {taskinstance.py:1087} INFO - Dependencies all met for <TaskInstance: forex_data_pipeline.create_forexRates_database scheduled__2023-04-11T00:00:00+00:00 [queued]>
[2023-04-12T00:22:13.830+0000] {taskinstance.py:1087} INFO - Dependencies all met for <TaskInstance: forex_data_pipeline.create_forexRates_database scheduled__2023-04-11T00:00:00+00:00 [queued]>
[2023-04-12T00:22:13.831+0000] {taskinstance.py:1283} INFO - 
--------------------------------------------------------------------------------
[2023-04-12T00:22:13.832+0000] {taskinstance.py:1284} INFO - Starting attempt 1 of 3
[2023-04-12T00:22:13.833+0000] {taskinstance.py:1285} INFO - 
--------------------------------------------------------------------------------
[2023-04-12T00:22:13.848+0000] {taskinstance.py:1304} INFO - Executing <Task(PostgresOperator): create_forexRates_database> on 2023-04-11 00:00:00+00:00
[2023-04-12T00:22:13.855+0000] {standard_task_runner.py:55} INFO - Started process 81 to run task
[2023-04-12T00:22:13.860+0000] {standard_task_runner.py:82} INFO - Running: ['***', 'tasks', 'run', 'forex_data_pipeline', 'create_forexRates_database', 'scheduled__2023-04-11T00:00:00+00:00', '--job-id', '1069', '--raw', '--subdir', 'DAGS_FOLDER/forex_data_pipeline.py', '--cfg-path', '/tmp/tmp8cov54gn']
[2023-04-12T00:22:13.862+0000] {standard_task_runner.py:83} INFO - Job 1069: Subtask create_forexRates_database
[2023-04-12T00:22:13.942+0000] {task_command.py:389} INFO - Running <TaskInstance: forex_data_pipeline.create_forexRates_database scheduled__2023-04-11T00:00:00+00:00 [running]> on host aa00172a3355
[2023-04-12T00:22:14.114+0000] {taskinstance.py:1513} INFO - Exporting the following env vars:
AIRFLOW_CTX_DAG_EMAIL=juanfelipehdezm@gmail.com
AIRFLOW_CTX_DAG_OWNER=felipehdez
AIRFLOW_CTX_DAG_ID=forex_data_pipeline
AIRFLOW_CTX_TASK_ID=create_forexRates_database
AIRFLOW_CTX_EXECUTION_DATE=2023-04-11T00:00:00+00:00
AIRFLOW_CTX_TRY_NUMBER=1
AIRFLOW_CTX_DAG_RUN_ID=scheduled__2023-04-11T00:00:00+00:00
[2023-04-12T00:22:14.116+0000] {sql.py:253} INFO - Executing: 

            DROP TABLE IF EXISTS forex_ratings;

            CREATE TABLE IF NOT EXISTS forex_ratings (
                From_Currency_Code TEXT NOT NULL,
                From_Currency_Name TEXT NOT NULL,
                To_Currency_Code TEXT NOT NULL,
                To_Currency_Name TEXT NOT NULL,
                Exchange_Rate NUMERIC(6,2),
                Last_Refreshed TIMESTAMP NOT NULL,
                Time_Zone TEXT NOT NULL
            );
        
[2023-04-12T00:22:14.132+0000] {base.py:73} INFO - Using connection ID 'forex_db' for task execution.
[2023-04-12T00:22:14.395+0000] {base.py:73} INFO - Using connection ID 'forex_db' for task execution.
[2023-04-12T00:22:14.398+0000] {sql.py:364} INFO - Running statement: 

            DROP TABLE IF EXISTS forex_ratings;

            CREATE TABLE IF NOT EXISTS forex_ratings (
                From_Currency_Code TEXT NOT NULL,
                From_Currency_Name TEXT NOT NULL,
                To_Currency_Code TEXT NOT NULL,
                To_Currency_Name TEXT NOT NULL,
                Exchange_Rate NUMERIC(6,2),
                Last_Refreshed TIMESTAMP NOT NULL,
                Time_Zone TEXT NOT NULL
            );
        , parameters: None
[2023-04-12T00:22:14.428+0000] {taskinstance.py:1327} INFO - Marking task as SUCCESS. dag_id=forex_data_pipeline, task_id=create_forexRates_database, execution_date=20230411T000000, start_date=20230412T002213, end_date=20230412T002214
[2023-04-12T00:22:14.473+0000] {local_task_job.py:159} INFO - Task exited with return code 0
[2023-04-12T00:22:14.496+0000] {taskinstance.py:2582} INFO - 0 downstream tasks scheduled from follow-on schedule check
