[2023-03-10T23:23:36.581+0000] {processor.py:153} INFO - Started process (PID=69) to work on /opt/airflow/dags/forex_data_pipeline.py
[2023-03-10T23:23:36.586+0000] {processor.py:743} INFO - Processing file /opt/airflow/dags/forex_data_pipeline.py for tasks to queue
[2023-03-10T23:23:36.590+0000] {logging_mixin.py:137} INFO - [2023-03-10T23:23:36.589+0000] {dagbag.py:538} INFO - Filling up the DagBag from /opt/airflow/dags/forex_data_pipeline.py
[2023-03-10T23:23:38.241+0000] {processor.py:753} INFO - DAG(s) dict_keys(['forex_data_pipeline']) retrieved from /opt/airflow/dags/forex_data_pipeline.py
[2023-03-10T23:23:38.321+0000] {logging_mixin.py:137} INFO - [2023-03-10T23:23:38.320+0000] {dag.py:2676} INFO - Sync 1 DAGs
[2023-03-10T23:23:38.384+0000] {logging_mixin.py:137} INFO - [2023-03-10T23:23:38.384+0000] {dag.py:3427} INFO - Setting next_dagrun for forex_data_pipeline to 2023-03-10T00:00:00+00:00, run_after=2023-03-11T00:00:00+00:00
[2023-03-10T23:23:38.462+0000] {processor.py:175} INFO - Processing /opt/airflow/dags/forex_data_pipeline.py took 1.886 seconds
[2023-03-10T23:24:08.876+0000] {processor.py:153} INFO - Started process (PID=131) to work on /opt/airflow/dags/forex_data_pipeline.py
[2023-03-10T23:24:08.879+0000] {processor.py:743} INFO - Processing file /opt/airflow/dags/forex_data_pipeline.py for tasks to queue
[2023-03-10T23:24:08.882+0000] {logging_mixin.py:137} INFO - [2023-03-10T23:24:08.881+0000] {dagbag.py:538} INFO - Filling up the DagBag from /opt/airflow/dags/forex_data_pipeline.py
[2023-03-10T23:24:09.248+0000] {processor.py:753} INFO - DAG(s) dict_keys(['forex_data_pipeline']) retrieved from /opt/airflow/dags/forex_data_pipeline.py
[2023-03-10T23:24:09.273+0000] {logging_mixin.py:137} INFO - [2023-03-10T23:24:09.272+0000] {dag.py:2676} INFO - Sync 1 DAGs
[2023-03-10T23:24:09.296+0000] {logging_mixin.py:137} INFO - [2023-03-10T23:24:09.296+0000] {dag.py:3427} INFO - Setting next_dagrun for forex_data_pipeline to 2023-03-10T00:00:00+00:00, run_after=2023-03-11T00:00:00+00:00
[2023-03-10T23:24:09.324+0000] {processor.py:175} INFO - Processing /opt/airflow/dags/forex_data_pipeline.py took 0.451 seconds
[2023-03-10T23:24:39.476+0000] {processor.py:153} INFO - Started process (PID=175) to work on /opt/airflow/dags/forex_data_pipeline.py
[2023-03-10T23:24:39.479+0000] {processor.py:743} INFO - Processing file /opt/airflow/dags/forex_data_pipeline.py for tasks to queue
[2023-03-10T23:24:39.481+0000] {logging_mixin.py:137} INFO - [2023-03-10T23:24:39.480+0000] {dagbag.py:538} INFO - Filling up the DagBag from /opt/airflow/dags/forex_data_pipeline.py
[2023-03-10T23:24:39.867+0000] {processor.py:753} INFO - DAG(s) dict_keys(['forex_data_pipeline']) retrieved from /opt/airflow/dags/forex_data_pipeline.py
[2023-03-10T23:24:39.894+0000] {logging_mixin.py:137} INFO - [2023-03-10T23:24:39.894+0000] {dag.py:2676} INFO - Sync 1 DAGs
[2023-03-10T23:24:39.922+0000] {logging_mixin.py:137} INFO - [2023-03-10T23:24:39.922+0000] {dag.py:3427} INFO - Setting next_dagrun for forex_data_pipeline to 2023-03-10T00:00:00+00:00, run_after=2023-03-11T00:00:00+00:00
[2023-03-10T23:24:39.950+0000] {processor.py:175} INFO - Processing /opt/airflow/dags/forex_data_pipeline.py took 0.477 seconds
[2023-03-10T23:25:10.173+0000] {processor.py:153} INFO - Started process (PID=239) to work on /opt/airflow/dags/forex_data_pipeline.py
[2023-03-10T23:25:10.176+0000] {processor.py:743} INFO - Processing file /opt/airflow/dags/forex_data_pipeline.py for tasks to queue
[2023-03-10T23:25:10.177+0000] {logging_mixin.py:137} INFO - [2023-03-10T23:25:10.177+0000] {dagbag.py:538} INFO - Filling up the DagBag from /opt/airflow/dags/forex_data_pipeline.py
[2023-03-10T23:25:10.523+0000] {processor.py:753} INFO - DAG(s) dict_keys(['forex_data_pipeline']) retrieved from /opt/airflow/dags/forex_data_pipeline.py
[2023-03-10T23:25:10.555+0000] {logging_mixin.py:137} INFO - [2023-03-10T23:25:10.555+0000] {dag.py:2676} INFO - Sync 1 DAGs
[2023-03-10T23:25:10.586+0000] {logging_mixin.py:137} INFO - [2023-03-10T23:25:10.586+0000] {dag.py:3427} INFO - Setting next_dagrun for forex_data_pipeline to 2023-03-10T00:00:00+00:00, run_after=2023-03-11T00:00:00+00:00
[2023-03-10T23:25:10.618+0000] {processor.py:175} INFO - Processing /opt/airflow/dags/forex_data_pipeline.py took 0.448 seconds
[2023-03-10T23:25:40.943+0000] {processor.py:153} INFO - Started process (PID=284) to work on /opt/airflow/dags/forex_data_pipeline.py
[2023-03-10T23:25:40.949+0000] {processor.py:743} INFO - Processing file /opt/airflow/dags/forex_data_pipeline.py for tasks to queue
[2023-03-10T23:25:40.951+0000] {logging_mixin.py:137} INFO - [2023-03-10T23:25:40.950+0000] {dagbag.py:538} INFO - Filling up the DagBag from /opt/airflow/dags/forex_data_pipeline.py
[2023-03-10T23:25:41.351+0000] {processor.py:753} INFO - DAG(s) dict_keys(['forex_data_pipeline']) retrieved from /opt/airflow/dags/forex_data_pipeline.py
[2023-03-10T23:25:41.380+0000] {logging_mixin.py:137} INFO - [2023-03-10T23:25:41.379+0000] {dag.py:2676} INFO - Sync 1 DAGs
[2023-03-10T23:25:41.406+0000] {logging_mixin.py:137} INFO - [2023-03-10T23:25:41.406+0000] {dag.py:3427} INFO - Setting next_dagrun for forex_data_pipeline to 2023-03-10T00:00:00+00:00, run_after=2023-03-11T00:00:00+00:00
[2023-03-10T23:25:41.433+0000] {processor.py:175} INFO - Processing /opt/airflow/dags/forex_data_pipeline.py took 0.493 seconds
[2023-03-10T23:26:11.937+0000] {processor.py:153} INFO - Started process (PID=338) to work on /opt/airflow/dags/forex_data_pipeline.py
[2023-03-10T23:26:11.942+0000] {processor.py:743} INFO - Processing file /opt/airflow/dags/forex_data_pipeline.py for tasks to queue
[2023-03-10T23:26:11.944+0000] {logging_mixin.py:137} INFO - [2023-03-10T23:26:11.943+0000] {dagbag.py:538} INFO - Filling up the DagBag from /opt/airflow/dags/forex_data_pipeline.py
[2023-03-10T23:26:12.442+0000] {processor.py:753} INFO - DAG(s) dict_keys(['forex_data_pipeline']) retrieved from /opt/airflow/dags/forex_data_pipeline.py
[2023-03-10T23:26:12.472+0000] {logging_mixin.py:137} INFO - [2023-03-10T23:26:12.471+0000] {dag.py:2676} INFO - Sync 1 DAGs
[2023-03-10T23:26:12.498+0000] {logging_mixin.py:137} INFO - [2023-03-10T23:26:12.498+0000] {dag.py:3427} INFO - Setting next_dagrun for forex_data_pipeline to 2023-03-10T00:00:00+00:00, run_after=2023-03-11T00:00:00+00:00
[2023-03-10T23:26:12.543+0000] {processor.py:175} INFO - Processing /opt/airflow/dags/forex_data_pipeline.py took 0.609 seconds
[2023-03-10T23:26:42.818+0000] {processor.py:153} INFO - Started process (PID=393) to work on /opt/airflow/dags/forex_data_pipeline.py
[2023-03-10T23:26:42.823+0000] {processor.py:743} INFO - Processing file /opt/airflow/dags/forex_data_pipeline.py for tasks to queue
[2023-03-10T23:26:42.824+0000] {logging_mixin.py:137} INFO - [2023-03-10T23:26:42.824+0000] {dagbag.py:538} INFO - Filling up the DagBag from /opt/airflow/dags/forex_data_pipeline.py
[2023-03-10T23:26:43.157+0000] {processor.py:753} INFO - DAG(s) dict_keys(['forex_data_pipeline']) retrieved from /opt/airflow/dags/forex_data_pipeline.py
[2023-03-10T23:26:43.182+0000] {logging_mixin.py:137} INFO - [2023-03-10T23:26:43.182+0000] {dag.py:2676} INFO - Sync 1 DAGs
[2023-03-10T23:26:43.207+0000] {logging_mixin.py:137} INFO - [2023-03-10T23:26:43.207+0000] {dag.py:3427} INFO - Setting next_dagrun for forex_data_pipeline to 2023-03-10T00:00:00+00:00, run_after=2023-03-11T00:00:00+00:00
[2023-03-10T23:26:43.228+0000] {processor.py:175} INFO - Processing /opt/airflow/dags/forex_data_pipeline.py took 0.412 seconds
