[2022-11-08T22:36:18.170+0000] {taskinstance.py:1165} INFO - Dependencies all met for <TaskInstance: forex_data_pipeline.is_forex_file_available manual__2022-11-08T22:31:32.640798+00:00 [queued]>
[2022-11-08T22:36:18.185+0000] {taskinstance.py:1165} INFO - Dependencies all met for <TaskInstance: forex_data_pipeline.is_forex_file_available manual__2022-11-08T22:31:32.640798+00:00 [queued]>
[2022-11-08T22:36:18.186+0000] {taskinstance.py:1362} INFO - 
--------------------------------------------------------------------------------
[2022-11-08T22:36:18.187+0000] {taskinstance.py:1363} INFO - Starting attempt 2 of 4
[2022-11-08T22:36:18.187+0000] {taskinstance.py:1364} INFO - 
--------------------------------------------------------------------------------
[2022-11-08T22:36:18.207+0000] {taskinstance.py:1383} INFO - Executing <Task(FileSensor): is_forex_file_available> on 2022-11-08 22:31:32.640798+00:00
[2022-11-08T22:36:18.212+0000] {standard_task_runner.py:54} INFO - Started process 5024 to run task
[2022-11-08T22:36:18.215+0000] {standard_task_runner.py:82} INFO - Running: ['***', 'tasks', 'run', 'forex_data_pipeline', 'is_forex_file_available', 'manual__2022-11-08T22:31:32.640798+00:00', '--job-id', '25', '--raw', '--subdir', 'DAGS_FOLDER/forex_data_pipeline.py', '--cfg-path', '/tmp/tmpgqyxfjra']
[2022-11-08T22:36:18.216+0000] {standard_task_runner.py:83} INFO - Job 25: Subtask is_forex_file_available
[2022-11-08T22:36:18.218+0000] {dagbag.py:525} INFO - Filling up the DagBag from /opt/***/dags/forex_data_pipeline.py
[2022-11-08T22:36:18.315+0000] {task_command.py:384} INFO - Running <TaskInstance: forex_data_pipeline.is_forex_file_available manual__2022-11-08T22:31:32.640798+00:00 [running]> on host f6a61415b844
[2022-11-08T22:36:18.372+0000] {taskinstance.py:1592} INFO - Exporting the following env vars:
AIRFLOW_CTX_DAG_EMAIL=juanfelipehdezm@gmail.com
AIRFLOW_CTX_DAG_OWNER=felipehdez
AIRFLOW_CTX_DAG_ID=forex_data_pipeline
AIRFLOW_CTX_TASK_ID=is_forex_file_available
AIRFLOW_CTX_EXECUTION_DATE=2022-11-08T22:31:32.640798+00:00
AIRFLOW_CTX_TRY_NUMBER=2
AIRFLOW_CTX_DAG_RUN_ID=manual__2022-11-08T22:31:32.640798+00:00
[2022-11-08T22:36:18.380+0000] {base.py:71} INFO - Using connection ID 'forex_path' for task execution.
[2022-11-08T22:36:18.381+0000] {filesystem.py:58} INFO - Poking for file /tmp/rates.json
[2022-11-08T22:36:18.382+0000] {filesystem.py:63} INFO - Found File /tmp/rates.json last modified: 20221108223617
[2022-11-08T22:36:18.382+0000] {base.py:213} INFO - Success criteria met. Exiting.
[2022-11-08T22:36:18.391+0000] {taskinstance.py:1406} INFO - Marking task as SUCCESS. dag_id=forex_data_pipeline, task_id=is_forex_file_available, execution_date=20221108T223132, start_date=20221108T223618, end_date=20221108T223618
[2022-11-08T22:36:18.428+0000] {local_task_job.py:164} INFO - Task exited with return code 0
[2022-11-08T22:36:18.444+0000] {local_task_job.py:273} INFO - 0 downstream tasks scheduled from follow-on schedule check
