[2023-04-07T16:41:38.329+0000] {taskinstance.py:1087} INFO - Dependencies all met for <TaskInstance: forex_data_pipeline.is_forex_rates_file_available scheduled__2023-04-03T00:00:00+00:00 [queued]>
[2023-04-07T16:41:38.356+0000] {taskinstance.py:1087} INFO - Dependencies all met for <TaskInstance: forex_data_pipeline.is_forex_rates_file_available scheduled__2023-04-03T00:00:00+00:00 [queued]>
[2023-04-07T16:41:38.358+0000] {taskinstance.py:1283} INFO - 
--------------------------------------------------------------------------------
[2023-04-07T16:41:38.359+0000] {taskinstance.py:1284} INFO - Starting attempt 1 of 3
[2023-04-07T16:41:38.360+0000] {taskinstance.py:1285} INFO - 
--------------------------------------------------------------------------------
[2023-04-07T16:41:38.383+0000] {taskinstance.py:1304} INFO - Executing <Task(FileSensor): is_forex_rates_file_available> on 2023-04-03 00:00:00+00:00
[2023-04-07T16:41:38.392+0000] {standard_task_runner.py:55} INFO - Started process 116 to run task
[2023-04-07T16:41:38.397+0000] {standard_task_runner.py:82} INFO - Running: ['***', 'tasks', 'run', 'forex_data_pipeline', 'is_forex_rates_file_available', 'scheduled__2023-04-03T00:00:00+00:00', '--job-id', '1035', '--raw', '--subdir', 'DAGS_FOLDER/forex_data_pipeline.py', '--cfg-path', '/tmp/tmp2m7zew96']
[2023-04-07T16:41:38.401+0000] {standard_task_runner.py:83} INFO - Job 1035: Subtask is_forex_rates_file_available
[2023-04-07T16:41:38.496+0000] {task_command.py:389} INFO - Running <TaskInstance: forex_data_pipeline.is_forex_rates_file_available scheduled__2023-04-03T00:00:00+00:00 [running]> on host b21115e7dff0
[2023-04-07T16:41:38.592+0000] {taskinstance.py:1513} INFO - Exporting the following env vars:
AIRFLOW_CTX_DAG_EMAIL=juanfelipehdezm@gmail.com
AIRFLOW_CTX_DAG_OWNER=felipehdez
AIRFLOW_CTX_DAG_ID=forex_data_pipeline
AIRFLOW_CTX_TASK_ID=is_forex_rates_file_available
AIRFLOW_CTX_EXECUTION_DATE=2023-04-03T00:00:00+00:00
AIRFLOW_CTX_TRY_NUMBER=1
AIRFLOW_CTX_DAG_RUN_ID=scheduled__2023-04-03T00:00:00+00:00
[2023-04-07T16:41:38.610+0000] {base.py:73} INFO - Using connection ID 'forex_path' for task execution.
[2023-04-07T16:41:38.613+0000] {filesystem.py:64} INFO - Poking for file /opt/***/dags/files/rates.json
[2023-04-07T16:41:38.631+0000] {filesystem.py:69} INFO - Found File /opt/***/dags/files/rates.json last modified: 20230407164136
[2023-04-07T16:41:38.633+0000] {base.py:228} INFO - Success criteria met. Exiting.
[2023-04-07T16:41:38.644+0000] {taskinstance.py:1327} INFO - Marking task as SUCCESS. dag_id=forex_data_pipeline, task_id=is_forex_rates_file_available, execution_date=20230403T000000, start_date=20230407T164138, end_date=20230407T164138
[2023-04-07T16:41:38.689+0000] {local_task_job.py:159} INFO - Task exited with return code 0
[2023-04-07T16:41:38.736+0000] {taskinstance.py:2582} INFO - 1 downstream tasks scheduled from follow-on schedule check
