[2022-12-10T00:33:52.004+0000] {taskinstance.py:1087} INFO - Dependencies all met for <TaskInstance: forex_data_pipeline.is_forex_file_available scheduled__2022-12-06T00:00:00+00:00 [queued]>
[2022-12-10T00:33:52.020+0000] {taskinstance.py:1087} INFO - Dependencies all met for <TaskInstance: forex_data_pipeline.is_forex_file_available scheduled__2022-12-06T00:00:00+00:00 [queued]>
[2022-12-10T00:33:52.022+0000] {taskinstance.py:1283} INFO - 
--------------------------------------------------------------------------------
[2022-12-10T00:33:52.026+0000] {taskinstance.py:1284} INFO - Starting attempt 1 of 3
[2022-12-10T00:33:52.026+0000] {taskinstance.py:1285} INFO - 
--------------------------------------------------------------------------------
[2022-12-10T00:33:52.046+0000] {taskinstance.py:1304} INFO - Executing <Task(FileSensor): is_forex_file_available> on 2022-12-06 00:00:00+00:00
[2022-12-10T00:33:52.068+0000] {standard_task_runner.py:55} INFO - Started process 105 to run task
[2022-12-10T00:33:52.072+0000] {standard_task_runner.py:82} INFO - Running: ['***', 'tasks', 'run', 'forex_data_pipeline', 'is_forex_file_available', 'scheduled__2022-12-06T00:00:00+00:00', '--job-id', '366', '--raw', '--subdir', 'DAGS_FOLDER/forex_data_pipeline.py', '--cfg-path', '/tmp/tmplo_qosq5']
[2022-12-10T00:33:52.103+0000] {standard_task_runner.py:83} INFO - Job 366: Subtask is_forex_file_available
[2022-12-10T00:33:52.213+0000] {task_command.py:389} INFO - Running <TaskInstance: forex_data_pipeline.is_forex_file_available scheduled__2022-12-06T00:00:00+00:00 [running]> on host b1ea40c19b9b
[2022-12-10T00:33:52.306+0000] {taskinstance.py:1513} INFO - Exporting the following env vars:
AIRFLOW_CTX_DAG_EMAIL=juanfelipehdezm@gmail.com
AIRFLOW_CTX_DAG_OWNER=felipehdez
AIRFLOW_CTX_DAG_ID=forex_data_pipeline
AIRFLOW_CTX_TASK_ID=is_forex_file_available
AIRFLOW_CTX_EXECUTION_DATE=2022-12-06T00:00:00+00:00
AIRFLOW_CTX_TRY_NUMBER=1
AIRFLOW_CTX_DAG_RUN_ID=scheduled__2022-12-06T00:00:00+00:00
[2022-12-10T00:33:52.320+0000] {base.py:73} INFO - Using connection ID 'forex_path' for task execution.
[2022-12-10T00:33:52.339+0000] {filesystem.py:64} INFO - Poking for file /opt/***/dags/files/rates.json
[2022-12-10T00:33:52.406+0000] {filesystem.py:69} INFO - Found File /opt/***/dags/files/rates.json last modified: 20221210003350
[2022-12-10T00:33:52.407+0000] {base.py:228} INFO - Success criteria met. Exiting.
[2022-12-10T00:33:52.420+0000] {taskinstance.py:1327} INFO - Marking task as SUCCESS. dag_id=forex_data_pipeline, task_id=is_forex_file_available, execution_date=20221206T000000, start_date=20221210T003352, end_date=20221210T003352
[2022-12-10T00:33:52.502+0000] {local_task_job.py:159} INFO - Task exited with return code 0
[2022-12-10T00:33:52.570+0000] {taskinstance.py:2582} INFO - 1 downstream tasks scheduled from follow-on schedule check
