[2023-03-16T01:09:07.040+0000] {taskinstance.py:1087} INFO - Dependencies all met for <TaskInstance: forex_data_pipeline.store_ratings scheduled__2023-03-14T00:00:00+00:00 [queued]>
[2023-03-16T01:09:07.109+0000] {taskinstance.py:1087} INFO - Dependencies all met for <TaskInstance: forex_data_pipeline.store_ratings scheduled__2023-03-14T00:00:00+00:00 [queued]>
[2023-03-16T01:09:07.153+0000] {taskinstance.py:1283} INFO - 
--------------------------------------------------------------------------------
[2023-03-16T01:09:07.166+0000] {taskinstance.py:1284} INFO - Starting attempt 1 of 3
[2023-03-16T01:09:07.182+0000] {taskinstance.py:1285} INFO - 
--------------------------------------------------------------------------------
[2023-03-16T01:09:07.224+0000] {taskinstance.py:1304} INFO - Executing <Task(PythonOperator): store_ratings> on 2023-03-14 00:00:00+00:00
[2023-03-16T01:09:07.236+0000] {standard_task_runner.py:55} INFO - Started process 148 to run task
[2023-03-16T01:09:07.244+0000] {standard_task_runner.py:82} INFO - Running: ['***', 'tasks', 'run', 'forex_data_pipeline', 'store_ratings', 'scheduled__2023-03-14T00:00:00+00:00', '--job-id', '921', '--raw', '--subdir', 'DAGS_FOLDER/forex_data_pipeline.py', '--cfg-path', '/tmp/tmpnbamzi67']
[2023-03-16T01:09:07.257+0000] {standard_task_runner.py:83} INFO - Job 921: Subtask store_ratings
[2023-03-16T01:09:07.377+0000] {task_command.py:389} INFO - Running <TaskInstance: forex_data_pipeline.store_ratings scheduled__2023-03-14T00:00:00+00:00 [running]> on host b21115e7dff0
[2023-03-16T01:09:07.484+0000] {taskinstance.py:1513} INFO - Exporting the following env vars:
AIRFLOW_CTX_DAG_EMAIL=juanfelipehdezm@gmail.com
AIRFLOW_CTX_DAG_OWNER=felipehdez
AIRFLOW_CTX_DAG_ID=forex_data_pipeline
AIRFLOW_CTX_TASK_ID=store_ratings
AIRFLOW_CTX_EXECUTION_DATE=2023-03-14T00:00:00+00:00
AIRFLOW_CTX_TRY_NUMBER=1
AIRFLOW_CTX_DAG_RUN_ID=scheduled__2023-03-14T00:00:00+00:00
[2023-03-16T01:09:07.549+0000] {postgres.py:158} INFO - Running copy expert: COPY forex_ratings FROM stdin WITH DELIMITER AS ',', filename: /opt/***/dags/files/rates.csv
[2023-03-16T01:09:07.718+0000] {base.py:73} INFO - Using connection ID 'forex_db' for task execution.
[2023-03-16T01:09:07.754+0000] {python.py:177} INFO - Done. Returned value was: None
[2023-03-16T01:09:07.768+0000] {taskinstance.py:1327} INFO - Marking task as SUCCESS. dag_id=forex_data_pipeline, task_id=store_ratings, execution_date=20230314T000000, start_date=20230316T010907, end_date=20230316T010907
[2023-03-16T01:09:07.826+0000] {local_task_job.py:159} INFO - Task exited with return code 0
[2023-03-16T01:09:07.854+0000] {taskinstance.py:2582} INFO - 0 downstream tasks scheduled from follow-on schedule check
