[2022-12-18T21:37:09.103+0000] {taskinstance.py:1087} INFO - Dependencies all met for <TaskInstance: forex_data_pipeline.store_ratings scheduled__2022-12-16T00:00:00+00:00 [queued]>
[2022-12-18T21:37:09.121+0000] {taskinstance.py:1087} INFO - Dependencies all met for <TaskInstance: forex_data_pipeline.store_ratings scheduled__2022-12-16T00:00:00+00:00 [queued]>
[2022-12-18T21:37:09.122+0000] {taskinstance.py:1283} INFO - 
--------------------------------------------------------------------------------
[2022-12-18T21:37:09.122+0000] {taskinstance.py:1284} INFO - Starting attempt 1 of 3
[2022-12-18T21:37:09.123+0000] {taskinstance.py:1285} INFO - 
--------------------------------------------------------------------------------
[2022-12-18T21:37:09.142+0000] {taskinstance.py:1304} INFO - Executing <Task(PythonOperator): store_ratings> on 2022-12-16 00:00:00+00:00
[2022-12-18T21:37:09.150+0000] {standard_task_runner.py:55} INFO - Started process 107 to run task
[2022-12-18T21:37:09.154+0000] {standard_task_runner.py:82} INFO - Running: ['***', 'tasks', 'run', 'forex_data_pipeline', 'store_ratings', 'scheduled__2022-12-16T00:00:00+00:00', '--job-id', '451', '--raw', '--subdir', 'DAGS_FOLDER/forex_data_pipeline.py', '--cfg-path', '/tmp/tmplm2n_806']
[2022-12-18T21:37:09.156+0000] {standard_task_runner.py:83} INFO - Job 451: Subtask store_ratings
[2022-12-18T21:37:09.229+0000] {task_command.py:389} INFO - Running <TaskInstance: forex_data_pipeline.store_ratings scheduled__2022-12-16T00:00:00+00:00 [running]> on host b21115e7dff0
[2022-12-18T21:37:09.312+0000] {taskinstance.py:1513} INFO - Exporting the following env vars:
AIRFLOW_CTX_DAG_EMAIL=juanfelipehdezm@gmail.com
AIRFLOW_CTX_DAG_OWNER=felipehdez
AIRFLOW_CTX_DAG_ID=forex_data_pipeline
AIRFLOW_CTX_TASK_ID=store_ratings
AIRFLOW_CTX_EXECUTION_DATE=2022-12-16T00:00:00+00:00
AIRFLOW_CTX_TRY_NUMBER=1
AIRFLOW_CTX_DAG_RUN_ID=scheduled__2022-12-16T00:00:00+00:00
[2022-12-18T21:37:09.314+0000] {postgres.py:158} INFO - Running copy expert: COPY forex_ratings FROM stdin WITH DELIMITER AS ',', filename: /opt/***/dags/files/rates.csv
[2022-12-18T21:37:09.337+0000] {base.py:73} INFO - Using connection ID 'forex_db' for task execution.
[2022-12-18T21:37:09.369+0000] {python.py:177} INFO - Done. Returned value was: None
[2022-12-18T21:37:09.383+0000] {taskinstance.py:1327} INFO - Marking task as SUCCESS. dag_id=forex_data_pipeline, task_id=store_ratings, execution_date=20221216T000000, start_date=20221218T213709, end_date=20221218T213709
[2022-12-18T21:37:09.446+0000] {local_task_job.py:159} INFO - Task exited with return code 0
[2022-12-18T21:37:09.471+0000] {taskinstance.py:2582} INFO - 0 downstream tasks scheduled from follow-on schedule check
