[2023-01-01T17:19:49.490+0000] {processor.py:153} INFO - Started process (PID=45) to work on /opt/airflow/dags/forex_data_pipeline.py
[2023-01-01T17:19:49.494+0000] {processor.py:743} INFO - Processing file /opt/airflow/dags/forex_data_pipeline.py for tasks to queue
[2023-01-01T17:19:49.496+0000] {logging_mixin.py:137} INFO - [2023-01-01T17:19:49.496+0000] {dagbag.py:538} INFO - Filling up the DagBag from /opt/airflow/dags/forex_data_pipeline.py
[2023-01-01T17:19:50.554+0000] {processor.py:753} INFO - DAG(s) dict_keys(['forex_data_pipeline']) retrieved from /opt/airflow/dags/forex_data_pipeline.py
[2023-01-01T17:19:50.647+0000] {logging_mixin.py:137} INFO - [2023-01-01T17:19:50.646+0000] {dag.py:2676} INFO - Sync 1 DAGs
[2023-01-01T17:19:50.710+0000] {logging_mixin.py:137} INFO - [2023-01-01T17:19:50.709+0000] {dag.py:3427} INFO - Setting next_dagrun for forex_data_pipeline to 2023-01-01T00:00:00+00:00, run_after=2023-01-02T00:00:00+00:00
[2023-01-01T17:19:50.761+0000] {processor.py:175} INFO - Processing /opt/airflow/dags/forex_data_pipeline.py took 1.276 seconds
[2023-01-01T17:20:21.374+0000] {processor.py:153} INFO - Started process (PID=98) to work on /opt/airflow/dags/forex_data_pipeline.py
[2023-01-01T17:20:21.383+0000] {processor.py:743} INFO - Processing file /opt/airflow/dags/forex_data_pipeline.py for tasks to queue
[2023-01-01T17:20:21.385+0000] {logging_mixin.py:137} INFO - [2023-01-01T17:20:21.385+0000] {dagbag.py:538} INFO - Filling up the DagBag from /opt/airflow/dags/forex_data_pipeline.py
[2023-01-01T17:20:21.790+0000] {processor.py:753} INFO - DAG(s) dict_keys(['forex_data_pipeline']) retrieved from /opt/airflow/dags/forex_data_pipeline.py
[2023-01-01T17:20:21.821+0000] {logging_mixin.py:137} INFO - [2023-01-01T17:20:21.820+0000] {dag.py:2676} INFO - Sync 1 DAGs
[2023-01-01T17:20:21.874+0000] {logging_mixin.py:137} INFO - [2023-01-01T17:20:21.873+0000] {dag.py:3427} INFO - Setting next_dagrun for forex_data_pipeline to 2023-01-01T00:00:00+00:00, run_after=2023-01-02T00:00:00+00:00
[2023-01-01T17:20:21.926+0000] {processor.py:175} INFO - Processing /opt/airflow/dags/forex_data_pipeline.py took 0.557 seconds
[2023-01-01T17:20:52.013+0000] {processor.py:153} INFO - Started process (PID=155) to work on /opt/airflow/dags/forex_data_pipeline.py
[2023-01-01T17:20:52.015+0000] {processor.py:743} INFO - Processing file /opt/airflow/dags/forex_data_pipeline.py for tasks to queue
[2023-01-01T17:20:52.015+0000] {logging_mixin.py:137} INFO - [2023-01-01T17:20:52.015+0000] {dagbag.py:538} INFO - Filling up the DagBag from /opt/airflow/dags/forex_data_pipeline.py
[2023-01-01T17:20:52.227+0000] {processor.py:753} INFO - DAG(s) dict_keys(['forex_data_pipeline']) retrieved from /opt/airflow/dags/forex_data_pipeline.py
[2023-01-01T17:20:52.252+0000] {logging_mixin.py:137} INFO - [2023-01-01T17:20:52.252+0000] {dag.py:2676} INFO - Sync 1 DAGs
[2023-01-01T17:20:52.274+0000] {logging_mixin.py:137} INFO - [2023-01-01T17:20:52.274+0000] {dag.py:3427} INFO - Setting next_dagrun for forex_data_pipeline to 2023-01-01T00:00:00+00:00, run_after=2023-01-02T00:00:00+00:00
[2023-01-01T17:20:52.301+0000] {processor.py:175} INFO - Processing /opt/airflow/dags/forex_data_pipeline.py took 0.290 seconds
[2023-01-01T17:21:22.470+0000] {processor.py:153} INFO - Started process (PID=199) to work on /opt/airflow/dags/forex_data_pipeline.py
[2023-01-01T17:21:22.472+0000] {processor.py:743} INFO - Processing file /opt/airflow/dags/forex_data_pipeline.py for tasks to queue
[2023-01-01T17:21:22.474+0000] {logging_mixin.py:137} INFO - [2023-01-01T17:21:22.474+0000] {dagbag.py:538} INFO - Filling up the DagBag from /opt/airflow/dags/forex_data_pipeline.py
[2023-01-01T17:21:22.787+0000] {processor.py:753} INFO - DAG(s) dict_keys(['forex_data_pipeline']) retrieved from /opt/airflow/dags/forex_data_pipeline.py
[2023-01-01T17:21:22.812+0000] {logging_mixin.py:137} INFO - [2023-01-01T17:21:22.812+0000] {dag.py:2676} INFO - Sync 1 DAGs
[2023-01-01T17:21:22.840+0000] {logging_mixin.py:137} INFO - [2023-01-01T17:21:22.840+0000] {dag.py:3427} INFO - Setting next_dagrun for forex_data_pipeline to 2023-01-01T00:00:00+00:00, run_after=2023-01-02T00:00:00+00:00
[2023-01-01T17:21:22.870+0000] {processor.py:175} INFO - Processing /opt/airflow/dags/forex_data_pipeline.py took 0.403 seconds
[2023-01-01T17:21:53.049+0000] {processor.py:153} INFO - Started process (PID=262) to work on /opt/airflow/dags/forex_data_pipeline.py
[2023-01-01T17:21:53.050+0000] {processor.py:743} INFO - Processing file /opt/airflow/dags/forex_data_pipeline.py for tasks to queue
[2023-01-01T17:21:53.051+0000] {logging_mixin.py:137} INFO - [2023-01-01T17:21:53.051+0000] {dagbag.py:538} INFO - Filling up the DagBag from /opt/airflow/dags/forex_data_pipeline.py
[2023-01-01T17:21:53.273+0000] {processor.py:753} INFO - DAG(s) dict_keys(['forex_data_pipeline']) retrieved from /opt/airflow/dags/forex_data_pipeline.py
[2023-01-01T17:21:53.296+0000] {logging_mixin.py:137} INFO - [2023-01-01T17:21:53.295+0000] {dag.py:2676} INFO - Sync 1 DAGs
[2023-01-01T17:21:53.317+0000] {logging_mixin.py:137} INFO - [2023-01-01T17:21:53.317+0000] {dag.py:3427} INFO - Setting next_dagrun for forex_data_pipeline to 2023-01-01T00:00:00+00:00, run_after=2023-01-02T00:00:00+00:00
[2023-01-01T17:21:53.340+0000] {processor.py:175} INFO - Processing /opt/airflow/dags/forex_data_pipeline.py took 0.293 seconds
[2023-01-01T17:22:23.701+0000] {processor.py:153} INFO - Started process (PID=315) to work on /opt/airflow/dags/forex_data_pipeline.py
[2023-01-01T17:22:23.704+0000] {processor.py:743} INFO - Processing file /opt/airflow/dags/forex_data_pipeline.py for tasks to queue
[2023-01-01T17:22:23.705+0000] {logging_mixin.py:137} INFO - [2023-01-01T17:22:23.705+0000] {dagbag.py:538} INFO - Filling up the DagBag from /opt/airflow/dags/forex_data_pipeline.py
[2023-01-01T17:22:24.031+0000] {processor.py:753} INFO - DAG(s) dict_keys(['forex_data_pipeline']) retrieved from /opt/airflow/dags/forex_data_pipeline.py
[2023-01-01T17:22:24.056+0000] {logging_mixin.py:137} INFO - [2023-01-01T17:22:24.055+0000] {dag.py:2676} INFO - Sync 1 DAGs
[2023-01-01T17:22:24.078+0000] {logging_mixin.py:137} INFO - [2023-01-01T17:22:24.078+0000] {dag.py:3427} INFO - Setting next_dagrun for forex_data_pipeline to 2023-01-01T00:00:00+00:00, run_after=2023-01-02T00:00:00+00:00
[2023-01-01T17:22:24.103+0000] {processor.py:175} INFO - Processing /opt/airflow/dags/forex_data_pipeline.py took 0.406 seconds
