[2022-12-10T00:33:32.442+0000] {processor.py:153} INFO - Started process (PID=50) to work on /opt/airflow/dags/forex_data_pipeline.py
[2022-12-10T00:33:32.446+0000] {processor.py:743} INFO - Processing file /opt/airflow/dags/forex_data_pipeline.py for tasks to queue
[2022-12-10T00:33:32.449+0000] {logging_mixin.py:137} INFO - [2022-12-10T00:33:32.448+0000] {dagbag.py:538} INFO - Filling up the DagBag from /opt/airflow/dags/forex_data_pipeline.py
[2022-12-10T00:33:34.240+0000] {processor.py:753} INFO - DAG(s) dict_keys(['forex_data_pipeline']) retrieved from /opt/airflow/dags/forex_data_pipeline.py
[2022-12-10T00:33:34.313+0000] {logging_mixin.py:137} INFO - [2022-12-10T00:33:34.312+0000] {dag.py:2676} INFO - Sync 1 DAGs
[2022-12-10T00:33:34.437+0000] {logging_mixin.py:137} INFO - [2022-12-10T00:33:34.436+0000] {dag.py:3427} INFO - Setting next_dagrun for forex_data_pipeline to 2022-12-10T00:00:00+00:00, run_after=2022-12-11T00:00:00+00:00
[2022-12-10T00:33:34.556+0000] {processor.py:175} INFO - Processing /opt/airflow/dags/forex_data_pipeline.py took 2.118 seconds
[2022-12-10T00:34:05.115+0000] {processor.py:153} INFO - Started process (PID=104) to work on /opt/airflow/dags/forex_data_pipeline.py
[2022-12-10T00:34:05.118+0000] {processor.py:743} INFO - Processing file /opt/airflow/dags/forex_data_pipeline.py for tasks to queue
[2022-12-10T00:34:05.119+0000] {logging_mixin.py:137} INFO - [2022-12-10T00:34:05.119+0000] {dagbag.py:538} INFO - Filling up the DagBag from /opt/airflow/dags/forex_data_pipeline.py
[2022-12-10T00:34:05.542+0000] {processor.py:753} INFO - DAG(s) dict_keys(['forex_data_pipeline']) retrieved from /opt/airflow/dags/forex_data_pipeline.py
[2022-12-10T00:34:05.574+0000] {logging_mixin.py:137} INFO - [2022-12-10T00:34:05.574+0000] {dag.py:2676} INFO - Sync 1 DAGs
[2022-12-10T00:34:05.615+0000] {logging_mixin.py:137} INFO - [2022-12-10T00:34:05.615+0000] {dag.py:3427} INFO - Setting next_dagrun for forex_data_pipeline to 2022-12-10T00:00:00+00:00, run_after=2022-12-11T00:00:00+00:00
[2022-12-10T00:34:05.648+0000] {processor.py:175} INFO - Processing /opt/airflow/dags/forex_data_pipeline.py took 0.537 seconds
[2022-12-10T00:34:36.056+0000] {processor.py:153} INFO - Started process (PID=166) to work on /opt/airflow/dags/forex_data_pipeline.py
[2022-12-10T00:34:36.090+0000] {processor.py:743} INFO - Processing file /opt/airflow/dags/forex_data_pipeline.py for tasks to queue
[2022-12-10T00:34:36.092+0000] {logging_mixin.py:137} INFO - [2022-12-10T00:34:36.091+0000] {dagbag.py:538} INFO - Filling up the DagBag from /opt/airflow/dags/forex_data_pipeline.py
[2022-12-10T00:34:36.400+0000] {processor.py:753} INFO - DAG(s) dict_keys(['forex_data_pipeline']) retrieved from /opt/airflow/dags/forex_data_pipeline.py
[2022-12-10T00:34:36.422+0000] {logging_mixin.py:137} INFO - [2022-12-10T00:34:36.421+0000] {dag.py:2676} INFO - Sync 1 DAGs
[2022-12-10T00:34:36.445+0000] {logging_mixin.py:137} INFO - [2022-12-10T00:34:36.445+0000] {dag.py:3427} INFO - Setting next_dagrun for forex_data_pipeline to 2022-12-10T00:00:00+00:00, run_after=2022-12-11T00:00:00+00:00
[2022-12-10T00:34:36.467+0000] {processor.py:175} INFO - Processing /opt/airflow/dags/forex_data_pipeline.py took 0.414 seconds
[2022-12-10T00:35:06.649+0000] {processor.py:153} INFO - Started process (PID=208) to work on /opt/airflow/dags/forex_data_pipeline.py
[2022-12-10T00:35:06.652+0000] {processor.py:743} INFO - Processing file /opt/airflow/dags/forex_data_pipeline.py for tasks to queue
[2022-12-10T00:35:06.653+0000] {logging_mixin.py:137} INFO - [2022-12-10T00:35:06.653+0000] {dagbag.py:538} INFO - Filling up the DagBag from /opt/airflow/dags/forex_data_pipeline.py
[2022-12-10T00:35:06.927+0000] {processor.py:753} INFO - DAG(s) dict_keys(['forex_data_pipeline']) retrieved from /opt/airflow/dags/forex_data_pipeline.py
[2022-12-10T00:35:06.951+0000] {logging_mixin.py:137} INFO - [2022-12-10T00:35:06.950+0000] {dag.py:2676} INFO - Sync 1 DAGs
[2022-12-10T00:35:06.976+0000] {logging_mixin.py:137} INFO - [2022-12-10T00:35:06.976+0000] {dag.py:3427} INFO - Setting next_dagrun for forex_data_pipeline to 2022-12-10T00:00:00+00:00, run_after=2022-12-11T00:00:00+00:00
[2022-12-10T00:35:07.001+0000] {processor.py:175} INFO - Processing /opt/airflow/dags/forex_data_pipeline.py took 0.354 seconds
[2022-12-10T00:35:37.203+0000] {processor.py:153} INFO - Started process (PID=270) to work on /opt/airflow/dags/forex_data_pipeline.py
[2022-12-10T00:35:37.206+0000] {processor.py:743} INFO - Processing file /opt/airflow/dags/forex_data_pipeline.py for tasks to queue
[2022-12-10T00:35:37.207+0000] {logging_mixin.py:137} INFO - [2022-12-10T00:35:37.207+0000] {dagbag.py:538} INFO - Filling up the DagBag from /opt/airflow/dags/forex_data_pipeline.py
[2022-12-10T00:35:37.622+0000] {processor.py:753} INFO - DAG(s) dict_keys(['forex_data_pipeline']) retrieved from /opt/airflow/dags/forex_data_pipeline.py
[2022-12-10T00:35:37.680+0000] {logging_mixin.py:137} INFO - [2022-12-10T00:35:37.680+0000] {dag.py:2676} INFO - Sync 1 DAGs
[2022-12-10T00:35:37.714+0000] {logging_mixin.py:137} INFO - [2022-12-10T00:35:37.713+0000] {dag.py:3427} INFO - Setting next_dagrun for forex_data_pipeline to 2022-12-10T00:00:00+00:00, run_after=2022-12-11T00:00:00+00:00
[2022-12-10T00:35:37.815+0000] {processor.py:175} INFO - Processing /opt/airflow/dags/forex_data_pipeline.py took 0.614 seconds
[2022-12-10T00:36:08.424+0000] {processor.py:153} INFO - Started process (PID=312) to work on /opt/airflow/dags/forex_data_pipeline.py
[2022-12-10T00:36:08.426+0000] {processor.py:743} INFO - Processing file /opt/airflow/dags/forex_data_pipeline.py for tasks to queue
[2022-12-10T00:36:08.427+0000] {logging_mixin.py:137} INFO - [2022-12-10T00:36:08.427+0000] {dagbag.py:538} INFO - Filling up the DagBag from /opt/airflow/dags/forex_data_pipeline.py
[2022-12-10T00:36:08.725+0000] {processor.py:753} INFO - DAG(s) dict_keys(['forex_data_pipeline']) retrieved from /opt/airflow/dags/forex_data_pipeline.py
[2022-12-10T00:36:08.749+0000] {logging_mixin.py:137} INFO - [2022-12-10T00:36:08.749+0000] {dag.py:2676} INFO - Sync 1 DAGs
[2022-12-10T00:36:08.772+0000] {logging_mixin.py:137} INFO - [2022-12-10T00:36:08.772+0000] {dag.py:3427} INFO - Setting next_dagrun for forex_data_pipeline to 2022-12-10T00:00:00+00:00, run_after=2022-12-11T00:00:00+00:00
[2022-12-10T00:36:08.801+0000] {processor.py:175} INFO - Processing /opt/airflow/dags/forex_data_pipeline.py took 0.379 seconds
[2022-12-10T00:36:39.164+0000] {processor.py:153} INFO - Started process (PID=363) to work on /opt/airflow/dags/forex_data_pipeline.py
[2022-12-10T00:36:39.168+0000] {processor.py:743} INFO - Processing file /opt/airflow/dags/forex_data_pipeline.py for tasks to queue
[2022-12-10T00:36:39.169+0000] {logging_mixin.py:137} INFO - [2022-12-10T00:36:39.169+0000] {dagbag.py:538} INFO - Filling up the DagBag from /opt/airflow/dags/forex_data_pipeline.py
[2022-12-10T00:36:39.450+0000] {processor.py:753} INFO - DAG(s) dict_keys(['forex_data_pipeline']) retrieved from /opt/airflow/dags/forex_data_pipeline.py
[2022-12-10T00:36:39.486+0000] {logging_mixin.py:137} INFO - [2022-12-10T00:36:39.486+0000] {dag.py:2676} INFO - Sync 1 DAGs
[2022-12-10T00:36:39.520+0000] {logging_mixin.py:137} INFO - [2022-12-10T00:36:39.520+0000] {dag.py:3427} INFO - Setting next_dagrun for forex_data_pipeline to 2022-12-10T00:00:00+00:00, run_after=2022-12-11T00:00:00+00:00
[2022-12-10T00:36:39.548+0000] {processor.py:175} INFO - Processing /opt/airflow/dags/forex_data_pipeline.py took 0.386 seconds
[2022-12-10T00:37:09.867+0000] {processor.py:153} INFO - Started process (PID=416) to work on /opt/airflow/dags/forex_data_pipeline.py
[2022-12-10T00:37:09.869+0000] {processor.py:743} INFO - Processing file /opt/airflow/dags/forex_data_pipeline.py for tasks to queue
[2022-12-10T00:37:09.870+0000] {logging_mixin.py:137} INFO - [2022-12-10T00:37:09.870+0000] {dagbag.py:538} INFO - Filling up the DagBag from /opt/airflow/dags/forex_data_pipeline.py
[2022-12-10T00:37:10.186+0000] {processor.py:753} INFO - DAG(s) dict_keys(['forex_data_pipeline']) retrieved from /opt/airflow/dags/forex_data_pipeline.py
[2022-12-10T00:37:10.207+0000] {logging_mixin.py:137} INFO - [2022-12-10T00:37:10.207+0000] {dag.py:2676} INFO - Sync 1 DAGs
[2022-12-10T00:37:10.231+0000] {logging_mixin.py:137} INFO - [2022-12-10T00:37:10.231+0000] {dag.py:3427} INFO - Setting next_dagrun for forex_data_pipeline to 2022-12-10T00:00:00+00:00, run_after=2022-12-11T00:00:00+00:00
[2022-12-10T00:37:10.254+0000] {processor.py:175} INFO - Processing /opt/airflow/dags/forex_data_pipeline.py took 0.389 seconds
[2022-12-10T00:37:40.607+0000] {processor.py:153} INFO - Started process (PID=478) to work on /opt/airflow/dags/forex_data_pipeline.py
[2022-12-10T00:37:40.612+0000] {processor.py:743} INFO - Processing file /opt/airflow/dags/forex_data_pipeline.py for tasks to queue
[2022-12-10T00:37:40.613+0000] {logging_mixin.py:137} INFO - [2022-12-10T00:37:40.613+0000] {dagbag.py:538} INFO - Filling up the DagBag from /opt/airflow/dags/forex_data_pipeline.py
[2022-12-10T00:37:41.013+0000] {processor.py:753} INFO - DAG(s) dict_keys(['forex_data_pipeline']) retrieved from /opt/airflow/dags/forex_data_pipeline.py
[2022-12-10T00:37:41.041+0000] {logging_mixin.py:137} INFO - [2022-12-10T00:37:41.041+0000] {dag.py:2676} INFO - Sync 1 DAGs
[2022-12-10T00:37:41.068+0000] {logging_mixin.py:137} INFO - [2022-12-10T00:37:41.068+0000] {dag.py:3427} INFO - Setting next_dagrun for forex_data_pipeline to 2022-12-10T00:00:00+00:00, run_after=2022-12-11T00:00:00+00:00
[2022-12-10T00:37:41.093+0000] {processor.py:175} INFO - Processing /opt/airflow/dags/forex_data_pipeline.py took 0.488 seconds
[2022-12-10T00:38:11.576+0000] {processor.py:153} INFO - Started process (PID=521) to work on /opt/airflow/dags/forex_data_pipeline.py
[2022-12-10T00:38:11.581+0000] {processor.py:743} INFO - Processing file /opt/airflow/dags/forex_data_pipeline.py for tasks to queue
[2022-12-10T00:38:11.583+0000] {logging_mixin.py:137} INFO - [2022-12-10T00:38:11.583+0000] {dagbag.py:538} INFO - Filling up the DagBag from /opt/airflow/dags/forex_data_pipeline.py
[2022-12-10T00:38:11.873+0000] {processor.py:753} INFO - DAG(s) dict_keys(['forex_data_pipeline']) retrieved from /opt/airflow/dags/forex_data_pipeline.py
[2022-12-10T00:38:11.896+0000] {logging_mixin.py:137} INFO - [2022-12-10T00:38:11.896+0000] {dag.py:2676} INFO - Sync 1 DAGs
[2022-12-10T00:38:11.919+0000] {logging_mixin.py:137} INFO - [2022-12-10T00:38:11.919+0000] {dag.py:3427} INFO - Setting next_dagrun for forex_data_pipeline to 2022-12-10T00:00:00+00:00, run_after=2022-12-11T00:00:00+00:00
[2022-12-10T00:38:11.940+0000] {processor.py:175} INFO - Processing /opt/airflow/dags/forex_data_pipeline.py took 0.366 seconds
[2022-12-10T00:38:42.676+0000] {processor.py:153} INFO - Started process (PID=572) to work on /opt/airflow/dags/forex_data_pipeline.py
[2022-12-10T00:38:42.679+0000] {processor.py:743} INFO - Processing file /opt/airflow/dags/forex_data_pipeline.py for tasks to queue
[2022-12-10T00:38:42.681+0000] {logging_mixin.py:137} INFO - [2022-12-10T00:38:42.680+0000] {dagbag.py:538} INFO - Filling up the DagBag from /opt/airflow/dags/forex_data_pipeline.py
[2022-12-10T00:38:43.236+0000] {processor.py:753} INFO - DAG(s) dict_keys(['forex_data_pipeline']) retrieved from /opt/airflow/dags/forex_data_pipeline.py
[2022-12-10T00:38:43.294+0000] {logging_mixin.py:137} INFO - [2022-12-10T00:38:43.293+0000] {dag.py:2676} INFO - Sync 1 DAGs
[2022-12-10T00:38:43.347+0000] {logging_mixin.py:137} INFO - [2022-12-10T00:38:43.346+0000] {dag.py:3427} INFO - Setting next_dagrun for forex_data_pipeline to 2022-12-10T00:00:00+00:00, run_after=2022-12-11T00:00:00+00:00
[2022-12-10T00:38:43.402+0000] {processor.py:175} INFO - Processing /opt/airflow/dags/forex_data_pipeline.py took 0.730 seconds
[2022-12-10T00:39:14.301+0000] {processor.py:153} INFO - Started process (PID=626) to work on /opt/airflow/dags/forex_data_pipeline.py
[2022-12-10T00:39:14.318+0000] {processor.py:743} INFO - Processing file /opt/airflow/dags/forex_data_pipeline.py for tasks to queue
[2022-12-10T00:39:14.320+0000] {logging_mixin.py:137} INFO - [2022-12-10T00:39:14.319+0000] {dagbag.py:538} INFO - Filling up the DagBag from /opt/airflow/dags/forex_data_pipeline.py
[2022-12-10T00:39:14.964+0000] {processor.py:753} INFO - DAG(s) dict_keys(['forex_data_pipeline']) retrieved from /opt/airflow/dags/forex_data_pipeline.py
[2022-12-10T00:39:15.002+0000] {logging_mixin.py:137} INFO - [2022-12-10T00:39:15.001+0000] {dag.py:2676} INFO - Sync 1 DAGs
[2022-12-10T00:39:15.029+0000] {logging_mixin.py:137} INFO - [2022-12-10T00:39:15.029+0000] {dag.py:3427} INFO - Setting next_dagrun for forex_data_pipeline to 2022-12-10T00:00:00+00:00, run_after=2022-12-11T00:00:00+00:00
[2022-12-10T00:39:15.057+0000] {processor.py:175} INFO - Processing /opt/airflow/dags/forex_data_pipeline.py took 0.759 seconds
[2022-12-10T00:39:45.325+0000] {processor.py:153} INFO - Started process (PID=667) to work on /opt/airflow/dags/forex_data_pipeline.py
[2022-12-10T00:39:45.328+0000] {processor.py:743} INFO - Processing file /opt/airflow/dags/forex_data_pipeline.py for tasks to queue
[2022-12-10T00:39:45.329+0000] {logging_mixin.py:137} INFO - [2022-12-10T00:39:45.329+0000] {dagbag.py:538} INFO - Filling up the DagBag from /opt/airflow/dags/forex_data_pipeline.py
[2022-12-10T00:39:45.814+0000] {processor.py:753} INFO - DAG(s) dict_keys(['forex_data_pipeline']) retrieved from /opt/airflow/dags/forex_data_pipeline.py
[2022-12-10T00:39:45.839+0000] {logging_mixin.py:137} INFO - [2022-12-10T00:39:45.839+0000] {dag.py:2676} INFO - Sync 1 DAGs
[2022-12-10T00:39:45.866+0000] {logging_mixin.py:137} INFO - [2022-12-10T00:39:45.866+0000] {dag.py:3427} INFO - Setting next_dagrun for forex_data_pipeline to 2022-12-10T00:00:00+00:00, run_after=2022-12-11T00:00:00+00:00
[2022-12-10T00:39:46.312+0000] {processor.py:175} INFO - Processing /opt/airflow/dags/forex_data_pipeline.py took 0.976 seconds
[2022-12-10T00:40:17.701+0000] {processor.py:153} INFO - Started process (PID=729) to work on /opt/airflow/dags/forex_data_pipeline.py
[2022-12-10T00:40:17.796+0000] {processor.py:743} INFO - Processing file /opt/airflow/dags/forex_data_pipeline.py for tasks to queue
[2022-12-10T00:40:17.801+0000] {logging_mixin.py:137} INFO - [2022-12-10T00:40:17.801+0000] {dagbag.py:538} INFO - Filling up the DagBag from /opt/airflow/dags/forex_data_pipeline.py
[2022-12-10T00:40:19.718+0000] {processor.py:753} INFO - DAG(s) dict_keys(['forex_data_pipeline']) retrieved from /opt/airflow/dags/forex_data_pipeline.py
[2022-12-10T00:40:19.829+0000] {logging_mixin.py:137} INFO - [2022-12-10T00:40:19.828+0000] {dag.py:2676} INFO - Sync 1 DAGs
[2022-12-10T00:40:19.995+0000] {logging_mixin.py:137} INFO - [2022-12-10T00:40:19.995+0000] {dag.py:3427} INFO - Setting next_dagrun for forex_data_pipeline to 2022-12-10T00:00:00+00:00, run_after=2022-12-11T00:00:00+00:00
[2022-12-10T00:40:20.116+0000] {processor.py:175} INFO - Processing /opt/airflow/dags/forex_data_pipeline.py took 2.419 seconds
[2022-12-10T00:40:50.908+0000] {processor.py:153} INFO - Started process (PID=771) to work on /opt/airflow/dags/forex_data_pipeline.py
[2022-12-10T00:40:50.914+0000] {processor.py:743} INFO - Processing file /opt/airflow/dags/forex_data_pipeline.py for tasks to queue
[2022-12-10T00:40:50.916+0000] {logging_mixin.py:137} INFO - [2022-12-10T00:40:50.916+0000] {dagbag.py:538} INFO - Filling up the DagBag from /opt/airflow/dags/forex_data_pipeline.py
[2022-12-10T00:40:51.211+0000] {processor.py:753} INFO - DAG(s) dict_keys(['forex_data_pipeline']) retrieved from /opt/airflow/dags/forex_data_pipeline.py
[2022-12-10T00:40:51.234+0000] {logging_mixin.py:137} INFO - [2022-12-10T00:40:51.234+0000] {dag.py:2676} INFO - Sync 1 DAGs
[2022-12-10T00:40:51.259+0000] {logging_mixin.py:137} INFO - [2022-12-10T00:40:51.259+0000] {dag.py:3427} INFO - Setting next_dagrun for forex_data_pipeline to 2022-12-10T00:00:00+00:00, run_after=2022-12-11T00:00:00+00:00
[2022-12-10T00:40:51.288+0000] {processor.py:175} INFO - Processing /opt/airflow/dags/forex_data_pipeline.py took 0.382 seconds
