[2023-03-25T01:07:19.039+0000] {processor.py:153} INFO - Started process (PID=49) to work on /opt/airflow/dags/forex_data_pipeline.py
[2023-03-25T01:07:19.042+0000] {processor.py:743} INFO - Processing file /opt/airflow/dags/forex_data_pipeline.py for tasks to queue
[2023-03-25T01:07:19.044+0000] {logging_mixin.py:137} INFO - [2023-03-25T01:07:19.044+0000] {dagbag.py:538} INFO - Filling up the DagBag from /opt/airflow/dags/forex_data_pipeline.py
[2023-03-25T01:07:20.543+0000] {processor.py:753} INFO - DAG(s) dict_keys(['forex_data_pipeline']) retrieved from /opt/airflow/dags/forex_data_pipeline.py
[2023-03-25T01:07:20.614+0000] {logging_mixin.py:137} INFO - [2023-03-25T01:07:20.613+0000] {dag.py:2676} INFO - Sync 1 DAGs
[2023-03-25T01:07:20.681+0000] {logging_mixin.py:137} INFO - [2023-03-25T01:07:20.680+0000] {dag.py:3427} INFO - Setting next_dagrun for forex_data_pipeline to 2023-03-25T00:00:00+00:00, run_after=2023-03-26T00:00:00+00:00
[2023-03-25T01:07:20.748+0000] {processor.py:175} INFO - Processing /opt/airflow/dags/forex_data_pipeline.py took 1.713 seconds
[2023-03-25T01:07:50.922+0000] {processor.py:153} INFO - Started process (PID=110) to work on /opt/airflow/dags/forex_data_pipeline.py
[2023-03-25T01:07:50.925+0000] {processor.py:743} INFO - Processing file /opt/airflow/dags/forex_data_pipeline.py for tasks to queue
[2023-03-25T01:07:50.927+0000] {logging_mixin.py:137} INFO - [2023-03-25T01:07:50.926+0000] {dagbag.py:538} INFO - Filling up the DagBag from /opt/airflow/dags/forex_data_pipeline.py
[2023-03-25T01:07:51.248+0000] {processor.py:753} INFO - DAG(s) dict_keys(['forex_data_pipeline']) retrieved from /opt/airflow/dags/forex_data_pipeline.py
[2023-03-25T01:07:51.282+0000] {logging_mixin.py:137} INFO - [2023-03-25T01:07:51.281+0000] {dag.py:2676} INFO - Sync 1 DAGs
[2023-03-25T01:07:51.306+0000] {logging_mixin.py:137} INFO - [2023-03-25T01:07:51.306+0000] {dag.py:3427} INFO - Setting next_dagrun for forex_data_pipeline to 2023-03-25T00:00:00+00:00, run_after=2023-03-26T00:00:00+00:00
[2023-03-25T01:07:51.329+0000] {processor.py:175} INFO - Processing /opt/airflow/dags/forex_data_pipeline.py took 0.410 seconds
[2023-03-25T19:10:53.312+0000] {processor.py:153} INFO - Started process (PID=41) to work on /opt/airflow/dags/forex_data_pipeline.py
[2023-03-25T19:10:53.318+0000] {processor.py:743} INFO - Processing file /opt/airflow/dags/forex_data_pipeline.py for tasks to queue
[2023-03-25T19:10:53.320+0000] {logging_mixin.py:137} INFO - [2023-03-25T19:10:53.320+0000] {dagbag.py:538} INFO - Filling up the DagBag from /opt/airflow/dags/forex_data_pipeline.py
[2023-03-25T19:10:54.712+0000] {processor.py:753} INFO - DAG(s) dict_keys(['forex_data_pipeline']) retrieved from /opt/airflow/dags/forex_data_pipeline.py
[2023-03-25T19:10:54.795+0000] {logging_mixin.py:137} INFO - [2023-03-25T19:10:54.792+0000] {dag.py:2676} INFO - Sync 1 DAGs
[2023-03-25T19:10:54.912+0000] {logging_mixin.py:137} INFO - [2023-03-25T19:10:54.912+0000] {dag.py:3427} INFO - Setting next_dagrun for forex_data_pipeline to 2023-03-25T00:00:00+00:00, run_after=2023-03-26T00:00:00+00:00
[2023-03-25T19:10:55.088+0000] {processor.py:175} INFO - Processing /opt/airflow/dags/forex_data_pipeline.py took 1.782 seconds
[2023-03-25T19:11:25.897+0000] {processor.py:153} INFO - Started process (PID=107) to work on /opt/airflow/dags/forex_data_pipeline.py
[2023-03-25T19:11:25.901+0000] {processor.py:743} INFO - Processing file /opt/airflow/dags/forex_data_pipeline.py for tasks to queue
[2023-03-25T19:11:25.902+0000] {logging_mixin.py:137} INFO - [2023-03-25T19:11:25.902+0000] {dagbag.py:538} INFO - Filling up the DagBag from /opt/airflow/dags/forex_data_pipeline.py
[2023-03-25T19:11:26.180+0000] {processor.py:753} INFO - DAG(s) dict_keys(['forex_data_pipeline']) retrieved from /opt/airflow/dags/forex_data_pipeline.py
[2023-03-25T19:11:26.203+0000] {logging_mixin.py:137} INFO - [2023-03-25T19:11:26.202+0000] {dag.py:2676} INFO - Sync 1 DAGs
[2023-03-25T19:11:26.225+0000] {logging_mixin.py:137} INFO - [2023-03-25T19:11:26.225+0000] {dag.py:3427} INFO - Setting next_dagrun for forex_data_pipeline to 2023-03-25T00:00:00+00:00, run_after=2023-03-26T00:00:00+00:00
[2023-03-25T19:11:26.245+0000] {processor.py:175} INFO - Processing /opt/airflow/dags/forex_data_pipeline.py took 0.350 seconds
