[2023-02-19T00:00:01.612+0000] {taskinstance.py:1087} INFO - Dependencies all met for <TaskInstance: forex_data_pipeline.is_forex_rates_available scheduled__2023-02-18T00:00:00+00:00 [queued]>
[2023-02-19T00:00:01.625+0000] {taskinstance.py:1087} INFO - Dependencies all met for <TaskInstance: forex_data_pipeline.is_forex_rates_available scheduled__2023-02-18T00:00:00+00:00 [queued]>
[2023-02-19T00:00:01.625+0000] {taskinstance.py:1283} INFO - 
--------------------------------------------------------------------------------
[2023-02-19T00:00:01.626+0000] {taskinstance.py:1284} INFO - Starting attempt 1 of 3
[2023-02-19T00:00:01.626+0000] {taskinstance.py:1285} INFO - 
--------------------------------------------------------------------------------
[2023-02-19T00:00:01.642+0000] {taskinstance.py:1304} INFO - Executing <Task(HttpSensor): is_forex_rates_available> on 2023-02-18 00:00:00+00:00
[2023-02-19T00:00:01.646+0000] {standard_task_runner.py:55} INFO - Started process 7374 to run task
[2023-02-19T00:00:01.650+0000] {standard_task_runner.py:82} INFO - Running: ['***', 'tasks', 'run', 'forex_data_pipeline', 'is_forex_rates_available', 'scheduled__2023-02-18T00:00:00+00:00', '--job-id', '750', '--raw', '--subdir', 'DAGS_FOLDER/forex_data_pipeline.py', '--cfg-path', '/tmp/tmpb3vxoqmr']
[2023-02-19T00:00:01.652+0000] {standard_task_runner.py:83} INFO - Job 750: Subtask is_forex_rates_available
[2023-02-19T00:00:01.717+0000] {task_command.py:389} INFO - Running <TaskInstance: forex_data_pipeline.is_forex_rates_available scheduled__2023-02-18T00:00:00+00:00 [running]> on host b21115e7dff0
[2023-02-19T00:00:01.864+0000] {taskinstance.py:1513} INFO - Exporting the following env vars:
AIRFLOW_CTX_DAG_EMAIL=juanfelipehdezm@gmail.com
AIRFLOW_CTX_DAG_OWNER=felipehdez
AIRFLOW_CTX_DAG_ID=forex_data_pipeline
AIRFLOW_CTX_TASK_ID=is_forex_rates_available
AIRFLOW_CTX_EXECUTION_DATE=2023-02-18T00:00:00+00:00
AIRFLOW_CTX_TRY_NUMBER=1
AIRFLOW_CTX_DAG_RUN_ID=scheduled__2023-02-18T00:00:00+00:00
[2023-02-19T00:00:01.867+0000] {http.py:122} INFO - Poking: /query?function=CURRENCY_EXCHANGE_RATE&from_currency=USD&to_currency=COP&apikey=EHCCX9LJ1T4XQV4E
[2023-02-19T00:00:01.878+0000] {base.py:73} INFO - Using connection ID 'forex_api' for task execution.
[2023-02-19T00:00:01.882+0000] {http.py:150} INFO - Sending 'GET' to url: https://www.alphavantage.co/query?function=CURRENCY_EXCHANGE_RATE&from_currency=USD&to_currency=COP&apikey=EHCCX9LJ1T4XQV4E
[2023-02-19T00:00:04.608+0000] {base.py:228} INFO - Success criteria met. Exiting.
[2023-02-19T00:00:04.621+0000] {taskinstance.py:1327} INFO - Marking task as SUCCESS. dag_id=forex_data_pipeline, task_id=is_forex_rates_available, execution_date=20230218T000000, start_date=20230219T000001, end_date=20230219T000004
[2023-02-19T00:00:04.678+0000] {local_task_job.py:159} INFO - Task exited with return code 0
[2023-02-19T00:00:04.715+0000] {taskinstance.py:2582} INFO - 1 downstream tasks scheduled from follow-on schedule check
