[2023-04-09T18:20:29.302+0000] {taskinstance.py:1087} INFO - Dependencies all met for <TaskInstance: forex_data_pipeline.downloading_rates scheduled__2023-04-08T00:00:00+00:00 [queued]>
[2023-04-09T18:20:29.316+0000] {taskinstance.py:1087} INFO - Dependencies all met for <TaskInstance: forex_data_pipeline.downloading_rates scheduled__2023-04-08T00:00:00+00:00 [queued]>
[2023-04-09T18:20:29.317+0000] {taskinstance.py:1283} INFO - 
--------------------------------------------------------------------------------
[2023-04-09T18:20:29.318+0000] {taskinstance.py:1284} INFO - Starting attempt 1 of 3
[2023-04-09T18:20:29.319+0000] {taskinstance.py:1285} INFO - 
--------------------------------------------------------------------------------
[2023-04-09T18:20:29.333+0000] {taskinstance.py:1304} INFO - Executing <Task(PythonOperator): downloading_rates> on 2023-04-08 00:00:00+00:00
[2023-04-09T18:20:29.340+0000] {standard_task_runner.py:55} INFO - Started process 89 to run task
[2023-04-09T18:20:29.343+0000] {standard_task_runner.py:82} INFO - Running: ['***', 'tasks', 'run', 'forex_data_pipeline', 'downloading_rates', 'scheduled__2023-04-08T00:00:00+00:00', '--job-id', '1046', '--raw', '--subdir', 'DAGS_FOLDER/forex_data_pipeline.py', '--cfg-path', '/tmp/tmp859b61q2']
[2023-04-09T18:20:29.346+0000] {standard_task_runner.py:83} INFO - Job 1046: Subtask downloading_rates
[2023-04-09T18:20:29.413+0000] {task_command.py:389} INFO - Running <TaskInstance: forex_data_pipeline.downloading_rates scheduled__2023-04-08T00:00:00+00:00 [running]> on host b21115e7dff0
[2023-04-09T18:20:29.480+0000] {taskinstance.py:1513} INFO - Exporting the following env vars:
AIRFLOW_CTX_DAG_EMAIL=juanfelipehdezm@gmail.com
AIRFLOW_CTX_DAG_OWNER=felipehdez
AIRFLOW_CTX_DAG_ID=forex_data_pipeline
AIRFLOW_CTX_TASK_ID=downloading_rates
AIRFLOW_CTX_EXECUTION_DATE=2023-04-08T00:00:00+00:00
AIRFLOW_CTX_TRY_NUMBER=1
AIRFLOW_CTX_DAG_RUN_ID=scheduled__2023-04-08T00:00:00+00:00
[2023-04-09T18:20:30.345+0000] {python.py:177} INFO - Done. Returned value was: None
[2023-04-09T18:20:30.356+0000] {taskinstance.py:1327} INFO - Marking task as SUCCESS. dag_id=forex_data_pipeline, task_id=downloading_rates, execution_date=20230408T000000, start_date=20230409T182029, end_date=20230409T182030
[2023-04-09T18:20:30.400+0000] {local_task_job.py:159} INFO - Task exited with return code 0
[2023-04-09T18:20:30.430+0000] {taskinstance.py:2582} INFO - 1 downstream tasks scheduled from follow-on schedule check
