[2022-11-08T22:31:35.595+0000] {taskinstance.py:1165} INFO - Dependencies all met for <TaskInstance: forex_data_pipeline.downloading_rates manual__2022-11-08T22:31:32.640798+00:00 [queued]>
[2022-11-08T22:31:35.608+0000] {taskinstance.py:1165} INFO - Dependencies all met for <TaskInstance: forex_data_pipeline.downloading_rates manual__2022-11-08T22:31:32.640798+00:00 [queued]>
[2022-11-08T22:31:35.610+0000] {taskinstance.py:1362} INFO - 
--------------------------------------------------------------------------------
[2022-11-08T22:31:35.611+0000] {taskinstance.py:1363} INFO - Starting attempt 1 of 3
[2022-11-08T22:31:35.612+0000] {taskinstance.py:1364} INFO - 
--------------------------------------------------------------------------------
[2022-11-08T22:31:35.627+0000] {taskinstance.py:1383} INFO - Executing <Task(PythonOperator): downloading_rates> on 2022-11-08 22:31:32.640798+00:00
[2022-11-08T22:31:35.631+0000] {standard_task_runner.py:54} INFO - Started process 4779 to run task
[2022-11-08T22:31:35.634+0000] {standard_task_runner.py:82} INFO - Running: ['***', 'tasks', 'run', 'forex_data_pipeline', 'downloading_rates', 'manual__2022-11-08T22:31:32.640798+00:00', '--job-id', '19', '--raw', '--subdir', 'DAGS_FOLDER/forex_data_pipeline.py', '--cfg-path', '/tmp/tmpk3xk4gn4']
[2022-11-08T22:31:35.634+0000] {standard_task_runner.py:83} INFO - Job 19: Subtask downloading_rates
[2022-11-08T22:31:35.636+0000] {dagbag.py:525} INFO - Filling up the DagBag from /opt/***/dags/forex_data_pipeline.py
[2022-11-08T22:31:35.751+0000] {task_command.py:384} INFO - Running <TaskInstance: forex_data_pipeline.downloading_rates manual__2022-11-08T22:31:32.640798+00:00 [running]> on host f6a61415b844
[2022-11-08T22:31:35.813+0000] {taskinstance.py:1592} INFO - Exporting the following env vars:
AIRFLOW_CTX_DAG_EMAIL=juanfelipehdezm@gmail.com
AIRFLOW_CTX_DAG_OWNER=felipehdez
AIRFLOW_CTX_DAG_ID=forex_data_pipeline
AIRFLOW_CTX_TASK_ID=downloading_rates
AIRFLOW_CTX_EXECUTION_DATE=2022-11-08T22:31:32.640798+00:00
AIRFLOW_CTX_TRY_NUMBER=1
AIRFLOW_CTX_DAG_RUN_ID=manual__2022-11-08T22:31:32.640798+00:00
[2022-11-08T22:31:36.523+0000] {python.py:177} INFO - Done. Returned value was: None
[2022-11-08T22:31:36.534+0000] {taskinstance.py:1406} INFO - Marking task as SUCCESS. dag_id=forex_data_pipeline, task_id=downloading_rates, execution_date=20221108T223132, start_date=20221108T223135, end_date=20221108T223136
[2022-11-08T22:31:36.570+0000] {local_task_job.py:164} INFO - Task exited with return code 0
[2022-11-08T22:31:36.589+0000] {local_task_job.py:273} INFO - 0 downstream tasks scheduled from follow-on schedule check
