[2023-03-08T22:17:12.494+0000] {taskinstance.py:1087} INFO - Dependencies all met for <TaskInstance: forex_data_pipeline.downloading_rates scheduled__2023-03-07T00:00:00+00:00 [queued]>
[2023-03-08T22:17:12.519+0000] {taskinstance.py:1087} INFO - Dependencies all met for <TaskInstance: forex_data_pipeline.downloading_rates scheduled__2023-03-07T00:00:00+00:00 [queued]>
[2023-03-08T22:17:12.520+0000] {taskinstance.py:1283} INFO - 
--------------------------------------------------------------------------------
[2023-03-08T22:17:12.521+0000] {taskinstance.py:1284} INFO - Starting attempt 1 of 3
[2023-03-08T22:17:12.522+0000] {taskinstance.py:1285} INFO - 
--------------------------------------------------------------------------------
[2023-03-08T22:17:12.543+0000] {taskinstance.py:1304} INFO - Executing <Task(PythonOperator): downloading_rates> on 2023-03-07 00:00:00+00:00
[2023-03-08T22:17:12.553+0000] {standard_task_runner.py:55} INFO - Started process 84 to run task
[2023-03-08T22:17:12.557+0000] {standard_task_runner.py:82} INFO - Running: ['***', 'tasks', 'run', 'forex_data_pipeline', 'downloading_rates', 'scheduled__2023-03-07T00:00:00+00:00', '--job-id', '860', '--raw', '--subdir', 'DAGS_FOLDER/forex_data_pipeline.py', '--cfg-path', '/tmp/tmpnbhf6jxk']
[2023-03-08T22:17:12.559+0000] {standard_task_runner.py:83} INFO - Job 860: Subtask downloading_rates
[2023-03-08T22:17:12.663+0000] {task_command.py:389} INFO - Running <TaskInstance: forex_data_pipeline.downloading_rates scheduled__2023-03-07T00:00:00+00:00 [running]> on host b21115e7dff0
[2023-03-08T22:17:12.791+0000] {taskinstance.py:1513} INFO - Exporting the following env vars:
AIRFLOW_CTX_DAG_EMAIL=juanfelipehdezm@gmail.com
AIRFLOW_CTX_DAG_OWNER=felipehdez
AIRFLOW_CTX_DAG_ID=forex_data_pipeline
AIRFLOW_CTX_TASK_ID=downloading_rates
AIRFLOW_CTX_EXECUTION_DATE=2023-03-07T00:00:00+00:00
AIRFLOW_CTX_TRY_NUMBER=1
AIRFLOW_CTX_DAG_RUN_ID=scheduled__2023-03-07T00:00:00+00:00
[2023-03-08T22:17:14.168+0000] {python.py:177} INFO - Done. Returned value was: None
[2023-03-08T22:17:14.185+0000] {taskinstance.py:1327} INFO - Marking task as SUCCESS. dag_id=forex_data_pipeline, task_id=downloading_rates, execution_date=20230307T000000, start_date=20230308T221712, end_date=20230308T221714
[2023-03-08T22:17:14.268+0000] {local_task_job.py:159} INFO - Task exited with return code 0
[2023-03-08T22:17:14.335+0000] {taskinstance.py:2582} INFO - 1 downstream tasks scheduled from follow-on schedule check
