[2022-11-11T19:44:49.928+0000] {taskinstance.py:1165} INFO - Dependencies all met for <TaskInstance: forex_data_pipeline.is_forex_rates_available manual__2022-11-11T19:44:48.903829+00:00 [queued]>
[2022-11-11T19:44:49.948+0000] {taskinstance.py:1165} INFO - Dependencies all met for <TaskInstance: forex_data_pipeline.is_forex_rates_available manual__2022-11-11T19:44:48.903829+00:00 [queued]>
[2022-11-11T19:44:49.949+0000] {taskinstance.py:1362} INFO - 
--------------------------------------------------------------------------------
[2022-11-11T19:44:49.950+0000] {taskinstance.py:1363} INFO - Starting attempt 1 of 3
[2022-11-11T19:44:49.951+0000] {taskinstance.py:1364} INFO - 
--------------------------------------------------------------------------------
[2022-11-11T19:44:49.973+0000] {taskinstance.py:1383} INFO - Executing <Task(HttpSensor): is_forex_rates_available> on 2022-11-11 19:44:48.903829+00:00
[2022-11-11T19:44:49.981+0000] {standard_task_runner.py:54} INFO - Started process 976 to run task
[2022-11-11T19:44:49.986+0000] {standard_task_runner.py:82} INFO - Running: ['***', 'tasks', 'run', 'forex_data_pipeline', 'is_forex_rates_available', 'manual__2022-11-11T19:44:48.903829+00:00', '--job-id', '78', '--raw', '--subdir', 'DAGS_FOLDER/forex_data_pipeline.py', '--cfg-path', '/tmp/tmpf0mplsru']
[2022-11-11T19:44:49.988+0000] {standard_task_runner.py:83} INFO - Job 78: Subtask is_forex_rates_available
[2022-11-11T19:44:49.995+0000] {dagbag.py:525} INFO - Filling up the DagBag from /opt/***/dags/forex_data_pipeline.py
[2022-11-11T19:44:50.611+0000] {task_command.py:384} INFO - Running <TaskInstance: forex_data_pipeline.is_forex_rates_available manual__2022-11-11T19:44:48.903829+00:00 [running]> on host 9cbdb5013874
[2022-11-11T19:44:50.725+0000] {taskinstance.py:1592} INFO - Exporting the following env vars:
AIRFLOW_CTX_DAG_EMAIL=juanfelipehdezm@gmail.com
AIRFLOW_CTX_DAG_OWNER=felipehdez
AIRFLOW_CTX_DAG_ID=forex_data_pipeline
AIRFLOW_CTX_TASK_ID=is_forex_rates_available
AIRFLOW_CTX_EXECUTION_DATE=2022-11-11T19:44:48.903829+00:00
AIRFLOW_CTX_TRY_NUMBER=1
AIRFLOW_CTX_DAG_RUN_ID=manual__2022-11-11T19:44:48.903829+00:00
[2022-11-11T19:44:50.730+0000] {http.py:120} INFO - Poking: /query?function=CURRENCY_EXCHANGE_RATE&from_currency=USD&to_currency=COP&apikey=EHCCX9LJ1T4XQV4E
[2022-11-11T19:44:50.746+0000] {base.py:71} INFO - Using connection ID 'forex_api' for task execution.
[2022-11-11T19:44:50.750+0000] {http.py:148} INFO - Sending 'GET' to url: https://www.alphavantage.co/query?function=CURRENCY_EXCHANGE_RATE&from_currency=USD&to_currency=COP&apikey=EHCCX9LJ1T4XQV4E
[2022-11-11T19:44:51.550+0000] {base.py:213} INFO - Success criteria met. Exiting.
[2022-11-11T19:44:51.574+0000] {taskinstance.py:1406} INFO - Marking task as SUCCESS. dag_id=forex_data_pipeline, task_id=is_forex_rates_available, execution_date=20221111T194448, start_date=20221111T194449, end_date=20221111T194451
[2022-11-11T19:44:51.645+0000] {local_task_job.py:164} INFO - Task exited with return code 0
[2022-11-11T19:44:51.711+0000] {local_task_job.py:273} INFO - 0 downstream tasks scheduled from follow-on schedule check
