[2022-11-15T20:52:10.364+0000] {taskinstance.py:1165} INFO - Dependencies all met for <TaskInstance: forex_data_pipeline.is_forex_rates_available manual__2022-11-15T20:41:29.239248+00:00 [queued]>
[2022-11-15T20:52:10.376+0000] {taskinstance.py:1165} INFO - Dependencies all met for <TaskInstance: forex_data_pipeline.is_forex_rates_available manual__2022-11-15T20:41:29.239248+00:00 [queued]>
[2022-11-15T20:52:10.377+0000] {taskinstance.py:1362} INFO - 
--------------------------------------------------------------------------------
[2022-11-15T20:52:10.377+0000] {taskinstance.py:1363} INFO - Starting attempt 3 of 5
[2022-11-15T20:52:10.378+0000] {taskinstance.py:1364} INFO - 
--------------------------------------------------------------------------------
[2022-11-15T20:52:10.389+0000] {taskinstance.py:1383} INFO - Executing <Task(HttpSensor): is_forex_rates_available> on 2022-11-15 20:41:29.239248+00:00
[2022-11-15T20:52:10.394+0000] {standard_task_runner.py:54} INFO - Started process 3575 to run task
[2022-11-15T20:52:10.396+0000] {standard_task_runner.py:82} INFO - Running: ['***', 'tasks', 'run', 'forex_data_pipeline', 'is_forex_rates_available', 'manual__2022-11-15T20:41:29.239248+00:00', '--job-id', '128', '--raw', '--subdir', 'DAGS_FOLDER/forex_data_pipeline.py', '--cfg-path', '/tmp/tmp58_9jh9q']
[2022-11-15T20:52:10.397+0000] {standard_task_runner.py:83} INFO - Job 128: Subtask is_forex_rates_available
[2022-11-15T20:52:10.398+0000] {dagbag.py:525} INFO - Filling up the DagBag from /opt/***/dags/forex_data_pipeline.py
[2022-11-15T20:52:10.738+0000] {task_command.py:384} INFO - Running <TaskInstance: forex_data_pipeline.is_forex_rates_available manual__2022-11-15T20:41:29.239248+00:00 [running]> on host 9cbdb5013874
[2022-11-15T20:52:10.793+0000] {taskinstance.py:1592} INFO - Exporting the following env vars:
AIRFLOW_CTX_DAG_EMAIL=juanfelipehdezm@gmail.com
AIRFLOW_CTX_DAG_OWNER=felipehdez
AIRFLOW_CTX_DAG_ID=forex_data_pipeline
AIRFLOW_CTX_TASK_ID=is_forex_rates_available
AIRFLOW_CTX_EXECUTION_DATE=2022-11-15T20:41:29.239248+00:00
AIRFLOW_CTX_TRY_NUMBER=3
AIRFLOW_CTX_DAG_RUN_ID=manual__2022-11-15T20:41:29.239248+00:00
[2022-11-15T20:52:10.794+0000] {http.py:120} INFO - Poking: /query?function=CURRENCY_EXCHANGE_RATE&from_currency=USD&to_currency=COP&apikey=EHCCX9LJ1T4XQV4E
[2022-11-15T20:52:10.801+0000] {base.py:71} INFO - Using connection ID 'forex_api' for task execution.
[2022-11-15T20:52:10.803+0000] {http.py:148} INFO - Sending 'GET' to url: https://www.alphavantage.co/query?function=CURRENCY_EXCHANGE_RATE&from_currency=USD&to_currency=COP&apikey=EHCCX9LJ1T4XQV4E
[2022-11-15T20:52:11.562+0000] {base.py:213} INFO - Success criteria met. Exiting.
[2022-11-15T20:52:11.571+0000] {taskinstance.py:1406} INFO - Marking task as SUCCESS. dag_id=forex_data_pipeline, task_id=is_forex_rates_available, execution_date=20221115T204129, start_date=20221115T205210, end_date=20221115T205211
[2022-11-15T20:52:11.613+0000] {local_task_job.py:164} INFO - Task exited with return code 0
[2022-11-15T20:52:11.638+0000] {local_task_job.py:273} INFO - 1 downstream tasks scheduled from follow-on schedule check
