[2023-03-04T14:52:52.201+0000] {taskinstance.py:1087} INFO - Dependencies all met for <TaskInstance: forex_data_pipeline.downloading_rates scheduled__2023-03-02T00:00:00+00:00 [queued]>
[2023-03-04T14:52:52.217+0000] {taskinstance.py:1087} INFO - Dependencies all met for <TaskInstance: forex_data_pipeline.downloading_rates scheduled__2023-03-02T00:00:00+00:00 [queued]>
[2023-03-04T14:52:52.218+0000] {taskinstance.py:1283} INFO - 
--------------------------------------------------------------------------------
[2023-03-04T14:52:52.219+0000] {taskinstance.py:1284} INFO - Starting attempt 1 of 3
[2023-03-04T14:52:52.220+0000] {taskinstance.py:1285} INFO - 
--------------------------------------------------------------------------------
[2023-03-04T14:52:52.236+0000] {taskinstance.py:1304} INFO - Executing <Task(PythonOperator): downloading_rates> on 2023-03-02 00:00:00+00:00
[2023-03-04T14:52:52.242+0000] {standard_task_runner.py:55} INFO - Started process 90 to run task
[2023-03-04T14:52:52.247+0000] {standard_task_runner.py:82} INFO - Running: ['***', 'tasks', 'run', 'forex_data_pipeline', 'downloading_rates', 'scheduled__2023-03-02T00:00:00+00:00', '--job-id', '826', '--raw', '--subdir', 'DAGS_FOLDER/forex_data_pipeline.py', '--cfg-path', '/tmp/tmpd64l0ojk']
[2023-03-04T14:52:52.249+0000] {standard_task_runner.py:83} INFO - Job 826: Subtask downloading_rates
[2023-03-04T14:52:52.333+0000] {task_command.py:389} INFO - Running <TaskInstance: forex_data_pipeline.downloading_rates scheduled__2023-03-02T00:00:00+00:00 [running]> on host b21115e7dff0
[2023-03-04T14:52:52.423+0000] {taskinstance.py:1513} INFO - Exporting the following env vars:
AIRFLOW_CTX_DAG_EMAIL=juanfelipehdezm@gmail.com
AIRFLOW_CTX_DAG_OWNER=felipehdez
AIRFLOW_CTX_DAG_ID=forex_data_pipeline
AIRFLOW_CTX_TASK_ID=downloading_rates
AIRFLOW_CTX_EXECUTION_DATE=2023-03-02T00:00:00+00:00
AIRFLOW_CTX_TRY_NUMBER=1
AIRFLOW_CTX_DAG_RUN_ID=scheduled__2023-03-02T00:00:00+00:00
[2023-03-04T14:52:53.324+0000] {python.py:177} INFO - Done. Returned value was: None
[2023-03-04T14:52:53.335+0000] {taskinstance.py:1327} INFO - Marking task as SUCCESS. dag_id=forex_data_pipeline, task_id=downloading_rates, execution_date=20230302T000000, start_date=20230304T145252, end_date=20230304T145253
[2023-03-04T14:52:53.383+0000] {local_task_job.py:159} INFO - Task exited with return code 0
[2023-03-04T14:52:53.410+0000] {taskinstance.py:2582} INFO - 1 downstream tasks scheduled from follow-on schedule check
