[2023-04-11T22:22:22.132+0000] {taskinstance.py:1087} INFO - Dependencies all met for <TaskInstance: forex_data_pipeline.process_json_file scheduled__2023-04-10T00:00:00+00:00 [queued]>
[2023-04-11T22:22:22.146+0000] {taskinstance.py:1087} INFO - Dependencies all met for <TaskInstance: forex_data_pipeline.process_json_file scheduled__2023-04-10T00:00:00+00:00 [queued]>
[2023-04-11T22:22:22.147+0000] {taskinstance.py:1283} INFO - 
--------------------------------------------------------------------------------
[2023-04-11T22:22:22.148+0000] {taskinstance.py:1284} INFO - Starting attempt 1 of 3
[2023-04-11T22:22:22.148+0000] {taskinstance.py:1285} INFO - 
--------------------------------------------------------------------------------
[2023-04-11T22:22:22.160+0000] {taskinstance.py:1304} INFO - Executing <Task(PythonOperator): process_json_file> on 2023-04-10 00:00:00+00:00
[2023-04-11T22:22:22.165+0000] {standard_task_runner.py:55} INFO - Started process 92 to run task
[2023-04-11T22:22:22.167+0000] {standard_task_runner.py:82} INFO - Running: ['***', 'tasks', 'run', 'forex_data_pipeline', 'process_json_file', 'scheduled__2023-04-10T00:00:00+00:00', '--job-id', '1064', '--raw', '--subdir', 'DAGS_FOLDER/forex_data_pipeline.py', '--cfg-path', '/tmp/tmpfizxivqv']
[2023-04-11T22:22:22.169+0000] {standard_task_runner.py:83} INFO - Job 1064: Subtask process_json_file
[2023-04-11T22:22:22.224+0000] {task_command.py:389} INFO - Running <TaskInstance: forex_data_pipeline.process_json_file scheduled__2023-04-10T00:00:00+00:00 [running]> on host b21115e7dff0
[2023-04-11T22:22:22.288+0000] {taskinstance.py:1513} INFO - Exporting the following env vars:
AIRFLOW_CTX_DAG_EMAIL=juanfelipehdezm@gmail.com
AIRFLOW_CTX_DAG_OWNER=felipehdez
AIRFLOW_CTX_DAG_ID=forex_data_pipeline
AIRFLOW_CTX_TASK_ID=process_json_file
AIRFLOW_CTX_EXECUTION_DATE=2023-04-10T00:00:00+00:00
AIRFLOW_CTX_TRY_NUMBER=1
AIRFLOW_CTX_DAG_RUN_ID=scheduled__2023-04-10T00:00:00+00:00
[2023-04-11T22:22:22.316+0000] {python.py:177} INFO - Done. Returned value was: None
[2023-04-11T22:22:22.324+0000] {taskinstance.py:1327} INFO - Marking task as SUCCESS. dag_id=forex_data_pipeline, task_id=process_json_file, execution_date=20230410T000000, start_date=20230411T222222, end_date=20230411T222222
[2023-04-11T22:22:22.380+0000] {local_task_job.py:159} INFO - Task exited with return code 0
[2023-04-11T22:22:22.398+0000] {taskinstance.py:2582} INFO - 1 downstream tasks scheduled from follow-on schedule check
