[2022-11-17T20:26:25.954+0000] {processor.py:156} INFO - Started process (PID=41) to work on /opt/airflow/dags/forex_data_pipeline.py
[2022-11-17T20:26:25.957+0000] {processor.py:758} INFO - Processing file /opt/airflow/dags/forex_data_pipeline.py for tasks to queue
[2022-11-17T20:26:25.959+0000] {logging_mixin.py:117} INFO - [2022-11-17T20:26:25.959+0000] {dagbag.py:525} INFO - Filling up the DagBag from /opt/airflow/dags/forex_data_pipeline.py
[2022-11-17T20:26:26.774+0000] {processor.py:768} INFO - DAG(s) dict_keys(['forex_data_pipeline']) retrieved from /opt/airflow/dags/forex_data_pipeline.py
[2022-11-17T20:26:27.083+0000] {logging_mixin.py:117} INFO - [2022-11-17T20:26:27.082+0000] {dag.py:2573} INFO - Sync 1 DAGs
[2022-11-17T20:26:27.123+0000] {logging_mixin.py:117} INFO - [2022-11-17T20:26:27.123+0000] {dag.py:3328} INFO - Setting next_dagrun for forex_data_pipeline to 2022-11-17T00:00:00+00:00, run_after=2022-11-18T00:00:00+00:00
[2022-11-17T20:26:27.158+0000] {processor.py:178} INFO - Processing /opt/airflow/dags/forex_data_pipeline.py took 1.208 seconds
[2022-11-17T20:26:57.220+0000] {processor.py:156} INFO - Started process (PID=74) to work on /opt/airflow/dags/forex_data_pipeline.py
[2022-11-17T20:26:57.222+0000] {processor.py:758} INFO - Processing file /opt/airflow/dags/forex_data_pipeline.py for tasks to queue
[2022-11-17T20:26:57.223+0000] {logging_mixin.py:117} INFO - [2022-11-17T20:26:57.223+0000] {dagbag.py:525} INFO - Filling up the DagBag from /opt/airflow/dags/forex_data_pipeline.py
[2022-11-17T20:26:57.548+0000] {processor.py:768} INFO - DAG(s) dict_keys(['forex_data_pipeline']) retrieved from /opt/airflow/dags/forex_data_pipeline.py
[2022-11-17T20:26:57.670+0000] {logging_mixin.py:117} INFO - [2022-11-17T20:26:57.669+0000] {dag.py:2573} INFO - Sync 1 DAGs
[2022-11-17T20:26:57.687+0000] {logging_mixin.py:117} INFO - [2022-11-17T20:26:57.687+0000] {dag.py:3328} INFO - Setting next_dagrun for forex_data_pipeline to 2022-11-17T00:00:00+00:00, run_after=2022-11-18T00:00:00+00:00
[2022-11-17T20:26:57.715+0000] {processor.py:178} INFO - Processing /opt/airflow/dags/forex_data_pipeline.py took 0.496 seconds
[2022-11-17T20:27:27.795+0000] {processor.py:156} INFO - Started process (PID=104) to work on /opt/airflow/dags/forex_data_pipeline.py
[2022-11-17T20:27:27.799+0000] {processor.py:758} INFO - Processing file /opt/airflow/dags/forex_data_pipeline.py for tasks to queue
[2022-11-17T20:27:27.800+0000] {logging_mixin.py:117} INFO - [2022-11-17T20:27:27.800+0000] {dagbag.py:525} INFO - Filling up the DagBag from /opt/airflow/dags/forex_data_pipeline.py
[2022-11-17T20:27:28.181+0000] {processor.py:768} INFO - DAG(s) dict_keys(['forex_data_pipeline']) retrieved from /opt/airflow/dags/forex_data_pipeline.py
[2022-11-17T20:27:28.327+0000] {logging_mixin.py:117} INFO - [2022-11-17T20:27:28.327+0000] {dag.py:2573} INFO - Sync 1 DAGs
[2022-11-17T20:27:28.352+0000] {logging_mixin.py:117} INFO - [2022-11-17T20:27:28.352+0000] {dag.py:3328} INFO - Setting next_dagrun for forex_data_pipeline to 2022-11-17T00:00:00+00:00, run_after=2022-11-18T00:00:00+00:00
[2022-11-17T20:27:28.388+0000] {processor.py:178} INFO - Processing /opt/airflow/dags/forex_data_pipeline.py took 0.596 seconds
[2022-11-17T20:27:58.973+0000] {processor.py:156} INFO - Started process (PID=133) to work on /opt/airflow/dags/forex_data_pipeline.py
[2022-11-17T20:27:58.976+0000] {processor.py:758} INFO - Processing file /opt/airflow/dags/forex_data_pipeline.py for tasks to queue
[2022-11-17T20:27:58.977+0000] {logging_mixin.py:117} INFO - [2022-11-17T20:27:58.977+0000] {dagbag.py:525} INFO - Filling up the DagBag from /opt/airflow/dags/forex_data_pipeline.py
[2022-11-17T20:27:59.593+0000] {processor.py:768} INFO - DAG(s) dict_keys(['forex_data_pipeline']) retrieved from /opt/airflow/dags/forex_data_pipeline.py
[2022-11-17T20:27:59.801+0000] {logging_mixin.py:117} INFO - [2022-11-17T20:27:59.801+0000] {dag.py:2573} INFO - Sync 1 DAGs
[2022-11-17T20:27:59.827+0000] {logging_mixin.py:117} INFO - [2022-11-17T20:27:59.826+0000] {dag.py:3328} INFO - Setting next_dagrun for forex_data_pipeline to 2022-11-17T00:00:00+00:00, run_after=2022-11-18T00:00:00+00:00
[2022-11-17T20:27:59.855+0000] {processor.py:178} INFO - Processing /opt/airflow/dags/forex_data_pipeline.py took 0.884 seconds
[2022-11-17T20:28:30.188+0000] {processor.py:156} INFO - Started process (PID=152) to work on /opt/airflow/dags/forex_data_pipeline.py
[2022-11-17T20:28:30.191+0000] {processor.py:758} INFO - Processing file /opt/airflow/dags/forex_data_pipeline.py for tasks to queue
[2022-11-17T20:28:30.192+0000] {logging_mixin.py:117} INFO - [2022-11-17T20:28:30.191+0000] {dagbag.py:525} INFO - Filling up the DagBag from /opt/airflow/dags/forex_data_pipeline.py
[2022-11-17T20:28:30.553+0000] {processor.py:768} INFO - DAG(s) dict_keys(['forex_data_pipeline']) retrieved from /opt/airflow/dags/forex_data_pipeline.py
[2022-11-17T20:28:30.691+0000] {logging_mixin.py:117} INFO - [2022-11-17T20:28:30.690+0000] {dag.py:2573} INFO - Sync 1 DAGs
[2022-11-17T20:28:30.710+0000] {logging_mixin.py:117} INFO - [2022-11-17T20:28:30.709+0000] {dag.py:3328} INFO - Setting next_dagrun for forex_data_pipeline to 2022-11-17T00:00:00+00:00, run_after=2022-11-18T00:00:00+00:00
[2022-11-17T20:28:30.729+0000] {processor.py:178} INFO - Processing /opt/airflow/dags/forex_data_pipeline.py took 0.544 seconds
[2022-11-17T20:29:01.050+0000] {processor.py:156} INFO - Started process (PID=181) to work on /opt/airflow/dags/forex_data_pipeline.py
[2022-11-17T20:29:01.055+0000] {processor.py:758} INFO - Processing file /opt/airflow/dags/forex_data_pipeline.py for tasks to queue
[2022-11-17T20:29:01.057+0000] {logging_mixin.py:117} INFO - [2022-11-17T20:29:01.057+0000] {dagbag.py:525} INFO - Filling up the DagBag from /opt/airflow/dags/forex_data_pipeline.py
[2022-11-17T20:29:01.401+0000] {processor.py:768} INFO - DAG(s) dict_keys(['forex_data_pipeline']) retrieved from /opt/airflow/dags/forex_data_pipeline.py
[2022-11-17T20:29:01.544+0000] {logging_mixin.py:117} INFO - [2022-11-17T20:29:01.543+0000] {dag.py:2573} INFO - Sync 1 DAGs
[2022-11-17T20:29:01.567+0000] {logging_mixin.py:117} INFO - [2022-11-17T20:29:01.567+0000] {dag.py:3328} INFO - Setting next_dagrun for forex_data_pipeline to 2022-11-17T00:00:00+00:00, run_after=2022-11-18T00:00:00+00:00
[2022-11-17T20:29:01.591+0000] {processor.py:178} INFO - Processing /opt/airflow/dags/forex_data_pipeline.py took 0.544 seconds
[2022-11-17T20:29:31.969+0000] {processor.py:156} INFO - Started process (PID=210) to work on /opt/airflow/dags/forex_data_pipeline.py
[2022-11-17T20:29:31.972+0000] {processor.py:758} INFO - Processing file /opt/airflow/dags/forex_data_pipeline.py for tasks to queue
[2022-11-17T20:29:31.973+0000] {logging_mixin.py:117} INFO - [2022-11-17T20:29:31.973+0000] {dagbag.py:525} INFO - Filling up the DagBag from /opt/airflow/dags/forex_data_pipeline.py
[2022-11-17T20:29:32.238+0000] {processor.py:768} INFO - DAG(s) dict_keys(['forex_data_pipeline']) retrieved from /opt/airflow/dags/forex_data_pipeline.py
[2022-11-17T20:29:32.374+0000] {logging_mixin.py:117} INFO - [2022-11-17T20:29:32.374+0000] {dag.py:2573} INFO - Sync 1 DAGs
[2022-11-17T20:29:32.395+0000] {logging_mixin.py:117} INFO - [2022-11-17T20:29:32.395+0000] {dag.py:3328} INFO - Setting next_dagrun for forex_data_pipeline to 2022-11-17T00:00:00+00:00, run_after=2022-11-18T00:00:00+00:00
[2022-11-17T20:29:32.421+0000] {processor.py:178} INFO - Processing /opt/airflow/dags/forex_data_pipeline.py took 0.454 seconds
[2022-11-17T20:30:02.776+0000] {processor.py:156} INFO - Started process (PID=239) to work on /opt/airflow/dags/forex_data_pipeline.py
[2022-11-17T20:30:02.780+0000] {processor.py:758} INFO - Processing file /opt/airflow/dags/forex_data_pipeline.py for tasks to queue
[2022-11-17T20:30:02.782+0000] {logging_mixin.py:117} INFO - [2022-11-17T20:30:02.782+0000] {dagbag.py:525} INFO - Filling up the DagBag from /opt/airflow/dags/forex_data_pipeline.py
[2022-11-17T20:30:03.097+0000] {processor.py:768} INFO - DAG(s) dict_keys(['forex_data_pipeline']) retrieved from /opt/airflow/dags/forex_data_pipeline.py
[2022-11-17T20:30:03.230+0000] {logging_mixin.py:117} INFO - [2022-11-17T20:30:03.230+0000] {dag.py:2573} INFO - Sync 1 DAGs
[2022-11-17T20:30:03.252+0000] {logging_mixin.py:117} INFO - [2022-11-17T20:30:03.252+0000] {dag.py:3328} INFO - Setting next_dagrun for forex_data_pipeline to 2022-11-17T00:00:00+00:00, run_after=2022-11-18T00:00:00+00:00
[2022-11-17T20:30:03.272+0000] {processor.py:178} INFO - Processing /opt/airflow/dags/forex_data_pipeline.py took 0.498 seconds
[2022-11-17T20:30:33.577+0000] {processor.py:156} INFO - Started process (PID=259) to work on /opt/airflow/dags/forex_data_pipeline.py
[2022-11-17T20:30:33.579+0000] {processor.py:758} INFO - Processing file /opt/airflow/dags/forex_data_pipeline.py for tasks to queue
[2022-11-17T20:30:33.581+0000] {logging_mixin.py:117} INFO - [2022-11-17T20:30:33.580+0000] {dagbag.py:525} INFO - Filling up the DagBag from /opt/airflow/dags/forex_data_pipeline.py
[2022-11-17T20:30:33.871+0000] {processor.py:768} INFO - DAG(s) dict_keys(['forex_data_pipeline']) retrieved from /opt/airflow/dags/forex_data_pipeline.py
[2022-11-17T20:30:34.035+0000] {logging_mixin.py:117} INFO - [2022-11-17T20:30:34.035+0000] {dag.py:2573} INFO - Sync 1 DAGs
[2022-11-17T20:30:34.057+0000] {logging_mixin.py:117} INFO - [2022-11-17T20:30:34.057+0000] {dag.py:3328} INFO - Setting next_dagrun for forex_data_pipeline to 2022-11-17T00:00:00+00:00, run_after=2022-11-18T00:00:00+00:00
[2022-11-17T20:30:34.076+0000] {processor.py:178} INFO - Processing /opt/airflow/dags/forex_data_pipeline.py took 0.502 seconds
[2022-11-17T20:31:04.564+0000] {processor.py:156} INFO - Started process (PID=288) to work on /opt/airflow/dags/forex_data_pipeline.py
[2022-11-17T20:31:04.567+0000] {processor.py:758} INFO - Processing file /opt/airflow/dags/forex_data_pipeline.py for tasks to queue
[2022-11-17T20:31:04.568+0000] {logging_mixin.py:117} INFO - [2022-11-17T20:31:04.568+0000] {dagbag.py:525} INFO - Filling up the DagBag from /opt/airflow/dags/forex_data_pipeline.py
[2022-11-17T20:31:04.915+0000] {processor.py:768} INFO - DAG(s) dict_keys(['forex_data_pipeline']) retrieved from /opt/airflow/dags/forex_data_pipeline.py
[2022-11-17T20:31:05.062+0000] {logging_mixin.py:117} INFO - [2022-11-17T20:31:05.061+0000] {dag.py:2573} INFO - Sync 1 DAGs
[2022-11-17T20:31:05.086+0000] {logging_mixin.py:117} INFO - [2022-11-17T20:31:05.086+0000] {dag.py:3328} INFO - Setting next_dagrun for forex_data_pipeline to 2022-11-17T00:00:00+00:00, run_after=2022-11-18T00:00:00+00:00
[2022-11-17T20:31:05.114+0000] {processor.py:178} INFO - Processing /opt/airflow/dags/forex_data_pipeline.py took 0.552 seconds
[2022-11-17T20:31:35.174+0000] {processor.py:156} INFO - Started process (PID=316) to work on /opt/airflow/dags/forex_data_pipeline.py
[2022-11-17T20:31:35.186+0000] {processor.py:758} INFO - Processing file /opt/airflow/dags/forex_data_pipeline.py for tasks to queue
[2022-11-17T20:31:35.187+0000] {logging_mixin.py:117} INFO - [2022-11-17T20:31:35.187+0000] {dagbag.py:525} INFO - Filling up the DagBag from /opt/airflow/dags/forex_data_pipeline.py
[2022-11-17T20:31:35.479+0000] {processor.py:768} INFO - DAG(s) dict_keys(['forex_data_pipeline']) retrieved from /opt/airflow/dags/forex_data_pipeline.py
[2022-11-17T20:31:35.618+0000] {logging_mixin.py:117} INFO - [2022-11-17T20:31:35.618+0000] {dag.py:2573} INFO - Sync 1 DAGs
[2022-11-17T20:31:35.643+0000] {logging_mixin.py:117} INFO - [2022-11-17T20:31:35.643+0000] {dag.py:3328} INFO - Setting next_dagrun for forex_data_pipeline to 2022-11-17T00:00:00+00:00, run_after=2022-11-18T00:00:00+00:00
[2022-11-17T20:31:35.669+0000] {processor.py:178} INFO - Processing /opt/airflow/dags/forex_data_pipeline.py took 0.497 seconds
[2022-11-17T20:32:05.907+0000] {processor.py:156} INFO - Started process (PID=345) to work on /opt/airflow/dags/forex_data_pipeline.py
[2022-11-17T20:32:05.912+0000] {processor.py:758} INFO - Processing file /opt/airflow/dags/forex_data_pipeline.py for tasks to queue
[2022-11-17T20:32:05.913+0000] {logging_mixin.py:117} INFO - [2022-11-17T20:32:05.913+0000] {dagbag.py:525} INFO - Filling up the DagBag from /opt/airflow/dags/forex_data_pipeline.py
[2022-11-17T20:32:06.212+0000] {processor.py:768} INFO - DAG(s) dict_keys(['forex_data_pipeline']) retrieved from /opt/airflow/dags/forex_data_pipeline.py
[2022-11-17T20:32:06.348+0000] {logging_mixin.py:117} INFO - [2022-11-17T20:32:06.348+0000] {dag.py:2573} INFO - Sync 1 DAGs
[2022-11-17T20:32:06.368+0000] {logging_mixin.py:117} INFO - [2022-11-17T20:32:06.368+0000] {dag.py:3328} INFO - Setting next_dagrun for forex_data_pipeline to 2022-11-17T00:00:00+00:00, run_after=2022-11-18T00:00:00+00:00
[2022-11-17T20:32:06.390+0000] {processor.py:178} INFO - Processing /opt/airflow/dags/forex_data_pipeline.py took 0.485 seconds
[2022-11-17T20:32:36.718+0000] {processor.py:156} INFO - Started process (PID=365) to work on /opt/airflow/dags/forex_data_pipeline.py
[2022-11-17T20:32:36.724+0000] {processor.py:758} INFO - Processing file /opt/airflow/dags/forex_data_pipeline.py for tasks to queue
[2022-11-17T20:32:36.725+0000] {logging_mixin.py:117} INFO - [2022-11-17T20:32:36.725+0000] {dagbag.py:525} INFO - Filling up the DagBag from /opt/airflow/dags/forex_data_pipeline.py
[2022-11-17T20:32:37.057+0000] {processor.py:768} INFO - DAG(s) dict_keys(['forex_data_pipeline']) retrieved from /opt/airflow/dags/forex_data_pipeline.py
[2022-11-17T20:32:37.238+0000] {logging_mixin.py:117} INFO - [2022-11-17T20:32:37.237+0000] {dag.py:2573} INFO - Sync 1 DAGs
[2022-11-17T20:32:37.277+0000] {logging_mixin.py:117} INFO - [2022-11-17T20:32:37.277+0000] {dag.py:3328} INFO - Setting next_dagrun for forex_data_pipeline to 2022-11-17T00:00:00+00:00, run_after=2022-11-18T00:00:00+00:00
[2022-11-17T20:32:37.301+0000] {processor.py:178} INFO - Processing /opt/airflow/dags/forex_data_pipeline.py took 0.585 seconds
[2022-11-17T20:33:07.680+0000] {processor.py:156} INFO - Started process (PID=395) to work on /opt/airflow/dags/forex_data_pipeline.py
[2022-11-17T20:33:07.689+0000] {processor.py:758} INFO - Processing file /opt/airflow/dags/forex_data_pipeline.py for tasks to queue
[2022-11-17T20:33:07.691+0000] {logging_mixin.py:117} INFO - [2022-11-17T20:33:07.691+0000] {dagbag.py:525} INFO - Filling up the DagBag from /opt/airflow/dags/forex_data_pipeline.py
[2022-11-17T20:33:08.162+0000] {processor.py:768} INFO - DAG(s) dict_keys(['forex_data_pipeline']) retrieved from /opt/airflow/dags/forex_data_pipeline.py
[2022-11-17T20:33:08.308+0000] {logging_mixin.py:117} INFO - [2022-11-17T20:33:08.308+0000] {dag.py:2573} INFO - Sync 1 DAGs
[2022-11-17T20:33:08.329+0000] {logging_mixin.py:117} INFO - [2022-11-17T20:33:08.329+0000] {dag.py:3328} INFO - Setting next_dagrun for forex_data_pipeline to 2022-11-17T00:00:00+00:00, run_after=2022-11-18T00:00:00+00:00
[2022-11-17T20:33:08.376+0000] {processor.py:178} INFO - Processing /opt/airflow/dags/forex_data_pipeline.py took 0.698 seconds
[2022-11-17T20:33:38.500+0000] {processor.py:156} INFO - Started process (PID=425) to work on /opt/airflow/dags/forex_data_pipeline.py
[2022-11-17T20:33:38.508+0000] {processor.py:758} INFO - Processing file /opt/airflow/dags/forex_data_pipeline.py for tasks to queue
[2022-11-17T20:33:38.509+0000] {logging_mixin.py:117} INFO - [2022-11-17T20:33:38.509+0000] {dagbag.py:525} INFO - Filling up the DagBag from /opt/airflow/dags/forex_data_pipeline.py
[2022-11-17T20:33:38.801+0000] {processor.py:768} INFO - DAG(s) dict_keys(['forex_data_pipeline']) retrieved from /opt/airflow/dags/forex_data_pipeline.py
[2022-11-17T20:33:38.955+0000] {logging_mixin.py:117} INFO - [2022-11-17T20:33:38.954+0000] {dag.py:2573} INFO - Sync 1 DAGs
[2022-11-17T20:33:38.980+0000] {logging_mixin.py:117} INFO - [2022-11-17T20:33:38.980+0000] {dag.py:3328} INFO - Setting next_dagrun for forex_data_pipeline to 2022-11-17T00:00:00+00:00, run_after=2022-11-18T00:00:00+00:00
[2022-11-17T20:33:39.002+0000] {processor.py:178} INFO - Processing /opt/airflow/dags/forex_data_pipeline.py took 0.504 seconds
[2022-11-17T20:34:09.282+0000] {processor.py:156} INFO - Started process (PID=451) to work on /opt/airflow/dags/forex_data_pipeline.py
[2022-11-17T20:34:09.285+0000] {processor.py:758} INFO - Processing file /opt/airflow/dags/forex_data_pipeline.py for tasks to queue
[2022-11-17T20:34:09.286+0000] {logging_mixin.py:117} INFO - [2022-11-17T20:34:09.286+0000] {dagbag.py:525} INFO - Filling up the DagBag from /opt/airflow/dags/forex_data_pipeline.py
[2022-11-17T20:34:09.558+0000] {processor.py:768} INFO - DAG(s) dict_keys(['forex_data_pipeline']) retrieved from /opt/airflow/dags/forex_data_pipeline.py
[2022-11-17T20:34:09.749+0000] {logging_mixin.py:117} INFO - [2022-11-17T20:34:09.748+0000] {dag.py:2573} INFO - Sync 1 DAGs
[2022-11-17T20:34:09.776+0000] {logging_mixin.py:117} INFO - [2022-11-17T20:34:09.776+0000] {dag.py:3328} INFO - Setting next_dagrun for forex_data_pipeline to 2022-11-17T00:00:00+00:00, run_after=2022-11-18T00:00:00+00:00
[2022-11-17T20:34:09.800+0000] {processor.py:178} INFO - Processing /opt/airflow/dags/forex_data_pipeline.py took 0.522 seconds
[2022-11-17T20:34:40.223+0000] {processor.py:156} INFO - Started process (PID=474) to work on /opt/airflow/dags/forex_data_pipeline.py
[2022-11-17T20:34:40.230+0000] {processor.py:758} INFO - Processing file /opt/airflow/dags/forex_data_pipeline.py for tasks to queue
[2022-11-17T20:34:40.232+0000] {logging_mixin.py:117} INFO - [2022-11-17T20:34:40.232+0000] {dagbag.py:525} INFO - Filling up the DagBag from /opt/airflow/dags/forex_data_pipeline.py
[2022-11-17T20:34:40.549+0000] {processor.py:768} INFO - DAG(s) dict_keys(['forex_data_pipeline']) retrieved from /opt/airflow/dags/forex_data_pipeline.py
[2022-11-17T20:34:40.684+0000] {logging_mixin.py:117} INFO - [2022-11-17T20:34:40.683+0000] {dag.py:2573} INFO - Sync 1 DAGs
[2022-11-17T20:34:40.705+0000] {logging_mixin.py:117} INFO - [2022-11-17T20:34:40.705+0000] {dag.py:3328} INFO - Setting next_dagrun for forex_data_pipeline to 2022-11-17T00:00:00+00:00, run_after=2022-11-18T00:00:00+00:00
[2022-11-17T20:34:40.724+0000] {processor.py:178} INFO - Processing /opt/airflow/dags/forex_data_pipeline.py took 0.504 seconds
[2022-11-17T20:35:10.943+0000] {processor.py:156} INFO - Started process (PID=503) to work on /opt/airflow/dags/forex_data_pipeline.py
[2022-11-17T20:35:10.948+0000] {processor.py:758} INFO - Processing file /opt/airflow/dags/forex_data_pipeline.py for tasks to queue
[2022-11-17T20:35:10.949+0000] {logging_mixin.py:117} INFO - [2022-11-17T20:35:10.949+0000] {dagbag.py:525} INFO - Filling up the DagBag from /opt/airflow/dags/forex_data_pipeline.py
[2022-11-17T20:35:11.221+0000] {processor.py:768} INFO - DAG(s) dict_keys(['forex_data_pipeline']) retrieved from /opt/airflow/dags/forex_data_pipeline.py
[2022-11-17T20:35:11.363+0000] {logging_mixin.py:117} INFO - [2022-11-17T20:35:11.363+0000] {dag.py:2573} INFO - Sync 1 DAGs
[2022-11-17T20:35:11.385+0000] {logging_mixin.py:117} INFO - [2022-11-17T20:35:11.385+0000] {dag.py:3328} INFO - Setting next_dagrun for forex_data_pipeline to 2022-11-17T00:00:00+00:00, run_after=2022-11-18T00:00:00+00:00
[2022-11-17T20:35:11.410+0000] {processor.py:178} INFO - Processing /opt/airflow/dags/forex_data_pipeline.py took 0.469 seconds
[2022-11-17T20:35:41.787+0000] {processor.py:156} INFO - Started process (PID=532) to work on /opt/airflow/dags/forex_data_pipeline.py
[2022-11-17T20:35:41.791+0000] {processor.py:758} INFO - Processing file /opt/airflow/dags/forex_data_pipeline.py for tasks to queue
[2022-11-17T20:35:41.792+0000] {logging_mixin.py:117} INFO - [2022-11-17T20:35:41.792+0000] {dagbag.py:525} INFO - Filling up the DagBag from /opt/airflow/dags/forex_data_pipeline.py
[2022-11-17T20:35:42.087+0000] {processor.py:768} INFO - DAG(s) dict_keys(['forex_data_pipeline']) retrieved from /opt/airflow/dags/forex_data_pipeline.py
[2022-11-17T20:35:42.247+0000] {logging_mixin.py:117} INFO - [2022-11-17T20:35:42.247+0000] {dag.py:2573} INFO - Sync 1 DAGs
[2022-11-17T20:35:42.269+0000] {logging_mixin.py:117} INFO - [2022-11-17T20:35:42.269+0000] {dag.py:3328} INFO - Setting next_dagrun for forex_data_pipeline to 2022-11-17T00:00:00+00:00, run_after=2022-11-18T00:00:00+00:00
[2022-11-17T20:35:42.296+0000] {processor.py:178} INFO - Processing /opt/airflow/dags/forex_data_pipeline.py took 0.511 seconds
[2022-11-17T20:36:12.674+0000] {processor.py:156} INFO - Started process (PID=561) to work on /opt/airflow/dags/forex_data_pipeline.py
[2022-11-17T20:36:12.677+0000] {processor.py:758} INFO - Processing file /opt/airflow/dags/forex_data_pipeline.py for tasks to queue
[2022-11-17T20:36:12.678+0000] {logging_mixin.py:117} INFO - [2022-11-17T20:36:12.678+0000] {dagbag.py:525} INFO - Filling up the DagBag from /opt/airflow/dags/forex_data_pipeline.py
[2022-11-17T20:36:12.995+0000] {processor.py:768} INFO - DAG(s) dict_keys(['forex_data_pipeline']) retrieved from /opt/airflow/dags/forex_data_pipeline.py
[2022-11-17T20:36:13.157+0000] {logging_mixin.py:117} INFO - [2022-11-17T20:36:13.156+0000] {dag.py:2573} INFO - Sync 1 DAGs
[2022-11-17T20:36:13.183+0000] {logging_mixin.py:117} INFO - [2022-11-17T20:36:13.183+0000] {dag.py:3328} INFO - Setting next_dagrun for forex_data_pipeline to 2022-11-17T00:00:00+00:00, run_after=2022-11-18T00:00:00+00:00
[2022-11-17T20:36:13.213+0000] {processor.py:178} INFO - Processing /opt/airflow/dags/forex_data_pipeline.py took 0.542 seconds
[2022-11-17T20:36:43.553+0000] {processor.py:156} INFO - Started process (PID=581) to work on /opt/airflow/dags/forex_data_pipeline.py
[2022-11-17T20:36:43.555+0000] {processor.py:758} INFO - Processing file /opt/airflow/dags/forex_data_pipeline.py for tasks to queue
[2022-11-17T20:36:43.556+0000] {logging_mixin.py:117} INFO - [2022-11-17T20:36:43.556+0000] {dagbag.py:525} INFO - Filling up the DagBag from /opt/airflow/dags/forex_data_pipeline.py
[2022-11-17T20:36:43.871+0000] {processor.py:768} INFO - DAG(s) dict_keys(['forex_data_pipeline']) retrieved from /opt/airflow/dags/forex_data_pipeline.py
[2022-11-17T20:36:44.048+0000] {logging_mixin.py:117} INFO - [2022-11-17T20:36:44.048+0000] {dag.py:2573} INFO - Sync 1 DAGs
[2022-11-17T20:36:44.086+0000] {logging_mixin.py:117} INFO - [2022-11-17T20:36:44.085+0000] {dag.py:3328} INFO - Setting next_dagrun for forex_data_pipeline to 2022-11-17T00:00:00+00:00, run_after=2022-11-18T00:00:00+00:00
[2022-11-17T20:36:44.122+0000] {processor.py:178} INFO - Processing /opt/airflow/dags/forex_data_pipeline.py took 0.572 seconds
[2022-11-17T20:37:14.558+0000] {processor.py:156} INFO - Started process (PID=610) to work on /opt/airflow/dags/forex_data_pipeline.py
[2022-11-17T20:37:14.561+0000] {processor.py:758} INFO - Processing file /opt/airflow/dags/forex_data_pipeline.py for tasks to queue
[2022-11-17T20:37:14.562+0000] {logging_mixin.py:117} INFO - [2022-11-17T20:37:14.562+0000] {dagbag.py:525} INFO - Filling up the DagBag from /opt/airflow/dags/forex_data_pipeline.py
[2022-11-17T20:37:14.874+0000] {processor.py:768} INFO - DAG(s) dict_keys(['forex_data_pipeline']) retrieved from /opt/airflow/dags/forex_data_pipeline.py
[2022-11-17T20:37:15.022+0000] {logging_mixin.py:117} INFO - [2022-11-17T20:37:15.022+0000] {dag.py:2573} INFO - Sync 1 DAGs
[2022-11-17T20:37:15.044+0000] {logging_mixin.py:117} INFO - [2022-11-17T20:37:15.044+0000] {dag.py:3328} INFO - Setting next_dagrun for forex_data_pipeline to 2022-11-17T00:00:00+00:00, run_after=2022-11-18T00:00:00+00:00
[2022-11-17T20:37:15.070+0000] {processor.py:178} INFO - Processing /opt/airflow/dags/forex_data_pipeline.py took 0.514 seconds
[2022-11-17T20:37:45.302+0000] {processor.py:156} INFO - Started process (PID=639) to work on /opt/airflow/dags/forex_data_pipeline.py
[2022-11-17T20:37:45.309+0000] {processor.py:758} INFO - Processing file /opt/airflow/dags/forex_data_pipeline.py for tasks to queue
[2022-11-17T20:37:45.311+0000] {logging_mixin.py:117} INFO - [2022-11-17T20:37:45.311+0000] {dagbag.py:525} INFO - Filling up the DagBag from /opt/airflow/dags/forex_data_pipeline.py
[2022-11-17T20:37:45.684+0000] {processor.py:768} INFO - DAG(s) dict_keys(['forex_data_pipeline']) retrieved from /opt/airflow/dags/forex_data_pipeline.py
[2022-11-17T20:37:45.832+0000] {logging_mixin.py:117} INFO - [2022-11-17T20:37:45.832+0000] {dag.py:2573} INFO - Sync 1 DAGs
[2022-11-17T20:37:45.854+0000] {logging_mixin.py:117} INFO - [2022-11-17T20:37:45.854+0000] {dag.py:3328} INFO - Setting next_dagrun for forex_data_pipeline to 2022-11-17T00:00:00+00:00, run_after=2022-11-18T00:00:00+00:00
[2022-11-17T20:37:45.877+0000] {processor.py:178} INFO - Processing /opt/airflow/dags/forex_data_pipeline.py took 0.577 seconds
[2022-11-17T20:38:16.268+0000] {processor.py:156} INFO - Started process (PID=669) to work on /opt/airflow/dags/forex_data_pipeline.py
[2022-11-17T20:38:16.271+0000] {processor.py:758} INFO - Processing file /opt/airflow/dags/forex_data_pipeline.py for tasks to queue
[2022-11-17T20:38:16.272+0000] {logging_mixin.py:117} INFO - [2022-11-17T20:38:16.272+0000] {dagbag.py:525} INFO - Filling up the DagBag from /opt/airflow/dags/forex_data_pipeline.py
[2022-11-17T20:38:16.577+0000] {processor.py:768} INFO - DAG(s) dict_keys(['forex_data_pipeline']) retrieved from /opt/airflow/dags/forex_data_pipeline.py
[2022-11-17T20:38:16.726+0000] {logging_mixin.py:117} INFO - [2022-11-17T20:38:16.726+0000] {dag.py:2573} INFO - Sync 1 DAGs
[2022-11-17T20:38:16.757+0000] {logging_mixin.py:117} INFO - [2022-11-17T20:38:16.757+0000] {dag.py:3328} INFO - Setting next_dagrun for forex_data_pipeline to 2022-11-17T00:00:00+00:00, run_after=2022-11-18T00:00:00+00:00
[2022-11-17T20:38:16.783+0000] {processor.py:178} INFO - Processing /opt/airflow/dags/forex_data_pipeline.py took 0.517 seconds
[2022-11-17T20:38:47.195+0000] {processor.py:156} INFO - Started process (PID=689) to work on /opt/airflow/dags/forex_data_pipeline.py
[2022-11-17T20:38:47.200+0000] {processor.py:758} INFO - Processing file /opt/airflow/dags/forex_data_pipeline.py for tasks to queue
[2022-11-17T20:38:47.202+0000] {logging_mixin.py:117} INFO - [2022-11-17T20:38:47.201+0000] {dagbag.py:525} INFO - Filling up the DagBag from /opt/airflow/dags/forex_data_pipeline.py
[2022-11-17T20:38:47.563+0000] {processor.py:768} INFO - DAG(s) dict_keys(['forex_data_pipeline']) retrieved from /opt/airflow/dags/forex_data_pipeline.py
[2022-11-17T20:38:47.717+0000] {logging_mixin.py:117} INFO - [2022-11-17T20:38:47.716+0000] {dag.py:2573} INFO - Sync 1 DAGs
[2022-11-17T20:38:47.744+0000] {logging_mixin.py:117} INFO - [2022-11-17T20:38:47.743+0000] {dag.py:3328} INFO - Setting next_dagrun for forex_data_pipeline to 2022-11-17T00:00:00+00:00, run_after=2022-11-18T00:00:00+00:00
[2022-11-17T20:38:47.773+0000] {processor.py:178} INFO - Processing /opt/airflow/dags/forex_data_pipeline.py took 0.580 seconds
[2022-11-17T20:39:18.186+0000] {processor.py:156} INFO - Started process (PID=718) to work on /opt/airflow/dags/forex_data_pipeline.py
[2022-11-17T20:39:18.189+0000] {processor.py:758} INFO - Processing file /opt/airflow/dags/forex_data_pipeline.py for tasks to queue
[2022-11-17T20:39:18.190+0000] {logging_mixin.py:117} INFO - [2022-11-17T20:39:18.190+0000] {dagbag.py:525} INFO - Filling up the DagBag from /opt/airflow/dags/forex_data_pipeline.py
[2022-11-17T20:39:18.534+0000] {processor.py:768} INFO - DAG(s) dict_keys(['forex_data_pipeline']) retrieved from /opt/airflow/dags/forex_data_pipeline.py
[2022-11-17T20:39:18.689+0000] {logging_mixin.py:117} INFO - [2022-11-17T20:39:18.688+0000] {dag.py:2573} INFO - Sync 1 DAGs
[2022-11-17T20:39:18.715+0000] {logging_mixin.py:117} INFO - [2022-11-17T20:39:18.715+0000] {dag.py:3328} INFO - Setting next_dagrun for forex_data_pipeline to 2022-11-17T00:00:00+00:00, run_after=2022-11-18T00:00:00+00:00
[2022-11-17T20:39:18.741+0000] {processor.py:178} INFO - Processing /opt/airflow/dags/forex_data_pipeline.py took 0.557 seconds
[2022-11-17T20:39:48.846+0000] {processor.py:156} INFO - Started process (PID=747) to work on /opt/airflow/dags/forex_data_pipeline.py
[2022-11-17T20:39:48.849+0000] {processor.py:758} INFO - Processing file /opt/airflow/dags/forex_data_pipeline.py for tasks to queue
[2022-11-17T20:39:48.851+0000] {logging_mixin.py:117} INFO - [2022-11-17T20:39:48.850+0000] {dagbag.py:525} INFO - Filling up the DagBag from /opt/airflow/dags/forex_data_pipeline.py
[2022-11-17T20:39:49.186+0000] {processor.py:768} INFO - DAG(s) dict_keys(['forex_data_pipeline']) retrieved from /opt/airflow/dags/forex_data_pipeline.py
[2022-11-17T20:39:49.337+0000] {logging_mixin.py:117} INFO - [2022-11-17T20:39:49.336+0000] {dag.py:2573} INFO - Sync 1 DAGs
[2022-11-17T20:39:49.360+0000] {logging_mixin.py:117} INFO - [2022-11-17T20:39:49.360+0000] {dag.py:3328} INFO - Setting next_dagrun for forex_data_pipeline to 2022-11-17T00:00:00+00:00, run_after=2022-11-18T00:00:00+00:00
[2022-11-17T20:39:49.389+0000] {processor.py:178} INFO - Processing /opt/airflow/dags/forex_data_pipeline.py took 0.545 seconds
[2022-11-17T20:40:19.511+0000] {processor.py:156} INFO - Started process (PID=774) to work on /opt/airflow/dags/forex_data_pipeline.py
[2022-11-17T20:40:19.514+0000] {processor.py:758} INFO - Processing file /opt/airflow/dags/forex_data_pipeline.py for tasks to queue
[2022-11-17T20:40:19.515+0000] {logging_mixin.py:117} INFO - [2022-11-17T20:40:19.515+0000] {dagbag.py:525} INFO - Filling up the DagBag from /opt/airflow/dags/forex_data_pipeline.py
[2022-11-17T20:40:19.863+0000] {processor.py:768} INFO - DAG(s) dict_keys(['forex_data_pipeline']) retrieved from /opt/airflow/dags/forex_data_pipeline.py
[2022-11-17T20:40:20.020+0000] {logging_mixin.py:117} INFO - [2022-11-17T20:40:20.019+0000] {dag.py:2573} INFO - Sync 1 DAGs
[2022-11-17T20:40:20.044+0000] {logging_mixin.py:117} INFO - [2022-11-17T20:40:20.043+0000] {dag.py:3328} INFO - Setting next_dagrun for forex_data_pipeline to 2022-11-17T00:00:00+00:00, run_after=2022-11-18T00:00:00+00:00
[2022-11-17T20:40:20.070+0000] {processor.py:178} INFO - Processing /opt/airflow/dags/forex_data_pipeline.py took 0.562 seconds
[2022-11-17T20:40:50.143+0000] {processor.py:156} INFO - Started process (PID=797) to work on /opt/airflow/dags/forex_data_pipeline.py
[2022-11-17T20:40:50.147+0000] {processor.py:758} INFO - Processing file /opt/airflow/dags/forex_data_pipeline.py for tasks to queue
[2022-11-17T20:40:50.148+0000] {logging_mixin.py:117} INFO - [2022-11-17T20:40:50.148+0000] {dagbag.py:525} INFO - Filling up the DagBag from /opt/airflow/dags/forex_data_pipeline.py
[2022-11-17T20:40:50.528+0000] {processor.py:768} INFO - DAG(s) dict_keys(['forex_data_pipeline']) retrieved from /opt/airflow/dags/forex_data_pipeline.py
[2022-11-17T20:40:50.702+0000] {logging_mixin.py:117} INFO - [2022-11-17T20:40:50.701+0000] {dag.py:2573} INFO - Sync 1 DAGs
[2022-11-17T20:40:50.724+0000] {logging_mixin.py:117} INFO - [2022-11-17T20:40:50.724+0000] {dag.py:3328} INFO - Setting next_dagrun for forex_data_pipeline to 2022-11-17T00:00:00+00:00, run_after=2022-11-18T00:00:00+00:00
[2022-11-17T20:40:50.746+0000] {processor.py:178} INFO - Processing /opt/airflow/dags/forex_data_pipeline.py took 0.606 seconds
[2022-11-17T20:41:21.103+0000] {processor.py:156} INFO - Started process (PID=826) to work on /opt/airflow/dags/forex_data_pipeline.py
[2022-11-17T20:41:21.106+0000] {processor.py:758} INFO - Processing file /opt/airflow/dags/forex_data_pipeline.py for tasks to queue
[2022-11-17T20:41:21.107+0000] {logging_mixin.py:117} INFO - [2022-11-17T20:41:21.107+0000] {dagbag.py:525} INFO - Filling up the DagBag from /opt/airflow/dags/forex_data_pipeline.py
[2022-11-17T20:41:21.404+0000] {processor.py:768} INFO - DAG(s) dict_keys(['forex_data_pipeline']) retrieved from /opt/airflow/dags/forex_data_pipeline.py
[2022-11-17T20:41:21.554+0000] {logging_mixin.py:117} INFO - [2022-11-17T20:41:21.553+0000] {dag.py:2573} INFO - Sync 1 DAGs
[2022-11-17T20:41:21.578+0000] {logging_mixin.py:117} INFO - [2022-11-17T20:41:21.578+0000] {dag.py:3328} INFO - Setting next_dagrun for forex_data_pipeline to 2022-11-17T00:00:00+00:00, run_after=2022-11-18T00:00:00+00:00
[2022-11-17T20:41:21.599+0000] {processor.py:178} INFO - Processing /opt/airflow/dags/forex_data_pipeline.py took 0.499 seconds
[2022-11-17T20:41:52.085+0000] {processor.py:156} INFO - Started process (PID=853) to work on /opt/airflow/dags/forex_data_pipeline.py
[2022-11-17T20:41:52.088+0000] {processor.py:758} INFO - Processing file /opt/airflow/dags/forex_data_pipeline.py for tasks to queue
[2022-11-17T20:41:52.089+0000] {logging_mixin.py:117} INFO - [2022-11-17T20:41:52.089+0000] {dagbag.py:525} INFO - Filling up the DagBag from /opt/airflow/dags/forex_data_pipeline.py
[2022-11-17T20:41:52.404+0000] {processor.py:768} INFO - DAG(s) dict_keys(['forex_data_pipeline']) retrieved from /opt/airflow/dags/forex_data_pipeline.py
[2022-11-17T20:41:52.563+0000] {logging_mixin.py:117} INFO - [2022-11-17T20:41:52.563+0000] {dag.py:2573} INFO - Sync 1 DAGs
[2022-11-17T20:41:52.588+0000] {logging_mixin.py:117} INFO - [2022-11-17T20:41:52.588+0000] {dag.py:3328} INFO - Setting next_dagrun for forex_data_pipeline to 2022-11-17T00:00:00+00:00, run_after=2022-11-18T00:00:00+00:00
[2022-11-17T20:41:52.616+0000] {processor.py:178} INFO - Processing /opt/airflow/dags/forex_data_pipeline.py took 0.533 seconds
[2022-11-17T20:42:22.750+0000] {processor.py:156} INFO - Started process (PID=880) to work on /opt/airflow/dags/forex_data_pipeline.py
[2022-11-17T20:42:22.752+0000] {processor.py:758} INFO - Processing file /opt/airflow/dags/forex_data_pipeline.py for tasks to queue
[2022-11-17T20:42:22.753+0000] {logging_mixin.py:117} INFO - [2022-11-17T20:42:22.753+0000] {dagbag.py:525} INFO - Filling up the DagBag from /opt/airflow/dags/forex_data_pipeline.py
[2022-11-17T20:42:23.054+0000] {processor.py:768} INFO - DAG(s) dict_keys(['forex_data_pipeline']) retrieved from /opt/airflow/dags/forex_data_pipeline.py
[2022-11-17T20:42:23.216+0000] {logging_mixin.py:117} INFO - [2022-11-17T20:42:23.216+0000] {dag.py:2573} INFO - Sync 1 DAGs
[2022-11-17T20:42:23.239+0000] {logging_mixin.py:117} INFO - [2022-11-17T20:42:23.239+0000] {dag.py:3328} INFO - Setting next_dagrun for forex_data_pipeline to 2022-11-17T00:00:00+00:00, run_after=2022-11-18T00:00:00+00:00
[2022-11-17T20:42:23.260+0000] {processor.py:178} INFO - Processing /opt/airflow/dags/forex_data_pipeline.py took 0.513 seconds
[2022-11-17T20:42:53.373+0000] {processor.py:156} INFO - Started process (PID=902) to work on /opt/airflow/dags/forex_data_pipeline.py
[2022-11-17T20:42:53.379+0000] {processor.py:758} INFO - Processing file /opt/airflow/dags/forex_data_pipeline.py for tasks to queue
[2022-11-17T20:42:53.381+0000] {logging_mixin.py:117} INFO - [2022-11-17T20:42:53.381+0000] {dagbag.py:525} INFO - Filling up the DagBag from /opt/airflow/dags/forex_data_pipeline.py
[2022-11-17T20:42:53.705+0000] {processor.py:768} INFO - DAG(s) dict_keys(['forex_data_pipeline']) retrieved from /opt/airflow/dags/forex_data_pipeline.py
[2022-11-17T20:42:53.857+0000] {logging_mixin.py:117} INFO - [2022-11-17T20:42:53.856+0000] {dag.py:2573} INFO - Sync 1 DAGs
[2022-11-17T20:42:53.878+0000] {logging_mixin.py:117} INFO - [2022-11-17T20:42:53.878+0000] {dag.py:3328} INFO - Setting next_dagrun for forex_data_pipeline to 2022-11-17T00:00:00+00:00, run_after=2022-11-18T00:00:00+00:00
[2022-11-17T20:42:53.905+0000] {processor.py:178} INFO - Processing /opt/airflow/dags/forex_data_pipeline.py took 0.535 seconds
[2022-11-17T20:43:23.966+0000] {processor.py:156} INFO - Started process (PID=931) to work on /opt/airflow/dags/forex_data_pipeline.py
[2022-11-17T20:43:23.969+0000] {processor.py:758} INFO - Processing file /opt/airflow/dags/forex_data_pipeline.py for tasks to queue
[2022-11-17T20:43:23.974+0000] {logging_mixin.py:117} INFO - [2022-11-17T20:43:23.974+0000] {dagbag.py:525} INFO - Filling up the DagBag from /opt/airflow/dags/forex_data_pipeline.py
[2022-11-17T20:43:24.317+0000] {processor.py:768} INFO - DAG(s) dict_keys(['forex_data_pipeline']) retrieved from /opt/airflow/dags/forex_data_pipeline.py
[2022-11-17T20:43:24.460+0000] {logging_mixin.py:117} INFO - [2022-11-17T20:43:24.459+0000] {dag.py:2573} INFO - Sync 1 DAGs
[2022-11-17T20:43:24.484+0000] {logging_mixin.py:117} INFO - [2022-11-17T20:43:24.483+0000] {dag.py:3328} INFO - Setting next_dagrun for forex_data_pipeline to 2022-11-17T00:00:00+00:00, run_after=2022-11-18T00:00:00+00:00
[2022-11-17T20:43:24.508+0000] {processor.py:178} INFO - Processing /opt/airflow/dags/forex_data_pipeline.py took 0.545 seconds
[2022-11-17T20:43:54.618+0000] {processor.py:156} INFO - Started process (PID=961) to work on /opt/airflow/dags/forex_data_pipeline.py
[2022-11-17T20:43:54.620+0000] {processor.py:758} INFO - Processing file /opt/airflow/dags/forex_data_pipeline.py for tasks to queue
[2022-11-17T20:43:54.621+0000] {logging_mixin.py:117} INFO - [2022-11-17T20:43:54.621+0000] {dagbag.py:525} INFO - Filling up the DagBag from /opt/airflow/dags/forex_data_pipeline.py
[2022-11-17T20:43:54.921+0000] {processor.py:768} INFO - DAG(s) dict_keys(['forex_data_pipeline']) retrieved from /opt/airflow/dags/forex_data_pipeline.py
[2022-11-17T20:43:55.073+0000] {logging_mixin.py:117} INFO - [2022-11-17T20:43:55.072+0000] {dag.py:2573} INFO - Sync 1 DAGs
[2022-11-17T20:43:55.096+0000] {logging_mixin.py:117} INFO - [2022-11-17T20:43:55.096+0000] {dag.py:3328} INFO - Setting next_dagrun for forex_data_pipeline to 2022-11-17T00:00:00+00:00, run_after=2022-11-18T00:00:00+00:00
[2022-11-17T20:43:55.128+0000] {processor.py:178} INFO - Processing /opt/airflow/dags/forex_data_pipeline.py took 0.512 seconds
[2022-11-17T20:44:25.248+0000] {processor.py:156} INFO - Started process (PID=981) to work on /opt/airflow/dags/forex_data_pipeline.py
[2022-11-17T20:44:25.253+0000] {processor.py:758} INFO - Processing file /opt/airflow/dags/forex_data_pipeline.py for tasks to queue
[2022-11-17T20:44:25.254+0000] {logging_mixin.py:117} INFO - [2022-11-17T20:44:25.254+0000] {dagbag.py:525} INFO - Filling up the DagBag from /opt/airflow/dags/forex_data_pipeline.py
[2022-11-17T20:44:25.609+0000] {processor.py:768} INFO - DAG(s) dict_keys(['forex_data_pipeline']) retrieved from /opt/airflow/dags/forex_data_pipeline.py
[2022-11-17T20:44:25.774+0000] {logging_mixin.py:117} INFO - [2022-11-17T20:44:25.774+0000] {dag.py:2573} INFO - Sync 1 DAGs
[2022-11-17T20:44:25.796+0000] {logging_mixin.py:117} INFO - [2022-11-17T20:44:25.796+0000] {dag.py:3328} INFO - Setting next_dagrun for forex_data_pipeline to 2022-11-17T00:00:00+00:00, run_after=2022-11-18T00:00:00+00:00
[2022-11-17T20:44:25.816+0000] {processor.py:178} INFO - Processing /opt/airflow/dags/forex_data_pipeline.py took 0.570 seconds
[2022-11-17T20:44:56.223+0000] {processor.py:156} INFO - Started process (PID=1010) to work on /opt/airflow/dags/forex_data_pipeline.py
[2022-11-17T20:44:56.228+0000] {processor.py:758} INFO - Processing file /opt/airflow/dags/forex_data_pipeline.py for tasks to queue
[2022-11-17T20:44:56.229+0000] {logging_mixin.py:117} INFO - [2022-11-17T20:44:56.229+0000] {dagbag.py:525} INFO - Filling up the DagBag from /opt/airflow/dags/forex_data_pipeline.py
[2022-11-17T20:44:56.546+0000] {processor.py:768} INFO - DAG(s) dict_keys(['forex_data_pipeline']) retrieved from /opt/airflow/dags/forex_data_pipeline.py
[2022-11-17T20:44:56.701+0000] {logging_mixin.py:117} INFO - [2022-11-17T20:44:56.700+0000] {dag.py:2573} INFO - Sync 1 DAGs
[2022-11-17T20:44:56.724+0000] {logging_mixin.py:117} INFO - [2022-11-17T20:44:56.724+0000] {dag.py:3328} INFO - Setting next_dagrun for forex_data_pipeline to 2022-11-17T00:00:00+00:00, run_after=2022-11-18T00:00:00+00:00
[2022-11-17T20:44:56.749+0000] {processor.py:178} INFO - Processing /opt/airflow/dags/forex_data_pipeline.py took 0.528 seconds
[2022-11-17T20:45:27.153+0000] {processor.py:156} INFO - Started process (PID=1039) to work on /opt/airflow/dags/forex_data_pipeline.py
[2022-11-17T20:45:27.155+0000] {processor.py:758} INFO - Processing file /opt/airflow/dags/forex_data_pipeline.py for tasks to queue
[2022-11-17T20:45:27.156+0000] {logging_mixin.py:117} INFO - [2022-11-17T20:45:27.156+0000] {dagbag.py:525} INFO - Filling up the DagBag from /opt/airflow/dags/forex_data_pipeline.py
[2022-11-17T20:45:27.455+0000] {processor.py:768} INFO - DAG(s) dict_keys(['forex_data_pipeline']) retrieved from /opt/airflow/dags/forex_data_pipeline.py
[2022-11-17T20:45:27.619+0000] {logging_mixin.py:117} INFO - [2022-11-17T20:45:27.618+0000] {dag.py:2573} INFO - Sync 1 DAGs
[2022-11-17T20:45:27.645+0000] {logging_mixin.py:117} INFO - [2022-11-17T20:45:27.645+0000] {dag.py:3328} INFO - Setting next_dagrun for forex_data_pipeline to 2022-11-17T00:00:00+00:00, run_after=2022-11-18T00:00:00+00:00
[2022-11-17T20:45:27.666+0000] {processor.py:178} INFO - Processing /opt/airflow/dags/forex_data_pipeline.py took 0.515 seconds
[2022-11-17T20:45:57.872+0000] {processor.py:156} INFO - Started process (PID=1068) to work on /opt/airflow/dags/forex_data_pipeline.py
[2022-11-17T20:45:57.875+0000] {processor.py:758} INFO - Processing file /opt/airflow/dags/forex_data_pipeline.py for tasks to queue
[2022-11-17T20:45:57.877+0000] {logging_mixin.py:117} INFO - [2022-11-17T20:45:57.877+0000] {dagbag.py:525} INFO - Filling up the DagBag from /opt/airflow/dags/forex_data_pipeline.py
[2022-11-17T20:45:58.197+0000] {processor.py:768} INFO - DAG(s) dict_keys(['forex_data_pipeline']) retrieved from /opt/airflow/dags/forex_data_pipeline.py
[2022-11-17T20:45:58.348+0000] {logging_mixin.py:117} INFO - [2022-11-17T20:45:58.348+0000] {dag.py:2573} INFO - Sync 1 DAGs
[2022-11-17T20:45:58.370+0000] {logging_mixin.py:117} INFO - [2022-11-17T20:45:58.369+0000] {dag.py:3328} INFO - Setting next_dagrun for forex_data_pipeline to 2022-11-17T00:00:00+00:00, run_after=2022-11-18T00:00:00+00:00
[2022-11-17T20:45:58.396+0000] {processor.py:178} INFO - Processing /opt/airflow/dags/forex_data_pipeline.py took 0.527 seconds
[2022-11-17T20:46:28.957+0000] {processor.py:156} INFO - Started process (PID=1090) to work on /opt/airflow/dags/forex_data_pipeline.py
[2022-11-17T20:46:28.960+0000] {processor.py:758} INFO - Processing file /opt/airflow/dags/forex_data_pipeline.py for tasks to queue
[2022-11-17T20:46:28.962+0000] {logging_mixin.py:117} INFO - [2022-11-17T20:46:28.961+0000] {dagbag.py:525} INFO - Filling up the DagBag from /opt/airflow/dags/forex_data_pipeline.py
[2022-11-17T20:46:29.288+0000] {processor.py:768} INFO - DAG(s) dict_keys(['forex_data_pipeline']) retrieved from /opt/airflow/dags/forex_data_pipeline.py
[2022-11-17T20:46:29.458+0000] {logging_mixin.py:117} INFO - [2022-11-17T20:46:29.458+0000] {dag.py:2573} INFO - Sync 1 DAGs
[2022-11-17T20:46:29.481+0000] {logging_mixin.py:117} INFO - [2022-11-17T20:46:29.481+0000] {dag.py:3328} INFO - Setting next_dagrun for forex_data_pipeline to 2022-11-17T00:00:00+00:00, run_after=2022-11-18T00:00:00+00:00
[2022-11-17T20:46:29.504+0000] {processor.py:178} INFO - Processing /opt/airflow/dags/forex_data_pipeline.py took 0.552 seconds
[2022-11-17T20:46:59.776+0000] {processor.py:156} INFO - Started process (PID=1118) to work on /opt/airflow/dags/forex_data_pipeline.py
[2022-11-17T20:46:59.779+0000] {processor.py:758} INFO - Processing file /opt/airflow/dags/forex_data_pipeline.py for tasks to queue
[2022-11-17T20:46:59.780+0000] {logging_mixin.py:117} INFO - [2022-11-17T20:46:59.780+0000] {dagbag.py:525} INFO - Filling up the DagBag from /opt/airflow/dags/forex_data_pipeline.py
[2022-11-17T20:47:00.098+0000] {processor.py:768} INFO - DAG(s) dict_keys(['forex_data_pipeline']) retrieved from /opt/airflow/dags/forex_data_pipeline.py
[2022-11-17T20:47:00.250+0000] {logging_mixin.py:117} INFO - [2022-11-17T20:47:00.250+0000] {dag.py:2573} INFO - Sync 1 DAGs
[2022-11-17T20:47:00.272+0000] {logging_mixin.py:117} INFO - [2022-11-17T20:47:00.272+0000] {dag.py:3328} INFO - Setting next_dagrun for forex_data_pipeline to 2022-11-17T00:00:00+00:00, run_after=2022-11-18T00:00:00+00:00
[2022-11-17T20:47:00.300+0000] {processor.py:178} INFO - Processing /opt/airflow/dags/forex_data_pipeline.py took 0.526 seconds
[2022-11-17T20:47:30.752+0000] {processor.py:156} INFO - Started process (PID=1148) to work on /opt/airflow/dags/forex_data_pipeline.py
[2022-11-17T20:47:30.755+0000] {processor.py:758} INFO - Processing file /opt/airflow/dags/forex_data_pipeline.py for tasks to queue
[2022-11-17T20:47:30.756+0000] {logging_mixin.py:117} INFO - [2022-11-17T20:47:30.756+0000] {dagbag.py:525} INFO - Filling up the DagBag from /opt/airflow/dags/forex_data_pipeline.py
[2022-11-17T20:47:31.085+0000] {processor.py:768} INFO - DAG(s) dict_keys(['forex_data_pipeline']) retrieved from /opt/airflow/dags/forex_data_pipeline.py
[2022-11-17T20:47:31.239+0000] {logging_mixin.py:117} INFO - [2022-11-17T20:47:31.238+0000] {dag.py:2573} INFO - Sync 1 DAGs
[2022-11-17T20:47:31.261+0000] {logging_mixin.py:117} INFO - [2022-11-17T20:47:31.261+0000] {dag.py:3328} INFO - Setting next_dagrun for forex_data_pipeline to 2022-11-17T00:00:00+00:00, run_after=2022-11-18T00:00:00+00:00
[2022-11-17T20:47:31.285+0000] {processor.py:178} INFO - Processing /opt/airflow/dags/forex_data_pipeline.py took 0.536 seconds
[2022-11-17T20:48:01.596+0000] {processor.py:156} INFO - Started process (PID=1176) to work on /opt/airflow/dags/forex_data_pipeline.py
[2022-11-17T20:48:01.601+0000] {processor.py:758} INFO - Processing file /opt/airflow/dags/forex_data_pipeline.py for tasks to queue
[2022-11-17T20:48:01.603+0000] {logging_mixin.py:117} INFO - [2022-11-17T20:48:01.602+0000] {dagbag.py:525} INFO - Filling up the DagBag from /opt/airflow/dags/forex_data_pipeline.py
[2022-11-17T20:48:01.940+0000] {processor.py:768} INFO - DAG(s) dict_keys(['forex_data_pipeline']) retrieved from /opt/airflow/dags/forex_data_pipeline.py
[2022-11-17T20:48:02.089+0000] {logging_mixin.py:117} INFO - [2022-11-17T20:48:02.089+0000] {dag.py:2573} INFO - Sync 1 DAGs
[2022-11-17T20:48:02.113+0000] {logging_mixin.py:117} INFO - [2022-11-17T20:48:02.112+0000] {dag.py:3328} INFO - Setting next_dagrun for forex_data_pipeline to 2022-11-17T00:00:00+00:00, run_after=2022-11-18T00:00:00+00:00
[2022-11-17T20:48:02.136+0000] {processor.py:178} INFO - Processing /opt/airflow/dags/forex_data_pipeline.py took 0.543 seconds
[2022-11-17T20:48:32.555+0000] {processor.py:156} INFO - Started process (PID=1206) to work on /opt/airflow/dags/forex_data_pipeline.py
[2022-11-17T20:48:32.558+0000] {processor.py:758} INFO - Processing file /opt/airflow/dags/forex_data_pipeline.py for tasks to queue
[2022-11-17T20:48:32.559+0000] {logging_mixin.py:117} INFO - [2022-11-17T20:48:32.559+0000] {dagbag.py:525} INFO - Filling up the DagBag from /opt/airflow/dags/forex_data_pipeline.py
[2022-11-17T20:48:32.869+0000] {processor.py:768} INFO - DAG(s) dict_keys(['forex_data_pipeline']) retrieved from /opt/airflow/dags/forex_data_pipeline.py
[2022-11-17T20:48:33.043+0000] {logging_mixin.py:117} INFO - [2022-11-17T20:48:33.043+0000] {dag.py:2573} INFO - Sync 1 DAGs
[2022-11-17T20:48:33.071+0000] {logging_mixin.py:117} INFO - [2022-11-17T20:48:33.071+0000] {dag.py:3328} INFO - Setting next_dagrun for forex_data_pipeline to 2022-11-17T00:00:00+00:00, run_after=2022-11-18T00:00:00+00:00
[2022-11-17T20:48:33.094+0000] {processor.py:178} INFO - Processing /opt/airflow/dags/forex_data_pipeline.py took 0.543 seconds
[2022-11-17T20:49:03.386+0000] {processor.py:156} INFO - Started process (PID=1226) to work on /opt/airflow/dags/forex_data_pipeline.py
[2022-11-17T20:49:03.389+0000] {processor.py:758} INFO - Processing file /opt/airflow/dags/forex_data_pipeline.py for tasks to queue
[2022-11-17T20:49:03.390+0000] {logging_mixin.py:117} INFO - [2022-11-17T20:49:03.390+0000] {dagbag.py:525} INFO - Filling up the DagBag from /opt/airflow/dags/forex_data_pipeline.py
[2022-11-17T20:49:03.722+0000] {processor.py:768} INFO - DAG(s) dict_keys(['forex_data_pipeline']) retrieved from /opt/airflow/dags/forex_data_pipeline.py
[2022-11-17T20:49:03.877+0000] {logging_mixin.py:117} INFO - [2022-11-17T20:49:03.876+0000] {dag.py:2573} INFO - Sync 1 DAGs
[2022-11-17T20:49:03.903+0000] {logging_mixin.py:117} INFO - [2022-11-17T20:49:03.903+0000] {dag.py:3328} INFO - Setting next_dagrun for forex_data_pipeline to 2022-11-17T00:00:00+00:00, run_after=2022-11-18T00:00:00+00:00
[2022-11-17T20:49:03.925+0000] {processor.py:178} INFO - Processing /opt/airflow/dags/forex_data_pipeline.py took 0.542 seconds
[2022-11-17T20:49:34.288+0000] {processor.py:156} INFO - Started process (PID=1255) to work on /opt/airflow/dags/forex_data_pipeline.py
[2022-11-17T20:49:34.290+0000] {processor.py:758} INFO - Processing file /opt/airflow/dags/forex_data_pipeline.py for tasks to queue
[2022-11-17T20:49:34.292+0000] {logging_mixin.py:117} INFO - [2022-11-17T20:49:34.292+0000] {dagbag.py:525} INFO - Filling up the DagBag from /opt/airflow/dags/forex_data_pipeline.py
[2022-11-17T20:49:34.637+0000] {processor.py:768} INFO - DAG(s) dict_keys(['forex_data_pipeline']) retrieved from /opt/airflow/dags/forex_data_pipeline.py
[2022-11-17T20:49:34.810+0000] {logging_mixin.py:117} INFO - [2022-11-17T20:49:34.810+0000] {dag.py:2573} INFO - Sync 1 DAGs
[2022-11-17T20:49:34.831+0000] {logging_mixin.py:117} INFO - [2022-11-17T20:49:34.831+0000] {dag.py:3328} INFO - Setting next_dagrun for forex_data_pipeline to 2022-11-17T00:00:00+00:00, run_after=2022-11-18T00:00:00+00:00
[2022-11-17T20:49:34.853+0000] {processor.py:178} INFO - Processing /opt/airflow/dags/forex_data_pipeline.py took 0.569 seconds
[2022-11-17T20:50:05.045+0000] {processor.py:156} INFO - Started process (PID=1284) to work on /opt/airflow/dags/forex_data_pipeline.py
[2022-11-17T20:50:05.049+0000] {processor.py:758} INFO - Processing file /opt/airflow/dags/forex_data_pipeline.py for tasks to queue
[2022-11-17T20:50:05.050+0000] {logging_mixin.py:117} INFO - [2022-11-17T20:50:05.050+0000] {dagbag.py:525} INFO - Filling up the DagBag from /opt/airflow/dags/forex_data_pipeline.py
[2022-11-17T20:50:05.351+0000] {processor.py:768} INFO - DAG(s) dict_keys(['forex_data_pipeline']) retrieved from /opt/airflow/dags/forex_data_pipeline.py
[2022-11-17T20:50:05.507+0000] {logging_mixin.py:117} INFO - [2022-11-17T20:50:05.507+0000] {dag.py:2573} INFO - Sync 1 DAGs
[2022-11-17T20:50:05.532+0000] {logging_mixin.py:117} INFO - [2022-11-17T20:50:05.532+0000] {dag.py:3328} INFO - Setting next_dagrun for forex_data_pipeline to 2022-11-17T00:00:00+00:00, run_after=2022-11-18T00:00:00+00:00
[2022-11-17T20:50:05.555+0000] {processor.py:178} INFO - Processing /opt/airflow/dags/forex_data_pipeline.py took 0.512 seconds
[2022-11-17T20:50:35.864+0000] {processor.py:156} INFO - Started process (PID=1311) to work on /opt/airflow/dags/forex_data_pipeline.py
[2022-11-17T20:50:35.866+0000] {processor.py:758} INFO - Processing file /opt/airflow/dags/forex_data_pipeline.py for tasks to queue
[2022-11-17T20:50:35.867+0000] {logging_mixin.py:117} INFO - [2022-11-17T20:50:35.867+0000] {dagbag.py:525} INFO - Filling up the DagBag from /opt/airflow/dags/forex_data_pipeline.py
[2022-11-17T20:50:36.174+0000] {processor.py:768} INFO - DAG(s) dict_keys(['forex_data_pipeline']) retrieved from /opt/airflow/dags/forex_data_pipeline.py
[2022-11-17T20:50:36.328+0000] {logging_mixin.py:117} INFO - [2022-11-17T20:50:36.328+0000] {dag.py:2573} INFO - Sync 1 DAGs
[2022-11-17T20:50:36.352+0000] {logging_mixin.py:117} INFO - [2022-11-17T20:50:36.352+0000] {dag.py:3328} INFO - Setting next_dagrun for forex_data_pipeline to 2022-11-17T00:00:00+00:00, run_after=2022-11-18T00:00:00+00:00
[2022-11-17T20:50:36.373+0000] {processor.py:178} INFO - Processing /opt/airflow/dags/forex_data_pipeline.py took 0.512 seconds
