[2023-02-08T22:38:05.098+0000] {processor.py:153} INFO - Started process (PID=79) to work on /opt/airflow/dags/forex_data_pipeline.py
[2023-02-08T22:38:05.102+0000] {processor.py:743} INFO - Processing file /opt/airflow/dags/forex_data_pipeline.py for tasks to queue
[2023-02-08T22:38:05.104+0000] {logging_mixin.py:137} INFO - [2023-02-08T22:38:05.104+0000] {dagbag.py:538} INFO - Filling up the DagBag from /opt/airflow/dags/forex_data_pipeline.py
[2023-02-08T22:38:06.267+0000] {processor.py:753} INFO - DAG(s) dict_keys(['forex_data_pipeline']) retrieved from /opt/airflow/dags/forex_data_pipeline.py
[2023-02-08T22:38:06.310+0000] {logging_mixin.py:137} INFO - [2023-02-08T22:38:06.310+0000] {dag.py:2676} INFO - Sync 1 DAGs
[2023-02-08T22:38:06.358+0000] {logging_mixin.py:137} INFO - [2023-02-08T22:38:06.357+0000] {dag.py:3427} INFO - Setting next_dagrun for forex_data_pipeline to 2023-02-08T00:00:00+00:00, run_after=2023-02-09T00:00:00+00:00
[2023-02-08T22:38:06.421+0000] {processor.py:175} INFO - Processing /opt/airflow/dags/forex_data_pipeline.py took 1.332 seconds
[2023-02-08T22:38:37.136+0000] {processor.py:153} INFO - Started process (PID=141) to work on /opt/airflow/dags/forex_data_pipeline.py
[2023-02-08T22:38:37.146+0000] {processor.py:743} INFO - Processing file /opt/airflow/dags/forex_data_pipeline.py for tasks to queue
[2023-02-08T22:38:37.148+0000] {logging_mixin.py:137} INFO - [2023-02-08T22:38:37.148+0000] {dagbag.py:538} INFO - Filling up the DagBag from /opt/airflow/dags/forex_data_pipeline.py
[2023-02-08T22:38:38.302+0000] {processor.py:753} INFO - DAG(s) dict_keys(['forex_data_pipeline']) retrieved from /opt/airflow/dags/forex_data_pipeline.py
[2023-02-08T22:38:38.692+0000] {logging_mixin.py:137} INFO - [2023-02-08T22:38:38.691+0000] {dag.py:2676} INFO - Sync 1 DAGs
[2023-02-08T22:38:38.741+0000] {logging_mixin.py:137} INFO - [2023-02-08T22:38:38.741+0000] {dag.py:3427} INFO - Setting next_dagrun for forex_data_pipeline to 2023-02-08T00:00:00+00:00, run_after=2023-02-09T00:00:00+00:00
[2023-02-08T22:38:38.778+0000] {processor.py:175} INFO - Processing /opt/airflow/dags/forex_data_pipeline.py took 1.598 seconds
[2023-02-08T22:39:09.352+0000] {processor.py:153} INFO - Started process (PID=205) to work on /opt/airflow/dags/forex_data_pipeline.py
[2023-02-08T22:39:09.556+0000] {processor.py:743} INFO - Processing file /opt/airflow/dags/forex_data_pipeline.py for tasks to queue
[2023-02-08T22:39:09.660+0000] {logging_mixin.py:137} INFO - [2023-02-08T22:39:09.660+0000] {dagbag.py:538} INFO - Filling up the DagBag from /opt/airflow/dags/forex_data_pipeline.py
[2023-02-08T22:39:10.883+0000] {processor.py:753} INFO - DAG(s) dict_keys(['forex_data_pipeline']) retrieved from /opt/airflow/dags/forex_data_pipeline.py
[2023-02-08T22:39:10.944+0000] {logging_mixin.py:137} INFO - [2023-02-08T22:39:10.943+0000] {dag.py:2676} INFO - Sync 1 DAGs
[2023-02-08T22:39:11.015+0000] {logging_mixin.py:137} INFO - [2023-02-08T22:39:11.015+0000] {dag.py:3427} INFO - Setting next_dagrun for forex_data_pipeline to 2023-02-08T00:00:00+00:00, run_after=2023-02-09T00:00:00+00:00
[2023-02-08T22:39:11.050+0000] {processor.py:175} INFO - Processing /opt/airflow/dags/forex_data_pipeline.py took 1.700 seconds
[2023-02-08T22:39:41.266+0000] {processor.py:153} INFO - Started process (PID=249) to work on /opt/airflow/dags/forex_data_pipeline.py
[2023-02-08T22:39:41.272+0000] {processor.py:743} INFO - Processing file /opt/airflow/dags/forex_data_pipeline.py for tasks to queue
[2023-02-08T22:39:41.274+0000] {logging_mixin.py:137} INFO - [2023-02-08T22:39:41.273+0000] {dagbag.py:538} INFO - Filling up the DagBag from /opt/airflow/dags/forex_data_pipeline.py
[2023-02-08T22:39:41.565+0000] {processor.py:753} INFO - DAG(s) dict_keys(['forex_data_pipeline']) retrieved from /opt/airflow/dags/forex_data_pipeline.py
[2023-02-08T22:39:41.593+0000] {logging_mixin.py:137} INFO - [2023-02-08T22:39:41.592+0000] {dag.py:2676} INFO - Sync 1 DAGs
[2023-02-08T22:39:41.626+0000] {logging_mixin.py:137} INFO - [2023-02-08T22:39:41.626+0000] {dag.py:3427} INFO - Setting next_dagrun for forex_data_pipeline to 2023-02-08T00:00:00+00:00, run_after=2023-02-09T00:00:00+00:00
[2023-02-08T22:39:41.650+0000] {processor.py:175} INFO - Processing /opt/airflow/dags/forex_data_pipeline.py took 0.386 seconds
[2023-02-08T22:40:11.867+0000] {processor.py:153} INFO - Started process (PID=300) to work on /opt/airflow/dags/forex_data_pipeline.py
[2023-02-08T22:40:11.874+0000] {processor.py:743} INFO - Processing file /opt/airflow/dags/forex_data_pipeline.py for tasks to queue
[2023-02-08T22:40:11.875+0000] {logging_mixin.py:137} INFO - [2023-02-08T22:40:11.875+0000] {dagbag.py:538} INFO - Filling up the DagBag from /opt/airflow/dags/forex_data_pipeline.py
[2023-02-08T22:40:12.259+0000] {processor.py:753} INFO - DAG(s) dict_keys(['forex_data_pipeline']) retrieved from /opt/airflow/dags/forex_data_pipeline.py
[2023-02-08T22:40:12.289+0000] {logging_mixin.py:137} INFO - [2023-02-08T22:40:12.288+0000] {dag.py:2676} INFO - Sync 1 DAGs
[2023-02-08T22:40:12.327+0000] {logging_mixin.py:137} INFO - [2023-02-08T22:40:12.327+0000] {dag.py:3427} INFO - Setting next_dagrun for forex_data_pipeline to 2023-02-08T00:00:00+00:00, run_after=2023-02-09T00:00:00+00:00
[2023-02-08T22:40:12.376+0000] {processor.py:175} INFO - Processing /opt/airflow/dags/forex_data_pipeline.py took 0.511 seconds
[2023-02-08T22:40:42.664+0000] {processor.py:153} INFO - Started process (PID=357) to work on /opt/airflow/dags/forex_data_pipeline.py
[2023-02-08T22:40:42.674+0000] {processor.py:743} INFO - Processing file /opt/airflow/dags/forex_data_pipeline.py for tasks to queue
[2023-02-08T22:40:42.676+0000] {logging_mixin.py:137} INFO - [2023-02-08T22:40:42.676+0000] {dagbag.py:538} INFO - Filling up the DagBag from /opt/airflow/dags/forex_data_pipeline.py
[2023-02-08T22:40:42.997+0000] {processor.py:753} INFO - DAG(s) dict_keys(['forex_data_pipeline']) retrieved from /opt/airflow/dags/forex_data_pipeline.py
[2023-02-08T22:40:43.021+0000] {logging_mixin.py:137} INFO - [2023-02-08T22:40:43.021+0000] {dag.py:2676} INFO - Sync 1 DAGs
[2023-02-08T22:40:43.046+0000] {logging_mixin.py:137} INFO - [2023-02-08T22:40:43.046+0000] {dag.py:3427} INFO - Setting next_dagrun for forex_data_pipeline to 2023-02-08T00:00:00+00:00, run_after=2023-02-09T00:00:00+00:00
[2023-02-08T22:40:43.072+0000] {processor.py:175} INFO - Processing /opt/airflow/dags/forex_data_pipeline.py took 0.411 seconds
[2023-02-08T22:41:13.381+0000] {processor.py:153} INFO - Started process (PID=400) to work on /opt/airflow/dags/forex_data_pipeline.py
[2023-02-08T22:41:13.385+0000] {processor.py:743} INFO - Processing file /opt/airflow/dags/forex_data_pipeline.py for tasks to queue
[2023-02-08T22:41:13.389+0000] {logging_mixin.py:137} INFO - [2023-02-08T22:41:13.389+0000] {dagbag.py:538} INFO - Filling up the DagBag from /opt/airflow/dags/forex_data_pipeline.py
[2023-02-08T22:41:13.679+0000] {processor.py:753} INFO - DAG(s) dict_keys(['forex_data_pipeline']) retrieved from /opt/airflow/dags/forex_data_pipeline.py
[2023-02-08T22:41:13.702+0000] {logging_mixin.py:137} INFO - [2023-02-08T22:41:13.702+0000] {dag.py:2676} INFO - Sync 1 DAGs
[2023-02-08T22:41:13.729+0000] {logging_mixin.py:137} INFO - [2023-02-08T22:41:13.728+0000] {dag.py:3427} INFO - Setting next_dagrun for forex_data_pipeline to 2023-02-08T00:00:00+00:00, run_after=2023-02-09T00:00:00+00:00
[2023-02-08T22:41:13.749+0000] {processor.py:175} INFO - Processing /opt/airflow/dags/forex_data_pipeline.py took 0.370 seconds
[2023-02-08T22:41:44.418+0000] {processor.py:153} INFO - Started process (PID=465) to work on /opt/airflow/dags/forex_data_pipeline.py
[2023-02-08T22:41:44.421+0000] {processor.py:743} INFO - Processing file /opt/airflow/dags/forex_data_pipeline.py for tasks to queue
[2023-02-08T22:41:44.422+0000] {logging_mixin.py:137} INFO - [2023-02-08T22:41:44.422+0000] {dagbag.py:538} INFO - Filling up the DagBag from /opt/airflow/dags/forex_data_pipeline.py
[2023-02-08T22:41:44.777+0000] {processor.py:753} INFO - DAG(s) dict_keys(['forex_data_pipeline']) retrieved from /opt/airflow/dags/forex_data_pipeline.py
[2023-02-08T22:41:44.802+0000] {logging_mixin.py:137} INFO - [2023-02-08T22:41:44.802+0000] {dag.py:2676} INFO - Sync 1 DAGs
[2023-02-08T22:41:44.829+0000] {logging_mixin.py:137} INFO - [2023-02-08T22:41:44.828+0000] {dag.py:3427} INFO - Setting next_dagrun for forex_data_pipeline to 2023-02-08T00:00:00+00:00, run_after=2023-02-09T00:00:00+00:00
[2023-02-08T22:41:44.850+0000] {processor.py:175} INFO - Processing /opt/airflow/dags/forex_data_pipeline.py took 0.434 seconds
[2023-02-08T22:42:14.930+0000] {processor.py:153} INFO - Started process (PID=509) to work on /opt/airflow/dags/forex_data_pipeline.py
[2023-02-08T22:42:14.934+0000] {processor.py:743} INFO - Processing file /opt/airflow/dags/forex_data_pipeline.py for tasks to queue
[2023-02-08T22:42:14.936+0000] {logging_mixin.py:137} INFO - [2023-02-08T22:42:14.936+0000] {dagbag.py:538} INFO - Filling up the DagBag from /opt/airflow/dags/forex_data_pipeline.py
[2023-02-08T22:42:15.245+0000] {processor.py:753} INFO - DAG(s) dict_keys(['forex_data_pipeline']) retrieved from /opt/airflow/dags/forex_data_pipeline.py
[2023-02-08T22:42:15.265+0000] {logging_mixin.py:137} INFO - [2023-02-08T22:42:15.264+0000] {dag.py:2676} INFO - Sync 1 DAGs
[2023-02-08T22:42:15.286+0000] {logging_mixin.py:137} INFO - [2023-02-08T22:42:15.286+0000] {dag.py:3427} INFO - Setting next_dagrun for forex_data_pipeline to 2023-02-08T00:00:00+00:00, run_after=2023-02-09T00:00:00+00:00
[2023-02-08T22:42:15.305+0000] {processor.py:175} INFO - Processing /opt/airflow/dags/forex_data_pipeline.py took 0.377 seconds
[2023-02-08T22:42:46.025+0000] {processor.py:153} INFO - Started process (PID=574) to work on /opt/airflow/dags/forex_data_pipeline.py
[2023-02-08T22:42:46.033+0000] {processor.py:743} INFO - Processing file /opt/airflow/dags/forex_data_pipeline.py for tasks to queue
[2023-02-08T22:42:46.034+0000] {logging_mixin.py:137} INFO - [2023-02-08T22:42:46.034+0000] {dagbag.py:538} INFO - Filling up the DagBag from /opt/airflow/dags/forex_data_pipeline.py
[2023-02-08T22:42:46.351+0000] {processor.py:753} INFO - DAG(s) dict_keys(['forex_data_pipeline']) retrieved from /opt/airflow/dags/forex_data_pipeline.py
[2023-02-08T22:42:46.374+0000] {logging_mixin.py:137} INFO - [2023-02-08T22:42:46.373+0000] {dag.py:2676} INFO - Sync 1 DAGs
[2023-02-08T22:42:46.400+0000] {logging_mixin.py:137} INFO - [2023-02-08T22:42:46.400+0000] {dag.py:3427} INFO - Setting next_dagrun for forex_data_pipeline to 2023-02-08T00:00:00+00:00, run_after=2023-02-09T00:00:00+00:00
[2023-02-08T22:42:46.422+0000] {processor.py:175} INFO - Processing /opt/airflow/dags/forex_data_pipeline.py took 0.399 seconds
[2023-02-08T22:43:17.333+0000] {processor.py:153} INFO - Started process (PID=618) to work on /opt/airflow/dags/forex_data_pipeline.py
[2023-02-08T22:43:17.345+0000] {processor.py:743} INFO - Processing file /opt/airflow/dags/forex_data_pipeline.py for tasks to queue
[2023-02-08T22:43:17.347+0000] {logging_mixin.py:137} INFO - [2023-02-08T22:43:17.346+0000] {dagbag.py:538} INFO - Filling up the DagBag from /opt/airflow/dags/forex_data_pipeline.py
[2023-02-08T22:43:17.951+0000] {processor.py:753} INFO - DAG(s) dict_keys(['forex_data_pipeline']) retrieved from /opt/airflow/dags/forex_data_pipeline.py
[2023-02-08T22:43:17.972+0000] {logging_mixin.py:137} INFO - [2023-02-08T22:43:17.972+0000] {dag.py:2676} INFO - Sync 1 DAGs
[2023-02-08T22:43:17.997+0000] {logging_mixin.py:137} INFO - [2023-02-08T22:43:17.997+0000] {dag.py:3427} INFO - Setting next_dagrun for forex_data_pipeline to 2023-02-08T00:00:00+00:00, run_after=2023-02-09T00:00:00+00:00
[2023-02-08T22:43:18.020+0000] {processor.py:175} INFO - Processing /opt/airflow/dags/forex_data_pipeline.py took 0.689 seconds
[2023-02-08T22:43:48.103+0000] {processor.py:153} INFO - Started process (PID=682) to work on /opt/airflow/dags/forex_data_pipeline.py
[2023-02-08T22:43:48.106+0000] {processor.py:743} INFO - Processing file /opt/airflow/dags/forex_data_pipeline.py for tasks to queue
[2023-02-08T22:43:48.108+0000] {logging_mixin.py:137} INFO - [2023-02-08T22:43:48.108+0000] {dagbag.py:538} INFO - Filling up the DagBag from /opt/airflow/dags/forex_data_pipeline.py
[2023-02-08T22:43:48.487+0000] {processor.py:753} INFO - DAG(s) dict_keys(['forex_data_pipeline']) retrieved from /opt/airflow/dags/forex_data_pipeline.py
[2023-02-08T22:43:48.532+0000] {logging_mixin.py:137} INFO - [2023-02-08T22:43:48.531+0000] {dag.py:2676} INFO - Sync 1 DAGs
[2023-02-08T22:43:48.582+0000] {logging_mixin.py:137} INFO - [2023-02-08T22:43:48.581+0000] {dag.py:3427} INFO - Setting next_dagrun for forex_data_pipeline to 2023-02-08T00:00:00+00:00, run_after=2023-02-09T00:00:00+00:00
[2023-02-08T22:43:48.629+0000] {processor.py:175} INFO - Processing /opt/airflow/dags/forex_data_pipeline.py took 0.528 seconds
[2023-02-08T22:44:18.897+0000] {processor.py:153} INFO - Started process (PID=726) to work on /opt/airflow/dags/forex_data_pipeline.py
[2023-02-08T22:44:18.901+0000] {processor.py:743} INFO - Processing file /opt/airflow/dags/forex_data_pipeline.py for tasks to queue
[2023-02-08T22:44:18.903+0000] {logging_mixin.py:137} INFO - [2023-02-08T22:44:18.902+0000] {dagbag.py:538} INFO - Filling up the DagBag from /opt/airflow/dags/forex_data_pipeline.py
[2023-02-08T22:44:19.358+0000] {processor.py:753} INFO - DAG(s) dict_keys(['forex_data_pipeline']) retrieved from /opt/airflow/dags/forex_data_pipeline.py
[2023-02-08T22:44:19.380+0000] {logging_mixin.py:137} INFO - [2023-02-08T22:44:19.379+0000] {dag.py:2676} INFO - Sync 1 DAGs
[2023-02-08T22:44:19.407+0000] {logging_mixin.py:137} INFO - [2023-02-08T22:44:19.407+0000] {dag.py:3427} INFO - Setting next_dagrun for forex_data_pipeline to 2023-02-08T00:00:00+00:00, run_after=2023-02-09T00:00:00+00:00
[2023-02-08T22:44:19.435+0000] {processor.py:175} INFO - Processing /opt/airflow/dags/forex_data_pipeline.py took 0.543 seconds
[2023-02-08T22:44:50.303+0000] {processor.py:153} INFO - Started process (PID=791) to work on /opt/airflow/dags/forex_data_pipeline.py
[2023-02-08T22:44:50.306+0000] {processor.py:743} INFO - Processing file /opt/airflow/dags/forex_data_pipeline.py for tasks to queue
[2023-02-08T22:44:50.309+0000] {logging_mixin.py:137} INFO - [2023-02-08T22:44:50.309+0000] {dagbag.py:538} INFO - Filling up the DagBag from /opt/airflow/dags/forex_data_pipeline.py
[2023-02-08T22:44:50.924+0000] {processor.py:753} INFO - DAG(s) dict_keys(['forex_data_pipeline']) retrieved from /opt/airflow/dags/forex_data_pipeline.py
[2023-02-08T22:44:50.993+0000] {logging_mixin.py:137} INFO - [2023-02-08T22:44:50.991+0000] {dag.py:2676} INFO - Sync 1 DAGs
[2023-02-08T22:44:51.070+0000] {logging_mixin.py:137} INFO - [2023-02-08T22:44:51.069+0000] {dag.py:3427} INFO - Setting next_dagrun for forex_data_pipeline to 2023-02-08T00:00:00+00:00, run_after=2023-02-09T00:00:00+00:00
[2023-02-08T22:44:51.132+0000] {processor.py:175} INFO - Processing /opt/airflow/dags/forex_data_pipeline.py took 0.835 seconds
