[2022-11-15T01:24:34.015+0000] {taskinstance.py:1165} INFO - Dependencies all met for <TaskInstance: forex_data_pipeline.is_forex_rates_available scheduled__2022-11-13T00:00:00+00:00 [queued]>
[2022-11-15T01:24:34.043+0000] {taskinstance.py:1165} INFO - Dependencies all met for <TaskInstance: forex_data_pipeline.is_forex_rates_available scheduled__2022-11-13T00:00:00+00:00 [queued]>
[2022-11-15T01:24:34.044+0000] {taskinstance.py:1362} INFO - 
--------------------------------------------------------------------------------
[2022-11-15T01:24:34.053+0000] {taskinstance.py:1363} INFO - Starting attempt 1 of 3
[2022-11-15T01:24:34.054+0000] {taskinstance.py:1364} INFO - 
--------------------------------------------------------------------------------
[2022-11-15T01:24:34.098+0000] {taskinstance.py:1383} INFO - Executing <Task(HttpSensor): is_forex_rates_available> on 2022-11-13 00:00:00+00:00
[2022-11-15T01:24:34.131+0000] {standard_task_runner.py:54} INFO - Started process 70 to run task
[2022-11-15T01:24:34.141+0000] {standard_task_runner.py:82} INFO - Running: ['***', 'tasks', 'run', 'forex_data_pipeline', 'is_forex_rates_available', 'scheduled__2022-11-13T00:00:00+00:00', '--job-id', '98', '--raw', '--subdir', 'DAGS_FOLDER/forex_data_pipeline.py', '--cfg-path', '/tmp/tmpw7ev8pfr']
[2022-11-15T01:24:34.144+0000] {standard_task_runner.py:83} INFO - Job 98: Subtask is_forex_rates_available
[2022-11-15T01:24:34.147+0000] {dagbag.py:525} INFO - Filling up the DagBag from /opt/***/dags/forex_data_pipeline.py
[2022-11-15T01:24:36.291+0000] {task_command.py:384} INFO - Running <TaskInstance: forex_data_pipeline.is_forex_rates_available scheduled__2022-11-13T00:00:00+00:00 [running]> on host 9cbdb5013874
[2022-11-15T01:24:36.552+0000] {taskinstance.py:1592} INFO - Exporting the following env vars:
AIRFLOW_CTX_DAG_EMAIL=juanfelipehdezm@gmail.com
AIRFLOW_CTX_DAG_OWNER=felipehdez
AIRFLOW_CTX_DAG_ID=forex_data_pipeline
AIRFLOW_CTX_TASK_ID=is_forex_rates_available
AIRFLOW_CTX_EXECUTION_DATE=2022-11-13T00:00:00+00:00
AIRFLOW_CTX_TRY_NUMBER=1
AIRFLOW_CTX_DAG_RUN_ID=scheduled__2022-11-13T00:00:00+00:00
[2022-11-15T01:24:36.571+0000] {http.py:120} INFO - Poking: /query?function=CURRENCY_EXCHANGE_RATE&from_currency=USD&to_currency=COP&apikey=EHCCX9LJ1T4XQV4E
[2022-11-15T01:24:36.631+0000] {base.py:71} INFO - Using connection ID 'forex_api' for task execution.
[2022-11-15T01:24:36.640+0000] {http.py:148} INFO - Sending 'GET' to url: https://www.alphavantage.co/query?function=CURRENCY_EXCHANGE_RATE&from_currency=USD&to_currency=COP&apikey=EHCCX9LJ1T4XQV4E
[2022-11-15T01:24:38.404+0000] {base.py:213} INFO - Success criteria met. Exiting.
[2022-11-15T01:24:38.423+0000] {taskinstance.py:1406} INFO - Marking task as SUCCESS. dag_id=forex_data_pipeline, task_id=is_forex_rates_available, execution_date=20221113T000000, start_date=20221115T012434, end_date=20221115T012438
[2022-11-15T01:24:38.518+0000] {local_task_job.py:164} INFO - Task exited with return code 0
[2022-11-15T01:24:38.624+0000] {local_task_job.py:273} INFO - 1 downstream tasks scheduled from follow-on schedule check
