[2022-11-13T23:36:44.107+0000] {taskinstance.py:1165} INFO - Dependencies all met for <TaskInstance: forex_data_pipeline.downloading_rates scheduled__2022-11-12T00:00:00+00:00 [queued]>
[2022-11-13T23:36:44.118+0000] {taskinstance.py:1165} INFO - Dependencies all met for <TaskInstance: forex_data_pipeline.downloading_rates scheduled__2022-11-12T00:00:00+00:00 [queued]>
[2022-11-13T23:36:44.120+0000] {taskinstance.py:1362} INFO - 
--------------------------------------------------------------------------------
[2022-11-13T23:36:44.121+0000] {taskinstance.py:1363} INFO - Starting attempt 1 of 3
[2022-11-13T23:36:44.122+0000] {taskinstance.py:1364} INFO - 
--------------------------------------------------------------------------------
[2022-11-13T23:36:44.134+0000] {taskinstance.py:1383} INFO - Executing <Task(PythonOperator): downloading_rates> on 2022-11-12 00:00:00+00:00
[2022-11-13T23:36:44.139+0000] {standard_task_runner.py:54} INFO - Started process 76 to run task
[2022-11-13T23:36:44.141+0000] {standard_task_runner.py:82} INFO - Running: ['***', 'tasks', 'run', 'forex_data_pipeline', 'downloading_rates', 'scheduled__2022-11-12T00:00:00+00:00', '--job-id', '91', '--raw', '--subdir', 'DAGS_FOLDER/forex_data_pipeline.py', '--cfg-path', '/tmp/tmpt9tgasgi']
[2022-11-13T23:36:44.142+0000] {standard_task_runner.py:83} INFO - Job 91: Subtask downloading_rates
[2022-11-13T23:36:44.144+0000] {dagbag.py:525} INFO - Filling up the DagBag from /opt/***/dags/forex_data_pipeline.py
[2022-11-13T23:36:44.475+0000] {task_command.py:384} INFO - Running <TaskInstance: forex_data_pipeline.downloading_rates scheduled__2022-11-12T00:00:00+00:00 [running]> on host 9cbdb5013874
[2022-11-13T23:36:44.533+0000] {taskinstance.py:1592} INFO - Exporting the following env vars:
AIRFLOW_CTX_DAG_EMAIL=juanfelipehdezm@gmail.com
AIRFLOW_CTX_DAG_OWNER=felipehdez
AIRFLOW_CTX_DAG_ID=forex_data_pipeline
AIRFLOW_CTX_TASK_ID=downloading_rates
AIRFLOW_CTX_EXECUTION_DATE=2022-11-12T00:00:00+00:00
AIRFLOW_CTX_TRY_NUMBER=1
AIRFLOW_CTX_DAG_RUN_ID=scheduled__2022-11-12T00:00:00+00:00
[2022-11-13T23:36:45.721+0000] {python.py:177} INFO - Done. Returned value was: None
[2022-11-13T23:36:45.730+0000] {taskinstance.py:1406} INFO - Marking task as SUCCESS. dag_id=forex_data_pipeline, task_id=downloading_rates, execution_date=20221112T000000, start_date=20221113T233644, end_date=20221113T233645
[2022-11-13T23:36:45.762+0000] {local_task_job.py:164} INFO - Task exited with return code 0
[2022-11-13T23:36:45.843+0000] {local_task_job.py:273} INFO - 1 downstream tasks scheduled from follow-on schedule check
