[2022-12-12T22:27:38.502+0000] {taskinstance.py:1087} INFO - Dependencies all met for <TaskInstance: forex_data_pipeline.downloading_rates scheduled__2022-12-11T00:00:00+00:00 [queued]>
[2022-12-12T22:27:38.515+0000] {taskinstance.py:1087} INFO - Dependencies all met for <TaskInstance: forex_data_pipeline.downloading_rates scheduled__2022-12-11T00:00:00+00:00 [queued]>
[2022-12-12T22:27:38.516+0000] {taskinstance.py:1283} INFO - 
--------------------------------------------------------------------------------
[2022-12-12T22:27:38.517+0000] {taskinstance.py:1284} INFO - Starting attempt 1 of 3
[2022-12-12T22:27:38.518+0000] {taskinstance.py:1285} INFO - 
--------------------------------------------------------------------------------
[2022-12-12T22:27:38.531+0000] {taskinstance.py:1304} INFO - Executing <Task(PythonOperator): downloading_rates> on 2022-12-11 00:00:00+00:00
[2022-12-12T22:27:38.535+0000] {standard_task_runner.py:55} INFO - Started process 84 to run task
[2022-12-12T22:27:38.538+0000] {standard_task_runner.py:82} INFO - Running: ['***', 'tasks', 'run', 'forex_data_pipeline', 'downloading_rates', 'scheduled__2022-12-11T00:00:00+00:00', '--job-id', '387', '--raw', '--subdir', 'DAGS_FOLDER/forex_data_pipeline.py', '--cfg-path', '/tmp/tmp8km31eor']
[2022-12-12T22:27:38.540+0000] {standard_task_runner.py:83} INFO - Job 387: Subtask downloading_rates
[2022-12-12T22:27:38.600+0000] {task_command.py:389} INFO - Running <TaskInstance: forex_data_pipeline.downloading_rates scheduled__2022-12-11T00:00:00+00:00 [running]> on host b1ea40c19b9b
[2022-12-12T22:27:38.654+0000] {taskinstance.py:1513} INFO - Exporting the following env vars:
AIRFLOW_CTX_DAG_EMAIL=juanfelipehdezm@gmail.com
AIRFLOW_CTX_DAG_OWNER=felipehdez
AIRFLOW_CTX_DAG_ID=forex_data_pipeline
AIRFLOW_CTX_TASK_ID=downloading_rates
AIRFLOW_CTX_EXECUTION_DATE=2022-12-11T00:00:00+00:00
AIRFLOW_CTX_TRY_NUMBER=1
AIRFLOW_CTX_DAG_RUN_ID=scheduled__2022-12-11T00:00:00+00:00
[2022-12-12T22:27:39.481+0000] {python.py:177} INFO - Done. Returned value was: None
[2022-12-12T22:27:39.489+0000] {taskinstance.py:1327} INFO - Marking task as SUCCESS. dag_id=forex_data_pipeline, task_id=downloading_rates, execution_date=20221211T000000, start_date=20221212T222738, end_date=20221212T222739
[2022-12-12T22:27:39.514+0000] {local_task_job.py:159} INFO - Task exited with return code 0
[2022-12-12T22:27:39.539+0000] {taskinstance.py:2582} INFO - 1 downstream tasks scheduled from follow-on schedule check
