[2023-04-03T22:33:36.327+0000] {taskinstance.py:1087} INFO - Dependencies all met for <TaskInstance: forex_data_pipeline.downloading_rates scheduled__2023-04-02T00:00:00+00:00 [queued]>
[2023-04-03T22:33:36.347+0000] {taskinstance.py:1087} INFO - Dependencies all met for <TaskInstance: forex_data_pipeline.downloading_rates scheduled__2023-04-02T00:00:00+00:00 [queued]>
[2023-04-03T22:33:36.348+0000] {taskinstance.py:1283} INFO - 
--------------------------------------------------------------------------------
[2023-04-03T22:33:36.349+0000] {taskinstance.py:1284} INFO - Starting attempt 1 of 3
[2023-04-03T22:33:36.365+0000] {taskinstance.py:1285} INFO - 
--------------------------------------------------------------------------------
[2023-04-03T22:33:36.499+0000] {taskinstance.py:1304} INFO - Executing <Task(PythonOperator): downloading_rates> on 2023-04-02 00:00:00+00:00
[2023-04-03T22:33:36.606+0000] {standard_task_runner.py:55} INFO - Started process 104 to run task
[2023-04-03T22:33:36.610+0000] {standard_task_runner.py:82} INFO - Running: ['***', 'tasks', 'run', 'forex_data_pipeline', 'downloading_rates', 'scheduled__2023-04-02T00:00:00+00:00', '--job-id', '1022', '--raw', '--subdir', 'DAGS_FOLDER/forex_data_pipeline.py', '--cfg-path', '/tmp/tmpqhugf5lq']
[2023-04-03T22:33:36.682+0000] {standard_task_runner.py:83} INFO - Job 1022: Subtask downloading_rates
[2023-04-03T22:33:36.806+0000] {task_command.py:389} INFO - Running <TaskInstance: forex_data_pipeline.downloading_rates scheduled__2023-04-02T00:00:00+00:00 [running]> on host b21115e7dff0
[2023-04-03T22:33:36.879+0000] {taskinstance.py:1513} INFO - Exporting the following env vars:
AIRFLOW_CTX_DAG_EMAIL=juanfelipehdezm@gmail.com
AIRFLOW_CTX_DAG_OWNER=felipehdez
AIRFLOW_CTX_DAG_ID=forex_data_pipeline
AIRFLOW_CTX_TASK_ID=downloading_rates
AIRFLOW_CTX_EXECUTION_DATE=2023-04-02T00:00:00+00:00
AIRFLOW_CTX_TRY_NUMBER=1
AIRFLOW_CTX_DAG_RUN_ID=scheduled__2023-04-02T00:00:00+00:00
[2023-04-03T22:33:37.966+0000] {python.py:177} INFO - Done. Returned value was: None
[2023-04-03T22:33:37.979+0000] {taskinstance.py:1327} INFO - Marking task as SUCCESS. dag_id=forex_data_pipeline, task_id=downloading_rates, execution_date=20230402T000000, start_date=20230403T223336, end_date=20230403T223337
[2023-04-03T22:33:38.041+0000] {local_task_job.py:159} INFO - Task exited with return code 0
[2023-04-03T22:33:38.084+0000] {taskinstance.py:2582} INFO - 1 downstream tasks scheduled from follow-on schedule check
