[2023-02-24T22:37:32.556+0000] {taskinstance.py:1087} INFO - Dependencies all met for <TaskInstance: forex_data_pipeline.downloading_rates scheduled__2023-02-23T00:00:00+00:00 [queued]>
[2023-02-24T22:37:32.570+0000] {taskinstance.py:1087} INFO - Dependencies all met for <TaskInstance: forex_data_pipeline.downloading_rates scheduled__2023-02-23T00:00:00+00:00 [queued]>
[2023-02-24T22:37:32.571+0000] {taskinstance.py:1283} INFO - 
--------------------------------------------------------------------------------
[2023-02-24T22:37:32.572+0000] {taskinstance.py:1284} INFO - Starting attempt 1 of 3
[2023-02-24T22:37:32.573+0000] {taskinstance.py:1285} INFO - 
--------------------------------------------------------------------------------
[2023-02-24T22:37:32.589+0000] {taskinstance.py:1304} INFO - Executing <Task(PythonOperator): downloading_rates> on 2023-02-23 00:00:00+00:00
[2023-02-24T22:37:32.593+0000] {standard_task_runner.py:55} INFO - Started process 84 to run task
[2023-02-24T22:37:32.596+0000] {standard_task_runner.py:82} INFO - Running: ['***', 'tasks', 'run', 'forex_data_pipeline', 'downloading_rates', 'scheduled__2023-02-23T00:00:00+00:00', '--job-id', '783', '--raw', '--subdir', 'DAGS_FOLDER/forex_data_pipeline.py', '--cfg-path', '/tmp/tmph73i877f']
[2023-02-24T22:37:32.599+0000] {standard_task_runner.py:83} INFO - Job 783: Subtask downloading_rates
[2023-02-24T22:37:32.655+0000] {task_command.py:389} INFO - Running <TaskInstance: forex_data_pipeline.downloading_rates scheduled__2023-02-23T00:00:00+00:00 [running]> on host b21115e7dff0
[2023-02-24T22:37:32.755+0000] {taskinstance.py:1513} INFO - Exporting the following env vars:
AIRFLOW_CTX_DAG_EMAIL=juanfelipehdezm@gmail.com
AIRFLOW_CTX_DAG_OWNER=felipehdez
AIRFLOW_CTX_DAG_ID=forex_data_pipeline
AIRFLOW_CTX_TASK_ID=downloading_rates
AIRFLOW_CTX_EXECUTION_DATE=2023-02-23T00:00:00+00:00
AIRFLOW_CTX_TRY_NUMBER=1
AIRFLOW_CTX_DAG_RUN_ID=scheduled__2023-02-23T00:00:00+00:00
[2023-02-24T22:37:33.826+0000] {python.py:177} INFO - Done. Returned value was: None
[2023-02-24T22:37:33.834+0000] {taskinstance.py:1327} INFO - Marking task as SUCCESS. dag_id=forex_data_pipeline, task_id=downloading_rates, execution_date=20230223T000000, start_date=20230224T223732, end_date=20230224T223733
[2023-02-24T22:37:33.854+0000] {local_task_job.py:159} INFO - Task exited with return code 0
[2023-02-24T22:37:33.882+0000] {taskinstance.py:2582} INFO - 1 downstream tasks scheduled from follow-on schedule check
