[2022-11-28T18:03:41.025+0000] {taskinstance.py:1165} INFO - Dependencies all met for <TaskInstance: forex_data_pipeline.downloading_rates scheduled__2022-11-27T00:00:00+00:00 [queued]>
[2022-11-28T18:03:41.043+0000] {taskinstance.py:1165} INFO - Dependencies all met for <TaskInstance: forex_data_pipeline.downloading_rates scheduled__2022-11-27T00:00:00+00:00 [queued]>
[2022-11-28T18:03:41.044+0000] {taskinstance.py:1362} INFO - 
--------------------------------------------------------------------------------
[2022-11-28T18:03:41.045+0000] {taskinstance.py:1363} INFO - Starting attempt 1 of 3
[2022-11-28T18:03:41.046+0000] {taskinstance.py:1364} INFO - 
--------------------------------------------------------------------------------
[2022-11-28T18:03:41.063+0000] {taskinstance.py:1383} INFO - Executing <Task(PythonOperator): downloading_rates> on 2022-11-27 00:00:00+00:00
[2022-11-28T18:03:41.068+0000] {standard_task_runner.py:54} INFO - Started process 73 to run task
[2022-11-28T18:03:41.072+0000] {standard_task_runner.py:82} INFO - Running: ['***', 'tasks', 'run', 'forex_data_pipeline', 'downloading_rates', 'scheduled__2022-11-27T00:00:00+00:00', '--job-id', '313', '--raw', '--subdir', 'DAGS_FOLDER/forex_data_pipeline.py', '--cfg-path', '/tmp/tmp606upc4p']
[2022-11-28T18:03:41.074+0000] {standard_task_runner.py:83} INFO - Job 313: Subtask downloading_rates
[2022-11-28T18:03:41.075+0000] {dagbag.py:525} INFO - Filling up the DagBag from /opt/***/dags/forex_data_pipeline.py
[2022-11-28T18:03:41.482+0000] {task_command.py:384} INFO - Running <TaskInstance: forex_data_pipeline.downloading_rates scheduled__2022-11-27T00:00:00+00:00 [running]> on host 9cbdb5013874
[2022-11-28T18:03:41.550+0000] {taskinstance.py:1592} INFO - Exporting the following env vars:
AIRFLOW_CTX_DAG_EMAIL=juanfelipehdezm@gmail.com
AIRFLOW_CTX_DAG_OWNER=felipehdez
AIRFLOW_CTX_DAG_ID=forex_data_pipeline
AIRFLOW_CTX_TASK_ID=downloading_rates
AIRFLOW_CTX_EXECUTION_DATE=2022-11-27T00:00:00+00:00
AIRFLOW_CTX_TRY_NUMBER=1
AIRFLOW_CTX_DAG_RUN_ID=scheduled__2022-11-27T00:00:00+00:00
[2022-11-28T18:03:42.265+0000] {python.py:177} INFO - Done. Returned value was: None
[2022-11-28T18:03:42.275+0000] {taskinstance.py:1406} INFO - Marking task as SUCCESS. dag_id=forex_data_pipeline, task_id=downloading_rates, execution_date=20221127T000000, start_date=20221128T180341, end_date=20221128T180342
[2022-11-28T18:03:42.331+0000] {local_task_job.py:164} INFO - Task exited with return code 0
[2022-11-28T18:03:42.367+0000] {local_task_job.py:273} INFO - 1 downstream tasks scheduled from follow-on schedule check
