[2023-02-23T00:09:26.045+0000] {taskinstance.py:1087} INFO - Dependencies all met for <TaskInstance: forex_data_pipeline.process_json_file scheduled__2023-02-20T00:00:00+00:00 [queued]>
[2023-02-23T00:09:26.059+0000] {taskinstance.py:1087} INFO - Dependencies all met for <TaskInstance: forex_data_pipeline.process_json_file scheduled__2023-02-20T00:00:00+00:00 [queued]>
[2023-02-23T00:09:26.060+0000] {taskinstance.py:1283} INFO - 
--------------------------------------------------------------------------------
[2023-02-23T00:09:26.061+0000] {taskinstance.py:1284} INFO - Starting attempt 1 of 3
[2023-02-23T00:09:26.062+0000] {taskinstance.py:1285} INFO - 
--------------------------------------------------------------------------------
[2023-02-23T00:09:26.075+0000] {taskinstance.py:1304} INFO - Executing <Task(PythonOperator): process_json_file> on 2023-02-20 00:00:00+00:00
[2023-02-23T00:09:26.080+0000] {standard_task_runner.py:55} INFO - Started process 101 to run task
[2023-02-23T00:09:26.084+0000] {standard_task_runner.py:82} INFO - Running: ['***', 'tasks', 'run', 'forex_data_pipeline', 'process_json_file', 'scheduled__2023-02-20T00:00:00+00:00', '--job-id', '773', '--raw', '--subdir', 'DAGS_FOLDER/forex_data_pipeline.py', '--cfg-path', '/tmp/tmp72svonbc']
[2023-02-23T00:09:26.086+0000] {standard_task_runner.py:83} INFO - Job 773: Subtask process_json_file
[2023-02-23T00:09:26.151+0000] {task_command.py:389} INFO - Running <TaskInstance: forex_data_pipeline.process_json_file scheduled__2023-02-20T00:00:00+00:00 [running]> on host b21115e7dff0
[2023-02-23T00:09:26.216+0000] {taskinstance.py:1513} INFO - Exporting the following env vars:
AIRFLOW_CTX_DAG_EMAIL=juanfelipehdezm@gmail.com
AIRFLOW_CTX_DAG_OWNER=felipehdez
AIRFLOW_CTX_DAG_ID=forex_data_pipeline
AIRFLOW_CTX_TASK_ID=process_json_file
AIRFLOW_CTX_EXECUTION_DATE=2023-02-20T00:00:00+00:00
AIRFLOW_CTX_TRY_NUMBER=1
AIRFLOW_CTX_DAG_RUN_ID=scheduled__2023-02-20T00:00:00+00:00
[2023-02-23T00:09:26.249+0000] {python.py:177} INFO - Done. Returned value was: None
[2023-02-23T00:09:26.258+0000] {taskinstance.py:1327} INFO - Marking task as SUCCESS. dag_id=forex_data_pipeline, task_id=process_json_file, execution_date=20230220T000000, start_date=20230223T000926, end_date=20230223T000926
[2023-02-23T00:09:26.297+0000] {local_task_job.py:159} INFO - Task exited with return code 0
[2023-02-23T00:09:26.316+0000] {taskinstance.py:2582} INFO - 1 downstream tasks scheduled from follow-on schedule check
