[2022-11-16T15:36:39.386+0000] {taskinstance.py:1165} INFO - Dependencies all met for <TaskInstance: forex_data_pipeline.downloading_rates manual__2022-11-16T15:36:32.950738+00:00 [queued]>
[2022-11-16T15:36:39.400+0000] {taskinstance.py:1165} INFO - Dependencies all met for <TaskInstance: forex_data_pipeline.downloading_rates manual__2022-11-16T15:36:32.950738+00:00 [queued]>
[2022-11-16T15:36:39.401+0000] {taskinstance.py:1362} INFO - 
--------------------------------------------------------------------------------
[2022-11-16T15:36:39.401+0000] {taskinstance.py:1363} INFO - Starting attempt 1 of 3
[2022-11-16T15:36:39.402+0000] {taskinstance.py:1364} INFO - 
--------------------------------------------------------------------------------
[2022-11-16T15:36:39.417+0000] {taskinstance.py:1383} INFO - Executing <Task(PythonOperator): downloading_rates> on 2022-11-16 15:36:32.950738+00:00
[2022-11-16T15:36:39.421+0000] {standard_task_runner.py:54} INFO - Started process 296 to run task
[2022-11-16T15:36:39.424+0000] {standard_task_runner.py:82} INFO - Running: ['***', 'tasks', 'run', 'forex_data_pipeline', 'downloading_rates', 'manual__2022-11-16T15:36:32.950738+00:00', '--job-id', '188', '--raw', '--subdir', 'DAGS_FOLDER/forex_data_pipeline.py', '--cfg-path', '/tmp/tmpog0qmbhi']
[2022-11-16T15:36:39.425+0000] {standard_task_runner.py:83} INFO - Job 188: Subtask downloading_rates
[2022-11-16T15:36:39.427+0000] {dagbag.py:525} INFO - Filling up the DagBag from /opt/***/dags/forex_data_pipeline.py
[2022-11-16T15:36:39.822+0000] {task_command.py:384} INFO - Running <TaskInstance: forex_data_pipeline.downloading_rates manual__2022-11-16T15:36:32.950738+00:00 [running]> on host 9cbdb5013874
[2022-11-16T15:36:39.887+0000] {taskinstance.py:1592} INFO - Exporting the following env vars:
AIRFLOW_CTX_DAG_EMAIL=juanfelipehdezm@gmail.com
AIRFLOW_CTX_DAG_OWNER=felipehdez
AIRFLOW_CTX_DAG_ID=forex_data_pipeline
AIRFLOW_CTX_TASK_ID=downloading_rates
AIRFLOW_CTX_EXECUTION_DATE=2022-11-16T15:36:32.950738+00:00
AIRFLOW_CTX_TRY_NUMBER=1
AIRFLOW_CTX_DAG_RUN_ID=manual__2022-11-16T15:36:32.950738+00:00
[2022-11-16T15:36:40.669+0000] {python.py:177} INFO - Done. Returned value was: None
[2022-11-16T15:36:40.678+0000] {taskinstance.py:1406} INFO - Marking task as SUCCESS. dag_id=forex_data_pipeline, task_id=downloading_rates, execution_date=20221116T153632, start_date=20221116T153639, end_date=20221116T153640
[2022-11-16T15:36:40.723+0000] {local_task_job.py:164} INFO - Task exited with return code 0
[2022-11-16T15:36:40.750+0000] {local_task_job.py:273} INFO - 1 downstream tasks scheduled from follow-on schedule check
