[2022-12-13T19:13:10.164+0000] {taskinstance.py:1087} INFO - Dependencies all met for <TaskInstance: forex_data_pipeline.create_forexRates_database manual__2022-12-13T19:13:08.603520+00:00 [queued]>
[2022-12-13T19:13:10.177+0000] {taskinstance.py:1087} INFO - Dependencies all met for <TaskInstance: forex_data_pipeline.create_forexRates_database manual__2022-12-13T19:13:08.603520+00:00 [queued]>
[2022-12-13T19:13:10.178+0000] {taskinstance.py:1283} INFO - 
--------------------------------------------------------------------------------
[2022-12-13T19:13:10.178+0000] {taskinstance.py:1284} INFO - Starting attempt 1 of 3
[2022-12-13T19:13:10.179+0000] {taskinstance.py:1285} INFO - 
--------------------------------------------------------------------------------
[2022-12-13T19:13:10.193+0000] {taskinstance.py:1304} INFO - Executing <Task(PostgresOperator): create_forexRates_database> on 2022-12-13 19:13:08.603520+00:00
[2022-12-13T19:13:10.198+0000] {standard_task_runner.py:55} INFO - Started process 7009 to run task
[2022-12-13T19:13:10.202+0000] {standard_task_runner.py:82} INFO - Running: ['***', 'tasks', 'run', 'forex_data_pipeline', 'create_forexRates_database', 'manual__2022-12-13T19:13:08.603520+00:00', '--job-id', '402', '--raw', '--subdir', 'DAGS_FOLDER/forex_data_pipeline.py', '--cfg-path', '/tmp/tmp6c983oqe']
[2022-12-13T19:13:10.204+0000] {standard_task_runner.py:83} INFO - Job 402: Subtask create_forexRates_database
[2022-12-13T19:13:10.260+0000] {task_command.py:389} INFO - Running <TaskInstance: forex_data_pipeline.create_forexRates_database manual__2022-12-13T19:13:08.603520+00:00 [running]> on host aa00172a3355
[2022-12-13T19:13:10.324+0000] {taskinstance.py:1513} INFO - Exporting the following env vars:
AIRFLOW_CTX_DAG_EMAIL=juanfelipehdezm@gmail.com
AIRFLOW_CTX_DAG_OWNER=felipehdez
AIRFLOW_CTX_DAG_ID=forex_data_pipeline
AIRFLOW_CTX_TASK_ID=create_forexRates_database
AIRFLOW_CTX_EXECUTION_DATE=2022-12-13T19:13:08.603520+00:00
AIRFLOW_CTX_TRY_NUMBER=1
AIRFLOW_CTX_DAG_RUN_ID=manual__2022-12-13T19:13:08.603520+00:00
[2022-12-13T19:13:10.326+0000] {sql.py:253} INFO - Executing: 

            DROP TABLE IF EXISTS forex_ratings;

            CREATE TABLE IF NOT EXISTS forex_ratings (
                From_Currency_Code TEXT NOT NULL,
                From_Currency_Name TEXT NOT NULL,
                To_Currency_Code TEXT NOT NULL,
                To_Currency_Name TEXT NOT NULL,
                Exchange_Rate NUMERIC(6,2),
                Last_Refreshed TIMESTAMP NOT NULL,
                Time_Zone TEXT NOT NULL
            );
        
[2022-12-13T19:13:10.333+0000] {base.py:73} INFO - Using connection ID 'forex_db' for task execution.
[2022-12-13T19:13:10.526+0000] {base.py:73} INFO - Using connection ID 'forex_db' for task execution.
[2022-12-13T19:13:10.530+0000] {sql.py:364} INFO - Running statement: 

            DROP TABLE IF EXISTS forex_ratings;

            CREATE TABLE IF NOT EXISTS forex_ratings (
                From_Currency_Code TEXT NOT NULL,
                From_Currency_Name TEXT NOT NULL,
                To_Currency_Code TEXT NOT NULL,
                To_Currency_Name TEXT NOT NULL,
                Exchange_Rate NUMERIC(6,2),
                Last_Refreshed TIMESTAMP NOT NULL,
                Time_Zone TEXT NOT NULL
            );
        , parameters: None
[2022-12-13T19:13:10.559+0000] {taskinstance.py:1327} INFO - Marking task as SUCCESS. dag_id=forex_data_pipeline, task_id=create_forexRates_database, execution_date=20221213T191308, start_date=20221213T191310, end_date=20221213T191310
[2022-12-13T19:13:10.615+0000] {local_task_job.py:159} INFO - Task exited with return code 0
[2022-12-13T19:13:10.637+0000] {taskinstance.py:2582} INFO - 0 downstream tasks scheduled from follow-on schedule check
