[2022-12-14T23:41:03.790+0000] {taskinstance.py:1087} INFO - Dependencies all met for <TaskInstance: forex_data_pipeline.is_forex_rates_file_available scheduled__2022-12-13T00:00:00+00:00 [queued]>
[2022-12-14T23:41:03.801+0000] {taskinstance.py:1087} INFO - Dependencies all met for <TaskInstance: forex_data_pipeline.is_forex_rates_file_available scheduled__2022-12-13T00:00:00+00:00 [queued]>
[2022-12-14T23:41:03.802+0000] {taskinstance.py:1283} INFO - 
--------------------------------------------------------------------------------
[2022-12-14T23:41:03.803+0000] {taskinstance.py:1284} INFO - Starting attempt 1 of 3
[2022-12-14T23:41:03.803+0000] {taskinstance.py:1285} INFO - 
--------------------------------------------------------------------------------
[2022-12-14T23:41:03.815+0000] {taskinstance.py:1304} INFO - Executing <Task(FileSensor): is_forex_rates_file_available> on 2022-12-13 00:00:00+00:00
[2022-12-14T23:41:03.820+0000] {standard_task_runner.py:55} INFO - Started process 87 to run task
[2022-12-14T23:41:03.823+0000] {standard_task_runner.py:82} INFO - Running: ['***', 'tasks', 'run', 'forex_data_pipeline', 'is_forex_rates_file_available', 'scheduled__2022-12-13T00:00:00+00:00', '--job-id', '418', '--raw', '--subdir', 'DAGS_FOLDER/forex_data_pipeline.py', '--cfg-path', '/tmp/tmp461c9qga']
[2022-12-14T23:41:03.827+0000] {standard_task_runner.py:83} INFO - Job 418: Subtask is_forex_rates_file_available
[2022-12-14T23:41:03.888+0000] {task_command.py:389} INFO - Running <TaskInstance: forex_data_pipeline.is_forex_rates_file_available scheduled__2022-12-13T00:00:00+00:00 [running]> on host b21115e7dff0
[2022-12-14T23:41:03.946+0000] {taskinstance.py:1513} INFO - Exporting the following env vars:
AIRFLOW_CTX_DAG_EMAIL=juanfelipehdezm@gmail.com
AIRFLOW_CTX_DAG_OWNER=felipehdez
AIRFLOW_CTX_DAG_ID=forex_data_pipeline
AIRFLOW_CTX_TASK_ID=is_forex_rates_file_available
AIRFLOW_CTX_EXECUTION_DATE=2022-12-13T00:00:00+00:00
AIRFLOW_CTX_TRY_NUMBER=1
AIRFLOW_CTX_DAG_RUN_ID=scheduled__2022-12-13T00:00:00+00:00
[2022-12-14T23:41:03.954+0000] {base.py:73} INFO - Using connection ID 'forex_path' for task execution.
[2022-12-14T23:41:03.956+0000] {filesystem.py:64} INFO - Poking for file /opt/***/dags/files/rates.json
[2022-12-14T23:41:03.991+0000] {filesystem.py:69} INFO - Found File /opt/***/dags/files/rates.json last modified: 20221214234102
[2022-12-14T23:41:03.992+0000] {base.py:228} INFO - Success criteria met. Exiting.
[2022-12-14T23:41:04.006+0000] {taskinstance.py:1327} INFO - Marking task as SUCCESS. dag_id=forex_data_pipeline, task_id=is_forex_rates_file_available, execution_date=20221213T000000, start_date=20221214T234103, end_date=20221214T234104
[2022-12-14T23:41:04.036+0000] {local_task_job.py:159} INFO - Task exited with return code 0
[2022-12-14T23:41:04.066+0000] {taskinstance.py:2582} INFO - 1 downstream tasks scheduled from follow-on schedule check
