[2023-03-08T22:17:02.510+0000] {processor.py:153} INFO - Started process (PID=66) to work on /opt/airflow/dags/forex_data_pipeline.py
[2023-03-08T22:17:02.515+0000] {processor.py:743} INFO - Processing file /opt/airflow/dags/forex_data_pipeline.py for tasks to queue
[2023-03-08T22:17:02.517+0000] {logging_mixin.py:137} INFO - [2023-03-08T22:17:02.517+0000] {dagbag.py:538} INFO - Filling up the DagBag from /opt/airflow/dags/forex_data_pipeline.py
[2023-03-08T22:17:03.455+0000] {processor.py:753} INFO - DAG(s) dict_keys(['forex_data_pipeline']) retrieved from /opt/airflow/dags/forex_data_pipeline.py
[2023-03-08T22:17:03.495+0000] {logging_mixin.py:137} INFO - [2023-03-08T22:17:03.494+0000] {dag.py:2676} INFO - Sync 1 DAGs
[2023-03-08T22:17:03.538+0000] {logging_mixin.py:137} INFO - [2023-03-08T22:17:03.538+0000] {dag.py:3427} INFO - Setting next_dagrun for forex_data_pipeline to 2023-03-08T00:00:00+00:00, run_after=2023-03-09T00:00:00+00:00
[2023-03-08T22:17:03.570+0000] {processor.py:175} INFO - Processing /opt/airflow/dags/forex_data_pipeline.py took 1.066 seconds
[2023-03-08T22:17:34.038+0000] {processor.py:153} INFO - Started process (PID=112) to work on /opt/airflow/dags/forex_data_pipeline.py
[2023-03-08T22:17:34.041+0000] {processor.py:743} INFO - Processing file /opt/airflow/dags/forex_data_pipeline.py for tasks to queue
[2023-03-08T22:17:34.042+0000] {logging_mixin.py:137} INFO - [2023-03-08T22:17:34.042+0000] {dagbag.py:538} INFO - Filling up the DagBag from /opt/airflow/dags/forex_data_pipeline.py
[2023-03-08T22:17:34.463+0000] {processor.py:753} INFO - DAG(s) dict_keys(['forex_data_pipeline']) retrieved from /opt/airflow/dags/forex_data_pipeline.py
[2023-03-08T22:17:34.492+0000] {logging_mixin.py:137} INFO - [2023-03-08T22:17:34.492+0000] {dag.py:2676} INFO - Sync 1 DAGs
[2023-03-08T22:17:34.525+0000] {logging_mixin.py:137} INFO - [2023-03-08T22:17:34.525+0000] {dag.py:3427} INFO - Setting next_dagrun for forex_data_pipeline to 2023-03-08T00:00:00+00:00, run_after=2023-03-09T00:00:00+00:00
[2023-03-08T22:17:34.555+0000] {processor.py:175} INFO - Processing /opt/airflow/dags/forex_data_pipeline.py took 0.519 seconds
[2023-03-08T22:18:04.663+0000] {processor.py:153} INFO - Started process (PID=156) to work on /opt/airflow/dags/forex_data_pipeline.py
[2023-03-08T22:18:04.665+0000] {processor.py:743} INFO - Processing file /opt/airflow/dags/forex_data_pipeline.py for tasks to queue
[2023-03-08T22:18:04.666+0000] {logging_mixin.py:137} INFO - [2023-03-08T22:18:04.666+0000] {dagbag.py:538} INFO - Filling up the DagBag from /opt/airflow/dags/forex_data_pipeline.py
[2023-03-08T22:18:04.946+0000] {processor.py:753} INFO - DAG(s) dict_keys(['forex_data_pipeline']) retrieved from /opt/airflow/dags/forex_data_pipeline.py
[2023-03-08T22:18:04.969+0000] {logging_mixin.py:137} INFO - [2023-03-08T22:18:04.969+0000] {dag.py:2676} INFO - Sync 1 DAGs
[2023-03-08T22:18:04.994+0000] {logging_mixin.py:137} INFO - [2023-03-08T22:18:04.994+0000] {dag.py:3427} INFO - Setting next_dagrun for forex_data_pipeline to 2023-03-08T00:00:00+00:00, run_after=2023-03-09T00:00:00+00:00
[2023-03-08T22:18:05.018+0000] {processor.py:175} INFO - Processing /opt/airflow/dags/forex_data_pipeline.py took 0.358 seconds
