[2023-03-11T15:41:38.406+0000] {taskinstance.py:1087} INFO - Dependencies all met for <TaskInstance: forex_data_pipeline.is_forex_rates_file_available scheduled__2023-03-10T00:00:00+00:00 [queued]>
[2023-03-11T15:41:38.417+0000] {taskinstance.py:1087} INFO - Dependencies all met for <TaskInstance: forex_data_pipeline.is_forex_rates_file_available scheduled__2023-03-10T00:00:00+00:00 [queued]>
[2023-03-11T15:41:38.418+0000] {taskinstance.py:1283} INFO - 
--------------------------------------------------------------------------------
[2023-03-11T15:41:38.419+0000] {taskinstance.py:1284} INFO - Starting attempt 1 of 3
[2023-03-11T15:41:38.420+0000] {taskinstance.py:1285} INFO - 
--------------------------------------------------------------------------------
[2023-03-11T15:41:38.432+0000] {taskinstance.py:1304} INFO - Executing <Task(FileSensor): is_forex_rates_file_available> on 2023-03-10 00:00:00+00:00
[2023-03-11T15:41:38.437+0000] {standard_task_runner.py:55} INFO - Started process 87 to run task
[2023-03-11T15:41:38.441+0000] {standard_task_runner.py:82} INFO - Running: ['***', 'tasks', 'run', 'forex_data_pipeline', 'is_forex_rates_file_available', 'scheduled__2023-03-10T00:00:00+00:00', '--job-id', '883', '--raw', '--subdir', 'DAGS_FOLDER/forex_data_pipeline.py', '--cfg-path', '/tmp/tmp2ui2nkfz']
[2023-03-11T15:41:38.442+0000] {standard_task_runner.py:83} INFO - Job 883: Subtask is_forex_rates_file_available
[2023-03-11T15:41:38.500+0000] {task_command.py:389} INFO - Running <TaskInstance: forex_data_pipeline.is_forex_rates_file_available scheduled__2023-03-10T00:00:00+00:00 [running]> on host b21115e7dff0
[2023-03-11T15:41:38.559+0000] {taskinstance.py:1513} INFO - Exporting the following env vars:
AIRFLOW_CTX_DAG_EMAIL=juanfelipehdezm@gmail.com
AIRFLOW_CTX_DAG_OWNER=felipehdez
AIRFLOW_CTX_DAG_ID=forex_data_pipeline
AIRFLOW_CTX_TASK_ID=is_forex_rates_file_available
AIRFLOW_CTX_EXECUTION_DATE=2023-03-10T00:00:00+00:00
AIRFLOW_CTX_TRY_NUMBER=1
AIRFLOW_CTX_DAG_RUN_ID=scheduled__2023-03-10T00:00:00+00:00
[2023-03-11T15:41:38.567+0000] {base.py:73} INFO - Using connection ID 'forex_path' for task execution.
[2023-03-11T15:41:38.568+0000] {filesystem.py:64} INFO - Poking for file /opt/***/dags/files/rates.json
[2023-03-11T15:41:38.579+0000] {filesystem.py:69} INFO - Found File /opt/***/dags/files/rates.json last modified: 20230311154137
[2023-03-11T15:41:38.580+0000] {base.py:228} INFO - Success criteria met. Exiting.
[2023-03-11T15:41:38.588+0000] {taskinstance.py:1327} INFO - Marking task as SUCCESS. dag_id=forex_data_pipeline, task_id=is_forex_rates_file_available, execution_date=20230310T000000, start_date=20230311T154138, end_date=20230311T154138
[2023-03-11T15:41:38.614+0000] {local_task_job.py:159} INFO - Task exited with return code 0
[2023-03-11T15:41:38.641+0000] {taskinstance.py:2582} INFO - 1 downstream tasks scheduled from follow-on schedule check
