[2022-11-24T00:40:33.157+0000] {taskinstance.py:1165} INFO - Dependencies all met for <TaskInstance: forex_data_pipeline.store_ratings scheduled__2022-11-23T00:00:00+00:00 [queued]>
[2022-11-24T00:40:33.166+0000] {taskinstance.py:1165} INFO - Dependencies all met for <TaskInstance: forex_data_pipeline.store_ratings scheduled__2022-11-23T00:00:00+00:00 [queued]>
[2022-11-24T00:40:33.167+0000] {taskinstance.py:1362} INFO - 
--------------------------------------------------------------------------------
[2022-11-24T00:40:33.167+0000] {taskinstance.py:1363} INFO - Starting attempt 1 of 3
[2022-11-24T00:40:33.168+0000] {taskinstance.py:1364} INFO - 
--------------------------------------------------------------------------------
[2022-11-24T00:40:33.181+0000] {taskinstance.py:1383} INFO - Executing <Task(PythonOperator): store_ratings> on 2022-11-23 00:00:00+00:00
[2022-11-24T00:40:33.187+0000] {standard_task_runner.py:54} INFO - Started process 102 to run task
[2022-11-24T00:40:33.190+0000] {standard_task_runner.py:82} INFO - Running: ['***', 'tasks', 'run', 'forex_data_pipeline', 'store_ratings', 'scheduled__2022-11-23T00:00:00+00:00', '--job-id', '278', '--raw', '--subdir', 'DAGS_FOLDER/forex_data_pipeline.py', '--cfg-path', '/tmp/tmpx5vkht4f']
[2022-11-24T00:40:33.191+0000] {standard_task_runner.py:83} INFO - Job 278: Subtask store_ratings
[2022-11-24T00:40:33.192+0000] {dagbag.py:525} INFO - Filling up the DagBag from /opt/***/dags/forex_data_pipeline.py
[2022-11-24T00:40:33.576+0000] {task_command.py:384} INFO - Running <TaskInstance: forex_data_pipeline.store_ratings scheduled__2022-11-23T00:00:00+00:00 [running]> on host 9cbdb5013874
[2022-11-24T00:40:33.640+0000] {taskinstance.py:1592} INFO - Exporting the following env vars:
AIRFLOW_CTX_DAG_EMAIL=juanfelipehdezm@gmail.com
AIRFLOW_CTX_DAG_OWNER=felipehdez
AIRFLOW_CTX_DAG_ID=forex_data_pipeline
AIRFLOW_CTX_TASK_ID=store_ratings
AIRFLOW_CTX_EXECUTION_DATE=2022-11-23T00:00:00+00:00
AIRFLOW_CTX_TRY_NUMBER=1
AIRFLOW_CTX_DAG_RUN_ID=scheduled__2022-11-23T00:00:00+00:00
[2022-11-24T00:40:33.641+0000] {postgres.py:129} INFO - Running copy expert: COPY forex_ratings FROM stdin WITH DELIMITER AS ',', filename: /opt/***/dags/files/rates.csv
[2022-11-24T00:40:33.660+0000] {base.py:71} INFO - Using connection ID 'forex_db' for task execution.
[2022-11-24T00:40:33.681+0000] {python.py:177} INFO - Done. Returned value was: None
[2022-11-24T00:40:33.690+0000] {taskinstance.py:1406} INFO - Marking task as SUCCESS. dag_id=forex_data_pipeline, task_id=store_ratings, execution_date=20221123T000000, start_date=20221124T004033, end_date=20221124T004033
[2022-11-24T00:40:33.724+0000] {local_task_job.py:164} INFO - Task exited with return code 0
[2022-11-24T00:40:33.740+0000] {local_task_job.py:273} INFO - 0 downstream tasks scheduled from follow-on schedule check
