[2023-04-02T19:14:53.912+0000] {taskinstance.py:1087} INFO - Dependencies all met for <TaskInstance: forex_data_pipeline.downloading_rates scheduled__2023-04-01T00:00:00+00:00 [queued]>
[2023-04-02T19:14:53.927+0000] {taskinstance.py:1087} INFO - Dependencies all met for <TaskInstance: forex_data_pipeline.downloading_rates scheduled__2023-04-01T00:00:00+00:00 [queued]>
[2023-04-02T19:14:53.928+0000] {taskinstance.py:1283} INFO - 
--------------------------------------------------------------------------------
[2023-04-02T19:14:53.929+0000] {taskinstance.py:1284} INFO - Starting attempt 1 of 3
[2023-04-02T19:14:53.930+0000] {taskinstance.py:1285} INFO - 
--------------------------------------------------------------------------------
[2023-04-02T19:14:53.942+0000] {taskinstance.py:1304} INFO - Executing <Task(PythonOperator): downloading_rates> on 2023-04-01 00:00:00+00:00
[2023-04-02T19:14:53.948+0000] {standard_task_runner.py:55} INFO - Started process 84 to run task
[2023-04-02T19:14:53.951+0000] {standard_task_runner.py:82} INFO - Running: ['***', 'tasks', 'run', 'forex_data_pipeline', 'downloading_rates', 'scheduled__2023-04-01T00:00:00+00:00', '--job-id', '1014', '--raw', '--subdir', 'DAGS_FOLDER/forex_data_pipeline.py', '--cfg-path', '/tmp/tmplhob99y_']
[2023-04-02T19:14:53.953+0000] {standard_task_runner.py:83} INFO - Job 1014: Subtask downloading_rates
[2023-04-02T19:14:54.014+0000] {task_command.py:389} INFO - Running <TaskInstance: forex_data_pipeline.downloading_rates scheduled__2023-04-01T00:00:00+00:00 [running]> on host b21115e7dff0
[2023-04-02T19:14:54.076+0000] {taskinstance.py:1513} INFO - Exporting the following env vars:
AIRFLOW_CTX_DAG_EMAIL=juanfelipehdezm@gmail.com
AIRFLOW_CTX_DAG_OWNER=felipehdez
AIRFLOW_CTX_DAG_ID=forex_data_pipeline
AIRFLOW_CTX_TASK_ID=downloading_rates
AIRFLOW_CTX_EXECUTION_DATE=2023-04-01T00:00:00+00:00
AIRFLOW_CTX_TRY_NUMBER=1
AIRFLOW_CTX_DAG_RUN_ID=scheduled__2023-04-01T00:00:00+00:00
[2023-04-02T19:14:54.754+0000] {python.py:177} INFO - Done. Returned value was: None
[2023-04-02T19:14:54.762+0000] {taskinstance.py:1327} INFO - Marking task as SUCCESS. dag_id=forex_data_pipeline, task_id=downloading_rates, execution_date=20230401T000000, start_date=20230402T191453, end_date=20230402T191454
[2023-04-02T19:14:54.808+0000] {local_task_job.py:159} INFO - Task exited with return code 0
[2023-04-02T19:14:54.831+0000] {taskinstance.py:2582} INFO - 1 downstream tasks scheduled from follow-on schedule check
