[2022-11-11T19:25:19.430+0000] {processor.py:156} INFO - Started process (PID=50) to work on /opt/airflow/dags/forex_data_pipeline.py
[2022-11-11T19:25:19.434+0000] {processor.py:758} INFO - Processing file /opt/airflow/dags/forex_data_pipeline.py for tasks to queue
[2022-11-11T19:25:19.436+0000] {logging_mixin.py:117} INFO - [2022-11-11T19:25:19.435+0000] {dagbag.py:525} INFO - Filling up the DagBag from /opt/airflow/dags/forex_data_pipeline.py
[2022-11-11T19:25:20.107+0000] {processor.py:768} INFO - DAG(s) dict_keys(['forex_data_pipeline']) retrieved from /opt/airflow/dags/forex_data_pipeline.py
[2022-11-11T19:25:20.545+0000] {logging_mixin.py:117} INFO - [2022-11-11T19:25:20.545+0000] {dag.py:2573} INFO - Sync 1 DAGs
[2022-11-11T19:25:20.595+0000] {logging_mixin.py:117} INFO - [2022-11-11T19:25:20.595+0000] {dag.py:3328} INFO - Setting next_dagrun for forex_data_pipeline to 2022-11-10T00:00:00+00:00, run_after=2022-11-11T00:00:00+00:00
[2022-11-11T19:25:20.653+0000] {processor.py:178} INFO - Processing /opt/airflow/dags/forex_data_pipeline.py took 1.227 seconds
[2022-11-11T19:25:21.476+0000] {processor.py:156} INFO - Started process (PID=51) to work on /opt/airflow/dags/forex_data_pipeline.py
[2022-11-11T19:25:21.484+0000] {processor.py:758} INFO - Processing file /opt/airflow/dags/forex_data_pipeline.py for tasks to queue
[2022-11-11T19:25:21.486+0000] {logging_mixin.py:117} INFO - [2022-11-11T19:25:21.486+0000] {dagbag.py:525} INFO - Filling up the DagBag from /opt/airflow/dags/forex_data_pipeline.py
[2022-11-11T19:25:21.594+0000] {logging_mixin.py:117} INFO - [2022-11-11T19:25:21.592+0000] {dagbag.py:330} ERROR - Failed to import: /opt/airflow/dags/forex_data_pipeline.py
Traceback (most recent call last):
  File "/home/airflow/.local/lib/python3.7/site-packages/airflow/models/dagbag.py", line 326, in parse
    loader.exec_module(new_module)
  File "<frozen importlib._bootstrap_external>", line 724, in exec_module
  File "<frozen importlib._bootstrap_external>", line 860, in get_code
  File "<frozen importlib._bootstrap_external>", line 791, in source_to_code
  File "<frozen importlib._bootstrap>", line 219, in _call_with_frames_removed
  File "/opt/airflow/dags/forex_data_pipeline.py", line 45
    with DAG("forex_data_pipeline", start_date=dt.datetime(2022, 11, 7),
       ^
IndentationError: expected an indented block
[2022-11-11T19:25:21.596+0000] {processor.py:770} WARNING - No viable dags retrieved from /opt/airflow/dags/forex_data_pipeline.py
[2022-11-11T19:25:21.772+0000] {processor.py:178} INFO - Processing /opt/airflow/dags/forex_data_pipeline.py took 0.302 seconds
[2022-11-11T19:25:29.284+0000] {processor.py:156} INFO - Started process (PID=56) to work on /opt/airflow/dags/forex_data_pipeline.py
[2022-11-11T19:25:29.288+0000] {processor.py:758} INFO - Processing file /opt/airflow/dags/forex_data_pipeline.py for tasks to queue
[2022-11-11T19:25:29.289+0000] {logging_mixin.py:117} INFO - [2022-11-11T19:25:29.289+0000] {dagbag.py:525} INFO - Filling up the DagBag from /opt/airflow/dags/forex_data_pipeline.py
[2022-11-11T19:25:29.348+0000] {logging_mixin.py:117} INFO - [2022-11-11T19:25:29.347+0000] {dagbag.py:330} ERROR - Failed to import: /opt/airflow/dags/forex_data_pipeline.py
Traceback (most recent call last):
  File "/home/airflow/.local/lib/python3.7/site-packages/airflow/models/dagbag.py", line 326, in parse
    loader.exec_module(new_module)
  File "<frozen importlib._bootstrap_external>", line 724, in exec_module
  File "<frozen importlib._bootstrap_external>", line 860, in get_code
  File "<frozen importlib._bootstrap_external>", line 791, in source_to_code
  File "<frozen importlib._bootstrap>", line 219, in _call_with_frames_removed
  File "/opt/airflow/dags/forex_data_pipeline.py", line 45
    with DAG("forex_data_pipeline", start_date=dt.datetime(2022, 11, 7),
       ^
IndentationError: expected an indented block
[2022-11-11T19:25:29.349+0000] {processor.py:770} WARNING - No viable dags retrieved from /opt/airflow/dags/forex_data_pipeline.py
[2022-11-11T19:25:29.638+0000] {logging_mixin.py:117} WARNING - /home/airflow/.local/lib/python3.7/site-packages/airflow/utils/email.py:120 RemovedInAirflow3Warning: Fetching SMTP credentials from configuration variables will be deprecated in a future release. Please set credentials using a connection instead.
[2022-11-11T19:25:29.639+0000] {logging_mixin.py:117} INFO - [2022-11-11T19:25:29.639+0000] {configuration.py:569} WARNING - section/key [smtp/smtp_user] not found in config
[2022-11-11T19:25:29.641+0000] {logging_mixin.py:117} INFO - [2022-11-11T19:25:29.641+0000] {email.py:229} INFO - Email alerting: attempt 1
[2022-11-11T19:25:29.646+0000] {logging_mixin.py:117} INFO - [2022-11-11T19:25:29.646+0000] {configuration.py:569} WARNING - section/key [smtp/smtp_user] not found in config
[2022-11-11T19:25:29.648+0000] {logging_mixin.py:117} INFO - [2022-11-11T19:25:29.648+0000] {email.py:229} INFO - Email alerting: attempt 1
[2022-11-11T19:25:29.660+0000] {processor.py:727} INFO - Executed failure callback for <TaskInstance: forex_data_pipeline.create_forexRates_database scheduled__2022-11-10T00:00:00+00:00 [up_for_retry]> in state up_for_retry
[2022-11-11T19:25:29.678+0000] {processor.py:178} INFO - Processing /opt/airflow/dags/forex_data_pipeline.py took 0.397 seconds
[2022-11-11T19:25:39.356+0000] {processor.py:156} INFO - Started process (PID=67) to work on /opt/airflow/dags/forex_data_pipeline.py
[2022-11-11T19:25:39.360+0000] {processor.py:758} INFO - Processing file /opt/airflow/dags/forex_data_pipeline.py for tasks to queue
[2022-11-11T19:25:39.361+0000] {logging_mixin.py:117} INFO - [2022-11-11T19:25:39.361+0000] {dagbag.py:525} INFO - Filling up the DagBag from /opt/airflow/dags/forex_data_pipeline.py
[2022-11-11T19:25:39.449+0000] {logging_mixin.py:117} INFO - [2022-11-11T19:25:39.448+0000] {dagbag.py:330} ERROR - Failed to import: /opt/airflow/dags/forex_data_pipeline.py
Traceback (most recent call last):
  File "/home/airflow/.local/lib/python3.7/site-packages/airflow/models/dagbag.py", line 326, in parse
    loader.exec_module(new_module)
  File "<frozen importlib._bootstrap_external>", line 724, in exec_module
  File "<frozen importlib._bootstrap_external>", line 860, in get_code
  File "<frozen importlib._bootstrap_external>", line 791, in source_to_code
  File "<frozen importlib._bootstrap>", line 219, in _call_with_frames_removed
  File "/opt/airflow/dags/forex_data_pipeline.py", line 45
    with DAG("forex_data_pipeline", start_date=dt.datetime(2022, 11, 7),
       ^
IndentationError: expected an indented block
[2022-11-11T19:25:39.450+0000] {processor.py:770} WARNING - No viable dags retrieved from /opt/airflow/dags/forex_data_pipeline.py
[2022-11-11T19:25:39.689+0000] {logging_mixin.py:117} WARNING - /home/airflow/.local/lib/python3.7/site-packages/airflow/utils/email.py:120 RemovedInAirflow3Warning: Fetching SMTP credentials from configuration variables will be deprecated in a future release. Please set credentials using a connection instead.
[2022-11-11T19:25:39.691+0000] {logging_mixin.py:117} INFO - [2022-11-11T19:25:39.691+0000] {configuration.py:569} WARNING - section/key [smtp/smtp_user] not found in config
[2022-11-11T19:25:39.693+0000] {logging_mixin.py:117} INFO - [2022-11-11T19:25:39.692+0000] {email.py:229} INFO - Email alerting: attempt 1
[2022-11-11T19:25:39.699+0000] {logging_mixin.py:117} INFO - [2022-11-11T19:25:39.699+0000] {configuration.py:569} WARNING - section/key [smtp/smtp_user] not found in config
[2022-11-11T19:25:39.700+0000] {logging_mixin.py:117} INFO - [2022-11-11T19:25:39.700+0000] {email.py:229} INFO - Email alerting: attempt 1
[2022-11-11T19:25:39.726+0000] {processor.py:727} INFO - Executed failure callback for <TaskInstance: forex_data_pipeline.is_forex_rates_available scheduled__2022-11-10T00:00:00+00:00 [up_for_retry]> in state up_for_retry
[2022-11-11T19:25:39.758+0000] {logging_mixin.py:117} WARNING - /home/airflow/.local/lib/python3.7/site-packages/airflow/utils/email.py:120 RemovedInAirflow3Warning: Fetching SMTP credentials from configuration variables will be deprecated in a future release. Please set credentials using a connection instead.
[2022-11-11T19:25:39.759+0000] {logging_mixin.py:117} INFO - [2022-11-11T19:25:39.759+0000] {configuration.py:569} WARNING - section/key [smtp/smtp_user] not found in config
[2022-11-11T19:25:39.760+0000] {logging_mixin.py:117} INFO - [2022-11-11T19:25:39.760+0000] {email.py:229} INFO - Email alerting: attempt 1
[2022-11-11T19:25:39.763+0000] {logging_mixin.py:117} INFO - [2022-11-11T19:25:39.763+0000] {configuration.py:569} WARNING - section/key [smtp/smtp_user] not found in config
[2022-11-11T19:25:39.764+0000] {logging_mixin.py:117} INFO - [2022-11-11T19:25:39.764+0000] {email.py:229} INFO - Email alerting: attempt 1
[2022-11-11T19:25:39.769+0000] {processor.py:727} INFO - Executed failure callback for <TaskInstance: forex_data_pipeline.is_forex_rates_available scheduled__2022-11-10T00:00:00+00:00 [up_for_retry]> in state up_for_retry
[2022-11-11T19:25:39.772+0000] {processor.py:178} INFO - Processing /opt/airflow/dags/forex_data_pipeline.py took 0.420 seconds
[2022-11-11T19:25:51.408+0000] {processor.py:156} INFO - Started process (PID=77) to work on /opt/airflow/dags/forex_data_pipeline.py
[2022-11-11T19:25:51.411+0000] {processor.py:758} INFO - Processing file /opt/airflow/dags/forex_data_pipeline.py for tasks to queue
[2022-11-11T19:25:51.412+0000] {logging_mixin.py:117} INFO - [2022-11-11T19:25:51.412+0000] {dagbag.py:525} INFO - Filling up the DagBag from /opt/airflow/dags/forex_data_pipeline.py
[2022-11-11T19:25:51.543+0000] {logging_mixin.py:117} INFO - [2022-11-11T19:25:51.543+0000] {dagbag.py:330} ERROR - Failed to import: /opt/airflow/dags/forex_data_pipeline.py
Traceback (most recent call last):
  File "/home/airflow/.local/lib/python3.7/site-packages/airflow/models/dagbag.py", line 326, in parse
    loader.exec_module(new_module)
  File "<frozen importlib._bootstrap_external>", line 724, in exec_module
  File "<frozen importlib._bootstrap_external>", line 860, in get_code
  File "<frozen importlib._bootstrap_external>", line 791, in source_to_code
  File "<frozen importlib._bootstrap>", line 219, in _call_with_frames_removed
  File "/opt/airflow/dags/forex_data_pipeline.py", line 39
    data = json.load(file)
       ^
IndentationError: expected an indented block
[2022-11-11T19:25:51.545+0000] {processor.py:770} WARNING - No viable dags retrieved from /opt/airflow/dags/forex_data_pipeline.py
[2022-11-11T19:25:51.579+0000] {processor.py:178} INFO - Processing /opt/airflow/dags/forex_data_pipeline.py took 0.173 seconds
[2022-11-11T19:26:03.224+0000] {processor.py:156} INFO - Started process (PID=87) to work on /opt/airflow/dags/forex_data_pipeline.py
[2022-11-11T19:26:03.228+0000] {processor.py:758} INFO - Processing file /opt/airflow/dags/forex_data_pipeline.py for tasks to queue
[2022-11-11T19:26:03.229+0000] {logging_mixin.py:117} INFO - [2022-11-11T19:26:03.229+0000] {dagbag.py:525} INFO - Filling up the DagBag from /opt/airflow/dags/forex_data_pipeline.py
[2022-11-11T19:26:04.369+0000] {processor.py:768} INFO - DAG(s) dict_keys(['forex_data_pipeline']) retrieved from /opt/airflow/dags/forex_data_pipeline.py
[2022-11-11T19:26:04.638+0000] {logging_mixin.py:117} INFO - [2022-11-11T19:26:04.637+0000] {dag.py:2573} INFO - Sync 1 DAGs
[2022-11-11T19:26:04.672+0000] {logging_mixin.py:117} INFO - [2022-11-11T19:26:04.672+0000] {dag.py:3328} INFO - Setting next_dagrun for forex_data_pipeline to 2022-11-11T00:00:00+00:00, run_after=2022-11-12T00:00:00+00:00
[2022-11-11T19:26:04.735+0000] {processor.py:178} INFO - Processing /opt/airflow/dags/forex_data_pipeline.py took 1.514 seconds
[2022-11-11T19:26:14.280+0000] {processor.py:156} INFO - Started process (PID=98) to work on /opt/airflow/dags/forex_data_pipeline.py
[2022-11-11T19:26:14.284+0000] {processor.py:758} INFO - Processing file /opt/airflow/dags/forex_data_pipeline.py for tasks to queue
[2022-11-11T19:26:14.287+0000] {logging_mixin.py:117} INFO - [2022-11-11T19:26:14.287+0000] {dagbag.py:525} INFO - Filling up the DagBag from /opt/airflow/dags/forex_data_pipeline.py
[2022-11-11T19:26:14.825+0000] {processor.py:768} INFO - DAG(s) dict_keys(['forex_data_pipeline']) retrieved from /opt/airflow/dags/forex_data_pipeline.py
[2022-11-11T19:26:15.048+0000] {logging_mixin.py:117} INFO - [2022-11-11T19:26:15.047+0000] {dag.py:2573} INFO - Sync 1 DAGs
[2022-11-11T19:26:15.109+0000] {logging_mixin.py:117} INFO - [2022-11-11T19:26:15.109+0000] {dag.py:3328} INFO - Setting next_dagrun for forex_data_pipeline to 2022-11-11T00:00:00+00:00, run_after=2022-11-12T00:00:00+00:00
[2022-11-11T19:26:15.161+0000] {processor.py:178} INFO - Processing /opt/airflow/dags/forex_data_pipeline.py took 0.886 seconds
[2022-11-11T19:26:34.880+0000] {processor.py:156} INFO - Started process (PID=118) to work on /opt/airflow/dags/forex_data_pipeline.py
[2022-11-11T19:26:34.884+0000] {processor.py:758} INFO - Processing file /opt/airflow/dags/forex_data_pipeline.py for tasks to queue
[2022-11-11T19:26:34.886+0000] {logging_mixin.py:117} INFO - [2022-11-11T19:26:34.886+0000] {dagbag.py:525} INFO - Filling up the DagBag from /opt/airflow/dags/forex_data_pipeline.py
[2022-11-11T19:26:35.891+0000] {processor.py:768} INFO - DAG(s) dict_keys(['forex_data_pipeline']) retrieved from /opt/airflow/dags/forex_data_pipeline.py
[2022-11-11T19:26:36.076+0000] {logging_mixin.py:117} INFO - [2022-11-11T19:26:36.075+0000] {dag.py:2573} INFO - Sync 1 DAGs
[2022-11-11T19:26:36.106+0000] {logging_mixin.py:117} INFO - [2022-11-11T19:26:36.106+0000] {dag.py:3328} INFO - Setting next_dagrun for forex_data_pipeline to 2022-11-11T00:00:00+00:00, run_after=2022-11-12T00:00:00+00:00
[2022-11-11T19:26:36.223+0000] {processor.py:178} INFO - Processing /opt/airflow/dags/forex_data_pipeline.py took 1.346 seconds
[2022-11-11T19:27:07.340+0000] {processor.py:156} INFO - Started process (PID=147) to work on /opt/airflow/dags/forex_data_pipeline.py
[2022-11-11T19:27:07.343+0000] {processor.py:758} INFO - Processing file /opt/airflow/dags/forex_data_pipeline.py for tasks to queue
[2022-11-11T19:27:07.344+0000] {logging_mixin.py:117} INFO - [2022-11-11T19:27:07.344+0000] {dagbag.py:525} INFO - Filling up the DagBag from /opt/airflow/dags/forex_data_pipeline.py
[2022-11-11T19:27:07.762+0000] {processor.py:768} INFO - DAG(s) dict_keys(['forex_data_pipeline']) retrieved from /opt/airflow/dags/forex_data_pipeline.py
[2022-11-11T19:27:07.952+0000] {logging_mixin.py:117} INFO - [2022-11-11T19:27:07.952+0000] {dag.py:2573} INFO - Sync 1 DAGs
[2022-11-11T19:27:07.976+0000] {logging_mixin.py:117} INFO - [2022-11-11T19:27:07.975+0000] {dag.py:3328} INFO - Setting next_dagrun for forex_data_pipeline to 2022-11-11T00:00:00+00:00, run_after=2022-11-12T00:00:00+00:00
[2022-11-11T19:27:08.008+0000] {processor.py:178} INFO - Processing /opt/airflow/dags/forex_data_pipeline.py took 0.671 seconds
[2022-11-11T19:27:38.809+0000] {processor.py:156} INFO - Started process (PID=176) to work on /opt/airflow/dags/forex_data_pipeline.py
[2022-11-11T19:27:38.813+0000] {processor.py:758} INFO - Processing file /opt/airflow/dags/forex_data_pipeline.py for tasks to queue
[2022-11-11T19:27:38.814+0000] {logging_mixin.py:117} INFO - [2022-11-11T19:27:38.814+0000] {dagbag.py:525} INFO - Filling up the DagBag from /opt/airflow/dags/forex_data_pipeline.py
[2022-11-11T19:27:39.099+0000] {processor.py:768} INFO - DAG(s) dict_keys(['forex_data_pipeline']) retrieved from /opt/airflow/dags/forex_data_pipeline.py
[2022-11-11T19:27:39.280+0000] {logging_mixin.py:117} INFO - [2022-11-11T19:27:39.280+0000] {dag.py:2573} INFO - Sync 1 DAGs
[2022-11-11T19:27:39.314+0000] {logging_mixin.py:117} INFO - [2022-11-11T19:27:39.314+0000] {dag.py:3328} INFO - Setting next_dagrun for forex_data_pipeline to 2022-11-11T00:00:00+00:00, run_after=2022-11-12T00:00:00+00:00
[2022-11-11T19:27:39.340+0000] {processor.py:178} INFO - Processing /opt/airflow/dags/forex_data_pipeline.py took 0.533 seconds
[2022-11-11T19:27:47.927+0000] {processor.py:156} INFO - Started process (PID=187) to work on /opt/airflow/dags/forex_data_pipeline.py
[2022-11-11T19:27:47.931+0000] {processor.py:758} INFO - Processing file /opt/airflow/dags/forex_data_pipeline.py for tasks to queue
[2022-11-11T19:27:47.932+0000] {logging_mixin.py:117} INFO - [2022-11-11T19:27:47.932+0000] {dagbag.py:525} INFO - Filling up the DagBag from /opt/airflow/dags/forex_data_pipeline.py
[2022-11-11T19:27:48.512+0000] {processor.py:768} INFO - DAG(s) dict_keys(['forex_data_pipeline']) retrieved from /opt/airflow/dags/forex_data_pipeline.py
[2022-11-11T19:27:48.712+0000] {logging_mixin.py:117} INFO - [2022-11-11T19:27:48.711+0000] {dag.py:2573} INFO - Sync 1 DAGs
[2022-11-11T19:27:48.739+0000] {logging_mixin.py:117} INFO - [2022-11-11T19:27:48.739+0000] {dag.py:3328} INFO - Setting next_dagrun for forex_data_pipeline to 2022-11-11T00:00:00+00:00, run_after=2022-11-12T00:00:00+00:00
[2022-11-11T19:27:48.780+0000] {processor.py:178} INFO - Processing /opt/airflow/dags/forex_data_pipeline.py took 0.855 seconds
[2022-11-11T19:28:02.452+0000] {processor.py:156} INFO - Started process (PID=198) to work on /opt/airflow/dags/forex_data_pipeline.py
[2022-11-11T19:28:02.455+0000] {processor.py:758} INFO - Processing file /opt/airflow/dags/forex_data_pipeline.py for tasks to queue
[2022-11-11T19:28:02.456+0000] {logging_mixin.py:117} INFO - [2022-11-11T19:28:02.456+0000] {dagbag.py:525} INFO - Filling up the DagBag from /opt/airflow/dags/forex_data_pipeline.py
[2022-11-11T19:28:03.723+0000] {processor.py:768} INFO - DAG(s) dict_keys(['forex_data_pipeline']) retrieved from /opt/airflow/dags/forex_data_pipeline.py
[2022-11-11T19:28:03.737+0000] {logging_mixin.py:117} INFO - [2022-11-11T19:28:03.737+0000] {dag.py:2573} INFO - Sync 1 DAGs
[2022-11-11T19:28:03.771+0000] {logging_mixin.py:117} INFO - [2022-11-11T19:28:03.771+0000] {dag.py:3328} INFO - Setting next_dagrun for forex_data_pipeline to 2022-11-11T00:00:00+00:00, run_after=2022-11-12T00:00:00+00:00
[2022-11-11T19:28:03.822+0000] {processor.py:178} INFO - Processing /opt/airflow/dags/forex_data_pipeline.py took 1.372 seconds
[2022-11-11T19:28:34.038+0000] {processor.py:156} INFO - Started process (PID=227) to work on /opt/airflow/dags/forex_data_pipeline.py
[2022-11-11T19:28:34.041+0000] {processor.py:758} INFO - Processing file /opt/airflow/dags/forex_data_pipeline.py for tasks to queue
[2022-11-11T19:28:34.042+0000] {logging_mixin.py:117} INFO - [2022-11-11T19:28:34.042+0000] {dagbag.py:525} INFO - Filling up the DagBag from /opt/airflow/dags/forex_data_pipeline.py
[2022-11-11T19:28:34.357+0000] {processor.py:768} INFO - DAG(s) dict_keys(['forex_data_pipeline']) retrieved from /opt/airflow/dags/forex_data_pipeline.py
[2022-11-11T19:28:34.565+0000] {logging_mixin.py:117} INFO - [2022-11-11T19:28:34.565+0000] {dag.py:2573} INFO - Sync 1 DAGs
[2022-11-11T19:28:34.589+0000] {logging_mixin.py:117} INFO - [2022-11-11T19:28:34.589+0000] {dag.py:3328} INFO - Setting next_dagrun for forex_data_pipeline to 2022-11-11T00:00:00+00:00, run_after=2022-11-12T00:00:00+00:00
[2022-11-11T19:28:34.618+0000] {processor.py:178} INFO - Processing /opt/airflow/dags/forex_data_pipeline.py took 0.582 seconds
[2022-11-11T19:29:04.802+0000] {processor.py:156} INFO - Started process (PID=251) to work on /opt/airflow/dags/forex_data_pipeline.py
[2022-11-11T19:29:04.808+0000] {processor.py:758} INFO - Processing file /opt/airflow/dags/forex_data_pipeline.py for tasks to queue
[2022-11-11T19:29:04.810+0000] {logging_mixin.py:117} INFO - [2022-11-11T19:29:04.810+0000] {dagbag.py:525} INFO - Filling up the DagBag from /opt/airflow/dags/forex_data_pipeline.py
[2022-11-11T19:29:05.250+0000] {processor.py:768} INFO - DAG(s) dict_keys(['forex_data_pipeline']) retrieved from /opt/airflow/dags/forex_data_pipeline.py
[2022-11-11T19:29:05.487+0000] {logging_mixin.py:117} INFO - [2022-11-11T19:29:05.485+0000] {dag.py:2573} INFO - Sync 1 DAGs
[2022-11-11T19:29:05.512+0000] {logging_mixin.py:117} INFO - [2022-11-11T19:29:05.512+0000] {dag.py:3328} INFO - Setting next_dagrun for forex_data_pipeline to 2022-11-11T00:00:00+00:00, run_after=2022-11-12T00:00:00+00:00
[2022-11-11T19:29:05.536+0000] {processor.py:178} INFO - Processing /opt/airflow/dags/forex_data_pipeline.py took 0.737 seconds
[2022-11-11T19:29:35.638+0000] {processor.py:156} INFO - Started process (PID=280) to work on /opt/airflow/dags/forex_data_pipeline.py
[2022-11-11T19:29:35.644+0000] {processor.py:758} INFO - Processing file /opt/airflow/dags/forex_data_pipeline.py for tasks to queue
[2022-11-11T19:29:35.646+0000] {logging_mixin.py:117} INFO - [2022-11-11T19:29:35.645+0000] {dagbag.py:525} INFO - Filling up the DagBag from /opt/airflow/dags/forex_data_pipeline.py
[2022-11-11T19:29:37.261+0000] {processor.py:768} INFO - DAG(s) dict_keys(['forex_data_pipeline']) retrieved from /opt/airflow/dags/forex_data_pipeline.py
[2022-11-11T19:29:37.442+0000] {logging_mixin.py:117} INFO - [2022-11-11T19:29:37.441+0000] {dag.py:2573} INFO - Sync 1 DAGs
[2022-11-11T19:29:37.470+0000] {logging_mixin.py:117} INFO - [2022-11-11T19:29:37.470+0000] {dag.py:3328} INFO - Setting next_dagrun for forex_data_pipeline to 2022-11-11T00:00:00+00:00, run_after=2022-11-12T00:00:00+00:00
[2022-11-11T19:29:37.499+0000] {processor.py:178} INFO - Processing /opt/airflow/dags/forex_data_pipeline.py took 1.864 seconds
[2022-11-11T19:30:07.655+0000] {processor.py:156} INFO - Started process (PID=308) to work on /opt/airflow/dags/forex_data_pipeline.py
[2022-11-11T19:30:07.660+0000] {processor.py:758} INFO - Processing file /opt/airflow/dags/forex_data_pipeline.py for tasks to queue
[2022-11-11T19:30:07.661+0000] {logging_mixin.py:117} INFO - [2022-11-11T19:30:07.661+0000] {dagbag.py:525} INFO - Filling up the DagBag from /opt/airflow/dags/forex_data_pipeline.py
[2022-11-11T19:30:08.450+0000] {processor.py:768} INFO - DAG(s) dict_keys(['forex_data_pipeline']) retrieved from /opt/airflow/dags/forex_data_pipeline.py
[2022-11-11T19:30:08.879+0000] {logging_mixin.py:117} INFO - [2022-11-11T19:30:08.879+0000] {dag.py:2573} INFO - Sync 1 DAGs
[2022-11-11T19:30:08.900+0000] {logging_mixin.py:117} INFO - [2022-11-11T19:30:08.900+0000] {dag.py:3328} INFO - Setting next_dagrun for forex_data_pipeline to 2022-11-11T00:00:00+00:00, run_after=2022-11-12T00:00:00+00:00
[2022-11-11T19:30:08.926+0000] {processor.py:178} INFO - Processing /opt/airflow/dags/forex_data_pipeline.py took 1.274 seconds
[2022-11-11T19:30:39.601+0000] {processor.py:156} INFO - Started process (PID=328) to work on /opt/airflow/dags/forex_data_pipeline.py
[2022-11-11T19:30:39.608+0000] {processor.py:758} INFO - Processing file /opt/airflow/dags/forex_data_pipeline.py for tasks to queue
[2022-11-11T19:30:39.610+0000] {logging_mixin.py:117} INFO - [2022-11-11T19:30:39.610+0000] {dagbag.py:525} INFO - Filling up the DagBag from /opt/airflow/dags/forex_data_pipeline.py
[2022-11-11T19:30:40.109+0000] {processor.py:768} INFO - DAG(s) dict_keys(['forex_data_pipeline']) retrieved from /opt/airflow/dags/forex_data_pipeline.py
[2022-11-11T19:30:40.348+0000] {logging_mixin.py:117} INFO - [2022-11-11T19:30:40.348+0000] {dag.py:2573} INFO - Sync 1 DAGs
[2022-11-11T19:30:40.371+0000] {logging_mixin.py:117} INFO - [2022-11-11T19:30:40.371+0000] {dag.py:3328} INFO - Setting next_dagrun for forex_data_pipeline to 2022-11-11T00:00:00+00:00, run_after=2022-11-12T00:00:00+00:00
[2022-11-11T19:30:40.400+0000] {processor.py:178} INFO - Processing /opt/airflow/dags/forex_data_pipeline.py took 0.801 seconds
[2022-11-11T19:31:11.203+0000] {processor.py:156} INFO - Started process (PID=357) to work on /opt/airflow/dags/forex_data_pipeline.py
[2022-11-11T19:31:11.208+0000] {processor.py:758} INFO - Processing file /opt/airflow/dags/forex_data_pipeline.py for tasks to queue
[2022-11-11T19:31:11.209+0000] {logging_mixin.py:117} INFO - [2022-11-11T19:31:11.209+0000] {dagbag.py:525} INFO - Filling up the DagBag from /opt/airflow/dags/forex_data_pipeline.py
[2022-11-11T19:31:11.991+0000] {processor.py:768} INFO - DAG(s) dict_keys(['forex_data_pipeline']) retrieved from /opt/airflow/dags/forex_data_pipeline.py
[2022-11-11T19:31:12.187+0000] {logging_mixin.py:117} INFO - [2022-11-11T19:31:12.186+0000] {dag.py:2573} INFO - Sync 1 DAGs
[2022-11-11T19:31:12.222+0000] {logging_mixin.py:117} INFO - [2022-11-11T19:31:12.222+0000] {dag.py:3328} INFO - Setting next_dagrun for forex_data_pipeline to 2022-11-11T00:00:00+00:00, run_after=2022-11-12T00:00:00+00:00
[2022-11-11T19:31:12.262+0000] {processor.py:178} INFO - Processing /opt/airflow/dags/forex_data_pipeline.py took 1.062 seconds
[2022-11-11T19:31:43.056+0000] {processor.py:156} INFO - Started process (PID=387) to work on /opt/airflow/dags/forex_data_pipeline.py
[2022-11-11T19:31:43.065+0000] {processor.py:758} INFO - Processing file /opt/airflow/dags/forex_data_pipeline.py for tasks to queue
[2022-11-11T19:31:43.066+0000] {logging_mixin.py:117} INFO - [2022-11-11T19:31:43.066+0000] {dagbag.py:525} INFO - Filling up the DagBag from /opt/airflow/dags/forex_data_pipeline.py
[2022-11-11T19:31:43.520+0000] {processor.py:768} INFO - DAG(s) dict_keys(['forex_data_pipeline']) retrieved from /opt/airflow/dags/forex_data_pipeline.py
[2022-11-11T19:31:43.921+0000] {logging_mixin.py:117} INFO - [2022-11-11T19:31:43.921+0000] {dag.py:2573} INFO - Sync 1 DAGs
[2022-11-11T19:31:43.947+0000] {logging_mixin.py:117} INFO - [2022-11-11T19:31:43.947+0000] {dag.py:3328} INFO - Setting next_dagrun for forex_data_pipeline to 2022-11-11T00:00:00+00:00, run_after=2022-11-12T00:00:00+00:00
[2022-11-11T19:31:44.075+0000] {processor.py:178} INFO - Processing /opt/airflow/dags/forex_data_pipeline.py took 1.021 seconds
[2022-11-11T19:32:14.424+0000] {processor.py:156} INFO - Started process (PID=416) to work on /opt/airflow/dags/forex_data_pipeline.py
[2022-11-11T19:32:14.430+0000] {processor.py:758} INFO - Processing file /opt/airflow/dags/forex_data_pipeline.py for tasks to queue
[2022-11-11T19:32:14.432+0000] {logging_mixin.py:117} INFO - [2022-11-11T19:32:14.432+0000] {dagbag.py:525} INFO - Filling up the DagBag from /opt/airflow/dags/forex_data_pipeline.py
[2022-11-11T19:32:14.885+0000] {processor.py:768} INFO - DAG(s) dict_keys(['forex_data_pipeline']) retrieved from /opt/airflow/dags/forex_data_pipeline.py
[2022-11-11T19:32:15.033+0000] {logging_mixin.py:117} INFO - [2022-11-11T19:32:15.033+0000] {dag.py:2573} INFO - Sync 1 DAGs
[2022-11-11T19:32:15.055+0000] {logging_mixin.py:117} INFO - [2022-11-11T19:32:15.055+0000] {dag.py:3328} INFO - Setting next_dagrun for forex_data_pipeline to 2022-11-11T00:00:00+00:00, run_after=2022-11-12T00:00:00+00:00
[2022-11-11T19:32:15.074+0000] {processor.py:178} INFO - Processing /opt/airflow/dags/forex_data_pipeline.py took 0.652 seconds
[2022-11-11T19:32:45.888+0000] {processor.py:156} INFO - Started process (PID=437) to work on /opt/airflow/dags/forex_data_pipeline.py
[2022-11-11T19:32:45.892+0000] {processor.py:758} INFO - Processing file /opt/airflow/dags/forex_data_pipeline.py for tasks to queue
[2022-11-11T19:32:45.894+0000] {logging_mixin.py:117} INFO - [2022-11-11T19:32:45.894+0000] {dagbag.py:525} INFO - Filling up the DagBag from /opt/airflow/dags/forex_data_pipeline.py
[2022-11-11T19:32:46.287+0000] {processor.py:768} INFO - DAG(s) dict_keys(['forex_data_pipeline']) retrieved from /opt/airflow/dags/forex_data_pipeline.py
[2022-11-11T19:32:46.502+0000] {logging_mixin.py:117} INFO - [2022-11-11T19:32:46.502+0000] {dag.py:2573} INFO - Sync 1 DAGs
[2022-11-11T19:32:46.549+0000] {logging_mixin.py:117} INFO - [2022-11-11T19:32:46.548+0000] {dag.py:3328} INFO - Setting next_dagrun for forex_data_pipeline to 2022-11-11T00:00:00+00:00, run_after=2022-11-12T00:00:00+00:00
[2022-11-11T19:32:46.583+0000] {processor.py:178} INFO - Processing /opt/airflow/dags/forex_data_pipeline.py took 0.697 seconds
[2022-11-11T19:33:16.839+0000] {processor.py:156} INFO - Started process (PID=466) to work on /opt/airflow/dags/forex_data_pipeline.py
[2022-11-11T19:33:16.843+0000] {processor.py:758} INFO - Processing file /opt/airflow/dags/forex_data_pipeline.py for tasks to queue
[2022-11-11T19:33:16.845+0000] {logging_mixin.py:117} INFO - [2022-11-11T19:33:16.845+0000] {dagbag.py:525} INFO - Filling up the DagBag from /opt/airflow/dags/forex_data_pipeline.py
[2022-11-11T19:33:17.240+0000] {processor.py:768} INFO - DAG(s) dict_keys(['forex_data_pipeline']) retrieved from /opt/airflow/dags/forex_data_pipeline.py
[2022-11-11T19:33:17.477+0000] {logging_mixin.py:117} INFO - [2022-11-11T19:33:17.477+0000] {dag.py:2573} INFO - Sync 1 DAGs
[2022-11-11T19:33:17.511+0000] {logging_mixin.py:117} INFO - [2022-11-11T19:33:17.511+0000] {dag.py:3328} INFO - Setting next_dagrun for forex_data_pipeline to 2022-11-11T00:00:00+00:00, run_after=2022-11-12T00:00:00+00:00
[2022-11-11T19:33:17.538+0000] {processor.py:178} INFO - Processing /opt/airflow/dags/forex_data_pipeline.py took 0.702 seconds
[2022-11-11T19:33:47.790+0000] {processor.py:156} INFO - Started process (PID=495) to work on /opt/airflow/dags/forex_data_pipeline.py
[2022-11-11T19:33:47.794+0000] {processor.py:758} INFO - Processing file /opt/airflow/dags/forex_data_pipeline.py for tasks to queue
[2022-11-11T19:33:47.796+0000] {logging_mixin.py:117} INFO - [2022-11-11T19:33:47.795+0000] {dagbag.py:525} INFO - Filling up the DagBag from /opt/airflow/dags/forex_data_pipeline.py
[2022-11-11T19:33:48.259+0000] {processor.py:768} INFO - DAG(s) dict_keys(['forex_data_pipeline']) retrieved from /opt/airflow/dags/forex_data_pipeline.py
[2022-11-11T19:33:48.596+0000] {logging_mixin.py:117} INFO - [2022-11-11T19:33:48.595+0000] {dag.py:2573} INFO - Sync 1 DAGs
[2022-11-11T19:33:48.627+0000] {logging_mixin.py:117} INFO - [2022-11-11T19:33:48.627+0000] {dag.py:3328} INFO - Setting next_dagrun for forex_data_pipeline to 2022-11-11T00:00:00+00:00, run_after=2022-11-12T00:00:00+00:00
[2022-11-11T19:33:48.656+0000] {processor.py:178} INFO - Processing /opt/airflow/dags/forex_data_pipeline.py took 0.869 seconds
[2022-11-11T19:34:18.953+0000] {processor.py:156} INFO - Started process (PID=524) to work on /opt/airflow/dags/forex_data_pipeline.py
[2022-11-11T19:34:18.955+0000] {processor.py:758} INFO - Processing file /opt/airflow/dags/forex_data_pipeline.py for tasks to queue
[2022-11-11T19:34:18.956+0000] {logging_mixin.py:117} INFO - [2022-11-11T19:34:18.956+0000] {dagbag.py:525} INFO - Filling up the DagBag from /opt/airflow/dags/forex_data_pipeline.py
[2022-11-11T19:34:19.344+0000] {processor.py:768} INFO - DAG(s) dict_keys(['forex_data_pipeline']) retrieved from /opt/airflow/dags/forex_data_pipeline.py
[2022-11-11T19:34:19.588+0000] {logging_mixin.py:117} INFO - [2022-11-11T19:34:19.588+0000] {dag.py:2573} INFO - Sync 1 DAGs
[2022-11-11T19:34:19.622+0000] {logging_mixin.py:117} INFO - [2022-11-11T19:34:19.622+0000] {dag.py:3328} INFO - Setting next_dagrun for forex_data_pipeline to 2022-11-11T00:00:00+00:00, run_after=2022-11-12T00:00:00+00:00
[2022-11-11T19:34:19.662+0000] {processor.py:178} INFO - Processing /opt/airflow/dags/forex_data_pipeline.py took 0.712 seconds
[2022-11-11T19:34:50.101+0000] {processor.py:156} INFO - Started process (PID=544) to work on /opt/airflow/dags/forex_data_pipeline.py
[2022-11-11T19:34:50.111+0000] {processor.py:758} INFO - Processing file /opt/airflow/dags/forex_data_pipeline.py for tasks to queue
[2022-11-11T19:34:50.113+0000] {logging_mixin.py:117} INFO - [2022-11-11T19:34:50.113+0000] {dagbag.py:525} INFO - Filling up the DagBag from /opt/airflow/dags/forex_data_pipeline.py
[2022-11-11T19:34:50.553+0000] {processor.py:768} INFO - DAG(s) dict_keys(['forex_data_pipeline']) retrieved from /opt/airflow/dags/forex_data_pipeline.py
[2022-11-11T19:34:50.837+0000] {logging_mixin.py:117} INFO - [2022-11-11T19:34:50.837+0000] {dag.py:2573} INFO - Sync 1 DAGs
[2022-11-11T19:34:50.866+0000] {logging_mixin.py:117} INFO - [2022-11-11T19:34:50.865+0000] {dag.py:3328} INFO - Setting next_dagrun for forex_data_pipeline to 2022-11-11T00:00:00+00:00, run_after=2022-11-12T00:00:00+00:00
[2022-11-11T19:34:50.905+0000] {processor.py:178} INFO - Processing /opt/airflow/dags/forex_data_pipeline.py took 0.806 seconds
[2022-11-11T19:35:21.631+0000] {processor.py:156} INFO - Started process (PID=573) to work on /opt/airflow/dags/forex_data_pipeline.py
[2022-11-11T19:35:21.665+0000] {processor.py:758} INFO - Processing file /opt/airflow/dags/forex_data_pipeline.py for tasks to queue
[2022-11-11T19:35:21.860+0000] {logging_mixin.py:117} INFO - [2022-11-11T19:35:21.860+0000] {dagbag.py:525} INFO - Filling up the DagBag from /opt/airflow/dags/forex_data_pipeline.py
[2022-11-11T19:35:22.730+0000] {processor.py:768} INFO - DAG(s) dict_keys(['forex_data_pipeline']) retrieved from /opt/airflow/dags/forex_data_pipeline.py
[2022-11-11T19:35:22.941+0000] {logging_mixin.py:117} INFO - [2022-11-11T19:35:22.940+0000] {dag.py:2573} INFO - Sync 1 DAGs
[2022-11-11T19:35:22.970+0000] {logging_mixin.py:117} INFO - [2022-11-11T19:35:22.970+0000] {dag.py:3328} INFO - Setting next_dagrun for forex_data_pipeline to 2022-11-11T00:00:00+00:00, run_after=2022-11-12T00:00:00+00:00
[2022-11-11T19:35:22.995+0000] {processor.py:178} INFO - Processing /opt/airflow/dags/forex_data_pipeline.py took 1.249 seconds
[2022-11-11T19:35:53.242+0000] {processor.py:156} INFO - Started process (PID=606) to work on /opt/airflow/dags/forex_data_pipeline.py
[2022-11-11T19:35:53.253+0000] {processor.py:758} INFO - Processing file /opt/airflow/dags/forex_data_pipeline.py for tasks to queue
[2022-11-11T19:35:53.255+0000] {logging_mixin.py:117} INFO - [2022-11-11T19:35:53.255+0000] {dagbag.py:525} INFO - Filling up the DagBag from /opt/airflow/dags/forex_data_pipeline.py
[2022-11-11T19:35:53.703+0000] {processor.py:768} INFO - DAG(s) dict_keys(['forex_data_pipeline']) retrieved from /opt/airflow/dags/forex_data_pipeline.py
[2022-11-11T19:35:53.894+0000] {logging_mixin.py:117} INFO - [2022-11-11T19:35:53.894+0000] {dag.py:2573} INFO - Sync 1 DAGs
[2022-11-11T19:35:53.924+0000] {logging_mixin.py:117} INFO - [2022-11-11T19:35:53.924+0000] {dag.py:3328} INFO - Setting next_dagrun for forex_data_pipeline to 2022-11-11T00:00:00+00:00, run_after=2022-11-12T00:00:00+00:00
[2022-11-11T19:35:53.960+0000] {processor.py:178} INFO - Processing /opt/airflow/dags/forex_data_pipeline.py took 0.722 seconds
[2022-11-11T19:36:24.304+0000] {processor.py:156} INFO - Started process (PID=627) to work on /opt/airflow/dags/forex_data_pipeline.py
[2022-11-11T19:36:24.309+0000] {processor.py:758} INFO - Processing file /opt/airflow/dags/forex_data_pipeline.py for tasks to queue
[2022-11-11T19:36:24.311+0000] {logging_mixin.py:117} INFO - [2022-11-11T19:36:24.311+0000] {dagbag.py:525} INFO - Filling up the DagBag from /opt/airflow/dags/forex_data_pipeline.py
[2022-11-11T19:36:24.870+0000] {processor.py:768} INFO - DAG(s) dict_keys(['forex_data_pipeline']) retrieved from /opt/airflow/dags/forex_data_pipeline.py
[2022-11-11T19:36:25.082+0000] {logging_mixin.py:117} INFO - [2022-11-11T19:36:25.082+0000] {dag.py:2573} INFO - Sync 1 DAGs
[2022-11-11T19:36:25.114+0000] {logging_mixin.py:117} INFO - [2022-11-11T19:36:25.114+0000] {dag.py:3328} INFO - Setting next_dagrun for forex_data_pipeline to 2022-11-11T00:00:00+00:00, run_after=2022-11-12T00:00:00+00:00
[2022-11-11T19:36:25.138+0000] {processor.py:178} INFO - Processing /opt/airflow/dags/forex_data_pipeline.py took 0.838 seconds
[2022-11-11T19:36:28.255+0000] {processor.py:156} INFO - Started process (PID=638) to work on /opt/airflow/dags/forex_data_pipeline.py
[2022-11-11T19:36:28.258+0000] {processor.py:758} INFO - Processing file /opt/airflow/dags/forex_data_pipeline.py for tasks to queue
[2022-11-11T19:36:28.260+0000] {logging_mixin.py:117} INFO - [2022-11-11T19:36:28.260+0000] {dagbag.py:525} INFO - Filling up the DagBag from /opt/airflow/dags/forex_data_pipeline.py
[2022-11-11T19:36:28.927+0000] {processor.py:768} INFO - DAG(s) dict_keys(['forex_data_pipeline']) retrieved from /opt/airflow/dags/forex_data_pipeline.py
[2022-11-11T19:36:29.291+0000] {logging_mixin.py:117} INFO - [2022-11-11T19:36:29.290+0000] {dag.py:2573} INFO - Sync 1 DAGs
[2022-11-11T19:36:29.332+0000] {logging_mixin.py:117} INFO - [2022-11-11T19:36:29.332+0000] {dag.py:3328} INFO - Setting next_dagrun for forex_data_pipeline to 2022-11-11T00:00:00+00:00, run_after=2022-11-12T00:00:00+00:00
[2022-11-11T19:36:29.379+0000] {processor.py:178} INFO - Processing /opt/airflow/dags/forex_data_pipeline.py took 1.127 seconds
[2022-11-11T19:36:59.536+0000] {processor.py:156} INFO - Started process (PID=658) to work on /opt/airflow/dags/forex_data_pipeline.py
[2022-11-11T19:36:59.539+0000] {processor.py:758} INFO - Processing file /opt/airflow/dags/forex_data_pipeline.py for tasks to queue
[2022-11-11T19:36:59.543+0000] {logging_mixin.py:117} INFO - [2022-11-11T19:36:59.542+0000] {dagbag.py:525} INFO - Filling up the DagBag from /opt/airflow/dags/forex_data_pipeline.py
[2022-11-11T19:37:00.231+0000] {processor.py:768} INFO - DAG(s) dict_keys(['forex_data_pipeline']) retrieved from /opt/airflow/dags/forex_data_pipeline.py
[2022-11-11T19:37:00.515+0000] {logging_mixin.py:117} INFO - [2022-11-11T19:37:00.515+0000] {dag.py:2573} INFO - Sync 1 DAGs
[2022-11-11T19:37:00.553+0000] {logging_mixin.py:117} INFO - [2022-11-11T19:37:00.553+0000] {dag.py:3328} INFO - Setting next_dagrun for forex_data_pipeline to 2022-11-11T00:00:00+00:00, run_after=2022-11-12T00:00:00+00:00
[2022-11-11T19:37:00.697+0000] {processor.py:178} INFO - Processing /opt/airflow/dags/forex_data_pipeline.py took 1.164 seconds
[2022-11-11T19:37:30.840+0000] {processor.py:156} INFO - Started process (PID=678) to work on /opt/airflow/dags/forex_data_pipeline.py
[2022-11-11T19:37:30.865+0000] {processor.py:758} INFO - Processing file /opt/airflow/dags/forex_data_pipeline.py for tasks to queue
[2022-11-11T19:37:30.867+0000] {logging_mixin.py:117} INFO - [2022-11-11T19:37:30.867+0000] {dagbag.py:525} INFO - Filling up the DagBag from /opt/airflow/dags/forex_data_pipeline.py
[2022-11-11T19:37:31.409+0000] {processor.py:768} INFO - DAG(s) dict_keys(['forex_data_pipeline']) retrieved from /opt/airflow/dags/forex_data_pipeline.py
[2022-11-11T19:37:31.715+0000] {logging_mixin.py:117} INFO - [2022-11-11T19:37:31.715+0000] {dag.py:2573} INFO - Sync 1 DAGs
[2022-11-11T19:37:31.764+0000] {logging_mixin.py:117} INFO - [2022-11-11T19:37:31.764+0000] {dag.py:3328} INFO - Setting next_dagrun for forex_data_pipeline to 2022-11-11T00:00:00+00:00, run_after=2022-11-12T00:00:00+00:00
[2022-11-11T19:37:31.897+0000] {processor.py:178} INFO - Processing /opt/airflow/dags/forex_data_pipeline.py took 1.061 seconds
[2022-11-11T19:38:02.602+0000] {processor.py:156} INFO - Started process (PID=707) to work on /opt/airflow/dags/forex_data_pipeline.py
[2022-11-11T19:38:02.605+0000] {processor.py:758} INFO - Processing file /opt/airflow/dags/forex_data_pipeline.py for tasks to queue
[2022-11-11T19:38:02.607+0000] {logging_mixin.py:117} INFO - [2022-11-11T19:38:02.607+0000] {dagbag.py:525} INFO - Filling up the DagBag from /opt/airflow/dags/forex_data_pipeline.py
[2022-11-11T19:38:03.464+0000] {processor.py:768} INFO - DAG(s) dict_keys(['forex_data_pipeline']) retrieved from /opt/airflow/dags/forex_data_pipeline.py
[2022-11-11T19:38:03.810+0000] {logging_mixin.py:117} INFO - [2022-11-11T19:38:03.809+0000] {dag.py:2573} INFO - Sync 1 DAGs
[2022-11-11T19:38:03.844+0000] {logging_mixin.py:117} INFO - [2022-11-11T19:38:03.844+0000] {dag.py:3328} INFO - Setting next_dagrun for forex_data_pipeline to 2022-11-11T00:00:00+00:00, run_after=2022-11-12T00:00:00+00:00
[2022-11-11T19:38:03.951+0000] {processor.py:178} INFO - Processing /opt/airflow/dags/forex_data_pipeline.py took 1.352 seconds
[2022-11-11T19:38:34.467+0000] {processor.py:156} INFO - Started process (PID=734) to work on /opt/airflow/dags/forex_data_pipeline.py
[2022-11-11T19:38:34.470+0000] {processor.py:758} INFO - Processing file /opt/airflow/dags/forex_data_pipeline.py for tasks to queue
[2022-11-11T19:38:34.472+0000] {logging_mixin.py:117} INFO - [2022-11-11T19:38:34.471+0000] {dagbag.py:525} INFO - Filling up the DagBag from /opt/airflow/dags/forex_data_pipeline.py
[2022-11-11T19:38:34.937+0000] {processor.py:768} INFO - DAG(s) dict_keys(['forex_data_pipeline']) retrieved from /opt/airflow/dags/forex_data_pipeline.py
[2022-11-11T19:38:35.206+0000] {logging_mixin.py:117} INFO - [2022-11-11T19:38:35.205+0000] {dag.py:2573} INFO - Sync 1 DAGs
[2022-11-11T19:38:35.239+0000] {logging_mixin.py:117} INFO - [2022-11-11T19:38:35.238+0000] {dag.py:3328} INFO - Setting next_dagrun for forex_data_pipeline to 2022-11-11T00:00:00+00:00, run_after=2022-11-12T00:00:00+00:00
[2022-11-11T19:38:35.269+0000] {processor.py:178} INFO - Processing /opt/airflow/dags/forex_data_pipeline.py took 0.805 seconds
[2022-11-11T19:39:05.759+0000] {processor.py:156} INFO - Started process (PID=756) to work on /opt/airflow/dags/forex_data_pipeline.py
[2022-11-11T19:39:05.764+0000] {processor.py:758} INFO - Processing file /opt/airflow/dags/forex_data_pipeline.py for tasks to queue
[2022-11-11T19:39:05.766+0000] {logging_mixin.py:117} INFO - [2022-11-11T19:39:05.766+0000] {dagbag.py:525} INFO - Filling up the DagBag from /opt/airflow/dags/forex_data_pipeline.py
[2022-11-11T19:39:06.486+0000] {processor.py:768} INFO - DAG(s) dict_keys(['forex_data_pipeline']) retrieved from /opt/airflow/dags/forex_data_pipeline.py
[2022-11-11T19:39:06.798+0000] {logging_mixin.py:117} INFO - [2022-11-11T19:39:06.798+0000] {dag.py:2573} INFO - Sync 1 DAGs
[2022-11-11T19:39:06.856+0000] {logging_mixin.py:117} INFO - [2022-11-11T19:39:06.856+0000] {dag.py:3328} INFO - Setting next_dagrun for forex_data_pipeline to 2022-11-11T00:00:00+00:00, run_after=2022-11-12T00:00:00+00:00
[2022-11-11T19:39:06.902+0000] {processor.py:178} INFO - Processing /opt/airflow/dags/forex_data_pipeline.py took 1.146 seconds
[2022-11-11T19:39:37.158+0000] {processor.py:156} INFO - Started process (PID=785) to work on /opt/airflow/dags/forex_data_pipeline.py
[2022-11-11T19:39:37.163+0000] {processor.py:758} INFO - Processing file /opt/airflow/dags/forex_data_pipeline.py for tasks to queue
[2022-11-11T19:39:37.167+0000] {logging_mixin.py:117} INFO - [2022-11-11T19:39:37.166+0000] {dagbag.py:525} INFO - Filling up the DagBag from /opt/airflow/dags/forex_data_pipeline.py
[2022-11-11T19:39:37.917+0000] {processor.py:768} INFO - DAG(s) dict_keys(['forex_data_pipeline']) retrieved from /opt/airflow/dags/forex_data_pipeline.py
[2022-11-11T19:39:38.397+0000] {logging_mixin.py:117} INFO - [2022-11-11T19:39:38.397+0000] {dag.py:2573} INFO - Sync 1 DAGs
[2022-11-11T19:39:38.444+0000] {logging_mixin.py:117} INFO - [2022-11-11T19:39:38.443+0000] {dag.py:3328} INFO - Setting next_dagrun for forex_data_pipeline to 2022-11-11T00:00:00+00:00, run_after=2022-11-12T00:00:00+00:00
[2022-11-11T19:39:38.482+0000] {processor.py:178} INFO - Processing /opt/airflow/dags/forex_data_pipeline.py took 1.330 seconds
[2022-11-11T19:40:09.072+0000] {processor.py:156} INFO - Started process (PID=804) to work on /opt/airflow/dags/forex_data_pipeline.py
[2022-11-11T19:40:09.077+0000] {processor.py:758} INFO - Processing file /opt/airflow/dags/forex_data_pipeline.py for tasks to queue
[2022-11-11T19:40:09.078+0000] {logging_mixin.py:117} INFO - [2022-11-11T19:40:09.078+0000] {dagbag.py:525} INFO - Filling up the DagBag from /opt/airflow/dags/forex_data_pipeline.py
[2022-11-11T19:40:09.572+0000] {processor.py:768} INFO - DAG(s) dict_keys(['forex_data_pipeline']) retrieved from /opt/airflow/dags/forex_data_pipeline.py
[2022-11-11T19:40:09.828+0000] {logging_mixin.py:117} INFO - [2022-11-11T19:40:09.828+0000] {dag.py:2573} INFO - Sync 1 DAGs
[2022-11-11T19:40:09.868+0000] {logging_mixin.py:117} INFO - [2022-11-11T19:40:09.868+0000] {dag.py:3328} INFO - Setting next_dagrun for forex_data_pipeline to 2022-11-11T00:00:00+00:00, run_after=2022-11-12T00:00:00+00:00
[2022-11-11T19:40:09.900+0000] {processor.py:178} INFO - Processing /opt/airflow/dags/forex_data_pipeline.py took 0.831 seconds
[2022-11-11T19:40:40.734+0000] {processor.py:156} INFO - Started process (PID=834) to work on /opt/airflow/dags/forex_data_pipeline.py
[2022-11-11T19:40:40.737+0000] {processor.py:758} INFO - Processing file /opt/airflow/dags/forex_data_pipeline.py for tasks to queue
[2022-11-11T19:40:40.738+0000] {logging_mixin.py:117} INFO - [2022-11-11T19:40:40.738+0000] {dagbag.py:525} INFO - Filling up the DagBag from /opt/airflow/dags/forex_data_pipeline.py
[2022-11-11T19:40:41.560+0000] {processor.py:768} INFO - DAG(s) dict_keys(['forex_data_pipeline']) retrieved from /opt/airflow/dags/forex_data_pipeline.py
[2022-11-11T19:40:41.836+0000] {logging_mixin.py:117} INFO - [2022-11-11T19:40:41.835+0000] {dag.py:2573} INFO - Sync 1 DAGs
[2022-11-11T19:40:41.868+0000] {logging_mixin.py:117} INFO - [2022-11-11T19:40:41.868+0000] {dag.py:3328} INFO - Setting next_dagrun for forex_data_pipeline to 2022-11-11T00:00:00+00:00, run_after=2022-11-12T00:00:00+00:00
[2022-11-11T19:40:41.897+0000] {processor.py:178} INFO - Processing /opt/airflow/dags/forex_data_pipeline.py took 1.166 seconds
[2022-11-11T19:41:12.057+0000] {processor.py:156} INFO - Started process (PID=863) to work on /opt/airflow/dags/forex_data_pipeline.py
[2022-11-11T19:41:12.067+0000] {processor.py:758} INFO - Processing file /opt/airflow/dags/forex_data_pipeline.py for tasks to queue
[2022-11-11T19:41:12.068+0000] {logging_mixin.py:117} INFO - [2022-11-11T19:41:12.068+0000] {dagbag.py:525} INFO - Filling up the DagBag from /opt/airflow/dags/forex_data_pipeline.py
[2022-11-11T19:41:12.858+0000] {processor.py:768} INFO - DAG(s) dict_keys(['forex_data_pipeline']) retrieved from /opt/airflow/dags/forex_data_pipeline.py
[2022-11-11T19:41:13.204+0000] {logging_mixin.py:117} INFO - [2022-11-11T19:41:13.203+0000] {dag.py:2573} INFO - Sync 1 DAGs
[2022-11-11T19:41:13.233+0000] {logging_mixin.py:117} INFO - [2022-11-11T19:41:13.233+0000] {dag.py:3328} INFO - Setting next_dagrun for forex_data_pipeline to 2022-11-11T00:00:00+00:00, run_after=2022-11-12T00:00:00+00:00
[2022-11-11T19:41:13.365+0000] {processor.py:178} INFO - Processing /opt/airflow/dags/forex_data_pipeline.py took 1.310 seconds
[2022-11-11T19:41:43.567+0000] {processor.py:156} INFO - Started process (PID=890) to work on /opt/airflow/dags/forex_data_pipeline.py
[2022-11-11T19:41:43.571+0000] {processor.py:758} INFO - Processing file /opt/airflow/dags/forex_data_pipeline.py for tasks to queue
[2022-11-11T19:41:43.573+0000] {logging_mixin.py:117} INFO - [2022-11-11T19:41:43.573+0000] {dagbag.py:525} INFO - Filling up the DagBag from /opt/airflow/dags/forex_data_pipeline.py
[2022-11-11T19:41:44.049+0000] {processor.py:768} INFO - DAG(s) dict_keys(['forex_data_pipeline']) retrieved from /opt/airflow/dags/forex_data_pipeline.py
[2022-11-11T19:41:44.271+0000] {logging_mixin.py:117} INFO - [2022-11-11T19:41:44.271+0000] {dag.py:2573} INFO - Sync 1 DAGs
[2022-11-11T19:41:44.308+0000] {logging_mixin.py:117} INFO - [2022-11-11T19:41:44.308+0000] {dag.py:3328} INFO - Setting next_dagrun for forex_data_pipeline to 2022-11-11T00:00:00+00:00, run_after=2022-11-12T00:00:00+00:00
[2022-11-11T19:41:44.338+0000] {processor.py:178} INFO - Processing /opt/airflow/dags/forex_data_pipeline.py took 0.774 seconds
[2022-11-11T19:42:14.715+0000] {processor.py:156} INFO - Started process (PID=912) to work on /opt/airflow/dags/forex_data_pipeline.py
[2022-11-11T19:42:14.718+0000] {processor.py:758} INFO - Processing file /opt/airflow/dags/forex_data_pipeline.py for tasks to queue
[2022-11-11T19:42:14.719+0000] {logging_mixin.py:117} INFO - [2022-11-11T19:42:14.719+0000] {dagbag.py:525} INFO - Filling up the DagBag from /opt/airflow/dags/forex_data_pipeline.py
[2022-11-11T19:42:15.331+0000] {processor.py:768} INFO - DAG(s) dict_keys(['forex_data_pipeline']) retrieved from /opt/airflow/dags/forex_data_pipeline.py
[2022-11-11T19:42:15.607+0000] {logging_mixin.py:117} INFO - [2022-11-11T19:42:15.607+0000] {dag.py:2573} INFO - Sync 1 DAGs
[2022-11-11T19:42:15.643+0000] {logging_mixin.py:117} INFO - [2022-11-11T19:42:15.643+0000] {dag.py:3328} INFO - Setting next_dagrun for forex_data_pipeline to 2022-11-11T00:00:00+00:00, run_after=2022-11-12T00:00:00+00:00
[2022-11-11T19:42:15.690+0000] {processor.py:178} INFO - Processing /opt/airflow/dags/forex_data_pipeline.py took 0.978 seconds
[2022-11-11T19:42:46.499+0000] {processor.py:156} INFO - Started process (PID=943) to work on /opt/airflow/dags/forex_data_pipeline.py
[2022-11-11T19:42:46.503+0000] {processor.py:758} INFO - Processing file /opt/airflow/dags/forex_data_pipeline.py for tasks to queue
[2022-11-11T19:42:46.505+0000] {logging_mixin.py:117} INFO - [2022-11-11T19:42:46.505+0000] {dagbag.py:525} INFO - Filling up the DagBag from /opt/airflow/dags/forex_data_pipeline.py
[2022-11-11T19:42:47.077+0000] {processor.py:768} INFO - DAG(s) dict_keys(['forex_data_pipeline']) retrieved from /opt/airflow/dags/forex_data_pipeline.py
[2022-11-11T19:42:47.388+0000] {logging_mixin.py:117} INFO - [2022-11-11T19:42:47.387+0000] {dag.py:2573} INFO - Sync 1 DAGs
[2022-11-11T19:42:47.438+0000] {logging_mixin.py:117} INFO - [2022-11-11T19:42:47.438+0000] {dag.py:3328} INFO - Setting next_dagrun for forex_data_pipeline to 2022-11-11T00:00:00+00:00, run_after=2022-11-12T00:00:00+00:00
[2022-11-11T19:42:47.478+0000] {processor.py:178} INFO - Processing /opt/airflow/dags/forex_data_pipeline.py took 0.983 seconds
[2022-11-11T19:43:17.846+0000] {processor.py:156} INFO - Started process (PID=963) to work on /opt/airflow/dags/forex_data_pipeline.py
[2022-11-11T19:43:17.850+0000] {processor.py:758} INFO - Processing file /opt/airflow/dags/forex_data_pipeline.py for tasks to queue
[2022-11-11T19:43:17.851+0000] {logging_mixin.py:117} INFO - [2022-11-11T19:43:17.851+0000] {dagbag.py:525} INFO - Filling up the DagBag from /opt/airflow/dags/forex_data_pipeline.py
[2022-11-11T19:43:18.636+0000] {processor.py:768} INFO - DAG(s) dict_keys(['forex_data_pipeline']) retrieved from /opt/airflow/dags/forex_data_pipeline.py
[2022-11-11T19:43:18.880+0000] {logging_mixin.py:117} INFO - [2022-11-11T19:43:18.880+0000] {dag.py:2573} INFO - Sync 1 DAGs
[2022-11-11T19:43:18.916+0000] {logging_mixin.py:117} INFO - [2022-11-11T19:43:18.916+0000] {dag.py:3328} INFO - Setting next_dagrun for forex_data_pipeline to 2022-11-11T00:00:00+00:00, run_after=2022-11-12T00:00:00+00:00
[2022-11-11T19:43:18.949+0000] {processor.py:178} INFO - Processing /opt/airflow/dags/forex_data_pipeline.py took 1.106 seconds
[2022-11-11T19:43:49.238+0000] {processor.py:156} INFO - Started process (PID=991) to work on /opt/airflow/dags/forex_data_pipeline.py
[2022-11-11T19:43:49.244+0000] {processor.py:758} INFO - Processing file /opt/airflow/dags/forex_data_pipeline.py for tasks to queue
[2022-11-11T19:43:49.245+0000] {logging_mixin.py:117} INFO - [2022-11-11T19:43:49.245+0000] {dagbag.py:525} INFO - Filling up the DagBag from /opt/airflow/dags/forex_data_pipeline.py
[2022-11-11T19:43:49.882+0000] {processor.py:768} INFO - DAG(s) dict_keys(['forex_data_pipeline']) retrieved from /opt/airflow/dags/forex_data_pipeline.py
[2022-11-11T19:43:50.202+0000] {logging_mixin.py:117} INFO - [2022-11-11T19:43:50.201+0000] {dag.py:2573} INFO - Sync 1 DAGs
[2022-11-11T19:43:50.233+0000] {logging_mixin.py:117} INFO - [2022-11-11T19:43:50.233+0000] {dag.py:3328} INFO - Setting next_dagrun for forex_data_pipeline to 2022-11-11T00:00:00+00:00, run_after=2022-11-12T00:00:00+00:00
[2022-11-11T19:43:50.263+0000] {processor.py:178} INFO - Processing /opt/airflow/dags/forex_data_pipeline.py took 1.028 seconds
[2022-11-11T19:44:21.341+0000] {processor.py:156} INFO - Started process (PID=1020) to work on /opt/airflow/dags/forex_data_pipeline.py
[2022-11-11T19:44:21.430+0000] {processor.py:758} INFO - Processing file /opt/airflow/dags/forex_data_pipeline.py for tasks to queue
[2022-11-11T19:44:21.433+0000] {logging_mixin.py:117} INFO - [2022-11-11T19:44:21.433+0000] {dagbag.py:525} INFO - Filling up the DagBag from /opt/airflow/dags/forex_data_pipeline.py
[2022-11-11T19:44:22.838+0000] {processor.py:768} INFO - DAG(s) dict_keys(['forex_data_pipeline']) retrieved from /opt/airflow/dags/forex_data_pipeline.py
[2022-11-11T19:44:23.165+0000] {logging_mixin.py:117} INFO - [2022-11-11T19:44:23.165+0000] {dag.py:2573} INFO - Sync 1 DAGs
[2022-11-11T19:44:23.202+0000] {logging_mixin.py:117} INFO - [2022-11-11T19:44:23.202+0000] {dag.py:3328} INFO - Setting next_dagrun for forex_data_pipeline to 2022-11-11T00:00:00+00:00, run_after=2022-11-12T00:00:00+00:00
[2022-11-11T19:44:23.298+0000] {processor.py:178} INFO - Processing /opt/airflow/dags/forex_data_pipeline.py took 1.936 seconds
[2022-11-11T19:44:31.533+0000] {processor.py:156} INFO - Started process (PID=1032) to work on /opt/airflow/dags/forex_data_pipeline.py
[2022-11-11T19:44:31.567+0000] {processor.py:758} INFO - Processing file /opt/airflow/dags/forex_data_pipeline.py for tasks to queue
[2022-11-11T19:44:31.570+0000] {logging_mixin.py:117} INFO - [2022-11-11T19:44:31.570+0000] {dagbag.py:525} INFO - Filling up the DagBag from /opt/airflow/dags/forex_data_pipeline.py
[2022-11-11T19:44:32.317+0000] {processor.py:768} INFO - DAG(s) dict_keys(['forex_data_pipeline']) retrieved from /opt/airflow/dags/forex_data_pipeline.py
[2022-11-11T19:44:32.616+0000] {logging_mixin.py:117} INFO - [2022-11-11T19:44:32.614+0000] {dag.py:2573} INFO - Sync 1 DAGs
[2022-11-11T19:44:32.659+0000] {logging_mixin.py:117} INFO - [2022-11-11T19:44:32.659+0000] {dag.py:3328} INFO - Setting next_dagrun for forex_data_pipeline to 2022-11-11T00:00:00+00:00, run_after=2022-11-12T00:00:00+00:00
[2022-11-11T19:44:32.720+0000] {processor.py:178} INFO - Processing /opt/airflow/dags/forex_data_pipeline.py took 1.190 seconds
[2022-11-11T19:45:02.936+0000] {processor.py:156} INFO - Started process (PID=1056) to work on /opt/airflow/dags/forex_data_pipeline.py
[2022-11-11T19:45:02.940+0000] {processor.py:758} INFO - Processing file /opt/airflow/dags/forex_data_pipeline.py for tasks to queue
[2022-11-11T19:45:02.942+0000] {logging_mixin.py:117} INFO - [2022-11-11T19:45:02.941+0000] {dagbag.py:525} INFO - Filling up the DagBag from /opt/airflow/dags/forex_data_pipeline.py
[2022-11-11T19:45:03.453+0000] {processor.py:768} INFO - DAG(s) dict_keys(['forex_data_pipeline']) retrieved from /opt/airflow/dags/forex_data_pipeline.py
[2022-11-11T19:45:03.848+0000] {logging_mixin.py:117} INFO - [2022-11-11T19:45:03.847+0000] {dag.py:2573} INFO - Sync 1 DAGs
[2022-11-11T19:45:03.880+0000] {logging_mixin.py:117} INFO - [2022-11-11T19:45:03.880+0000] {dag.py:3328} INFO - Setting next_dagrun for forex_data_pipeline to 2022-11-11T00:00:00+00:00, run_after=2022-11-12T00:00:00+00:00
[2022-11-11T19:45:03.909+0000] {processor.py:178} INFO - Processing /opt/airflow/dags/forex_data_pipeline.py took 0.976 seconds
[2022-11-11T19:45:35.073+0000] {processor.py:156} INFO - Started process (PID=1085) to work on /opt/airflow/dags/forex_data_pipeline.py
[2022-11-11T19:45:35.077+0000] {processor.py:758} INFO - Processing file /opt/airflow/dags/forex_data_pipeline.py for tasks to queue
[2022-11-11T19:45:35.079+0000] {logging_mixin.py:117} INFO - [2022-11-11T19:45:35.078+0000] {dagbag.py:525} INFO - Filling up the DagBag from /opt/airflow/dags/forex_data_pipeline.py
[2022-11-11T19:45:36.049+0000] {processor.py:768} INFO - DAG(s) dict_keys(['forex_data_pipeline']) retrieved from /opt/airflow/dags/forex_data_pipeline.py
[2022-11-11T19:45:36.579+0000] {logging_mixin.py:117} INFO - [2022-11-11T19:45:36.578+0000] {dag.py:2573} INFO - Sync 1 DAGs
[2022-11-11T19:45:36.615+0000] {logging_mixin.py:117} INFO - [2022-11-11T19:45:36.615+0000] {dag.py:3328} INFO - Setting next_dagrun for forex_data_pipeline to 2022-11-11T00:00:00+00:00, run_after=2022-11-12T00:00:00+00:00
[2022-11-11T19:45:36.722+0000] {processor.py:178} INFO - Processing /opt/airflow/dags/forex_data_pipeline.py took 1.652 seconds
[2022-11-11T19:45:40.107+0000] {processor.py:156} INFO - Started process (PID=1087) to work on /opt/airflow/dags/forex_data_pipeline.py
[2022-11-11T19:45:40.112+0000] {processor.py:758} INFO - Processing file /opt/airflow/dags/forex_data_pipeline.py for tasks to queue
[2022-11-11T19:45:40.114+0000] {logging_mixin.py:117} INFO - [2022-11-11T19:45:40.114+0000] {dagbag.py:525} INFO - Filling up the DagBag from /opt/airflow/dags/forex_data_pipeline.py
[2022-11-11T19:45:40.787+0000] {processor.py:768} INFO - DAG(s) dict_keys(['forex_data_pipeline']) retrieved from /opt/airflow/dags/forex_data_pipeline.py
[2022-11-11T19:45:41.068+0000] {logging_mixin.py:117} INFO - [2022-11-11T19:45:41.068+0000] {dag.py:2573} INFO - Sync 1 DAGs
[2022-11-11T19:45:41.107+0000] {logging_mixin.py:117} INFO - [2022-11-11T19:45:41.107+0000] {dag.py:3328} INFO - Setting next_dagrun for forex_data_pipeline to 2022-11-11T00:00:00+00:00, run_after=2022-11-12T00:00:00+00:00
[2022-11-11T19:45:41.153+0000] {processor.py:178} INFO - Processing /opt/airflow/dags/forex_data_pipeline.py took 1.050 seconds
