[2022-12-27T23:59:59.070+0000] {taskinstance.py:1087} INFO - Dependencies all met for <TaskInstance: forex_data_pipeline.is_forex_rates_available scheduled__2022-12-24T00:00:00+00:00 [queued]>
[2022-12-27T23:59:59.088+0000] {taskinstance.py:1087} INFO - Dependencies all met for <TaskInstance: forex_data_pipeline.is_forex_rates_available scheduled__2022-12-24T00:00:00+00:00 [queued]>
[2022-12-27T23:59:59.089+0000] {taskinstance.py:1283} INFO - 
--------------------------------------------------------------------------------
[2022-12-27T23:59:59.090+0000] {taskinstance.py:1284} INFO - Starting attempt 1 of 3
[2022-12-27T23:59:59.091+0000] {taskinstance.py:1285} INFO - 
--------------------------------------------------------------------------------
[2022-12-27T23:59:59.112+0000] {taskinstance.py:1304} INFO - Executing <Task(HttpSensor): is_forex_rates_available> on 2022-12-24 00:00:00+00:00
[2022-12-27T23:59:59.119+0000] {standard_task_runner.py:55} INFO - Started process 84 to run task
[2022-12-27T23:59:59.125+0000] {standard_task_runner.py:82} INFO - Running: ['***', 'tasks', 'run', 'forex_data_pipeline', 'is_forex_rates_available', 'scheduled__2022-12-24T00:00:00+00:00', '--job-id', '482', '--raw', '--subdir', 'DAGS_FOLDER/forex_data_pipeline.py', '--cfg-path', '/tmp/tmprug12a89']
[2022-12-27T23:59:59.127+0000] {standard_task_runner.py:83} INFO - Job 482: Subtask is_forex_rates_available
[2022-12-27T23:59:59.238+0000] {task_command.py:389} INFO - Running <TaskInstance: forex_data_pipeline.is_forex_rates_available scheduled__2022-12-24T00:00:00+00:00 [running]> on host b21115e7dff0
[2022-12-27T23:59:59.373+0000] {taskinstance.py:1513} INFO - Exporting the following env vars:
AIRFLOW_CTX_DAG_EMAIL=juanfelipehdezm@gmail.com
AIRFLOW_CTX_DAG_OWNER=felipehdez
AIRFLOW_CTX_DAG_ID=forex_data_pipeline
AIRFLOW_CTX_TASK_ID=is_forex_rates_available
AIRFLOW_CTX_EXECUTION_DATE=2022-12-24T00:00:00+00:00
AIRFLOW_CTX_TRY_NUMBER=1
AIRFLOW_CTX_DAG_RUN_ID=scheduled__2022-12-24T00:00:00+00:00
[2022-12-27T23:59:59.375+0000] {http.py:122} INFO - Poking: /query?function=CURRENCY_EXCHANGE_RATE&from_currency=USD&to_currency=COP&apikey=EHCCX9LJ1T4XQV4E
[2022-12-27T23:59:59.387+0000] {base.py:73} INFO - Using connection ID 'forex_api' for task execution.
[2022-12-27T23:59:59.399+0000] {http.py:150} INFO - Sending 'GET' to url: https://www.alphavantage.co/query?function=CURRENCY_EXCHANGE_RATE&from_currency=USD&to_currency=COP&apikey=EHCCX9LJ1T4XQV4E
[2022-12-28T00:00:03.411+0000] {base.py:228} INFO - Success criteria met. Exiting.
[2022-12-28T00:00:03.426+0000] {taskinstance.py:1327} INFO - Marking task as SUCCESS. dag_id=forex_data_pipeline, task_id=is_forex_rates_available, execution_date=20221224T000000, start_date=20221227T235959, end_date=20221228T000003
[2022-12-28T00:00:03.476+0000] {local_task_job.py:159} INFO - Task exited with return code 0
[2022-12-28T00:00:03.512+0000] {taskinstance.py:2582} INFO - 1 downstream tasks scheduled from follow-on schedule check
