[2022-12-06T19:15:15.735+0000] {processor.py:156} INFO - Started process (PID=41) to work on /opt/airflow/dags/forex_data_pipeline.py
[2022-12-06T19:15:15.744+0000] {processor.py:758} INFO - Processing file /opt/airflow/dags/forex_data_pipeline.py for tasks to queue
[2022-12-06T19:15:15.765+0000] {logging_mixin.py:117} INFO - [2022-12-06T19:15:15.765+0000] {dagbag.py:525} INFO - Filling up the DagBag from /opt/airflow/dags/forex_data_pipeline.py
[2022-12-06T19:15:16.831+0000] {processor.py:768} INFO - DAG(s) dict_keys(['forex_data_pipeline']) retrieved from /opt/airflow/dags/forex_data_pipeline.py
[2022-12-06T19:15:17.153+0000] {logging_mixin.py:117} INFO - [2022-12-06T19:15:17.152+0000] {dag.py:2573} INFO - Sync 1 DAGs
[2022-12-06T19:15:17.205+0000] {logging_mixin.py:117} INFO - [2022-12-06T19:15:17.204+0000] {dag.py:3328} INFO - Setting next_dagrun for forex_data_pipeline to 2022-12-06T00:00:00+00:00, run_after=2022-12-07T00:00:00+00:00
[2022-12-06T19:15:17.252+0000] {processor.py:178} INFO - Processing /opt/airflow/dags/forex_data_pipeline.py took 1.523 seconds
[2022-12-06T19:15:47.702+0000] {processor.py:156} INFO - Started process (PID=94) to work on /opt/airflow/dags/forex_data_pipeline.py
[2022-12-06T19:15:47.704+0000] {processor.py:758} INFO - Processing file /opt/airflow/dags/forex_data_pipeline.py for tasks to queue
[2022-12-06T19:15:47.706+0000] {logging_mixin.py:117} INFO - [2022-12-06T19:15:47.705+0000] {dagbag.py:525} INFO - Filling up the DagBag from /opt/airflow/dags/forex_data_pipeline.py
[2022-12-06T19:15:48.140+0000] {processor.py:768} INFO - DAG(s) dict_keys(['forex_data_pipeline']) retrieved from /opt/airflow/dags/forex_data_pipeline.py
[2022-12-06T19:15:48.288+0000] {logging_mixin.py:117} INFO - [2022-12-06T19:15:48.287+0000] {dag.py:2573} INFO - Sync 1 DAGs
[2022-12-06T19:15:48.312+0000] {logging_mixin.py:117} INFO - [2022-12-06T19:15:48.312+0000] {dag.py:3328} INFO - Setting next_dagrun for forex_data_pipeline to 2022-12-06T00:00:00+00:00, run_after=2022-12-07T00:00:00+00:00
[2022-12-06T19:15:48.349+0000] {processor.py:178} INFO - Processing /opt/airflow/dags/forex_data_pipeline.py took 0.649 seconds
[2022-12-06T23:10:26.940+0000] {processor.py:153} INFO - Started process (PID=50) to work on /opt/airflow/dags/forex_data_pipeline.py
[2022-12-06T23:10:26.946+0000] {processor.py:743} INFO - Processing file /opt/airflow/dags/forex_data_pipeline.py for tasks to queue
[2022-12-06T23:10:26.947+0000] {logging_mixin.py:137} INFO - [2022-12-06T23:10:26.947+0000] {dagbag.py:538} INFO - Filling up the DagBag from /opt/airflow/dags/forex_data_pipeline.py
[2022-12-06T23:10:28.266+0000] {processor.py:753} INFO - DAG(s) dict_keys(['forex_data_pipeline']) retrieved from /opt/airflow/dags/forex_data_pipeline.py
[2022-12-06T23:10:28.333+0000] {logging_mixin.py:137} INFO - [2022-12-06T23:10:28.332+0000] {dag.py:2676} INFO - Sync 1 DAGs
[2022-12-06T23:10:28.372+0000] {logging_mixin.py:137} INFO - [2022-12-06T23:10:28.372+0000] {dag.py:3427} INFO - Setting next_dagrun for forex_data_pipeline to 2022-12-06T00:00:00+00:00, run_after=2022-12-07T00:00:00+00:00
[2022-12-06T23:10:28.444+0000] {processor.py:175} INFO - Processing /opt/airflow/dags/forex_data_pipeline.py took 1.508 seconds
[2022-12-06T23:10:58.723+0000] {processor.py:153} INFO - Started process (PID=103) to work on /opt/airflow/dags/forex_data_pipeline.py
[2022-12-06T23:10:58.726+0000] {processor.py:743} INFO - Processing file /opt/airflow/dags/forex_data_pipeline.py for tasks to queue
[2022-12-06T23:10:58.727+0000] {logging_mixin.py:137} INFO - [2022-12-06T23:10:58.727+0000] {dagbag.py:538} INFO - Filling up the DagBag from /opt/airflow/dags/forex_data_pipeline.py
[2022-12-06T23:10:59.193+0000] {processor.py:753} INFO - DAG(s) dict_keys(['forex_data_pipeline']) retrieved from /opt/airflow/dags/forex_data_pipeline.py
[2022-12-06T23:10:59.212+0000] {logging_mixin.py:137} INFO - [2022-12-06T23:10:59.212+0000] {dag.py:2676} INFO - Sync 1 DAGs
[2022-12-06T23:10:59.233+0000] {logging_mixin.py:137} INFO - [2022-12-06T23:10:59.233+0000] {dag.py:3427} INFO - Setting next_dagrun for forex_data_pipeline to 2022-12-06T00:00:00+00:00, run_after=2022-12-07T00:00:00+00:00
[2022-12-06T23:10:59.251+0000] {processor.py:175} INFO - Processing /opt/airflow/dags/forex_data_pipeline.py took 0.532 seconds
