[2023-03-27T22:12:18.707+0000] {taskinstance.py:1087} INFO - Dependencies all met for <TaskInstance: forex_data_pipeline.is_forex_rates_available scheduled__2023-03-26T00:00:00+00:00 [queued]>
[2023-03-27T22:12:18.722+0000] {taskinstance.py:1087} INFO - Dependencies all met for <TaskInstance: forex_data_pipeline.is_forex_rates_available scheduled__2023-03-26T00:00:00+00:00 [queued]>
[2023-03-27T22:12:18.723+0000] {taskinstance.py:1283} INFO - 
--------------------------------------------------------------------------------
[2023-03-27T22:12:18.724+0000] {taskinstance.py:1284} INFO - Starting attempt 1 of 3
[2023-03-27T22:12:18.725+0000] {taskinstance.py:1285} INFO - 
--------------------------------------------------------------------------------
[2023-03-27T22:12:18.744+0000] {taskinstance.py:1304} INFO - Executing <Task(HttpSensor): is_forex_rates_available> on 2023-03-26 00:00:00+00:00
[2023-03-27T22:12:18.750+0000] {standard_task_runner.py:55} INFO - Started process 85 to run task
[2023-03-27T22:12:18.755+0000] {standard_task_runner.py:82} INFO - Running: ['***', 'tasks', 'run', 'forex_data_pipeline', 'is_forex_rates_available', 'scheduled__2023-03-26T00:00:00+00:00', '--job-id', '970', '--raw', '--subdir', 'DAGS_FOLDER/forex_data_pipeline.py', '--cfg-path', '/tmp/tmptukj482a']
[2023-03-27T22:12:18.757+0000] {standard_task_runner.py:83} INFO - Job 970: Subtask is_forex_rates_available
[2023-03-27T22:12:18.835+0000] {task_command.py:389} INFO - Running <TaskInstance: forex_data_pipeline.is_forex_rates_available scheduled__2023-03-26T00:00:00+00:00 [running]> on host b21115e7dff0
[2023-03-27T22:12:18.920+0000] {taskinstance.py:1513} INFO - Exporting the following env vars:
AIRFLOW_CTX_DAG_EMAIL=juanfelipehdezm@gmail.com
AIRFLOW_CTX_DAG_OWNER=felipehdez
AIRFLOW_CTX_DAG_ID=forex_data_pipeline
AIRFLOW_CTX_TASK_ID=is_forex_rates_available
AIRFLOW_CTX_EXECUTION_DATE=2023-03-26T00:00:00+00:00
AIRFLOW_CTX_TRY_NUMBER=1
AIRFLOW_CTX_DAG_RUN_ID=scheduled__2023-03-26T00:00:00+00:00
[2023-03-27T22:12:18.923+0000] {http.py:122} INFO - Poking: /query?function=CURRENCY_EXCHANGE_RATE&from_currency=USD&to_currency=COP&apikey=EHCCX9LJ1T4XQV4E
[2023-03-27T22:12:18.934+0000] {base.py:73} INFO - Using connection ID 'forex_api' for task execution.
[2023-03-27T22:12:18.937+0000] {http.py:150} INFO - Sending 'GET' to url: https://www.alphavantage.co/query?function=CURRENCY_EXCHANGE_RATE&from_currency=USD&to_currency=COP&apikey=EHCCX9LJ1T4XQV4E
[2023-03-27T22:12:20.253+0000] {base.py:228} INFO - Success criteria met. Exiting.
[2023-03-27T22:12:20.265+0000] {taskinstance.py:1327} INFO - Marking task as SUCCESS. dag_id=forex_data_pipeline, task_id=is_forex_rates_available, execution_date=20230326T000000, start_date=20230327T221218, end_date=20230327T221220
[2023-03-27T22:12:20.292+0000] {local_task_job.py:159} INFO - Task exited with return code 0
[2023-03-27T22:12:20.331+0000] {taskinstance.py:2582} INFO - 1 downstream tasks scheduled from follow-on schedule check
