[2023-03-10T23:23:50.454+0000] {taskinstance.py:1087} INFO - Dependencies all met for <TaskInstance: forex_data_pipeline.is_forex_rates_file_available scheduled__2023-03-08T00:00:00+00:00 [queued]>
[2023-03-10T23:23:50.468+0000] {taskinstance.py:1087} INFO - Dependencies all met for <TaskInstance: forex_data_pipeline.is_forex_rates_file_available scheduled__2023-03-08T00:00:00+00:00 [queued]>
[2023-03-10T23:23:50.469+0000] {taskinstance.py:1283} INFO - 
--------------------------------------------------------------------------------
[2023-03-10T23:23:50.469+0000] {taskinstance.py:1284} INFO - Starting attempt 1 of 3
[2023-03-10T23:23:50.470+0000] {taskinstance.py:1285} INFO - 
--------------------------------------------------------------------------------
[2023-03-10T23:23:50.486+0000] {taskinstance.py:1304} INFO - Executing <Task(FileSensor): is_forex_rates_file_available> on 2023-03-08 00:00:00+00:00
[2023-03-10T23:23:50.514+0000] {standard_task_runner.py:55} INFO - Started process 96 to run task
[2023-03-10T23:23:50.519+0000] {standard_task_runner.py:82} INFO - Running: ['***', 'tasks', 'run', 'forex_data_pipeline', 'is_forex_rates_file_available', 'scheduled__2023-03-08T00:00:00+00:00', '--job-id', '873', '--raw', '--subdir', 'DAGS_FOLDER/forex_data_pipeline.py', '--cfg-path', '/tmp/tmp6ogm4hdy']
[2023-03-10T23:23:50.528+0000] {standard_task_runner.py:83} INFO - Job 873: Subtask is_forex_rates_file_available
[2023-03-10T23:23:50.619+0000] {task_command.py:389} INFO - Running <TaskInstance: forex_data_pipeline.is_forex_rates_file_available scheduled__2023-03-08T00:00:00+00:00 [running]> on host b21115e7dff0
[2023-03-10T23:23:50.740+0000] {taskinstance.py:1513} INFO - Exporting the following env vars:
AIRFLOW_CTX_DAG_EMAIL=juanfelipehdezm@gmail.com
AIRFLOW_CTX_DAG_OWNER=felipehdez
AIRFLOW_CTX_DAG_ID=forex_data_pipeline
AIRFLOW_CTX_TASK_ID=is_forex_rates_file_available
AIRFLOW_CTX_EXECUTION_DATE=2023-03-08T00:00:00+00:00
AIRFLOW_CTX_TRY_NUMBER=1
AIRFLOW_CTX_DAG_RUN_ID=scheduled__2023-03-08T00:00:00+00:00
[2023-03-10T23:23:50.757+0000] {base.py:73} INFO - Using connection ID 'forex_path' for task execution.
[2023-03-10T23:23:50.763+0000] {filesystem.py:64} INFO - Poking for file /opt/***/dags/files/rates.json
[2023-03-10T23:23:50.814+0000] {filesystem.py:69} INFO - Found File /opt/***/dags/files/rates.json last modified: 20230310232349
[2023-03-10T23:23:50.815+0000] {base.py:228} INFO - Success criteria met. Exiting.
[2023-03-10T23:23:50.836+0000] {taskinstance.py:1327} INFO - Marking task as SUCCESS. dag_id=forex_data_pipeline, task_id=is_forex_rates_file_available, execution_date=20230308T000000, start_date=20230310T232350, end_date=20230310T232350
[2023-03-10T23:23:50.933+0000] {local_task_job.py:159} INFO - Task exited with return code 0
[2023-03-10T23:23:51.048+0000] {taskinstance.py:2582} INFO - 1 downstream tasks scheduled from follow-on schedule check
