[2022-12-16T22:39:50.691+0000] {taskinstance.py:1087} INFO - Dependencies all met for <TaskInstance: forex_data_pipeline.create_forexRates_database scheduled__2022-12-15T00:00:00+00:00 [queued]>
[2022-12-16T22:39:50.710+0000] {taskinstance.py:1087} INFO - Dependencies all met for <TaskInstance: forex_data_pipeline.create_forexRates_database scheduled__2022-12-15T00:00:00+00:00 [queued]>
[2022-12-16T22:39:50.711+0000] {taskinstance.py:1283} INFO - 
--------------------------------------------------------------------------------
[2022-12-16T22:39:50.712+0000] {taskinstance.py:1284} INFO - Starting attempt 1 of 3
[2022-12-16T22:39:50.713+0000] {taskinstance.py:1285} INFO - 
--------------------------------------------------------------------------------
[2022-12-16T22:39:50.736+0000] {taskinstance.py:1304} INFO - Executing <Task(PostgresOperator): create_forexRates_database> on 2022-12-15 00:00:00+00:00
[2022-12-16T22:39:50.743+0000] {standard_task_runner.py:55} INFO - Started process 82 to run task
[2022-12-16T22:39:50.749+0000] {standard_task_runner.py:82} INFO - Running: ['***', 'tasks', 'run', 'forex_data_pipeline', 'create_forexRates_database', 'scheduled__2022-12-15T00:00:00+00:00', '--job-id', '432', '--raw', '--subdir', 'DAGS_FOLDER/forex_data_pipeline.py', '--cfg-path', '/tmp/tmphuw72kz_']
[2022-12-16T22:39:50.752+0000] {standard_task_runner.py:83} INFO - Job 432: Subtask create_forexRates_database
[2022-12-16T22:39:50.842+0000] {task_command.py:389} INFO - Running <TaskInstance: forex_data_pipeline.create_forexRates_database scheduled__2022-12-15T00:00:00+00:00 [running]> on host aa00172a3355
[2022-12-16T22:39:50.942+0000] {taskinstance.py:1513} INFO - Exporting the following env vars:
AIRFLOW_CTX_DAG_EMAIL=juanfelipehdezm@gmail.com
AIRFLOW_CTX_DAG_OWNER=felipehdez
AIRFLOW_CTX_DAG_ID=forex_data_pipeline
AIRFLOW_CTX_TASK_ID=create_forexRates_database
AIRFLOW_CTX_EXECUTION_DATE=2022-12-15T00:00:00+00:00
AIRFLOW_CTX_TRY_NUMBER=1
AIRFLOW_CTX_DAG_RUN_ID=scheduled__2022-12-15T00:00:00+00:00
[2022-12-16T22:39:50.944+0000] {sql.py:253} INFO - Executing: 

            DROP TABLE IF EXISTS forex_ratings;

            CREATE TABLE IF NOT EXISTS forex_ratings (
                From_Currency_Code TEXT NOT NULL,
                From_Currency_Name TEXT NOT NULL,
                To_Currency_Code TEXT NOT NULL,
                To_Currency_Name TEXT NOT NULL,
                Exchange_Rate NUMERIC(6,2),
                Last_Refreshed TIMESTAMP NOT NULL,
                Time_Zone TEXT NOT NULL
            );
        
[2022-12-16T22:39:50.958+0000] {base.py:73} INFO - Using connection ID 'forex_db' for task execution.
[2022-12-16T22:39:51.240+0000] {base.py:73} INFO - Using connection ID 'forex_db' for task execution.
[2022-12-16T22:39:51.244+0000] {sql.py:364} INFO - Running statement: 

            DROP TABLE IF EXISTS forex_ratings;

            CREATE TABLE IF NOT EXISTS forex_ratings (
                From_Currency_Code TEXT NOT NULL,
                From_Currency_Name TEXT NOT NULL,
                To_Currency_Code TEXT NOT NULL,
                To_Currency_Name TEXT NOT NULL,
                Exchange_Rate NUMERIC(6,2),
                Last_Refreshed TIMESTAMP NOT NULL,
                Time_Zone TEXT NOT NULL
            );
        , parameters: None
[2022-12-16T22:39:51.271+0000] {taskinstance.py:1327} INFO - Marking task as SUCCESS. dag_id=forex_data_pipeline, task_id=create_forexRates_database, execution_date=20221215T000000, start_date=20221216T223950, end_date=20221216T223951
[2022-12-16T22:39:51.321+0000] {local_task_job.py:159} INFO - Task exited with return code 0
[2022-12-16T22:39:51.347+0000] {taskinstance.py:2582} INFO - 0 downstream tasks scheduled from follow-on schedule check
