[2023-01-18T23:49:57.450+0000] {processor.py:153} INFO - Started process (PID=49) to work on /opt/airflow/dags/forex_data_pipeline.py
[2023-01-18T23:49:57.453+0000] {processor.py:743} INFO - Processing file /opt/airflow/dags/forex_data_pipeline.py for tasks to queue
[2023-01-18T23:49:57.455+0000] {logging_mixin.py:137} INFO - [2023-01-18T23:49:57.455+0000] {dagbag.py:538} INFO - Filling up the DagBag from /opt/airflow/dags/forex_data_pipeline.py
[2023-01-18T23:49:58.646+0000] {processor.py:753} INFO - DAG(s) dict_keys(['forex_data_pipeline']) retrieved from /opt/airflow/dags/forex_data_pipeline.py
[2023-01-18T23:49:58.724+0000] {logging_mixin.py:137} INFO - [2023-01-18T23:49:58.722+0000] {dag.py:2676} INFO - Sync 1 DAGs
[2023-01-18T23:49:58.820+0000] {logging_mixin.py:137} INFO - [2023-01-18T23:49:58.819+0000] {dag.py:3427} INFO - Setting next_dagrun for forex_data_pipeline to 2023-01-18T00:00:00+00:00, run_after=2023-01-19T00:00:00+00:00
[2023-01-18T23:49:58.925+0000] {processor.py:175} INFO - Processing /opt/airflow/dags/forex_data_pipeline.py took 1.479 seconds
[2023-01-18T23:50:29.396+0000] {processor.py:153} INFO - Started process (PID=131) to work on /opt/airflow/dags/forex_data_pipeline.py
[2023-01-18T23:50:29.397+0000] {processor.py:743} INFO - Processing file /opt/airflow/dags/forex_data_pipeline.py for tasks to queue
[2023-01-18T23:50:29.398+0000] {logging_mixin.py:137} INFO - [2023-01-18T23:50:29.398+0000] {dagbag.py:538} INFO - Filling up the DagBag from /opt/airflow/dags/forex_data_pipeline.py
[2023-01-18T23:50:29.632+0000] {processor.py:753} INFO - DAG(s) dict_keys(['forex_data_pipeline']) retrieved from /opt/airflow/dags/forex_data_pipeline.py
[2023-01-18T23:50:29.653+0000] {logging_mixin.py:137} INFO - [2023-01-18T23:50:29.652+0000] {dag.py:2676} INFO - Sync 1 DAGs
[2023-01-18T23:50:29.674+0000] {logging_mixin.py:137} INFO - [2023-01-18T23:50:29.674+0000] {dag.py:3427} INFO - Setting next_dagrun for forex_data_pipeline to 2023-01-18T00:00:00+00:00, run_after=2023-01-19T00:00:00+00:00
[2023-01-18T23:50:29.698+0000] {processor.py:175} INFO - Processing /opt/airflow/dags/forex_data_pipeline.py took 0.305 seconds
[2023-01-18T23:51:00.255+0000] {processor.py:153} INFO - Started process (PID=176) to work on /opt/airflow/dags/forex_data_pipeline.py
[2023-01-18T23:51:00.257+0000] {processor.py:743} INFO - Processing file /opt/airflow/dags/forex_data_pipeline.py for tasks to queue
[2023-01-18T23:51:00.258+0000] {logging_mixin.py:137} INFO - [2023-01-18T23:51:00.258+0000] {dagbag.py:538} INFO - Filling up the DagBag from /opt/airflow/dags/forex_data_pipeline.py
[2023-01-18T23:51:00.509+0000] {processor.py:753} INFO - DAG(s) dict_keys(['forex_data_pipeline']) retrieved from /opt/airflow/dags/forex_data_pipeline.py
[2023-01-18T23:51:00.530+0000] {logging_mixin.py:137} INFO - [2023-01-18T23:51:00.530+0000] {dag.py:2676} INFO - Sync 1 DAGs
[2023-01-18T23:51:00.552+0000] {logging_mixin.py:137} INFO - [2023-01-18T23:51:00.552+0000] {dag.py:3427} INFO - Setting next_dagrun for forex_data_pipeline to 2023-01-18T00:00:00+00:00, run_after=2023-01-19T00:00:00+00:00
[2023-01-18T23:51:00.573+0000] {processor.py:175} INFO - Processing /opt/airflow/dags/forex_data_pipeline.py took 0.321 seconds
[2023-01-18T23:51:31.305+0000] {processor.py:153} INFO - Started process (PID=240) to work on /opt/airflow/dags/forex_data_pipeline.py
[2023-01-18T23:51:31.308+0000] {processor.py:743} INFO - Processing file /opt/airflow/dags/forex_data_pipeline.py for tasks to queue
[2023-01-18T23:51:31.312+0000] {logging_mixin.py:137} INFO - [2023-01-18T23:51:31.312+0000] {dagbag.py:538} INFO - Filling up the DagBag from /opt/airflow/dags/forex_data_pipeline.py
[2023-01-18T23:51:31.603+0000] {processor.py:753} INFO - DAG(s) dict_keys(['forex_data_pipeline']) retrieved from /opt/airflow/dags/forex_data_pipeline.py
[2023-01-18T23:51:31.623+0000] {logging_mixin.py:137} INFO - [2023-01-18T23:51:31.623+0000] {dag.py:2676} INFO - Sync 1 DAGs
[2023-01-18T23:51:31.645+0000] {logging_mixin.py:137} INFO - [2023-01-18T23:51:31.645+0000] {dag.py:3427} INFO - Setting next_dagrun for forex_data_pipeline to 2023-01-18T00:00:00+00:00, run_after=2023-01-19T00:00:00+00:00
[2023-01-18T23:51:31.666+0000] {processor.py:175} INFO - Processing /opt/airflow/dags/forex_data_pipeline.py took 0.363 seconds
