[2022-11-16T01:00:19.766+0000] {taskinstance.py:1165} INFO - Dependencies all met for <TaskInstance: forex_data_pipeline.is_forex_file_available scheduled__2022-11-15T00:00:00+00:00 [queued]>
[2022-11-16T01:00:19.778+0000] {taskinstance.py:1165} INFO - Dependencies all met for <TaskInstance: forex_data_pipeline.is_forex_file_available scheduled__2022-11-15T00:00:00+00:00 [queued]>
[2022-11-16T01:00:19.779+0000] {taskinstance.py:1362} INFO - 
--------------------------------------------------------------------------------
[2022-11-16T01:00:19.780+0000] {taskinstance.py:1363} INFO - Starting attempt 4 of 6
[2022-11-16T01:00:19.781+0000] {taskinstance.py:1364} INFO - 
--------------------------------------------------------------------------------
[2022-11-16T01:00:19.795+0000] {taskinstance.py:1383} INFO - Executing <Task(FileSensor): is_forex_file_available> on 2022-11-15 00:00:00+00:00
[2022-11-16T01:00:19.799+0000] {standard_task_runner.py:54} INFO - Started process 1501 to run task
[2022-11-16T01:00:19.802+0000] {standard_task_runner.py:82} INFO - Running: ['***', 'tasks', 'run', 'forex_data_pipeline', 'is_forex_file_available', 'scheduled__2022-11-15T00:00:00+00:00', '--job-id', '181', '--raw', '--subdir', 'DAGS_FOLDER/forex_data_pipeline.py', '--cfg-path', '/tmp/tmpbp6evlco']
[2022-11-16T01:00:19.803+0000] {standard_task_runner.py:83} INFO - Job 181: Subtask is_forex_file_available
[2022-11-16T01:00:19.804+0000] {dagbag.py:525} INFO - Filling up the DagBag from /opt/***/dags/forex_data_pipeline.py
[2022-11-16T01:00:20.159+0000] {task_command.py:384} INFO - Running <TaskInstance: forex_data_pipeline.is_forex_file_available scheduled__2022-11-15T00:00:00+00:00 [running]> on host 9cbdb5013874
[2022-11-16T01:00:20.215+0000] {taskinstance.py:1592} INFO - Exporting the following env vars:
AIRFLOW_CTX_DAG_EMAIL=juanfelipehdezm@gmail.com
AIRFLOW_CTX_DAG_OWNER=felipehdez
AIRFLOW_CTX_DAG_ID=forex_data_pipeline
AIRFLOW_CTX_TASK_ID=is_forex_file_available
AIRFLOW_CTX_EXECUTION_DATE=2022-11-15T00:00:00+00:00
AIRFLOW_CTX_TRY_NUMBER=4
AIRFLOW_CTX_DAG_RUN_ID=scheduled__2022-11-15T00:00:00+00:00
[2022-11-16T01:00:20.225+0000] {base.py:71} INFO - Using connection ID 'forex_path' for task execution.
[2022-11-16T01:00:20.226+0000] {filesystem.py:58} INFO - Poking for file /opt/***/dags/files/rates.json
[2022-11-16T01:00:20.238+0000] {filesystem.py:63} INFO - Found File /opt/***/dags/files/rates.json last modified: 20221116010018
[2022-11-16T01:00:20.239+0000] {base.py:213} INFO - Success criteria met. Exiting.
[2022-11-16T01:00:20.248+0000] {taskinstance.py:1406} INFO - Marking task as SUCCESS. dag_id=forex_data_pipeline, task_id=is_forex_file_available, execution_date=20221115T000000, start_date=20221116T010019, end_date=20221116T010020
[2022-11-16T01:00:20.297+0000] {local_task_job.py:164} INFO - Task exited with return code 0
[2022-11-16T01:00:20.329+0000] {local_task_job.py:273} INFO - 1 downstream tasks scheduled from follow-on schedule check
