[2022-11-11T19:44:52.331+0000] {taskinstance.py:1165} INFO - Dependencies all met for <TaskInstance: forex_data_pipeline.downloading_rates manual__2022-11-11T19:44:48.903829+00:00 [queued]>
[2022-11-11T19:44:52.348+0000] {taskinstance.py:1165} INFO - Dependencies all met for <TaskInstance: forex_data_pipeline.downloading_rates manual__2022-11-11T19:44:48.903829+00:00 [queued]>
[2022-11-11T19:44:52.349+0000] {taskinstance.py:1362} INFO - 
--------------------------------------------------------------------------------
[2022-11-11T19:44:52.350+0000] {taskinstance.py:1363} INFO - Starting attempt 1 of 3
[2022-11-11T19:44:52.351+0000] {taskinstance.py:1364} INFO - 
--------------------------------------------------------------------------------
[2022-11-11T19:44:52.370+0000] {taskinstance.py:1383} INFO - Executing <Task(PythonOperator): downloading_rates> on 2022-11-11 19:44:48.903829+00:00
[2022-11-11T19:44:52.376+0000] {standard_task_runner.py:54} INFO - Started process 979 to run task
[2022-11-11T19:44:52.380+0000] {standard_task_runner.py:82} INFO - Running: ['***', 'tasks', 'run', 'forex_data_pipeline', 'downloading_rates', 'manual__2022-11-11T19:44:48.903829+00:00', '--job-id', '79', '--raw', '--subdir', 'DAGS_FOLDER/forex_data_pipeline.py', '--cfg-path', '/tmp/tmp22pdwco9']
[2022-11-11T19:44:52.382+0000] {standard_task_runner.py:83} INFO - Job 79: Subtask downloading_rates
[2022-11-11T19:44:52.384+0000] {dagbag.py:525} INFO - Filling up the DagBag from /opt/***/dags/forex_data_pipeline.py
[2022-11-11T19:44:53.005+0000] {task_command.py:384} INFO - Running <TaskInstance: forex_data_pipeline.downloading_rates manual__2022-11-11T19:44:48.903829+00:00 [running]> on host 9cbdb5013874
[2022-11-11T19:44:53.090+0000] {taskinstance.py:1592} INFO - Exporting the following env vars:
AIRFLOW_CTX_DAG_EMAIL=juanfelipehdezm@gmail.com
AIRFLOW_CTX_DAG_OWNER=felipehdez
AIRFLOW_CTX_DAG_ID=forex_data_pipeline
AIRFLOW_CTX_TASK_ID=downloading_rates
AIRFLOW_CTX_EXECUTION_DATE=2022-11-11T19:44:48.903829+00:00
AIRFLOW_CTX_TRY_NUMBER=1
AIRFLOW_CTX_DAG_RUN_ID=manual__2022-11-11T19:44:48.903829+00:00
[2022-11-11T19:44:54.220+0000] {python.py:177} INFO - Done. Returned value was: None
[2022-11-11T19:44:54.236+0000] {taskinstance.py:1406} INFO - Marking task as SUCCESS. dag_id=forex_data_pipeline, task_id=downloading_rates, execution_date=20221111T194448, start_date=20221111T194452, end_date=20221111T194454
[2022-11-11T19:44:54.296+0000] {local_task_job.py:164} INFO - Task exited with return code 0
[2022-11-11T19:44:54.349+0000] {local_task_job.py:273} INFO - 1 downstream tasks scheduled from follow-on schedule check
