[2022-11-11T19:35:57.899+0000] {taskinstance.py:1165} INFO - Dependencies all met for <TaskInstance: forex_data_pipeline.is_forex_file_available scheduled__2022-11-10T00:00:00+00:00 [queued]>
[2022-11-11T19:35:57.915+0000] {taskinstance.py:1165} INFO - Dependencies all met for <TaskInstance: forex_data_pipeline.is_forex_file_available scheduled__2022-11-10T00:00:00+00:00 [queued]>
[2022-11-11T19:35:57.916+0000] {taskinstance.py:1362} INFO - 
--------------------------------------------------------------------------------
[2022-11-11T19:35:57.917+0000] {taskinstance.py:1363} INFO - Starting attempt 2 of 4
[2022-11-11T19:35:57.918+0000] {taskinstance.py:1364} INFO - 
--------------------------------------------------------------------------------
[2022-11-11T19:35:57.937+0000] {taskinstance.py:1383} INFO - Executing <Task(FileSensor): is_forex_file_available> on 2022-11-10 00:00:00+00:00
[2022-11-11T19:35:57.944+0000] {standard_task_runner.py:54} INFO - Started process 581 to run task
[2022-11-11T19:35:57.947+0000] {standard_task_runner.py:82} INFO - Running: ['***', 'tasks', 'run', 'forex_data_pipeline', 'is_forex_file_available', 'scheduled__2022-11-10T00:00:00+00:00', '--job-id', '75', '--raw', '--subdir', 'DAGS_FOLDER/forex_data_pipeline.py', '--cfg-path', '/tmp/tmpqxyez0yg']
[2022-11-11T19:35:57.948+0000] {standard_task_runner.py:83} INFO - Job 75: Subtask is_forex_file_available
[2022-11-11T19:35:57.950+0000] {dagbag.py:525} INFO - Filling up the DagBag from /opt/***/dags/forex_data_pipeline.py
[2022-11-11T19:35:58.528+0000] {task_command.py:384} INFO - Running <TaskInstance: forex_data_pipeline.is_forex_file_available scheduled__2022-11-10T00:00:00+00:00 [running]> on host 9cbdb5013874
[2022-11-11T19:35:58.615+0000] {taskinstance.py:1592} INFO - Exporting the following env vars:
AIRFLOW_CTX_DAG_EMAIL=juanfelipehdezm@gmail.com
AIRFLOW_CTX_DAG_OWNER=felipehdez
AIRFLOW_CTX_DAG_ID=forex_data_pipeline
AIRFLOW_CTX_TASK_ID=is_forex_file_available
AIRFLOW_CTX_EXECUTION_DATE=2022-11-10T00:00:00+00:00
AIRFLOW_CTX_TRY_NUMBER=2
AIRFLOW_CTX_DAG_RUN_ID=scheduled__2022-11-10T00:00:00+00:00
[2022-11-11T19:35:58.626+0000] {base.py:71} INFO - Using connection ID 'forex_path' for task execution.
[2022-11-11T19:35:58.627+0000] {filesystem.py:58} INFO - Poking for file /opt/***/dags/files/rates.json
[2022-11-11T19:35:58.647+0000] {filesystem.py:63} INFO - Found File /opt/***/dags/files/rates.json last modified: 20221111193557
[2022-11-11T19:35:58.648+0000] {base.py:213} INFO - Success criteria met. Exiting.
[2022-11-11T19:35:58.660+0000] {taskinstance.py:1406} INFO - Marking task as SUCCESS. dag_id=forex_data_pipeline, task_id=is_forex_file_available, execution_date=20221110T000000, start_date=20221111T193557, end_date=20221111T193558
[2022-11-11T19:35:58.722+0000] {local_task_job.py:164} INFO - Task exited with return code 0
[2022-11-11T19:35:58.755+0000] {local_task_job.py:273} INFO - 1 downstream tasks scheduled from follow-on schedule check
