[2023-02-23T00:09:14.862+0000] {processor.py:153} INFO - Started process (PID=49) to work on /opt/airflow/dags/forex_data_pipeline.py
[2023-02-23T00:09:14.866+0000] {processor.py:743} INFO - Processing file /opt/airflow/dags/forex_data_pipeline.py for tasks to queue
[2023-02-23T00:09:14.867+0000] {logging_mixin.py:137} INFO - [2023-02-23T00:09:14.867+0000] {dagbag.py:538} INFO - Filling up the DagBag from /opt/airflow/dags/forex_data_pipeline.py
[2023-02-23T00:09:15.741+0000] {processor.py:753} INFO - DAG(s) dict_keys(['forex_data_pipeline']) retrieved from /opt/airflow/dags/forex_data_pipeline.py
[2023-02-23T00:09:15.798+0000] {logging_mixin.py:137} INFO - [2023-02-23T00:09:15.796+0000] {dag.py:2676} INFO - Sync 1 DAGs
[2023-02-23T00:09:15.847+0000] {logging_mixin.py:137} INFO - [2023-02-23T00:09:15.847+0000] {dag.py:3427} INFO - Setting next_dagrun for forex_data_pipeline to 2023-02-23T00:00:00+00:00, run_after=2023-02-24T00:00:00+00:00
[2023-02-23T00:09:15.887+0000] {processor.py:175} INFO - Processing /opt/airflow/dags/forex_data_pipeline.py took 1.028 seconds
[2023-02-23T00:09:46.525+0000] {processor.py:153} INFO - Started process (PID=134) to work on /opt/airflow/dags/forex_data_pipeline.py
[2023-02-23T00:09:46.527+0000] {processor.py:743} INFO - Processing file /opt/airflow/dags/forex_data_pipeline.py for tasks to queue
[2023-02-23T00:09:46.529+0000] {logging_mixin.py:137} INFO - [2023-02-23T00:09:46.528+0000] {dagbag.py:538} INFO - Filling up the DagBag from /opt/airflow/dags/forex_data_pipeline.py
[2023-02-23T00:09:46.777+0000] {processor.py:753} INFO - DAG(s) dict_keys(['forex_data_pipeline']) retrieved from /opt/airflow/dags/forex_data_pipeline.py
[2023-02-23T00:09:46.799+0000] {logging_mixin.py:137} INFO - [2023-02-23T00:09:46.799+0000] {dag.py:2676} INFO - Sync 1 DAGs
[2023-02-23T00:09:46.824+0000] {logging_mixin.py:137} INFO - [2023-02-23T00:09:46.823+0000] {dag.py:3427} INFO - Setting next_dagrun for forex_data_pipeline to 2023-02-23T00:00:00+00:00, run_after=2023-02-24T00:00:00+00:00
[2023-02-23T00:09:46.847+0000] {processor.py:175} INFO - Processing /opt/airflow/dags/forex_data_pipeline.py took 0.324 seconds
[2023-02-23T00:10:17.137+0000] {processor.py:153} INFO - Started process (PID=178) to work on /opt/airflow/dags/forex_data_pipeline.py
[2023-02-23T00:10:17.139+0000] {processor.py:743} INFO - Processing file /opt/airflow/dags/forex_data_pipeline.py for tasks to queue
[2023-02-23T00:10:17.140+0000] {logging_mixin.py:137} INFO - [2023-02-23T00:10:17.140+0000] {dagbag.py:538} INFO - Filling up the DagBag from /opt/airflow/dags/forex_data_pipeline.py
[2023-02-23T00:10:17.374+0000] {processor.py:753} INFO - DAG(s) dict_keys(['forex_data_pipeline']) retrieved from /opt/airflow/dags/forex_data_pipeline.py
[2023-02-23T00:10:17.397+0000] {logging_mixin.py:137} INFO - [2023-02-23T00:10:17.397+0000] {dag.py:2676} INFO - Sync 1 DAGs
[2023-02-23T00:10:17.417+0000] {logging_mixin.py:137} INFO - [2023-02-23T00:10:17.417+0000] {dag.py:3427} INFO - Setting next_dagrun for forex_data_pipeline to 2023-02-23T00:00:00+00:00, run_after=2023-02-24T00:00:00+00:00
[2023-02-23T00:10:17.436+0000] {processor.py:175} INFO - Processing /opt/airflow/dags/forex_data_pipeline.py took 0.301 seconds
[2023-02-23T00:10:47.741+0000] {processor.py:153} INFO - Started process (PID=243) to work on /opt/airflow/dags/forex_data_pipeline.py
[2023-02-23T00:10:47.743+0000] {processor.py:743} INFO - Processing file /opt/airflow/dags/forex_data_pipeline.py for tasks to queue
[2023-02-23T00:10:47.744+0000] {logging_mixin.py:137} INFO - [2023-02-23T00:10:47.744+0000] {dagbag.py:538} INFO - Filling up the DagBag from /opt/airflow/dags/forex_data_pipeline.py
[2023-02-23T00:10:47.970+0000] {processor.py:753} INFO - DAG(s) dict_keys(['forex_data_pipeline']) retrieved from /opt/airflow/dags/forex_data_pipeline.py
[2023-02-23T00:10:47.992+0000] {logging_mixin.py:137} INFO - [2023-02-23T00:10:47.991+0000] {dag.py:2676} INFO - Sync 1 DAGs
[2023-02-23T00:10:48.012+0000] {logging_mixin.py:137} INFO - [2023-02-23T00:10:48.012+0000] {dag.py:3427} INFO - Setting next_dagrun for forex_data_pipeline to 2023-02-23T00:00:00+00:00, run_after=2023-02-24T00:00:00+00:00
[2023-02-23T00:10:48.033+0000] {processor.py:175} INFO - Processing /opt/airflow/dags/forex_data_pipeline.py took 0.294 seconds
[2023-02-23T00:11:18.168+0000] {processor.py:153} INFO - Started process (PID=287) to work on /opt/airflow/dags/forex_data_pipeline.py
[2023-02-23T00:11:18.170+0000] {processor.py:743} INFO - Processing file /opt/airflow/dags/forex_data_pipeline.py for tasks to queue
[2023-02-23T00:11:18.171+0000] {logging_mixin.py:137} INFO - [2023-02-23T00:11:18.171+0000] {dagbag.py:538} INFO - Filling up the DagBag from /opt/airflow/dags/forex_data_pipeline.py
[2023-02-23T00:11:18.401+0000] {processor.py:753} INFO - DAG(s) dict_keys(['forex_data_pipeline']) retrieved from /opt/airflow/dags/forex_data_pipeline.py
[2023-02-23T00:11:18.423+0000] {logging_mixin.py:137} INFO - [2023-02-23T00:11:18.423+0000] {dag.py:2676} INFO - Sync 1 DAGs
[2023-02-23T00:11:18.445+0000] {logging_mixin.py:137} INFO - [2023-02-23T00:11:18.444+0000] {dag.py:3427} INFO - Setting next_dagrun for forex_data_pipeline to 2023-02-23T00:00:00+00:00, run_after=2023-02-24T00:00:00+00:00
[2023-02-23T00:11:18.469+0000] {processor.py:175} INFO - Processing /opt/airflow/dags/forex_data_pipeline.py took 0.303 seconds
[2023-02-23T00:11:48.692+0000] {processor.py:153} INFO - Started process (PID=351) to work on /opt/airflow/dags/forex_data_pipeline.py
[2023-02-23T00:11:48.695+0000] {processor.py:743} INFO - Processing file /opt/airflow/dags/forex_data_pipeline.py for tasks to queue
[2023-02-23T00:11:48.696+0000] {logging_mixin.py:137} INFO - [2023-02-23T00:11:48.696+0000] {dagbag.py:538} INFO - Filling up the DagBag from /opt/airflow/dags/forex_data_pipeline.py
[2023-02-23T00:11:48.960+0000] {processor.py:753} INFO - DAG(s) dict_keys(['forex_data_pipeline']) retrieved from /opt/airflow/dags/forex_data_pipeline.py
[2023-02-23T00:11:48.982+0000] {logging_mixin.py:137} INFO - [2023-02-23T00:11:48.982+0000] {dag.py:2676} INFO - Sync 1 DAGs
[2023-02-23T00:11:49.003+0000] {logging_mixin.py:137} INFO - [2023-02-23T00:11:49.003+0000] {dag.py:3427} INFO - Setting next_dagrun for forex_data_pipeline to 2023-02-23T00:00:00+00:00, run_after=2023-02-24T00:00:00+00:00
[2023-02-23T00:11:49.027+0000] {processor.py:175} INFO - Processing /opt/airflow/dags/forex_data_pipeline.py took 0.337 seconds
[2023-02-23T00:12:19.188+0000] {processor.py:153} INFO - Started process (PID=395) to work on /opt/airflow/dags/forex_data_pipeline.py
[2023-02-23T00:12:19.190+0000] {processor.py:743} INFO - Processing file /opt/airflow/dags/forex_data_pipeline.py for tasks to queue
[2023-02-23T00:12:19.190+0000] {logging_mixin.py:137} INFO - [2023-02-23T00:12:19.190+0000] {dagbag.py:538} INFO - Filling up the DagBag from /opt/airflow/dags/forex_data_pipeline.py
[2023-02-23T00:12:19.444+0000] {processor.py:753} INFO - DAG(s) dict_keys(['forex_data_pipeline']) retrieved from /opt/airflow/dags/forex_data_pipeline.py
[2023-02-23T00:12:19.503+0000] {logging_mixin.py:137} INFO - [2023-02-23T00:12:19.503+0000] {dag.py:2676} INFO - Sync 1 DAGs
[2023-02-23T00:12:19.531+0000] {logging_mixin.py:137} INFO - [2023-02-23T00:12:19.531+0000] {dag.py:3427} INFO - Setting next_dagrun for forex_data_pipeline to 2023-02-23T00:00:00+00:00, run_after=2023-02-24T00:00:00+00:00
[2023-02-23T00:12:19.557+0000] {processor.py:175} INFO - Processing /opt/airflow/dags/forex_data_pipeline.py took 0.371 seconds
[2023-02-23T00:12:50.032+0000] {processor.py:153} INFO - Started process (PID=459) to work on /opt/airflow/dags/forex_data_pipeline.py
[2023-02-23T00:12:50.034+0000] {processor.py:743} INFO - Processing file /opt/airflow/dags/forex_data_pipeline.py for tasks to queue
[2023-02-23T00:12:50.035+0000] {logging_mixin.py:137} INFO - [2023-02-23T00:12:50.035+0000] {dagbag.py:538} INFO - Filling up the DagBag from /opt/airflow/dags/forex_data_pipeline.py
[2023-02-23T00:12:50.290+0000] {processor.py:753} INFO - DAG(s) dict_keys(['forex_data_pipeline']) retrieved from /opt/airflow/dags/forex_data_pipeline.py
[2023-02-23T00:12:50.316+0000] {logging_mixin.py:137} INFO - [2023-02-23T00:12:50.316+0000] {dag.py:2676} INFO - Sync 1 DAGs
[2023-02-23T00:12:50.339+0000] {logging_mixin.py:137} INFO - [2023-02-23T00:12:50.339+0000] {dag.py:3427} INFO - Setting next_dagrun for forex_data_pipeline to 2023-02-23T00:00:00+00:00, run_after=2023-02-24T00:00:00+00:00
[2023-02-23T00:12:50.361+0000] {processor.py:175} INFO - Processing /opt/airflow/dags/forex_data_pipeline.py took 0.331 seconds
[2023-02-23T00:13:20.780+0000] {processor.py:153} INFO - Started process (PID=510) to work on /opt/airflow/dags/forex_data_pipeline.py
[2023-02-23T00:13:20.782+0000] {processor.py:743} INFO - Processing file /opt/airflow/dags/forex_data_pipeline.py for tasks to queue
[2023-02-23T00:13:20.783+0000] {logging_mixin.py:137} INFO - [2023-02-23T00:13:20.783+0000] {dagbag.py:538} INFO - Filling up the DagBag from /opt/airflow/dags/forex_data_pipeline.py
[2023-02-23T00:13:21.042+0000] {processor.py:753} INFO - DAG(s) dict_keys(['forex_data_pipeline']) retrieved from /opt/airflow/dags/forex_data_pipeline.py
[2023-02-23T00:13:21.065+0000] {logging_mixin.py:137} INFO - [2023-02-23T00:13:21.064+0000] {dag.py:2676} INFO - Sync 1 DAGs
[2023-02-23T00:13:21.091+0000] {logging_mixin.py:137} INFO - [2023-02-23T00:13:21.091+0000] {dag.py:3427} INFO - Setting next_dagrun for forex_data_pipeline to 2023-02-23T00:00:00+00:00, run_after=2023-02-24T00:00:00+00:00
[2023-02-23T00:13:21.111+0000] {processor.py:175} INFO - Processing /opt/airflow/dags/forex_data_pipeline.py took 0.333 seconds
[2023-02-23T00:13:51.653+0000] {processor.py:153} INFO - Started process (PID=567) to work on /opt/airflow/dags/forex_data_pipeline.py
[2023-02-23T00:13:51.655+0000] {processor.py:743} INFO - Processing file /opt/airflow/dags/forex_data_pipeline.py for tasks to queue
[2023-02-23T00:13:51.656+0000] {logging_mixin.py:137} INFO - [2023-02-23T00:13:51.656+0000] {dagbag.py:538} INFO - Filling up the DagBag from /opt/airflow/dags/forex_data_pipeline.py
[2023-02-23T00:13:51.880+0000] {processor.py:753} INFO - DAG(s) dict_keys(['forex_data_pipeline']) retrieved from /opt/airflow/dags/forex_data_pipeline.py
[2023-02-23T00:13:51.902+0000] {logging_mixin.py:137} INFO - [2023-02-23T00:13:51.902+0000] {dag.py:2676} INFO - Sync 1 DAGs
[2023-02-23T00:13:51.925+0000] {logging_mixin.py:137} INFO - [2023-02-23T00:13:51.925+0000] {dag.py:3427} INFO - Setting next_dagrun for forex_data_pipeline to 2023-02-23T00:00:00+00:00, run_after=2023-02-24T00:00:00+00:00
[2023-02-23T00:13:51.949+0000] {processor.py:175} INFO - Processing /opt/airflow/dags/forex_data_pipeline.py took 0.297 seconds
[2023-02-23T00:14:22.218+0000] {processor.py:153} INFO - Started process (PID=630) to work on /opt/airflow/dags/forex_data_pipeline.py
[2023-02-23T00:14:22.221+0000] {processor.py:743} INFO - Processing file /opt/airflow/dags/forex_data_pipeline.py for tasks to queue
[2023-02-23T00:14:22.222+0000] {logging_mixin.py:137} INFO - [2023-02-23T00:14:22.221+0000] {dagbag.py:538} INFO - Filling up the DagBag from /opt/airflow/dags/forex_data_pipeline.py
[2023-02-23T00:14:22.521+0000] {processor.py:753} INFO - DAG(s) dict_keys(['forex_data_pipeline']) retrieved from /opt/airflow/dags/forex_data_pipeline.py
[2023-02-23T00:14:22.548+0000] {logging_mixin.py:137} INFO - [2023-02-23T00:14:22.548+0000] {dag.py:2676} INFO - Sync 1 DAGs
[2023-02-23T00:14:22.585+0000] {logging_mixin.py:137} INFO - [2023-02-23T00:14:22.585+0000] {dag.py:3427} INFO - Setting next_dagrun for forex_data_pipeline to 2023-02-23T00:00:00+00:00, run_after=2023-02-24T00:00:00+00:00
[2023-02-23T00:14:22.628+0000] {processor.py:175} INFO - Processing /opt/airflow/dags/forex_data_pipeline.py took 0.412 seconds
[2023-02-23T00:14:53.005+0000] {processor.py:153} INFO - Started process (PID=674) to work on /opt/airflow/dags/forex_data_pipeline.py
[2023-02-23T00:14:53.008+0000] {processor.py:743} INFO - Processing file /opt/airflow/dags/forex_data_pipeline.py for tasks to queue
[2023-02-23T00:14:53.010+0000] {logging_mixin.py:137} INFO - [2023-02-23T00:14:53.010+0000] {dagbag.py:538} INFO - Filling up the DagBag from /opt/airflow/dags/forex_data_pipeline.py
[2023-02-23T00:14:53.314+0000] {processor.py:753} INFO - DAG(s) dict_keys(['forex_data_pipeline']) retrieved from /opt/airflow/dags/forex_data_pipeline.py
[2023-02-23T00:14:53.340+0000] {logging_mixin.py:137} INFO - [2023-02-23T00:14:53.339+0000] {dag.py:2676} INFO - Sync 1 DAGs
[2023-02-23T00:14:53.412+0000] {logging_mixin.py:137} INFO - [2023-02-23T00:14:53.411+0000] {dag.py:3427} INFO - Setting next_dagrun for forex_data_pipeline to 2023-02-23T00:00:00+00:00, run_after=2023-02-24T00:00:00+00:00
[2023-02-23T00:14:53.439+0000] {processor.py:175} INFO - Processing /opt/airflow/dags/forex_data_pipeline.py took 0.436 seconds
[2023-02-23T21:02:27.377+0000] {processor.py:153} INFO - Started process (PID=61) to work on /opt/airflow/dags/forex_data_pipeline.py
[2023-02-23T21:02:27.386+0000] {processor.py:743} INFO - Processing file /opt/airflow/dags/forex_data_pipeline.py for tasks to queue
[2023-02-23T21:02:27.388+0000] {logging_mixin.py:137} INFO - [2023-02-23T21:02:27.387+0000] {dagbag.py:538} INFO - Filling up the DagBag from /opt/airflow/dags/forex_data_pipeline.py
[2023-02-23T21:02:28.771+0000] {processor.py:753} INFO - DAG(s) dict_keys(['forex_data_pipeline']) retrieved from /opt/airflow/dags/forex_data_pipeline.py
[2023-02-23T21:02:28.817+0000] {logging_mixin.py:137} INFO - [2023-02-23T21:02:28.817+0000] {dag.py:2676} INFO - Sync 1 DAGs
[2023-02-23T21:02:28.871+0000] {logging_mixin.py:137} INFO - [2023-02-23T21:02:28.871+0000] {dag.py:3427} INFO - Setting next_dagrun for forex_data_pipeline to 2023-02-23T00:00:00+00:00, run_after=2023-02-24T00:00:00+00:00
[2023-02-23T21:02:28.953+0000] {processor.py:175} INFO - Processing /opt/airflow/dags/forex_data_pipeline.py took 1.586 seconds
[2023-02-23T21:02:59.235+0000] {processor.py:153} INFO - Started process (PID=107) to work on /opt/airflow/dags/forex_data_pipeline.py
[2023-02-23T21:02:59.239+0000] {processor.py:743} INFO - Processing file /opt/airflow/dags/forex_data_pipeline.py for tasks to queue
[2023-02-23T21:02:59.240+0000] {logging_mixin.py:137} INFO - [2023-02-23T21:02:59.240+0000] {dagbag.py:538} INFO - Filling up the DagBag from /opt/airflow/dags/forex_data_pipeline.py
[2023-02-23T21:02:59.550+0000] {processor.py:753} INFO - DAG(s) dict_keys(['forex_data_pipeline']) retrieved from /opt/airflow/dags/forex_data_pipeline.py
[2023-02-23T21:02:59.574+0000] {logging_mixin.py:137} INFO - [2023-02-23T21:02:59.574+0000] {dag.py:2676} INFO - Sync 1 DAGs
[2023-02-23T21:02:59.598+0000] {logging_mixin.py:137} INFO - [2023-02-23T21:02:59.598+0000] {dag.py:3427} INFO - Setting next_dagrun for forex_data_pipeline to 2023-02-23T00:00:00+00:00, run_after=2023-02-24T00:00:00+00:00
[2023-02-23T21:02:59.622+0000] {processor.py:175} INFO - Processing /opt/airflow/dags/forex_data_pipeline.py took 0.388 seconds
[2023-02-23T21:03:29.958+0000] {processor.py:153} INFO - Started process (PID=171) to work on /opt/airflow/dags/forex_data_pipeline.py
[2023-02-23T21:03:29.967+0000] {processor.py:743} INFO - Processing file /opt/airflow/dags/forex_data_pipeline.py for tasks to queue
[2023-02-23T21:03:29.968+0000] {logging_mixin.py:137} INFO - [2023-02-23T21:03:29.968+0000] {dagbag.py:538} INFO - Filling up the DagBag from /opt/airflow/dags/forex_data_pipeline.py
[2023-02-23T21:03:30.235+0000] {processor.py:753} INFO - DAG(s) dict_keys(['forex_data_pipeline']) retrieved from /opt/airflow/dags/forex_data_pipeline.py
[2023-02-23T21:03:30.260+0000] {logging_mixin.py:137} INFO - [2023-02-23T21:03:30.260+0000] {dag.py:2676} INFO - Sync 1 DAGs
[2023-02-23T21:03:30.282+0000] {logging_mixin.py:137} INFO - [2023-02-23T21:03:30.282+0000] {dag.py:3427} INFO - Setting next_dagrun for forex_data_pipeline to 2023-02-23T00:00:00+00:00, run_after=2023-02-24T00:00:00+00:00
[2023-02-23T21:03:30.303+0000] {processor.py:175} INFO - Processing /opt/airflow/dags/forex_data_pipeline.py took 0.347 seconds
[2023-02-23T21:04:00.733+0000] {processor.py:153} INFO - Started process (PID=215) to work on /opt/airflow/dags/forex_data_pipeline.py
[2023-02-23T21:04:00.738+0000] {processor.py:743} INFO - Processing file /opt/airflow/dags/forex_data_pipeline.py for tasks to queue
[2023-02-23T21:04:00.739+0000] {logging_mixin.py:137} INFO - [2023-02-23T21:04:00.739+0000] {dagbag.py:538} INFO - Filling up the DagBag from /opt/airflow/dags/forex_data_pipeline.py
[2023-02-23T21:04:01.014+0000] {processor.py:753} INFO - DAG(s) dict_keys(['forex_data_pipeline']) retrieved from /opt/airflow/dags/forex_data_pipeline.py
[2023-02-23T21:04:01.033+0000] {logging_mixin.py:137} INFO - [2023-02-23T21:04:01.033+0000] {dag.py:2676} INFO - Sync 1 DAGs
[2023-02-23T21:04:01.054+0000] {logging_mixin.py:137} INFO - [2023-02-23T21:04:01.054+0000] {dag.py:3427} INFO - Setting next_dagrun for forex_data_pipeline to 2023-02-23T00:00:00+00:00, run_after=2023-02-24T00:00:00+00:00
[2023-02-23T21:04:01.089+0000] {processor.py:175} INFO - Processing /opt/airflow/dags/forex_data_pipeline.py took 0.357 seconds
[2023-02-23T21:04:31.414+0000] {processor.py:153} INFO - Started process (PID=279) to work on /opt/airflow/dags/forex_data_pipeline.py
[2023-02-23T21:04:31.417+0000] {processor.py:743} INFO - Processing file /opt/airflow/dags/forex_data_pipeline.py for tasks to queue
[2023-02-23T21:04:31.418+0000] {logging_mixin.py:137} INFO - [2023-02-23T21:04:31.418+0000] {dagbag.py:538} INFO - Filling up the DagBag from /opt/airflow/dags/forex_data_pipeline.py
[2023-02-23T21:04:31.717+0000] {processor.py:753} INFO - DAG(s) dict_keys(['forex_data_pipeline']) retrieved from /opt/airflow/dags/forex_data_pipeline.py
[2023-02-23T21:04:31.739+0000] {logging_mixin.py:137} INFO - [2023-02-23T21:04:31.739+0000] {dag.py:2676} INFO - Sync 1 DAGs
[2023-02-23T21:04:31.762+0000] {logging_mixin.py:137} INFO - [2023-02-23T21:04:31.762+0000] {dag.py:3427} INFO - Setting next_dagrun for forex_data_pipeline to 2023-02-23T00:00:00+00:00, run_after=2023-02-24T00:00:00+00:00
[2023-02-23T21:04:31.784+0000] {processor.py:175} INFO - Processing /opt/airflow/dags/forex_data_pipeline.py took 0.374 seconds
[2023-02-23T21:05:01.854+0000] {processor.py:153} INFO - Started process (PID=323) to work on /opt/airflow/dags/forex_data_pipeline.py
[2023-02-23T21:05:01.858+0000] {processor.py:743} INFO - Processing file /opt/airflow/dags/forex_data_pipeline.py for tasks to queue
[2023-02-23T21:05:01.860+0000] {logging_mixin.py:137} INFO - [2023-02-23T21:05:01.860+0000] {dagbag.py:538} INFO - Filling up the DagBag from /opt/airflow/dags/forex_data_pipeline.py
[2023-02-23T21:05:02.243+0000] {processor.py:753} INFO - DAG(s) dict_keys(['forex_data_pipeline']) retrieved from /opt/airflow/dags/forex_data_pipeline.py
[2023-02-23T21:05:02.274+0000] {logging_mixin.py:137} INFO - [2023-02-23T21:05:02.273+0000] {dag.py:2676} INFO - Sync 1 DAGs
[2023-02-23T21:05:02.307+0000] {logging_mixin.py:137} INFO - [2023-02-23T21:05:02.307+0000] {dag.py:3427} INFO - Setting next_dagrun for forex_data_pipeline to 2023-02-23T00:00:00+00:00, run_after=2023-02-24T00:00:00+00:00
[2023-02-23T21:05:02.339+0000] {processor.py:175} INFO - Processing /opt/airflow/dags/forex_data_pipeline.py took 0.487 seconds
[2023-02-23T21:05:32.496+0000] {processor.py:153} INFO - Started process (PID=387) to work on /opt/airflow/dags/forex_data_pipeline.py
[2023-02-23T21:05:32.501+0000] {processor.py:743} INFO - Processing file /opt/airflow/dags/forex_data_pipeline.py for tasks to queue
[2023-02-23T21:05:32.502+0000] {logging_mixin.py:137} INFO - [2023-02-23T21:05:32.502+0000] {dagbag.py:538} INFO - Filling up the DagBag from /opt/airflow/dags/forex_data_pipeline.py
[2023-02-23T21:05:32.851+0000] {processor.py:753} INFO - DAG(s) dict_keys(['forex_data_pipeline']) retrieved from /opt/airflow/dags/forex_data_pipeline.py
[2023-02-23T21:05:32.873+0000] {logging_mixin.py:137} INFO - [2023-02-23T21:05:32.873+0000] {dag.py:2676} INFO - Sync 1 DAGs
[2023-02-23T21:05:32.899+0000] {logging_mixin.py:137} INFO - [2023-02-23T21:05:32.899+0000] {dag.py:3427} INFO - Setting next_dagrun for forex_data_pipeline to 2023-02-23T00:00:00+00:00, run_after=2023-02-24T00:00:00+00:00
[2023-02-23T21:05:32.922+0000] {processor.py:175} INFO - Processing /opt/airflow/dags/forex_data_pipeline.py took 0.429 seconds
