[2022-11-16T15:53:30.018+0000] {taskinstance.py:1165} INFO - Dependencies all met for <TaskInstance: forex_data_pipeline.store_ratings manual__2022-11-16T15:36:32.950738+00:00 [queued]>
[2022-11-16T15:53:30.030+0000] {taskinstance.py:1165} INFO - Dependencies all met for <TaskInstance: forex_data_pipeline.store_ratings manual__2022-11-16T15:36:32.950738+00:00 [queued]>
[2022-11-16T15:53:30.031+0000] {taskinstance.py:1362} INFO - 
--------------------------------------------------------------------------------
[2022-11-16T15:53:30.031+0000] {taskinstance.py:1363} INFO - Starting attempt 4 of 6
[2022-11-16T15:53:30.032+0000] {taskinstance.py:1364} INFO - 
--------------------------------------------------------------------------------
[2022-11-16T15:53:30.043+0000] {taskinstance.py:1383} INFO - Executing <Task(PythonOperator): store_ratings> on 2022-11-16 15:36:32.950738+00:00
[2022-11-16T15:53:30.047+0000] {standard_task_runner.py:54} INFO - Started process 1143 to run task
[2022-11-16T15:53:30.049+0000] {standard_task_runner.py:82} INFO - Running: ['***', 'tasks', 'run', 'forex_data_pipeline', 'store_ratings', 'manual__2022-11-16T15:36:32.950738+00:00', '--job-id', '204', '--raw', '--subdir', 'DAGS_FOLDER/forex_data_pipeline.py', '--cfg-path', '/tmp/tmp387zsn4p']
[2022-11-16T15:53:30.050+0000] {standard_task_runner.py:83} INFO - Job 204: Subtask store_ratings
[2022-11-16T15:53:30.051+0000] {dagbag.py:525} INFO - Filling up the DagBag from /opt/***/dags/forex_data_pipeline.py
[2022-11-16T15:53:30.363+0000] {task_command.py:384} INFO - Running <TaskInstance: forex_data_pipeline.store_ratings manual__2022-11-16T15:36:32.950738+00:00 [running]> on host 9cbdb5013874
[2022-11-16T15:53:30.414+0000] {taskinstance.py:1592} INFO - Exporting the following env vars:
AIRFLOW_CTX_DAG_EMAIL=juanfelipehdezm@gmail.com
AIRFLOW_CTX_DAG_OWNER=felipehdez
AIRFLOW_CTX_DAG_ID=forex_data_pipeline
AIRFLOW_CTX_TASK_ID=store_ratings
AIRFLOW_CTX_EXECUTION_DATE=2022-11-16T15:36:32.950738+00:00
AIRFLOW_CTX_TRY_NUMBER=4
AIRFLOW_CTX_DAG_RUN_ID=manual__2022-11-16T15:36:32.950738+00:00
[2022-11-16T15:53:30.415+0000] {postgres.py:129} INFO - Running copy expert: COPY forex_ratings FROM stdin WITH DELIMITER AS ',', filename: /opt/***/dags/files/rates.csv
[2022-11-16T15:53:30.428+0000] {base.py:71} INFO - Using connection ID 'forex_db' for task execution.
[2022-11-16T15:53:30.438+0000] {python.py:177} INFO - Done. Returned value was: None
[2022-11-16T15:53:30.446+0000] {taskinstance.py:1406} INFO - Marking task as SUCCESS. dag_id=forex_data_pipeline, task_id=store_ratings, execution_date=20221116T153632, start_date=20221116T155330, end_date=20221116T155330
[2022-11-16T15:53:30.503+0000] {local_task_job.py:164} INFO - Task exited with return code 0
[2022-11-16T15:53:30.523+0000] {local_task_job.py:273} INFO - 0 downstream tasks scheduled from follow-on schedule check
