[2023-02-10T23:17:56.357+0000] {processor.py:153} INFO - Started process (PID=69) to work on /opt/airflow/dags/forex_data_pipeline.py
[2023-02-10T23:17:56.361+0000] {processor.py:743} INFO - Processing file /opt/airflow/dags/forex_data_pipeline.py for tasks to queue
[2023-02-10T23:17:56.368+0000] {logging_mixin.py:137} INFO - [2023-02-10T23:17:56.368+0000] {dagbag.py:538} INFO - Filling up the DagBag from /opt/airflow/dags/forex_data_pipeline.py
[2023-02-10T23:17:57.887+0000] {processor.py:753} INFO - DAG(s) dict_keys(['forex_data_pipeline']) retrieved from /opt/airflow/dags/forex_data_pipeline.py
[2023-02-10T23:17:57.929+0000] {logging_mixin.py:137} INFO - [2023-02-10T23:17:57.927+0000] {dag.py:2676} INFO - Sync 1 DAGs
[2023-02-10T23:17:57.976+0000] {logging_mixin.py:137} INFO - [2023-02-10T23:17:57.976+0000] {dag.py:3427} INFO - Setting next_dagrun for forex_data_pipeline to 2023-02-10T00:00:00+00:00, run_after=2023-02-11T00:00:00+00:00
[2023-02-10T23:17:58.009+0000] {processor.py:175} INFO - Processing /opt/airflow/dags/forex_data_pipeline.py took 1.659 seconds
[2023-02-10T23:18:28.419+0000] {processor.py:153} INFO - Started process (PID=111) to work on /opt/airflow/dags/forex_data_pipeline.py
[2023-02-10T23:18:28.422+0000] {processor.py:743} INFO - Processing file /opt/airflow/dags/forex_data_pipeline.py for tasks to queue
[2023-02-10T23:18:28.424+0000] {logging_mixin.py:137} INFO - [2023-02-10T23:18:28.423+0000] {dagbag.py:538} INFO - Filling up the DagBag from /opt/airflow/dags/forex_data_pipeline.py
[2023-02-10T23:18:28.799+0000] {processor.py:753} INFO - DAG(s) dict_keys(['forex_data_pipeline']) retrieved from /opt/airflow/dags/forex_data_pipeline.py
[2023-02-10T23:18:28.828+0000] {logging_mixin.py:137} INFO - [2023-02-10T23:18:28.828+0000] {dag.py:2676} INFO - Sync 1 DAGs
[2023-02-10T23:18:28.859+0000] {logging_mixin.py:137} INFO - [2023-02-10T23:18:28.859+0000] {dag.py:3427} INFO - Setting next_dagrun for forex_data_pipeline to 2023-02-10T00:00:00+00:00, run_after=2023-02-11T00:00:00+00:00
[2023-02-10T23:18:29.752+0000] {processor.py:175} INFO - Processing /opt/airflow/dags/forex_data_pipeline.py took 1.335 seconds
[2023-02-10T23:19:00.234+0000] {processor.py:153} INFO - Started process (PID=154) to work on /opt/airflow/dags/forex_data_pipeline.py
[2023-02-10T23:19:00.245+0000] {processor.py:743} INFO - Processing file /opt/airflow/dags/forex_data_pipeline.py for tasks to queue
[2023-02-10T23:19:00.247+0000] {logging_mixin.py:137} INFO - [2023-02-10T23:19:00.246+0000] {dagbag.py:538} INFO - Filling up the DagBag from /opt/airflow/dags/forex_data_pipeline.py
[2023-02-10T23:19:00.661+0000] {processor.py:753} INFO - DAG(s) dict_keys(['forex_data_pipeline']) retrieved from /opt/airflow/dags/forex_data_pipeline.py
[2023-02-10T23:19:00.690+0000] {logging_mixin.py:137} INFO - [2023-02-10T23:19:00.689+0000] {dag.py:2676} INFO - Sync 1 DAGs
[2023-02-10T23:19:00.737+0000] {logging_mixin.py:137} INFO - [2023-02-10T23:19:00.737+0000] {dag.py:3427} INFO - Setting next_dagrun for forex_data_pipeline to 2023-02-10T00:00:00+00:00, run_after=2023-02-11T00:00:00+00:00
[2023-02-10T23:19:00.779+0000] {processor.py:175} INFO - Processing /opt/airflow/dags/forex_data_pipeline.py took 0.548 seconds
[2023-02-10T23:19:31.159+0000] {processor.py:153} INFO - Started process (PID=207) to work on /opt/airflow/dags/forex_data_pipeline.py
[2023-02-10T23:19:31.163+0000] {processor.py:743} INFO - Processing file /opt/airflow/dags/forex_data_pipeline.py for tasks to queue
[2023-02-10T23:19:31.164+0000] {logging_mixin.py:137} INFO - [2023-02-10T23:19:31.164+0000] {dagbag.py:538} INFO - Filling up the DagBag from /opt/airflow/dags/forex_data_pipeline.py
[2023-02-10T23:19:31.694+0000] {processor.py:753} INFO - DAG(s) dict_keys(['forex_data_pipeline']) retrieved from /opt/airflow/dags/forex_data_pipeline.py
[2023-02-10T23:19:31.719+0000] {logging_mixin.py:137} INFO - [2023-02-10T23:19:31.719+0000] {dag.py:2676} INFO - Sync 1 DAGs
[2023-02-10T23:19:31.745+0000] {logging_mixin.py:137} INFO - [2023-02-10T23:19:31.745+0000] {dag.py:3427} INFO - Setting next_dagrun for forex_data_pipeline to 2023-02-10T00:00:00+00:00, run_after=2023-02-11T00:00:00+00:00
[2023-02-10T23:19:31.774+0000] {processor.py:175} INFO - Processing /opt/airflow/dags/forex_data_pipeline.py took 0.618 seconds
[2023-02-10T23:20:02.587+0000] {processor.py:153} INFO - Started process (PID=262) to work on /opt/airflow/dags/forex_data_pipeline.py
[2023-02-10T23:20:02.590+0000] {processor.py:743} INFO - Processing file /opt/airflow/dags/forex_data_pipeline.py for tasks to queue
[2023-02-10T23:20:02.591+0000] {logging_mixin.py:137} INFO - [2023-02-10T23:20:02.591+0000] {dagbag.py:538} INFO - Filling up the DagBag from /opt/airflow/dags/forex_data_pipeline.py
[2023-02-10T23:20:02.857+0000] {processor.py:753} INFO - DAG(s) dict_keys(['forex_data_pipeline']) retrieved from /opt/airflow/dags/forex_data_pipeline.py
[2023-02-10T23:20:02.878+0000] {logging_mixin.py:137} INFO - [2023-02-10T23:20:02.877+0000] {dag.py:2676} INFO - Sync 1 DAGs
[2023-02-10T23:20:02.901+0000] {logging_mixin.py:137} INFO - [2023-02-10T23:20:02.901+0000] {dag.py:3427} INFO - Setting next_dagrun for forex_data_pipeline to 2023-02-10T00:00:00+00:00, run_after=2023-02-11T00:00:00+00:00
[2023-02-10T23:20:02.921+0000] {processor.py:175} INFO - Processing /opt/airflow/dags/forex_data_pipeline.py took 0.336 seconds
[2023-02-10T23:20:33.478+0000] {processor.py:153} INFO - Started process (PID=307) to work on /opt/airflow/dags/forex_data_pipeline.py
[2023-02-10T23:20:33.482+0000] {processor.py:743} INFO - Processing file /opt/airflow/dags/forex_data_pipeline.py for tasks to queue
[2023-02-10T23:20:33.485+0000] {logging_mixin.py:137} INFO - [2023-02-10T23:20:33.485+0000] {dagbag.py:538} INFO - Filling up the DagBag from /opt/airflow/dags/forex_data_pipeline.py
[2023-02-10T23:20:33.854+0000] {processor.py:753} INFO - DAG(s) dict_keys(['forex_data_pipeline']) retrieved from /opt/airflow/dags/forex_data_pipeline.py
[2023-02-10T23:20:33.881+0000] {logging_mixin.py:137} INFO - [2023-02-10T23:20:33.881+0000] {dag.py:2676} INFO - Sync 1 DAGs
[2023-02-10T23:20:33.908+0000] {logging_mixin.py:137} INFO - [2023-02-10T23:20:33.907+0000] {dag.py:3427} INFO - Setting next_dagrun for forex_data_pipeline to 2023-02-10T00:00:00+00:00, run_after=2023-02-11T00:00:00+00:00
[2023-02-10T23:20:33.932+0000] {processor.py:175} INFO - Processing /opt/airflow/dags/forex_data_pipeline.py took 0.456 seconds
[2023-02-10T23:21:04.602+0000] {processor.py:153} INFO - Started process (PID=371) to work on /opt/airflow/dags/forex_data_pipeline.py
[2023-02-10T23:21:04.617+0000] {processor.py:743} INFO - Processing file /opt/airflow/dags/forex_data_pipeline.py for tasks to queue
[2023-02-10T23:21:04.622+0000] {logging_mixin.py:137} INFO - [2023-02-10T23:21:04.622+0000] {dagbag.py:538} INFO - Filling up the DagBag from /opt/airflow/dags/forex_data_pipeline.py
[2023-02-10T23:21:05.000+0000] {processor.py:753} INFO - DAG(s) dict_keys(['forex_data_pipeline']) retrieved from /opt/airflow/dags/forex_data_pipeline.py
[2023-02-10T23:21:05.025+0000] {logging_mixin.py:137} INFO - [2023-02-10T23:21:05.024+0000] {dag.py:2676} INFO - Sync 1 DAGs
[2023-02-10T23:21:05.055+0000] {logging_mixin.py:137} INFO - [2023-02-10T23:21:05.055+0000] {dag.py:3427} INFO - Setting next_dagrun for forex_data_pipeline to 2023-02-10T00:00:00+00:00, run_after=2023-02-11T00:00:00+00:00
[2023-02-10T23:21:05.100+0000] {processor.py:175} INFO - Processing /opt/airflow/dags/forex_data_pipeline.py took 0.501 seconds
[2023-02-10T23:21:35.959+0000] {processor.py:153} INFO - Started process (PID=415) to work on /opt/airflow/dags/forex_data_pipeline.py
[2023-02-10T23:21:35.961+0000] {processor.py:743} INFO - Processing file /opt/airflow/dags/forex_data_pipeline.py for tasks to queue
[2023-02-10T23:21:35.962+0000] {logging_mixin.py:137} INFO - [2023-02-10T23:21:35.962+0000] {dagbag.py:538} INFO - Filling up the DagBag from /opt/airflow/dags/forex_data_pipeline.py
[2023-02-10T23:21:36.269+0000] {processor.py:753} INFO - DAG(s) dict_keys(['forex_data_pipeline']) retrieved from /opt/airflow/dags/forex_data_pipeline.py
[2023-02-10T23:21:36.296+0000] {logging_mixin.py:137} INFO - [2023-02-10T23:21:36.295+0000] {dag.py:2676} INFO - Sync 1 DAGs
[2023-02-10T23:21:36.322+0000] {logging_mixin.py:137} INFO - [2023-02-10T23:21:36.322+0000] {dag.py:3427} INFO - Setting next_dagrun for forex_data_pipeline to 2023-02-10T00:00:00+00:00, run_after=2023-02-11T00:00:00+00:00
[2023-02-10T23:21:36.343+0000] {processor.py:175} INFO - Processing /opt/airflow/dags/forex_data_pipeline.py took 0.386 seconds
[2023-02-10T23:22:07.118+0000] {processor.py:153} INFO - Started process (PID=480) to work on /opt/airflow/dags/forex_data_pipeline.py
[2023-02-10T23:22:07.120+0000] {processor.py:743} INFO - Processing file /opt/airflow/dags/forex_data_pipeline.py for tasks to queue
[2023-02-10T23:22:07.120+0000] {logging_mixin.py:137} INFO - [2023-02-10T23:22:07.120+0000] {dagbag.py:538} INFO - Filling up the DagBag from /opt/airflow/dags/forex_data_pipeline.py
[2023-02-10T23:22:07.404+0000] {processor.py:753} INFO - DAG(s) dict_keys(['forex_data_pipeline']) retrieved from /opt/airflow/dags/forex_data_pipeline.py
[2023-02-10T23:22:07.429+0000] {logging_mixin.py:137} INFO - [2023-02-10T23:22:07.428+0000] {dag.py:2676} INFO - Sync 1 DAGs
[2023-02-10T23:22:07.457+0000] {logging_mixin.py:137} INFO - [2023-02-10T23:22:07.457+0000] {dag.py:3427} INFO - Setting next_dagrun for forex_data_pipeline to 2023-02-10T00:00:00+00:00, run_after=2023-02-11T00:00:00+00:00
[2023-02-10T23:22:07.480+0000] {processor.py:175} INFO - Processing /opt/airflow/dags/forex_data_pipeline.py took 0.365 seconds
[2023-02-10T23:22:37.811+0000] {processor.py:153} INFO - Started process (PID=524) to work on /opt/airflow/dags/forex_data_pipeline.py
[2023-02-10T23:22:37.816+0000] {processor.py:743} INFO - Processing file /opt/airflow/dags/forex_data_pipeline.py for tasks to queue
[2023-02-10T23:22:37.817+0000] {logging_mixin.py:137} INFO - [2023-02-10T23:22:37.817+0000] {dagbag.py:538} INFO - Filling up the DagBag from /opt/airflow/dags/forex_data_pipeline.py
[2023-02-10T23:22:38.130+0000] {processor.py:753} INFO - DAG(s) dict_keys(['forex_data_pipeline']) retrieved from /opt/airflow/dags/forex_data_pipeline.py
[2023-02-10T23:22:38.153+0000] {logging_mixin.py:137} INFO - [2023-02-10T23:22:38.153+0000] {dag.py:2676} INFO - Sync 1 DAGs
[2023-02-10T23:22:38.176+0000] {logging_mixin.py:137} INFO - [2023-02-10T23:22:38.175+0000] {dag.py:3427} INFO - Setting next_dagrun for forex_data_pipeline to 2023-02-10T00:00:00+00:00, run_after=2023-02-11T00:00:00+00:00
[2023-02-10T23:22:38.199+0000] {processor.py:175} INFO - Processing /opt/airflow/dags/forex_data_pipeline.py took 0.390 seconds
[2023-02-10T23:23:08.273+0000] {processor.py:153} INFO - Started process (PID=588) to work on /opt/airflow/dags/forex_data_pipeline.py
[2023-02-10T23:23:08.275+0000] {processor.py:743} INFO - Processing file /opt/airflow/dags/forex_data_pipeline.py for tasks to queue
[2023-02-10T23:23:08.277+0000] {logging_mixin.py:137} INFO - [2023-02-10T23:23:08.276+0000] {dagbag.py:538} INFO - Filling up the DagBag from /opt/airflow/dags/forex_data_pipeline.py
[2023-02-10T23:23:08.629+0000] {processor.py:753} INFO - DAG(s) dict_keys(['forex_data_pipeline']) retrieved from /opt/airflow/dags/forex_data_pipeline.py
[2023-02-10T23:23:08.655+0000] {logging_mixin.py:137} INFO - [2023-02-10T23:23:08.654+0000] {dag.py:2676} INFO - Sync 1 DAGs
[2023-02-10T23:23:08.684+0000] {logging_mixin.py:137} INFO - [2023-02-10T23:23:08.684+0000] {dag.py:3427} INFO - Setting next_dagrun for forex_data_pipeline to 2023-02-10T00:00:00+00:00, run_after=2023-02-11T00:00:00+00:00
[2023-02-10T23:23:08.714+0000] {processor.py:175} INFO - Processing /opt/airflow/dags/forex_data_pipeline.py took 0.446 seconds
