[2022-11-25T00:08:31.312+0000] {processor.py:156} INFO - Started process (PID=41) to work on /opt/airflow/dags/forex_data_pipeline.py
[2022-11-25T00:08:31.314+0000] {processor.py:758} INFO - Processing file /opt/airflow/dags/forex_data_pipeline.py for tasks to queue
[2022-11-25T00:08:31.315+0000] {logging_mixin.py:117} INFO - [2022-11-25T00:08:31.315+0000] {dagbag.py:525} INFO - Filling up the DagBag from /opt/airflow/dags/forex_data_pipeline.py
[2022-11-25T00:08:32.153+0000] {processor.py:768} INFO - DAG(s) dict_keys(['forex_data_pipeline']) retrieved from /opt/airflow/dags/forex_data_pipeline.py
[2022-11-25T00:08:32.309+0000] {logging_mixin.py:117} INFO - [2022-11-25T00:08:32.309+0000] {dag.py:2573} INFO - Sync 1 DAGs
[2022-11-25T00:08:32.332+0000] {logging_mixin.py:117} INFO - [2022-11-25T00:08:32.332+0000] {dag.py:3328} INFO - Setting next_dagrun for forex_data_pipeline to 2022-11-25T00:00:00+00:00, run_after=2022-11-26T00:00:00+00:00
[2022-11-25T00:08:32.361+0000] {processor.py:178} INFO - Processing /opt/airflow/dags/forex_data_pipeline.py took 1.051 seconds
[2022-11-25T15:24:57.978+0000] {processor.py:156} INFO - Started process (PID=42) to work on /opt/airflow/dags/forex_data_pipeline.py
[2022-11-25T15:24:57.985+0000] {processor.py:758} INFO - Processing file /opt/airflow/dags/forex_data_pipeline.py for tasks to queue
[2022-11-25T15:24:57.987+0000] {logging_mixin.py:117} INFO - [2022-11-25T15:24:57.987+0000] {dagbag.py:525} INFO - Filling up the DagBag from /opt/airflow/dags/forex_data_pipeline.py
[2022-11-25T15:24:58.953+0000] {processor.py:768} INFO - DAG(s) dict_keys(['forex_data_pipeline']) retrieved from /opt/airflow/dags/forex_data_pipeline.py
[2022-11-25T15:24:59.124+0000] {logging_mixin.py:117} INFO - [2022-11-25T15:24:59.124+0000] {dag.py:2573} INFO - Sync 1 DAGs
[2022-11-25T15:24:59.148+0000] {logging_mixin.py:117} INFO - [2022-11-25T15:24:59.148+0000] {dag.py:3328} INFO - Setting next_dagrun for forex_data_pipeline to 2022-11-25T00:00:00+00:00, run_after=2022-11-26T00:00:00+00:00
[2022-11-25T15:24:59.181+0000] {processor.py:178} INFO - Processing /opt/airflow/dags/forex_data_pipeline.py took 1.206 seconds
[2022-11-25T15:25:29.299+0000] {processor.py:156} INFO - Started process (PID=71) to work on /opt/airflow/dags/forex_data_pipeline.py
[2022-11-25T15:25:29.303+0000] {processor.py:758} INFO - Processing file /opt/airflow/dags/forex_data_pipeline.py for tasks to queue
[2022-11-25T15:25:29.305+0000] {logging_mixin.py:117} INFO - [2022-11-25T15:25:29.305+0000] {dagbag.py:525} INFO - Filling up the DagBag from /opt/airflow/dags/forex_data_pipeline.py
[2022-11-25T15:25:29.631+0000] {processor.py:768} INFO - DAG(s) dict_keys(['forex_data_pipeline']) retrieved from /opt/airflow/dags/forex_data_pipeline.py
[2022-11-25T15:25:29.753+0000] {logging_mixin.py:117} INFO - [2022-11-25T15:25:29.753+0000] {dag.py:2573} INFO - Sync 1 DAGs
[2022-11-25T15:25:29.771+0000] {logging_mixin.py:117} INFO - [2022-11-25T15:25:29.771+0000] {dag.py:3328} INFO - Setting next_dagrun for forex_data_pipeline to 2022-11-25T00:00:00+00:00, run_after=2022-11-26T00:00:00+00:00
[2022-11-25T15:25:29.793+0000] {processor.py:178} INFO - Processing /opt/airflow/dags/forex_data_pipeline.py took 0.496 seconds
[2022-11-25T15:26:00.059+0000] {processor.py:156} INFO - Started process (PID=100) to work on /opt/airflow/dags/forex_data_pipeline.py
[2022-11-25T15:26:00.061+0000] {processor.py:758} INFO - Processing file /opt/airflow/dags/forex_data_pipeline.py for tasks to queue
[2022-11-25T15:26:00.062+0000] {logging_mixin.py:117} INFO - [2022-11-25T15:26:00.062+0000] {dagbag.py:525} INFO - Filling up the DagBag from /opt/airflow/dags/forex_data_pipeline.py
[2022-11-25T15:26:00.384+0000] {processor.py:768} INFO - DAG(s) dict_keys(['forex_data_pipeline']) retrieved from /opt/airflow/dags/forex_data_pipeline.py
[2022-11-25T15:26:00.519+0000] {logging_mixin.py:117} INFO - [2022-11-25T15:26:00.519+0000] {dag.py:2573} INFO - Sync 1 DAGs
[2022-11-25T15:26:00.538+0000] {logging_mixin.py:117} INFO - [2022-11-25T15:26:00.538+0000] {dag.py:3328} INFO - Setting next_dagrun for forex_data_pipeline to 2022-11-25T00:00:00+00:00, run_after=2022-11-26T00:00:00+00:00
[2022-11-25T15:26:00.561+0000] {processor.py:178} INFO - Processing /opt/airflow/dags/forex_data_pipeline.py took 0.505 seconds
[2022-11-25T15:26:30.828+0000] {processor.py:156} INFO - Started process (PID=130) to work on /opt/airflow/dags/forex_data_pipeline.py
[2022-11-25T15:26:30.830+0000] {processor.py:758} INFO - Processing file /opt/airflow/dags/forex_data_pipeline.py for tasks to queue
[2022-11-25T15:26:30.831+0000] {logging_mixin.py:117} INFO - [2022-11-25T15:26:30.831+0000] {dagbag.py:525} INFO - Filling up the DagBag from /opt/airflow/dags/forex_data_pipeline.py
[2022-11-25T15:26:31.208+0000] {processor.py:768} INFO - DAG(s) dict_keys(['forex_data_pipeline']) retrieved from /opt/airflow/dags/forex_data_pipeline.py
[2022-11-25T15:26:31.337+0000] {logging_mixin.py:117} INFO - [2022-11-25T15:26:31.337+0000] {dag.py:2573} INFO - Sync 1 DAGs
[2022-11-25T15:26:31.356+0000] {logging_mixin.py:117} INFO - [2022-11-25T15:26:31.356+0000] {dag.py:3328} INFO - Setting next_dagrun for forex_data_pipeline to 2022-11-25T00:00:00+00:00, run_after=2022-11-26T00:00:00+00:00
[2022-11-25T15:26:31.374+0000] {processor.py:178} INFO - Processing /opt/airflow/dags/forex_data_pipeline.py took 0.548 seconds
