[2022-12-10T00:33:38.913+0000] {taskinstance.py:1087} INFO - Dependencies all met for <TaskInstance: forex_data_pipeline.create_forexRates_database scheduled__2022-12-06T00:00:00+00:00 [queued]>
[2022-12-10T00:33:38.931+0000] {taskinstance.py:1087} INFO - Dependencies all met for <TaskInstance: forex_data_pipeline.create_forexRates_database scheduled__2022-12-06T00:00:00+00:00 [queued]>
[2022-12-10T00:33:38.934+0000] {taskinstance.py:1283} INFO - 
--------------------------------------------------------------------------------
[2022-12-10T00:33:38.941+0000] {taskinstance.py:1284} INFO - Starting attempt 1 of 3
[2022-12-10T00:33:38.943+0000] {taskinstance.py:1285} INFO - 
--------------------------------------------------------------------------------
[2022-12-10T00:33:38.982+0000] {taskinstance.py:1304} INFO - Executing <Task(PostgresOperator): create_forexRates_database> on 2022-12-06 00:00:00+00:00
[2022-12-10T00:33:38.993+0000] {standard_task_runner.py:55} INFO - Started process 84 to run task
[2022-12-10T00:33:39.008+0000] {standard_task_runner.py:82} INFO - Running: ['***', 'tasks', 'run', 'forex_data_pipeline', 'create_forexRates_database', 'scheduled__2022-12-06T00:00:00+00:00', '--job-id', '361', '--raw', '--subdir', 'DAGS_FOLDER/forex_data_pipeline.py', '--cfg-path', '/tmp/tmpq0dvt2fw']
[2022-12-10T00:33:39.013+0000] {standard_task_runner.py:83} INFO - Job 361: Subtask create_forexRates_database
[2022-12-10T00:33:39.290+0000] {task_command.py:389} INFO - Running <TaskInstance: forex_data_pipeline.create_forexRates_database scheduled__2022-12-06T00:00:00+00:00 [running]> on host 8d7df76d8e6f
[2022-12-10T00:33:39.405+0000] {taskinstance.py:1513} INFO - Exporting the following env vars:
AIRFLOW_CTX_DAG_EMAIL=juanfelipehdezm@gmail.com
AIRFLOW_CTX_DAG_OWNER=felipehdez
AIRFLOW_CTX_DAG_ID=forex_data_pipeline
AIRFLOW_CTX_TASK_ID=create_forexRates_database
AIRFLOW_CTX_EXECUTION_DATE=2022-12-06T00:00:00+00:00
AIRFLOW_CTX_TRY_NUMBER=1
AIRFLOW_CTX_DAG_RUN_ID=scheduled__2022-12-06T00:00:00+00:00
[2022-12-10T00:33:39.407+0000] {sql.py:253} INFO - Executing: 

            DROP TABLE IF EXISTS forex_ratings;

            CREATE TABLE IF NOT EXISTS forex_ratings (
                From_Currency_Code TEXT NOT NULL,
                From_Currency_Name TEXT NOT NULL,
                To_Currency_Code TEXT NOT NULL,
                To_Currency_Name TEXT NOT NULL,
                Exchange_Rate NUMERIC(6,2),
                Last_Refreshed TIMESTAMP NOT NULL,
                Time_Zone TEXT NOT NULL
            );
        
[2022-12-10T00:33:39.423+0000] {base.py:73} INFO - Using connection ID 'forex_db' for task execution.
[2022-12-10T00:33:40.036+0000] {base.py:73} INFO - Using connection ID 'forex_db' for task execution.
[2022-12-10T00:33:40.063+0000] {sql.py:364} INFO - Running statement: 

            DROP TABLE IF EXISTS forex_ratings;

            CREATE TABLE IF NOT EXISTS forex_ratings (
                From_Currency_Code TEXT NOT NULL,
                From_Currency_Name TEXT NOT NULL,
                To_Currency_Code TEXT NOT NULL,
                To_Currency_Name TEXT NOT NULL,
                Exchange_Rate NUMERIC(6,2),
                Last_Refreshed TIMESTAMP NOT NULL,
                Time_Zone TEXT NOT NULL
            );
        , parameters: None
[2022-12-10T00:33:40.132+0000] {taskinstance.py:1327} INFO - Marking task as SUCCESS. dag_id=forex_data_pipeline, task_id=create_forexRates_database, execution_date=20221206T000000, start_date=20221210T003338, end_date=20221210T003340
[2022-12-10T00:33:45.651+0000] {local_task_job.py:159} INFO - Task exited with return code 0
[2022-12-10T00:33:45.704+0000] {taskinstance.py:2582} INFO - 0 downstream tasks scheduled from follow-on schedule check
