[2022-11-16T01:00:14.774+0000] {taskinstance.py:1165} INFO - Dependencies all met for <TaskInstance: forex_data_pipeline.downloading_rates scheduled__2022-11-15T00:00:00+00:00 [queued]>
[2022-11-16T01:00:14.786+0000] {taskinstance.py:1165} INFO - Dependencies all met for <TaskInstance: forex_data_pipeline.downloading_rates scheduled__2022-11-15T00:00:00+00:00 [queued]>
[2022-11-16T01:00:14.786+0000] {taskinstance.py:1362} INFO - 
--------------------------------------------------------------------------------
[2022-11-16T01:00:14.787+0000] {taskinstance.py:1363} INFO - Starting attempt 4 of 6
[2022-11-16T01:00:14.788+0000] {taskinstance.py:1364} INFO - 
--------------------------------------------------------------------------------
[2022-11-16T01:00:14.800+0000] {taskinstance.py:1383} INFO - Executing <Task(PythonOperator): downloading_rates> on 2022-11-15 00:00:00+00:00
[2022-11-16T01:00:14.804+0000] {standard_task_runner.py:54} INFO - Started process 1498 to run task
[2022-11-16T01:00:14.807+0000] {standard_task_runner.py:82} INFO - Running: ['***', 'tasks', 'run', 'forex_data_pipeline', 'downloading_rates', 'scheduled__2022-11-15T00:00:00+00:00', '--job-id', '180', '--raw', '--subdir', 'DAGS_FOLDER/forex_data_pipeline.py', '--cfg-path', '/tmp/tmp3pybot28']
[2022-11-16T01:00:14.808+0000] {standard_task_runner.py:83} INFO - Job 180: Subtask downloading_rates
[2022-11-16T01:00:14.809+0000] {dagbag.py:525} INFO - Filling up the DagBag from /opt/***/dags/forex_data_pipeline.py
[2022-11-16T01:00:15.160+0000] {task_command.py:384} INFO - Running <TaskInstance: forex_data_pipeline.downloading_rates scheduled__2022-11-15T00:00:00+00:00 [running]> on host 9cbdb5013874
[2022-11-16T01:00:15.220+0000] {taskinstance.py:1592} INFO - Exporting the following env vars:
AIRFLOW_CTX_DAG_EMAIL=juanfelipehdezm@gmail.com
AIRFLOW_CTX_DAG_OWNER=felipehdez
AIRFLOW_CTX_DAG_ID=forex_data_pipeline
AIRFLOW_CTX_TASK_ID=downloading_rates
AIRFLOW_CTX_EXECUTION_DATE=2022-11-15T00:00:00+00:00
AIRFLOW_CTX_TRY_NUMBER=4
AIRFLOW_CTX_DAG_RUN_ID=scheduled__2022-11-15T00:00:00+00:00
[2022-11-16T01:00:18.467+0000] {python.py:177} INFO - Done. Returned value was: None
[2022-11-16T01:00:18.479+0000] {taskinstance.py:1406} INFO - Marking task as SUCCESS. dag_id=forex_data_pipeline, task_id=downloading_rates, execution_date=20221115T000000, start_date=20221116T010014, end_date=20221116T010018
[2022-11-16T01:00:18.516+0000] {local_task_job.py:164} INFO - Task exited with return code 0
[2022-11-16T01:00:18.544+0000] {local_task_job.py:273} INFO - 1 downstream tasks scheduled from follow-on schedule check
