[2022-11-16T00:32:59.151+0000] {taskinstance.py:1165} INFO - Dependencies all met for <TaskInstance: forex_data_pipeline.downloading_rates scheduled__2022-11-15T00:00:00+00:00 [queued]>
[2022-11-16T00:32:59.162+0000] {taskinstance.py:1165} INFO - Dependencies all met for <TaskInstance: forex_data_pipeline.downloading_rates scheduled__2022-11-15T00:00:00+00:00 [queued]>
[2022-11-16T00:32:59.163+0000] {taskinstance.py:1362} INFO - 
--------------------------------------------------------------------------------
[2022-11-16T00:32:59.165+0000] {taskinstance.py:1363} INFO - Starting attempt 2 of 4
[2022-11-16T00:32:59.165+0000] {taskinstance.py:1364} INFO - 
--------------------------------------------------------------------------------
[2022-11-16T00:32:59.177+0000] {taskinstance.py:1383} INFO - Executing <Task(PythonOperator): downloading_rates> on 2022-11-15 00:00:00+00:00
[2022-11-16T00:32:59.181+0000] {standard_task_runner.py:54} INFO - Started process 132 to run task
[2022-11-16T00:32:59.183+0000] {standard_task_runner.py:82} INFO - Running: ['***', 'tasks', 'run', 'forex_data_pipeline', 'downloading_rates', 'scheduled__2022-11-15T00:00:00+00:00', '--job-id', '159', '--raw', '--subdir', 'DAGS_FOLDER/forex_data_pipeline.py', '--cfg-path', '/tmp/tmpr8rve4rj']
[2022-11-16T00:32:59.184+0000] {standard_task_runner.py:83} INFO - Job 159: Subtask downloading_rates
[2022-11-16T00:32:59.185+0000] {dagbag.py:525} INFO - Filling up the DagBag from /opt/***/dags/forex_data_pipeline.py
[2022-11-16T00:32:59.484+0000] {task_command.py:384} INFO - Running <TaskInstance: forex_data_pipeline.downloading_rates scheduled__2022-11-15T00:00:00+00:00 [running]> on host 9cbdb5013874
[2022-11-16T00:32:59.538+0000] {taskinstance.py:1592} INFO - Exporting the following env vars:
AIRFLOW_CTX_DAG_EMAIL=juanfelipehdezm@gmail.com
AIRFLOW_CTX_DAG_OWNER=felipehdez
AIRFLOW_CTX_DAG_ID=forex_data_pipeline
AIRFLOW_CTX_TASK_ID=downloading_rates
AIRFLOW_CTX_EXECUTION_DATE=2022-11-15T00:00:00+00:00
AIRFLOW_CTX_TRY_NUMBER=2
AIRFLOW_CTX_DAG_RUN_ID=scheduled__2022-11-15T00:00:00+00:00
[2022-11-16T00:33:00.316+0000] {python.py:177} INFO - Done. Returned value was: None
[2022-11-16T00:33:00.324+0000] {taskinstance.py:1406} INFO - Marking task as SUCCESS. dag_id=forex_data_pipeline, task_id=downloading_rates, execution_date=20221115T000000, start_date=20221116T003259, end_date=20221116T003300
[2022-11-16T00:33:00.361+0000] {local_task_job.py:164} INFO - Task exited with return code 0
[2022-11-16T00:33:00.386+0000] {local_task_job.py:273} INFO - 1 downstream tasks scheduled from follow-on schedule check
