[2022-11-09T15:50:27.310+0000] {taskinstance.py:1165} INFO - Dependencies all met for <TaskInstance: forex_data_pipeline.downloading_rates manual__2022-11-09T15:50:23.315625+00:00 [queued]>
[2022-11-09T15:50:27.323+0000] {taskinstance.py:1165} INFO - Dependencies all met for <TaskInstance: forex_data_pipeline.downloading_rates manual__2022-11-09T15:50:23.315625+00:00 [queued]>
[2022-11-09T15:50:27.325+0000] {taskinstance.py:1362} INFO - 
--------------------------------------------------------------------------------
[2022-11-09T15:50:27.326+0000] {taskinstance.py:1363} INFO - Starting attempt 1 of 3
[2022-11-09T15:50:27.327+0000] {taskinstance.py:1364} INFO - 
--------------------------------------------------------------------------------
[2022-11-09T15:50:27.342+0000] {taskinstance.py:1383} INFO - Executing <Task(PythonOperator): downloading_rates> on 2022-11-09 15:50:23.315625+00:00
[2022-11-09T15:50:27.347+0000] {standard_task_runner.py:54} INFO - Started process 3934 to run task
[2022-11-09T15:50:27.350+0000] {standard_task_runner.py:82} INFO - Running: ['***', 'tasks', 'run', 'forex_data_pipeline', 'downloading_rates', 'manual__2022-11-09T15:50:23.315625+00:00', '--job-id', '39', '--raw', '--subdir', 'DAGS_FOLDER/forex_data_pipeline.py', '--cfg-path', '/tmp/tmp1fsomwo6']
[2022-11-09T15:50:27.352+0000] {standard_task_runner.py:83} INFO - Job 39: Subtask downloading_rates
[2022-11-09T15:50:27.353+0000] {dagbag.py:525} INFO - Filling up the DagBag from /opt/***/dags/forex_data_pipeline.py
[2022-11-09T15:50:27.508+0000] {task_command.py:384} INFO - Running <TaskInstance: forex_data_pipeline.downloading_rates manual__2022-11-09T15:50:23.315625+00:00 [running]> on host f6a61415b844
[2022-11-09T15:50:27.570+0000] {taskinstance.py:1592} INFO - Exporting the following env vars:
AIRFLOW_CTX_DAG_EMAIL=juanfelipehdezm@gmail.com
AIRFLOW_CTX_DAG_OWNER=felipehdez
AIRFLOW_CTX_DAG_ID=forex_data_pipeline
AIRFLOW_CTX_TASK_ID=downloading_rates
AIRFLOW_CTX_EXECUTION_DATE=2022-11-09T15:50:23.315625+00:00
AIRFLOW_CTX_TRY_NUMBER=1
AIRFLOW_CTX_DAG_RUN_ID=manual__2022-11-09T15:50:23.315625+00:00
[2022-11-09T15:50:28.297+0000] {python.py:177} INFO - Done. Returned value was: None
[2022-11-09T15:50:28.312+0000] {taskinstance.py:1406} INFO - Marking task as SUCCESS. dag_id=forex_data_pipeline, task_id=downloading_rates, execution_date=20221109T155023, start_date=20221109T155027, end_date=20221109T155028
[2022-11-09T15:50:28.366+0000] {local_task_job.py:164} INFO - Task exited with return code 0
[2022-11-09T15:50:28.390+0000] {local_task_job.py:273} INFO - 1 downstream tasks scheduled from follow-on schedule check
