[2023-04-21T22:11:14.044+0000] {taskinstance.py:1087} INFO - Dependencies all met for <TaskInstance: forex_data_pipeline.is_forex_rates_available scheduled__2023-04-20T00:00:00+00:00 [queued]>
[2023-04-21T22:11:14.063+0000] {taskinstance.py:1087} INFO - Dependencies all met for <TaskInstance: forex_data_pipeline.is_forex_rates_available scheduled__2023-04-20T00:00:00+00:00 [queued]>
[2023-04-21T22:11:14.064+0000] {taskinstance.py:1283} INFO - 
--------------------------------------------------------------------------------
[2023-04-21T22:11:14.064+0000] {taskinstance.py:1284} INFO - Starting attempt 1 of 3
[2023-04-21T22:11:14.065+0000] {taskinstance.py:1285} INFO - 
--------------------------------------------------------------------------------
[2023-04-21T22:11:14.085+0000] {taskinstance.py:1304} INFO - Executing <Task(HttpSensor): is_forex_rates_available> on 2023-04-20 00:00:00+00:00
[2023-04-21T22:11:14.094+0000] {standard_task_runner.py:55} INFO - Started process 80 to run task
[2023-04-21T22:11:14.099+0000] {standard_task_runner.py:82} INFO - Running: ['***', 'tasks', 'run', 'forex_data_pipeline', 'is_forex_rates_available', 'scheduled__2023-04-20T00:00:00+00:00', '--job-id', '1120', '--raw', '--subdir', 'DAGS_FOLDER/forex_data_pipeline.py', '--cfg-path', '/tmp/tmpxfstmt4h']
[2023-04-21T22:11:14.103+0000] {standard_task_runner.py:83} INFO - Job 1120: Subtask is_forex_rates_available
[2023-04-21T22:11:14.195+0000] {task_command.py:389} INFO - Running <TaskInstance: forex_data_pipeline.is_forex_rates_available scheduled__2023-04-20T00:00:00+00:00 [running]> on host b21115e7dff0
[2023-04-21T22:11:14.318+0000] {taskinstance.py:1513} INFO - Exporting the following env vars:
AIRFLOW_CTX_DAG_EMAIL=juanfelipehdezm@gmail.com
AIRFLOW_CTX_DAG_OWNER=felipehdez
AIRFLOW_CTX_DAG_ID=forex_data_pipeline
AIRFLOW_CTX_TASK_ID=is_forex_rates_available
AIRFLOW_CTX_EXECUTION_DATE=2023-04-20T00:00:00+00:00
AIRFLOW_CTX_TRY_NUMBER=1
AIRFLOW_CTX_DAG_RUN_ID=scheduled__2023-04-20T00:00:00+00:00
[2023-04-21T22:11:14.320+0000] {http.py:122} INFO - Poking: /query?function=CURRENCY_EXCHANGE_RATE&from_currency=USD&to_currency=COP&apikey=EHCCX9LJ1T4XQV4E
[2023-04-21T22:11:14.332+0000] {base.py:73} INFO - Using connection ID 'forex_api' for task execution.
[2023-04-21T22:11:14.334+0000] {http.py:150} INFO - Sending 'GET' to url: https://www.alphavantage.co/query?function=CURRENCY_EXCHANGE_RATE&from_currency=USD&to_currency=COP&apikey=EHCCX9LJ1T4XQV4E
[2023-04-21T22:11:15.204+0000] {base.py:228} INFO - Success criteria met. Exiting.
[2023-04-21T22:11:15.239+0000] {taskinstance.py:1327} INFO - Marking task as SUCCESS. dag_id=forex_data_pipeline, task_id=is_forex_rates_available, execution_date=20230420T000000, start_date=20230421T221114, end_date=20230421T221115
[2023-04-21T22:11:15.438+0000] {local_task_job.py:159} INFO - Task exited with return code 0
[2023-04-21T22:11:15.478+0000] {taskinstance.py:2582} INFO - 1 downstream tasks scheduled from follow-on schedule check
