[2023-01-26T14:46:51.966+0000] {taskinstance.py:1087} INFO - Dependencies all met for <TaskInstance: forex_data_pipeline.create_forexRates_database scheduled__2023-01-20T00:00:00+00:00 [queued]>
[2023-01-26T14:46:51.982+0000] {taskinstance.py:1087} INFO - Dependencies all met for <TaskInstance: forex_data_pipeline.create_forexRates_database scheduled__2023-01-20T00:00:00+00:00 [queued]>
[2023-01-26T14:46:51.983+0000] {taskinstance.py:1283} INFO - 
--------------------------------------------------------------------------------
[2023-01-26T14:46:51.984+0000] {taskinstance.py:1284} INFO - Starting attempt 1 of 3
[2023-01-26T14:46:51.985+0000] {taskinstance.py:1285} INFO - 
--------------------------------------------------------------------------------
[2023-01-26T14:46:51.999+0000] {taskinstance.py:1304} INFO - Executing <Task(PostgresOperator): create_forexRates_database> on 2023-01-20 00:00:00+00:00
[2023-01-26T14:46:52.004+0000] {standard_task_runner.py:55} INFO - Started process 84 to run task
[2023-01-26T14:46:52.008+0000] {standard_task_runner.py:82} INFO - Running: ['***', 'tasks', 'run', 'forex_data_pipeline', 'create_forexRates_database', 'scheduled__2023-01-20T00:00:00+00:00', '--job-id', '609', '--raw', '--subdir', 'DAGS_FOLDER/forex_data_pipeline.py', '--cfg-path', '/tmp/tmpfe7l1uzx']
[2023-01-26T14:46:52.011+0000] {standard_task_runner.py:83} INFO - Job 609: Subtask create_forexRates_database
[2023-01-26T14:46:52.089+0000] {task_command.py:389} INFO - Running <TaskInstance: forex_data_pipeline.create_forexRates_database scheduled__2023-01-20T00:00:00+00:00 [running]> on host aa00172a3355
[2023-01-26T14:46:52.161+0000] {taskinstance.py:1513} INFO - Exporting the following env vars:
AIRFLOW_CTX_DAG_EMAIL=juanfelipehdezm@gmail.com
AIRFLOW_CTX_DAG_OWNER=felipehdez
AIRFLOW_CTX_DAG_ID=forex_data_pipeline
AIRFLOW_CTX_TASK_ID=create_forexRates_database
AIRFLOW_CTX_EXECUTION_DATE=2023-01-20T00:00:00+00:00
AIRFLOW_CTX_TRY_NUMBER=1
AIRFLOW_CTX_DAG_RUN_ID=scheduled__2023-01-20T00:00:00+00:00
[2023-01-26T14:46:52.163+0000] {sql.py:253} INFO - Executing: 

            DROP TABLE IF EXISTS forex_ratings;

            CREATE TABLE IF NOT EXISTS forex_ratings (
                From_Currency_Code TEXT NOT NULL,
                From_Currency_Name TEXT NOT NULL,
                To_Currency_Code TEXT NOT NULL,
                To_Currency_Name TEXT NOT NULL,
                Exchange_Rate NUMERIC(6,2),
                Last_Refreshed TIMESTAMP NOT NULL,
                Time_Zone TEXT NOT NULL
            );
        
[2023-01-26T14:46:52.173+0000] {base.py:73} INFO - Using connection ID 'forex_db' for task execution.
[2023-01-26T14:46:52.371+0000] {base.py:73} INFO - Using connection ID 'forex_db' for task execution.
[2023-01-26T14:46:52.376+0000] {sql.py:364} INFO - Running statement: 

            DROP TABLE IF EXISTS forex_ratings;

            CREATE TABLE IF NOT EXISTS forex_ratings (
                From_Currency_Code TEXT NOT NULL,
                From_Currency_Name TEXT NOT NULL,
                To_Currency_Code TEXT NOT NULL,
                To_Currency_Name TEXT NOT NULL,
                Exchange_Rate NUMERIC(6,2),
                Last_Refreshed TIMESTAMP NOT NULL,
                Time_Zone TEXT NOT NULL
            );
        , parameters: None
[2023-01-26T14:46:52.404+0000] {taskinstance.py:1327} INFO - Marking task as SUCCESS. dag_id=forex_data_pipeline, task_id=create_forexRates_database, execution_date=20230120T000000, start_date=20230126T144651, end_date=20230126T144652
[2023-01-26T14:46:52.461+0000] {local_task_job.py:159} INFO - Task exited with return code 0
[2023-01-26T14:46:52.488+0000] {taskinstance.py:2582} INFO - 0 downstream tasks scheduled from follow-on schedule check
