[2023-03-13T00:07:52.689+0000] {taskinstance.py:1087} INFO - Dependencies all met for <TaskInstance: forex_data_pipeline.store_ratings scheduled__2023-03-12T00:00:00+00:00 [queued]>
[2023-03-13T00:07:52.704+0000] {taskinstance.py:1087} INFO - Dependencies all met for <TaskInstance: forex_data_pipeline.store_ratings scheduled__2023-03-12T00:00:00+00:00 [queued]>
[2023-03-13T00:07:52.705+0000] {taskinstance.py:1283} INFO - 
--------------------------------------------------------------------------------
[2023-03-13T00:07:52.706+0000] {taskinstance.py:1284} INFO - Starting attempt 1 of 3
[2023-03-13T00:07:52.707+0000] {taskinstance.py:1285} INFO - 
--------------------------------------------------------------------------------
[2023-03-13T00:07:52.724+0000] {taskinstance.py:1304} INFO - Executing <Task(PythonOperator): store_ratings> on 2023-03-12 00:00:00+00:00
[2023-03-13T00:07:52.730+0000] {standard_task_runner.py:55} INFO - Started process 108 to run task
[2023-03-13T00:07:52.733+0000] {standard_task_runner.py:82} INFO - Running: ['***', 'tasks', 'run', 'forex_data_pipeline', 'store_ratings', 'scheduled__2023-03-12T00:00:00+00:00', '--job-id', '899', '--raw', '--subdir', 'DAGS_FOLDER/forex_data_pipeline.py', '--cfg-path', '/tmp/tmpd5vq_plp']
[2023-03-13T00:07:52.736+0000] {standard_task_runner.py:83} INFO - Job 899: Subtask store_ratings
[2023-03-13T00:07:52.810+0000] {task_command.py:389} INFO - Running <TaskInstance: forex_data_pipeline.store_ratings scheduled__2023-03-12T00:00:00+00:00 [running]> on host b21115e7dff0
[2023-03-13T00:07:52.914+0000] {taskinstance.py:1513} INFO - Exporting the following env vars:
AIRFLOW_CTX_DAG_EMAIL=juanfelipehdezm@gmail.com
AIRFLOW_CTX_DAG_OWNER=felipehdez
AIRFLOW_CTX_DAG_ID=forex_data_pipeline
AIRFLOW_CTX_TASK_ID=store_ratings
AIRFLOW_CTX_EXECUTION_DATE=2023-03-12T00:00:00+00:00
AIRFLOW_CTX_TRY_NUMBER=1
AIRFLOW_CTX_DAG_RUN_ID=scheduled__2023-03-12T00:00:00+00:00
[2023-03-13T00:07:52.917+0000] {postgres.py:158} INFO - Running copy expert: COPY forex_ratings FROM stdin WITH DELIMITER AS ',', filename: /opt/***/dags/files/rates.csv
[2023-03-13T00:07:52.941+0000] {base.py:73} INFO - Using connection ID 'forex_db' for task execution.
[2023-03-13T00:07:52.965+0000] {python.py:177} INFO - Done. Returned value was: None
[2023-03-13T00:07:52.976+0000] {taskinstance.py:1327} INFO - Marking task as SUCCESS. dag_id=forex_data_pipeline, task_id=store_ratings, execution_date=20230312T000000, start_date=20230313T000752, end_date=20230313T000752
[2023-03-13T00:07:53.026+0000] {local_task_job.py:159} INFO - Task exited with return code 0
[2023-03-13T00:07:53.043+0000] {taskinstance.py:2582} INFO - 0 downstream tasks scheduled from follow-on schedule check
