[2022-11-08T22:42:56.153+0000] {taskinstance.py:1165} INFO - Dependencies all met for <TaskInstance: forex_data_pipeline.is_forex_file_available manual__2022-11-08T22:42:51.518828+00:00 [queued]>
[2022-11-08T22:42:56.164+0000] {taskinstance.py:1165} INFO - Dependencies all met for <TaskInstance: forex_data_pipeline.is_forex_file_available manual__2022-11-08T22:42:51.518828+00:00 [queued]>
[2022-11-08T22:42:56.165+0000] {taskinstance.py:1362} INFO - 
--------------------------------------------------------------------------------
[2022-11-08T22:42:56.166+0000] {taskinstance.py:1363} INFO - Starting attempt 1 of 3
[2022-11-08T22:42:56.166+0000] {taskinstance.py:1364} INFO - 
--------------------------------------------------------------------------------
[2022-11-08T22:42:56.178+0000] {taskinstance.py:1383} INFO - Executing <Task(FileSensor): is_forex_file_available> on 2022-11-08 22:42:51.518828+00:00
[2022-11-08T22:42:56.183+0000] {standard_task_runner.py:54} INFO - Started process 5366 to run task
[2022-11-08T22:42:56.186+0000] {standard_task_runner.py:82} INFO - Running: ['***', 'tasks', 'run', 'forex_data_pipeline', 'is_forex_file_available', 'manual__2022-11-08T22:42:51.518828+00:00', '--job-id', '31', '--raw', '--subdir', 'DAGS_FOLDER/forex_data_pipeline.py', '--cfg-path', '/tmp/tmpxklxth3p']
[2022-11-08T22:42:56.187+0000] {standard_task_runner.py:83} INFO - Job 31: Subtask is_forex_file_available
[2022-11-08T22:42:56.189+0000] {dagbag.py:525} INFO - Filling up the DagBag from /opt/***/dags/forex_data_pipeline.py
[2022-11-08T22:42:56.288+0000] {task_command.py:384} INFO - Running <TaskInstance: forex_data_pipeline.is_forex_file_available manual__2022-11-08T22:42:51.518828+00:00 [running]> on host f6a61415b844
[2022-11-08T22:42:56.347+0000] {taskinstance.py:1592} INFO - Exporting the following env vars:
AIRFLOW_CTX_DAG_EMAIL=juanfelipehdezm@gmail.com
AIRFLOW_CTX_DAG_OWNER=felipehdez
AIRFLOW_CTX_DAG_ID=forex_data_pipeline
AIRFLOW_CTX_TASK_ID=is_forex_file_available
AIRFLOW_CTX_EXECUTION_DATE=2022-11-08T22:42:51.518828+00:00
AIRFLOW_CTX_TRY_NUMBER=1
AIRFLOW_CTX_DAG_RUN_ID=manual__2022-11-08T22:42:51.518828+00:00
[2022-11-08T22:42:56.356+0000] {base.py:71} INFO - Using connection ID 'forex_path' for task execution.
[2022-11-08T22:42:56.357+0000] {filesystem.py:58} INFO - Poking for file /opt/***/dags/files/rates.json
[2022-11-08T22:42:56.368+0000] {filesystem.py:63} INFO - Found File /opt/***/dags/files/rates.json last modified: 20221108224255
[2022-11-08T22:42:56.369+0000] {base.py:213} INFO - Success criteria met. Exiting.
[2022-11-08T22:42:56.377+0000] {taskinstance.py:1406} INFO - Marking task as SUCCESS. dag_id=forex_data_pipeline, task_id=is_forex_file_available, execution_date=20221108T224251, start_date=20221108T224256, end_date=20221108T224256
[2022-11-08T22:42:56.399+0000] {local_task_job.py:164} INFO - Task exited with return code 0
[2022-11-08T22:42:56.417+0000] {local_task_job.py:273} INFO - 0 downstream tasks scheduled from follow-on schedule check
