[2023-02-08T22:38:09.679+0000] {taskinstance.py:1087} INFO - Dependencies all met for <TaskInstance: forex_data_pipeline.is_forex_rates_available scheduled__2023-02-07T00:00:00+00:00 [queued]>
[2023-02-08T22:38:09.697+0000] {taskinstance.py:1087} INFO - Dependencies all met for <TaskInstance: forex_data_pipeline.is_forex_rates_available scheduled__2023-02-07T00:00:00+00:00 [queued]>
[2023-02-08T22:38:09.698+0000] {taskinstance.py:1283} INFO - 
--------------------------------------------------------------------------------
[2023-02-08T22:38:09.699+0000] {taskinstance.py:1284} INFO - Starting attempt 1 of 3
[2023-02-08T22:38:09.700+0000] {taskinstance.py:1285} INFO - 
--------------------------------------------------------------------------------
[2023-02-08T22:38:09.717+0000] {taskinstance.py:1304} INFO - Executing <Task(HttpSensor): is_forex_rates_available> on 2023-02-07 00:00:00+00:00
[2023-02-08T22:38:09.726+0000] {standard_task_runner.py:55} INFO - Started process 94 to run task
[2023-02-08T22:38:09.734+0000] {standard_task_runner.py:82} INFO - Running: ['***', 'tasks', 'run', 'forex_data_pipeline', 'is_forex_rates_available', 'scheduled__2023-02-07T00:00:00+00:00', '--job-id', '656', '--raw', '--subdir', 'DAGS_FOLDER/forex_data_pipeline.py', '--cfg-path', '/tmp/tmp1vgxctk4']
[2023-02-08T22:38:09.739+0000] {standard_task_runner.py:83} INFO - Job 656: Subtask is_forex_rates_available
[2023-02-08T22:38:09.857+0000] {task_command.py:389} INFO - Running <TaskInstance: forex_data_pipeline.is_forex_rates_available scheduled__2023-02-07T00:00:00+00:00 [running]> on host b21115e7dff0
[2023-02-08T22:38:09.964+0000] {taskinstance.py:1513} INFO - Exporting the following env vars:
AIRFLOW_CTX_DAG_EMAIL=juanfelipehdezm@gmail.com
AIRFLOW_CTX_DAG_OWNER=felipehdez
AIRFLOW_CTX_DAG_ID=forex_data_pipeline
AIRFLOW_CTX_TASK_ID=is_forex_rates_available
AIRFLOW_CTX_EXECUTION_DATE=2023-02-07T00:00:00+00:00
AIRFLOW_CTX_TRY_NUMBER=1
AIRFLOW_CTX_DAG_RUN_ID=scheduled__2023-02-07T00:00:00+00:00
[2023-02-08T22:38:09.967+0000] {http.py:122} INFO - Poking: /query?function=CURRENCY_EXCHANGE_RATE&from_currency=USD&to_currency=COP&apikey=EHCCX9LJ1T4XQV4E
[2023-02-08T22:38:09.980+0000] {base.py:73} INFO - Using connection ID 'forex_api' for task execution.
[2023-02-08T22:38:09.984+0000] {http.py:150} INFO - Sending 'GET' to url: https://www.alphavantage.co/query?function=CURRENCY_EXCHANGE_RATE&from_currency=USD&to_currency=COP&apikey=EHCCX9LJ1T4XQV4E
[2023-02-08T22:38:10.914+0000] {base.py:228} INFO - Success criteria met. Exiting.
[2023-02-08T22:38:10.926+0000] {taskinstance.py:1327} INFO - Marking task as SUCCESS. dag_id=forex_data_pipeline, task_id=is_forex_rates_available, execution_date=20230207T000000, start_date=20230208T223809, end_date=20230208T223810
[2023-02-08T22:38:10.990+0000] {local_task_job.py:159} INFO - Task exited with return code 0
[2023-02-08T22:38:11.029+0000] {taskinstance.py:2582} INFO - 1 downstream tasks scheduled from follow-on schedule check
