[2022-12-10T00:33:49.241+0000] {taskinstance.py:1087} INFO - Dependencies all met for <TaskInstance: forex_data_pipeline.downloading_rates scheduled__2022-12-09T00:00:00+00:00 [queued]>
[2022-12-10T00:33:49.260+0000] {taskinstance.py:1087} INFO - Dependencies all met for <TaskInstance: forex_data_pipeline.downloading_rates scheduled__2022-12-09T00:00:00+00:00 [queued]>
[2022-12-10T00:33:49.261+0000] {taskinstance.py:1283} INFO - 
--------------------------------------------------------------------------------
[2022-12-10T00:33:49.262+0000] {taskinstance.py:1284} INFO - Starting attempt 1 of 3
[2022-12-10T00:33:49.264+0000] {taskinstance.py:1285} INFO - 
--------------------------------------------------------------------------------
[2022-12-10T00:33:49.284+0000] {taskinstance.py:1304} INFO - Executing <Task(PythonOperator): downloading_rates> on 2022-12-09 00:00:00+00:00
[2022-12-10T00:33:49.291+0000] {standard_task_runner.py:55} INFO - Started process 89 to run task
[2022-12-10T00:33:49.295+0000] {standard_task_runner.py:82} INFO - Running: ['***', 'tasks', 'run', 'forex_data_pipeline', 'downloading_rates', 'scheduled__2022-12-09T00:00:00+00:00', '--job-id', '363', '--raw', '--subdir', 'DAGS_FOLDER/forex_data_pipeline.py', '--cfg-path', '/tmp/tmpsv9jrcy5']
[2022-12-10T00:33:49.310+0000] {standard_task_runner.py:83} INFO - Job 363: Subtask downloading_rates
[2022-12-10T00:33:49.395+0000] {task_command.py:389} INFO - Running <TaskInstance: forex_data_pipeline.downloading_rates scheduled__2022-12-09T00:00:00+00:00 [running]> on host b1ea40c19b9b
[2022-12-10T00:33:49.484+0000] {taskinstance.py:1513} INFO - Exporting the following env vars:
AIRFLOW_CTX_DAG_EMAIL=juanfelipehdezm@gmail.com
AIRFLOW_CTX_DAG_OWNER=felipehdez
AIRFLOW_CTX_DAG_ID=forex_data_pipeline
AIRFLOW_CTX_TASK_ID=downloading_rates
AIRFLOW_CTX_EXECUTION_DATE=2022-12-09T00:00:00+00:00
AIRFLOW_CTX_TRY_NUMBER=1
AIRFLOW_CTX_DAG_RUN_ID=scheduled__2022-12-09T00:00:00+00:00
[2022-12-10T00:33:50.413+0000] {python.py:177} INFO - Done. Returned value was: None
[2022-12-10T00:33:50.450+0000] {taskinstance.py:1327} INFO - Marking task as SUCCESS. dag_id=forex_data_pipeline, task_id=downloading_rates, execution_date=20221209T000000, start_date=20221210T003349, end_date=20221210T003350
[2022-12-10T00:33:50.570+0000] {local_task_job.py:159} INFO - Task exited with return code 0
[2022-12-10T00:33:50.614+0000] {taskinstance.py:2582} INFO - 1 downstream tasks scheduled from follow-on schedule check
