[2023-01-20T01:43:37.122+0000] {taskinstance.py:1087} INFO - Dependencies all met for <TaskInstance: forex_data_pipeline.store_ratings scheduled__2023-01-18T00:00:00+00:00 [queued]>
[2023-01-20T01:43:37.138+0000] {taskinstance.py:1087} INFO - Dependencies all met for <TaskInstance: forex_data_pipeline.store_ratings scheduled__2023-01-18T00:00:00+00:00 [queued]>
[2023-01-20T01:43:37.139+0000] {taskinstance.py:1283} INFO - 
--------------------------------------------------------------------------------
[2023-01-20T01:43:37.140+0000] {taskinstance.py:1284} INFO - Starting attempt 1 of 3
[2023-01-20T01:43:37.141+0000] {taskinstance.py:1285} INFO - 
--------------------------------------------------------------------------------
[2023-01-20T01:43:37.164+0000] {taskinstance.py:1304} INFO - Executing <Task(PythonOperator): store_ratings> on 2023-01-18 00:00:00+00:00
[2023-01-20T01:43:37.170+0000] {standard_task_runner.py:55} INFO - Started process 129 to run task
[2023-01-20T01:43:37.174+0000] {standard_task_runner.py:82} INFO - Running: ['***', 'tasks', 'run', 'forex_data_pipeline', 'store_ratings', 'scheduled__2023-01-18T00:00:00+00:00', '--job-id', '601', '--raw', '--subdir', 'DAGS_FOLDER/forex_data_pipeline.py', '--cfg-path', '/tmp/tmpmj11n2l8']
[2023-01-20T01:43:37.177+0000] {standard_task_runner.py:83} INFO - Job 601: Subtask store_ratings
[2023-01-20T01:43:37.251+0000] {task_command.py:389} INFO - Running <TaskInstance: forex_data_pipeline.store_ratings scheduled__2023-01-18T00:00:00+00:00 [running]> on host b21115e7dff0
[2023-01-20T01:43:37.331+0000] {taskinstance.py:1513} INFO - Exporting the following env vars:
AIRFLOW_CTX_DAG_EMAIL=juanfelipehdezm@gmail.com
AIRFLOW_CTX_DAG_OWNER=felipehdez
AIRFLOW_CTX_DAG_ID=forex_data_pipeline
AIRFLOW_CTX_TASK_ID=store_ratings
AIRFLOW_CTX_EXECUTION_DATE=2023-01-18T00:00:00+00:00
AIRFLOW_CTX_TRY_NUMBER=1
AIRFLOW_CTX_DAG_RUN_ID=scheduled__2023-01-18T00:00:00+00:00
[2023-01-20T01:43:37.333+0000] {postgres.py:158} INFO - Running copy expert: COPY forex_ratings FROM stdin WITH DELIMITER AS ',', filename: /opt/***/dags/files/rates.csv
[2023-01-20T01:43:37.397+0000] {base.py:73} INFO - Using connection ID 'forex_db' for task execution.
[2023-01-20T01:43:37.438+0000] {python.py:177} INFO - Done. Returned value was: None
[2023-01-20T01:43:37.453+0000] {taskinstance.py:1327} INFO - Marking task as SUCCESS. dag_id=forex_data_pipeline, task_id=store_ratings, execution_date=20230118T000000, start_date=20230120T014337, end_date=20230120T014337
[2023-01-20T01:43:37.507+0000] {local_task_job.py:159} INFO - Task exited with return code 0
[2023-01-20T01:43:37.530+0000] {taskinstance.py:2582} INFO - 0 downstream tasks scheduled from follow-on schedule check
