[2022-12-04T00:41:03.089+0000] {taskinstance.py:1165} INFO - Dependencies all met for <TaskInstance: forex_data_pipeline.is_forex_file_available scheduled__2022-11-29T00:00:00+00:00 [queued]>
[2022-12-04T00:41:03.101+0000] {taskinstance.py:1165} INFO - Dependencies all met for <TaskInstance: forex_data_pipeline.is_forex_file_available scheduled__2022-11-29T00:00:00+00:00 [queued]>
[2022-12-04T00:41:03.102+0000] {taskinstance.py:1362} INFO - 
--------------------------------------------------------------------------------
[2022-12-04T00:41:03.103+0000] {taskinstance.py:1363} INFO - Starting attempt 1 of 3
[2022-12-04T00:41:03.104+0000] {taskinstance.py:1364} INFO - 
--------------------------------------------------------------------------------
[2022-12-04T00:41:03.116+0000] {taskinstance.py:1383} INFO - Executing <Task(FileSensor): is_forex_file_available> on 2022-11-29 00:00:00+00:00
[2022-12-04T00:41:03.122+0000] {standard_task_runner.py:54} INFO - Started process 82 to run task
[2022-12-04T00:41:03.124+0000] {standard_task_runner.py:82} INFO - Running: ['***', 'tasks', 'run', 'forex_data_pipeline', 'is_forex_file_available', 'scheduled__2022-11-29T00:00:00+00:00', '--job-id', '331', '--raw', '--subdir', 'DAGS_FOLDER/forex_data_pipeline.py', '--cfg-path', '/tmp/tmpk6rakvzh']
[2022-12-04T00:41:03.125+0000] {standard_task_runner.py:83} INFO - Job 331: Subtask is_forex_file_available
[2022-12-04T00:41:03.127+0000] {dagbag.py:525} INFO - Filling up the DagBag from /opt/***/dags/forex_data_pipeline.py
[2022-12-04T00:41:03.611+0000] {task_command.py:384} INFO - Running <TaskInstance: forex_data_pipeline.is_forex_file_available scheduled__2022-11-29T00:00:00+00:00 [running]> on host 9cbdb5013874
[2022-12-04T00:41:03.698+0000] {taskinstance.py:1592} INFO - Exporting the following env vars:
AIRFLOW_CTX_DAG_EMAIL=juanfelipehdezm@gmail.com
AIRFLOW_CTX_DAG_OWNER=felipehdez
AIRFLOW_CTX_DAG_ID=forex_data_pipeline
AIRFLOW_CTX_TASK_ID=is_forex_file_available
AIRFLOW_CTX_EXECUTION_DATE=2022-11-29T00:00:00+00:00
AIRFLOW_CTX_TRY_NUMBER=1
AIRFLOW_CTX_DAG_RUN_ID=scheduled__2022-11-29T00:00:00+00:00
[2022-12-04T00:41:03.710+0000] {base.py:71} INFO - Using connection ID 'forex_path' for task execution.
[2022-12-04T00:41:03.712+0000] {filesystem.py:58} INFO - Poking for file /opt/***/dags/files/rates.json
[2022-12-04T00:41:03.734+0000] {filesystem.py:63} INFO - Found File /opt/***/dags/files/rates.json last modified: 20221204004102
[2022-12-04T00:41:03.735+0000] {base.py:213} INFO - Success criteria met. Exiting.
[2022-12-04T00:41:03.746+0000] {taskinstance.py:1406} INFO - Marking task as SUCCESS. dag_id=forex_data_pipeline, task_id=is_forex_file_available, execution_date=20221129T000000, start_date=20221204T004103, end_date=20221204T004103
[2022-12-04T00:41:03.820+0000] {local_task_job.py:164} INFO - Task exited with return code 0
[2022-12-04T00:41:03.854+0000] {local_task_job.py:273} INFO - 1 downstream tasks scheduled from follow-on schedule check
