[2023-04-21T22:11:17.436+0000] {taskinstance.py:1087} INFO - Dependencies all met for <TaskInstance: forex_data_pipeline.downloading_rates scheduled__2023-04-20T00:00:00+00:00 [queued]>
[2023-04-21T22:11:17.452+0000] {taskinstance.py:1087} INFO - Dependencies all met for <TaskInstance: forex_data_pipeline.downloading_rates scheduled__2023-04-20T00:00:00+00:00 [queued]>
[2023-04-21T22:11:17.453+0000] {taskinstance.py:1283} INFO - 
--------------------------------------------------------------------------------
[2023-04-21T22:11:17.454+0000] {taskinstance.py:1284} INFO - Starting attempt 1 of 3
[2023-04-21T22:11:17.455+0000] {taskinstance.py:1285} INFO - 
--------------------------------------------------------------------------------
[2023-04-21T22:11:17.469+0000] {taskinstance.py:1304} INFO - Executing <Task(PythonOperator): downloading_rates> on 2023-04-20 00:00:00+00:00
[2023-04-21T22:11:17.475+0000] {standard_task_runner.py:55} INFO - Started process 90 to run task
[2023-04-21T22:11:17.478+0000] {standard_task_runner.py:82} INFO - Running: ['***', 'tasks', 'run', 'forex_data_pipeline', 'downloading_rates', 'scheduled__2023-04-20T00:00:00+00:00', '--job-id', '1122', '--raw', '--subdir', 'DAGS_FOLDER/forex_data_pipeline.py', '--cfg-path', '/tmp/tmpkijm7f7o']
[2023-04-21T22:11:17.481+0000] {standard_task_runner.py:83} INFO - Job 1122: Subtask downloading_rates
[2023-04-21T22:11:17.569+0000] {task_command.py:389} INFO - Running <TaskInstance: forex_data_pipeline.downloading_rates scheduled__2023-04-20T00:00:00+00:00 [running]> on host b21115e7dff0
[2023-04-21T22:11:17.665+0000] {taskinstance.py:1513} INFO - Exporting the following env vars:
AIRFLOW_CTX_DAG_EMAIL=juanfelipehdezm@gmail.com
AIRFLOW_CTX_DAG_OWNER=felipehdez
AIRFLOW_CTX_DAG_ID=forex_data_pipeline
AIRFLOW_CTX_TASK_ID=downloading_rates
AIRFLOW_CTX_EXECUTION_DATE=2023-04-20T00:00:00+00:00
AIRFLOW_CTX_TRY_NUMBER=1
AIRFLOW_CTX_DAG_RUN_ID=scheduled__2023-04-20T00:00:00+00:00
[2023-04-21T22:11:18.380+0000] {python.py:177} INFO - Done. Returned value was: None
[2023-04-21T22:11:18.393+0000] {taskinstance.py:1327} INFO - Marking task as SUCCESS. dag_id=forex_data_pipeline, task_id=downloading_rates, execution_date=20230420T000000, start_date=20230421T221117, end_date=20230421T221118
[2023-04-21T22:11:18.455+0000] {local_task_job.py:159} INFO - Task exited with return code 0
[2023-04-21T22:11:18.504+0000] {taskinstance.py:2582} INFO - 1 downstream tasks scheduled from follow-on schedule check
