[2022-12-04T00:40:50.680+0000] {processor.py:156} INFO - Started process (PID=41) to work on /opt/airflow/dags/forex_data_pipeline.py
[2022-12-04T00:40:50.686+0000] {processor.py:758} INFO - Processing file /opt/airflow/dags/forex_data_pipeline.py for tasks to queue
[2022-12-04T00:40:50.688+0000] {logging_mixin.py:117} INFO - [2022-12-04T00:40:50.688+0000] {dagbag.py:525} INFO - Filling up the DagBag from /opt/airflow/dags/forex_data_pipeline.py
[2022-12-04T00:40:51.736+0000] {processor.py:768} INFO - DAG(s) dict_keys(['forex_data_pipeline']) retrieved from /opt/airflow/dags/forex_data_pipeline.py
[2022-12-04T00:40:52.060+0000] {logging_mixin.py:117} INFO - [2022-12-04T00:40:52.059+0000] {dag.py:2573} INFO - Sync 1 DAGs
[2022-12-04T00:40:52.109+0000] {logging_mixin.py:117} INFO - [2022-12-04T00:40:52.108+0000] {dag.py:3328} INFO - Setting next_dagrun for forex_data_pipeline to 2022-12-04T00:00:00+00:00, run_after=2022-12-05T00:00:00+00:00
[2022-12-04T00:40:52.167+0000] {processor.py:178} INFO - Processing /opt/airflow/dags/forex_data_pipeline.py took 1.490 seconds
[2022-12-04T00:41:22.639+0000] {processor.py:156} INFO - Started process (PID=94) to work on /opt/airflow/dags/forex_data_pipeline.py
[2022-12-04T00:41:22.641+0000] {processor.py:758} INFO - Processing file /opt/airflow/dags/forex_data_pipeline.py for tasks to queue
[2022-12-04T00:41:22.641+0000] {logging_mixin.py:117} INFO - [2022-12-04T00:41:22.641+0000] {dagbag.py:525} INFO - Filling up the DagBag from /opt/airflow/dags/forex_data_pipeline.py
[2022-12-04T00:41:22.976+0000] {processor.py:768} INFO - DAG(s) dict_keys(['forex_data_pipeline']) retrieved from /opt/airflow/dags/forex_data_pipeline.py
[2022-12-04T00:41:23.103+0000] {logging_mixin.py:117} INFO - [2022-12-04T00:41:23.103+0000] {dag.py:2573} INFO - Sync 1 DAGs
[2022-12-04T00:41:23.126+0000] {logging_mixin.py:117} INFO - [2022-12-04T00:41:23.126+0000] {dag.py:3328} INFO - Setting next_dagrun for forex_data_pipeline to 2022-12-04T00:00:00+00:00, run_after=2022-12-05T00:00:00+00:00
[2022-12-04T00:41:23.154+0000] {processor.py:178} INFO - Processing /opt/airflow/dags/forex_data_pipeline.py took 0.518 seconds
[2022-12-04T00:41:53.287+0000] {processor.py:156} INFO - Started process (PID=123) to work on /opt/airflow/dags/forex_data_pipeline.py
[2022-12-04T00:41:53.290+0000] {processor.py:758} INFO - Processing file /opt/airflow/dags/forex_data_pipeline.py for tasks to queue
[2022-12-04T00:41:53.291+0000] {logging_mixin.py:117} INFO - [2022-12-04T00:41:53.291+0000] {dagbag.py:525} INFO - Filling up the DagBag from /opt/airflow/dags/forex_data_pipeline.py
[2022-12-04T00:41:53.701+0000] {processor.py:768} INFO - DAG(s) dict_keys(['forex_data_pipeline']) retrieved from /opt/airflow/dags/forex_data_pipeline.py
[2022-12-04T00:41:53.851+0000] {logging_mixin.py:117} INFO - [2022-12-04T00:41:53.850+0000] {dag.py:2573} INFO - Sync 1 DAGs
[2022-12-04T00:41:53.874+0000] {logging_mixin.py:117} INFO - [2022-12-04T00:41:53.874+0000] {dag.py:3328} INFO - Setting next_dagrun for forex_data_pipeline to 2022-12-04T00:00:00+00:00, run_after=2022-12-05T00:00:00+00:00
[2022-12-04T00:41:53.901+0000] {processor.py:178} INFO - Processing /opt/airflow/dags/forex_data_pipeline.py took 0.616 seconds
[2022-12-04T00:42:24.117+0000] {processor.py:156} INFO - Started process (PID=152) to work on /opt/airflow/dags/forex_data_pipeline.py
[2022-12-04T00:42:24.121+0000] {processor.py:758} INFO - Processing file /opt/airflow/dags/forex_data_pipeline.py for tasks to queue
[2022-12-04T00:42:24.122+0000] {logging_mixin.py:117} INFO - [2022-12-04T00:42:24.122+0000] {dagbag.py:525} INFO - Filling up the DagBag from /opt/airflow/dags/forex_data_pipeline.py
[2022-12-04T00:42:24.505+0000] {processor.py:768} INFO - DAG(s) dict_keys(['forex_data_pipeline']) retrieved from /opt/airflow/dags/forex_data_pipeline.py
[2022-12-04T00:42:24.651+0000] {logging_mixin.py:117} INFO - [2022-12-04T00:42:24.651+0000] {dag.py:2573} INFO - Sync 1 DAGs
[2022-12-04T00:42:24.676+0000] {logging_mixin.py:117} INFO - [2022-12-04T00:42:24.676+0000] {dag.py:3328} INFO - Setting next_dagrun for forex_data_pipeline to 2022-12-04T00:00:00+00:00, run_after=2022-12-05T00:00:00+00:00
[2022-12-04T00:42:24.697+0000] {processor.py:178} INFO - Processing /opt/airflow/dags/forex_data_pipeline.py took 0.582 seconds
[2022-12-04T00:42:55.091+0000] {processor.py:156} INFO - Started process (PID=172) to work on /opt/airflow/dags/forex_data_pipeline.py
[2022-12-04T00:42:55.093+0000] {processor.py:758} INFO - Processing file /opt/airflow/dags/forex_data_pipeline.py for tasks to queue
[2022-12-04T00:42:55.094+0000] {logging_mixin.py:117} INFO - [2022-12-04T00:42:55.094+0000] {dagbag.py:525} INFO - Filling up the DagBag from /opt/airflow/dags/forex_data_pipeline.py
[2022-12-04T00:42:55.474+0000] {processor.py:768} INFO - DAG(s) dict_keys(['forex_data_pipeline']) retrieved from /opt/airflow/dags/forex_data_pipeline.py
[2022-12-04T00:42:55.626+0000] {logging_mixin.py:117} INFO - [2022-12-04T00:42:55.626+0000] {dag.py:2573} INFO - Sync 1 DAGs
[2022-12-04T00:42:55.648+0000] {logging_mixin.py:117} INFO - [2022-12-04T00:42:55.648+0000] {dag.py:3328} INFO - Setting next_dagrun for forex_data_pipeline to 2022-12-04T00:00:00+00:00, run_after=2022-12-05T00:00:00+00:00
[2022-12-04T00:42:55.670+0000] {processor.py:178} INFO - Processing /opt/airflow/dags/forex_data_pipeline.py took 0.583 seconds
[2022-12-04T00:43:26.042+0000] {processor.py:156} INFO - Started process (PID=200) to work on /opt/airflow/dags/forex_data_pipeline.py
[2022-12-04T00:43:26.046+0000] {processor.py:758} INFO - Processing file /opt/airflow/dags/forex_data_pipeline.py for tasks to queue
[2022-12-04T00:43:26.047+0000] {logging_mixin.py:117} INFO - [2022-12-04T00:43:26.047+0000] {dagbag.py:525} INFO - Filling up the DagBag from /opt/airflow/dags/forex_data_pipeline.py
[2022-12-04T00:43:26.359+0000] {processor.py:768} INFO - DAG(s) dict_keys(['forex_data_pipeline']) retrieved from /opt/airflow/dags/forex_data_pipeline.py
[2022-12-04T00:43:26.496+0000] {logging_mixin.py:117} INFO - [2022-12-04T00:43:26.496+0000] {dag.py:2573} INFO - Sync 1 DAGs
[2022-12-04T00:43:26.520+0000] {logging_mixin.py:117} INFO - [2022-12-04T00:43:26.520+0000] {dag.py:3328} INFO - Setting next_dagrun for forex_data_pipeline to 2022-12-04T00:00:00+00:00, run_after=2022-12-05T00:00:00+00:00
[2022-12-04T00:43:26.539+0000] {processor.py:178} INFO - Processing /opt/airflow/dags/forex_data_pipeline.py took 0.499 seconds
[2022-12-04T00:43:57.045+0000] {processor.py:156} INFO - Started process (PID=229) to work on /opt/airflow/dags/forex_data_pipeline.py
[2022-12-04T00:43:57.047+0000] {processor.py:758} INFO - Processing file /opt/airflow/dags/forex_data_pipeline.py for tasks to queue
[2022-12-04T00:43:57.048+0000] {logging_mixin.py:117} INFO - [2022-12-04T00:43:57.048+0000] {dagbag.py:525} INFO - Filling up the DagBag from /opt/airflow/dags/forex_data_pipeline.py
[2022-12-04T00:43:57.335+0000] {processor.py:768} INFO - DAG(s) dict_keys(['forex_data_pipeline']) retrieved from /opt/airflow/dags/forex_data_pipeline.py
[2022-12-04T00:43:57.500+0000] {logging_mixin.py:117} INFO - [2022-12-04T00:43:57.500+0000] {dag.py:2573} INFO - Sync 1 DAGs
[2022-12-04T00:43:57.522+0000] {logging_mixin.py:117} INFO - [2022-12-04T00:43:57.522+0000] {dag.py:3328} INFO - Setting next_dagrun for forex_data_pipeline to 2022-12-04T00:00:00+00:00, run_after=2022-12-05T00:00:00+00:00
[2022-12-04T00:43:57.546+0000] {processor.py:178} INFO - Processing /opt/airflow/dags/forex_data_pipeline.py took 0.503 seconds
[2022-12-04T00:46:28.511+0000] {processor.py:156} INFO - Started process (PID=240) to work on /opt/airflow/dags/forex_data_pipeline.py
[2022-12-04T00:46:28.515+0000] {processor.py:758} INFO - Processing file /opt/airflow/dags/forex_data_pipeline.py for tasks to queue
[2022-12-04T00:46:28.517+0000] {logging_mixin.py:117} INFO - [2022-12-04T00:46:28.517+0000] {dagbag.py:525} INFO - Filling up the DagBag from /opt/airflow/dags/forex_data_pipeline.py
[2022-12-04T00:46:28.981+0000] {processor.py:768} INFO - DAG(s) dict_keys(['forex_data_pipeline']) retrieved from /opt/airflow/dags/forex_data_pipeline.py
[2022-12-04T00:46:29.182+0000] {logging_mixin.py:117} INFO - [2022-12-04T00:46:29.181+0000] {dag.py:2573} INFO - Sync 1 DAGs
[2022-12-04T00:46:29.219+0000] {logging_mixin.py:117} INFO - [2022-12-04T00:46:29.218+0000] {dag.py:3328} INFO - Setting next_dagrun for forex_data_pipeline to 2022-12-04T00:00:00+00:00, run_after=2022-12-05T00:00:00+00:00
[2022-12-04T00:46:29.256+0000] {processor.py:178} INFO - Processing /opt/airflow/dags/forex_data_pipeline.py took 0.750 seconds
[2022-12-04T00:46:59.694+0000] {processor.py:156} INFO - Started process (PID=260) to work on /opt/airflow/dags/forex_data_pipeline.py
[2022-12-04T00:46:59.698+0000] {processor.py:758} INFO - Processing file /opt/airflow/dags/forex_data_pipeline.py for tasks to queue
[2022-12-04T00:46:59.700+0000] {logging_mixin.py:117} INFO - [2022-12-04T00:46:59.699+0000] {dagbag.py:525} INFO - Filling up the DagBag from /opt/airflow/dags/forex_data_pipeline.py
[2022-12-04T00:46:59.983+0000] {processor.py:768} INFO - DAG(s) dict_keys(['forex_data_pipeline']) retrieved from /opt/airflow/dags/forex_data_pipeline.py
[2022-12-04T00:47:00.124+0000] {logging_mixin.py:117} INFO - [2022-12-04T00:47:00.123+0000] {dag.py:2573} INFO - Sync 1 DAGs
[2022-12-04T00:47:00.147+0000] {logging_mixin.py:117} INFO - [2022-12-04T00:47:00.146+0000] {dag.py:3328} INFO - Setting next_dagrun for forex_data_pipeline to 2022-12-04T00:00:00+00:00, run_after=2022-12-05T00:00:00+00:00
[2022-12-04T00:47:00.167+0000] {processor.py:178} INFO - Processing /opt/airflow/dags/forex_data_pipeline.py took 0.475 seconds
[2022-12-04T00:47:30.507+0000] {processor.py:156} INFO - Started process (PID=290) to work on /opt/airflow/dags/forex_data_pipeline.py
[2022-12-04T00:47:30.512+0000] {processor.py:758} INFO - Processing file /opt/airflow/dags/forex_data_pipeline.py for tasks to queue
[2022-12-04T00:47:30.513+0000] {logging_mixin.py:117} INFO - [2022-12-04T00:47:30.513+0000] {dagbag.py:525} INFO - Filling up the DagBag from /opt/airflow/dags/forex_data_pipeline.py
[2022-12-04T00:47:30.807+0000] {processor.py:768} INFO - DAG(s) dict_keys(['forex_data_pipeline']) retrieved from /opt/airflow/dags/forex_data_pipeline.py
[2022-12-04T00:47:30.961+0000] {logging_mixin.py:117} INFO - [2022-12-04T00:47:30.961+0000] {dag.py:2573} INFO - Sync 1 DAGs
[2022-12-04T00:47:30.984+0000] {logging_mixin.py:117} INFO - [2022-12-04T00:47:30.983+0000] {dag.py:3328} INFO - Setting next_dagrun for forex_data_pipeline to 2022-12-04T00:00:00+00:00, run_after=2022-12-05T00:00:00+00:00
[2022-12-04T00:47:31.005+0000] {processor.py:178} INFO - Processing /opt/airflow/dags/forex_data_pipeline.py took 0.500 seconds
[2022-12-04T00:48:01.388+0000] {processor.py:156} INFO - Started process (PID=319) to work on /opt/airflow/dags/forex_data_pipeline.py
[2022-12-04T00:48:01.391+0000] {processor.py:758} INFO - Processing file /opt/airflow/dags/forex_data_pipeline.py for tasks to queue
[2022-12-04T00:48:01.393+0000] {logging_mixin.py:117} INFO - [2022-12-04T00:48:01.392+0000] {dagbag.py:525} INFO - Filling up the DagBag from /opt/airflow/dags/forex_data_pipeline.py
[2022-12-04T00:48:01.684+0000] {processor.py:768} INFO - DAG(s) dict_keys(['forex_data_pipeline']) retrieved from /opt/airflow/dags/forex_data_pipeline.py
[2022-12-04T00:48:01.830+0000] {logging_mixin.py:117} INFO - [2022-12-04T00:48:01.830+0000] {dag.py:2573} INFO - Sync 1 DAGs
[2022-12-04T00:48:01.853+0000] {logging_mixin.py:117} INFO - [2022-12-04T00:48:01.853+0000] {dag.py:3328} INFO - Setting next_dagrun for forex_data_pipeline to 2022-12-04T00:00:00+00:00, run_after=2022-12-05T00:00:00+00:00
[2022-12-04T00:48:01.873+0000] {processor.py:178} INFO - Processing /opt/airflow/dags/forex_data_pipeline.py took 0.488 seconds
[2022-12-04T00:48:32.679+0000] {processor.py:156} INFO - Started process (PID=348) to work on /opt/airflow/dags/forex_data_pipeline.py
[2022-12-04T00:48:32.705+0000] {processor.py:758} INFO - Processing file /opt/airflow/dags/forex_data_pipeline.py for tasks to queue
[2022-12-04T00:48:32.738+0000] {logging_mixin.py:117} INFO - [2022-12-04T00:48:32.738+0000] {dagbag.py:525} INFO - Filling up the DagBag from /opt/airflow/dags/forex_data_pipeline.py
[2022-12-04T00:48:33.990+0000] {processor.py:768} INFO - DAG(s) dict_keys(['forex_data_pipeline']) retrieved from /opt/airflow/dags/forex_data_pipeline.py
[2022-12-04T00:48:34.412+0000] {logging_mixin.py:117} INFO - [2022-12-04T00:48:34.412+0000] {dag.py:2573} INFO - Sync 1 DAGs
[2022-12-04T00:48:34.458+0000] {logging_mixin.py:117} INFO - [2022-12-04T00:48:34.457+0000] {dag.py:3328} INFO - Setting next_dagrun for forex_data_pipeline to 2022-12-04T00:00:00+00:00, run_after=2022-12-05T00:00:00+00:00
[2022-12-04T00:48:34.533+0000] {processor.py:178} INFO - Processing /opt/airflow/dags/forex_data_pipeline.py took 1.858 seconds
[2022-12-04T00:49:04.944+0000] {processor.py:156} INFO - Started process (PID=368) to work on /opt/airflow/dags/forex_data_pipeline.py
[2022-12-04T00:49:04.947+0000] {processor.py:758} INFO - Processing file /opt/airflow/dags/forex_data_pipeline.py for tasks to queue
[2022-12-04T00:49:04.948+0000] {logging_mixin.py:117} INFO - [2022-12-04T00:49:04.948+0000] {dagbag.py:525} INFO - Filling up the DagBag from /opt/airflow/dags/forex_data_pipeline.py
[2022-12-04T00:49:05.246+0000] {processor.py:768} INFO - DAG(s) dict_keys(['forex_data_pipeline']) retrieved from /opt/airflow/dags/forex_data_pipeline.py
[2022-12-04T00:49:05.395+0000] {logging_mixin.py:117} INFO - [2022-12-04T00:49:05.395+0000] {dag.py:2573} INFO - Sync 1 DAGs
[2022-12-04T00:49:05.419+0000] {logging_mixin.py:117} INFO - [2022-12-04T00:49:05.419+0000] {dag.py:3328} INFO - Setting next_dagrun for forex_data_pipeline to 2022-12-04T00:00:00+00:00, run_after=2022-12-05T00:00:00+00:00
[2022-12-04T00:49:05.440+0000] {processor.py:178} INFO - Processing /opt/airflow/dags/forex_data_pipeline.py took 0.499 seconds
[2022-12-04T00:49:35.562+0000] {processor.py:156} INFO - Started process (PID=397) to work on /opt/airflow/dags/forex_data_pipeline.py
[2022-12-04T00:49:35.565+0000] {processor.py:758} INFO - Processing file /opt/airflow/dags/forex_data_pipeline.py for tasks to queue
[2022-12-04T00:49:35.566+0000] {logging_mixin.py:117} INFO - [2022-12-04T00:49:35.566+0000] {dagbag.py:525} INFO - Filling up the DagBag from /opt/airflow/dags/forex_data_pipeline.py
[2022-12-04T00:49:35.842+0000] {processor.py:768} INFO - DAG(s) dict_keys(['forex_data_pipeline']) retrieved from /opt/airflow/dags/forex_data_pipeline.py
[2022-12-04T00:49:35.985+0000] {logging_mixin.py:117} INFO - [2022-12-04T00:49:35.985+0000] {dag.py:2573} INFO - Sync 1 DAGs
[2022-12-04T00:49:36.009+0000] {logging_mixin.py:117} INFO - [2022-12-04T00:49:36.008+0000] {dag.py:3328} INFO - Setting next_dagrun for forex_data_pipeline to 2022-12-04T00:00:00+00:00, run_after=2022-12-05T00:00:00+00:00
[2022-12-04T00:49:36.030+0000] {processor.py:178} INFO - Processing /opt/airflow/dags/forex_data_pipeline.py took 0.471 seconds
[2022-12-04T00:50:06.519+0000] {processor.py:156} INFO - Started process (PID=426) to work on /opt/airflow/dags/forex_data_pipeline.py
[2022-12-04T00:50:06.522+0000] {processor.py:758} INFO - Processing file /opt/airflow/dags/forex_data_pipeline.py for tasks to queue
[2022-12-04T00:50:06.523+0000] {logging_mixin.py:117} INFO - [2022-12-04T00:50:06.523+0000] {dagbag.py:525} INFO - Filling up the DagBag from /opt/airflow/dags/forex_data_pipeline.py
[2022-12-04T00:50:06.783+0000] {processor.py:768} INFO - DAG(s) dict_keys(['forex_data_pipeline']) retrieved from /opt/airflow/dags/forex_data_pipeline.py
[2022-12-04T00:50:06.933+0000] {logging_mixin.py:117} INFO - [2022-12-04T00:50:06.932+0000] {dag.py:2573} INFO - Sync 1 DAGs
[2022-12-04T00:50:06.956+0000] {logging_mixin.py:117} INFO - [2022-12-04T00:50:06.956+0000] {dag.py:3328} INFO - Setting next_dagrun for forex_data_pipeline to 2022-12-04T00:00:00+00:00, run_after=2022-12-05T00:00:00+00:00
[2022-12-04T00:50:06.980+0000] {processor.py:178} INFO - Processing /opt/airflow/dags/forex_data_pipeline.py took 0.464 seconds
[2022-12-04T00:50:37.323+0000] {processor.py:156} INFO - Started process (PID=455) to work on /opt/airflow/dags/forex_data_pipeline.py
[2022-12-04T00:50:37.326+0000] {processor.py:758} INFO - Processing file /opt/airflow/dags/forex_data_pipeline.py for tasks to queue
[2022-12-04T00:50:37.327+0000] {logging_mixin.py:117} INFO - [2022-12-04T00:50:37.327+0000] {dagbag.py:525} INFO - Filling up the DagBag from /opt/airflow/dags/forex_data_pipeline.py
[2022-12-04T00:50:37.646+0000] {processor.py:768} INFO - DAG(s) dict_keys(['forex_data_pipeline']) retrieved from /opt/airflow/dags/forex_data_pipeline.py
[2022-12-04T00:50:37.792+0000] {logging_mixin.py:117} INFO - [2022-12-04T00:50:37.792+0000] {dag.py:2573} INFO - Sync 1 DAGs
[2022-12-04T00:50:37.814+0000] {logging_mixin.py:117} INFO - [2022-12-04T00:50:37.814+0000] {dag.py:3328} INFO - Setting next_dagrun for forex_data_pipeline to 2022-12-04T00:00:00+00:00, run_after=2022-12-05T00:00:00+00:00
[2022-12-04T00:50:37.838+0000] {processor.py:178} INFO - Processing /opt/airflow/dags/forex_data_pipeline.py took 0.518 seconds
[2022-12-04T00:51:08.270+0000] {processor.py:156} INFO - Started process (PID=475) to work on /opt/airflow/dags/forex_data_pipeline.py
[2022-12-04T00:51:08.274+0000] {processor.py:758} INFO - Processing file /opt/airflow/dags/forex_data_pipeline.py for tasks to queue
[2022-12-04T00:51:08.276+0000] {logging_mixin.py:117} INFO - [2022-12-04T00:51:08.276+0000] {dagbag.py:525} INFO - Filling up the DagBag from /opt/airflow/dags/forex_data_pipeline.py
[2022-12-04T00:51:08.550+0000] {processor.py:768} INFO - DAG(s) dict_keys(['forex_data_pipeline']) retrieved from /opt/airflow/dags/forex_data_pipeline.py
[2022-12-04T00:51:08.688+0000] {logging_mixin.py:117} INFO - [2022-12-04T00:51:08.688+0000] {dag.py:2573} INFO - Sync 1 DAGs
[2022-12-04T00:51:08.709+0000] {logging_mixin.py:117} INFO - [2022-12-04T00:51:08.709+0000] {dag.py:3328} INFO - Setting next_dagrun for forex_data_pipeline to 2022-12-04T00:00:00+00:00, run_after=2022-12-05T00:00:00+00:00
[2022-12-04T00:51:08.729+0000] {processor.py:178} INFO - Processing /opt/airflow/dags/forex_data_pipeline.py took 0.461 seconds
[2022-12-04T00:51:39.116+0000] {processor.py:156} INFO - Started process (PID=504) to work on /opt/airflow/dags/forex_data_pipeline.py
[2022-12-04T00:51:39.118+0000] {processor.py:758} INFO - Processing file /opt/airflow/dags/forex_data_pipeline.py for tasks to queue
[2022-12-04T00:51:39.119+0000] {logging_mixin.py:117} INFO - [2022-12-04T00:51:39.119+0000] {dagbag.py:525} INFO - Filling up the DagBag from /opt/airflow/dags/forex_data_pipeline.py
[2022-12-04T00:51:39.389+0000] {processor.py:768} INFO - DAG(s) dict_keys(['forex_data_pipeline']) retrieved from /opt/airflow/dags/forex_data_pipeline.py
[2022-12-04T00:51:39.524+0000] {logging_mixin.py:117} INFO - [2022-12-04T00:51:39.523+0000] {dag.py:2573} INFO - Sync 1 DAGs
[2022-12-04T00:51:39.544+0000] {logging_mixin.py:117} INFO - [2022-12-04T00:51:39.544+0000] {dag.py:3328} INFO - Setting next_dagrun for forex_data_pipeline to 2022-12-04T00:00:00+00:00, run_after=2022-12-05T00:00:00+00:00
[2022-12-04T00:51:39.564+0000] {processor.py:178} INFO - Processing /opt/airflow/dags/forex_data_pipeline.py took 0.451 seconds
[2022-12-04T00:52:09.984+0000] {processor.py:156} INFO - Started process (PID=532) to work on /opt/airflow/dags/forex_data_pipeline.py
[2022-12-04T00:52:09.987+0000] {processor.py:758} INFO - Processing file /opt/airflow/dags/forex_data_pipeline.py for tasks to queue
[2022-12-04T00:52:09.988+0000] {logging_mixin.py:117} INFO - [2022-12-04T00:52:09.988+0000] {dagbag.py:525} INFO - Filling up the DagBag from /opt/airflow/dags/forex_data_pipeline.py
[2022-12-04T00:52:10.310+0000] {processor.py:768} INFO - DAG(s) dict_keys(['forex_data_pipeline']) retrieved from /opt/airflow/dags/forex_data_pipeline.py
[2022-12-04T00:52:10.444+0000] {logging_mixin.py:117} INFO - [2022-12-04T00:52:10.443+0000] {dag.py:2573} INFO - Sync 1 DAGs
[2022-12-04T00:52:10.463+0000] {logging_mixin.py:117} INFO - [2022-12-04T00:52:10.463+0000] {dag.py:3328} INFO - Setting next_dagrun for forex_data_pipeline to 2022-12-04T00:00:00+00:00, run_after=2022-12-05T00:00:00+00:00
[2022-12-04T00:52:10.484+0000] {processor.py:178} INFO - Processing /opt/airflow/dags/forex_data_pipeline.py took 0.502 seconds
[2022-12-04T00:52:40.798+0000] {processor.py:156} INFO - Started process (PID=560) to work on /opt/airflow/dags/forex_data_pipeline.py
[2022-12-04T00:52:40.801+0000] {processor.py:758} INFO - Processing file /opt/airflow/dags/forex_data_pipeline.py for tasks to queue
[2022-12-04T00:52:40.802+0000] {logging_mixin.py:117} INFO - [2022-12-04T00:52:40.802+0000] {dagbag.py:525} INFO - Filling up the DagBag from /opt/airflow/dags/forex_data_pipeline.py
[2022-12-04T00:52:41.077+0000] {processor.py:768} INFO - DAG(s) dict_keys(['forex_data_pipeline']) retrieved from /opt/airflow/dags/forex_data_pipeline.py
[2022-12-04T00:52:41.259+0000] {logging_mixin.py:117} INFO - [2022-12-04T00:52:41.259+0000] {dag.py:2573} INFO - Sync 1 DAGs
[2022-12-04T00:52:41.283+0000] {logging_mixin.py:117} INFO - [2022-12-04T00:52:41.283+0000] {dag.py:3328} INFO - Setting next_dagrun for forex_data_pipeline to 2022-12-04T00:00:00+00:00, run_after=2022-12-05T00:00:00+00:00
[2022-12-04T00:52:41.302+0000] {processor.py:178} INFO - Processing /opt/airflow/dags/forex_data_pipeline.py took 0.507 seconds
[2022-12-04T00:53:11.634+0000] {processor.py:156} INFO - Started process (PID=590) to work on /opt/airflow/dags/forex_data_pipeline.py
[2022-12-04T00:53:11.637+0000] {processor.py:758} INFO - Processing file /opt/airflow/dags/forex_data_pipeline.py for tasks to queue
[2022-12-04T00:53:11.638+0000] {logging_mixin.py:117} INFO - [2022-12-04T00:53:11.638+0000] {dagbag.py:525} INFO - Filling up the DagBag from /opt/airflow/dags/forex_data_pipeline.py
[2022-12-04T00:53:11.957+0000] {processor.py:768} INFO - DAG(s) dict_keys(['forex_data_pipeline']) retrieved from /opt/airflow/dags/forex_data_pipeline.py
[2022-12-04T00:53:12.161+0000] {logging_mixin.py:117} INFO - [2022-12-04T00:53:12.161+0000] {dag.py:2573} INFO - Sync 1 DAGs
[2022-12-04T00:53:12.181+0000] {logging_mixin.py:117} INFO - [2022-12-04T00:53:12.181+0000] {dag.py:3328} INFO - Setting next_dagrun for forex_data_pipeline to 2022-12-04T00:00:00+00:00, run_after=2022-12-05T00:00:00+00:00
[2022-12-04T00:53:12.209+0000] {processor.py:178} INFO - Processing /opt/airflow/dags/forex_data_pipeline.py took 0.577 seconds
[2022-12-04T00:53:42.483+0000] {processor.py:156} INFO - Started process (PID=610) to work on /opt/airflow/dags/forex_data_pipeline.py
[2022-12-04T00:53:42.486+0000] {processor.py:758} INFO - Processing file /opt/airflow/dags/forex_data_pipeline.py for tasks to queue
[2022-12-04T00:53:42.488+0000] {logging_mixin.py:117} INFO - [2022-12-04T00:53:42.487+0000] {dagbag.py:525} INFO - Filling up the DagBag from /opt/airflow/dags/forex_data_pipeline.py
[2022-12-04T00:53:42.809+0000] {processor.py:768} INFO - DAG(s) dict_keys(['forex_data_pipeline']) retrieved from /opt/airflow/dags/forex_data_pipeline.py
[2022-12-04T00:53:42.960+0000] {logging_mixin.py:117} INFO - [2022-12-04T00:53:42.960+0000] {dag.py:2573} INFO - Sync 1 DAGs
[2022-12-04T00:53:42.983+0000] {logging_mixin.py:117} INFO - [2022-12-04T00:53:42.983+0000] {dag.py:3328} INFO - Setting next_dagrun for forex_data_pipeline to 2022-12-04T00:00:00+00:00, run_after=2022-12-05T00:00:00+00:00
[2022-12-04T00:53:43.008+0000] {processor.py:178} INFO - Processing /opt/airflow/dags/forex_data_pipeline.py took 0.527 seconds
[2022-12-04T00:54:13.327+0000] {processor.py:156} INFO - Started process (PID=638) to work on /opt/airflow/dags/forex_data_pipeline.py
[2022-12-04T00:54:13.330+0000] {processor.py:758} INFO - Processing file /opt/airflow/dags/forex_data_pipeline.py for tasks to queue
[2022-12-04T00:54:13.331+0000] {logging_mixin.py:117} INFO - [2022-12-04T00:54:13.331+0000] {dagbag.py:525} INFO - Filling up the DagBag from /opt/airflow/dags/forex_data_pipeline.py
[2022-12-04T00:54:13.638+0000] {processor.py:768} INFO - DAG(s) dict_keys(['forex_data_pipeline']) retrieved from /opt/airflow/dags/forex_data_pipeline.py
[2022-12-04T00:54:13.790+0000] {logging_mixin.py:117} INFO - [2022-12-04T00:54:13.789+0000] {dag.py:2573} INFO - Sync 1 DAGs
[2022-12-04T00:54:13.813+0000] {logging_mixin.py:117} INFO - [2022-12-04T00:54:13.813+0000] {dag.py:3328} INFO - Setting next_dagrun for forex_data_pipeline to 2022-12-04T00:00:00+00:00, run_after=2022-12-05T00:00:00+00:00
[2022-12-04T00:54:13.836+0000] {processor.py:178} INFO - Processing /opt/airflow/dags/forex_data_pipeline.py took 0.512 seconds
[2022-12-04T00:54:44.194+0000] {processor.py:156} INFO - Started process (PID=668) to work on /opt/airflow/dags/forex_data_pipeline.py
[2022-12-04T00:54:44.197+0000] {processor.py:758} INFO - Processing file /opt/airflow/dags/forex_data_pipeline.py for tasks to queue
[2022-12-04T00:54:44.199+0000] {logging_mixin.py:117} INFO - [2022-12-04T00:54:44.199+0000] {dagbag.py:525} INFO - Filling up the DagBag from /opt/airflow/dags/forex_data_pipeline.py
[2022-12-04T00:54:44.498+0000] {processor.py:768} INFO - DAG(s) dict_keys(['forex_data_pipeline']) retrieved from /opt/airflow/dags/forex_data_pipeline.py
[2022-12-04T00:54:44.630+0000] {logging_mixin.py:117} INFO - [2022-12-04T00:54:44.630+0000] {dag.py:2573} INFO - Sync 1 DAGs
[2022-12-04T00:54:44.651+0000] {logging_mixin.py:117} INFO - [2022-12-04T00:54:44.651+0000] {dag.py:3328} INFO - Setting next_dagrun for forex_data_pipeline to 2022-12-04T00:00:00+00:00, run_after=2022-12-05T00:00:00+00:00
[2022-12-04T00:54:44.671+0000] {processor.py:178} INFO - Processing /opt/airflow/dags/forex_data_pipeline.py took 0.479 seconds
[2022-12-04T00:55:15.040+0000] {processor.py:156} INFO - Started process (PID=697) to work on /opt/airflow/dags/forex_data_pipeline.py
[2022-12-04T00:55:15.043+0000] {processor.py:758} INFO - Processing file /opt/airflow/dags/forex_data_pipeline.py for tasks to queue
[2022-12-04T00:55:15.044+0000] {logging_mixin.py:117} INFO - [2022-12-04T00:55:15.044+0000] {dagbag.py:525} INFO - Filling up the DagBag from /opt/airflow/dags/forex_data_pipeline.py
[2022-12-04T00:55:15.320+0000] {processor.py:768} INFO - DAG(s) dict_keys(['forex_data_pipeline']) retrieved from /opt/airflow/dags/forex_data_pipeline.py
[2022-12-04T00:55:15.462+0000] {logging_mixin.py:117} INFO - [2022-12-04T00:55:15.461+0000] {dag.py:2573} INFO - Sync 1 DAGs
[2022-12-04T00:55:15.486+0000] {logging_mixin.py:117} INFO - [2022-12-04T00:55:15.486+0000] {dag.py:3328} INFO - Setting next_dagrun for forex_data_pipeline to 2022-12-04T00:00:00+00:00, run_after=2022-12-05T00:00:00+00:00
[2022-12-04T00:55:15.507+0000] {processor.py:178} INFO - Processing /opt/airflow/dags/forex_data_pipeline.py took 0.469 seconds
[2022-12-04T00:55:45.901+0000] {processor.py:156} INFO - Started process (PID=717) to work on /opt/airflow/dags/forex_data_pipeline.py
[2022-12-04T00:55:45.903+0000] {processor.py:758} INFO - Processing file /opt/airflow/dags/forex_data_pipeline.py for tasks to queue
[2022-12-04T00:55:45.904+0000] {logging_mixin.py:117} INFO - [2022-12-04T00:55:45.904+0000] {dagbag.py:525} INFO - Filling up the DagBag from /opt/airflow/dags/forex_data_pipeline.py
[2022-12-04T00:55:46.190+0000] {processor.py:768} INFO - DAG(s) dict_keys(['forex_data_pipeline']) retrieved from /opt/airflow/dags/forex_data_pipeline.py
[2022-12-04T00:55:46.328+0000] {logging_mixin.py:117} INFO - [2022-12-04T00:55:46.328+0000] {dag.py:2573} INFO - Sync 1 DAGs
[2022-12-04T00:55:46.349+0000] {logging_mixin.py:117} INFO - [2022-12-04T00:55:46.349+0000] {dag.py:3328} INFO - Setting next_dagrun for forex_data_pipeline to 2022-12-04T00:00:00+00:00, run_after=2022-12-05T00:00:00+00:00
[2022-12-04T00:55:46.368+0000] {processor.py:178} INFO - Processing /opt/airflow/dags/forex_data_pipeline.py took 0.469 seconds
[2022-12-04T00:56:16.775+0000] {processor.py:156} INFO - Started process (PID=746) to work on /opt/airflow/dags/forex_data_pipeline.py
[2022-12-04T00:56:16.779+0000] {processor.py:758} INFO - Processing file /opt/airflow/dags/forex_data_pipeline.py for tasks to queue
[2022-12-04T00:56:16.781+0000] {logging_mixin.py:117} INFO - [2022-12-04T00:56:16.781+0000] {dagbag.py:525} INFO - Filling up the DagBag from /opt/airflow/dags/forex_data_pipeline.py
[2022-12-04T00:56:17.133+0000] {processor.py:768} INFO - DAG(s) dict_keys(['forex_data_pipeline']) retrieved from /opt/airflow/dags/forex_data_pipeline.py
[2022-12-04T00:56:17.272+0000] {logging_mixin.py:117} INFO - [2022-12-04T00:56:17.272+0000] {dag.py:2573} INFO - Sync 1 DAGs
[2022-12-04T00:56:17.293+0000] {logging_mixin.py:117} INFO - [2022-12-04T00:56:17.292+0000] {dag.py:3328} INFO - Setting next_dagrun for forex_data_pipeline to 2022-12-04T00:00:00+00:00, run_after=2022-12-05T00:00:00+00:00
[2022-12-04T00:56:17.318+0000] {processor.py:178} INFO - Processing /opt/airflow/dags/forex_data_pipeline.py took 0.546 seconds
[2022-12-04T00:56:47.792+0000] {processor.py:156} INFO - Started process (PID=774) to work on /opt/airflow/dags/forex_data_pipeline.py
[2022-12-04T00:56:47.795+0000] {processor.py:758} INFO - Processing file /opt/airflow/dags/forex_data_pipeline.py for tasks to queue
[2022-12-04T00:56:47.796+0000] {logging_mixin.py:117} INFO - [2022-12-04T00:56:47.796+0000] {dagbag.py:525} INFO - Filling up the DagBag from /opt/airflow/dags/forex_data_pipeline.py
[2022-12-04T00:56:48.072+0000] {processor.py:768} INFO - DAG(s) dict_keys(['forex_data_pipeline']) retrieved from /opt/airflow/dags/forex_data_pipeline.py
[2022-12-04T00:56:48.237+0000] {logging_mixin.py:117} INFO - [2022-12-04T00:56:48.236+0000] {dag.py:2573} INFO - Sync 1 DAGs
[2022-12-04T00:56:48.259+0000] {logging_mixin.py:117} INFO - [2022-12-04T00:56:48.259+0000] {dag.py:3328} INFO - Setting next_dagrun for forex_data_pipeline to 2022-12-04T00:00:00+00:00, run_after=2022-12-05T00:00:00+00:00
[2022-12-04T00:56:48.284+0000] {processor.py:178} INFO - Processing /opt/airflow/dags/forex_data_pipeline.py took 0.494 seconds
[2022-12-04T00:57:18.724+0000] {processor.py:156} INFO - Started process (PID=803) to work on /opt/airflow/dags/forex_data_pipeline.py
[2022-12-04T00:57:18.728+0000] {processor.py:758} INFO - Processing file /opt/airflow/dags/forex_data_pipeline.py for tasks to queue
[2022-12-04T00:57:18.730+0000] {logging_mixin.py:117} INFO - [2022-12-04T00:57:18.730+0000] {dagbag.py:525} INFO - Filling up the DagBag from /opt/airflow/dags/forex_data_pipeline.py
[2022-12-04T00:57:19.072+0000] {processor.py:768} INFO - DAG(s) dict_keys(['forex_data_pipeline']) retrieved from /opt/airflow/dags/forex_data_pipeline.py
[2022-12-04T00:57:19.211+0000] {logging_mixin.py:117} INFO - [2022-12-04T00:57:19.210+0000] {dag.py:2573} INFO - Sync 1 DAGs
[2022-12-04T00:57:19.232+0000] {logging_mixin.py:117} INFO - [2022-12-04T00:57:19.232+0000] {dag.py:3328} INFO - Setting next_dagrun for forex_data_pipeline to 2022-12-04T00:00:00+00:00, run_after=2022-12-05T00:00:00+00:00
[2022-12-04T00:57:19.253+0000] {processor.py:178} INFO - Processing /opt/airflow/dags/forex_data_pipeline.py took 0.531 seconds
[2022-12-04T00:57:49.580+0000] {processor.py:156} INFO - Started process (PID=823) to work on /opt/airflow/dags/forex_data_pipeline.py
[2022-12-04T00:57:49.582+0000] {processor.py:758} INFO - Processing file /opt/airflow/dags/forex_data_pipeline.py for tasks to queue
[2022-12-04T00:57:49.583+0000] {logging_mixin.py:117} INFO - [2022-12-04T00:57:49.583+0000] {dagbag.py:525} INFO - Filling up the DagBag from /opt/airflow/dags/forex_data_pipeline.py
[2022-12-04T00:57:49.933+0000] {processor.py:768} INFO - DAG(s) dict_keys(['forex_data_pipeline']) retrieved from /opt/airflow/dags/forex_data_pipeline.py
[2022-12-04T00:57:50.129+0000] {logging_mixin.py:117} INFO - [2022-12-04T00:57:50.129+0000] {dag.py:2573} INFO - Sync 1 DAGs
[2022-12-04T00:57:50.166+0000] {logging_mixin.py:117} INFO - [2022-12-04T00:57:50.166+0000] {dag.py:3328} INFO - Setting next_dagrun for forex_data_pipeline to 2022-12-04T00:00:00+00:00, run_after=2022-12-05T00:00:00+00:00
[2022-12-04T00:57:50.197+0000] {processor.py:178} INFO - Processing /opt/airflow/dags/forex_data_pipeline.py took 0.619 seconds
[2022-12-04T00:58:20.600+0000] {processor.py:156} INFO - Started process (PID=852) to work on /opt/airflow/dags/forex_data_pipeline.py
[2022-12-04T00:58:20.604+0000] {processor.py:758} INFO - Processing file /opt/airflow/dags/forex_data_pipeline.py for tasks to queue
[2022-12-04T00:58:20.605+0000] {logging_mixin.py:117} INFO - [2022-12-04T00:58:20.605+0000] {dagbag.py:525} INFO - Filling up the DagBag from /opt/airflow/dags/forex_data_pipeline.py
[2022-12-04T00:58:20.934+0000] {processor.py:768} INFO - DAG(s) dict_keys(['forex_data_pipeline']) retrieved from /opt/airflow/dags/forex_data_pipeline.py
[2022-12-04T00:58:21.100+0000] {logging_mixin.py:117} INFO - [2022-12-04T00:58:21.099+0000] {dag.py:2573} INFO - Sync 1 DAGs
[2022-12-04T00:58:21.121+0000] {logging_mixin.py:117} INFO - [2022-12-04T00:58:21.121+0000] {dag.py:3328} INFO - Setting next_dagrun for forex_data_pipeline to 2022-12-04T00:00:00+00:00, run_after=2022-12-05T00:00:00+00:00
[2022-12-04T00:58:21.145+0000] {processor.py:178} INFO - Processing /opt/airflow/dags/forex_data_pipeline.py took 0.548 seconds
[2022-12-04T00:58:51.254+0000] {processor.py:156} INFO - Started process (PID=881) to work on /opt/airflow/dags/forex_data_pipeline.py
[2022-12-04T00:58:51.257+0000] {processor.py:758} INFO - Processing file /opt/airflow/dags/forex_data_pipeline.py for tasks to queue
[2022-12-04T00:58:51.258+0000] {logging_mixin.py:117} INFO - [2022-12-04T00:58:51.258+0000] {dagbag.py:525} INFO - Filling up the DagBag from /opt/airflow/dags/forex_data_pipeline.py
[2022-12-04T00:58:51.721+0000] {processor.py:768} INFO - DAG(s) dict_keys(['forex_data_pipeline']) retrieved from /opt/airflow/dags/forex_data_pipeline.py
[2022-12-04T00:58:51.939+0000] {logging_mixin.py:117} INFO - [2022-12-04T00:58:51.938+0000] {dag.py:2573} INFO - Sync 1 DAGs
[2022-12-04T00:58:51.972+0000] {logging_mixin.py:117} INFO - [2022-12-04T00:58:51.971+0000] {dag.py:3328} INFO - Setting next_dagrun for forex_data_pipeline to 2022-12-04T00:00:00+00:00, run_after=2022-12-05T00:00:00+00:00
[2022-12-04T00:58:52.005+0000] {processor.py:178} INFO - Processing /opt/airflow/dags/forex_data_pipeline.py took 0.755 seconds
[2022-12-04T00:59:22.315+0000] {processor.py:156} INFO - Started process (PID=902) to work on /opt/airflow/dags/forex_data_pipeline.py
[2022-12-04T00:59:22.317+0000] {processor.py:758} INFO - Processing file /opt/airflow/dags/forex_data_pipeline.py for tasks to queue
[2022-12-04T00:59:22.318+0000] {logging_mixin.py:117} INFO - [2022-12-04T00:59:22.318+0000] {dagbag.py:525} INFO - Filling up the DagBag from /opt/airflow/dags/forex_data_pipeline.py
[2022-12-04T00:59:22.597+0000] {processor.py:768} INFO - DAG(s) dict_keys(['forex_data_pipeline']) retrieved from /opt/airflow/dags/forex_data_pipeline.py
[2022-12-04T00:59:22.746+0000] {logging_mixin.py:117} INFO - [2022-12-04T00:59:22.746+0000] {dag.py:2573} INFO - Sync 1 DAGs
[2022-12-04T00:59:22.768+0000] {logging_mixin.py:117} INFO - [2022-12-04T00:59:22.768+0000] {dag.py:3328} INFO - Setting next_dagrun for forex_data_pipeline to 2022-12-04T00:00:00+00:00, run_after=2022-12-05T00:00:00+00:00
[2022-12-04T00:59:22.786+0000] {processor.py:178} INFO - Processing /opt/airflow/dags/forex_data_pipeline.py took 0.474 seconds
[2022-12-04T00:59:52.931+0000] {processor.py:156} INFO - Started process (PID=932) to work on /opt/airflow/dags/forex_data_pipeline.py
[2022-12-04T00:59:52.933+0000] {processor.py:758} INFO - Processing file /opt/airflow/dags/forex_data_pipeline.py for tasks to queue
[2022-12-04T00:59:52.934+0000] {logging_mixin.py:117} INFO - [2022-12-04T00:59:52.933+0000] {dagbag.py:525} INFO - Filling up the DagBag from /opt/airflow/dags/forex_data_pipeline.py
[2022-12-04T00:59:53.249+0000] {processor.py:768} INFO - DAG(s) dict_keys(['forex_data_pipeline']) retrieved from /opt/airflow/dags/forex_data_pipeline.py
[2022-12-04T00:59:53.395+0000] {logging_mixin.py:117} INFO - [2022-12-04T00:59:53.395+0000] {dag.py:2573} INFO - Sync 1 DAGs
[2022-12-04T00:59:53.421+0000] {logging_mixin.py:117} INFO - [2022-12-04T00:59:53.421+0000] {dag.py:3328} INFO - Setting next_dagrun for forex_data_pipeline to 2022-12-04T00:00:00+00:00, run_after=2022-12-05T00:00:00+00:00
[2022-12-04T00:59:53.448+0000] {processor.py:178} INFO - Processing /opt/airflow/dags/forex_data_pipeline.py took 0.519 seconds
[2022-12-04T01:00:23.759+0000] {processor.py:156} INFO - Started process (PID=961) to work on /opt/airflow/dags/forex_data_pipeline.py
[2022-12-04T01:00:23.762+0000] {processor.py:758} INFO - Processing file /opt/airflow/dags/forex_data_pipeline.py for tasks to queue
[2022-12-04T01:00:23.764+0000] {logging_mixin.py:117} INFO - [2022-12-04T01:00:23.764+0000] {dagbag.py:525} INFO - Filling up the DagBag from /opt/airflow/dags/forex_data_pipeline.py
[2022-12-04T01:00:24.144+0000] {processor.py:768} INFO - DAG(s) dict_keys(['forex_data_pipeline']) retrieved from /opt/airflow/dags/forex_data_pipeline.py
[2022-12-04T01:00:24.338+0000] {logging_mixin.py:117} INFO - [2022-12-04T01:00:24.338+0000] {dag.py:2573} INFO - Sync 1 DAGs
[2022-12-04T01:00:24.366+0000] {logging_mixin.py:117} INFO - [2022-12-04T01:00:24.366+0000] {dag.py:3328} INFO - Setting next_dagrun for forex_data_pipeline to 2022-12-04T00:00:00+00:00, run_after=2022-12-05T00:00:00+00:00
[2022-12-04T01:00:24.393+0000] {processor.py:178} INFO - Processing /opt/airflow/dags/forex_data_pipeline.py took 0.638 seconds
[2022-12-04T01:00:54.652+0000] {processor.py:156} INFO - Started process (PID=981) to work on /opt/airflow/dags/forex_data_pipeline.py
[2022-12-04T01:00:54.658+0000] {processor.py:758} INFO - Processing file /opt/airflow/dags/forex_data_pipeline.py for tasks to queue
[2022-12-04T01:00:54.661+0000] {logging_mixin.py:117} INFO - [2022-12-04T01:00:54.660+0000] {dagbag.py:525} INFO - Filling up the DagBag from /opt/airflow/dags/forex_data_pipeline.py
[2022-12-04T01:00:55.446+0000] {processor.py:768} INFO - DAG(s) dict_keys(['forex_data_pipeline']) retrieved from /opt/airflow/dags/forex_data_pipeline.py
[2022-12-04T01:00:55.850+0000] {logging_mixin.py:117} INFO - [2022-12-04T01:00:55.850+0000] {dag.py:2573} INFO - Sync 1 DAGs
[2022-12-04T01:00:55.934+0000] {logging_mixin.py:117} INFO - [2022-12-04T01:00:55.933+0000] {dag.py:3328} INFO - Setting next_dagrun for forex_data_pipeline to 2022-12-04T00:00:00+00:00, run_after=2022-12-05T00:00:00+00:00
[2022-12-04T01:00:56.022+0000] {processor.py:178} INFO - Processing /opt/airflow/dags/forex_data_pipeline.py took 1.374 seconds
[2022-12-04T01:01:26.347+0000] {processor.py:156} INFO - Started process (PID=1011) to work on /opt/airflow/dags/forex_data_pipeline.py
[2022-12-04T01:01:26.360+0000] {processor.py:758} INFO - Processing file /opt/airflow/dags/forex_data_pipeline.py for tasks to queue
[2022-12-04T01:01:26.361+0000] {logging_mixin.py:117} INFO - [2022-12-04T01:01:26.361+0000] {dagbag.py:525} INFO - Filling up the DagBag from /opt/airflow/dags/forex_data_pipeline.py
[2022-12-04T01:01:26.727+0000] {processor.py:768} INFO - DAG(s) dict_keys(['forex_data_pipeline']) retrieved from /opt/airflow/dags/forex_data_pipeline.py
[2022-12-04T01:01:26.880+0000] {logging_mixin.py:117} INFO - [2022-12-04T01:01:26.880+0000] {dag.py:2573} INFO - Sync 1 DAGs
[2022-12-04T01:01:26.907+0000] {logging_mixin.py:117} INFO - [2022-12-04T01:01:26.907+0000] {dag.py:3328} INFO - Setting next_dagrun for forex_data_pipeline to 2022-12-04T00:00:00+00:00, run_after=2022-12-05T00:00:00+00:00
[2022-12-04T01:01:26.934+0000] {processor.py:178} INFO - Processing /opt/airflow/dags/forex_data_pipeline.py took 0.590 seconds
[2022-12-04T01:01:57.387+0000] {processor.py:156} INFO - Started process (PID=1041) to work on /opt/airflow/dags/forex_data_pipeline.py
[2022-12-04T01:01:57.396+0000] {processor.py:758} INFO - Processing file /opt/airflow/dags/forex_data_pipeline.py for tasks to queue
[2022-12-04T01:01:57.398+0000] {logging_mixin.py:117} INFO - [2022-12-04T01:01:57.397+0000] {dagbag.py:525} INFO - Filling up the DagBag from /opt/airflow/dags/forex_data_pipeline.py
[2022-12-04T01:01:57.705+0000] {processor.py:768} INFO - DAG(s) dict_keys(['forex_data_pipeline']) retrieved from /opt/airflow/dags/forex_data_pipeline.py
[2022-12-04T01:01:57.858+0000] {logging_mixin.py:117} INFO - [2022-12-04T01:01:57.858+0000] {dag.py:2573} INFO - Sync 1 DAGs
[2022-12-04T01:01:57.882+0000] {logging_mixin.py:117} INFO - [2022-12-04T01:01:57.882+0000] {dag.py:3328} INFO - Setting next_dagrun for forex_data_pipeline to 2022-12-04T00:00:00+00:00, run_after=2022-12-05T00:00:00+00:00
[2022-12-04T01:01:57.911+0000] {processor.py:178} INFO - Processing /opt/airflow/dags/forex_data_pipeline.py took 0.527 seconds
[2022-12-04T01:02:27.983+0000] {processor.py:156} INFO - Started process (PID=1070) to work on /opt/airflow/dags/forex_data_pipeline.py
[2022-12-04T01:02:27.993+0000] {processor.py:758} INFO - Processing file /opt/airflow/dags/forex_data_pipeline.py for tasks to queue
[2022-12-04T01:02:27.994+0000] {logging_mixin.py:117} INFO - [2022-12-04T01:02:27.994+0000] {dagbag.py:525} INFO - Filling up the DagBag from /opt/airflow/dags/forex_data_pipeline.py
[2022-12-04T01:02:28.310+0000] {processor.py:768} INFO - DAG(s) dict_keys(['forex_data_pipeline']) retrieved from /opt/airflow/dags/forex_data_pipeline.py
[2022-12-04T01:02:28.457+0000] {logging_mixin.py:117} INFO - [2022-12-04T01:02:28.456+0000] {dag.py:2573} INFO - Sync 1 DAGs
[2022-12-04T01:02:28.490+0000] {logging_mixin.py:117} INFO - [2022-12-04T01:02:28.490+0000] {dag.py:3328} INFO - Setting next_dagrun for forex_data_pipeline to 2022-12-04T00:00:00+00:00, run_after=2022-12-05T00:00:00+00:00
[2022-12-04T01:02:28.524+0000] {processor.py:178} INFO - Processing /opt/airflow/dags/forex_data_pipeline.py took 0.544 seconds
[2022-12-04T01:02:58.622+0000] {processor.py:156} INFO - Started process (PID=1090) to work on /opt/airflow/dags/forex_data_pipeline.py
[2022-12-04T01:02:58.633+0000] {processor.py:758} INFO - Processing file /opt/airflow/dags/forex_data_pipeline.py for tasks to queue
[2022-12-04T01:02:58.637+0000] {logging_mixin.py:117} INFO - [2022-12-04T01:02:58.637+0000] {dagbag.py:525} INFO - Filling up the DagBag from /opt/airflow/dags/forex_data_pipeline.py
[2022-12-04T01:02:59.078+0000] {processor.py:768} INFO - DAG(s) dict_keys(['forex_data_pipeline']) retrieved from /opt/airflow/dags/forex_data_pipeline.py
[2022-12-04T01:02:59.314+0000] {logging_mixin.py:117} INFO - [2022-12-04T01:02:59.314+0000] {dag.py:2573} INFO - Sync 1 DAGs
[2022-12-04T01:02:59.339+0000] {logging_mixin.py:117} INFO - [2022-12-04T01:02:59.338+0000] {dag.py:3328} INFO - Setting next_dagrun for forex_data_pipeline to 2022-12-04T00:00:00+00:00, run_after=2022-12-05T00:00:00+00:00
[2022-12-04T01:02:59.364+0000] {processor.py:178} INFO - Processing /opt/airflow/dags/forex_data_pipeline.py took 0.745 seconds
