[2023-01-12T00:40:39.499+0000] {processor.py:153} INFO - Started process (PID=57) to work on /opt/airflow/dags/forex_data_pipeline.py
[2023-01-12T00:40:39.504+0000] {processor.py:743} INFO - Processing file /opt/airflow/dags/forex_data_pipeline.py for tasks to queue
[2023-01-12T00:40:39.506+0000] {logging_mixin.py:137} INFO - [2023-01-12T00:40:39.505+0000] {dagbag.py:538} INFO - Filling up the DagBag from /opt/airflow/dags/forex_data_pipeline.py
[2023-01-12T00:40:41.580+0000] {processor.py:753} INFO - DAG(s) dict_keys(['forex_data_pipeline']) retrieved from /opt/airflow/dags/forex_data_pipeline.py
[2023-01-12T00:40:41.625+0000] {logging_mixin.py:137} INFO - [2023-01-12T00:40:41.624+0000] {dag.py:2676} INFO - Sync 1 DAGs
[2023-01-12T00:40:41.678+0000] {logging_mixin.py:137} INFO - [2023-01-12T00:40:41.677+0000] {dag.py:3427} INFO - Setting next_dagrun for forex_data_pipeline to 2023-01-12T00:00:00+00:00, run_after=2023-01-13T00:00:00+00:00
[2023-01-12T00:40:41.750+0000] {processor.py:175} INFO - Processing /opt/airflow/dags/forex_data_pipeline.py took 2.260 seconds
[2023-01-12T00:41:12.330+0000] {processor.py:153} INFO - Started process (PID=106) to work on /opt/airflow/dags/forex_data_pipeline.py
[2023-01-12T00:41:12.332+0000] {processor.py:743} INFO - Processing file /opt/airflow/dags/forex_data_pipeline.py for tasks to queue
[2023-01-12T00:41:12.334+0000] {logging_mixin.py:137} INFO - [2023-01-12T00:41:12.333+0000] {dagbag.py:538} INFO - Filling up the DagBag from /opt/airflow/dags/forex_data_pipeline.py
[2023-01-12T00:41:12.657+0000] {processor.py:753} INFO - DAG(s) dict_keys(['forex_data_pipeline']) retrieved from /opt/airflow/dags/forex_data_pipeline.py
[2023-01-12T00:41:12.692+0000] {logging_mixin.py:137} INFO - [2023-01-12T00:41:12.691+0000] {dag.py:2676} INFO - Sync 1 DAGs
[2023-01-12T00:41:12.718+0000] {logging_mixin.py:137} INFO - [2023-01-12T00:41:12.718+0000] {dag.py:3427} INFO - Setting next_dagrun for forex_data_pipeline to 2023-01-12T00:00:00+00:00, run_after=2023-01-13T00:00:00+00:00
[2023-01-12T00:41:12.756+0000] {processor.py:175} INFO - Processing /opt/airflow/dags/forex_data_pipeline.py took 0.430 seconds
[2023-01-12T00:41:42.834+0000] {processor.py:153} INFO - Started process (PID=159) to work on /opt/airflow/dags/forex_data_pipeline.py
[2023-01-12T00:41:42.873+0000] {processor.py:743} INFO - Processing file /opt/airflow/dags/forex_data_pipeline.py for tasks to queue
[2023-01-12T00:41:42.885+0000] {logging_mixin.py:137} INFO - [2023-01-12T00:41:42.885+0000] {dagbag.py:538} INFO - Filling up the DagBag from /opt/airflow/dags/forex_data_pipeline.py
[2023-01-12T00:41:43.494+0000] {processor.py:753} INFO - DAG(s) dict_keys(['forex_data_pipeline']) retrieved from /opt/airflow/dags/forex_data_pipeline.py
[2023-01-12T00:41:43.537+0000] {logging_mixin.py:137} INFO - [2023-01-12T00:41:43.536+0000] {dag.py:2676} INFO - Sync 1 DAGs
[2023-01-12T00:41:43.573+0000] {logging_mixin.py:137} INFO - [2023-01-12T00:41:43.573+0000] {dag.py:3427} INFO - Setting next_dagrun for forex_data_pipeline to 2023-01-12T00:00:00+00:00, run_after=2023-01-13T00:00:00+00:00
[2023-01-12T00:41:43.608+0000] {processor.py:175} INFO - Processing /opt/airflow/dags/forex_data_pipeline.py took 0.777 seconds
[2023-01-12T00:42:14.035+0000] {processor.py:153} INFO - Started process (PID=215) to work on /opt/airflow/dags/forex_data_pipeline.py
[2023-01-12T00:42:14.037+0000] {processor.py:743} INFO - Processing file /opt/airflow/dags/forex_data_pipeline.py for tasks to queue
[2023-01-12T00:42:14.038+0000] {logging_mixin.py:137} INFO - [2023-01-12T00:42:14.038+0000] {dagbag.py:538} INFO - Filling up the DagBag from /opt/airflow/dags/forex_data_pipeline.py
[2023-01-12T00:42:14.296+0000] {processor.py:753} INFO - DAG(s) dict_keys(['forex_data_pipeline']) retrieved from /opt/airflow/dags/forex_data_pipeline.py
[2023-01-12T00:42:14.317+0000] {logging_mixin.py:137} INFO - [2023-01-12T00:42:14.317+0000] {dag.py:2676} INFO - Sync 1 DAGs
[2023-01-12T00:42:14.338+0000] {logging_mixin.py:137} INFO - [2023-01-12T00:42:14.338+0000] {dag.py:3427} INFO - Setting next_dagrun for forex_data_pipeline to 2023-01-12T00:00:00+00:00, run_after=2023-01-13T00:00:00+00:00
[2023-01-12T00:42:14.363+0000] {processor.py:175} INFO - Processing /opt/airflow/dags/forex_data_pipeline.py took 0.331 seconds
[2023-01-12T15:17:21.167+0000] {processor.py:153} INFO - Started process (PID=41) to work on /opt/airflow/dags/forex_data_pipeline.py
[2023-01-12T15:17:21.170+0000] {processor.py:743} INFO - Processing file /opt/airflow/dags/forex_data_pipeline.py for tasks to queue
[2023-01-12T15:17:21.172+0000] {logging_mixin.py:137} INFO - [2023-01-12T15:17:21.171+0000] {dagbag.py:538} INFO - Filling up the DagBag from /opt/airflow/dags/forex_data_pipeline.py
[2023-01-12T15:17:21.935+0000] {processor.py:753} INFO - DAG(s) dict_keys(['forex_data_pipeline']) retrieved from /opt/airflow/dags/forex_data_pipeline.py
[2023-01-12T15:17:21.973+0000] {logging_mixin.py:137} INFO - [2023-01-12T15:17:21.973+0000] {dag.py:2676} INFO - Sync 1 DAGs
[2023-01-12T15:17:22.007+0000] {logging_mixin.py:137} INFO - [2023-01-12T15:17:22.007+0000] {dag.py:3427} INFO - Setting next_dagrun for forex_data_pipeline to 2023-01-12T00:00:00+00:00, run_after=2023-01-13T00:00:00+00:00
[2023-01-12T15:17:22.037+0000] {processor.py:175} INFO - Processing /opt/airflow/dags/forex_data_pipeline.py took 0.873 seconds
[2023-01-12T15:17:52.618+0000] {processor.py:153} INFO - Started process (PID=107) to work on /opt/airflow/dags/forex_data_pipeline.py
[2023-01-12T15:17:52.621+0000] {processor.py:743} INFO - Processing file /opt/airflow/dags/forex_data_pipeline.py for tasks to queue
[2023-01-12T15:17:52.622+0000] {logging_mixin.py:137} INFO - [2023-01-12T15:17:52.621+0000] {dagbag.py:538} INFO - Filling up the DagBag from /opt/airflow/dags/forex_data_pipeline.py
[2023-01-12T15:17:52.902+0000] {processor.py:753} INFO - DAG(s) dict_keys(['forex_data_pipeline']) retrieved from /opt/airflow/dags/forex_data_pipeline.py
[2023-01-12T15:17:52.932+0000] {logging_mixin.py:137} INFO - [2023-01-12T15:17:52.930+0000] {dag.py:2676} INFO - Sync 1 DAGs
[2023-01-12T15:17:52.976+0000] {logging_mixin.py:137} INFO - [2023-01-12T15:17:52.975+0000] {dag.py:3427} INFO - Setting next_dagrun for forex_data_pipeline to 2023-01-12T00:00:00+00:00, run_after=2023-01-13T00:00:00+00:00
[2023-01-12T15:17:53.006+0000] {processor.py:175} INFO - Processing /opt/airflow/dags/forex_data_pipeline.py took 0.390 seconds
[2023-01-12T15:18:23.317+0000] {processor.py:153} INFO - Started process (PID=151) to work on /opt/airflow/dags/forex_data_pipeline.py
[2023-01-12T15:18:23.319+0000] {processor.py:743} INFO - Processing file /opt/airflow/dags/forex_data_pipeline.py for tasks to queue
[2023-01-12T15:18:23.320+0000] {logging_mixin.py:137} INFO - [2023-01-12T15:18:23.320+0000] {dagbag.py:538} INFO - Filling up the DagBag from /opt/airflow/dags/forex_data_pipeline.py
[2023-01-12T15:18:23.590+0000] {processor.py:753} INFO - DAG(s) dict_keys(['forex_data_pipeline']) retrieved from /opt/airflow/dags/forex_data_pipeline.py
[2023-01-12T15:18:23.615+0000] {logging_mixin.py:137} INFO - [2023-01-12T15:18:23.614+0000] {dag.py:2676} INFO - Sync 1 DAGs
[2023-01-12T15:18:23.642+0000] {logging_mixin.py:137} INFO - [2023-01-12T15:18:23.642+0000] {dag.py:3427} INFO - Setting next_dagrun for forex_data_pipeline to 2023-01-12T00:00:00+00:00, run_after=2023-01-13T00:00:00+00:00
[2023-01-12T15:18:23.669+0000] {processor.py:175} INFO - Processing /opt/airflow/dags/forex_data_pipeline.py took 0.354 seconds
[2023-01-12T15:18:53.909+0000] {processor.py:153} INFO - Started process (PID=215) to work on /opt/airflow/dags/forex_data_pipeline.py
[2023-01-12T15:18:53.912+0000] {processor.py:743} INFO - Processing file /opt/airflow/dags/forex_data_pipeline.py for tasks to queue
[2023-01-12T15:18:53.913+0000] {logging_mixin.py:137} INFO - [2023-01-12T15:18:53.912+0000] {dagbag.py:538} INFO - Filling up the DagBag from /opt/airflow/dags/forex_data_pipeline.py
[2023-01-12T15:18:54.188+0000] {processor.py:753} INFO - DAG(s) dict_keys(['forex_data_pipeline']) retrieved from /opt/airflow/dags/forex_data_pipeline.py
[2023-01-12T15:18:54.212+0000] {logging_mixin.py:137} INFO - [2023-01-12T15:18:54.212+0000] {dag.py:2676} INFO - Sync 1 DAGs
[2023-01-12T15:18:54.235+0000] {logging_mixin.py:137} INFO - [2023-01-12T15:18:54.235+0000] {dag.py:3427} INFO - Setting next_dagrun for forex_data_pipeline to 2023-01-12T00:00:00+00:00, run_after=2023-01-13T00:00:00+00:00
[2023-01-12T15:18:54.259+0000] {processor.py:175} INFO - Processing /opt/airflow/dags/forex_data_pipeline.py took 0.352 seconds
[2023-01-12T15:19:24.708+0000] {processor.py:153} INFO - Started process (PID=259) to work on /opt/airflow/dags/forex_data_pipeline.py
[2023-01-12T15:19:24.710+0000] {processor.py:743} INFO - Processing file /opt/airflow/dags/forex_data_pipeline.py for tasks to queue
[2023-01-12T15:19:24.714+0000] {logging_mixin.py:137} INFO - [2023-01-12T15:19:24.711+0000] {dagbag.py:538} INFO - Filling up the DagBag from /opt/airflow/dags/forex_data_pipeline.py
[2023-01-12T15:19:24.989+0000] {processor.py:753} INFO - DAG(s) dict_keys(['forex_data_pipeline']) retrieved from /opt/airflow/dags/forex_data_pipeline.py
[2023-01-12T15:19:25.010+0000] {logging_mixin.py:137} INFO - [2023-01-12T15:19:25.010+0000] {dag.py:2676} INFO - Sync 1 DAGs
[2023-01-12T15:19:25.032+0000] {logging_mixin.py:137} INFO - [2023-01-12T15:19:25.032+0000] {dag.py:3427} INFO - Setting next_dagrun for forex_data_pipeline to 2023-01-12T00:00:00+00:00, run_after=2023-01-13T00:00:00+00:00
[2023-01-12T15:19:25.053+0000] {processor.py:175} INFO - Processing /opt/airflow/dags/forex_data_pipeline.py took 0.347 seconds
[2023-01-12T15:19:55.147+0000] {processor.py:153} INFO - Started process (PID=324) to work on /opt/airflow/dags/forex_data_pipeline.py
[2023-01-12T15:19:55.149+0000] {processor.py:743} INFO - Processing file /opt/airflow/dags/forex_data_pipeline.py for tasks to queue
[2023-01-12T15:19:55.150+0000] {logging_mixin.py:137} INFO - [2023-01-12T15:19:55.150+0000] {dagbag.py:538} INFO - Filling up the DagBag from /opt/airflow/dags/forex_data_pipeline.py
[2023-01-12T15:19:55.412+0000] {processor.py:753} INFO - DAG(s) dict_keys(['forex_data_pipeline']) retrieved from /opt/airflow/dags/forex_data_pipeline.py
[2023-01-12T15:19:55.434+0000] {logging_mixin.py:137} INFO - [2023-01-12T15:19:55.434+0000] {dag.py:2676} INFO - Sync 1 DAGs
[2023-01-12T15:19:55.457+0000] {logging_mixin.py:137} INFO - [2023-01-12T15:19:55.457+0000] {dag.py:3427} INFO - Setting next_dagrun for forex_data_pipeline to 2023-01-12T00:00:00+00:00, run_after=2023-01-13T00:00:00+00:00
[2023-01-12T15:19:55.477+0000] {processor.py:175} INFO - Processing /opt/airflow/dags/forex_data_pipeline.py took 0.332 seconds
[2023-01-12T21:44:56.087+0000] {processor.py:153} INFO - Started process (PID=61) to work on /opt/airflow/dags/forex_data_pipeline.py
[2023-01-12T21:44:56.091+0000] {processor.py:743} INFO - Processing file /opt/airflow/dags/forex_data_pipeline.py for tasks to queue
[2023-01-12T21:44:56.094+0000] {logging_mixin.py:137} INFO - [2023-01-12T21:44:56.094+0000] {dagbag.py:538} INFO - Filling up the DagBag from /opt/airflow/dags/forex_data_pipeline.py
[2023-01-12T21:44:57.310+0000] {processor.py:753} INFO - DAG(s) dict_keys(['forex_data_pipeline']) retrieved from /opt/airflow/dags/forex_data_pipeline.py
[2023-01-12T21:44:57.349+0000] {logging_mixin.py:137} INFO - [2023-01-12T21:44:57.348+0000] {dag.py:2676} INFO - Sync 1 DAGs
[2023-01-12T21:44:57.389+0000] {logging_mixin.py:137} INFO - [2023-01-12T21:44:57.389+0000] {dag.py:3427} INFO - Setting next_dagrun for forex_data_pipeline to 2023-01-12T00:00:00+00:00, run_after=2023-01-13T00:00:00+00:00
[2023-01-12T21:44:57.419+0000] {processor.py:175} INFO - Processing /opt/airflow/dags/forex_data_pipeline.py took 1.337 seconds
[2023-01-12T21:45:27.726+0000] {processor.py:153} INFO - Started process (PID=107) to work on /opt/airflow/dags/forex_data_pipeline.py
[2023-01-12T21:45:27.730+0000] {processor.py:743} INFO - Processing file /opt/airflow/dags/forex_data_pipeline.py for tasks to queue
[2023-01-12T21:45:27.731+0000] {logging_mixin.py:137} INFO - [2023-01-12T21:45:27.730+0000] {dagbag.py:538} INFO - Filling up the DagBag from /opt/airflow/dags/forex_data_pipeline.py
[2023-01-12T21:45:28.042+0000] {processor.py:753} INFO - DAG(s) dict_keys(['forex_data_pipeline']) retrieved from /opt/airflow/dags/forex_data_pipeline.py
[2023-01-12T21:45:28.071+0000] {logging_mixin.py:137} INFO - [2023-01-12T21:45:28.070+0000] {dag.py:2676} INFO - Sync 1 DAGs
[2023-01-12T21:45:28.094+0000] {logging_mixin.py:137} INFO - [2023-01-12T21:45:28.094+0000] {dag.py:3427} INFO - Setting next_dagrun for forex_data_pipeline to 2023-01-12T00:00:00+00:00, run_after=2023-01-13T00:00:00+00:00
[2023-01-12T21:45:28.141+0000] {processor.py:175} INFO - Processing /opt/airflow/dags/forex_data_pipeline.py took 0.418 seconds
