[2023-02-14T00:32:44.457+0000] {processor.py:153} INFO - Started process (PID=52) to work on /opt/airflow/dags/forex_data_pipeline.py
[2023-02-14T00:32:44.461+0000] {processor.py:743} INFO - Processing file /opt/airflow/dags/forex_data_pipeline.py for tasks to queue
[2023-02-14T00:32:44.463+0000] {logging_mixin.py:137} INFO - [2023-02-14T00:32:44.463+0000] {dagbag.py:538} INFO - Filling up the DagBag from /opt/airflow/dags/forex_data_pipeline.py
[2023-02-14T00:32:45.266+0000] {processor.py:753} INFO - DAG(s) dict_keys(['forex_data_pipeline']) retrieved from /opt/airflow/dags/forex_data_pipeline.py
[2023-02-14T00:32:45.308+0000] {logging_mixin.py:137} INFO - [2023-02-14T00:32:45.307+0000] {dag.py:2676} INFO - Sync 1 DAGs
[2023-02-14T00:32:45.338+0000] {logging_mixin.py:137} INFO - [2023-02-14T00:32:45.337+0000] {dag.py:3427} INFO - Setting next_dagrun for forex_data_pipeline to 2023-02-14T00:00:00+00:00, run_after=2023-02-15T00:00:00+00:00
[2023-02-14T00:32:45.370+0000] {processor.py:175} INFO - Processing /opt/airflow/dags/forex_data_pipeline.py took 0.916 seconds
[2023-02-14T00:33:15.951+0000] {processor.py:153} INFO - Started process (PID=111) to work on /opt/airflow/dags/forex_data_pipeline.py
[2023-02-14T00:33:15.956+0000] {processor.py:743} INFO - Processing file /opt/airflow/dags/forex_data_pipeline.py for tasks to queue
[2023-02-14T00:33:15.960+0000] {logging_mixin.py:137} INFO - [2023-02-14T00:33:15.960+0000] {dagbag.py:538} INFO - Filling up the DagBag from /opt/airflow/dags/forex_data_pipeline.py
[2023-02-14T00:33:16.248+0000] {processor.py:753} INFO - DAG(s) dict_keys(['forex_data_pipeline']) retrieved from /opt/airflow/dags/forex_data_pipeline.py
[2023-02-14T00:33:16.283+0000] {logging_mixin.py:137} INFO - [2023-02-14T00:33:16.282+0000] {dag.py:2676} INFO - Sync 1 DAGs
[2023-02-14T00:33:16.310+0000] {logging_mixin.py:137} INFO - [2023-02-14T00:33:16.310+0000] {dag.py:3427} INFO - Setting next_dagrun for forex_data_pipeline to 2023-02-14T00:00:00+00:00, run_after=2023-02-15T00:00:00+00:00
[2023-02-14T00:33:16.332+0000] {processor.py:175} INFO - Processing /opt/airflow/dags/forex_data_pipeline.py took 0.384 seconds
[2023-02-14T00:33:46.645+0000] {processor.py:153} INFO - Started process (PID=164) to work on /opt/airflow/dags/forex_data_pipeline.py
[2023-02-14T00:33:46.647+0000] {processor.py:743} INFO - Processing file /opt/airflow/dags/forex_data_pipeline.py for tasks to queue
[2023-02-14T00:33:46.648+0000] {logging_mixin.py:137} INFO - [2023-02-14T00:33:46.648+0000] {dagbag.py:538} INFO - Filling up the DagBag from /opt/airflow/dags/forex_data_pipeline.py
[2023-02-14T00:33:46.952+0000] {processor.py:753} INFO - DAG(s) dict_keys(['forex_data_pipeline']) retrieved from /opt/airflow/dags/forex_data_pipeline.py
[2023-02-14T00:33:46.988+0000] {logging_mixin.py:137} INFO - [2023-02-14T00:33:46.987+0000] {dag.py:2676} INFO - Sync 1 DAGs
[2023-02-14T00:33:47.040+0000] {logging_mixin.py:137} INFO - [2023-02-14T00:33:47.039+0000] {dag.py:3427} INFO - Setting next_dagrun for forex_data_pipeline to 2023-02-14T00:00:00+00:00, run_after=2023-02-15T00:00:00+00:00
[2023-02-14T00:33:47.085+0000] {processor.py:175} INFO - Processing /opt/airflow/dags/forex_data_pipeline.py took 0.443 seconds
[2023-02-14T00:34:17.324+0000] {processor.py:153} INFO - Started process (PID=219) to work on /opt/airflow/dags/forex_data_pipeline.py
[2023-02-14T00:34:17.327+0000] {processor.py:743} INFO - Processing file /opt/airflow/dags/forex_data_pipeline.py for tasks to queue
[2023-02-14T00:34:17.329+0000] {logging_mixin.py:137} INFO - [2023-02-14T00:34:17.328+0000] {dagbag.py:538} INFO - Filling up the DagBag from /opt/airflow/dags/forex_data_pipeline.py
[2023-02-14T00:34:17.589+0000] {processor.py:753} INFO - DAG(s) dict_keys(['forex_data_pipeline']) retrieved from /opt/airflow/dags/forex_data_pipeline.py
[2023-02-14T00:34:17.608+0000] {logging_mixin.py:137} INFO - [2023-02-14T00:34:17.607+0000] {dag.py:2676} INFO - Sync 1 DAGs
[2023-02-14T00:34:17.627+0000] {logging_mixin.py:137} INFO - [2023-02-14T00:34:17.627+0000] {dag.py:3427} INFO - Setting next_dagrun for forex_data_pipeline to 2023-02-14T00:00:00+00:00, run_after=2023-02-15T00:00:00+00:00
[2023-02-14T00:34:17.656+0000] {processor.py:175} INFO - Processing /opt/airflow/dags/forex_data_pipeline.py took 0.335 seconds
[2023-02-14T00:34:47.938+0000] {processor.py:153} INFO - Started process (PID=283) to work on /opt/airflow/dags/forex_data_pipeline.py
[2023-02-14T00:34:47.941+0000] {processor.py:743} INFO - Processing file /opt/airflow/dags/forex_data_pipeline.py for tasks to queue
[2023-02-14T00:34:47.942+0000] {logging_mixin.py:137} INFO - [2023-02-14T00:34:47.942+0000] {dagbag.py:538} INFO - Filling up the DagBag from /opt/airflow/dags/forex_data_pipeline.py
[2023-02-14T00:34:48.207+0000] {processor.py:753} INFO - DAG(s) dict_keys(['forex_data_pipeline']) retrieved from /opt/airflow/dags/forex_data_pipeline.py
[2023-02-14T00:34:48.228+0000] {logging_mixin.py:137} INFO - [2023-02-14T00:34:48.228+0000] {dag.py:2676} INFO - Sync 1 DAGs
[2023-02-14T00:34:48.252+0000] {logging_mixin.py:137} INFO - [2023-02-14T00:34:48.252+0000] {dag.py:3427} INFO - Setting next_dagrun for forex_data_pipeline to 2023-02-14T00:00:00+00:00, run_after=2023-02-15T00:00:00+00:00
[2023-02-14T00:34:48.279+0000] {processor.py:175} INFO - Processing /opt/airflow/dags/forex_data_pipeline.py took 0.344 seconds
[2023-02-14T00:35:18.509+0000] {processor.py:153} INFO - Started process (PID=327) to work on /opt/airflow/dags/forex_data_pipeline.py
[2023-02-14T00:35:18.511+0000] {processor.py:743} INFO - Processing file /opt/airflow/dags/forex_data_pipeline.py for tasks to queue
[2023-02-14T00:35:18.512+0000] {logging_mixin.py:137} INFO - [2023-02-14T00:35:18.512+0000] {dagbag.py:538} INFO - Filling up the DagBag from /opt/airflow/dags/forex_data_pipeline.py
[2023-02-14T00:35:18.749+0000] {processor.py:753} INFO - DAG(s) dict_keys(['forex_data_pipeline']) retrieved from /opt/airflow/dags/forex_data_pipeline.py
[2023-02-14T00:35:18.768+0000] {logging_mixin.py:137} INFO - [2023-02-14T00:35:18.768+0000] {dag.py:2676} INFO - Sync 1 DAGs
[2023-02-14T00:35:18.788+0000] {logging_mixin.py:137} INFO - [2023-02-14T00:35:18.787+0000] {dag.py:3427} INFO - Setting next_dagrun for forex_data_pipeline to 2023-02-14T00:00:00+00:00, run_after=2023-02-15T00:00:00+00:00
[2023-02-14T00:35:18.810+0000] {processor.py:175} INFO - Processing /opt/airflow/dags/forex_data_pipeline.py took 0.303 seconds
[2023-02-14T00:35:48.957+0000] {processor.py:153} INFO - Started process (PID=391) to work on /opt/airflow/dags/forex_data_pipeline.py
[2023-02-14T00:35:48.959+0000] {processor.py:743} INFO - Processing file /opt/airflow/dags/forex_data_pipeline.py for tasks to queue
[2023-02-14T00:35:48.961+0000] {logging_mixin.py:137} INFO - [2023-02-14T00:35:48.960+0000] {dagbag.py:538} INFO - Filling up the DagBag from /opt/airflow/dags/forex_data_pipeline.py
[2023-02-14T00:35:49.265+0000] {processor.py:753} INFO - DAG(s) dict_keys(['forex_data_pipeline']) retrieved from /opt/airflow/dags/forex_data_pipeline.py
[2023-02-14T00:35:49.290+0000] {logging_mixin.py:137} INFO - [2023-02-14T00:35:49.289+0000] {dag.py:2676} INFO - Sync 1 DAGs
[2023-02-14T00:35:49.315+0000] {logging_mixin.py:137} INFO - [2023-02-14T00:35:49.315+0000] {dag.py:3427} INFO - Setting next_dagrun for forex_data_pipeline to 2023-02-14T00:00:00+00:00, run_after=2023-02-15T00:00:00+00:00
[2023-02-14T00:35:49.341+0000] {processor.py:175} INFO - Processing /opt/airflow/dags/forex_data_pipeline.py took 0.386 seconds
[2023-02-14T00:36:19.602+0000] {processor.py:153} INFO - Started process (PID=435) to work on /opt/airflow/dags/forex_data_pipeline.py
[2023-02-14T00:36:19.604+0000] {processor.py:743} INFO - Processing file /opt/airflow/dags/forex_data_pipeline.py for tasks to queue
[2023-02-14T00:36:19.605+0000] {logging_mixin.py:137} INFO - [2023-02-14T00:36:19.605+0000] {dagbag.py:538} INFO - Filling up the DagBag from /opt/airflow/dags/forex_data_pipeline.py
[2023-02-14T00:36:19.846+0000] {processor.py:753} INFO - DAG(s) dict_keys(['forex_data_pipeline']) retrieved from /opt/airflow/dags/forex_data_pipeline.py
[2023-02-14T00:36:19.865+0000] {logging_mixin.py:137} INFO - [2023-02-14T00:36:19.865+0000] {dag.py:2676} INFO - Sync 1 DAGs
[2023-02-14T00:36:19.885+0000] {logging_mixin.py:137} INFO - [2023-02-14T00:36:19.885+0000] {dag.py:3427} INFO - Setting next_dagrun for forex_data_pipeline to 2023-02-14T00:00:00+00:00, run_after=2023-02-15T00:00:00+00:00
[2023-02-14T00:36:19.905+0000] {processor.py:175} INFO - Processing /opt/airflow/dags/forex_data_pipeline.py took 0.306 seconds
[2023-02-14T00:36:50.225+0000] {processor.py:153} INFO - Started process (PID=500) to work on /opt/airflow/dags/forex_data_pipeline.py
[2023-02-14T00:36:50.228+0000] {processor.py:743} INFO - Processing file /opt/airflow/dags/forex_data_pipeline.py for tasks to queue
[2023-02-14T00:36:50.230+0000] {logging_mixin.py:137} INFO - [2023-02-14T00:36:50.230+0000] {dagbag.py:538} INFO - Filling up the DagBag from /opt/airflow/dags/forex_data_pipeline.py
[2023-02-14T00:36:50.487+0000] {processor.py:753} INFO - DAG(s) dict_keys(['forex_data_pipeline']) retrieved from /opt/airflow/dags/forex_data_pipeline.py
[2023-02-14T00:36:50.508+0000] {logging_mixin.py:137} INFO - [2023-02-14T00:36:50.507+0000] {dag.py:2676} INFO - Sync 1 DAGs
[2023-02-14T00:36:50.533+0000] {logging_mixin.py:137} INFO - [2023-02-14T00:36:50.533+0000] {dag.py:3427} INFO - Setting next_dagrun for forex_data_pipeline to 2023-02-14T00:00:00+00:00, run_after=2023-02-15T00:00:00+00:00
[2023-02-14T00:36:50.559+0000] {processor.py:175} INFO - Processing /opt/airflow/dags/forex_data_pipeline.py took 0.337 seconds
[2023-02-14T00:37:20.735+0000] {processor.py:153} INFO - Started process (PID=544) to work on /opt/airflow/dags/forex_data_pipeline.py
[2023-02-14T00:37:20.737+0000] {processor.py:743} INFO - Processing file /opt/airflow/dags/forex_data_pipeline.py for tasks to queue
[2023-02-14T00:37:20.737+0000] {logging_mixin.py:137} INFO - [2023-02-14T00:37:20.737+0000] {dagbag.py:538} INFO - Filling up the DagBag from /opt/airflow/dags/forex_data_pipeline.py
[2023-02-14T00:37:21.006+0000] {processor.py:753} INFO - DAG(s) dict_keys(['forex_data_pipeline']) retrieved from /opt/airflow/dags/forex_data_pipeline.py
[2023-02-14T00:37:21.028+0000] {logging_mixin.py:137} INFO - [2023-02-14T00:37:21.028+0000] {dag.py:2676} INFO - Sync 1 DAGs
[2023-02-14T00:37:21.053+0000] {logging_mixin.py:137} INFO - [2023-02-14T00:37:21.053+0000] {dag.py:3427} INFO - Setting next_dagrun for forex_data_pipeline to 2023-02-14T00:00:00+00:00, run_after=2023-02-15T00:00:00+00:00
[2023-02-14T00:37:21.074+0000] {processor.py:175} INFO - Processing /opt/airflow/dags/forex_data_pipeline.py took 0.341 seconds
[2023-02-14T00:37:44.071+0000] {processor.py:153} INFO - Started process (PID=587) to work on /opt/airflow/dags/forex_data_pipeline.py
[2023-02-14T00:37:44.073+0000] {processor.py:743} INFO - Processing file /opt/airflow/dags/forex_data_pipeline.py for tasks to queue
[2023-02-14T00:37:44.074+0000] {logging_mixin.py:137} INFO - [2023-02-14T00:37:44.074+0000] {dagbag.py:538} INFO - Filling up the DagBag from /opt/airflow/dags/forex_data_pipeline.py
[2023-02-14T00:37:44.290+0000] {processor.py:753} INFO - DAG(s) dict_keys(['forex_data_pipeline']) retrieved from /opt/airflow/dags/forex_data_pipeline.py
[2023-02-14T00:37:44.314+0000] {logging_mixin.py:137} INFO - [2023-02-14T00:37:44.314+0000] {dag.py:2676} INFO - Sync 1 DAGs
[2023-02-14T00:37:44.331+0000] {logging_mixin.py:137} INFO - [2023-02-14T00:37:44.331+0000] {dag.py:3427} INFO - Setting next_dagrun for forex_data_pipeline to 2023-02-14T00:00:00+00:00, run_after=2023-02-15T00:00:00+00:00
[2023-02-14T00:37:44.353+0000] {processor.py:175} INFO - Processing /opt/airflow/dags/forex_data_pipeline.py took 0.284 seconds
[2023-02-14T00:38:14.729+0000] {processor.py:153} INFO - Started process (PID=651) to work on /opt/airflow/dags/forex_data_pipeline.py
[2023-02-14T00:38:14.731+0000] {processor.py:743} INFO - Processing file /opt/airflow/dags/forex_data_pipeline.py for tasks to queue
[2023-02-14T00:38:14.732+0000] {logging_mixin.py:137} INFO - [2023-02-14T00:38:14.732+0000] {dagbag.py:538} INFO - Filling up the DagBag from /opt/airflow/dags/forex_data_pipeline.py
[2023-02-14T00:38:14.952+0000] {processor.py:753} INFO - DAG(s) dict_keys(['forex_data_pipeline']) retrieved from /opt/airflow/dags/forex_data_pipeline.py
[2023-02-14T00:38:14.973+0000] {logging_mixin.py:137} INFO - [2023-02-14T00:38:14.972+0000] {dag.py:2676} INFO - Sync 1 DAGs
[2023-02-14T00:38:14.992+0000] {logging_mixin.py:137} INFO - [2023-02-14T00:38:14.992+0000] {dag.py:3427} INFO - Setting next_dagrun for forex_data_pipeline to 2023-02-14T00:00:00+00:00, run_after=2023-02-15T00:00:00+00:00
[2023-02-14T00:38:15.019+0000] {processor.py:175} INFO - Processing /opt/airflow/dags/forex_data_pipeline.py took 0.291 seconds
[2023-02-14T00:38:45.193+0000] {processor.py:153} INFO - Started process (PID=696) to work on /opt/airflow/dags/forex_data_pipeline.py
[2023-02-14T00:38:45.194+0000] {processor.py:743} INFO - Processing file /opt/airflow/dags/forex_data_pipeline.py for tasks to queue
[2023-02-14T00:38:45.195+0000] {logging_mixin.py:137} INFO - [2023-02-14T00:38:45.195+0000] {dagbag.py:538} INFO - Filling up the DagBag from /opt/airflow/dags/forex_data_pipeline.py
[2023-02-14T00:38:45.510+0000] {processor.py:753} INFO - DAG(s) dict_keys(['forex_data_pipeline']) retrieved from /opt/airflow/dags/forex_data_pipeline.py
[2023-02-14T00:38:45.539+0000] {logging_mixin.py:137} INFO - [2023-02-14T00:38:45.539+0000] {dag.py:2676} INFO - Sync 1 DAGs
[2023-02-14T00:38:45.570+0000] {logging_mixin.py:137} INFO - [2023-02-14T00:38:45.570+0000] {dag.py:3427} INFO - Setting next_dagrun for forex_data_pipeline to 2023-02-14T00:00:00+00:00, run_after=2023-02-15T00:00:00+00:00
[2023-02-14T00:38:45.602+0000] {processor.py:175} INFO - Processing /opt/airflow/dags/forex_data_pipeline.py took 0.411 seconds
[2023-02-14T00:39:15.898+0000] {processor.py:153} INFO - Started process (PID=760) to work on /opt/airflow/dags/forex_data_pipeline.py
[2023-02-14T00:39:15.900+0000] {processor.py:743} INFO - Processing file /opt/airflow/dags/forex_data_pipeline.py for tasks to queue
[2023-02-14T00:39:15.901+0000] {logging_mixin.py:137} INFO - [2023-02-14T00:39:15.900+0000] {dagbag.py:538} INFO - Filling up the DagBag from /opt/airflow/dags/forex_data_pipeline.py
[2023-02-14T00:39:16.138+0000] {processor.py:753} INFO - DAG(s) dict_keys(['forex_data_pipeline']) retrieved from /opt/airflow/dags/forex_data_pipeline.py
[2023-02-14T00:39:16.161+0000] {logging_mixin.py:137} INFO - [2023-02-14T00:39:16.160+0000] {dag.py:2676} INFO - Sync 1 DAGs
[2023-02-14T00:39:16.183+0000] {logging_mixin.py:137} INFO - [2023-02-14T00:39:16.183+0000] {dag.py:3427} INFO - Setting next_dagrun for forex_data_pipeline to 2023-02-14T00:00:00+00:00, run_after=2023-02-15T00:00:00+00:00
[2023-02-14T00:39:16.203+0000] {processor.py:175} INFO - Processing /opt/airflow/dags/forex_data_pipeline.py took 0.307 seconds
[2023-02-14T00:39:46.297+0000] {processor.py:153} INFO - Started process (PID=813) to work on /opt/airflow/dags/forex_data_pipeline.py
[2023-02-14T00:39:46.299+0000] {processor.py:743} INFO - Processing file /opt/airflow/dags/forex_data_pipeline.py for tasks to queue
[2023-02-14T00:39:46.299+0000] {logging_mixin.py:137} INFO - [2023-02-14T00:39:46.299+0000] {dagbag.py:538} INFO - Filling up the DagBag from /opt/airflow/dags/forex_data_pipeline.py
[2023-02-14T00:39:46.540+0000] {processor.py:753} INFO - DAG(s) dict_keys(['forex_data_pipeline']) retrieved from /opt/airflow/dags/forex_data_pipeline.py
[2023-02-14T00:39:46.573+0000] {logging_mixin.py:137} INFO - [2023-02-14T00:39:46.573+0000] {dag.py:2676} INFO - Sync 1 DAGs
[2023-02-14T00:39:46.613+0000] {logging_mixin.py:137} INFO - [2023-02-14T00:39:46.613+0000] {dag.py:3427} INFO - Setting next_dagrun for forex_data_pipeline to 2023-02-14T00:00:00+00:00, run_after=2023-02-15T00:00:00+00:00
[2023-02-14T00:39:46.656+0000] {processor.py:175} INFO - Processing /opt/airflow/dags/forex_data_pipeline.py took 0.361 seconds
[2023-02-14T00:40:16.866+0000] {processor.py:153} INFO - Started process (PID=868) to work on /opt/airflow/dags/forex_data_pipeline.py
[2023-02-14T00:40:16.868+0000] {processor.py:743} INFO - Processing file /opt/airflow/dags/forex_data_pipeline.py for tasks to queue
[2023-02-14T00:40:16.869+0000] {logging_mixin.py:137} INFO - [2023-02-14T00:40:16.868+0000] {dagbag.py:538} INFO - Filling up the DagBag from /opt/airflow/dags/forex_data_pipeline.py
[2023-02-14T00:40:17.091+0000] {processor.py:753} INFO - DAG(s) dict_keys(['forex_data_pipeline']) retrieved from /opt/airflow/dags/forex_data_pipeline.py
[2023-02-14T00:40:17.111+0000] {logging_mixin.py:137} INFO - [2023-02-14T00:40:17.111+0000] {dag.py:2676} INFO - Sync 1 DAGs
[2023-02-14T00:40:17.132+0000] {logging_mixin.py:137} INFO - [2023-02-14T00:40:17.132+0000] {dag.py:3427} INFO - Setting next_dagrun for forex_data_pipeline to 2023-02-14T00:00:00+00:00, run_after=2023-02-15T00:00:00+00:00
[2023-02-14T00:40:17.151+0000] {processor.py:175} INFO - Processing /opt/airflow/dags/forex_data_pipeline.py took 0.287 seconds
[2023-02-14T00:40:47.602+0000] {processor.py:153} INFO - Started process (PID=932) to work on /opt/airflow/dags/forex_data_pipeline.py
[2023-02-14T00:40:47.604+0000] {processor.py:743} INFO - Processing file /opt/airflow/dags/forex_data_pipeline.py for tasks to queue
[2023-02-14T00:40:47.605+0000] {logging_mixin.py:137} INFO - [2023-02-14T00:40:47.605+0000] {dagbag.py:538} INFO - Filling up the DagBag from /opt/airflow/dags/forex_data_pipeline.py
[2023-02-14T00:40:47.845+0000] {processor.py:753} INFO - DAG(s) dict_keys(['forex_data_pipeline']) retrieved from /opt/airflow/dags/forex_data_pipeline.py
[2023-02-14T00:40:47.868+0000] {logging_mixin.py:137} INFO - [2023-02-14T00:40:47.868+0000] {dag.py:2676} INFO - Sync 1 DAGs
[2023-02-14T00:40:47.890+0000] {logging_mixin.py:137} INFO - [2023-02-14T00:40:47.890+0000] {dag.py:3427} INFO - Setting next_dagrun for forex_data_pipeline to 2023-02-14T00:00:00+00:00, run_after=2023-02-15T00:00:00+00:00
[2023-02-14T00:40:47.913+0000] {processor.py:175} INFO - Processing /opt/airflow/dags/forex_data_pipeline.py took 0.312 seconds
[2023-02-14T00:41:18.067+0000] {processor.py:153} INFO - Started process (PID=976) to work on /opt/airflow/dags/forex_data_pipeline.py
[2023-02-14T00:41:18.070+0000] {processor.py:743} INFO - Processing file /opt/airflow/dags/forex_data_pipeline.py for tasks to queue
[2023-02-14T00:41:18.073+0000] {logging_mixin.py:137} INFO - [2023-02-14T00:41:18.073+0000] {dagbag.py:538} INFO - Filling up the DagBag from /opt/airflow/dags/forex_data_pipeline.py
[2023-02-14T00:41:18.345+0000] {processor.py:753} INFO - DAG(s) dict_keys(['forex_data_pipeline']) retrieved from /opt/airflow/dags/forex_data_pipeline.py
[2023-02-14T00:41:18.365+0000] {logging_mixin.py:137} INFO - [2023-02-14T00:41:18.364+0000] {dag.py:2676} INFO - Sync 1 DAGs
[2023-02-14T00:41:18.388+0000] {logging_mixin.py:137} INFO - [2023-02-14T00:41:18.388+0000] {dag.py:3427} INFO - Setting next_dagrun for forex_data_pipeline to 2023-02-14T00:00:00+00:00, run_after=2023-02-15T00:00:00+00:00
[2023-02-14T00:41:18.409+0000] {processor.py:175} INFO - Processing /opt/airflow/dags/forex_data_pipeline.py took 0.345 seconds
[2023-02-14T00:41:48.609+0000] {processor.py:153} INFO - Started process (PID=1040) to work on /opt/airflow/dags/forex_data_pipeline.py
[2023-02-14T00:41:48.610+0000] {processor.py:743} INFO - Processing file /opt/airflow/dags/forex_data_pipeline.py for tasks to queue
[2023-02-14T00:41:48.611+0000] {logging_mixin.py:137} INFO - [2023-02-14T00:41:48.611+0000] {dagbag.py:538} INFO - Filling up the DagBag from /opt/airflow/dags/forex_data_pipeline.py
[2023-02-14T00:41:48.836+0000] {processor.py:753} INFO - DAG(s) dict_keys(['forex_data_pipeline']) retrieved from /opt/airflow/dags/forex_data_pipeline.py
[2023-02-14T00:41:48.856+0000] {logging_mixin.py:137} INFO - [2023-02-14T00:41:48.856+0000] {dag.py:2676} INFO - Sync 1 DAGs
[2023-02-14T00:41:48.876+0000] {logging_mixin.py:137} INFO - [2023-02-14T00:41:48.875+0000] {dag.py:3427} INFO - Setting next_dagrun for forex_data_pipeline to 2023-02-14T00:00:00+00:00, run_after=2023-02-15T00:00:00+00:00
[2023-02-14T00:41:48.893+0000] {processor.py:175} INFO - Processing /opt/airflow/dags/forex_data_pipeline.py took 0.287 seconds
[2023-02-14T00:42:19.147+0000] {processor.py:153} INFO - Started process (PID=1084) to work on /opt/airflow/dags/forex_data_pipeline.py
[2023-02-14T00:42:19.148+0000] {processor.py:743} INFO - Processing file /opt/airflow/dags/forex_data_pipeline.py for tasks to queue
[2023-02-14T00:42:19.149+0000] {logging_mixin.py:137} INFO - [2023-02-14T00:42:19.149+0000] {dagbag.py:538} INFO - Filling up the DagBag from /opt/airflow/dags/forex_data_pipeline.py
[2023-02-14T00:42:19.384+0000] {processor.py:753} INFO - DAG(s) dict_keys(['forex_data_pipeline']) retrieved from /opt/airflow/dags/forex_data_pipeline.py
[2023-02-14T00:42:19.406+0000] {logging_mixin.py:137} INFO - [2023-02-14T00:42:19.406+0000] {dag.py:2676} INFO - Sync 1 DAGs
[2023-02-14T00:42:19.428+0000] {logging_mixin.py:137} INFO - [2023-02-14T00:42:19.428+0000] {dag.py:3427} INFO - Setting next_dagrun for forex_data_pipeline to 2023-02-14T00:00:00+00:00, run_after=2023-02-15T00:00:00+00:00
[2023-02-14T00:42:19.454+0000] {processor.py:175} INFO - Processing /opt/airflow/dags/forex_data_pipeline.py took 0.309 seconds
[2023-02-14T00:42:50.230+0000] {processor.py:153} INFO - Started process (PID=1147) to work on /opt/airflow/dags/forex_data_pipeline.py
[2023-02-14T00:42:50.233+0000] {processor.py:743} INFO - Processing file /opt/airflow/dags/forex_data_pipeline.py for tasks to queue
[2023-02-14T00:42:50.234+0000] {logging_mixin.py:137} INFO - [2023-02-14T00:42:50.234+0000] {dagbag.py:538} INFO - Filling up the DagBag from /opt/airflow/dags/forex_data_pipeline.py
[2023-02-14T00:42:50.491+0000] {processor.py:753} INFO - DAG(s) dict_keys(['forex_data_pipeline']) retrieved from /opt/airflow/dags/forex_data_pipeline.py
[2023-02-14T00:42:50.516+0000] {logging_mixin.py:137} INFO - [2023-02-14T00:42:50.516+0000] {dag.py:2676} INFO - Sync 1 DAGs
[2023-02-14T00:42:50.543+0000] {logging_mixin.py:137} INFO - [2023-02-14T00:42:50.543+0000] {dag.py:3427} INFO - Setting next_dagrun for forex_data_pipeline to 2023-02-14T00:00:00+00:00, run_after=2023-02-15T00:00:00+00:00
[2023-02-14T00:42:50.570+0000] {processor.py:175} INFO - Processing /opt/airflow/dags/forex_data_pipeline.py took 0.342 seconds
[2023-02-14T00:43:21.111+0000] {processor.py:153} INFO - Started process (PID=1211) to work on /opt/airflow/dags/forex_data_pipeline.py
[2023-02-14T00:43:21.114+0000] {processor.py:743} INFO - Processing file /opt/airflow/dags/forex_data_pipeline.py for tasks to queue
[2023-02-14T00:43:21.115+0000] {logging_mixin.py:137} INFO - [2023-02-14T00:43:21.115+0000] {dagbag.py:538} INFO - Filling up the DagBag from /opt/airflow/dags/forex_data_pipeline.py
[2023-02-14T00:43:21.405+0000] {processor.py:753} INFO - DAG(s) dict_keys(['forex_data_pipeline']) retrieved from /opt/airflow/dags/forex_data_pipeline.py
[2023-02-14T00:43:21.428+0000] {logging_mixin.py:137} INFO - [2023-02-14T00:43:21.428+0000] {dag.py:2676} INFO - Sync 1 DAGs
[2023-02-14T00:43:21.454+0000] {logging_mixin.py:137} INFO - [2023-02-14T00:43:21.454+0000] {dag.py:3427} INFO - Setting next_dagrun for forex_data_pipeline to 2023-02-14T00:00:00+00:00, run_after=2023-02-15T00:00:00+00:00
[2023-02-14T00:43:21.477+0000] {processor.py:175} INFO - Processing /opt/airflow/dags/forex_data_pipeline.py took 0.368 seconds
[2023-02-14T00:43:51.564+0000] {processor.py:153} INFO - Started process (PID=1255) to work on /opt/airflow/dags/forex_data_pipeline.py
[2023-02-14T00:43:51.565+0000] {processor.py:743} INFO - Processing file /opt/airflow/dags/forex_data_pipeline.py for tasks to queue
[2023-02-14T00:43:51.566+0000] {logging_mixin.py:137} INFO - [2023-02-14T00:43:51.566+0000] {dagbag.py:538} INFO - Filling up the DagBag from /opt/airflow/dags/forex_data_pipeline.py
[2023-02-14T00:43:51.790+0000] {processor.py:753} INFO - DAG(s) dict_keys(['forex_data_pipeline']) retrieved from /opt/airflow/dags/forex_data_pipeline.py
[2023-02-14T00:43:51.811+0000] {logging_mixin.py:137} INFO - [2023-02-14T00:43:51.811+0000] {dag.py:2676} INFO - Sync 1 DAGs
[2023-02-14T00:43:51.833+0000] {logging_mixin.py:137} INFO - [2023-02-14T00:43:51.833+0000] {dag.py:3427} INFO - Setting next_dagrun for forex_data_pipeline to 2023-02-14T00:00:00+00:00, run_after=2023-02-15T00:00:00+00:00
[2023-02-14T00:43:51.852+0000] {processor.py:175} INFO - Processing /opt/airflow/dags/forex_data_pipeline.py took 0.290 seconds
[2023-02-14T00:44:22.159+0000] {processor.py:153} INFO - Started process (PID=1319) to work on /opt/airflow/dags/forex_data_pipeline.py
[2023-02-14T00:44:22.164+0000] {processor.py:743} INFO - Processing file /opt/airflow/dags/forex_data_pipeline.py for tasks to queue
[2023-02-14T00:44:22.166+0000] {logging_mixin.py:137} INFO - [2023-02-14T00:44:22.166+0000] {dagbag.py:538} INFO - Filling up the DagBag from /opt/airflow/dags/forex_data_pipeline.py
[2023-02-14T00:44:22.458+0000] {processor.py:753} INFO - DAG(s) dict_keys(['forex_data_pipeline']) retrieved from /opt/airflow/dags/forex_data_pipeline.py
[2023-02-14T00:44:22.480+0000] {logging_mixin.py:137} INFO - [2023-02-14T00:44:22.480+0000] {dag.py:2676} INFO - Sync 1 DAGs
[2023-02-14T00:44:22.512+0000] {logging_mixin.py:137} INFO - [2023-02-14T00:44:22.511+0000] {dag.py:3427} INFO - Setting next_dagrun for forex_data_pipeline to 2023-02-14T00:00:00+00:00, run_after=2023-02-15T00:00:00+00:00
[2023-02-14T00:44:22.536+0000] {processor.py:175} INFO - Processing /opt/airflow/dags/forex_data_pipeline.py took 0.379 seconds
[2023-02-14T00:44:52.669+0000] {processor.py:153} INFO - Started process (PID=1363) to work on /opt/airflow/dags/forex_data_pipeline.py
[2023-02-14T00:44:52.671+0000] {processor.py:743} INFO - Processing file /opt/airflow/dags/forex_data_pipeline.py for tasks to queue
[2023-02-14T00:44:52.672+0000] {logging_mixin.py:137} INFO - [2023-02-14T00:44:52.672+0000] {dagbag.py:538} INFO - Filling up the DagBag from /opt/airflow/dags/forex_data_pipeline.py
[2023-02-14T00:44:52.906+0000] {processor.py:753} INFO - DAG(s) dict_keys(['forex_data_pipeline']) retrieved from /opt/airflow/dags/forex_data_pipeline.py
[2023-02-14T00:44:52.926+0000] {logging_mixin.py:137} INFO - [2023-02-14T00:44:52.926+0000] {dag.py:2676} INFO - Sync 1 DAGs
[2023-02-14T00:44:52.945+0000] {logging_mixin.py:137} INFO - [2023-02-14T00:44:52.945+0000] {dag.py:3427} INFO - Setting next_dagrun for forex_data_pipeline to 2023-02-14T00:00:00+00:00, run_after=2023-02-15T00:00:00+00:00
[2023-02-14T00:44:52.964+0000] {processor.py:175} INFO - Processing /opt/airflow/dags/forex_data_pipeline.py took 0.297 seconds
[2023-02-14T00:45:23.121+0000] {processor.py:153} INFO - Started process (PID=1427) to work on /opt/airflow/dags/forex_data_pipeline.py
[2023-02-14T00:45:23.124+0000] {processor.py:743} INFO - Processing file /opt/airflow/dags/forex_data_pipeline.py for tasks to queue
[2023-02-14T00:45:23.125+0000] {logging_mixin.py:137} INFO - [2023-02-14T00:45:23.125+0000] {dagbag.py:538} INFO - Filling up the DagBag from /opt/airflow/dags/forex_data_pipeline.py
[2023-02-14T00:45:23.414+0000] {processor.py:753} INFO - DAG(s) dict_keys(['forex_data_pipeline']) retrieved from /opt/airflow/dags/forex_data_pipeline.py
[2023-02-14T00:45:23.437+0000] {logging_mixin.py:137} INFO - [2023-02-14T00:45:23.437+0000] {dag.py:2676} INFO - Sync 1 DAGs
[2023-02-14T00:45:23.460+0000] {logging_mixin.py:137} INFO - [2023-02-14T00:45:23.460+0000] {dag.py:3427} INFO - Setting next_dagrun for forex_data_pipeline to 2023-02-14T00:00:00+00:00, run_after=2023-02-15T00:00:00+00:00
[2023-02-14T00:45:23.480+0000] {processor.py:175} INFO - Processing /opt/airflow/dags/forex_data_pipeline.py took 0.363 seconds
[2023-02-14T00:45:53.776+0000] {processor.py:153} INFO - Started process (PID=1471) to work on /opt/airflow/dags/forex_data_pipeline.py
[2023-02-14T00:45:53.777+0000] {processor.py:743} INFO - Processing file /opt/airflow/dags/forex_data_pipeline.py for tasks to queue
[2023-02-14T00:45:53.778+0000] {logging_mixin.py:137} INFO - [2023-02-14T00:45:53.778+0000] {dagbag.py:538} INFO - Filling up the DagBag from /opt/airflow/dags/forex_data_pipeline.py
[2023-02-14T00:45:54.016+0000] {processor.py:753} INFO - DAG(s) dict_keys(['forex_data_pipeline']) retrieved from /opt/airflow/dags/forex_data_pipeline.py
[2023-02-14T00:45:54.045+0000] {logging_mixin.py:137} INFO - [2023-02-14T00:45:54.044+0000] {dag.py:2676} INFO - Sync 1 DAGs
[2023-02-14T00:45:54.069+0000] {logging_mixin.py:137} INFO - [2023-02-14T00:45:54.069+0000] {dag.py:3427} INFO - Setting next_dagrun for forex_data_pipeline to 2023-02-14T00:00:00+00:00, run_after=2023-02-15T00:00:00+00:00
[2023-02-14T00:45:54.093+0000] {processor.py:175} INFO - Processing /opt/airflow/dags/forex_data_pipeline.py took 0.320 seconds
[2023-02-14T00:46:24.228+0000] {processor.py:153} INFO - Started process (PID=1535) to work on /opt/airflow/dags/forex_data_pipeline.py
[2023-02-14T00:46:24.229+0000] {processor.py:743} INFO - Processing file /opt/airflow/dags/forex_data_pipeline.py for tasks to queue
[2023-02-14T00:46:24.230+0000] {logging_mixin.py:137} INFO - [2023-02-14T00:46:24.230+0000] {dagbag.py:538} INFO - Filling up the DagBag from /opt/airflow/dags/forex_data_pipeline.py
[2023-02-14T00:46:24.468+0000] {processor.py:753} INFO - DAG(s) dict_keys(['forex_data_pipeline']) retrieved from /opt/airflow/dags/forex_data_pipeline.py
[2023-02-14T00:46:24.491+0000] {logging_mixin.py:137} INFO - [2023-02-14T00:46:24.490+0000] {dag.py:2676} INFO - Sync 1 DAGs
[2023-02-14T00:46:24.516+0000] {logging_mixin.py:137} INFO - [2023-02-14T00:46:24.515+0000] {dag.py:3427} INFO - Setting next_dagrun for forex_data_pipeline to 2023-02-14T00:00:00+00:00, run_after=2023-02-15T00:00:00+00:00
[2023-02-14T00:46:24.535+0000] {processor.py:175} INFO - Processing /opt/airflow/dags/forex_data_pipeline.py took 0.309 seconds
[2023-02-14T00:46:54.833+0000] {processor.py:153} INFO - Started process (PID=1599) to work on /opt/airflow/dags/forex_data_pipeline.py
[2023-02-14T00:46:54.834+0000] {processor.py:743} INFO - Processing file /opt/airflow/dags/forex_data_pipeline.py for tasks to queue
[2023-02-14T00:46:54.835+0000] {logging_mixin.py:137} INFO - [2023-02-14T00:46:54.835+0000] {dagbag.py:538} INFO - Filling up the DagBag from /opt/airflow/dags/forex_data_pipeline.py
[2023-02-14T00:46:55.081+0000] {processor.py:753} INFO - DAG(s) dict_keys(['forex_data_pipeline']) retrieved from /opt/airflow/dags/forex_data_pipeline.py
[2023-02-14T00:46:55.104+0000] {logging_mixin.py:137} INFO - [2023-02-14T00:46:55.104+0000] {dag.py:2676} INFO - Sync 1 DAGs
[2023-02-14T00:46:55.129+0000] {logging_mixin.py:137} INFO - [2023-02-14T00:46:55.129+0000] {dag.py:3427} INFO - Setting next_dagrun for forex_data_pipeline to 2023-02-14T00:00:00+00:00, run_after=2023-02-15T00:00:00+00:00
[2023-02-14T00:46:55.155+0000] {processor.py:175} INFO - Processing /opt/airflow/dags/forex_data_pipeline.py took 0.325 seconds
[2023-02-14T00:47:25.410+0000] {processor.py:153} INFO - Started process (PID=1644) to work on /opt/airflow/dags/forex_data_pipeline.py
[2023-02-14T00:47:25.412+0000] {processor.py:743} INFO - Processing file /opt/airflow/dags/forex_data_pipeline.py for tasks to queue
[2023-02-14T00:47:25.412+0000] {logging_mixin.py:137} INFO - [2023-02-14T00:47:25.412+0000] {dagbag.py:538} INFO - Filling up the DagBag from /opt/airflow/dags/forex_data_pipeline.py
[2023-02-14T00:47:25.653+0000] {processor.py:753} INFO - DAG(s) dict_keys(['forex_data_pipeline']) retrieved from /opt/airflow/dags/forex_data_pipeline.py
[2023-02-14T00:47:25.673+0000] {logging_mixin.py:137} INFO - [2023-02-14T00:47:25.673+0000] {dag.py:2676} INFO - Sync 1 DAGs
[2023-02-14T00:47:25.693+0000] {logging_mixin.py:137} INFO - [2023-02-14T00:47:25.693+0000] {dag.py:3427} INFO - Setting next_dagrun for forex_data_pipeline to 2023-02-14T00:00:00+00:00, run_after=2023-02-15T00:00:00+00:00
[2023-02-14T00:47:25.716+0000] {processor.py:175} INFO - Processing /opt/airflow/dags/forex_data_pipeline.py took 0.308 seconds
[2023-02-14T00:47:56.282+0000] {processor.py:153} INFO - Started process (PID=1708) to work on /opt/airflow/dags/forex_data_pipeline.py
[2023-02-14T00:47:56.283+0000] {processor.py:743} INFO - Processing file /opt/airflow/dags/forex_data_pipeline.py for tasks to queue
[2023-02-14T00:47:56.284+0000] {logging_mixin.py:137} INFO - [2023-02-14T00:47:56.284+0000] {dagbag.py:538} INFO - Filling up the DagBag from /opt/airflow/dags/forex_data_pipeline.py
[2023-02-14T00:47:56.511+0000] {processor.py:753} INFO - DAG(s) dict_keys(['forex_data_pipeline']) retrieved from /opt/airflow/dags/forex_data_pipeline.py
[2023-02-14T00:47:56.530+0000] {logging_mixin.py:137} INFO - [2023-02-14T00:47:56.530+0000] {dag.py:2676} INFO - Sync 1 DAGs
[2023-02-14T00:47:56.549+0000] {logging_mixin.py:137} INFO - [2023-02-14T00:47:56.549+0000] {dag.py:3427} INFO - Setting next_dagrun for forex_data_pipeline to 2023-02-14T00:00:00+00:00, run_after=2023-02-15T00:00:00+00:00
[2023-02-14T00:47:56.570+0000] {processor.py:175} INFO - Processing /opt/airflow/dags/forex_data_pipeline.py took 0.290 seconds
[2023-02-14T00:48:27.344+0000] {processor.py:153} INFO - Started process (PID=1752) to work on /opt/airflow/dags/forex_data_pipeline.py
[2023-02-14T00:48:27.346+0000] {processor.py:743} INFO - Processing file /opt/airflow/dags/forex_data_pipeline.py for tasks to queue
[2023-02-14T00:48:27.347+0000] {logging_mixin.py:137} INFO - [2023-02-14T00:48:27.347+0000] {dagbag.py:538} INFO - Filling up the DagBag from /opt/airflow/dags/forex_data_pipeline.py
[2023-02-14T00:48:27.578+0000] {processor.py:753} INFO - DAG(s) dict_keys(['forex_data_pipeline']) retrieved from /opt/airflow/dags/forex_data_pipeline.py
[2023-02-14T00:48:27.598+0000] {logging_mixin.py:137} INFO - [2023-02-14T00:48:27.598+0000] {dag.py:2676} INFO - Sync 1 DAGs
[2023-02-14T00:48:27.617+0000] {logging_mixin.py:137} INFO - [2023-02-14T00:48:27.617+0000] {dag.py:3427} INFO - Setting next_dagrun for forex_data_pipeline to 2023-02-14T00:00:00+00:00, run_after=2023-02-15T00:00:00+00:00
[2023-02-14T00:48:27.641+0000] {processor.py:175} INFO - Processing /opt/airflow/dags/forex_data_pipeline.py took 0.298 seconds
[2023-02-14T00:48:57.777+0000] {processor.py:153} INFO - Started process (PID=1816) to work on /opt/airflow/dags/forex_data_pipeline.py
[2023-02-14T00:48:57.784+0000] {processor.py:743} INFO - Processing file /opt/airflow/dags/forex_data_pipeline.py for tasks to queue
[2023-02-14T00:48:57.785+0000] {logging_mixin.py:137} INFO - [2023-02-14T00:48:57.785+0000] {dagbag.py:538} INFO - Filling up the DagBag from /opt/airflow/dags/forex_data_pipeline.py
[2023-02-14T00:48:58.058+0000] {processor.py:753} INFO - DAG(s) dict_keys(['forex_data_pipeline']) retrieved from /opt/airflow/dags/forex_data_pipeline.py
[2023-02-14T00:48:58.081+0000] {logging_mixin.py:137} INFO - [2023-02-14T00:48:58.080+0000] {dag.py:2676} INFO - Sync 1 DAGs
[2023-02-14T00:48:58.103+0000] {logging_mixin.py:137} INFO - [2023-02-14T00:48:58.102+0000] {dag.py:3427} INFO - Setting next_dagrun for forex_data_pipeline to 2023-02-14T00:00:00+00:00, run_after=2023-02-15T00:00:00+00:00
[2023-02-14T00:48:58.129+0000] {processor.py:175} INFO - Processing /opt/airflow/dags/forex_data_pipeline.py took 0.355 seconds
[2023-02-14T00:49:28.353+0000] {processor.py:153} INFO - Started process (PID=1860) to work on /opt/airflow/dags/forex_data_pipeline.py
[2023-02-14T00:49:28.356+0000] {processor.py:743} INFO - Processing file /opt/airflow/dags/forex_data_pipeline.py for tasks to queue
[2023-02-14T00:49:28.357+0000] {logging_mixin.py:137} INFO - [2023-02-14T00:49:28.357+0000] {dagbag.py:538} INFO - Filling up the DagBag from /opt/airflow/dags/forex_data_pipeline.py
[2023-02-14T00:49:28.606+0000] {processor.py:753} INFO - DAG(s) dict_keys(['forex_data_pipeline']) retrieved from /opt/airflow/dags/forex_data_pipeline.py
[2023-02-14T00:49:28.631+0000] {logging_mixin.py:137} INFO - [2023-02-14T00:49:28.630+0000] {dag.py:2676} INFO - Sync 1 DAGs
[2023-02-14T00:49:28.657+0000] {logging_mixin.py:137} INFO - [2023-02-14T00:49:28.657+0000] {dag.py:3427} INFO - Setting next_dagrun for forex_data_pipeline to 2023-02-14T00:00:00+00:00, run_after=2023-02-15T00:00:00+00:00
[2023-02-14T00:49:28.680+0000] {processor.py:175} INFO - Processing /opt/airflow/dags/forex_data_pipeline.py took 0.329 seconds
[2023-02-14T00:49:58.869+0000] {processor.py:153} INFO - Started process (PID=1924) to work on /opt/airflow/dags/forex_data_pipeline.py
[2023-02-14T00:49:58.871+0000] {processor.py:743} INFO - Processing file /opt/airflow/dags/forex_data_pipeline.py for tasks to queue
[2023-02-14T00:49:58.871+0000] {logging_mixin.py:137} INFO - [2023-02-14T00:49:58.871+0000] {dagbag.py:538} INFO - Filling up the DagBag from /opt/airflow/dags/forex_data_pipeline.py
[2023-02-14T00:49:59.116+0000] {processor.py:753} INFO - DAG(s) dict_keys(['forex_data_pipeline']) retrieved from /opt/airflow/dags/forex_data_pipeline.py
[2023-02-14T00:49:59.137+0000] {logging_mixin.py:137} INFO - [2023-02-14T00:49:59.137+0000] {dag.py:2676} INFO - Sync 1 DAGs
[2023-02-14T00:49:59.159+0000] {logging_mixin.py:137} INFO - [2023-02-14T00:49:59.159+0000] {dag.py:3427} INFO - Setting next_dagrun for forex_data_pipeline to 2023-02-14T00:00:00+00:00, run_after=2023-02-15T00:00:00+00:00
[2023-02-14T00:49:59.181+0000] {processor.py:175} INFO - Processing /opt/airflow/dags/forex_data_pipeline.py took 0.314 seconds
[2023-02-14T00:50:29.478+0000] {processor.py:153} INFO - Started process (PID=1977) to work on /opt/airflow/dags/forex_data_pipeline.py
[2023-02-14T00:50:29.480+0000] {processor.py:743} INFO - Processing file /opt/airflow/dags/forex_data_pipeline.py for tasks to queue
[2023-02-14T00:50:29.481+0000] {logging_mixin.py:137} INFO - [2023-02-14T00:50:29.481+0000] {dagbag.py:538} INFO - Filling up the DagBag from /opt/airflow/dags/forex_data_pipeline.py
[2023-02-14T00:50:29.745+0000] {processor.py:753} INFO - DAG(s) dict_keys(['forex_data_pipeline']) retrieved from /opt/airflow/dags/forex_data_pipeline.py
[2023-02-14T00:50:29.767+0000] {logging_mixin.py:137} INFO - [2023-02-14T00:50:29.766+0000] {dag.py:2676} INFO - Sync 1 DAGs
[2023-02-14T00:50:29.788+0000] {logging_mixin.py:137} INFO - [2023-02-14T00:50:29.788+0000] {dag.py:3427} INFO - Setting next_dagrun for forex_data_pipeline to 2023-02-14T00:00:00+00:00, run_after=2023-02-15T00:00:00+00:00
[2023-02-14T00:50:29.808+0000] {processor.py:175} INFO - Processing /opt/airflow/dags/forex_data_pipeline.py took 0.333 seconds
[2023-02-14T00:51:00.003+0000] {processor.py:153} INFO - Started process (PID=2032) to work on /opt/airflow/dags/forex_data_pipeline.py
[2023-02-14T00:51:00.005+0000] {processor.py:743} INFO - Processing file /opt/airflow/dags/forex_data_pipeline.py for tasks to queue
[2023-02-14T00:51:00.006+0000] {logging_mixin.py:137} INFO - [2023-02-14T00:51:00.006+0000] {dagbag.py:538} INFO - Filling up the DagBag from /opt/airflow/dags/forex_data_pipeline.py
[2023-02-14T00:51:00.256+0000] {processor.py:753} INFO - DAG(s) dict_keys(['forex_data_pipeline']) retrieved from /opt/airflow/dags/forex_data_pipeline.py
[2023-02-14T00:51:00.277+0000] {logging_mixin.py:137} INFO - [2023-02-14T00:51:00.277+0000] {dag.py:2676} INFO - Sync 1 DAGs
[2023-02-14T00:51:00.298+0000] {logging_mixin.py:137} INFO - [2023-02-14T00:51:00.298+0000] {dag.py:3427} INFO - Setting next_dagrun for forex_data_pipeline to 2023-02-14T00:00:00+00:00, run_after=2023-02-15T00:00:00+00:00
[2023-02-14T00:51:00.321+0000] {processor.py:175} INFO - Processing /opt/airflow/dags/forex_data_pipeline.py took 0.320 seconds
[2023-02-14T00:51:30.602+0000] {processor.py:153} INFO - Started process (PID=2096) to work on /opt/airflow/dags/forex_data_pipeline.py
[2023-02-14T00:51:30.604+0000] {processor.py:743} INFO - Processing file /opt/airflow/dags/forex_data_pipeline.py for tasks to queue
[2023-02-14T00:51:30.605+0000] {logging_mixin.py:137} INFO - [2023-02-14T00:51:30.605+0000] {dagbag.py:538} INFO - Filling up the DagBag from /opt/airflow/dags/forex_data_pipeline.py
[2023-02-14T00:51:30.873+0000] {processor.py:753} INFO - DAG(s) dict_keys(['forex_data_pipeline']) retrieved from /opt/airflow/dags/forex_data_pipeline.py
[2023-02-14T00:51:30.893+0000] {logging_mixin.py:137} INFO - [2023-02-14T00:51:30.893+0000] {dag.py:2676} INFO - Sync 1 DAGs
[2023-02-14T00:51:30.913+0000] {logging_mixin.py:137} INFO - [2023-02-14T00:51:30.913+0000] {dag.py:3427} INFO - Setting next_dagrun for forex_data_pipeline to 2023-02-14T00:00:00+00:00, run_after=2023-02-15T00:00:00+00:00
[2023-02-14T00:51:30.933+0000] {processor.py:175} INFO - Processing /opt/airflow/dags/forex_data_pipeline.py took 0.334 seconds
[2023-02-14T00:52:01.080+0000] {processor.py:153} INFO - Started process (PID=2141) to work on /opt/airflow/dags/forex_data_pipeline.py
[2023-02-14T00:52:01.082+0000] {processor.py:743} INFO - Processing file /opt/airflow/dags/forex_data_pipeline.py for tasks to queue
[2023-02-14T00:52:01.083+0000] {logging_mixin.py:137} INFO - [2023-02-14T00:52:01.083+0000] {dagbag.py:538} INFO - Filling up the DagBag from /opt/airflow/dags/forex_data_pipeline.py
[2023-02-14T00:52:01.367+0000] {processor.py:753} INFO - DAG(s) dict_keys(['forex_data_pipeline']) retrieved from /opt/airflow/dags/forex_data_pipeline.py
[2023-02-14T00:52:01.389+0000] {logging_mixin.py:137} INFO - [2023-02-14T00:52:01.388+0000] {dag.py:2676} INFO - Sync 1 DAGs
[2023-02-14T00:52:01.410+0000] {logging_mixin.py:137} INFO - [2023-02-14T00:52:01.410+0000] {dag.py:3427} INFO - Setting next_dagrun for forex_data_pipeline to 2023-02-14T00:00:00+00:00, run_after=2023-02-15T00:00:00+00:00
[2023-02-14T00:52:01.434+0000] {processor.py:175} INFO - Processing /opt/airflow/dags/forex_data_pipeline.py took 0.356 seconds
[2023-02-14T00:52:31.669+0000] {processor.py:153} INFO - Started process (PID=2205) to work on /opt/airflow/dags/forex_data_pipeline.py
[2023-02-14T00:52:31.671+0000] {processor.py:743} INFO - Processing file /opt/airflow/dags/forex_data_pipeline.py for tasks to queue
[2023-02-14T00:52:31.672+0000] {logging_mixin.py:137} INFO - [2023-02-14T00:52:31.672+0000] {dagbag.py:538} INFO - Filling up the DagBag from /opt/airflow/dags/forex_data_pipeline.py
[2023-02-14T00:52:31.939+0000] {processor.py:753} INFO - DAG(s) dict_keys(['forex_data_pipeline']) retrieved from /opt/airflow/dags/forex_data_pipeline.py
[2023-02-14T00:52:31.961+0000] {logging_mixin.py:137} INFO - [2023-02-14T00:52:31.960+0000] {dag.py:2676} INFO - Sync 1 DAGs
[2023-02-14T00:52:31.985+0000] {logging_mixin.py:137} INFO - [2023-02-14T00:52:31.985+0000] {dag.py:3427} INFO - Setting next_dagrun for forex_data_pipeline to 2023-02-14T00:00:00+00:00, run_after=2023-02-15T00:00:00+00:00
[2023-02-14T00:52:32.006+0000] {processor.py:175} INFO - Processing /opt/airflow/dags/forex_data_pipeline.py took 0.339 seconds
