[2022-11-16T00:32:04.754+0000] {taskinstance.py:1165} INFO - Dependencies all met for <TaskInstance: forex_data_pipeline.process_json_file scheduled__2022-11-15T00:00:00+00:00 [queued]>
[2022-11-16T00:32:04.766+0000] {taskinstance.py:1165} INFO - Dependencies all met for <TaskInstance: forex_data_pipeline.process_json_file scheduled__2022-11-15T00:00:00+00:00 [queued]>
[2022-11-16T00:32:04.767+0000] {taskinstance.py:1362} INFO - 
--------------------------------------------------------------------------------
[2022-11-16T00:32:04.767+0000] {taskinstance.py:1363} INFO - Starting attempt 1 of 3
[2022-11-16T00:32:04.768+0000] {taskinstance.py:1364} INFO - 
--------------------------------------------------------------------------------
[2022-11-16T00:32:04.780+0000] {taskinstance.py:1383} INFO - Executing <Task(PythonOperator): process_json_file> on 2022-11-15 00:00:00+00:00
[2022-11-16T00:32:04.784+0000] {standard_task_runner.py:54} INFO - Started process 78 to run task
[2022-11-16T00:32:04.786+0000] {standard_task_runner.py:82} INFO - Running: ['***', 'tasks', 'run', 'forex_data_pipeline', 'process_json_file', 'scheduled__2022-11-15T00:00:00+00:00', '--job-id', '155', '--raw', '--subdir', 'DAGS_FOLDER/forex_data_pipeline.py', '--cfg-path', '/tmp/tmpq6vsi0z9']
[2022-11-16T00:32:04.787+0000] {standard_task_runner.py:83} INFO - Job 155: Subtask process_json_file
[2022-11-16T00:32:04.788+0000] {dagbag.py:525} INFO - Filling up the DagBag from /opt/***/dags/forex_data_pipeline.py
[2022-11-16T00:32:05.119+0000] {task_command.py:384} INFO - Running <TaskInstance: forex_data_pipeline.process_json_file scheduled__2022-11-15T00:00:00+00:00 [running]> on host 9cbdb5013874
[2022-11-16T00:32:05.176+0000] {taskinstance.py:1592} INFO - Exporting the following env vars:
AIRFLOW_CTX_DAG_EMAIL=juanfelipehdezm@gmail.com
AIRFLOW_CTX_DAG_OWNER=felipehdez
AIRFLOW_CTX_DAG_ID=forex_data_pipeline
AIRFLOW_CTX_TASK_ID=process_json_file
AIRFLOW_CTX_EXECUTION_DATE=2022-11-15T00:00:00+00:00
AIRFLOW_CTX_TRY_NUMBER=1
AIRFLOW_CTX_DAG_RUN_ID=scheduled__2022-11-15T00:00:00+00:00
[2022-11-16T00:32:05.214+0000] {python.py:177} INFO - Done. Returned value was: None
[2022-11-16T00:32:05.223+0000] {taskinstance.py:1406} INFO - Marking task as SUCCESS. dag_id=forex_data_pipeline, task_id=process_json_file, execution_date=20221115T000000, start_date=20221116T003204, end_date=20221116T003205
[2022-11-16T00:32:05.280+0000] {local_task_job.py:164} INFO - Task exited with return code 0
[2022-11-16T00:32:05.299+0000] {local_task_job.py:273} INFO - 1 downstream tasks scheduled from follow-on schedule check
