[2022-11-16T00:31:52.304+0000] {processor.py:156} INFO - Started process (PID=41) to work on /opt/airflow/dags/forex_data_pipeline.py
[2022-11-16T00:31:52.306+0000] {processor.py:758} INFO - Processing file /opt/airflow/dags/forex_data_pipeline.py for tasks to queue
[2022-11-16T00:31:52.308+0000] {logging_mixin.py:117} INFO - [2022-11-16T00:31:52.308+0000] {dagbag.py:525} INFO - Filling up the DagBag from /opt/airflow/dags/forex_data_pipeline.py
[2022-11-16T00:31:53.080+0000] {processor.py:768} INFO - DAG(s) dict_keys(['forex_data_pipeline']) retrieved from /opt/airflow/dags/forex_data_pipeline.py
[2022-11-16T00:31:53.321+0000] {logging_mixin.py:117} INFO - [2022-11-16T00:31:53.320+0000] {dag.py:2573} INFO - Sync 1 DAGs
[2022-11-16T00:31:53.357+0000] {logging_mixin.py:117} INFO - [2022-11-16T00:31:53.356+0000] {dag.py:3328} INFO - Setting next_dagrun for forex_data_pipeline to 2022-11-15T00:00:00+00:00, run_after=2022-11-16T00:00:00+00:00
[2022-11-16T00:31:53.410+0000] {processor.py:178} INFO - Processing /opt/airflow/dags/forex_data_pipeline.py took 1.108 seconds
[2022-11-16T00:32:23.527+0000] {processor.py:156} INFO - Started process (PID=75) to work on /opt/airflow/dags/forex_data_pipeline.py
[2022-11-16T00:32:23.529+0000] {processor.py:758} INFO - Processing file /opt/airflow/dags/forex_data_pipeline.py for tasks to queue
[2022-11-16T00:32:23.530+0000] {logging_mixin.py:117} INFO - [2022-11-16T00:32:23.530+0000] {dagbag.py:525} INFO - Filling up the DagBag from /opt/airflow/dags/forex_data_pipeline.py
[2022-11-16T00:32:23.885+0000] {processor.py:768} INFO - DAG(s) dict_keys(['forex_data_pipeline']) retrieved from /opt/airflow/dags/forex_data_pipeline.py
[2022-11-16T00:32:24.013+0000] {logging_mixin.py:117} INFO - [2022-11-16T00:32:24.012+0000] {dag.py:2573} INFO - Sync 1 DAGs
[2022-11-16T00:32:24.037+0000] {logging_mixin.py:117} INFO - [2022-11-16T00:32:24.037+0000] {dag.py:3328} INFO - Setting next_dagrun for forex_data_pipeline to 2022-11-16T00:00:00+00:00, run_after=2022-11-17T00:00:00+00:00
[2022-11-16T00:32:24.063+0000] {processor.py:178} INFO - Processing /opt/airflow/dags/forex_data_pipeline.py took 0.538 seconds
[2022-11-16T00:32:52.867+0000] {processor.py:156} INFO - Started process (PID=95) to work on /opt/airflow/dags/forex_data_pipeline.py
[2022-11-16T00:32:52.869+0000] {processor.py:758} INFO - Processing file /opt/airflow/dags/forex_data_pipeline.py for tasks to queue
[2022-11-16T00:32:52.870+0000] {logging_mixin.py:117} INFO - [2022-11-16T00:32:52.870+0000] {dagbag.py:525} INFO - Filling up the DagBag from /opt/airflow/dags/forex_data_pipeline.py
[2022-11-16T00:32:53.356+0000] {processor.py:768} INFO - DAG(s) dict_keys(['forex_data_pipeline']) retrieved from /opt/airflow/dags/forex_data_pipeline.py
[2022-11-16T00:32:53.583+0000] {logging_mixin.py:117} INFO - [2022-11-16T00:32:53.582+0000] {dag.py:2573} INFO - Sync 1 DAGs
[2022-11-16T00:32:53.612+0000] {logging_mixin.py:117} INFO - [2022-11-16T00:32:53.612+0000] {dag.py:3328} INFO - Setting next_dagrun for forex_data_pipeline to 2022-11-16T00:00:00+00:00, run_after=2022-11-17T00:00:00+00:00
[2022-11-16T00:32:53.653+0000] {processor.py:178} INFO - Processing /opt/airflow/dags/forex_data_pipeline.py took 0.789 seconds
[2022-11-16T00:33:23.904+0000] {processor.py:156} INFO - Started process (PID=128) to work on /opt/airflow/dags/forex_data_pipeline.py
[2022-11-16T00:33:23.906+0000] {processor.py:758} INFO - Processing file /opt/airflow/dags/forex_data_pipeline.py for tasks to queue
[2022-11-16T00:33:23.907+0000] {logging_mixin.py:117} INFO - [2022-11-16T00:33:23.907+0000] {dagbag.py:525} INFO - Filling up the DagBag from /opt/airflow/dags/forex_data_pipeline.py
[2022-11-16T00:33:24.227+0000] {processor.py:768} INFO - DAG(s) dict_keys(['forex_data_pipeline']) retrieved from /opt/airflow/dags/forex_data_pipeline.py
[2022-11-16T00:33:24.363+0000] {logging_mixin.py:117} INFO - [2022-11-16T00:33:24.363+0000] {dag.py:2573} INFO - Sync 1 DAGs
[2022-11-16T00:33:24.384+0000] {logging_mixin.py:117} INFO - [2022-11-16T00:33:24.384+0000] {dag.py:3328} INFO - Setting next_dagrun for forex_data_pipeline to 2022-11-16T00:00:00+00:00, run_after=2022-11-17T00:00:00+00:00
[2022-11-16T00:33:24.406+0000] {processor.py:178} INFO - Processing /opt/airflow/dags/forex_data_pipeline.py took 0.504 seconds
[2022-11-16T00:33:54.634+0000] {processor.py:156} INFO - Started process (PID=157) to work on /opt/airflow/dags/forex_data_pipeline.py
[2022-11-16T00:33:54.638+0000] {processor.py:758} INFO - Processing file /opt/airflow/dags/forex_data_pipeline.py for tasks to queue
[2022-11-16T00:33:54.638+0000] {logging_mixin.py:117} INFO - [2022-11-16T00:33:54.638+0000] {dagbag.py:525} INFO - Filling up the DagBag from /opt/airflow/dags/forex_data_pipeline.py
[2022-11-16T00:33:54.932+0000] {processor.py:768} INFO - DAG(s) dict_keys(['forex_data_pipeline']) retrieved from /opt/airflow/dags/forex_data_pipeline.py
[2022-11-16T00:33:55.055+0000] {logging_mixin.py:117} INFO - [2022-11-16T00:33:55.054+0000] {dag.py:2573} INFO - Sync 1 DAGs
[2022-11-16T00:33:55.071+0000] {logging_mixin.py:117} INFO - [2022-11-16T00:33:55.071+0000] {dag.py:3328} INFO - Setting next_dagrun for forex_data_pipeline to 2022-11-16T00:00:00+00:00, run_after=2022-11-17T00:00:00+00:00
[2022-11-16T00:33:55.089+0000] {processor.py:178} INFO - Processing /opt/airflow/dags/forex_data_pipeline.py took 0.457 seconds
[2022-11-16T00:34:25.271+0000] {processor.py:156} INFO - Started process (PID=186) to work on /opt/airflow/dags/forex_data_pipeline.py
[2022-11-16T00:34:25.272+0000] {processor.py:758} INFO - Processing file /opt/airflow/dags/forex_data_pipeline.py for tasks to queue
[2022-11-16T00:34:25.274+0000] {logging_mixin.py:117} INFO - [2022-11-16T00:34:25.273+0000] {dagbag.py:525} INFO - Filling up the DagBag from /opt/airflow/dags/forex_data_pipeline.py
[2022-11-16T00:34:25.531+0000] {processor.py:768} INFO - DAG(s) dict_keys(['forex_data_pipeline']) retrieved from /opt/airflow/dags/forex_data_pipeline.py
[2022-11-16T00:34:25.662+0000] {logging_mixin.py:117} INFO - [2022-11-16T00:34:25.662+0000] {dag.py:2573} INFO - Sync 1 DAGs
[2022-11-16T00:34:25.681+0000] {logging_mixin.py:117} INFO - [2022-11-16T00:34:25.681+0000] {dag.py:3328} INFO - Setting next_dagrun for forex_data_pipeline to 2022-11-16T00:00:00+00:00, run_after=2022-11-17T00:00:00+00:00
[2022-11-16T00:34:25.703+0000] {processor.py:178} INFO - Processing /opt/airflow/dags/forex_data_pipeline.py took 0.434 seconds
[2022-11-16T00:34:55.937+0000] {processor.py:156} INFO - Started process (PID=215) to work on /opt/airflow/dags/forex_data_pipeline.py
[2022-11-16T00:34:55.939+0000] {processor.py:758} INFO - Processing file /opt/airflow/dags/forex_data_pipeline.py for tasks to queue
[2022-11-16T00:34:55.939+0000] {logging_mixin.py:117} INFO - [2022-11-16T00:34:55.939+0000] {dagbag.py:525} INFO - Filling up the DagBag from /opt/airflow/dags/forex_data_pipeline.py
[2022-11-16T00:34:56.171+0000] {processor.py:768} INFO - DAG(s) dict_keys(['forex_data_pipeline']) retrieved from /opt/airflow/dags/forex_data_pipeline.py
[2022-11-16T00:34:56.293+0000] {logging_mixin.py:117} INFO - [2022-11-16T00:34:56.293+0000] {dag.py:2573} INFO - Sync 1 DAGs
[2022-11-16T00:34:56.312+0000] {logging_mixin.py:117} INFO - [2022-11-16T00:34:56.311+0000] {dag.py:3328} INFO - Setting next_dagrun for forex_data_pipeline to 2022-11-16T00:00:00+00:00, run_after=2022-11-17T00:00:00+00:00
[2022-11-16T00:34:56.330+0000] {processor.py:178} INFO - Processing /opt/airflow/dags/forex_data_pipeline.py took 0.395 seconds
[2022-11-16T00:35:26.549+0000] {processor.py:156} INFO - Started process (PID=235) to work on /opt/airflow/dags/forex_data_pipeline.py
[2022-11-16T00:35:26.552+0000] {processor.py:758} INFO - Processing file /opt/airflow/dags/forex_data_pipeline.py for tasks to queue
[2022-11-16T00:35:26.553+0000] {logging_mixin.py:117} INFO - [2022-11-16T00:35:26.553+0000] {dagbag.py:525} INFO - Filling up the DagBag from /opt/airflow/dags/forex_data_pipeline.py
[2022-11-16T00:35:26.780+0000] {processor.py:768} INFO - DAG(s) dict_keys(['forex_data_pipeline']) retrieved from /opt/airflow/dags/forex_data_pipeline.py
[2022-11-16T00:35:26.898+0000] {logging_mixin.py:117} INFO - [2022-11-16T00:35:26.898+0000] {dag.py:2573} INFO - Sync 1 DAGs
[2022-11-16T00:35:26.916+0000] {logging_mixin.py:117} INFO - [2022-11-16T00:35:26.916+0000] {dag.py:3328} INFO - Setting next_dagrun for forex_data_pipeline to 2022-11-16T00:00:00+00:00, run_after=2022-11-17T00:00:00+00:00
[2022-11-16T00:35:26.933+0000] {processor.py:178} INFO - Processing /opt/airflow/dags/forex_data_pipeline.py took 0.386 seconds
[2022-11-16T00:35:57.148+0000] {processor.py:156} INFO - Started process (PID=264) to work on /opt/airflow/dags/forex_data_pipeline.py
[2022-11-16T00:35:57.152+0000] {processor.py:758} INFO - Processing file /opt/airflow/dags/forex_data_pipeline.py for tasks to queue
[2022-11-16T00:35:57.152+0000] {logging_mixin.py:117} INFO - [2022-11-16T00:35:57.152+0000] {dagbag.py:525} INFO - Filling up the DagBag from /opt/airflow/dags/forex_data_pipeline.py
[2022-11-16T00:35:57.374+0000] {processor.py:768} INFO - DAG(s) dict_keys(['forex_data_pipeline']) retrieved from /opt/airflow/dags/forex_data_pipeline.py
[2022-11-16T00:35:57.495+0000] {logging_mixin.py:117} INFO - [2022-11-16T00:35:57.495+0000] {dag.py:2573} INFO - Sync 1 DAGs
[2022-11-16T00:35:57.513+0000] {logging_mixin.py:117} INFO - [2022-11-16T00:35:57.513+0000] {dag.py:3328} INFO - Setting next_dagrun for forex_data_pipeline to 2022-11-16T00:00:00+00:00, run_after=2022-11-17T00:00:00+00:00
[2022-11-16T00:35:57.531+0000] {processor.py:178} INFO - Processing /opt/airflow/dags/forex_data_pipeline.py took 0.384 seconds
[2022-11-16T00:36:27.760+0000] {processor.py:156} INFO - Started process (PID=293) to work on /opt/airflow/dags/forex_data_pipeline.py
[2022-11-16T00:36:27.761+0000] {processor.py:758} INFO - Processing file /opt/airflow/dags/forex_data_pipeline.py for tasks to queue
[2022-11-16T00:36:27.762+0000] {logging_mixin.py:117} INFO - [2022-11-16T00:36:27.762+0000] {dagbag.py:525} INFO - Filling up the DagBag from /opt/airflow/dags/forex_data_pipeline.py
[2022-11-16T00:36:27.985+0000] {processor.py:768} INFO - DAG(s) dict_keys(['forex_data_pipeline']) retrieved from /opt/airflow/dags/forex_data_pipeline.py
[2022-11-16T00:36:28.105+0000] {logging_mixin.py:117} INFO - [2022-11-16T00:36:28.105+0000] {dag.py:2573} INFO - Sync 1 DAGs
[2022-11-16T00:36:28.125+0000] {logging_mixin.py:117} INFO - [2022-11-16T00:36:28.125+0000] {dag.py:3328} INFO - Setting next_dagrun for forex_data_pipeline to 2022-11-16T00:00:00+00:00, run_after=2022-11-17T00:00:00+00:00
[2022-11-16T00:36:28.143+0000] {processor.py:178} INFO - Processing /opt/airflow/dags/forex_data_pipeline.py took 0.385 seconds
[2022-11-16T00:36:58.415+0000] {processor.py:156} INFO - Started process (PID=322) to work on /opt/airflow/dags/forex_data_pipeline.py
[2022-11-16T00:36:58.417+0000] {processor.py:758} INFO - Processing file /opt/airflow/dags/forex_data_pipeline.py for tasks to queue
[2022-11-16T00:36:58.417+0000] {logging_mixin.py:117} INFO - [2022-11-16T00:36:58.417+0000] {dagbag.py:525} INFO - Filling up the DagBag from /opt/airflow/dags/forex_data_pipeline.py
[2022-11-16T00:36:58.640+0000] {processor.py:768} INFO - DAG(s) dict_keys(['forex_data_pipeline']) retrieved from /opt/airflow/dags/forex_data_pipeline.py
[2022-11-16T00:36:58.765+0000] {logging_mixin.py:117} INFO - [2022-11-16T00:36:58.765+0000] {dag.py:2573} INFO - Sync 1 DAGs
[2022-11-16T00:36:58.785+0000] {logging_mixin.py:117} INFO - [2022-11-16T00:36:58.785+0000] {dag.py:3328} INFO - Setting next_dagrun for forex_data_pipeline to 2022-11-16T00:00:00+00:00, run_after=2022-11-17T00:00:00+00:00
[2022-11-16T00:36:58.804+0000] {processor.py:178} INFO - Processing /opt/airflow/dags/forex_data_pipeline.py took 0.391 seconds
[2022-11-16T00:37:28.999+0000] {processor.py:156} INFO - Started process (PID=351) to work on /opt/airflow/dags/forex_data_pipeline.py
[2022-11-16T00:37:29.001+0000] {processor.py:758} INFO - Processing file /opt/airflow/dags/forex_data_pipeline.py for tasks to queue
[2022-11-16T00:37:29.002+0000] {logging_mixin.py:117} INFO - [2022-11-16T00:37:29.001+0000] {dagbag.py:525} INFO - Filling up the DagBag from /opt/airflow/dags/forex_data_pipeline.py
[2022-11-16T00:37:29.275+0000] {processor.py:768} INFO - DAG(s) dict_keys(['forex_data_pipeline']) retrieved from /opt/airflow/dags/forex_data_pipeline.py
[2022-11-16T00:37:29.423+0000] {logging_mixin.py:117} INFO - [2022-11-16T00:37:29.423+0000] {dag.py:2573} INFO - Sync 1 DAGs
[2022-11-16T00:37:29.446+0000] {logging_mixin.py:117} INFO - [2022-11-16T00:37:29.446+0000] {dag.py:3328} INFO - Setting next_dagrun for forex_data_pipeline to 2022-11-16T00:00:00+00:00, run_after=2022-11-17T00:00:00+00:00
[2022-11-16T00:37:29.468+0000] {processor.py:178} INFO - Processing /opt/airflow/dags/forex_data_pipeline.py took 0.471 seconds
[2022-11-16T00:37:59.771+0000] {processor.py:156} INFO - Started process (PID=371) to work on /opt/airflow/dags/forex_data_pipeline.py
[2022-11-16T00:37:59.774+0000] {processor.py:758} INFO - Processing file /opt/airflow/dags/forex_data_pipeline.py for tasks to queue
[2022-11-16T00:37:59.774+0000] {logging_mixin.py:117} INFO - [2022-11-16T00:37:59.774+0000] {dagbag.py:525} INFO - Filling up the DagBag from /opt/airflow/dags/forex_data_pipeline.py
[2022-11-16T00:38:00.052+0000] {processor.py:768} INFO - DAG(s) dict_keys(['forex_data_pipeline']) retrieved from /opt/airflow/dags/forex_data_pipeline.py
[2022-11-16T00:38:00.215+0000] {logging_mixin.py:117} INFO - [2022-11-16T00:38:00.214+0000] {dag.py:2573} INFO - Sync 1 DAGs
[2022-11-16T00:38:00.234+0000] {logging_mixin.py:117} INFO - [2022-11-16T00:38:00.234+0000] {dag.py:3328} INFO - Setting next_dagrun for forex_data_pipeline to 2022-11-16T00:00:00+00:00, run_after=2022-11-17T00:00:00+00:00
[2022-11-16T00:38:00.256+0000] {processor.py:178} INFO - Processing /opt/airflow/dags/forex_data_pipeline.py took 0.487 seconds
[2022-11-16T00:38:30.515+0000] {processor.py:156} INFO - Started process (PID=399) to work on /opt/airflow/dags/forex_data_pipeline.py
[2022-11-16T00:38:30.518+0000] {processor.py:758} INFO - Processing file /opt/airflow/dags/forex_data_pipeline.py for tasks to queue
[2022-11-16T00:38:30.520+0000] {logging_mixin.py:117} INFO - [2022-11-16T00:38:30.520+0000] {dagbag.py:525} INFO - Filling up the DagBag from /opt/airflow/dags/forex_data_pipeline.py
[2022-11-16T00:38:30.778+0000] {processor.py:768} INFO - DAG(s) dict_keys(['forex_data_pipeline']) retrieved from /opt/airflow/dags/forex_data_pipeline.py
[2022-11-16T00:38:30.905+0000] {logging_mixin.py:117} INFO - [2022-11-16T00:38:30.905+0000] {dag.py:2573} INFO - Sync 1 DAGs
[2022-11-16T00:38:30.924+0000] {logging_mixin.py:117} INFO - [2022-11-16T00:38:30.924+0000] {dag.py:3328} INFO - Setting next_dagrun for forex_data_pipeline to 2022-11-16T00:00:00+00:00, run_after=2022-11-17T00:00:00+00:00
[2022-11-16T00:38:30.941+0000] {processor.py:178} INFO - Processing /opt/airflow/dags/forex_data_pipeline.py took 0.428 seconds
[2022-11-16T00:39:01.165+0000] {processor.py:156} INFO - Started process (PID=428) to work on /opt/airflow/dags/forex_data_pipeline.py
[2022-11-16T00:39:01.167+0000] {processor.py:758} INFO - Processing file /opt/airflow/dags/forex_data_pipeline.py for tasks to queue
[2022-11-16T00:39:01.168+0000] {logging_mixin.py:117} INFO - [2022-11-16T00:39:01.168+0000] {dagbag.py:525} INFO - Filling up the DagBag from /opt/airflow/dags/forex_data_pipeline.py
[2022-11-16T00:39:01.399+0000] {processor.py:768} INFO - DAG(s) dict_keys(['forex_data_pipeline']) retrieved from /opt/airflow/dags/forex_data_pipeline.py
[2022-11-16T00:39:01.520+0000] {logging_mixin.py:117} INFO - [2022-11-16T00:39:01.520+0000] {dag.py:2573} INFO - Sync 1 DAGs
[2022-11-16T00:39:01.539+0000] {logging_mixin.py:117} INFO - [2022-11-16T00:39:01.539+0000] {dag.py:3328} INFO - Setting next_dagrun for forex_data_pipeline to 2022-11-16T00:00:00+00:00, run_after=2022-11-17T00:00:00+00:00
[2022-11-16T00:39:01.555+0000] {processor.py:178} INFO - Processing /opt/airflow/dags/forex_data_pipeline.py took 0.392 seconds
[2022-11-16T00:39:31.816+0000] {processor.py:156} INFO - Started process (PID=456) to work on /opt/airflow/dags/forex_data_pipeline.py
[2022-11-16T00:39:31.819+0000] {processor.py:758} INFO - Processing file /opt/airflow/dags/forex_data_pipeline.py for tasks to queue
[2022-11-16T00:39:31.820+0000] {logging_mixin.py:117} INFO - [2022-11-16T00:39:31.820+0000] {dagbag.py:525} INFO - Filling up the DagBag from /opt/airflow/dags/forex_data_pipeline.py
[2022-11-16T00:39:32.217+0000] {processor.py:768} INFO - DAG(s) dict_keys(['forex_data_pipeline']) retrieved from /opt/airflow/dags/forex_data_pipeline.py
[2022-11-16T00:39:32.360+0000] {logging_mixin.py:117} INFO - [2022-11-16T00:39:32.360+0000] {dag.py:2573} INFO - Sync 1 DAGs
[2022-11-16T00:39:32.386+0000] {logging_mixin.py:117} INFO - [2022-11-16T00:39:32.386+0000] {dag.py:3328} INFO - Setting next_dagrun for forex_data_pipeline to 2022-11-16T00:00:00+00:00, run_after=2022-11-17T00:00:00+00:00
[2022-11-16T00:39:32.411+0000] {processor.py:178} INFO - Processing /opt/airflow/dags/forex_data_pipeline.py took 0.597 seconds
[2022-11-16T00:40:02.606+0000] {processor.py:156} INFO - Started process (PID=476) to work on /opt/airflow/dags/forex_data_pipeline.py
[2022-11-16T00:40:02.610+0000] {processor.py:758} INFO - Processing file /opt/airflow/dags/forex_data_pipeline.py for tasks to queue
[2022-11-16T00:40:02.611+0000] {logging_mixin.py:117} INFO - [2022-11-16T00:40:02.610+0000] {dagbag.py:525} INFO - Filling up the DagBag from /opt/airflow/dags/forex_data_pipeline.py
[2022-11-16T00:40:02.842+0000] {processor.py:768} INFO - DAG(s) dict_keys(['forex_data_pipeline']) retrieved from /opt/airflow/dags/forex_data_pipeline.py
[2022-11-16T00:40:02.997+0000] {logging_mixin.py:117} INFO - [2022-11-16T00:40:02.996+0000] {dag.py:2573} INFO - Sync 1 DAGs
[2022-11-16T00:40:03.021+0000] {logging_mixin.py:117} INFO - [2022-11-16T00:40:03.021+0000] {dag.py:3328} INFO - Setting next_dagrun for forex_data_pipeline to 2022-11-16T00:00:00+00:00, run_after=2022-11-17T00:00:00+00:00
[2022-11-16T00:40:03.045+0000] {processor.py:178} INFO - Processing /opt/airflow/dags/forex_data_pipeline.py took 0.441 seconds
[2022-11-16T00:40:27.827+0000] {processor.py:156} INFO - Started process (PID=505) to work on /opt/airflow/dags/forex_data_pipeline.py
[2022-11-16T00:40:27.830+0000] {processor.py:758} INFO - Processing file /opt/airflow/dags/forex_data_pipeline.py for tasks to queue
[2022-11-16T00:40:27.831+0000] {logging_mixin.py:117} INFO - [2022-11-16T00:40:27.831+0000] {dagbag.py:525} INFO - Filling up the DagBag from /opt/airflow/dags/forex_data_pipeline.py
[2022-11-16T00:40:28.187+0000] {processor.py:768} INFO - DAG(s) dict_keys(['forex_data_pipeline']) retrieved from /opt/airflow/dags/forex_data_pipeline.py
[2022-11-16T00:40:28.355+0000] {logging_mixin.py:117} INFO - [2022-11-16T00:40:28.355+0000] {dag.py:2573} INFO - Sync 1 DAGs
[2022-11-16T00:40:28.374+0000] {logging_mixin.py:117} INFO - [2022-11-16T00:40:28.374+0000] {dag.py:3328} INFO - Setting next_dagrun for forex_data_pipeline to 2022-11-16T00:00:00+00:00, run_after=2022-11-17T00:00:00+00:00
[2022-11-16T00:40:28.403+0000] {processor.py:178} INFO - Processing /opt/airflow/dags/forex_data_pipeline.py took 0.579 seconds
[2022-11-16T00:40:58.464+0000] {processor.py:156} INFO - Started process (PID=525) to work on /opt/airflow/dags/forex_data_pipeline.py
[2022-11-16T00:40:58.466+0000] {processor.py:758} INFO - Processing file /opt/airflow/dags/forex_data_pipeline.py for tasks to queue
[2022-11-16T00:40:58.467+0000] {logging_mixin.py:117} INFO - [2022-11-16T00:40:58.467+0000] {dagbag.py:525} INFO - Filling up the DagBag from /opt/airflow/dags/forex_data_pipeline.py
[2022-11-16T00:40:58.746+0000] {processor.py:768} INFO - DAG(s) dict_keys(['forex_data_pipeline']) retrieved from /opt/airflow/dags/forex_data_pipeline.py
[2022-11-16T00:40:58.881+0000] {logging_mixin.py:117} INFO - [2022-11-16T00:40:58.880+0000] {dag.py:2573} INFO - Sync 1 DAGs
[2022-11-16T00:40:58.905+0000] {logging_mixin.py:117} INFO - [2022-11-16T00:40:58.905+0000] {dag.py:3328} INFO - Setting next_dagrun for forex_data_pipeline to 2022-11-16T00:00:00+00:00, run_after=2022-11-17T00:00:00+00:00
[2022-11-16T00:40:58.924+0000] {processor.py:178} INFO - Processing /opt/airflow/dags/forex_data_pipeline.py took 0.462 seconds
[2022-11-16T00:41:29.184+0000] {processor.py:156} INFO - Started process (PID=554) to work on /opt/airflow/dags/forex_data_pipeline.py
[2022-11-16T00:41:29.188+0000] {processor.py:758} INFO - Processing file /opt/airflow/dags/forex_data_pipeline.py for tasks to queue
[2022-11-16T00:41:29.189+0000] {logging_mixin.py:117} INFO - [2022-11-16T00:41:29.189+0000] {dagbag.py:525} INFO - Filling up the DagBag from /opt/airflow/dags/forex_data_pipeline.py
[2022-11-16T00:41:29.506+0000] {processor.py:768} INFO - DAG(s) dict_keys(['forex_data_pipeline']) retrieved from /opt/airflow/dags/forex_data_pipeline.py
[2022-11-16T00:41:29.672+0000] {logging_mixin.py:117} INFO - [2022-11-16T00:41:29.672+0000] {dag.py:2573} INFO - Sync 1 DAGs
[2022-11-16T00:41:29.693+0000] {logging_mixin.py:117} INFO - [2022-11-16T00:41:29.693+0000] {dag.py:3328} INFO - Setting next_dagrun for forex_data_pipeline to 2022-11-16T00:00:00+00:00, run_after=2022-11-17T00:00:00+00:00
[2022-11-16T00:41:29.714+0000] {processor.py:178} INFO - Processing /opt/airflow/dags/forex_data_pipeline.py took 0.532 seconds
[2022-11-16T00:41:51.302+0000] {processor.py:156} INFO - Started process (PID=574) to work on /opt/airflow/dags/forex_data_pipeline.py
[2022-11-16T00:41:51.304+0000] {processor.py:758} INFO - Processing file /opt/airflow/dags/forex_data_pipeline.py for tasks to queue
[2022-11-16T00:41:51.306+0000] {logging_mixin.py:117} INFO - [2022-11-16T00:41:51.305+0000] {dagbag.py:525} INFO - Filling up the DagBag from /opt/airflow/dags/forex_data_pipeline.py
[2022-11-16T00:41:51.624+0000] {processor.py:768} INFO - DAG(s) dict_keys(['forex_data_pipeline']) retrieved from /opt/airflow/dags/forex_data_pipeline.py
[2022-11-16T00:41:51.790+0000] {logging_mixin.py:117} INFO - [2022-11-16T00:41:51.789+0000] {dag.py:2573} INFO - Sync 1 DAGs
[2022-11-16T00:41:51.809+0000] {logging_mixin.py:117} INFO - [2022-11-16T00:41:51.809+0000] {dag.py:3328} INFO - Setting next_dagrun for forex_data_pipeline to 2022-11-16T00:00:00+00:00, run_after=2022-11-17T00:00:00+00:00
[2022-11-16T00:41:51.839+0000] {processor.py:178} INFO - Processing /opt/airflow/dags/forex_data_pipeline.py took 0.539 seconds
[2022-11-16T00:42:22.210+0000] {processor.py:156} INFO - Started process (PID=603) to work on /opt/airflow/dags/forex_data_pipeline.py
[2022-11-16T00:42:22.213+0000] {processor.py:758} INFO - Processing file /opt/airflow/dags/forex_data_pipeline.py for tasks to queue
[2022-11-16T00:42:22.213+0000] {logging_mixin.py:117} INFO - [2022-11-16T00:42:22.213+0000] {dagbag.py:525} INFO - Filling up the DagBag from /opt/airflow/dags/forex_data_pipeline.py
[2022-11-16T00:42:22.480+0000] {processor.py:768} INFO - DAG(s) dict_keys(['forex_data_pipeline']) retrieved from /opt/airflow/dags/forex_data_pipeline.py
[2022-11-16T00:42:22.617+0000] {logging_mixin.py:117} INFO - [2022-11-16T00:42:22.617+0000] {dag.py:2573} INFO - Sync 1 DAGs
[2022-11-16T00:42:22.640+0000] {logging_mixin.py:117} INFO - [2022-11-16T00:42:22.640+0000] {dag.py:3328} INFO - Setting next_dagrun for forex_data_pipeline to 2022-11-16T00:00:00+00:00, run_after=2022-11-17T00:00:00+00:00
[2022-11-16T00:42:22.663+0000] {processor.py:178} INFO - Processing /opt/airflow/dags/forex_data_pipeline.py took 0.456 seconds
[2022-11-16T00:42:38.613+0000] {processor.py:156} INFO - Started process (PID=614) to work on /opt/airflow/dags/forex_data_pipeline.py
[2022-11-16T00:42:38.616+0000] {processor.py:758} INFO - Processing file /opt/airflow/dags/forex_data_pipeline.py for tasks to queue
[2022-11-16T00:42:38.618+0000] {logging_mixin.py:117} INFO - [2022-11-16T00:42:38.618+0000] {dagbag.py:525} INFO - Filling up the DagBag from /opt/airflow/dags/forex_data_pipeline.py
[2022-11-16T00:42:39.024+0000] {processor.py:768} INFO - DAG(s) dict_keys(['forex_data_pipeline']) retrieved from /opt/airflow/dags/forex_data_pipeline.py
[2022-11-16T00:42:39.173+0000] {logging_mixin.py:117} INFO - [2022-11-16T00:42:39.173+0000] {dag.py:2573} INFO - Sync 1 DAGs
[2022-11-16T00:42:39.197+0000] {logging_mixin.py:117} INFO - [2022-11-16T00:42:39.197+0000] {dag.py:3328} INFO - Setting next_dagrun for forex_data_pipeline to 2022-11-16T00:00:00+00:00, run_after=2022-11-17T00:00:00+00:00
[2022-11-16T00:42:39.227+0000] {processor.py:178} INFO - Processing /opt/airflow/dags/forex_data_pipeline.py took 0.616 seconds
[2022-11-16T00:43:09.446+0000] {processor.py:156} INFO - Started process (PID=643) to work on /opt/airflow/dags/forex_data_pipeline.py
[2022-11-16T00:43:09.448+0000] {processor.py:758} INFO - Processing file /opt/airflow/dags/forex_data_pipeline.py for tasks to queue
[2022-11-16T00:43:09.449+0000] {logging_mixin.py:117} INFO - [2022-11-16T00:43:09.448+0000] {dagbag.py:525} INFO - Filling up the DagBag from /opt/airflow/dags/forex_data_pipeline.py
[2022-11-16T00:43:09.689+0000] {processor.py:768} INFO - DAG(s) dict_keys(['forex_data_pipeline']) retrieved from /opt/airflow/dags/forex_data_pipeline.py
[2022-11-16T00:43:09.815+0000] {logging_mixin.py:117} INFO - [2022-11-16T00:43:09.815+0000] {dag.py:2573} INFO - Sync 1 DAGs
[2022-11-16T00:43:09.834+0000] {logging_mixin.py:117} INFO - [2022-11-16T00:43:09.834+0000] {dag.py:3328} INFO - Setting next_dagrun for forex_data_pipeline to 2022-11-16T00:00:00+00:00, run_after=2022-11-17T00:00:00+00:00
[2022-11-16T00:43:09.856+0000] {processor.py:178} INFO - Processing /opt/airflow/dags/forex_data_pipeline.py took 0.412 seconds
[2022-11-16T00:43:40.081+0000] {processor.py:156} INFO - Started process (PID=672) to work on /opt/airflow/dags/forex_data_pipeline.py
[2022-11-16T00:43:40.086+0000] {processor.py:758} INFO - Processing file /opt/airflow/dags/forex_data_pipeline.py for tasks to queue
[2022-11-16T00:43:40.087+0000] {logging_mixin.py:117} INFO - [2022-11-16T00:43:40.087+0000] {dagbag.py:525} INFO - Filling up the DagBag from /opt/airflow/dags/forex_data_pipeline.py
[2022-11-16T00:43:40.380+0000] {processor.py:768} INFO - DAG(s) dict_keys(['forex_data_pipeline']) retrieved from /opt/airflow/dags/forex_data_pipeline.py
[2022-11-16T00:43:40.518+0000] {logging_mixin.py:117} INFO - [2022-11-16T00:43:40.517+0000] {dag.py:2573} INFO - Sync 1 DAGs
[2022-11-16T00:43:40.539+0000] {logging_mixin.py:117} INFO - [2022-11-16T00:43:40.539+0000] {dag.py:3328} INFO - Setting next_dagrun for forex_data_pipeline to 2022-11-16T00:00:00+00:00, run_after=2022-11-17T00:00:00+00:00
[2022-11-16T00:43:40.556+0000] {processor.py:178} INFO - Processing /opt/airflow/dags/forex_data_pipeline.py took 0.478 seconds
[2022-11-16T00:44:10.777+0000] {processor.py:156} INFO - Started process (PID=701) to work on /opt/airflow/dags/forex_data_pipeline.py
[2022-11-16T00:44:10.780+0000] {processor.py:758} INFO - Processing file /opt/airflow/dags/forex_data_pipeline.py for tasks to queue
[2022-11-16T00:44:10.781+0000] {logging_mixin.py:117} INFO - [2022-11-16T00:44:10.781+0000] {dagbag.py:525} INFO - Filling up the DagBag from /opt/airflow/dags/forex_data_pipeline.py
[2022-11-16T00:44:11.039+0000] {processor.py:768} INFO - DAG(s) dict_keys(['forex_data_pipeline']) retrieved from /opt/airflow/dags/forex_data_pipeline.py
[2022-11-16T00:44:11.169+0000] {logging_mixin.py:117} INFO - [2022-11-16T00:44:11.169+0000] {dag.py:2573} INFO - Sync 1 DAGs
[2022-11-16T00:44:11.187+0000] {logging_mixin.py:117} INFO - [2022-11-16T00:44:11.187+0000] {dag.py:3328} INFO - Setting next_dagrun for forex_data_pipeline to 2022-11-16T00:00:00+00:00, run_after=2022-11-17T00:00:00+00:00
[2022-11-16T00:44:11.204+0000] {processor.py:178} INFO - Processing /opt/airflow/dags/forex_data_pipeline.py took 0.429 seconds
[2022-11-16T00:44:41.446+0000] {processor.py:156} INFO - Started process (PID=730) to work on /opt/airflow/dags/forex_data_pipeline.py
[2022-11-16T00:44:41.449+0000] {processor.py:758} INFO - Processing file /opt/airflow/dags/forex_data_pipeline.py for tasks to queue
[2022-11-16T00:44:41.450+0000] {logging_mixin.py:117} INFO - [2022-11-16T00:44:41.449+0000] {dagbag.py:525} INFO - Filling up the DagBag from /opt/airflow/dags/forex_data_pipeline.py
[2022-11-16T00:44:41.728+0000] {processor.py:768} INFO - DAG(s) dict_keys(['forex_data_pipeline']) retrieved from /opt/airflow/dags/forex_data_pipeline.py
[2022-11-16T00:44:41.872+0000] {logging_mixin.py:117} INFO - [2022-11-16T00:44:41.872+0000] {dag.py:2573} INFO - Sync 1 DAGs
[2022-11-16T00:44:41.893+0000] {logging_mixin.py:117} INFO - [2022-11-16T00:44:41.893+0000] {dag.py:3328} INFO - Setting next_dagrun for forex_data_pipeline to 2022-11-16T00:00:00+00:00, run_after=2022-11-17T00:00:00+00:00
[2022-11-16T00:44:41.916+0000] {processor.py:178} INFO - Processing /opt/airflow/dags/forex_data_pipeline.py took 0.472 seconds
[2022-11-16T00:45:12.184+0000] {processor.py:156} INFO - Started process (PID=751) to work on /opt/airflow/dags/forex_data_pipeline.py
[2022-11-16T00:45:12.186+0000] {processor.py:758} INFO - Processing file /opt/airflow/dags/forex_data_pipeline.py for tasks to queue
[2022-11-16T00:45:12.187+0000] {logging_mixin.py:117} INFO - [2022-11-16T00:45:12.187+0000] {dagbag.py:525} INFO - Filling up the DagBag from /opt/airflow/dags/forex_data_pipeline.py
[2022-11-16T00:45:12.446+0000] {processor.py:768} INFO - DAG(s) dict_keys(['forex_data_pipeline']) retrieved from /opt/airflow/dags/forex_data_pipeline.py
[2022-11-16T00:45:12.576+0000] {logging_mixin.py:117} INFO - [2022-11-16T00:45:12.575+0000] {dag.py:2573} INFO - Sync 1 DAGs
[2022-11-16T00:45:12.596+0000] {logging_mixin.py:117} INFO - [2022-11-16T00:45:12.596+0000] {dag.py:3328} INFO - Setting next_dagrun for forex_data_pipeline to 2022-11-16T00:00:00+00:00, run_after=2022-11-17T00:00:00+00:00
[2022-11-16T00:45:12.617+0000] {processor.py:178} INFO - Processing /opt/airflow/dags/forex_data_pipeline.py took 0.436 seconds
[2022-11-16T00:45:42.828+0000] {processor.py:156} INFO - Started process (PID=780) to work on /opt/airflow/dags/forex_data_pipeline.py
[2022-11-16T00:45:42.830+0000] {processor.py:758} INFO - Processing file /opt/airflow/dags/forex_data_pipeline.py for tasks to queue
[2022-11-16T00:45:42.831+0000] {logging_mixin.py:117} INFO - [2022-11-16T00:45:42.831+0000] {dagbag.py:525} INFO - Filling up the DagBag from /opt/airflow/dags/forex_data_pipeline.py
[2022-11-16T00:45:43.120+0000] {processor.py:768} INFO - DAG(s) dict_keys(['forex_data_pipeline']) retrieved from /opt/airflow/dags/forex_data_pipeline.py
[2022-11-16T00:45:43.263+0000] {logging_mixin.py:117} INFO - [2022-11-16T00:45:43.262+0000] {dag.py:2573} INFO - Sync 1 DAGs
[2022-11-16T00:45:43.286+0000] {logging_mixin.py:117} INFO - [2022-11-16T00:45:43.286+0000] {dag.py:3328} INFO - Setting next_dagrun for forex_data_pipeline to 2022-11-16T00:00:00+00:00, run_after=2022-11-17T00:00:00+00:00
[2022-11-16T00:45:43.312+0000] {processor.py:178} INFO - Processing /opt/airflow/dags/forex_data_pipeline.py took 0.486 seconds
[2022-11-16T00:46:13.552+0000] {processor.py:156} INFO - Started process (PID=809) to work on /opt/airflow/dags/forex_data_pipeline.py
[2022-11-16T00:46:13.554+0000] {processor.py:758} INFO - Processing file /opt/airflow/dags/forex_data_pipeline.py for tasks to queue
[2022-11-16T00:46:13.554+0000] {logging_mixin.py:117} INFO - [2022-11-16T00:46:13.554+0000] {dagbag.py:525} INFO - Filling up the DagBag from /opt/airflow/dags/forex_data_pipeline.py
[2022-11-16T00:46:13.792+0000] {processor.py:768} INFO - DAG(s) dict_keys(['forex_data_pipeline']) retrieved from /opt/airflow/dags/forex_data_pipeline.py
[2022-11-16T00:46:13.912+0000] {logging_mixin.py:117} INFO - [2022-11-16T00:46:13.912+0000] {dag.py:2573} INFO - Sync 1 DAGs
[2022-11-16T00:46:13.932+0000] {logging_mixin.py:117} INFO - [2022-11-16T00:46:13.931+0000] {dag.py:3328} INFO - Setting next_dagrun for forex_data_pipeline to 2022-11-16T00:00:00+00:00, run_after=2022-11-17T00:00:00+00:00
[2022-11-16T00:46:13.952+0000] {processor.py:178} INFO - Processing /opt/airflow/dags/forex_data_pipeline.py took 0.402 seconds
[2022-11-16T00:46:44.221+0000] {processor.py:156} INFO - Started process (PID=837) to work on /opt/airflow/dags/forex_data_pipeline.py
[2022-11-16T00:46:44.224+0000] {processor.py:758} INFO - Processing file /opt/airflow/dags/forex_data_pipeline.py for tasks to queue
[2022-11-16T00:46:44.225+0000] {logging_mixin.py:117} INFO - [2022-11-16T00:46:44.225+0000] {dagbag.py:525} INFO - Filling up the DagBag from /opt/airflow/dags/forex_data_pipeline.py
[2022-11-16T00:46:44.482+0000] {processor.py:768} INFO - DAG(s) dict_keys(['forex_data_pipeline']) retrieved from /opt/airflow/dags/forex_data_pipeline.py
[2022-11-16T00:46:44.610+0000] {logging_mixin.py:117} INFO - [2022-11-16T00:46:44.610+0000] {dag.py:2573} INFO - Sync 1 DAGs
[2022-11-16T00:46:44.631+0000] {logging_mixin.py:117} INFO - [2022-11-16T00:46:44.631+0000] {dag.py:3328} INFO - Setting next_dagrun for forex_data_pipeline to 2022-11-16T00:00:00+00:00, run_after=2022-11-17T00:00:00+00:00
[2022-11-16T00:46:44.650+0000] {processor.py:178} INFO - Processing /opt/airflow/dags/forex_data_pipeline.py took 0.431 seconds
[2022-11-16T00:47:14.910+0000] {processor.py:156} INFO - Started process (PID=857) to work on /opt/airflow/dags/forex_data_pipeline.py
[2022-11-16T00:47:14.913+0000] {processor.py:758} INFO - Processing file /opt/airflow/dags/forex_data_pipeline.py for tasks to queue
[2022-11-16T00:47:14.914+0000] {logging_mixin.py:117} INFO - [2022-11-16T00:47:14.914+0000] {dagbag.py:525} INFO - Filling up the DagBag from /opt/airflow/dags/forex_data_pipeline.py
[2022-11-16T00:47:15.150+0000] {processor.py:768} INFO - DAG(s) dict_keys(['forex_data_pipeline']) retrieved from /opt/airflow/dags/forex_data_pipeline.py
[2022-11-16T00:47:15.279+0000] {logging_mixin.py:117} INFO - [2022-11-16T00:47:15.278+0000] {dag.py:2573} INFO - Sync 1 DAGs
[2022-11-16T00:47:15.298+0000] {logging_mixin.py:117} INFO - [2022-11-16T00:47:15.298+0000] {dag.py:3328} INFO - Setting next_dagrun for forex_data_pipeline to 2022-11-16T00:00:00+00:00, run_after=2022-11-17T00:00:00+00:00
[2022-11-16T00:47:15.319+0000] {processor.py:178} INFO - Processing /opt/airflow/dags/forex_data_pipeline.py took 0.411 seconds
[2022-11-16T00:47:45.630+0000] {processor.py:156} INFO - Started process (PID=885) to work on /opt/airflow/dags/forex_data_pipeline.py
[2022-11-16T00:47:45.632+0000] {processor.py:758} INFO - Processing file /opt/airflow/dags/forex_data_pipeline.py for tasks to queue
[2022-11-16T00:47:45.633+0000] {logging_mixin.py:117} INFO - [2022-11-16T00:47:45.633+0000] {dagbag.py:525} INFO - Filling up the DagBag from /opt/airflow/dags/forex_data_pipeline.py
[2022-11-16T00:47:45.919+0000] {processor.py:768} INFO - DAG(s) dict_keys(['forex_data_pipeline']) retrieved from /opt/airflow/dags/forex_data_pipeline.py
[2022-11-16T00:47:46.061+0000] {logging_mixin.py:117} INFO - [2022-11-16T00:47:46.061+0000] {dag.py:2573} INFO - Sync 1 DAGs
[2022-11-16T00:47:46.084+0000] {logging_mixin.py:117} INFO - [2022-11-16T00:47:46.084+0000] {dag.py:3328} INFO - Setting next_dagrun for forex_data_pipeline to 2022-11-16T00:00:00+00:00, run_after=2022-11-17T00:00:00+00:00
[2022-11-16T00:47:46.105+0000] {processor.py:178} INFO - Processing /opt/airflow/dags/forex_data_pipeline.py took 0.478 seconds
[2022-11-16T00:48:16.321+0000] {processor.py:156} INFO - Started process (PID=914) to work on /opt/airflow/dags/forex_data_pipeline.py
[2022-11-16T00:48:16.324+0000] {processor.py:758} INFO - Processing file /opt/airflow/dags/forex_data_pipeline.py for tasks to queue
[2022-11-16T00:48:16.325+0000] {logging_mixin.py:117} INFO - [2022-11-16T00:48:16.325+0000] {dagbag.py:525} INFO - Filling up the DagBag from /opt/airflow/dags/forex_data_pipeline.py
[2022-11-16T00:48:16.578+0000] {processor.py:768} INFO - DAG(s) dict_keys(['forex_data_pipeline']) retrieved from /opt/airflow/dags/forex_data_pipeline.py
[2022-11-16T00:48:16.698+0000] {logging_mixin.py:117} INFO - [2022-11-16T00:48:16.697+0000] {dag.py:2573} INFO - Sync 1 DAGs
[2022-11-16T00:48:16.716+0000] {logging_mixin.py:117} INFO - [2022-11-16T00:48:16.715+0000] {dag.py:3328} INFO - Setting next_dagrun for forex_data_pipeline to 2022-11-16T00:00:00+00:00, run_after=2022-11-17T00:00:00+00:00
[2022-11-16T00:48:16.732+0000] {processor.py:178} INFO - Processing /opt/airflow/dags/forex_data_pipeline.py took 0.413 seconds
[2022-11-16T00:48:46.966+0000] {processor.py:156} INFO - Started process (PID=944) to work on /opt/airflow/dags/forex_data_pipeline.py
[2022-11-16T00:48:46.968+0000] {processor.py:758} INFO - Processing file /opt/airflow/dags/forex_data_pipeline.py for tasks to queue
[2022-11-16T00:48:46.969+0000] {logging_mixin.py:117} INFO - [2022-11-16T00:48:46.969+0000] {dagbag.py:525} INFO - Filling up the DagBag from /opt/airflow/dags/forex_data_pipeline.py
[2022-11-16T00:48:47.267+0000] {processor.py:768} INFO - DAG(s) dict_keys(['forex_data_pipeline']) retrieved from /opt/airflow/dags/forex_data_pipeline.py
[2022-11-16T00:48:47.409+0000] {logging_mixin.py:117} INFO - [2022-11-16T00:48:47.409+0000] {dag.py:2573} INFO - Sync 1 DAGs
[2022-11-16T00:48:47.435+0000] {logging_mixin.py:117} INFO - [2022-11-16T00:48:47.435+0000] {dag.py:3328} INFO - Setting next_dagrun for forex_data_pipeline to 2022-11-16T00:00:00+00:00, run_after=2022-11-17T00:00:00+00:00
[2022-11-16T00:48:47.458+0000] {processor.py:178} INFO - Processing /opt/airflow/dags/forex_data_pipeline.py took 0.494 seconds
[2022-11-16T00:49:17.675+0000] {processor.py:156} INFO - Started process (PID=973) to work on /opt/airflow/dags/forex_data_pipeline.py
[2022-11-16T00:49:17.677+0000] {processor.py:758} INFO - Processing file /opt/airflow/dags/forex_data_pipeline.py for tasks to queue
[2022-11-16T00:49:17.679+0000] {logging_mixin.py:117} INFO - [2022-11-16T00:49:17.678+0000] {dagbag.py:525} INFO - Filling up the DagBag from /opt/airflow/dags/forex_data_pipeline.py
[2022-11-16T00:49:17.981+0000] {processor.py:768} INFO - DAG(s) dict_keys(['forex_data_pipeline']) retrieved from /opt/airflow/dags/forex_data_pipeline.py
[2022-11-16T00:49:18.127+0000] {logging_mixin.py:117} INFO - [2022-11-16T00:49:18.127+0000] {dag.py:2573} INFO - Sync 1 DAGs
[2022-11-16T00:49:18.151+0000] {logging_mixin.py:117} INFO - [2022-11-16T00:49:18.151+0000] {dag.py:3328} INFO - Setting next_dagrun for forex_data_pipeline to 2022-11-16T00:00:00+00:00, run_after=2022-11-17T00:00:00+00:00
[2022-11-16T00:49:18.175+0000] {processor.py:178} INFO - Processing /opt/airflow/dags/forex_data_pipeline.py took 0.502 seconds
[2022-11-16T00:49:48.302+0000] {processor.py:156} INFO - Started process (PID=993) to work on /opt/airflow/dags/forex_data_pipeline.py
[2022-11-16T00:49:48.304+0000] {processor.py:758} INFO - Processing file /opt/airflow/dags/forex_data_pipeline.py for tasks to queue
[2022-11-16T00:49:48.304+0000] {logging_mixin.py:117} INFO - [2022-11-16T00:49:48.304+0000] {dagbag.py:525} INFO - Filling up the DagBag from /opt/airflow/dags/forex_data_pipeline.py
[2022-11-16T00:49:48.551+0000] {processor.py:768} INFO - DAG(s) dict_keys(['forex_data_pipeline']) retrieved from /opt/airflow/dags/forex_data_pipeline.py
[2022-11-16T00:49:48.672+0000] {logging_mixin.py:117} INFO - [2022-11-16T00:49:48.672+0000] {dag.py:2573} INFO - Sync 1 DAGs
[2022-11-16T00:49:48.690+0000] {logging_mixin.py:117} INFO - [2022-11-16T00:49:48.690+0000] {dag.py:3328} INFO - Setting next_dagrun for forex_data_pipeline to 2022-11-16T00:00:00+00:00, run_after=2022-11-17T00:00:00+00:00
[2022-11-16T00:49:48.711+0000] {processor.py:178} INFO - Processing /opt/airflow/dags/forex_data_pipeline.py took 0.411 seconds
[2022-11-16T00:50:18.934+0000] {processor.py:156} INFO - Started process (PID=1022) to work on /opt/airflow/dags/forex_data_pipeline.py
[2022-11-16T00:50:18.936+0000] {processor.py:758} INFO - Processing file /opt/airflow/dags/forex_data_pipeline.py for tasks to queue
[2022-11-16T00:50:18.937+0000] {logging_mixin.py:117} INFO - [2022-11-16T00:50:18.936+0000] {dagbag.py:525} INFO - Filling up the DagBag from /opt/airflow/dags/forex_data_pipeline.py
[2022-11-16T00:50:19.159+0000] {processor.py:768} INFO - DAG(s) dict_keys(['forex_data_pipeline']) retrieved from /opt/airflow/dags/forex_data_pipeline.py
[2022-11-16T00:50:19.277+0000] {logging_mixin.py:117} INFO - [2022-11-16T00:50:19.277+0000] {dag.py:2573} INFO - Sync 1 DAGs
[2022-11-16T00:50:19.295+0000] {logging_mixin.py:117} INFO - [2022-11-16T00:50:19.295+0000] {dag.py:3328} INFO - Setting next_dagrun for forex_data_pipeline to 2022-11-16T00:00:00+00:00, run_after=2022-11-17T00:00:00+00:00
[2022-11-16T00:50:19.317+0000] {processor.py:178} INFO - Processing /opt/airflow/dags/forex_data_pipeline.py took 0.385 seconds
[2022-11-16T00:50:49.544+0000] {processor.py:156} INFO - Started process (PID=1051) to work on /opt/airflow/dags/forex_data_pipeline.py
[2022-11-16T00:50:49.545+0000] {processor.py:758} INFO - Processing file /opt/airflow/dags/forex_data_pipeline.py for tasks to queue
[2022-11-16T00:50:49.546+0000] {logging_mixin.py:117} INFO - [2022-11-16T00:50:49.546+0000] {dagbag.py:525} INFO - Filling up the DagBag from /opt/airflow/dags/forex_data_pipeline.py
[2022-11-16T00:50:49.804+0000] {processor.py:768} INFO - DAG(s) dict_keys(['forex_data_pipeline']) retrieved from /opt/airflow/dags/forex_data_pipeline.py
[2022-11-16T00:50:49.998+0000] {logging_mixin.py:117} INFO - [2022-11-16T00:50:49.998+0000] {dag.py:2573} INFO - Sync 1 DAGs
[2022-11-16T00:50:50.019+0000] {logging_mixin.py:117} INFO - [2022-11-16T00:50:50.019+0000] {dag.py:3328} INFO - Setting next_dagrun for forex_data_pipeline to 2022-11-16T00:00:00+00:00, run_after=2022-11-17T00:00:00+00:00
[2022-11-16T00:50:50.039+0000] {processor.py:178} INFO - Processing /opt/airflow/dags/forex_data_pipeline.py took 0.498 seconds
[2022-11-16T00:51:20.298+0000] {processor.py:156} INFO - Started process (PID=1079) to work on /opt/airflow/dags/forex_data_pipeline.py
[2022-11-16T00:51:20.300+0000] {processor.py:758} INFO - Processing file /opt/airflow/dags/forex_data_pipeline.py for tasks to queue
[2022-11-16T00:51:20.301+0000] {logging_mixin.py:117} INFO - [2022-11-16T00:51:20.301+0000] {dagbag.py:525} INFO - Filling up the DagBag from /opt/airflow/dags/forex_data_pipeline.py
[2022-11-16T00:51:20.537+0000] {processor.py:768} INFO - DAG(s) dict_keys(['forex_data_pipeline']) retrieved from /opt/airflow/dags/forex_data_pipeline.py
[2022-11-16T00:51:20.665+0000] {logging_mixin.py:117} INFO - [2022-11-16T00:51:20.664+0000] {dag.py:2573} INFO - Sync 1 DAGs
[2022-11-16T00:51:20.686+0000] {logging_mixin.py:117} INFO - [2022-11-16T00:51:20.686+0000] {dag.py:3328} INFO - Setting next_dagrun for forex_data_pipeline to 2022-11-16T00:00:00+00:00, run_after=2022-11-17T00:00:00+00:00
[2022-11-16T00:51:20.704+0000] {processor.py:178} INFO - Processing /opt/airflow/dags/forex_data_pipeline.py took 0.408 seconds
[2022-11-16T00:51:50.936+0000] {processor.py:156} INFO - Started process (PID=1098) to work on /opt/airflow/dags/forex_data_pipeline.py
[2022-11-16T00:51:50.938+0000] {processor.py:758} INFO - Processing file /opt/airflow/dags/forex_data_pipeline.py for tasks to queue
[2022-11-16T00:51:50.942+0000] {logging_mixin.py:117} INFO - [2022-11-16T00:51:50.942+0000] {dagbag.py:525} INFO - Filling up the DagBag from /opt/airflow/dags/forex_data_pipeline.py
[2022-11-16T00:51:51.222+0000] {processor.py:768} INFO - DAG(s) dict_keys(['forex_data_pipeline']) retrieved from /opt/airflow/dags/forex_data_pipeline.py
[2022-11-16T00:51:51.400+0000] {logging_mixin.py:117} INFO - [2022-11-16T00:51:51.400+0000] {dag.py:2573} INFO - Sync 1 DAGs
[2022-11-16T00:51:51.419+0000] {logging_mixin.py:117} INFO - [2022-11-16T00:51:51.419+0000] {dag.py:3328} INFO - Setting next_dagrun for forex_data_pipeline to 2022-11-16T00:00:00+00:00, run_after=2022-11-17T00:00:00+00:00
[2022-11-16T00:51:51.436+0000] {processor.py:178} INFO - Processing /opt/airflow/dags/forex_data_pipeline.py took 0.502 seconds
[2022-11-16T00:52:21.765+0000] {processor.py:156} INFO - Started process (PID=1128) to work on /opt/airflow/dags/forex_data_pipeline.py
[2022-11-16T00:52:21.771+0000] {processor.py:758} INFO - Processing file /opt/airflow/dags/forex_data_pipeline.py for tasks to queue
[2022-11-16T00:52:21.772+0000] {logging_mixin.py:117} INFO - [2022-11-16T00:52:21.772+0000] {dagbag.py:525} INFO - Filling up the DagBag from /opt/airflow/dags/forex_data_pipeline.py
[2022-11-16T00:52:21.998+0000] {processor.py:768} INFO - DAG(s) dict_keys(['forex_data_pipeline']) retrieved from /opt/airflow/dags/forex_data_pipeline.py
[2022-11-16T00:52:22.120+0000] {logging_mixin.py:117} INFO - [2022-11-16T00:52:22.119+0000] {dag.py:2573} INFO - Sync 1 DAGs
[2022-11-16T00:52:22.139+0000] {logging_mixin.py:117} INFO - [2022-11-16T00:52:22.139+0000] {dag.py:3328} INFO - Setting next_dagrun for forex_data_pipeline to 2022-11-16T00:00:00+00:00, run_after=2022-11-17T00:00:00+00:00
[2022-11-16T00:52:22.157+0000] {processor.py:178} INFO - Processing /opt/airflow/dags/forex_data_pipeline.py took 0.395 seconds
[2022-11-16T00:52:52.333+0000] {processor.py:156} INFO - Started process (PID=1157) to work on /opt/airflow/dags/forex_data_pipeline.py
[2022-11-16T00:52:52.335+0000] {processor.py:758} INFO - Processing file /opt/airflow/dags/forex_data_pipeline.py for tasks to queue
[2022-11-16T00:52:52.336+0000] {logging_mixin.py:117} INFO - [2022-11-16T00:52:52.336+0000] {dagbag.py:525} INFO - Filling up the DagBag from /opt/airflow/dags/forex_data_pipeline.py
[2022-11-16T00:52:52.612+0000] {processor.py:768} INFO - DAG(s) dict_keys(['forex_data_pipeline']) retrieved from /opt/airflow/dags/forex_data_pipeline.py
[2022-11-16T00:52:52.752+0000] {logging_mixin.py:117} INFO - [2022-11-16T00:52:52.751+0000] {dag.py:2573} INFO - Sync 1 DAGs
[2022-11-16T00:52:52.779+0000] {logging_mixin.py:117} INFO - [2022-11-16T00:52:52.779+0000] {dag.py:3328} INFO - Setting next_dagrun for forex_data_pipeline to 2022-11-16T00:00:00+00:00, run_after=2022-11-17T00:00:00+00:00
[2022-11-16T00:52:52.806+0000] {processor.py:178} INFO - Processing /opt/airflow/dags/forex_data_pipeline.py took 0.475 seconds
[2022-11-16T00:53:23.009+0000] {processor.py:156} INFO - Started process (PID=1187) to work on /opt/airflow/dags/forex_data_pipeline.py
[2022-11-16T00:53:23.011+0000] {processor.py:758} INFO - Processing file /opt/airflow/dags/forex_data_pipeline.py for tasks to queue
[2022-11-16T00:53:23.012+0000] {logging_mixin.py:117} INFO - [2022-11-16T00:53:23.012+0000] {dagbag.py:525} INFO - Filling up the DagBag from /opt/airflow/dags/forex_data_pipeline.py
[2022-11-16T00:53:23.252+0000] {processor.py:768} INFO - DAG(s) dict_keys(['forex_data_pipeline']) retrieved from /opt/airflow/dags/forex_data_pipeline.py
[2022-11-16T00:53:23.387+0000] {logging_mixin.py:117} INFO - [2022-11-16T00:53:23.386+0000] {dag.py:2573} INFO - Sync 1 DAGs
[2022-11-16T00:53:23.406+0000] {logging_mixin.py:117} INFO - [2022-11-16T00:53:23.406+0000] {dag.py:3328} INFO - Setting next_dagrun for forex_data_pipeline to 2022-11-16T00:00:00+00:00, run_after=2022-11-17T00:00:00+00:00
[2022-11-16T00:53:23.424+0000] {processor.py:178} INFO - Processing /opt/airflow/dags/forex_data_pipeline.py took 0.417 seconds
[2022-11-16T00:53:53.649+0000] {processor.py:156} INFO - Started process (PID=1216) to work on /opt/airflow/dags/forex_data_pipeline.py
[2022-11-16T00:53:53.650+0000] {processor.py:758} INFO - Processing file /opt/airflow/dags/forex_data_pipeline.py for tasks to queue
[2022-11-16T00:53:53.651+0000] {logging_mixin.py:117} INFO - [2022-11-16T00:53:53.651+0000] {dagbag.py:525} INFO - Filling up the DagBag from /opt/airflow/dags/forex_data_pipeline.py
[2022-11-16T00:53:53.903+0000] {processor.py:768} INFO - DAG(s) dict_keys(['forex_data_pipeline']) retrieved from /opt/airflow/dags/forex_data_pipeline.py
[2022-11-16T00:53:54.041+0000] {logging_mixin.py:117} INFO - [2022-11-16T00:53:54.041+0000] {dag.py:2573} INFO - Sync 1 DAGs
[2022-11-16T00:53:54.060+0000] {logging_mixin.py:117} INFO - [2022-11-16T00:53:54.060+0000] {dag.py:3328} INFO - Setting next_dagrun for forex_data_pipeline to 2022-11-16T00:00:00+00:00, run_after=2022-11-17T00:00:00+00:00
[2022-11-16T00:53:54.075+0000] {processor.py:178} INFO - Processing /opt/airflow/dags/forex_data_pipeline.py took 0.428 seconds
[2022-11-16T00:54:24.312+0000] {processor.py:156} INFO - Started process (PID=1236) to work on /opt/airflow/dags/forex_data_pipeline.py
[2022-11-16T00:54:24.314+0000] {processor.py:758} INFO - Processing file /opt/airflow/dags/forex_data_pipeline.py for tasks to queue
[2022-11-16T00:54:24.315+0000] {logging_mixin.py:117} INFO - [2022-11-16T00:54:24.315+0000] {dagbag.py:525} INFO - Filling up the DagBag from /opt/airflow/dags/forex_data_pipeline.py
[2022-11-16T00:54:24.562+0000] {processor.py:768} INFO - DAG(s) dict_keys(['forex_data_pipeline']) retrieved from /opt/airflow/dags/forex_data_pipeline.py
[2022-11-16T00:54:24.688+0000] {logging_mixin.py:117} INFO - [2022-11-16T00:54:24.688+0000] {dag.py:2573} INFO - Sync 1 DAGs
[2022-11-16T00:54:24.706+0000] {logging_mixin.py:117} INFO - [2022-11-16T00:54:24.706+0000] {dag.py:3328} INFO - Setting next_dagrun for forex_data_pipeline to 2022-11-16T00:00:00+00:00, run_after=2022-11-17T00:00:00+00:00
[2022-11-16T00:54:24.723+0000] {processor.py:178} INFO - Processing /opt/airflow/dags/forex_data_pipeline.py took 0.414 seconds
[2022-11-16T00:54:54.982+0000] {processor.py:156} INFO - Started process (PID=1265) to work on /opt/airflow/dags/forex_data_pipeline.py
[2022-11-16T00:54:54.985+0000] {processor.py:758} INFO - Processing file /opt/airflow/dags/forex_data_pipeline.py for tasks to queue
[2022-11-16T00:54:54.986+0000] {logging_mixin.py:117} INFO - [2022-11-16T00:54:54.986+0000] {dagbag.py:525} INFO - Filling up the DagBag from /opt/airflow/dags/forex_data_pipeline.py
[2022-11-16T00:54:55.241+0000] {processor.py:768} INFO - DAG(s) dict_keys(['forex_data_pipeline']) retrieved from /opt/airflow/dags/forex_data_pipeline.py
[2022-11-16T00:54:55.372+0000] {logging_mixin.py:117} INFO - [2022-11-16T00:54:55.372+0000] {dag.py:2573} INFO - Sync 1 DAGs
[2022-11-16T00:54:55.393+0000] {logging_mixin.py:117} INFO - [2022-11-16T00:54:55.393+0000] {dag.py:3328} INFO - Setting next_dagrun for forex_data_pipeline to 2022-11-16T00:00:00+00:00, run_after=2022-11-17T00:00:00+00:00
[2022-11-16T00:54:55.414+0000] {processor.py:178} INFO - Processing /opt/airflow/dags/forex_data_pipeline.py took 0.434 seconds
[2022-11-16T00:55:25.693+0000] {processor.py:156} INFO - Started process (PID=1294) to work on /opt/airflow/dags/forex_data_pipeline.py
[2022-11-16T00:55:25.695+0000] {processor.py:758} INFO - Processing file /opt/airflow/dags/forex_data_pipeline.py for tasks to queue
[2022-11-16T00:55:25.696+0000] {logging_mixin.py:117} INFO - [2022-11-16T00:55:25.696+0000] {dagbag.py:525} INFO - Filling up the DagBag from /opt/airflow/dags/forex_data_pipeline.py
[2022-11-16T00:55:25.961+0000] {processor.py:768} INFO - DAG(s) dict_keys(['forex_data_pipeline']) retrieved from /opt/airflow/dags/forex_data_pipeline.py
[2022-11-16T00:55:26.098+0000] {logging_mixin.py:117} INFO - [2022-11-16T00:55:26.098+0000] {dag.py:2573} INFO - Sync 1 DAGs
[2022-11-16T00:55:26.126+0000] {logging_mixin.py:117} INFO - [2022-11-16T00:55:26.126+0000] {dag.py:3328} INFO - Setting next_dagrun for forex_data_pipeline to 2022-11-16T00:00:00+00:00, run_after=2022-11-17T00:00:00+00:00
[2022-11-16T00:55:26.145+0000] {processor.py:178} INFO - Processing /opt/airflow/dags/forex_data_pipeline.py took 0.454 seconds
[2022-11-16T00:55:56.360+0000] {processor.py:156} INFO - Started process (PID=1323) to work on /opt/airflow/dags/forex_data_pipeline.py
[2022-11-16T00:55:56.362+0000] {processor.py:758} INFO - Processing file /opt/airflow/dags/forex_data_pipeline.py for tasks to queue
[2022-11-16T00:55:56.362+0000] {logging_mixin.py:117} INFO - [2022-11-16T00:55:56.362+0000] {dagbag.py:525} INFO - Filling up the DagBag from /opt/airflow/dags/forex_data_pipeline.py
[2022-11-16T00:55:56.586+0000] {processor.py:768} INFO - DAG(s) dict_keys(['forex_data_pipeline']) retrieved from /opt/airflow/dags/forex_data_pipeline.py
[2022-11-16T00:55:56.709+0000] {logging_mixin.py:117} INFO - [2022-11-16T00:55:56.709+0000] {dag.py:2573} INFO - Sync 1 DAGs
[2022-11-16T00:55:56.730+0000] {logging_mixin.py:117} INFO - [2022-11-16T00:55:56.730+0000] {dag.py:3328} INFO - Setting next_dagrun for forex_data_pipeline to 2022-11-16T00:00:00+00:00, run_after=2022-11-17T00:00:00+00:00
[2022-11-16T00:55:56.752+0000] {processor.py:178} INFO - Processing /opt/airflow/dags/forex_data_pipeline.py took 0.394 seconds
[2022-11-16T00:56:27.027+0000] {processor.py:156} INFO - Started process (PID=1343) to work on /opt/airflow/dags/forex_data_pipeline.py
[2022-11-16T00:56:27.030+0000] {processor.py:758} INFO - Processing file /opt/airflow/dags/forex_data_pipeline.py for tasks to queue
[2022-11-16T00:56:27.031+0000] {logging_mixin.py:117} INFO - [2022-11-16T00:56:27.031+0000] {dagbag.py:525} INFO - Filling up the DagBag from /opt/airflow/dags/forex_data_pipeline.py
[2022-11-16T00:56:27.313+0000] {processor.py:768} INFO - DAG(s) dict_keys(['forex_data_pipeline']) retrieved from /opt/airflow/dags/forex_data_pipeline.py
[2022-11-16T00:56:27.445+0000] {logging_mixin.py:117} INFO - [2022-11-16T00:56:27.444+0000] {dag.py:2573} INFO - Sync 1 DAGs
[2022-11-16T00:56:27.466+0000] {logging_mixin.py:117} INFO - [2022-11-16T00:56:27.465+0000] {dag.py:3328} INFO - Setting next_dagrun for forex_data_pipeline to 2022-11-16T00:00:00+00:00, run_after=2022-11-17T00:00:00+00:00
[2022-11-16T00:56:27.488+0000] {processor.py:178} INFO - Processing /opt/airflow/dags/forex_data_pipeline.py took 0.464 seconds
[2022-11-16T00:56:57.800+0000] {processor.py:156} INFO - Started process (PID=1372) to work on /opt/airflow/dags/forex_data_pipeline.py
[2022-11-16T00:56:57.802+0000] {processor.py:758} INFO - Processing file /opt/airflow/dags/forex_data_pipeline.py for tasks to queue
[2022-11-16T00:56:57.803+0000] {logging_mixin.py:117} INFO - [2022-11-16T00:56:57.803+0000] {dagbag.py:525} INFO - Filling up the DagBag from /opt/airflow/dags/forex_data_pipeline.py
[2022-11-16T00:56:58.097+0000] {processor.py:768} INFO - DAG(s) dict_keys(['forex_data_pipeline']) retrieved from /opt/airflow/dags/forex_data_pipeline.py
[2022-11-16T00:56:58.242+0000] {logging_mixin.py:117} INFO - [2022-11-16T00:56:58.242+0000] {dag.py:2573} INFO - Sync 1 DAGs
[2022-11-16T00:56:58.264+0000] {logging_mixin.py:117} INFO - [2022-11-16T00:56:58.264+0000] {dag.py:3328} INFO - Setting next_dagrun for forex_data_pipeline to 2022-11-16T00:00:00+00:00, run_after=2022-11-17T00:00:00+00:00
[2022-11-16T00:56:58.287+0000] {processor.py:178} INFO - Processing /opt/airflow/dags/forex_data_pipeline.py took 0.490 seconds
[2022-11-16T00:57:28.386+0000] {processor.py:156} INFO - Started process (PID=1401) to work on /opt/airflow/dags/forex_data_pipeline.py
[2022-11-16T00:57:28.388+0000] {processor.py:758} INFO - Processing file /opt/airflow/dags/forex_data_pipeline.py for tasks to queue
[2022-11-16T00:57:28.389+0000] {logging_mixin.py:117} INFO - [2022-11-16T00:57:28.389+0000] {dagbag.py:525} INFO - Filling up the DagBag from /opt/airflow/dags/forex_data_pipeline.py
[2022-11-16T00:57:28.671+0000] {processor.py:768} INFO - DAG(s) dict_keys(['forex_data_pipeline']) retrieved from /opt/airflow/dags/forex_data_pipeline.py
[2022-11-16T00:57:28.811+0000] {logging_mixin.py:117} INFO - [2022-11-16T00:57:28.811+0000] {dag.py:2573} INFO - Sync 1 DAGs
[2022-11-16T00:57:28.832+0000] {logging_mixin.py:117} INFO - [2022-11-16T00:57:28.832+0000] {dag.py:3328} INFO - Setting next_dagrun for forex_data_pipeline to 2022-11-16T00:00:00+00:00, run_after=2022-11-17T00:00:00+00:00
[2022-11-16T00:57:28.855+0000] {processor.py:178} INFO - Processing /opt/airflow/dags/forex_data_pipeline.py took 0.472 seconds
[2022-11-16T00:57:59.101+0000] {processor.py:156} INFO - Started process (PID=1430) to work on /opt/airflow/dags/forex_data_pipeline.py
[2022-11-16T00:57:59.103+0000] {processor.py:758} INFO - Processing file /opt/airflow/dags/forex_data_pipeline.py for tasks to queue
[2022-11-16T00:57:59.104+0000] {logging_mixin.py:117} INFO - [2022-11-16T00:57:59.104+0000] {dagbag.py:525} INFO - Filling up the DagBag from /opt/airflow/dags/forex_data_pipeline.py
[2022-11-16T00:57:59.405+0000] {processor.py:768} INFO - DAG(s) dict_keys(['forex_data_pipeline']) retrieved from /opt/airflow/dags/forex_data_pipeline.py
[2022-11-16T00:57:59.557+0000] {logging_mixin.py:117} INFO - [2022-11-16T00:57:59.557+0000] {dag.py:2573} INFO - Sync 1 DAGs
[2022-11-16T00:57:59.580+0000] {logging_mixin.py:117} INFO - [2022-11-16T00:57:59.580+0000] {dag.py:3328} INFO - Setting next_dagrun for forex_data_pipeline to 2022-11-16T00:00:00+00:00, run_after=2022-11-17T00:00:00+00:00
[2022-11-16T00:57:59.603+0000] {processor.py:178} INFO - Processing /opt/airflow/dags/forex_data_pipeline.py took 0.505 seconds
[2022-11-16T00:58:29.855+0000] {processor.py:156} INFO - Started process (PID=1457) to work on /opt/airflow/dags/forex_data_pipeline.py
[2022-11-16T00:58:29.857+0000] {processor.py:758} INFO - Processing file /opt/airflow/dags/forex_data_pipeline.py for tasks to queue
[2022-11-16T00:58:29.858+0000] {logging_mixin.py:117} INFO - [2022-11-16T00:58:29.858+0000] {dagbag.py:525} INFO - Filling up the DagBag from /opt/airflow/dags/forex_data_pipeline.py
[2022-11-16T00:58:30.133+0000] {processor.py:768} INFO - DAG(s) dict_keys(['forex_data_pipeline']) retrieved from /opt/airflow/dags/forex_data_pipeline.py
[2022-11-16T00:58:30.280+0000] {logging_mixin.py:117} INFO - [2022-11-16T00:58:30.280+0000] {dag.py:2573} INFO - Sync 1 DAGs
[2022-11-16T00:58:30.302+0000] {logging_mixin.py:117} INFO - [2022-11-16T00:58:30.302+0000] {dag.py:3328} INFO - Setting next_dagrun for forex_data_pipeline to 2022-11-16T00:00:00+00:00, run_after=2022-11-17T00:00:00+00:00
[2022-11-16T00:58:30.322+0000] {processor.py:178} INFO - Processing /opt/airflow/dags/forex_data_pipeline.py took 0.470 seconds
[2022-11-16T00:59:00.526+0000] {processor.py:156} INFO - Started process (PID=1479) to work on /opt/airflow/dags/forex_data_pipeline.py
[2022-11-16T00:59:00.528+0000] {processor.py:758} INFO - Processing file /opt/airflow/dags/forex_data_pipeline.py for tasks to queue
[2022-11-16T00:59:00.529+0000] {logging_mixin.py:117} INFO - [2022-11-16T00:59:00.529+0000] {dagbag.py:525} INFO - Filling up the DagBag from /opt/airflow/dags/forex_data_pipeline.py
[2022-11-16T00:59:00.813+0000] {processor.py:768} INFO - DAG(s) dict_keys(['forex_data_pipeline']) retrieved from /opt/airflow/dags/forex_data_pipeline.py
[2022-11-16T00:59:00.950+0000] {logging_mixin.py:117} INFO - [2022-11-16T00:59:00.949+0000] {dag.py:2573} INFO - Sync 1 DAGs
[2022-11-16T00:59:00.969+0000] {logging_mixin.py:117} INFO - [2022-11-16T00:59:00.968+0000] {dag.py:3328} INFO - Setting next_dagrun for forex_data_pipeline to 2022-11-16T00:00:00+00:00, run_after=2022-11-17T00:00:00+00:00
[2022-11-16T00:59:00.988+0000] {processor.py:178} INFO - Processing /opt/airflow/dags/forex_data_pipeline.py took 0.465 seconds
[2022-11-16T00:59:19.702+0000] {processor.py:156} INFO - Started process (PID=1498) to work on /opt/airflow/dags/forex_data_pipeline.py
[2022-11-16T00:59:19.704+0000] {processor.py:758} INFO - Processing file /opt/airflow/dags/forex_data_pipeline.py for tasks to queue
[2022-11-16T00:59:19.705+0000] {logging_mixin.py:117} INFO - [2022-11-16T00:59:19.705+0000] {dagbag.py:525} INFO - Filling up the DagBag from /opt/airflow/dags/forex_data_pipeline.py
[2022-11-16T00:59:20.067+0000] {processor.py:768} INFO - DAG(s) dict_keys(['forex_data_pipeline']) retrieved from /opt/airflow/dags/forex_data_pipeline.py
[2022-11-16T00:59:20.217+0000] {logging_mixin.py:117} INFO - [2022-11-16T00:59:20.217+0000] {dag.py:2573} INFO - Sync 1 DAGs
[2022-11-16T00:59:20.242+0000] {logging_mixin.py:117} INFO - [2022-11-16T00:59:20.242+0000] {dag.py:3328} INFO - Setting next_dagrun for forex_data_pipeline to 2022-11-16T00:00:00+00:00, run_after=2022-11-17T00:00:00+00:00
[2022-11-16T00:59:20.274+0000] {processor.py:178} INFO - Processing /opt/airflow/dags/forex_data_pipeline.py took 0.574 seconds
[2022-11-16T00:59:50.371+0000] {processor.py:156} INFO - Started process (PID=1531) to work on /opt/airflow/dags/forex_data_pipeline.py
[2022-11-16T00:59:50.373+0000] {processor.py:758} INFO - Processing file /opt/airflow/dags/forex_data_pipeline.py for tasks to queue
[2022-11-16T00:59:50.374+0000] {logging_mixin.py:117} INFO - [2022-11-16T00:59:50.374+0000] {dagbag.py:525} INFO - Filling up the DagBag from /opt/airflow/dags/forex_data_pipeline.py
[2022-11-16T00:59:50.651+0000] {processor.py:768} INFO - DAG(s) dict_keys(['forex_data_pipeline']) retrieved from /opt/airflow/dags/forex_data_pipeline.py
[2022-11-16T00:59:50.804+0000] {logging_mixin.py:117} INFO - [2022-11-16T00:59:50.803+0000] {dag.py:2573} INFO - Sync 1 DAGs
[2022-11-16T00:59:50.826+0000] {logging_mixin.py:117} INFO - [2022-11-16T00:59:50.826+0000] {dag.py:3328} INFO - Setting next_dagrun for forex_data_pipeline to 2022-11-16T00:00:00+00:00, run_after=2022-11-17T00:00:00+00:00
[2022-11-16T00:59:50.848+0000] {processor.py:178} INFO - Processing /opt/airflow/dags/forex_data_pipeline.py took 0.479 seconds
[2022-11-16T01:00:08.624+0000] {processor.py:156} INFO - Started process (PID=1542) to work on /opt/airflow/dags/forex_data_pipeline.py
[2022-11-16T01:00:08.626+0000] {processor.py:758} INFO - Processing file /opt/airflow/dags/forex_data_pipeline.py for tasks to queue
[2022-11-16T01:00:08.627+0000] {logging_mixin.py:117} INFO - [2022-11-16T01:00:08.627+0000] {dagbag.py:525} INFO - Filling up the DagBag from /opt/airflow/dags/forex_data_pipeline.py
[2022-11-16T01:00:08.976+0000] {processor.py:768} INFO - DAG(s) dict_keys(['forex_data_pipeline']) retrieved from /opt/airflow/dags/forex_data_pipeline.py
[2022-11-16T01:00:09.118+0000] {logging_mixin.py:117} INFO - [2022-11-16T01:00:09.118+0000] {dag.py:2573} INFO - Sync 1 DAGs
[2022-11-16T01:00:09.140+0000] {logging_mixin.py:117} INFO - [2022-11-16T01:00:09.140+0000] {dag.py:3328} INFO - Setting next_dagrun for forex_data_pipeline to 2022-11-16T00:00:00+00:00, run_after=2022-11-17T00:00:00+00:00
[2022-11-16T01:00:09.174+0000] {processor.py:178} INFO - Processing /opt/airflow/dags/forex_data_pipeline.py took 0.552 seconds
[2022-11-16T01:00:39.475+0000] {processor.py:156} INFO - Started process (PID=1575) to work on /opt/airflow/dags/forex_data_pipeline.py
[2022-11-16T01:00:39.478+0000] {processor.py:758} INFO - Processing file /opt/airflow/dags/forex_data_pipeline.py for tasks to queue
[2022-11-16T01:00:39.479+0000] {logging_mixin.py:117} INFO - [2022-11-16T01:00:39.479+0000] {dagbag.py:525} INFO - Filling up the DagBag from /opt/airflow/dags/forex_data_pipeline.py
[2022-11-16T01:00:39.751+0000] {processor.py:768} INFO - DAG(s) dict_keys(['forex_data_pipeline']) retrieved from /opt/airflow/dags/forex_data_pipeline.py
[2022-11-16T01:00:39.886+0000] {logging_mixin.py:117} INFO - [2022-11-16T01:00:39.886+0000] {dag.py:2573} INFO - Sync 1 DAGs
[2022-11-16T01:00:39.908+0000] {logging_mixin.py:117} INFO - [2022-11-16T01:00:39.908+0000] {dag.py:3328} INFO - Setting next_dagrun for forex_data_pipeline to 2022-11-16T00:00:00+00:00, run_after=2022-11-17T00:00:00+00:00
[2022-11-16T01:00:39.929+0000] {processor.py:178} INFO - Processing /opt/airflow/dags/forex_data_pipeline.py took 0.457 seconds
[2022-11-16T01:00:42.497+0000] {processor.py:156} INFO - Started process (PID=1577) to work on /opt/airflow/dags/forex_data_pipeline.py
[2022-11-16T01:00:42.499+0000] {processor.py:758} INFO - Processing file /opt/airflow/dags/forex_data_pipeline.py for tasks to queue
[2022-11-16T01:00:42.500+0000] {logging_mixin.py:117} INFO - [2022-11-16T01:00:42.500+0000] {dagbag.py:525} INFO - Filling up the DagBag from /opt/airflow/dags/forex_data_pipeline.py
[2022-11-16T01:00:42.810+0000] {processor.py:768} INFO - DAG(s) dict_keys(['forex_data_pipeline']) retrieved from /opt/airflow/dags/forex_data_pipeline.py
[2022-11-16T01:00:42.944+0000] {logging_mixin.py:117} INFO - [2022-11-16T01:00:42.944+0000] {dag.py:2573} INFO - Sync 1 DAGs
[2022-11-16T01:00:42.967+0000] {logging_mixin.py:117} INFO - [2022-11-16T01:00:42.967+0000] {dag.py:3328} INFO - Setting next_dagrun for forex_data_pipeline to 2022-11-16T00:00:00+00:00, run_after=2022-11-17T00:00:00+00:00
[2022-11-16T01:00:42.997+0000] {processor.py:178} INFO - Processing /opt/airflow/dags/forex_data_pipeline.py took 0.501 seconds
[2022-11-16T01:01:13.183+0000] {processor.py:156} INFO - Started process (PID=1606) to work on /opt/airflow/dags/forex_data_pipeline.py
[2022-11-16T01:01:13.185+0000] {processor.py:758} INFO - Processing file /opt/airflow/dags/forex_data_pipeline.py for tasks to queue
[2022-11-16T01:01:13.185+0000] {logging_mixin.py:117} INFO - [2022-11-16T01:01:13.185+0000] {dagbag.py:525} INFO - Filling up the DagBag from /opt/airflow/dags/forex_data_pipeline.py
[2022-11-16T01:01:13.416+0000] {processor.py:768} INFO - DAG(s) dict_keys(['forex_data_pipeline']) retrieved from /opt/airflow/dags/forex_data_pipeline.py
[2022-11-16T01:01:13.594+0000] {logging_mixin.py:117} INFO - [2022-11-16T01:01:13.594+0000] {dag.py:2573} INFO - Sync 1 DAGs
[2022-11-16T01:01:13.615+0000] {logging_mixin.py:117} INFO - [2022-11-16T01:01:13.615+0000] {dag.py:3328} INFO - Setting next_dagrun for forex_data_pipeline to 2022-11-16T00:00:00+00:00, run_after=2022-11-17T00:00:00+00:00
[2022-11-16T01:01:13.636+0000] {processor.py:178} INFO - Processing /opt/airflow/dags/forex_data_pipeline.py took 0.455 seconds
