[2022-12-13T15:42:30.538+0000] {taskinstance.py:1087} INFO - Dependencies all met for <TaskInstance: forex_data_pipeline.create_forexRates_database scheduled__2022-12-12T00:00:00+00:00 [queued]>
[2022-12-13T15:42:30.554+0000] {taskinstance.py:1087} INFO - Dependencies all met for <TaskInstance: forex_data_pipeline.create_forexRates_database scheduled__2022-12-12T00:00:00+00:00 [queued]>
[2022-12-13T15:42:30.555+0000] {taskinstance.py:1283} INFO - 
--------------------------------------------------------------------------------
[2022-12-13T15:42:30.555+0000] {taskinstance.py:1284} INFO - Starting attempt 1 of 3
[2022-12-13T15:42:30.556+0000] {taskinstance.py:1285} INFO - 
--------------------------------------------------------------------------------
[2022-12-13T15:42:30.583+0000] {taskinstance.py:1304} INFO - Executing <Task(PostgresOperator): create_forexRates_database> on 2022-12-12 00:00:00+00:00
[2022-12-13T15:42:30.590+0000] {standard_task_runner.py:55} INFO - Started process 81 to run task
[2022-12-13T15:42:30.595+0000] {standard_task_runner.py:82} INFO - Running: ['***', 'tasks', 'run', 'forex_data_pipeline', 'create_forexRates_database', 'scheduled__2022-12-12T00:00:00+00:00', '--job-id', '393', '--raw', '--subdir', 'DAGS_FOLDER/forex_data_pipeline.py', '--cfg-path', '/tmp/tmp8oeqr0yb']
[2022-12-13T15:42:30.599+0000] {standard_task_runner.py:83} INFO - Job 393: Subtask create_forexRates_database
[2022-12-13T15:42:30.747+0000] {task_command.py:389} INFO - Running <TaskInstance: forex_data_pipeline.create_forexRates_database scheduled__2022-12-12T00:00:00+00:00 [running]> on host 8d7df76d8e6f
[2022-12-13T15:42:30.834+0000] {taskinstance.py:1513} INFO - Exporting the following env vars:
AIRFLOW_CTX_DAG_EMAIL=juanfelipehdezm@gmail.com
AIRFLOW_CTX_DAG_OWNER=felipehdez
AIRFLOW_CTX_DAG_ID=forex_data_pipeline
AIRFLOW_CTX_TASK_ID=create_forexRates_database
AIRFLOW_CTX_EXECUTION_DATE=2022-12-12T00:00:00+00:00
AIRFLOW_CTX_TRY_NUMBER=1
AIRFLOW_CTX_DAG_RUN_ID=scheduled__2022-12-12T00:00:00+00:00
[2022-12-13T15:42:30.836+0000] {sql.py:253} INFO - Executing: 

            DROP TABLE IF EXISTS forex_ratings;

            CREATE TABLE IF NOT EXISTS forex_ratings (
                From_Currency_Code TEXT NOT NULL,
                From_Currency_Name TEXT NOT NULL,
                To_Currency_Code TEXT NOT NULL,
                To_Currency_Name TEXT NOT NULL,
                Exchange_Rate NUMERIC(6,2),
                Last_Refreshed TIMESTAMP NOT NULL,
                Time_Zone TEXT NOT NULL
            );
        
[2022-12-13T15:42:30.849+0000] {base.py:73} INFO - Using connection ID 'forex_db' for task execution.
[2022-12-13T15:42:31.116+0000] {base.py:73} INFO - Using connection ID 'forex_db' for task execution.
[2022-12-13T15:42:31.121+0000] {sql.py:364} INFO - Running statement: 

            DROP TABLE IF EXISTS forex_ratings;

            CREATE TABLE IF NOT EXISTS forex_ratings (
                From_Currency_Code TEXT NOT NULL,
                From_Currency_Name TEXT NOT NULL,
                To_Currency_Code TEXT NOT NULL,
                To_Currency_Name TEXT NOT NULL,
                Exchange_Rate NUMERIC(6,2),
                Last_Refreshed TIMESTAMP NOT NULL,
                Time_Zone TEXT NOT NULL
            );
        , parameters: None
[2022-12-13T15:42:31.161+0000] {taskinstance.py:1327} INFO - Marking task as SUCCESS. dag_id=forex_data_pipeline, task_id=create_forexRates_database, execution_date=20221212T000000, start_date=20221213T154230, end_date=20221213T154231
[2022-12-13T15:42:31.208+0000] {local_task_job.py:159} INFO - Task exited with return code 0
[2022-12-13T15:42:31.240+0000] {taskinstance.py:2582} INFO - 0 downstream tasks scheduled from follow-on schedule check
