[2023-04-17T21:33:12.946+0000] {taskinstance.py:1087} INFO - Dependencies all met for <TaskInstance: forex_data_pipeline.is_forex_rates_available scheduled__2023-04-16T00:00:00+00:00 [queued]>
[2023-04-17T21:33:12.961+0000] {taskinstance.py:1087} INFO - Dependencies all met for <TaskInstance: forex_data_pipeline.is_forex_rates_available scheduled__2023-04-16T00:00:00+00:00 [queued]>
[2023-04-17T21:33:12.962+0000] {taskinstance.py:1283} INFO - 
--------------------------------------------------------------------------------
[2023-04-17T21:33:12.963+0000] {taskinstance.py:1284} INFO - Starting attempt 1 of 3
[2023-04-17T21:33:12.964+0000] {taskinstance.py:1285} INFO - 
--------------------------------------------------------------------------------
[2023-04-17T21:33:12.979+0000] {taskinstance.py:1304} INFO - Executing <Task(HttpSensor): is_forex_rates_available> on 2023-04-16 00:00:00+00:00
[2023-04-17T21:33:12.985+0000] {standard_task_runner.py:55} INFO - Started process 82 to run task
[2023-04-17T21:33:12.990+0000] {standard_task_runner.py:82} INFO - Running: ['***', 'tasks', 'run', 'forex_data_pipeline', 'is_forex_rates_available', 'scheduled__2023-04-16T00:00:00+00:00', '--job-id', '1101', '--raw', '--subdir', 'DAGS_FOLDER/forex_data_pipeline.py', '--cfg-path', '/tmp/tmp9cq60ssh']
[2023-04-17T21:33:12.993+0000] {standard_task_runner.py:83} INFO - Job 1101: Subtask is_forex_rates_available
[2023-04-17T21:33:13.083+0000] {task_command.py:389} INFO - Running <TaskInstance: forex_data_pipeline.is_forex_rates_available scheduled__2023-04-16T00:00:00+00:00 [running]> on host b21115e7dff0
[2023-04-17T21:33:13.168+0000] {taskinstance.py:1513} INFO - Exporting the following env vars:
AIRFLOW_CTX_DAG_EMAIL=juanfelipehdezm@gmail.com
AIRFLOW_CTX_DAG_OWNER=felipehdez
AIRFLOW_CTX_DAG_ID=forex_data_pipeline
AIRFLOW_CTX_TASK_ID=is_forex_rates_available
AIRFLOW_CTX_EXECUTION_DATE=2023-04-16T00:00:00+00:00
AIRFLOW_CTX_TRY_NUMBER=1
AIRFLOW_CTX_DAG_RUN_ID=scheduled__2023-04-16T00:00:00+00:00
[2023-04-17T21:33:13.169+0000] {http.py:122} INFO - Poking: /query?function=CURRENCY_EXCHANGE_RATE&from_currency=USD&to_currency=COP&apikey=EHCCX9LJ1T4XQV4E
[2023-04-17T21:33:13.180+0000] {base.py:73} INFO - Using connection ID 'forex_api' for task execution.
[2023-04-17T21:33:13.183+0000] {http.py:150} INFO - Sending 'GET' to url: https://www.alphavantage.co/query?function=CURRENCY_EXCHANGE_RATE&from_currency=USD&to_currency=COP&apikey=EHCCX9LJ1T4XQV4E
[2023-04-17T21:33:16.515+0000] {base.py:228} INFO - Success criteria met. Exiting.
[2023-04-17T21:33:16.528+0000] {taskinstance.py:1327} INFO - Marking task as SUCCESS. dag_id=forex_data_pipeline, task_id=is_forex_rates_available, execution_date=20230416T000000, start_date=20230417T213312, end_date=20230417T213316
[2023-04-17T21:33:16.581+0000] {local_task_job.py:159} INFO - Task exited with return code 0
[2023-04-17T21:33:16.627+0000] {taskinstance.py:2582} INFO - 1 downstream tasks scheduled from follow-on schedule check
