[2023-02-12T16:18:01.733+0000] {processor.py:153} INFO - Started process (PID=53) to work on /opt/airflow/dags/forex_data_pipeline.py
[2023-02-12T16:18:01.739+0000] {processor.py:743} INFO - Processing file /opt/airflow/dags/forex_data_pipeline.py for tasks to queue
[2023-02-12T16:18:01.741+0000] {logging_mixin.py:137} INFO - [2023-02-12T16:18:01.741+0000] {dagbag.py:538} INFO - Filling up the DagBag from /opt/airflow/dags/forex_data_pipeline.py
[2023-02-12T16:18:02.990+0000] {processor.py:753} INFO - DAG(s) dict_keys(['forex_data_pipeline']) retrieved from /opt/airflow/dags/forex_data_pipeline.py
[2023-02-12T16:18:03.048+0000] {logging_mixin.py:137} INFO - [2023-02-12T16:18:03.047+0000] {dag.py:2676} INFO - Sync 1 DAGs
[2023-02-12T16:18:03.097+0000] {logging_mixin.py:137} INFO - [2023-02-12T16:18:03.097+0000] {dag.py:3427} INFO - Setting next_dagrun for forex_data_pipeline to 2023-02-12T00:00:00+00:00, run_after=2023-02-13T00:00:00+00:00
[2023-02-12T16:18:03.202+0000] {processor.py:175} INFO - Processing /opt/airflow/dags/forex_data_pipeline.py took 1.474 seconds
[2023-02-12T16:18:33.943+0000] {processor.py:153} INFO - Started process (PID=112) to work on /opt/airflow/dags/forex_data_pipeline.py
[2023-02-12T16:18:33.946+0000] {processor.py:743} INFO - Processing file /opt/airflow/dags/forex_data_pipeline.py for tasks to queue
[2023-02-12T16:18:33.947+0000] {logging_mixin.py:137} INFO - [2023-02-12T16:18:33.947+0000] {dagbag.py:538} INFO - Filling up the DagBag from /opt/airflow/dags/forex_data_pipeline.py
[2023-02-12T16:18:34.223+0000] {processor.py:753} INFO - DAG(s) dict_keys(['forex_data_pipeline']) retrieved from /opt/airflow/dags/forex_data_pipeline.py
[2023-02-12T16:18:34.245+0000] {logging_mixin.py:137} INFO - [2023-02-12T16:18:34.244+0000] {dag.py:2676} INFO - Sync 1 DAGs
[2023-02-12T16:18:34.265+0000] {logging_mixin.py:137} INFO - [2023-02-12T16:18:34.265+0000] {dag.py:3427} INFO - Setting next_dagrun for forex_data_pipeline to 2023-02-12T00:00:00+00:00, run_after=2023-02-13T00:00:00+00:00
[2023-02-12T16:18:34.290+0000] {processor.py:175} INFO - Processing /opt/airflow/dags/forex_data_pipeline.py took 0.350 seconds
[2023-02-12T16:19:05.041+0000] {processor.py:153} INFO - Started process (PID=155) to work on /opt/airflow/dags/forex_data_pipeline.py
[2023-02-12T16:19:05.043+0000] {processor.py:743} INFO - Processing file /opt/airflow/dags/forex_data_pipeline.py for tasks to queue
[2023-02-12T16:19:05.044+0000] {logging_mixin.py:137} INFO - [2023-02-12T16:19:05.043+0000] {dagbag.py:538} INFO - Filling up the DagBag from /opt/airflow/dags/forex_data_pipeline.py
[2023-02-12T16:19:05.304+0000] {processor.py:753} INFO - DAG(s) dict_keys(['forex_data_pipeline']) retrieved from /opt/airflow/dags/forex_data_pipeline.py
[2023-02-12T16:19:05.326+0000] {logging_mixin.py:137} INFO - [2023-02-12T16:19:05.326+0000] {dag.py:2676} INFO - Sync 1 DAGs
[2023-02-12T16:19:05.344+0000] {logging_mixin.py:137} INFO - [2023-02-12T16:19:05.344+0000] {dag.py:3427} INFO - Setting next_dagrun for forex_data_pipeline to 2023-02-12T00:00:00+00:00, run_after=2023-02-13T00:00:00+00:00
[2023-02-12T16:19:05.362+0000] {processor.py:175} INFO - Processing /opt/airflow/dags/forex_data_pipeline.py took 0.323 seconds
[2023-02-12T16:19:35.802+0000] {processor.py:153} INFO - Started process (PID=219) to work on /opt/airflow/dags/forex_data_pipeline.py
[2023-02-12T16:19:35.805+0000] {processor.py:743} INFO - Processing file /opt/airflow/dags/forex_data_pipeline.py for tasks to queue
[2023-02-12T16:19:35.806+0000] {logging_mixin.py:137} INFO - [2023-02-12T16:19:35.806+0000] {dagbag.py:538} INFO - Filling up the DagBag from /opt/airflow/dags/forex_data_pipeline.py
[2023-02-12T16:19:36.044+0000] {processor.py:753} INFO - DAG(s) dict_keys(['forex_data_pipeline']) retrieved from /opt/airflow/dags/forex_data_pipeline.py
[2023-02-12T16:19:36.064+0000] {logging_mixin.py:137} INFO - [2023-02-12T16:19:36.064+0000] {dag.py:2676} INFO - Sync 1 DAGs
[2023-02-12T16:19:36.084+0000] {logging_mixin.py:137} INFO - [2023-02-12T16:19:36.084+0000] {dag.py:3427} INFO - Setting next_dagrun for forex_data_pipeline to 2023-02-12T00:00:00+00:00, run_after=2023-02-13T00:00:00+00:00
[2023-02-12T16:19:36.101+0000] {processor.py:175} INFO - Processing /opt/airflow/dags/forex_data_pipeline.py took 0.301 seconds
[2023-02-12T16:20:06.446+0000] {processor.py:153} INFO - Started process (PID=263) to work on /opt/airflow/dags/forex_data_pipeline.py
[2023-02-12T16:20:06.449+0000] {processor.py:743} INFO - Processing file /opt/airflow/dags/forex_data_pipeline.py for tasks to queue
[2023-02-12T16:20:06.450+0000] {logging_mixin.py:137} INFO - [2023-02-12T16:20:06.450+0000] {dagbag.py:538} INFO - Filling up the DagBag from /opt/airflow/dags/forex_data_pipeline.py
[2023-02-12T16:20:06.748+0000] {processor.py:753} INFO - DAG(s) dict_keys(['forex_data_pipeline']) retrieved from /opt/airflow/dags/forex_data_pipeline.py
[2023-02-12T16:20:06.769+0000] {logging_mixin.py:137} INFO - [2023-02-12T16:20:06.769+0000] {dag.py:2676} INFO - Sync 1 DAGs
[2023-02-12T16:20:06.791+0000] {logging_mixin.py:137} INFO - [2023-02-12T16:20:06.791+0000] {dag.py:3427} INFO - Setting next_dagrun for forex_data_pipeline to 2023-02-12T00:00:00+00:00, run_after=2023-02-13T00:00:00+00:00
[2023-02-12T16:20:06.812+0000] {processor.py:175} INFO - Processing /opt/airflow/dags/forex_data_pipeline.py took 0.369 seconds
[2023-02-12T16:20:37.006+0000] {processor.py:153} INFO - Started process (PID=327) to work on /opt/airflow/dags/forex_data_pipeline.py
[2023-02-12T16:20:37.008+0000] {processor.py:743} INFO - Processing file /opt/airflow/dags/forex_data_pipeline.py for tasks to queue
[2023-02-12T16:20:37.009+0000] {logging_mixin.py:137} INFO - [2023-02-12T16:20:37.008+0000] {dagbag.py:538} INFO - Filling up the DagBag from /opt/airflow/dags/forex_data_pipeline.py
[2023-02-12T16:20:37.228+0000] {processor.py:753} INFO - DAG(s) dict_keys(['forex_data_pipeline']) retrieved from /opt/airflow/dags/forex_data_pipeline.py
[2023-02-12T16:20:37.247+0000] {logging_mixin.py:137} INFO - [2023-02-12T16:20:37.246+0000] {dag.py:2676} INFO - Sync 1 DAGs
[2023-02-12T16:20:37.266+0000] {logging_mixin.py:137} INFO - [2023-02-12T16:20:37.266+0000] {dag.py:3427} INFO - Setting next_dagrun for forex_data_pipeline to 2023-02-12T00:00:00+00:00, run_after=2023-02-13T00:00:00+00:00
[2023-02-12T16:20:37.287+0000] {processor.py:175} INFO - Processing /opt/airflow/dags/forex_data_pipeline.py took 0.283 seconds
[2023-02-12T16:21:07.728+0000] {processor.py:153} INFO - Started process (PID=380) to work on /opt/airflow/dags/forex_data_pipeline.py
[2023-02-12T16:21:07.731+0000] {processor.py:743} INFO - Processing file /opt/airflow/dags/forex_data_pipeline.py for tasks to queue
[2023-02-12T16:21:07.732+0000] {logging_mixin.py:137} INFO - [2023-02-12T16:21:07.732+0000] {dagbag.py:538} INFO - Filling up the DagBag from /opt/airflow/dags/forex_data_pipeline.py
[2023-02-12T16:21:07.986+0000] {processor.py:753} INFO - DAG(s) dict_keys(['forex_data_pipeline']) retrieved from /opt/airflow/dags/forex_data_pipeline.py
[2023-02-12T16:21:08.007+0000] {logging_mixin.py:137} INFO - [2023-02-12T16:21:08.007+0000] {dag.py:2676} INFO - Sync 1 DAGs
[2023-02-12T16:21:08.039+0000] {logging_mixin.py:137} INFO - [2023-02-12T16:21:08.039+0000] {dag.py:3427} INFO - Setting next_dagrun for forex_data_pipeline to 2023-02-12T00:00:00+00:00, run_after=2023-02-13T00:00:00+00:00
[2023-02-12T16:21:08.060+0000] {processor.py:175} INFO - Processing /opt/airflow/dags/forex_data_pipeline.py took 0.333 seconds
[2023-02-12T16:21:39.012+0000] {processor.py:153} INFO - Started process (PID=435) to work on /opt/airflow/dags/forex_data_pipeline.py
[2023-02-12T16:21:39.014+0000] {processor.py:743} INFO - Processing file /opt/airflow/dags/forex_data_pipeline.py for tasks to queue
[2023-02-12T16:21:39.015+0000] {logging_mixin.py:137} INFO - [2023-02-12T16:21:39.015+0000] {dagbag.py:538} INFO - Filling up the DagBag from /opt/airflow/dags/forex_data_pipeline.py
[2023-02-12T16:21:39.366+0000] {processor.py:753} INFO - DAG(s) dict_keys(['forex_data_pipeline']) retrieved from /opt/airflow/dags/forex_data_pipeline.py
[2023-02-12T16:21:39.386+0000] {logging_mixin.py:137} INFO - [2023-02-12T16:21:39.386+0000] {dag.py:2676} INFO - Sync 1 DAGs
[2023-02-12T16:21:39.411+0000] {logging_mixin.py:137} INFO - [2023-02-12T16:21:39.411+0000] {dag.py:3427} INFO - Setting next_dagrun for forex_data_pipeline to 2023-02-12T00:00:00+00:00, run_after=2023-02-13T00:00:00+00:00
[2023-02-12T16:21:39.448+0000] {processor.py:175} INFO - Processing /opt/airflow/dags/forex_data_pipeline.py took 0.438 seconds
[2023-02-12T16:22:09.663+0000] {processor.py:153} INFO - Started process (PID=497) to work on /opt/airflow/dags/forex_data_pipeline.py
[2023-02-12T16:22:09.666+0000] {processor.py:743} INFO - Processing file /opt/airflow/dags/forex_data_pipeline.py for tasks to queue
[2023-02-12T16:22:09.667+0000] {logging_mixin.py:137} INFO - [2023-02-12T16:22:09.667+0000] {dagbag.py:538} INFO - Filling up the DagBag from /opt/airflow/dags/forex_data_pipeline.py
[2023-02-12T16:22:09.966+0000] {processor.py:753} INFO - DAG(s) dict_keys(['forex_data_pipeline']) retrieved from /opt/airflow/dags/forex_data_pipeline.py
[2023-02-12T16:22:09.989+0000] {logging_mixin.py:137} INFO - [2023-02-12T16:22:09.988+0000] {dag.py:2676} INFO - Sync 1 DAGs
[2023-02-12T16:22:10.032+0000] {logging_mixin.py:137} INFO - [2023-02-12T16:22:10.032+0000] {dag.py:3427} INFO - Setting next_dagrun for forex_data_pipeline to 2023-02-12T00:00:00+00:00, run_after=2023-02-13T00:00:00+00:00
[2023-02-12T16:22:10.068+0000] {processor.py:175} INFO - Processing /opt/airflow/dags/forex_data_pipeline.py took 0.407 seconds
[2023-02-12T16:22:40.155+0000] {processor.py:153} INFO - Started process (PID=541) to work on /opt/airflow/dags/forex_data_pipeline.py
[2023-02-12T16:22:40.157+0000] {processor.py:743} INFO - Processing file /opt/airflow/dags/forex_data_pipeline.py for tasks to queue
[2023-02-12T16:22:40.158+0000] {logging_mixin.py:137} INFO - [2023-02-12T16:22:40.157+0000] {dagbag.py:538} INFO - Filling up the DagBag from /opt/airflow/dags/forex_data_pipeline.py
[2023-02-12T16:22:40.401+0000] {processor.py:753} INFO - DAG(s) dict_keys(['forex_data_pipeline']) retrieved from /opt/airflow/dags/forex_data_pipeline.py
[2023-02-12T16:22:40.425+0000] {logging_mixin.py:137} INFO - [2023-02-12T16:22:40.425+0000] {dag.py:2676} INFO - Sync 1 DAGs
[2023-02-12T16:22:40.444+0000] {logging_mixin.py:137} INFO - [2023-02-12T16:22:40.444+0000] {dag.py:3427} INFO - Setting next_dagrun for forex_data_pipeline to 2023-02-12T00:00:00+00:00, run_after=2023-02-13T00:00:00+00:00
[2023-02-12T16:22:40.462+0000] {processor.py:175} INFO - Processing /opt/airflow/dags/forex_data_pipeline.py took 0.310 seconds
[2023-02-12T16:23:11.067+0000] {processor.py:153} INFO - Started process (PID=605) to work on /opt/airflow/dags/forex_data_pipeline.py
[2023-02-12T16:23:11.069+0000] {processor.py:743} INFO - Processing file /opt/airflow/dags/forex_data_pipeline.py for tasks to queue
[2023-02-12T16:23:11.070+0000] {logging_mixin.py:137} INFO - [2023-02-12T16:23:11.070+0000] {dagbag.py:538} INFO - Filling up the DagBag from /opt/airflow/dags/forex_data_pipeline.py
[2023-02-12T16:23:11.284+0000] {processor.py:753} INFO - DAG(s) dict_keys(['forex_data_pipeline']) retrieved from /opt/airflow/dags/forex_data_pipeline.py
[2023-02-12T16:23:11.307+0000] {logging_mixin.py:137} INFO - [2023-02-12T16:23:11.307+0000] {dag.py:2676} INFO - Sync 1 DAGs
[2023-02-12T16:23:11.330+0000] {logging_mixin.py:137} INFO - [2023-02-12T16:23:11.329+0000] {dag.py:3427} INFO - Setting next_dagrun for forex_data_pipeline to 2023-02-12T00:00:00+00:00, run_after=2023-02-13T00:00:00+00:00
[2023-02-12T16:23:11.350+0000] {processor.py:175} INFO - Processing /opt/airflow/dags/forex_data_pipeline.py took 0.285 seconds
[2023-02-12T16:23:41.642+0000] {processor.py:153} INFO - Started process (PID=649) to work on /opt/airflow/dags/forex_data_pipeline.py
[2023-02-12T16:23:41.644+0000] {processor.py:743} INFO - Processing file /opt/airflow/dags/forex_data_pipeline.py for tasks to queue
[2023-02-12T16:23:41.645+0000] {logging_mixin.py:137} INFO - [2023-02-12T16:23:41.644+0000] {dagbag.py:538} INFO - Filling up the DagBag from /opt/airflow/dags/forex_data_pipeline.py
[2023-02-12T16:23:41.858+0000] {processor.py:753} INFO - DAG(s) dict_keys(['forex_data_pipeline']) retrieved from /opt/airflow/dags/forex_data_pipeline.py
[2023-02-12T16:23:41.879+0000] {logging_mixin.py:137} INFO - [2023-02-12T16:23:41.879+0000] {dag.py:2676} INFO - Sync 1 DAGs
[2023-02-12T16:23:41.898+0000] {logging_mixin.py:137} INFO - [2023-02-12T16:23:41.898+0000] {dag.py:3427} INFO - Setting next_dagrun for forex_data_pipeline to 2023-02-12T00:00:00+00:00, run_after=2023-02-13T00:00:00+00:00
[2023-02-12T16:23:41.916+0000] {processor.py:175} INFO - Processing /opt/airflow/dags/forex_data_pipeline.py took 0.276 seconds
[2023-02-12T16:24:12.112+0000] {processor.py:153} INFO - Started process (PID=713) to work on /opt/airflow/dags/forex_data_pipeline.py
[2023-02-12T16:24:12.115+0000] {processor.py:743} INFO - Processing file /opt/airflow/dags/forex_data_pipeline.py for tasks to queue
[2023-02-12T16:24:12.116+0000] {logging_mixin.py:137} INFO - [2023-02-12T16:24:12.116+0000] {dagbag.py:538} INFO - Filling up the DagBag from /opt/airflow/dags/forex_data_pipeline.py
[2023-02-12T16:24:12.386+0000] {processor.py:753} INFO - DAG(s) dict_keys(['forex_data_pipeline']) retrieved from /opt/airflow/dags/forex_data_pipeline.py
[2023-02-12T16:24:12.408+0000] {logging_mixin.py:137} INFO - [2023-02-12T16:24:12.408+0000] {dag.py:2676} INFO - Sync 1 DAGs
[2023-02-12T16:24:12.434+0000] {logging_mixin.py:137} INFO - [2023-02-12T16:24:12.433+0000] {dag.py:3427} INFO - Setting next_dagrun for forex_data_pipeline to 2023-02-12T00:00:00+00:00, run_after=2023-02-13T00:00:00+00:00
[2023-02-12T16:24:12.456+0000] {processor.py:175} INFO - Processing /opt/airflow/dags/forex_data_pipeline.py took 0.346 seconds
