[2022-11-04T22:52:51.146+0000] {manager.py:483} INFO - Processing files using up to 2 processes at a time 
[2022-11-04T22:52:51.151+0000] {manager.py:484} INFO - Process each file at most once every 30 seconds
[2022-11-04T22:52:51.152+0000] {manager.py:486} INFO - Checking for new files in /opt/airflow/dags every 300 seconds
[2022-11-04T22:52:51.154+0000] {manager.py:724} INFO - Searching for files in /opt/airflow/dags
[2022-11-04T22:52:51.166+0000] {manager.py:727} INFO - There are 0 files in /opt/airflow/dags
[2022-11-04T22:57:51.700+0000] {manager.py:724} INFO - Searching for files in /opt/airflow/dags
[2022-11-04T22:57:51.708+0000] {manager.py:727} INFO - There are 0 files in /opt/airflow/dags
[2022-11-04T22:59:50.981+0000] {manager.py:465} INFO - Exiting gracefully upon receiving signal 15
[2022-11-06T01:22:26.947+0000] {manager.py:483} INFO - Processing files using up to 2 processes at a time 
[2022-11-06T01:22:26.961+0000] {manager.py:484} INFO - Process each file at most once every 30 seconds
[2022-11-06T01:22:26.962+0000] {manager.py:486} INFO - Checking for new files in /opt/airflow/dags every 300 seconds
[2022-11-06T01:22:26.963+0000] {manager.py:724} INFO - Searching for files in /opt/airflow/dags
[2022-11-06T01:22:26.975+0000] {manager.py:727} INFO - There are 0 files in /opt/airflow/dags
[2022-11-06T01:26:26.927+0000] {manager.py:465} INFO - Exiting gracefully upon receiving signal 15
[2022-11-06T19:13:49.292+0000] {manager.py:483} INFO - Processing files using up to 2 processes at a time 
[2022-11-06T19:13:49.306+0000] {manager.py:484} INFO - Process each file at most once every 30 seconds
[2022-11-06T19:13:49.307+0000] {manager.py:486} INFO - Checking for new files in /opt/airflow/dags every 300 seconds
[2022-11-06T19:13:49.308+0000] {manager.py:724} INFO - Searching for files in /opt/airflow/dags
[2022-11-06T19:13:49.321+0000] {manager.py:727} INFO - There are 0 files in /opt/airflow/dags
[2022-11-06T19:18:49.977+0000] {manager.py:724} INFO - Searching for files in /opt/airflow/dags
[2022-11-06T19:18:49.983+0000] {manager.py:727} INFO - There are 0 files in /opt/airflow/dags
[2022-11-06T19:33:19.783+0000] {manager.py:724} INFO - Searching for files in /opt/airflow/dags
[2022-11-06T19:33:19.796+0000] {manager.py:727} INFO - There are 0 files in /opt/airflow/dags
[2022-11-06T19:33:26.351+0000] {manager.py:465} INFO - Exiting gracefully upon receiving signal 15
[2022-11-07T14:35:57.188+0000] {manager.py:483} INFO - Processing files using up to 2 processes at a time 
[2022-11-07T14:35:57.202+0000] {manager.py:484} INFO - Process each file at most once every 30 seconds
[2022-11-07T14:35:57.203+0000] {manager.py:486} INFO - Checking for new files in /opt/airflow/dags every 300 seconds
[2022-11-07T14:35:57.204+0000] {manager.py:724} INFO - Searching for files in /opt/airflow/dags
[2022-11-07T14:35:57.227+0000] {manager.py:727} INFO - There are 0 files in /opt/airflow/dags
[2022-11-07T14:53:18.599+0000] {manager.py:724} INFO - Searching for files in /opt/airflow/dags
[2022-11-07T14:53:18.614+0000] {manager.py:727} INFO - There are 0 files in /opt/airflow/dags
[2022-11-07T14:53:24.323+0000] {manager.py:465} INFO - Exiting gracefully upon receiving signal 15
[2022-11-07T15:47:28.244+0000] {manager.py:483} INFO - Processing files using up to 2 processes at a time 
[2022-11-07T15:47:28.255+0000] {manager.py:484} INFO - Process each file at most once every 30 seconds
[2022-11-07T15:47:28.257+0000] {manager.py:486} INFO - Checking for new files in /opt/airflow/dags every 300 seconds
[2022-11-07T15:47:28.258+0000] {manager.py:724} INFO - Searching for files in /opt/airflow/dags
[2022-11-07T15:47:28.311+0000] {manager.py:727} INFO - There are 1 files in /opt/airflow/dags
[2022-11-07T15:47:28.415+0000] {manager.py:846} INFO - 
================================================================================
DAG File Processing Stats

File Path                                   PID  Runtime      # DAGs    # Errors  Last Runtime    Last Run
----------------------------------------  -----  ---------  --------  ----------  --------------  ----------
/opt/airflow/dags/forex_data_pipeline.py     51  0.05s             0           0
================================================================================
[2022-11-07T15:47:58.712+0000] {manager.py:846} INFO - 
================================================================================
DAG File Processing Stats

File Path                                   PID  Runtime      # DAGs    # Errors  Last Runtime    Last Run
----------------------------------------  -----  ---------  --------  ----------  --------------  -------------------
/opt/airflow/dags/forex_data_pipeline.py     70  0.00s             0           1  0.31s           2022-11-07T15:47:28
================================================================================
[2022-11-07T15:48:29.228+0000] {manager.py:846} INFO - 
================================================================================
DAG File Processing Stats

File Path                                   PID  Runtime      # DAGs    # Errors  Last Runtime    Last Run
----------------------------------------  -----  ---------  --------  ----------  --------------  -------------------
/opt/airflow/dags/forex_data_pipeline.py     97  0.00s             0           1  0.23s           2022-11-07T15:47:58
================================================================================
[2022-11-07T15:48:59.569+0000] {manager.py:846} INFO - 
================================================================================
DAG File Processing Stats

File Path                                   PID  Runtime      # DAGs    # Errors  Last Runtime    Last Run
----------------------------------------  -----  ---------  --------  ----------  --------------  -------------------
/opt/airflow/dags/forex_data_pipeline.py    125  0.00s             0           1  0.14s           2022-11-07T15:48:29
================================================================================
[2022-11-07T15:49:30.078+0000] {manager.py:846} INFO - 
================================================================================
DAG File Processing Stats

File Path                                 PID    Runtime      # DAGs    # Errors  Last Runtime    Last Run
----------------------------------------  -----  ---------  --------  ----------  --------------  -------------------
/opt/airflow/dags/forex_data_pipeline.py                           1           0  0.46s           2022-11-07T15:49:06
================================================================================
[2022-11-07T15:50:00.729+0000] {manager.py:846} INFO - 
================================================================================
DAG File Processing Stats

File Path                                 PID    Runtime      # DAGs    # Errors  Last Runtime    Last Run
----------------------------------------  -----  ---------  --------  ----------  --------------  -------------------
/opt/airflow/dags/forex_data_pipeline.py                           1           0  0.28s           2022-11-07T15:49:36
================================================================================
[2022-11-07T15:50:31.265+0000] {manager.py:846} INFO - 
================================================================================
DAG File Processing Stats

File Path                                 PID    Runtime      # DAGs    # Errors  Last Runtime    Last Run
----------------------------------------  -----  ---------  --------  ----------  --------------  -------------------
/opt/airflow/dags/forex_data_pipeline.py                           1           0  0.26s           2022-11-07T15:50:07
================================================================================
[2022-11-07T15:51:01.564+0000] {manager.py:846} INFO - 
================================================================================
DAG File Processing Stats

File Path                                 PID    Runtime      # DAGs    # Errors  Last Runtime    Last Run
----------------------------------------  -----  ---------  --------  ----------  --------------  -------------------
/opt/airflow/dags/forex_data_pipeline.py                           1           0  0.22s           2022-11-07T15:50:37
================================================================================
[2022-11-07T15:51:32.096+0000] {manager.py:846} INFO - 
================================================================================
DAG File Processing Stats

File Path                                 PID    Runtime      # DAGs    # Errors  Last Runtime    Last Run
----------------------------------------  -----  ---------  --------  ----------  --------------  -------------------
/opt/airflow/dags/forex_data_pipeline.py                           1           0  0.25s           2022-11-07T15:51:07
================================================================================
[2022-11-07T15:52:02.390+0000] {manager.py:846} INFO - 
================================================================================
DAG File Processing Stats

File Path                                 PID    Runtime      # DAGs    # Errors  Last Runtime    Last Run
----------------------------------------  -----  ---------  --------  ----------  --------------  -------------------
/opt/airflow/dags/forex_data_pipeline.py                           1           0  0.18s           2022-11-07T15:51:38
================================================================================
[2022-11-07T15:52:28.630+0000] {manager.py:724} INFO - Searching for files in /opt/airflow/dags
[2022-11-07T15:52:28.706+0000] {manager.py:727} INFO - There are 1 files in /opt/airflow/dags
[2022-11-07T15:52:32.754+0000] {manager.py:846} INFO - 
================================================================================
DAG File Processing Stats

File Path                                 PID    Runtime      # DAGs    # Errors  Last Runtime    Last Run
----------------------------------------  -----  ---------  --------  ----------  --------------  -------------------
/opt/airflow/dags/forex_data_pipeline.py                           1           0  0.18s           2022-11-07T15:52:08
================================================================================
[2022-11-07T15:53:03.085+0000] {manager.py:846} INFO - 
================================================================================
DAG File Processing Stats

File Path                                 PID    Runtime      # DAGs    # Errors  Last Runtime    Last Run
----------------------------------------  -----  ---------  --------  ----------  --------------  -------------------
/opt/airflow/dags/forex_data_pipeline.py                           1           0  0.21s           2022-11-07T15:52:39
================================================================================
[2022-11-07T15:53:33.563+0000] {manager.py:846} INFO - 
================================================================================
DAG File Processing Stats

File Path                                 PID    Runtime      # DAGs    # Errors  Last Runtime    Last Run
----------------------------------------  -----  ---------  --------  ----------  --------------  -------------------
/opt/airflow/dags/forex_data_pipeline.py                           1           0  0.27s           2022-11-07T15:53:09
================================================================================
[2022-11-07T15:54:03.971+0000] {manager.py:846} INFO - 
================================================================================
DAG File Processing Stats

File Path                                 PID    Runtime      # DAGs    # Errors  Last Runtime    Last Run
----------------------------------------  -----  ---------  --------  ----------  --------------  -------------------
/opt/airflow/dags/forex_data_pipeline.py                           1           0  0.19s           2022-11-07T15:53:39
================================================================================
[2022-11-07T15:54:34.362+0000] {manager.py:846} INFO - 
================================================================================
DAG File Processing Stats

File Path                                 PID    Runtime      # DAGs    # Errors  Last Runtime    Last Run
----------------------------------------  -----  ---------  --------  ----------  --------------  -------------------
/opt/airflow/dags/forex_data_pipeline.py                           1           0  0.19s           2022-11-07T15:54:10
================================================================================
[2022-11-07T15:55:04.766+0000] {manager.py:846} INFO - 
================================================================================
DAG File Processing Stats

File Path                                 PID    Runtime      # DAGs    # Errors  Last Runtime    Last Run
----------------------------------------  -----  ---------  --------  ----------  --------------  -------------------
/opt/airflow/dags/forex_data_pipeline.py                           1           0  0.25s           2022-11-07T15:54:40
================================================================================
[2022-11-07T15:55:35.263+0000] {manager.py:846} INFO - 
================================================================================
DAG File Processing Stats

File Path                                 PID    Runtime      # DAGs    # Errors  Last Runtime    Last Run
----------------------------------------  -----  ---------  --------  ----------  --------------  -------------------
/opt/airflow/dags/forex_data_pipeline.py                           1           0  0.22s           2022-11-07T15:55:11
================================================================================
[2022-11-07T15:56:05.637+0000] {manager.py:846} INFO - 
================================================================================
DAG File Processing Stats

File Path                                 PID    Runtime      # DAGs    # Errors  Last Runtime    Last Run
----------------------------------------  -----  ---------  --------  ----------  --------------  -------------------
/opt/airflow/dags/forex_data_pipeline.py                           1           0  0.19s           2022-11-07T15:55:41
================================================================================
[2022-11-07T15:56:36.077+0000] {manager.py:846} INFO - 
================================================================================
DAG File Processing Stats

File Path                                 PID    Runtime      # DAGs    # Errors  Last Runtime    Last Run
----------------------------------------  -----  ---------  --------  ----------  --------------  -------------------
/opt/airflow/dags/forex_data_pipeline.py                           1           0  0.19s           2022-11-07T15:56:11
================================================================================
[2022-11-07T15:57:06.459+0000] {manager.py:846} INFO - 
================================================================================
DAG File Processing Stats

File Path                                 PID    Runtime      # DAGs    # Errors  Last Runtime    Last Run
----------------------------------------  -----  ---------  --------  ----------  --------------  -------------------
/opt/airflow/dags/forex_data_pipeline.py                           1           0  0.17s           2022-11-07T15:56:42
================================================================================
[2022-11-07T15:57:28.775+0000] {manager.py:724} INFO - Searching for files in /opt/airflow/dags
[2022-11-07T15:57:28.889+0000] {manager.py:727} INFO - There are 1 files in /opt/airflow/dags
[2022-11-07T15:57:37.003+0000] {manager.py:846} INFO - 
================================================================================
DAG File Processing Stats

File Path                                 PID    Runtime      # DAGs    # Errors  Last Runtime    Last Run
----------------------------------------  -----  ---------  --------  ----------  --------------  -------------------
/opt/airflow/dags/forex_data_pipeline.py                           1           0  0.19s           2022-11-07T15:57:12
================================================================================
[2022-11-07T15:58:07.336+0000] {manager.py:846} INFO - 
================================================================================
DAG File Processing Stats

File Path                                 PID    Runtime      # DAGs    # Errors  Last Runtime    Last Run
----------------------------------------  -----  ---------  --------  ----------  --------------  -------------------
/opt/airflow/dags/forex_data_pipeline.py                           1           0  0.20s           2022-11-07T15:57:43
================================================================================
[2022-11-07T15:58:37.790+0000] {manager.py:846} INFO - 
================================================================================
DAG File Processing Stats

File Path                                 PID    Runtime      # DAGs    # Errors  Last Runtime    Last Run
----------------------------------------  -----  ---------  --------  ----------  --------------  -------------------
/opt/airflow/dags/forex_data_pipeline.py                           1           0  0.24s           2022-11-07T15:58:13
================================================================================
[2022-11-07T15:59:08.153+0000] {manager.py:846} INFO - 
================================================================================
DAG File Processing Stats

File Path                                 PID    Runtime      # DAGs    # Errors  Last Runtime    Last Run
----------------------------------------  -----  ---------  --------  ----------  --------------  -------------------
/opt/airflow/dags/forex_data_pipeline.py                           1           0  0.19s           2022-11-07T15:58:44
================================================================================
[2022-11-07T15:59:38.632+0000] {manager.py:846} INFO - 
================================================================================
DAG File Processing Stats

File Path                                 PID    Runtime      # DAGs    # Errors  Last Runtime    Last Run
----------------------------------------  -----  ---------  --------  ----------  --------------  -------------------
/opt/airflow/dags/forex_data_pipeline.py                           1           0  0.25s           2022-11-07T15:59:14
================================================================================
[2022-11-07T16:00:08.898+0000] {manager.py:846} INFO - 
================================================================================
DAG File Processing Stats

File Path                                 PID    Runtime      # DAGs    # Errors  Last Runtime    Last Run
----------------------------------------  -----  ---------  --------  ----------  --------------  -------------------
/opt/airflow/dags/forex_data_pipeline.py                           1           0  0.16s           2022-11-07T15:59:44
================================================================================
[2022-11-07T16:00:39.413+0000] {manager.py:846} INFO - 
================================================================================
DAG File Processing Stats

File Path                                 PID    Runtime      # DAGs    # Errors  Last Runtime    Last Run
----------------------------------------  -----  ---------  --------  ----------  --------------  -------------------
/opt/airflow/dags/forex_data_pipeline.py                           1           0  0.23s           2022-11-07T16:00:15
================================================================================
[2022-11-07T16:01:09.765+0000] {manager.py:846} INFO - 
================================================================================
DAG File Processing Stats

File Path                                 PID    Runtime      # DAGs    # Errors  Last Runtime    Last Run
----------------------------------------  -----  ---------  --------  ----------  --------------  -------------------
/opt/airflow/dags/forex_data_pipeline.py                           1           0  0.18s           2022-11-07T16:00:45
================================================================================
[2022-11-07T16:01:40.179+0000] {manager.py:846} INFO - 
================================================================================
DAG File Processing Stats

File Path                                 PID    Runtime      # DAGs    # Errors  Last Runtime    Last Run
----------------------------------------  -----  ---------  --------  ----------  --------------  -------------------
/opt/airflow/dags/forex_data_pipeline.py                           1           0  0.21s           2022-11-07T16:01:16
================================================================================
[2022-11-07T16:02:10.566+0000] {manager.py:846} INFO - 
================================================================================
DAG File Processing Stats

File Path                                 PID    Runtime      # DAGs    # Errors  Last Runtime    Last Run
----------------------------------------  -----  ---------  --------  ----------  --------------  -------------------
/opt/airflow/dags/forex_data_pipeline.py                           1           0  0.17s           2022-11-07T16:01:46
================================================================================
[2022-11-07T16:02:28.802+0000] {manager.py:724} INFO - Searching for files in /opt/airflow/dags
[2022-11-07T16:02:28.858+0000] {manager.py:727} INFO - There are 1 files in /opt/airflow/dags
[2022-11-07T16:02:41.002+0000] {manager.py:846} INFO - 
================================================================================
DAG File Processing Stats

File Path                                 PID    Runtime      # DAGs    # Errors  Last Runtime    Last Run
----------------------------------------  -----  ---------  --------  ----------  --------------  -------------------
/opt/airflow/dags/forex_data_pipeline.py                           1           0  0.23s           2022-11-07T16:02:16
================================================================================
[2022-11-07T16:03:11.449+0000] {manager.py:846} INFO - 
================================================================================
DAG File Processing Stats

File Path                                 PID    Runtime      # DAGs    # Errors  Last Runtime    Last Run
----------------------------------------  -----  ---------  --------  ----------  --------------  -------------------
/opt/airflow/dags/forex_data_pipeline.py                           1           0  0.25s           2022-11-07T16:02:47
================================================================================
[2022-11-07T16:03:41.877+0000] {manager.py:846} INFO - 
================================================================================
DAG File Processing Stats

File Path                                 PID    Runtime      # DAGs    # Errors  Last Runtime    Last Run
----------------------------------------  -----  ---------  --------  ----------  --------------  -------------------
/opt/airflow/dags/forex_data_pipeline.py                           1           0  0.25s           2022-11-07T16:03:17
================================================================================
[2022-11-07T16:04:12.402+0000] {manager.py:846} INFO - 
================================================================================
DAG File Processing Stats

File Path                                 PID    Runtime      # DAGs    # Errors  Last Runtime    Last Run
----------------------------------------  -----  ---------  --------  ----------  --------------  -------------------
/opt/airflow/dags/forex_data_pipeline.py                           0           1  0.12s           2022-11-07T16:03:53
================================================================================
[2022-11-07T16:04:42.811+0000] {manager.py:846} INFO - 
================================================================================
DAG File Processing Stats

File Path                                 PID    Runtime      # DAGs    # Errors  Last Runtime    Last Run
----------------------------------------  -----  ---------  --------  ----------  --------------  -------------------
/opt/airflow/dags/forex_data_pipeline.py                           0           1  0.11s           2022-11-07T16:04:23
================================================================================
[2022-11-07T16:05:13.177+0000] {manager.py:846} INFO - 
================================================================================
DAG File Processing Stats

File Path                                 PID    Runtime      # DAGs    # Errors  Last Runtime    Last Run
----------------------------------------  -----  ---------  --------  ----------  --------------  -------------------
/opt/airflow/dags/forex_data_pipeline.py                           0           1  0.14s           2022-11-07T16:04:54
================================================================================
[2022-11-07T16:05:41.601+0000] {manager.py:520} INFO - DAG forex_data_pipeline is missing and will be deactivated.
[2022-11-07T16:05:41.608+0000] {manager.py:530} INFO - Deactivated 1 DAGs which are no longer present in file.
[2022-11-07T16:05:41.614+0000] {manager.py:534} INFO - Deleted DAG forex_data_pipeline in serialized_dag table
[2022-11-07T16:05:43.643+0000] {manager.py:846} INFO - 
================================================================================
DAG File Processing Stats

File Path                                 PID    Runtime      # DAGs    # Errors  Last Runtime    Last Run
----------------------------------------  -----  ---------  --------  ----------  --------------  -------------------
/opt/airflow/dags/forex_data_pipeline.py                           0           1  0.18s           2022-11-07T16:05:24
================================================================================
[2022-11-07T16:06:13.995+0000] {manager.py:846} INFO - 
================================================================================
DAG File Processing Stats

File Path                                 PID    Runtime      # DAGs    # Errors  Last Runtime    Last Run
----------------------------------------  -----  ---------  --------  ----------  --------------  -------------------
/opt/airflow/dags/forex_data_pipeline.py                           0           1  0.11s           2022-11-07T16:05:54
================================================================================
[2022-11-07T16:06:44.398+0000] {manager.py:846} INFO - 
================================================================================
DAG File Processing Stats

File Path                                 PID    Runtime      # DAGs    # Errors  Last Runtime    Last Run
----------------------------------------  -----  ---------  --------  ----------  --------------  -------------------
/opt/airflow/dags/forex_data_pipeline.py                           0           1  0.22s           2022-11-07T16:06:25
================================================================================
[2022-11-07T16:07:14.876+0000] {manager.py:846} INFO - 
================================================================================
DAG File Processing Stats

File Path                                 PID    Runtime      # DAGs    # Errors  Last Runtime    Last Run
----------------------------------------  -----  ---------  --------  ----------  --------------  -------------------
/opt/airflow/dags/forex_data_pipeline.py                           0           1  0.19s           2022-11-07T16:06:55
================================================================================
[2022-11-07T16:07:29.075+0000] {manager.py:724} INFO - Searching for files in /opt/airflow/dags
[2022-11-07T16:07:29.200+0000] {manager.py:727} INFO - There are 1 files in /opt/airflow/dags
[2022-11-07T16:07:45.367+0000] {manager.py:846} INFO - 
================================================================================
DAG File Processing Stats

File Path                                 PID    Runtime      # DAGs    # Errors  Last Runtime    Last Run
----------------------------------------  -----  ---------  --------  ----------  --------------  -------------------
/opt/airflow/dags/forex_data_pipeline.py                           0           1  0.27s           2022-11-07T16:07:26
================================================================================
[2022-11-07T16:08:15.776+0000] {manager.py:846} INFO - 
================================================================================
DAG File Processing Stats

File Path                                 PID    Runtime      # DAGs    # Errors  Last Runtime    Last Run
----------------------------------------  -----  ---------  --------  ----------  --------------  -------------------
/opt/airflow/dags/forex_data_pipeline.py                           0           1  0.27s           2022-11-07T16:07:46
================================================================================
[2022-11-07T16:08:46.067+0000] {manager.py:846} INFO - 
================================================================================
DAG File Processing Stats

File Path                                 PID    Runtime      # DAGs    # Errors  Last Runtime    Last Run
----------------------------------------  -----  ---------  --------  ----------  --------------  -------------------
/opt/airflow/dags/forex_data_pipeline.py                           0           1  0.17s           2022-11-07T16:08:16
================================================================================
[2022-11-07T16:09:16.554+0000] {manager.py:846} INFO - 
================================================================================
DAG File Processing Stats

File Path                                 PID    Runtime      # DAGs    # Errors  Last Runtime    Last Run
----------------------------------------  -----  ---------  --------  ----------  --------------  -------------------
/opt/airflow/dags/forex_data_pipeline.py                           0           1  0.24s           2022-11-07T16:08:47
================================================================================
[2022-11-07T16:09:46.924+0000] {manager.py:846} INFO - 
================================================================================
DAG File Processing Stats

File Path                                 PID    Runtime      # DAGs    # Errors  Last Runtime    Last Run
----------------------------------------  -----  ---------  --------  ----------  --------------  -------------------
/opt/airflow/dags/forex_data_pipeline.py                           0           1  0.15s           2022-11-07T16:09:17
================================================================================
[2022-11-07T16:10:17.255+0000] {manager.py:846} INFO - 
================================================================================
DAG File Processing Stats

File Path                                 PID    Runtime      # DAGs    # Errors  Last Runtime    Last Run
----------------------------------------  -----  ---------  --------  ----------  --------------  -------------------
/opt/airflow/dags/forex_data_pipeline.py                           0           1  0.15s           2022-11-07T16:09:48
================================================================================
[2022-11-07T16:10:47.309+0000] {manager.py:846} INFO - 
================================================================================
DAG File Processing Stats

File Path                                 PID    Runtime      # DAGs    # Errors  Last Runtime    Last Run
----------------------------------------  -----  ---------  --------  ----------  --------------  -------------------
/opt/airflow/dags/forex_data_pipeline.py                           1           0  0.56s           2022-11-07T16:10:36
================================================================================
[2022-11-07T16:11:17.611+0000] {manager.py:846} INFO - 
================================================================================
DAG File Processing Stats

File Path                                 PID    Runtime      # DAGs    # Errors  Last Runtime    Last Run
----------------------------------------  -----  ---------  --------  ----------  --------------  -------------------
/opt/airflow/dags/forex_data_pipeline.py                           1           0  0.40s           2022-11-07T16:11:06
================================================================================
[2022-11-07T16:11:47.770+0000] {manager.py:846} INFO - 
================================================================================
DAG File Processing Stats

File Path                                 PID    Runtime      # DAGs    # Errors  Last Runtime    Last Run
----------------------------------------  -----  ---------  --------  ----------  --------------  -------------------
/opt/airflow/dags/forex_data_pipeline.py                           1           0  0.40s           2022-11-07T16:11:37
================================================================================
[2022-11-07T16:12:18.304+0000] {manager.py:846} INFO - 
================================================================================
DAG File Processing Stats

File Path                                 PID    Runtime      # DAGs    # Errors  Last Runtime    Last Run
----------------------------------------  -----  ---------  --------  ----------  --------------  -------------------
/opt/airflow/dags/forex_data_pipeline.py                           1           0  0.44s           2022-11-07T16:12:16
================================================================================
[2022-11-07T16:12:29.402+0000] {manager.py:724} INFO - Searching for files in /opt/airflow/dags
[2022-11-07T16:12:29.464+0000] {manager.py:727} INFO - There are 1 files in /opt/airflow/dags
[2022-11-07T16:12:48.966+0000] {manager.py:846} INFO - 
================================================================================
DAG File Processing Stats

File Path                                 PID    Runtime      # DAGs    # Errors  Last Runtime    Last Run
----------------------------------------  -----  ---------  --------  ----------  --------------  -------------------
/opt/airflow/dags/forex_data_pipeline.py                           1           0  0.39s           2022-11-07T16:12:47
================================================================================
[2022-11-07T16:13:19.355+0000] {manager.py:846} INFO - 
================================================================================
DAG File Processing Stats

File Path                                 PID    Runtime      # DAGs    # Errors  Last Runtime    Last Run
----------------------------------------  -----  ---------  --------  ----------  --------------  -------------------
/opt/airflow/dags/forex_data_pipeline.py                           1           0  0.45s           2022-11-07T16:13:17
================================================================================
[2022-11-07T16:13:50.015+0000] {manager.py:846} INFO - 
================================================================================
DAG File Processing Stats

File Path                                 PID    Runtime      # DAGs    # Errors  Last Runtime    Last Run
----------------------------------------  -----  ---------  --------  ----------  --------------  -------------------
/opt/airflow/dags/forex_data_pipeline.py                           1           0  0.33s           2022-11-07T16:13:48
================================================================================
[2022-11-07T16:14:20.658+0000] {manager.py:846} INFO - 
================================================================================
DAG File Processing Stats

File Path                                 PID    Runtime      # DAGs    # Errors  Last Runtime    Last Run
----------------------------------------  -----  ---------  --------  ----------  --------------  -------------------
/opt/airflow/dags/forex_data_pipeline.py                           1           0  0.35s           2022-11-07T16:14:18
================================================================================
[2022-11-07T16:14:50.991+0000] {manager.py:846} INFO - 
================================================================================
DAG File Processing Stats

File Path                                 PID    Runtime      # DAGs    # Errors  Last Runtime    Last Run
----------------------------------------  -----  ---------  --------  ----------  --------------  -------------------
/opt/airflow/dags/forex_data_pipeline.py                           1           0  0.35s           2022-11-07T16:14:49
================================================================================
[2022-11-07T16:15:21.641+0000] {manager.py:846} INFO - 
================================================================================
DAG File Processing Stats

File Path                                 PID    Runtime      # DAGs    # Errors  Last Runtime    Last Run
----------------------------------------  -----  ---------  --------  ----------  --------------  -------------------
/opt/airflow/dags/forex_data_pipeline.py                           1           0  0.40s           2022-11-07T16:15:19
================================================================================
[2022-11-07T16:15:52.067+0000] {manager.py:846} INFO - 
================================================================================
DAG File Processing Stats

File Path                                 PID    Runtime      # DAGs    # Errors  Last Runtime    Last Run
----------------------------------------  -----  ---------  --------  ----------  --------------  -------------------
/opt/airflow/dags/forex_data_pipeline.py                           1           0  0.40s           2022-11-07T16:15:50
================================================================================
[2022-11-07T16:16:22.661+0000] {manager.py:846} INFO - 
================================================================================
DAG File Processing Stats

File Path                                 PID    Runtime      # DAGs    # Errors  Last Runtime    Last Run
----------------------------------------  -----  ---------  --------  ----------  --------------  -------------------
/opt/airflow/dags/forex_data_pipeline.py                           1           0  0.38s           2022-11-07T16:16:20
================================================================================
[2022-11-07T16:16:53.013+0000] {manager.py:846} INFO - 
================================================================================
DAG File Processing Stats

File Path                                 PID    Runtime      # DAGs    # Errors  Last Runtime    Last Run
----------------------------------------  -----  ---------  --------  ----------  --------------  -------------------
/opt/airflow/dags/forex_data_pipeline.py                           1           0  0.35s           2022-11-07T16:16:51
================================================================================
[2022-11-07T16:17:23.078+0000] {manager.py:846} INFO - 
================================================================================
DAG File Processing Stats

File Path                                 PID    Runtime      # DAGs    # Errors  Last Runtime    Last Run
----------------------------------------  -----  ---------  --------  ----------  --------------  -------------------
/opt/airflow/dags/forex_data_pipeline.py                           1           0  0.43s           2022-11-07T16:17:22
================================================================================
[2022-11-07T16:17:29.695+0000] {manager.py:724} INFO - Searching for files in /opt/airflow/dags
[2022-11-07T16:17:29.792+0000] {manager.py:727} INFO - There are 1 files in /opt/airflow/dags
[2022-11-07T16:17:53.391+0000] {manager.py:846} INFO - 
================================================================================
DAG File Processing Stats

File Path                                 PID    Runtime      # DAGs    # Errors  Last Runtime    Last Run
----------------------------------------  -----  ---------  --------  ----------  --------------  -------------------
/opt/airflow/dags/forex_data_pipeline.py                           1           0  0.47s           2022-11-07T16:17:52
================================================================================
[2022-11-07T16:18:23.839+0000] {manager.py:846} INFO - 
================================================================================
DAG File Processing Stats

File Path                                 PID    Runtime      # DAGs    # Errors  Last Runtime    Last Run
----------------------------------------  -----  ---------  --------  ----------  --------------  -------------------
/opt/airflow/dags/forex_data_pipeline.py                           1           0  0.40s           2022-11-07T16:18:23
================================================================================
[2022-11-07T16:18:54.391+0000] {manager.py:846} INFO - 
================================================================================
DAG File Processing Stats

File Path                                 PID    Runtime      # DAGs    # Errors  Last Runtime    Last Run
----------------------------------------  -----  ---------  --------  ----------  --------------  -------------------
/opt/airflow/dags/forex_data_pipeline.py                           1           0  0.41s           2022-11-07T16:18:53
================================================================================
[2022-11-07T16:19:24.922+0000] {manager.py:846} INFO - 
================================================================================
DAG File Processing Stats

File Path                                 PID    Runtime      # DAGs    # Errors  Last Runtime    Last Run
----------------------------------------  -----  ---------  --------  ----------  --------------  -------------------
/opt/airflow/dags/forex_data_pipeline.py                           1           0  0.35s           2022-11-07T16:19:24
================================================================================
[2022-11-07T16:19:55.407+0000] {manager.py:846} INFO - 
================================================================================
DAG File Processing Stats

File Path                                 PID    Runtime      # DAGs    # Errors  Last Runtime    Last Run
----------------------------------------  -----  ---------  --------  ----------  --------------  -------------------
/opt/airflow/dags/forex_data_pipeline.py                           1           0  0.36s           2022-11-07T16:19:54
================================================================================
[2022-11-07T16:20:25.846+0000] {manager.py:846} INFO - 
================================================================================
DAG File Processing Stats

File Path                                 PID    Runtime      # DAGs    # Errors  Last Runtime    Last Run
----------------------------------------  -----  ---------  --------  ----------  --------------  -------------------
/opt/airflow/dags/forex_data_pipeline.py                           1           0  0.40s           2022-11-07T16:20:25
================================================================================
[2022-11-07T16:20:55.872+0000] {manager.py:846} INFO - 
================================================================================
DAG File Processing Stats

File Path                                 PID    Runtime      # DAGs    # Errors  Last Runtime    Last Run
----------------------------------------  -----  ---------  --------  ----------  --------------  -------------------
/opt/airflow/dags/forex_data_pipeline.py                           1           0  0.35s           2022-11-07T16:20:55
================================================================================
[2022-11-07T16:21:26.218+0000] {manager.py:846} INFO - 
================================================================================
DAG File Processing Stats

File Path                                   PID  Runtime      # DAGs    # Errors  Last Runtime    Last Run
----------------------------------------  -----  ---------  --------  ----------  --------------  -------------------
/opt/airflow/dags/forex_data_pipeline.py   1741  0.00s             1           0  0.35s           2022-11-07T16:20:55
================================================================================
[2022-11-07T16:21:56.519+0000] {manager.py:846} INFO - 
================================================================================
DAG File Processing Stats

File Path                                 PID    Runtime      # DAGs    # Errors  Last Runtime    Last Run
----------------------------------------  -----  ---------  --------  ----------  --------------  -------------------
/opt/airflow/dags/forex_data_pipeline.py                           1           0  0.40s           2022-11-07T16:21:26
================================================================================
[2022-11-07T16:22:26.587+0000] {manager.py:846} INFO - 
================================================================================
DAG File Processing Stats

File Path                                 PID    Runtime      # DAGs    # Errors  Last Runtime    Last Run
----------------------------------------  -----  ---------  --------  ----------  --------------  -------------------
/opt/airflow/dags/forex_data_pipeline.py                           1           0  0.32s           2022-11-07T16:21:57
================================================================================
[2022-11-07T16:22:29.999+0000] {manager.py:724} INFO - Searching for files in /opt/airflow/dags
[2022-11-07T16:22:30.087+0000] {manager.py:727} INFO - There are 1 files in /opt/airflow/dags
[2022-11-07T16:22:56.893+0000] {manager.py:846} INFO - 
================================================================================
DAG File Processing Stats

File Path                                 PID    Runtime      # DAGs    # Errors  Last Runtime    Last Run
----------------------------------------  -----  ---------  --------  ----------  --------------  -------------------
/opt/airflow/dags/forex_data_pipeline.py                           1           0  0.37s           2022-11-07T16:22:27
================================================================================
[2022-11-07T16:23:27.035+0000] {manager.py:846} INFO - 
================================================================================
DAG File Processing Stats

File Path                                 PID    Runtime      # DAGs    # Errors  Last Runtime    Last Run
----------------------------------------  -----  ---------  --------  ----------  --------------  -------------------
/opt/airflow/dags/forex_data_pipeline.py                           1           0  0.40s           2022-11-07T16:22:58
================================================================================
[2022-11-07T16:23:57.349+0000] {manager.py:846} INFO - 
================================================================================
DAG File Processing Stats

File Path                                 PID    Runtime      # DAGs    # Errors  Last Runtime    Last Run
----------------------------------------  -----  ---------  --------  ----------  --------------  -------------------
/opt/airflow/dags/forex_data_pipeline.py                           1           0  0.32s           2022-11-07T16:23:29
================================================================================
[2022-11-07T16:24:27.957+0000] {manager.py:846} INFO - 
================================================================================
DAG File Processing Stats

File Path                                 PID    Runtime      # DAGs    # Errors  Last Runtime    Last Run
----------------------------------------  -----  ---------  --------  ----------  --------------  -------------------
/opt/airflow/dags/forex_data_pipeline.py                           1           0  0.36s           2022-11-07T16:24:00
================================================================================
[2022-11-07T16:24:57.961+0000] {manager.py:846} INFO - 
================================================================================
DAG File Processing Stats

File Path                                 PID    Runtime      # DAGs    # Errors  Last Runtime    Last Run
----------------------------------------  -----  ---------  --------  ----------  --------------  -------------------
/opt/airflow/dags/forex_data_pipeline.py                           1           0  0.36s           2022-11-07T16:24:30
================================================================================
[2022-11-07T16:25:28.522+0000] {manager.py:846} INFO - 
================================================================================
DAG File Processing Stats

File Path                                 PID    Runtime      # DAGs    # Errors  Last Runtime    Last Run
----------------------------------------  -----  ---------  --------  ----------  --------------  -------------------
/opt/airflow/dags/forex_data_pipeline.py                           1           0  0.73s           2022-11-07T16:25:01
================================================================================
[2022-11-07T16:25:59.051+0000] {manager.py:846} INFO - 
================================================================================
DAG File Processing Stats

File Path                                 PID    Runtime      # DAGs    # Errors  Last Runtime    Last Run
----------------------------------------  -----  ---------  --------  ----------  --------------  -------------------
/opt/airflow/dags/forex_data_pipeline.py                           1           0  0.32s           2022-11-07T16:25:32
================================================================================
[2022-11-07T16:26:29.628+0000] {manager.py:846} INFO - 
================================================================================
DAG File Processing Stats

File Path                                 PID    Runtime      # DAGs    # Errors  Last Runtime    Last Run
----------------------------------------  -----  ---------  --------  ----------  --------------  -------------------
/opt/airflow/dags/forex_data_pipeline.py                           1           0  0.32s           2022-11-07T16:26:03
================================================================================
[2022-11-07T16:27:00.119+0000] {manager.py:846} INFO - 
================================================================================
DAG File Processing Stats

File Path                                 PID    Runtime      # DAGs    # Errors  Last Runtime    Last Run
----------------------------------------  -----  ---------  --------  ----------  --------------  -------------------
/opt/airflow/dags/forex_data_pipeline.py                           1           0  0.34s           2022-11-07T16:26:34
================================================================================
[2022-11-07T16:27:30.000+0000] {manager.py:724} INFO - Searching for files in /opt/airflow/dags
[2022-11-07T16:27:30.063+0000] {manager.py:727} INFO - There are 1 files in /opt/airflow/dags
[2022-11-07T16:27:30.700+0000] {manager.py:846} INFO - 
================================================================================
DAG File Processing Stats

File Path                                 PID    Runtime      # DAGs    # Errors  Last Runtime    Last Run
----------------------------------------  -----  ---------  --------  ----------  --------------  -------------------
/opt/airflow/dags/forex_data_pipeline.py                           1           0  0.40s           2022-11-07T16:27:04
================================================================================
[2022-11-07T16:28:01.397+0000] {manager.py:846} INFO - 
================================================================================
DAG File Processing Stats

File Path                                 PID    Runtime      # DAGs    # Errors  Last Runtime    Last Run
----------------------------------------  -----  ---------  --------  ----------  --------------  -------------------
/opt/airflow/dags/forex_data_pipeline.py                           1           0  0.59s           2022-11-07T16:27:35
================================================================================
[2022-11-07T16:28:31.434+0000] {manager.py:846} INFO - 
================================================================================
DAG File Processing Stats

File Path                                 PID    Runtime      # DAGs    # Errors  Last Runtime    Last Run
----------------------------------------  -----  ---------  --------  ----------  --------------  -------------------
/opt/airflow/dags/forex_data_pipeline.py                           1           0  0.51s           2022-11-07T16:28:05
================================================================================
[2022-11-07T16:29:01.830+0000] {manager.py:846} INFO - 
================================================================================
DAG File Processing Stats

File Path                                 PID    Runtime      # DAGs    # Errors  Last Runtime    Last Run
----------------------------------------  -----  ---------  --------  ----------  --------------  -------------------
/opt/airflow/dags/forex_data_pipeline.py                           1           0  0.63s           2022-11-07T16:28:36
================================================================================
[2022-11-07T16:29:32.193+0000] {manager.py:846} INFO - 
================================================================================
DAG File Processing Stats

File Path                                 PID    Runtime      # DAGs    # Errors  Last Runtime    Last Run
----------------------------------------  -----  ---------  --------  ----------  --------------  -------------------
/opt/airflow/dags/forex_data_pipeline.py                           1           0  0.68s           2022-11-07T16:29:07
================================================================================
[2022-11-07T16:30:02.702+0000] {manager.py:846} INFO - 
================================================================================
DAG File Processing Stats

File Path                                 PID    Runtime      # DAGs    # Errors  Last Runtime    Last Run
----------------------------------------  -----  ---------  --------  ----------  --------------  -------------------
/opt/airflow/dags/forex_data_pipeline.py                           1           0  0.53s           2022-11-07T16:29:38
================================================================================
[2022-11-07T16:30:33.018+0000] {manager.py:846} INFO - 
================================================================================
DAG File Processing Stats

File Path                                 PID    Runtime      # DAGs    # Errors  Last Runtime    Last Run
----------------------------------------  -----  ---------  --------  ----------  --------------  -------------------
/opt/airflow/dags/forex_data_pipeline.py                           1           0  0.50s           2022-11-07T16:30:09
================================================================================
[2022-11-07T16:31:03.397+0000] {manager.py:846} INFO - 
================================================================================
DAG File Processing Stats

File Path                                 PID    Runtime      # DAGs    # Errors  Last Runtime    Last Run
----------------------------------------  -----  ---------  --------  ----------  --------------  -------------------
/opt/airflow/dags/forex_data_pipeline.py                           1           0  0.47s           2022-11-07T16:30:40
================================================================================
[2022-11-07T16:31:33.707+0000] {manager.py:846} INFO - 
================================================================================
DAG File Processing Stats

File Path                                 PID    Runtime      # DAGs    # Errors  Last Runtime    Last Run
----------------------------------------  -----  ---------  --------  ----------  --------------  -------------------
/opt/airflow/dags/forex_data_pipeline.py                           1           0  0.47s           2022-11-07T16:31:11
================================================================================
[2022-11-07T16:32:04.070+0000] {manager.py:846} INFO - 
================================================================================
DAG File Processing Stats

File Path                                 PID    Runtime      # DAGs    # Errors  Last Runtime    Last Run
----------------------------------------  -----  ---------  --------  ----------  --------------  -------------------
/opt/airflow/dags/forex_data_pipeline.py                           1           0  0.48s           2022-11-07T16:31:42
================================================================================
[2022-11-07T16:32:30.404+0000] {manager.py:724} INFO - Searching for files in /opt/airflow/dags
[2022-11-07T16:32:30.498+0000] {manager.py:727} INFO - There are 1 files in /opt/airflow/dags
[2022-11-07T16:32:34.562+0000] {manager.py:846} INFO - 
================================================================================
DAG File Processing Stats

File Path                                 PID    Runtime      # DAGs    # Errors  Last Runtime    Last Run
----------------------------------------  -----  ---------  --------  ----------  --------------  -------------------
/opt/airflow/dags/forex_data_pipeline.py                           1           0  0.49s           2022-11-07T16:32:13
================================================================================
[2022-11-07T16:33:05.308+0000] {manager.py:846} INFO - 
================================================================================
DAG File Processing Stats

File Path                                 PID    Runtime      # DAGs    # Errors  Last Runtime    Last Run
----------------------------------------  -----  ---------  --------  ----------  --------------  -------------------
/opt/airflow/dags/forex_data_pipeline.py                           1           0  0.48s           2022-11-07T16:32:44
================================================================================
[2022-11-07T16:33:35.313+0000] {manager.py:846} INFO - 
================================================================================
DAG File Processing Stats

File Path                                 PID    Runtime      # DAGs    # Errors  Last Runtime    Last Run
----------------------------------------  -----  ---------  --------  ----------  --------------  -------------------
/opt/airflow/dags/forex_data_pipeline.py                           1           0  0.60s           2022-11-07T16:33:15
================================================================================
[2022-11-07T16:34:05.346+0000] {manager.py:846} INFO - 
================================================================================
DAG File Processing Stats

File Path                                 PID    Runtime      # DAGs    # Errors  Last Runtime    Last Run
----------------------------------------  -----  ---------  --------  ----------  --------------  -------------------
/opt/airflow/dags/forex_data_pipeline.py                           1           0  0.66s           2022-11-07T16:33:46
================================================================================
[2022-11-07T16:34:35.702+0000] {manager.py:846} INFO - 
================================================================================
DAG File Processing Stats

File Path                                 PID    Runtime      # DAGs    # Errors  Last Runtime    Last Run
----------------------------------------  -----  ---------  --------  ----------  --------------  -------------------
/opt/airflow/dags/forex_data_pipeline.py                           1           0  0.67s           2022-11-07T16:34:17
================================================================================
[2022-11-07T16:35:06.137+0000] {manager.py:846} INFO - 
================================================================================
DAG File Processing Stats

File Path                                 PID    Runtime      # DAGs    # Errors  Last Runtime    Last Run
----------------------------------------  -----  ---------  --------  ----------  --------------  -------------------
/opt/airflow/dags/forex_data_pipeline.py                           1           0  0.54s           2022-11-07T16:34:47
================================================================================
[2022-11-07T16:35:36.587+0000] {manager.py:846} INFO - 
================================================================================
DAG File Processing Stats

File Path                                 PID    Runtime      # DAGs    # Errors  Last Runtime    Last Run
----------------------------------------  -----  ---------  --------  ----------  --------------  -------------------
/opt/airflow/dags/forex_data_pipeline.py                           1           0  0.47s           2022-11-07T16:35:18
================================================================================
[2022-11-07T16:36:06.976+0000] {manager.py:846} INFO - 
================================================================================
DAG File Processing Stats

File Path                                 PID    Runtime      # DAGs    # Errors  Last Runtime    Last Run
----------------------------------------  -----  ---------  --------  ----------  --------------  -------------------
/opt/airflow/dags/forex_data_pipeline.py                           1           0  0.62s           2022-11-07T16:35:49
================================================================================
[2022-11-07T16:36:37.031+0000] {manager.py:846} INFO - 
================================================================================
DAG File Processing Stats

File Path                                 PID    Runtime      # DAGs    # Errors  Last Runtime    Last Run
----------------------------------------  -----  ---------  --------  ----------  --------------  -------------------
/opt/airflow/dags/forex_data_pipeline.py                           1           0  0.61s           2022-11-07T16:36:20
================================================================================
[2022-11-07T16:37:07.938+0000] {manager.py:846} INFO - 
================================================================================
DAG File Processing Stats

File Path                                 PID    Runtime      # DAGs    # Errors  Last Runtime    Last Run
----------------------------------------  -----  ---------  --------  ----------  --------------  -------------------
/opt/airflow/dags/forex_data_pipeline.py                           1           0  0.60s           2022-11-07T16:36:51
================================================================================
[2022-11-07T16:37:30.818+0000] {manager.py:724} INFO - Searching for files in /opt/airflow/dags
[2022-11-07T16:37:30.958+0000] {manager.py:727} INFO - There are 1 files in /opt/airflow/dags
[2022-11-07T16:37:38.058+0000] {manager.py:846} INFO - 
================================================================================
DAG File Processing Stats

File Path                                 PID    Runtime      # DAGs    # Errors  Last Runtime    Last Run
----------------------------------------  -----  ---------  --------  ----------  --------------  -------------------
/opt/airflow/dags/forex_data_pipeline.py                           1           0  0.57s           2022-11-07T16:37:22
================================================================================
[2022-11-07T16:38:08.776+0000] {manager.py:846} INFO - 
================================================================================
DAG File Processing Stats

File Path                                 PID    Runtime      # DAGs    # Errors  Last Runtime    Last Run
----------------------------------------  -----  ---------  --------  ----------  --------------  -------------------
/opt/airflow/dags/forex_data_pipeline.py                           1           0  0.47s           2022-11-07T16:37:53
================================================================================
[2022-11-07T16:38:39.267+0000] {manager.py:846} INFO - 
================================================================================
DAG File Processing Stats

File Path                                 PID    Runtime      # DAGs    # Errors  Last Runtime    Last Run
----------------------------------------  -----  ---------  --------  ----------  --------------  -------------------
/opt/airflow/dags/forex_data_pipeline.py                           1           0  0.55s           2022-11-07T16:38:24
================================================================================
[2022-11-07T16:39:09.633+0000] {manager.py:846} INFO - 
================================================================================
DAG File Processing Stats

File Path                                 PID    Runtime      # DAGs    # Errors  Last Runtime    Last Run
----------------------------------------  -----  ---------  --------  ----------  --------------  -------------------
/opt/airflow/dags/forex_data_pipeline.py                           1           0  0.57s           2022-11-07T16:38:55
================================================================================
[2022-11-07T16:39:39.663+0000] {manager.py:846} INFO - 
================================================================================
DAG File Processing Stats

File Path                                 PID    Runtime      # DAGs    # Errors  Last Runtime    Last Run
----------------------------------------  -----  ---------  --------  ----------  --------------  -------------------
/opt/airflow/dags/forex_data_pipeline.py                           1           0  0.59s           2022-11-07T16:39:26
================================================================================
[2022-11-07T16:40:10.396+0000] {manager.py:846} INFO - 
================================================================================
DAG File Processing Stats

File Path                                 PID    Runtime      # DAGs    # Errors  Last Runtime    Last Run
----------------------------------------  -----  ---------  --------  ----------  --------------  -------------------
/opt/airflow/dags/forex_data_pipeline.py                           1           0  0.46s           2022-11-07T16:39:57
================================================================================
[2022-11-07T16:40:40.835+0000] {manager.py:846} INFO - 
================================================================================
DAG File Processing Stats

File Path                                 PID    Runtime      # DAGs    # Errors  Last Runtime    Last Run
----------------------------------------  -----  ---------  --------  ----------  --------------  -------------------
/opt/airflow/dags/forex_data_pipeline.py                           1           0  0.36s           2022-11-07T16:40:28
================================================================================
[2022-11-07T16:41:11.330+0000] {manager.py:846} INFO - 
================================================================================
DAG File Processing Stats

File Path                                 PID    Runtime      # DAGs    # Errors  Last Runtime    Last Run
----------------------------------------  -----  ---------  --------  ----------  --------------  -------------------
/opt/airflow/dags/forex_data_pipeline.py                           1           0  0.36s           2022-11-07T16:40:50
================================================================================
[2022-11-07T16:41:41.919+0000] {manager.py:846} INFO - 
================================================================================
DAG File Processing Stats

File Path                                 PID    Runtime      # DAGs    # Errors  Last Runtime    Last Run
----------------------------------------  -----  ---------  --------  ----------  --------------  -------------------
/opt/airflow/dags/forex_data_pipeline.py                           1           0  0.29s           2022-11-07T16:41:21
================================================================================
[2022-11-07T16:42:12.415+0000] {manager.py:846} INFO - 
================================================================================
DAG File Processing Stats

File Path                                 PID    Runtime      # DAGs    # Errors  Last Runtime    Last Run
----------------------------------------  -----  ---------  --------  ----------  --------------  -------------------
/opt/airflow/dags/forex_data_pipeline.py                           1           0  0.28s           2022-11-07T16:41:51
================================================================================
[2022-11-07T16:42:30.826+0000] {manager.py:724} INFO - Searching for files in /opt/airflow/dags
[2022-11-07T16:42:30.872+0000] {manager.py:727} INFO - There are 1 files in /opt/airflow/dags
[2022-11-07T16:42:42.965+0000] {manager.py:846} INFO - 
================================================================================
DAG File Processing Stats

File Path                                 PID    Runtime      # DAGs    # Errors  Last Runtime    Last Run
----------------------------------------  -----  ---------  --------  ----------  --------------  -------------------
/opt/airflow/dags/forex_data_pipeline.py                           1           0  0.29s           2022-11-07T16:42:22
================================================================================
[2022-11-07T16:43:13.400+0000] {manager.py:846} INFO - 
================================================================================
DAG File Processing Stats

File Path                                 PID    Runtime      # DAGs    # Errors  Last Runtime    Last Run
----------------------------------------  -----  ---------  --------  ----------  --------------  -------------------
/opt/airflow/dags/forex_data_pipeline.py                           1           0  0.35s           2022-11-07T16:42:52
================================================================================
[2022-11-07T16:43:43.999+0000] {manager.py:846} INFO - 
================================================================================
DAG File Processing Stats

File Path                                 PID    Runtime      # DAGs    # Errors  Last Runtime    Last Run
----------------------------------------  -----  ---------  --------  ----------  --------------  -------------------
/opt/airflow/dags/forex_data_pipeline.py                           1           0  0.29s           2022-11-07T16:43:23
================================================================================
[2022-11-07T16:44:14.467+0000] {manager.py:846} INFO - 
================================================================================
DAG File Processing Stats

File Path                                 PID    Runtime      # DAGs    # Errors  Last Runtime    Last Run
----------------------------------------  -----  ---------  --------  ----------  --------------  -------------------
/opt/airflow/dags/forex_data_pipeline.py                           1           0  0.26s           2022-11-07T16:43:53
================================================================================
[2022-11-07T16:44:44.954+0000] {manager.py:846} INFO - 
================================================================================
DAG File Processing Stats

File Path                                 PID    Runtime      # DAGs    # Errors  Last Runtime    Last Run
----------------------------------------  -----  ---------  --------  ----------  --------------  -------------------
/opt/airflow/dags/forex_data_pipeline.py                           1           0  0.31s           2022-11-07T16:44:24
================================================================================
[2022-11-07T16:45:15.526+0000] {manager.py:846} INFO - 
================================================================================
DAG File Processing Stats

File Path                                 PID    Runtime      # DAGs    # Errors  Last Runtime    Last Run
----------------------------------------  -----  ---------  --------  ----------  --------------  -------------------
/opt/airflow/dags/forex_data_pipeline.py                           1           0  0.25s           2022-11-07T16:44:54
================================================================================
[2022-11-07T16:45:46.015+0000] {manager.py:846} INFO - 
================================================================================
DAG File Processing Stats

File Path                                 PID    Runtime      # DAGs    # Errors  Last Runtime    Last Run
----------------------------------------  -----  ---------  --------  ----------  --------------  -------------------
/opt/airflow/dags/forex_data_pipeline.py                           1           0  0.25s           2022-11-07T16:45:24
================================================================================
[2022-11-07T16:46:16.234+0000] {manager.py:846} INFO - 
================================================================================
DAG File Processing Stats

File Path                                 PID    Runtime      # DAGs    # Errors  Last Runtime    Last Run
----------------------------------------  -----  ---------  --------  ----------  --------------  -------------------
/opt/airflow/dags/forex_data_pipeline.py                           1           0  0.30s           2022-11-07T16:45:55
================================================================================
[2022-11-07T16:46:46.811+0000] {manager.py:846} INFO - 
================================================================================
DAG File Processing Stats

File Path                                 PID    Runtime      # DAGs    # Errors  Last Runtime    Last Run
----------------------------------------  -----  ---------  --------  ----------  --------------  -------------------
/opt/airflow/dags/forex_data_pipeline.py                           1           0  0.31s           2022-11-07T16:46:25
================================================================================
[2022-11-07T16:47:17.438+0000] {manager.py:846} INFO - 
================================================================================
DAG File Processing Stats

File Path                                 PID    Runtime      # DAGs    # Errors  Last Runtime    Last Run
----------------------------------------  -----  ---------  --------  ----------  --------------  -------------------
/opt/airflow/dags/forex_data_pipeline.py                           1           0  0.28s           2022-11-07T16:46:56
================================================================================
[2022-11-07T16:47:31.109+0000] {manager.py:724} INFO - Searching for files in /opt/airflow/dags
[2022-11-07T16:47:31.163+0000] {manager.py:727} INFO - There are 1 files in /opt/airflow/dags
[2022-11-07T16:47:47.931+0000] {manager.py:846} INFO - 
================================================================================
DAG File Processing Stats

File Path                                 PID    Runtime      # DAGs    # Errors  Last Runtime    Last Run
----------------------------------------  -----  ---------  --------  ----------  --------------  -------------------
/opt/airflow/dags/forex_data_pipeline.py                           1           0  0.28s           2022-11-07T16:47:27
================================================================================
[2022-11-07T16:48:18.658+0000] {manager.py:846} INFO - 
================================================================================
DAG File Processing Stats

File Path                                 PID    Runtime      # DAGs    # Errors  Last Runtime    Last Run
----------------------------------------  -----  ---------  --------  ----------  --------------  -------------------
/opt/airflow/dags/forex_data_pipeline.py                           1           0  0.26s           2022-11-07T16:47:57
================================================================================
[2022-11-07T16:48:49.189+0000] {manager.py:846} INFO - 
================================================================================
DAG File Processing Stats

File Path                                 PID    Runtime      # DAGs    # Errors  Last Runtime    Last Run
----------------------------------------  -----  ---------  --------  ----------  --------------  -------------------
/opt/airflow/dags/forex_data_pipeline.py                           1           0  0.33s           2022-11-07T16:48:28
================================================================================
[2022-11-07T16:49:19.429+0000] {manager.py:846} INFO - 
================================================================================
DAG File Processing Stats

File Path                                 PID    Runtime      # DAGs    # Errors  Last Runtime    Last Run
----------------------------------------  -----  ---------  --------  ----------  --------------  -------------------
/opt/airflow/dags/forex_data_pipeline.py                           1           0  0.31s           2022-11-07T16:48:58
================================================================================
[2022-11-07T16:49:49.986+0000] {manager.py:846} INFO - 
================================================================================
DAG File Processing Stats

File Path                                 PID    Runtime      # DAGs    # Errors  Last Runtime    Last Run
----------------------------------------  -----  ---------  --------  ----------  --------------  -------------------
/opt/airflow/dags/forex_data_pipeline.py                           1           0  0.27s           2022-11-07T16:49:29
================================================================================
[2022-11-07T16:50:20.875+0000] {manager.py:846} INFO - 
================================================================================
DAG File Processing Stats

File Path                                 PID    Runtime      # DAGs    # Errors  Last Runtime    Last Run
----------------------------------------  -----  ---------  --------  ----------  --------------  -------------------
/opt/airflow/dags/forex_data_pipeline.py                           1           0  0.46s           2022-11-07T16:50:07
================================================================================
[2022-11-07T16:50:51.184+0000] {manager.py:846} INFO - 
================================================================================
DAG File Processing Stats

File Path                                 PID    Runtime      # DAGs    # Errors  Last Runtime    Last Run
----------------------------------------  -----  ---------  --------  ----------  --------------  -------------------
/opt/airflow/dags/forex_data_pipeline.py                           1           0  0.24s           2022-11-07T16:50:26
================================================================================
[2022-11-07T16:51:21.544+0000] {manager.py:846} INFO - 
================================================================================
DAG File Processing Stats

File Path                                 PID    Runtime      # DAGs    # Errors  Last Runtime    Last Run
----------------------------------------  -----  ---------  --------  ----------  --------------  -------------------
/opt/airflow/dags/forex_data_pipeline.py                           1           0  0.29s           2022-11-07T16:50:56
================================================================================
[2022-11-07T16:51:51.875+0000] {manager.py:846} INFO - 
================================================================================
DAG File Processing Stats

File Path                                 PID    Runtime      # DAGs    # Errors  Last Runtime    Last Run
----------------------------------------  -----  ---------  --------  ----------  --------------  -------------------
/opt/airflow/dags/forex_data_pipeline.py                           1           0  0.28s           2022-11-07T16:51:26
================================================================================
[2022-11-07T16:52:22.241+0000] {manager.py:846} INFO - 
================================================================================
DAG File Processing Stats

File Path                                 PID    Runtime      # DAGs    # Errors  Last Runtime    Last Run
----------------------------------------  -----  ---------  --------  ----------  --------------  -------------------
/opt/airflow/dags/forex_data_pipeline.py                           1           0  0.25s           2022-11-07T16:51:57
================================================================================
[2022-11-07T16:52:31.415+0000] {manager.py:724} INFO - Searching for files in /opt/airflow/dags
[2022-11-07T16:52:31.449+0000] {manager.py:727} INFO - There are 1 files in /opt/airflow/dags
[2022-11-07T16:52:52.617+0000] {manager.py:846} INFO - 
================================================================================
DAG File Processing Stats

File Path                                 PID    Runtime      # DAGs    # Errors  Last Runtime    Last Run
----------------------------------------  -----  ---------  --------  ----------  --------------  -------------------
/opt/airflow/dags/forex_data_pipeline.py                           1           0  0.27s           2022-11-07T16:52:27
================================================================================
[2022-11-07T16:53:22.936+0000] {manager.py:846} INFO - 
================================================================================
DAG File Processing Stats

File Path                                 PID    Runtime      # DAGs    # Errors  Last Runtime    Last Run
----------------------------------------  -----  ---------  --------  ----------  --------------  -------------------
/opt/airflow/dags/forex_data_pipeline.py                           1           0  0.30s           2022-11-07T16:52:57
================================================================================
[2022-11-07T16:53:53.330+0000] {manager.py:846} INFO - 
================================================================================
DAG File Processing Stats

File Path                                 PID    Runtime      # DAGs    # Errors  Last Runtime    Last Run
----------------------------------------  -----  ---------  --------  ----------  --------------  -------------------
/opt/airflow/dags/forex_data_pipeline.py                           1           0  0.35s           2022-11-07T16:53:28
================================================================================
[2022-11-07T16:54:23.710+0000] {manager.py:846} INFO - 
================================================================================
DAG File Processing Stats

File Path                                 PID    Runtime      # DAGs    # Errors  Last Runtime    Last Run
----------------------------------------  -----  ---------  --------  ----------  --------------  -------------------
/opt/airflow/dags/forex_data_pipeline.py                           1           0  0.26s           2022-11-07T16:53:58
================================================================================
[2022-11-07T16:54:53.993+0000] {manager.py:846} INFO - 
================================================================================
DAG File Processing Stats

File Path                                 PID    Runtime      # DAGs    # Errors  Last Runtime    Last Run
----------------------------------------  -----  ---------  --------  ----------  --------------  -------------------
/opt/airflow/dags/forex_data_pipeline.py                           1           0  0.28s           2022-11-07T16:54:29
================================================================================
[2022-11-07T16:55:24.502+0000] {manager.py:846} INFO - 
================================================================================
DAG File Processing Stats

File Path                                 PID    Runtime      # DAGs    # Errors  Last Runtime    Last Run
----------------------------------------  -----  ---------  --------  ----------  --------------  -------------------
/opt/airflow/dags/forex_data_pipeline.py                           1           0  0.40s           2022-11-07T16:55:09
================================================================================
[2022-11-07T16:55:55.142+0000] {manager.py:846} INFO - 
================================================================================
DAG File Processing Stats

File Path                                 PID    Runtime      # DAGs    # Errors  Last Runtime    Last Run
----------------------------------------  -----  ---------  --------  ----------  --------------  -------------------
/opt/airflow/dags/forex_data_pipeline.py                           1           0  0.30s           2022-11-07T16:55:40
================================================================================
[2022-11-07T16:56:25.655+0000] {manager.py:846} INFO - 
================================================================================
DAG File Processing Stats

File Path                                 PID    Runtime      # DAGs    # Errors  Last Runtime    Last Run
----------------------------------------  -----  ---------  --------  ----------  --------------  -------------------
/opt/airflow/dags/forex_data_pipeline.py                           1           0  0.28s           2022-11-07T16:56:10
================================================================================
[2022-11-07T16:56:56.142+0000] {manager.py:846} INFO - 
================================================================================
DAG File Processing Stats

File Path                                 PID    Runtime      # DAGs    # Errors  Last Runtime    Last Run
----------------------------------------  -----  ---------  --------  ----------  --------------  -------------------
/opt/airflow/dags/forex_data_pipeline.py                           1           0  0.25s           2022-11-07T16:56:41
================================================================================
[2022-11-07T16:57:26.612+0000] {manager.py:846} INFO - 
================================================================================
DAG File Processing Stats

File Path                                 PID    Runtime      # DAGs    # Errors  Last Runtime    Last Run
----------------------------------------  -----  ---------  --------  ----------  --------------  -------------------
/opt/airflow/dags/forex_data_pipeline.py                           1           0  0.34s           2022-11-07T16:57:09
================================================================================
[2022-11-07T16:57:31.644+0000] {manager.py:724} INFO - Searching for files in /opt/airflow/dags
[2022-11-07T16:57:31.691+0000] {manager.py:727} INFO - There are 1 files in /opt/airflow/dags
[2022-11-07T16:57:56.911+0000] {manager.py:846} INFO - 
================================================================================
DAG File Processing Stats

File Path                                 PID    Runtime      # DAGs    # Errors  Last Runtime    Last Run
----------------------------------------  -----  ---------  --------  ----------  --------------  -------------------
/opt/airflow/dags/forex_data_pipeline.py                           1           0  0.30s           2022-11-07T16:57:40
================================================================================
