[2022-11-07T16:55:15.883+0000] {taskinstance.py:1165} INFO - Dependencies all met for <TaskInstance: forex_data_pipeline.is_forex_rates_available manual__2022-11-07T16:55:14.946451+00:00 [queued]>
[2022-11-07T16:55:15.897+0000] {taskinstance.py:1165} INFO - Dependencies all met for <TaskInstance: forex_data_pipeline.is_forex_rates_available manual__2022-11-07T16:55:14.946451+00:00 [queued]>
[2022-11-07T16:55:15.897+0000] {taskinstance.py:1362} INFO - 
--------------------------------------------------------------------------------
[2022-11-07T16:55:15.898+0000] {taskinstance.py:1363} INFO - Starting attempt 1 of 3
[2022-11-07T16:55:15.899+0000] {taskinstance.py:1364} INFO - 
--------------------------------------------------------------------------------
[2022-11-07T16:55:15.918+0000] {taskinstance.py:1383} INFO - Executing <Task(HttpSensor): is_forex_rates_available> on 2022-11-07 16:55:14.946451+00:00
[2022-11-07T16:55:15.924+0000] {standard_task_runner.py:54} INFO - Started process 3241 to run task
[2022-11-07T16:55:15.927+0000] {standard_task_runner.py:82} INFO - Running: ['***', 'tasks', 'run', 'forex_data_pipeline', 'is_forex_rates_available', 'manual__2022-11-07T16:55:14.946451+00:00', '--job-id', '4', '--raw', '--subdir', 'DAGS_FOLDER/forex_data_pipeline.py', '--cfg-path', '/tmp/tmp2n4r5q6_']
[2022-11-07T16:55:15.928+0000] {standard_task_runner.py:83} INFO - Job 4: Subtask is_forex_rates_available
[2022-11-07T16:55:15.930+0000] {dagbag.py:525} INFO - Filling up the DagBag from /opt/***/dags/forex_data_pipeline.py
[2022-11-07T16:55:16.040+0000] {task_command.py:384} INFO - Running <TaskInstance: forex_data_pipeline.is_forex_rates_available manual__2022-11-07T16:55:14.946451+00:00 [running]> on host f6a61415b844
[2022-11-07T16:55:16.112+0000] {taskinstance.py:1592} INFO - Exporting the following env vars:
AIRFLOW_CTX_DAG_EMAIL=juanfelipehdezm@gmail.com
AIRFLOW_CTX_DAG_OWNER=felipehdez
AIRFLOW_CTX_DAG_ID=forex_data_pipeline
AIRFLOW_CTX_TASK_ID=is_forex_rates_available
AIRFLOW_CTX_EXECUTION_DATE=2022-11-07T16:55:14.946451+00:00
AIRFLOW_CTX_TRY_NUMBER=1
AIRFLOW_CTX_DAG_RUN_ID=manual__2022-11-07T16:55:14.946451+00:00
[2022-11-07T16:55:16.113+0000] {http.py:120} INFO - Poking: /query?function=CURRENCY_EXCHANGE_RATE&from_currency=USD&to_currency=COP&apikey=EHCCX9LJ1T4XQV4E
[2022-11-07T16:55:16.123+0000] {base.py:71} INFO - Using connection ID 'forex_api' for task execution.
[2022-11-07T16:55:16.126+0000] {http.py:148} INFO - Sending 'GET' to url: https://www.alphavantage.co/query?function=CURRENCY_EXCHANGE_RATE&from_currency=USD&to_currency=COP&apikey=EHCCX9LJ1T4XQV4E
[2022-11-07T16:55:22.281+0000] {http.py:120} INFO - Poking: /query?function=CURRENCY_EXCHANGE_RATE&from_currency=USD&to_currency=COP&apikey=EHCCX9LJ1T4XQV4E
[2022-11-07T16:55:22.289+0000] {base.py:71} INFO - Using connection ID 'forex_api' for task execution.
[2022-11-07T16:55:22.290+0000] {http.py:148} INFO - Sending 'GET' to url: https://www.alphavantage.co/query?function=CURRENCY_EXCHANGE_RATE&from_currency=USD&to_currency=COP&apikey=EHCCX9LJ1T4XQV4E
[2022-11-07T16:55:27.959+0000] {http.py:120} INFO - Poking: /query?function=CURRENCY_EXCHANGE_RATE&from_currency=USD&to_currency=COP&apikey=EHCCX9LJ1T4XQV4E
[2022-11-07T16:55:27.967+0000] {base.py:71} INFO - Using connection ID 'forex_api' for task execution.
[2022-11-07T16:55:27.969+0000] {http.py:148} INFO - Sending 'GET' to url: https://www.alphavantage.co/query?function=CURRENCY_EXCHANGE_RATE&from_currency=USD&to_currency=COP&apikey=EHCCX9LJ1T4XQV4E
[2022-11-07T16:55:33.591+0000] {http.py:120} INFO - Poking: /query?function=CURRENCY_EXCHANGE_RATE&from_currency=USD&to_currency=COP&apikey=EHCCX9LJ1T4XQV4E
[2022-11-07T16:55:33.598+0000] {base.py:71} INFO - Using connection ID 'forex_api' for task execution.
[2022-11-07T16:55:33.599+0000] {http.py:148} INFO - Sending 'GET' to url: https://www.alphavantage.co/query?function=CURRENCY_EXCHANGE_RATE&from_currency=USD&to_currency=COP&apikey=EHCCX9LJ1T4XQV4E
[2022-11-07T16:55:39.139+0000] {http.py:120} INFO - Poking: /query?function=CURRENCY_EXCHANGE_RATE&from_currency=USD&to_currency=COP&apikey=EHCCX9LJ1T4XQV4E
[2022-11-07T16:55:39.147+0000] {base.py:71} INFO - Using connection ID 'forex_api' for task execution.
[2022-11-07T16:55:39.149+0000] {http.py:148} INFO - Sending 'GET' to url: https://www.alphavantage.co/query?function=CURRENCY_EXCHANGE_RATE&from_currency=USD&to_currency=COP&apikey=EHCCX9LJ1T4XQV4E
[2022-11-07T16:55:44.782+0000] {http.py:120} INFO - Poking: /query?function=CURRENCY_EXCHANGE_RATE&from_currency=USD&to_currency=COP&apikey=EHCCX9LJ1T4XQV4E
[2022-11-07T16:55:44.790+0000] {base.py:71} INFO - Using connection ID 'forex_api' for task execution.
[2022-11-07T16:55:44.792+0000] {http.py:148} INFO - Sending 'GET' to url: https://www.alphavantage.co/query?function=CURRENCY_EXCHANGE_RATE&from_currency=USD&to_currency=COP&apikey=EHCCX9LJ1T4XQV4E
[2022-11-07T16:55:50.199+0000] {http.py:120} INFO - Poking: /query?function=CURRENCY_EXCHANGE_RATE&from_currency=USD&to_currency=COP&apikey=EHCCX9LJ1T4XQV4E
[2022-11-07T16:55:50.206+0000] {base.py:71} INFO - Using connection ID 'forex_api' for task execution.
[2022-11-07T16:55:50.208+0000] {http.py:148} INFO - Sending 'GET' to url: https://www.alphavantage.co/query?function=CURRENCY_EXCHANGE_RATE&from_currency=USD&to_currency=COP&apikey=EHCCX9LJ1T4XQV4E
[2022-11-07T16:55:55.779+0000] {http.py:120} INFO - Poking: /query?function=CURRENCY_EXCHANGE_RATE&from_currency=USD&to_currency=COP&apikey=EHCCX9LJ1T4XQV4E
[2022-11-07T16:55:55.786+0000] {base.py:71} INFO - Using connection ID 'forex_api' for task execution.
[2022-11-07T16:55:55.788+0000] {http.py:148} INFO - Sending 'GET' to url: https://www.alphavantage.co/query?function=CURRENCY_EXCHANGE_RATE&from_currency=USD&to_currency=COP&apikey=EHCCX9LJ1T4XQV4E
[2022-11-07T16:56:01.194+0000] {http.py:120} INFO - Poking: /query?function=CURRENCY_EXCHANGE_RATE&from_currency=USD&to_currency=COP&apikey=EHCCX9LJ1T4XQV4E
[2022-11-07T16:56:01.201+0000] {base.py:71} INFO - Using connection ID 'forex_api' for task execution.
[2022-11-07T16:56:01.203+0000] {http.py:148} INFO - Sending 'GET' to url: https://www.alphavantage.co/query?function=CURRENCY_EXCHANGE_RATE&from_currency=USD&to_currency=COP&apikey=EHCCX9LJ1T4XQV4E
[2022-11-07T16:56:06.885+0000] {http.py:120} INFO - Poking: /query?function=CURRENCY_EXCHANGE_RATE&from_currency=USD&to_currency=COP&apikey=EHCCX9LJ1T4XQV4E
[2022-11-07T16:56:06.893+0000] {base.py:71} INFO - Using connection ID 'forex_api' for task execution.
[2022-11-07T16:56:06.894+0000] {http.py:148} INFO - Sending 'GET' to url: https://www.alphavantage.co/query?function=CURRENCY_EXCHANGE_RATE&from_currency=USD&to_currency=COP&apikey=EHCCX9LJ1T4XQV4E
[2022-11-07T16:56:12.456+0000] {http.py:120} INFO - Poking: /query?function=CURRENCY_EXCHANGE_RATE&from_currency=USD&to_currency=COP&apikey=EHCCX9LJ1T4XQV4E
[2022-11-07T16:56:12.463+0000] {base.py:71} INFO - Using connection ID 'forex_api' for task execution.
[2022-11-07T16:56:12.465+0000] {http.py:148} INFO - Sending 'GET' to url: https://www.alphavantage.co/query?function=CURRENCY_EXCHANGE_RATE&from_currency=USD&to_currency=COP&apikey=EHCCX9LJ1T4XQV4E
[2022-11-07T16:56:18.175+0000] {http.py:120} INFO - Poking: /query?function=CURRENCY_EXCHANGE_RATE&from_currency=USD&to_currency=COP&apikey=EHCCX9LJ1T4XQV4E
[2022-11-07T16:56:18.185+0000] {base.py:71} INFO - Using connection ID 'forex_api' for task execution.
[2022-11-07T16:56:18.187+0000] {http.py:148} INFO - Sending 'GET' to url: https://www.alphavantage.co/query?function=CURRENCY_EXCHANGE_RATE&from_currency=USD&to_currency=COP&apikey=EHCCX9LJ1T4XQV4E
[2022-11-07T16:56:23.760+0000] {http.py:120} INFO - Poking: /query?function=CURRENCY_EXCHANGE_RATE&from_currency=USD&to_currency=COP&apikey=EHCCX9LJ1T4XQV4E
[2022-11-07T16:56:23.767+0000] {base.py:71} INFO - Using connection ID 'forex_api' for task execution.
[2022-11-07T16:56:23.768+0000] {http.py:148} INFO - Sending 'GET' to url: https://www.alphavantage.co/query?function=CURRENCY_EXCHANGE_RATE&from_currency=USD&to_currency=COP&apikey=EHCCX9LJ1T4XQV4E
[2022-11-07T16:56:29.367+0000] {http.py:120} INFO - Poking: /query?function=CURRENCY_EXCHANGE_RATE&from_currency=USD&to_currency=COP&apikey=EHCCX9LJ1T4XQV4E
[2022-11-07T16:56:29.374+0000] {base.py:71} INFO - Using connection ID 'forex_api' for task execution.
[2022-11-07T16:56:29.375+0000] {http.py:148} INFO - Sending 'GET' to url: https://www.alphavantage.co/query?function=CURRENCY_EXCHANGE_RATE&from_currency=USD&to_currency=COP&apikey=EHCCX9LJ1T4XQV4E
[2022-11-07T16:56:34.770+0000] {http.py:120} INFO - Poking: /query?function=CURRENCY_EXCHANGE_RATE&from_currency=USD&to_currency=COP&apikey=EHCCX9LJ1T4XQV4E
[2022-11-07T16:56:34.776+0000] {base.py:71} INFO - Using connection ID 'forex_api' for task execution.
[2022-11-07T16:56:34.778+0000] {http.py:148} INFO - Sending 'GET' to url: https://www.alphavantage.co/query?function=CURRENCY_EXCHANGE_RATE&from_currency=USD&to_currency=COP&apikey=EHCCX9LJ1T4XQV4E
[2022-11-07T16:56:40.287+0000] {http.py:120} INFO - Poking: /query?function=CURRENCY_EXCHANGE_RATE&from_currency=USD&to_currency=COP&apikey=EHCCX9LJ1T4XQV4E
[2022-11-07T16:56:40.294+0000] {base.py:71} INFO - Using connection ID 'forex_api' for task execution.
[2022-11-07T16:56:40.295+0000] {http.py:148} INFO - Sending 'GET' to url: https://www.alphavantage.co/query?function=CURRENCY_EXCHANGE_RATE&from_currency=USD&to_currency=COP&apikey=EHCCX9LJ1T4XQV4E
[2022-11-07T16:56:45.768+0000] {http.py:120} INFO - Poking: /query?function=CURRENCY_EXCHANGE_RATE&from_currency=USD&to_currency=COP&apikey=EHCCX9LJ1T4XQV4E
[2022-11-07T16:56:45.777+0000] {base.py:71} INFO - Using connection ID 'forex_api' for task execution.
[2022-11-07T16:56:45.778+0000] {http.py:148} INFO - Sending 'GET' to url: https://www.alphavantage.co/query?function=CURRENCY_EXCHANGE_RATE&from_currency=USD&to_currency=COP&apikey=EHCCX9LJ1T4XQV4E
[2022-11-07T16:56:51.179+0000] {http.py:120} INFO - Poking: /query?function=CURRENCY_EXCHANGE_RATE&from_currency=USD&to_currency=COP&apikey=EHCCX9LJ1T4XQV4E
[2022-11-07T16:56:51.188+0000] {base.py:71} INFO - Using connection ID 'forex_api' for task execution.
[2022-11-07T16:56:51.190+0000] {http.py:148} INFO - Sending 'GET' to url: https://www.alphavantage.co/query?function=CURRENCY_EXCHANGE_RATE&from_currency=USD&to_currency=COP&apikey=EHCCX9LJ1T4XQV4E
[2022-11-07T16:56:56.560+0000] {http.py:120} INFO - Poking: /query?function=CURRENCY_EXCHANGE_RATE&from_currency=USD&to_currency=COP&apikey=EHCCX9LJ1T4XQV4E
[2022-11-07T16:56:56.567+0000] {base.py:71} INFO - Using connection ID 'forex_api' for task execution.
[2022-11-07T16:56:56.569+0000] {http.py:148} INFO - Sending 'GET' to url: https://www.alphavantage.co/query?function=CURRENCY_EXCHANGE_RATE&from_currency=USD&to_currency=COP&apikey=EHCCX9LJ1T4XQV4E
[2022-11-07T16:57:01.959+0000] {http.py:120} INFO - Poking: /query?function=CURRENCY_EXCHANGE_RATE&from_currency=USD&to_currency=COP&apikey=EHCCX9LJ1T4XQV4E
[2022-11-07T16:57:01.965+0000] {base.py:71} INFO - Using connection ID 'forex_api' for task execution.
[2022-11-07T16:57:01.967+0000] {http.py:148} INFO - Sending 'GET' to url: https://www.alphavantage.co/query?function=CURRENCY_EXCHANGE_RATE&from_currency=USD&to_currency=COP&apikey=EHCCX9LJ1T4XQV4E
[2022-11-07T16:57:02.161+0000] {local_task_job.py:228} WARNING - State of this instance has been externally set to success. Terminating instance.
[2022-11-07T16:57:02.164+0000] {process_utils.py:133} INFO - Sending Signals.SIGTERM to group 3241. PIDs of all processes in the group: [3241]
[2022-11-07T16:57:02.164+0000] {process_utils.py:84} INFO - Sending the signal Signals.SIGTERM to group 3241
[2022-11-07T16:57:02.165+0000] {taskinstance.py:1562} ERROR - Received SIGTERM. Terminating subprocesses.
[2022-11-07T16:57:02.218+0000] {process_utils.py:79} INFO - Process psutil.Process(pid=3241, status='terminated', exitcode=0, started='16:55:15') (3241) terminated with exit code 0
