[2023-02-28T00:26:23.012+0000] {taskinstance.py:1087} INFO - Dependencies all met for <TaskInstance: forex_data_pipeline.process_json_file scheduled__2023-02-27T00:00:00+00:00 [queued]>
[2023-02-28T00:26:23.025+0000] {taskinstance.py:1087} INFO - Dependencies all met for <TaskInstance: forex_data_pipeline.process_json_file scheduled__2023-02-27T00:00:00+00:00 [queued]>
[2023-02-28T00:26:23.026+0000] {taskinstance.py:1283} INFO - 
--------------------------------------------------------------------------------
[2023-02-28T00:26:23.027+0000] {taskinstance.py:1284} INFO - Starting attempt 1 of 3
[2023-02-28T00:26:23.028+0000] {taskinstance.py:1285} INFO - 
--------------------------------------------------------------------------------
[2023-02-28T00:26:23.041+0000] {taskinstance.py:1304} INFO - Executing <Task(PythonOperator): process_json_file> on 2023-02-27 00:00:00+00:00
[2023-02-28T00:26:23.047+0000] {standard_task_runner.py:55} INFO - Started process 101 to run task
[2023-02-28T00:26:23.050+0000] {standard_task_runner.py:82} INFO - Running: ['***', 'tasks', 'run', 'forex_data_pipeline', 'process_json_file', 'scheduled__2023-02-27T00:00:00+00:00', '--job-id', '808', '--raw', '--subdir', 'DAGS_FOLDER/forex_data_pipeline.py', '--cfg-path', '/tmp/tmporggdkoa']
[2023-02-28T00:26:23.052+0000] {standard_task_runner.py:83} INFO - Job 808: Subtask process_json_file
[2023-02-28T00:26:23.115+0000] {task_command.py:389} INFO - Running <TaskInstance: forex_data_pipeline.process_json_file scheduled__2023-02-27T00:00:00+00:00 [running]> on host b21115e7dff0
[2023-02-28T00:26:23.178+0000] {taskinstance.py:1513} INFO - Exporting the following env vars:
AIRFLOW_CTX_DAG_EMAIL=juanfelipehdezm@gmail.com
AIRFLOW_CTX_DAG_OWNER=felipehdez
AIRFLOW_CTX_DAG_ID=forex_data_pipeline
AIRFLOW_CTX_TASK_ID=process_json_file
AIRFLOW_CTX_EXECUTION_DATE=2023-02-27T00:00:00+00:00
AIRFLOW_CTX_TRY_NUMBER=1
AIRFLOW_CTX_DAG_RUN_ID=scheduled__2023-02-27T00:00:00+00:00
[2023-02-28T00:26:23.206+0000] {python.py:177} INFO - Done. Returned value was: None
[2023-02-28T00:26:23.214+0000] {taskinstance.py:1327} INFO - Marking task as SUCCESS. dag_id=forex_data_pipeline, task_id=process_json_file, execution_date=20230227T000000, start_date=20230228T002623, end_date=20230228T002623
[2023-02-28T00:26:23.263+0000] {local_task_job.py:159} INFO - Task exited with return code 0
[2023-02-28T00:26:23.284+0000] {taskinstance.py:2582} INFO - 1 downstream tasks scheduled from follow-on schedule check
