[2023-03-04T14:52:55.027+0000] {taskinstance.py:1087} INFO - Dependencies all met for <TaskInstance: forex_data_pipeline.is_forex_rates_file_available scheduled__2023-03-02T00:00:00+00:00 [queued]>
[2023-03-04T14:52:55.039+0000] {taskinstance.py:1087} INFO - Dependencies all met for <TaskInstance: forex_data_pipeline.is_forex_rates_file_available scheduled__2023-03-02T00:00:00+00:00 [queued]>
[2023-03-04T14:52:55.040+0000] {taskinstance.py:1283} INFO - 
--------------------------------------------------------------------------------
[2023-03-04T14:52:55.041+0000] {taskinstance.py:1284} INFO - Starting attempt 1 of 3
[2023-03-04T14:52:55.041+0000] {taskinstance.py:1285} INFO - 
--------------------------------------------------------------------------------
[2023-03-04T14:52:55.054+0000] {taskinstance.py:1304} INFO - Executing <Task(FileSensor): is_forex_rates_file_available> on 2023-03-02 00:00:00+00:00
[2023-03-04T14:52:55.059+0000] {standard_task_runner.py:55} INFO - Started process 96 to run task
[2023-03-04T14:52:55.062+0000] {standard_task_runner.py:82} INFO - Running: ['***', 'tasks', 'run', 'forex_data_pipeline', 'is_forex_rates_file_available', 'scheduled__2023-03-02T00:00:00+00:00', '--job-id', '828', '--raw', '--subdir', 'DAGS_FOLDER/forex_data_pipeline.py', '--cfg-path', '/tmp/tmpklretnye']
[2023-03-04T14:52:55.064+0000] {standard_task_runner.py:83} INFO - Job 828: Subtask is_forex_rates_file_available
[2023-03-04T14:52:55.125+0000] {task_command.py:389} INFO - Running <TaskInstance: forex_data_pipeline.is_forex_rates_file_available scheduled__2023-03-02T00:00:00+00:00 [running]> on host b21115e7dff0
[2023-03-04T14:52:55.194+0000] {taskinstance.py:1513} INFO - Exporting the following env vars:
AIRFLOW_CTX_DAG_EMAIL=juanfelipehdezm@gmail.com
AIRFLOW_CTX_DAG_OWNER=felipehdez
AIRFLOW_CTX_DAG_ID=forex_data_pipeline
AIRFLOW_CTX_TASK_ID=is_forex_rates_file_available
AIRFLOW_CTX_EXECUTION_DATE=2023-03-02T00:00:00+00:00
AIRFLOW_CTX_TRY_NUMBER=1
AIRFLOW_CTX_DAG_RUN_ID=scheduled__2023-03-02T00:00:00+00:00
[2023-03-04T14:52:55.203+0000] {base.py:73} INFO - Using connection ID 'forex_path' for task execution.
[2023-03-04T14:52:55.204+0000] {filesystem.py:64} INFO - Poking for file /opt/***/dags/files/rates.json
[2023-03-04T14:52:55.212+0000] {filesystem.py:69} INFO - Found File /opt/***/dags/files/rates.json last modified: 20230304145253
[2023-03-04T14:52:55.213+0000] {base.py:228} INFO - Success criteria met. Exiting.
[2023-03-04T14:52:55.222+0000] {taskinstance.py:1327} INFO - Marking task as SUCCESS. dag_id=forex_data_pipeline, task_id=is_forex_rates_file_available, execution_date=20230302T000000, start_date=20230304T145255, end_date=20230304T145255
[2023-03-04T14:52:55.274+0000] {local_task_job.py:159} INFO - Task exited with return code 0
[2023-03-04T14:52:55.306+0000] {taskinstance.py:2582} INFO - 1 downstream tasks scheduled from follow-on schedule check
