[2022-11-25T00:08:39.748+0000] {taskinstance.py:1165} INFO - Dependencies all met for <TaskInstance: forex_data_pipeline.is_forex_file_available scheduled__2022-11-24T00:00:00+00:00 [queued]>
[2022-11-25T00:08:39.760+0000] {taskinstance.py:1165} INFO - Dependencies all met for <TaskInstance: forex_data_pipeline.is_forex_file_available scheduled__2022-11-24T00:00:00+00:00 [queued]>
[2022-11-25T00:08:39.761+0000] {taskinstance.py:1362} INFO - 
--------------------------------------------------------------------------------
[2022-11-25T00:08:39.762+0000] {taskinstance.py:1363} INFO - Starting attempt 1 of 3
[2022-11-25T00:08:39.763+0000] {taskinstance.py:1364} INFO - 
--------------------------------------------------------------------------------
[2022-11-25T00:08:39.775+0000] {taskinstance.py:1383} INFO - Executing <Task(FileSensor): is_forex_file_available> on 2022-11-24 00:00:00+00:00
[2022-11-25T00:08:39.779+0000] {standard_task_runner.py:54} INFO - Started process 75 to run task
[2022-11-25T00:08:39.781+0000] {standard_task_runner.py:82} INFO - Running: ['***', 'tasks', 'run', 'forex_data_pipeline', 'is_forex_file_available', 'scheduled__2022-11-24T00:00:00+00:00', '--job-id', '288', '--raw', '--subdir', 'DAGS_FOLDER/forex_data_pipeline.py', '--cfg-path', '/tmp/tmp1ziu_vbv']
[2022-11-25T00:08:39.782+0000] {standard_task_runner.py:83} INFO - Job 288: Subtask is_forex_file_available
[2022-11-25T00:08:39.784+0000] {dagbag.py:525} INFO - Filling up the DagBag from /opt/***/dags/forex_data_pipeline.py
[2022-11-25T00:08:40.078+0000] {task_command.py:384} INFO - Running <TaskInstance: forex_data_pipeline.is_forex_file_available scheduled__2022-11-24T00:00:00+00:00 [running]> on host 9cbdb5013874
[2022-11-25T00:08:40.138+0000] {taskinstance.py:1592} INFO - Exporting the following env vars:
AIRFLOW_CTX_DAG_EMAIL=juanfelipehdezm@gmail.com
AIRFLOW_CTX_DAG_OWNER=felipehdez
AIRFLOW_CTX_DAG_ID=forex_data_pipeline
AIRFLOW_CTX_TASK_ID=is_forex_file_available
AIRFLOW_CTX_EXECUTION_DATE=2022-11-24T00:00:00+00:00
AIRFLOW_CTX_TRY_NUMBER=1
AIRFLOW_CTX_DAG_RUN_ID=scheduled__2022-11-24T00:00:00+00:00
[2022-11-25T00:08:40.145+0000] {base.py:71} INFO - Using connection ID 'forex_path' for task execution.
[2022-11-25T00:08:40.146+0000] {filesystem.py:58} INFO - Poking for file /opt/***/dags/files/rates.json
[2022-11-25T00:08:40.158+0000] {filesystem.py:63} INFO - Found File /opt/***/dags/files/rates.json last modified: 20221125000838
[2022-11-25T00:08:40.159+0000] {base.py:213} INFO - Success criteria met. Exiting.
[2022-11-25T00:08:40.166+0000] {taskinstance.py:1406} INFO - Marking task as SUCCESS. dag_id=forex_data_pipeline, task_id=is_forex_file_available, execution_date=20221124T000000, start_date=20221125T000839, end_date=20221125T000840
[2022-11-25T00:08:40.196+0000] {local_task_job.py:164} INFO - Task exited with return code 0
[2022-11-25T00:08:40.219+0000] {local_task_job.py:273} INFO - 1 downstream tasks scheduled from follow-on schedule check
