[2022-11-20T21:39:30.270+0000] {taskinstance.py:1165} INFO - Dependencies all met for <TaskInstance: forex_data_pipeline.downloading_rates scheduled__2022-11-19T00:00:00+00:00 [queued]>
[2022-11-20T21:39:30.292+0000] {taskinstance.py:1165} INFO - Dependencies all met for <TaskInstance: forex_data_pipeline.downloading_rates scheduled__2022-11-19T00:00:00+00:00 [queued]>
[2022-11-20T21:39:30.293+0000] {taskinstance.py:1362} INFO - 
--------------------------------------------------------------------------------
[2022-11-20T21:39:30.295+0000] {taskinstance.py:1363} INFO - Starting attempt 1 of 3
[2022-11-20T21:39:30.296+0000] {taskinstance.py:1364} INFO - 
--------------------------------------------------------------------------------
[2022-11-20T21:39:30.326+0000] {taskinstance.py:1383} INFO - Executing <Task(PythonOperator): downloading_rates> on 2022-11-19 00:00:00+00:00
[2022-11-20T21:39:30.333+0000] {standard_task_runner.py:54} INFO - Started process 77 to run task
[2022-11-20T21:39:30.336+0000] {standard_task_runner.py:82} INFO - Running: ['***', 'tasks', 'run', 'forex_data_pipeline', 'downloading_rates', 'scheduled__2022-11-19T00:00:00+00:00', '--job-id', '236', '--raw', '--subdir', 'DAGS_FOLDER/forex_data_pipeline.py', '--cfg-path', '/tmp/tmpmjl6g7wg']
[2022-11-20T21:39:30.338+0000] {standard_task_runner.py:83} INFO - Job 236: Subtask downloading_rates
[2022-11-20T21:39:30.340+0000] {dagbag.py:525} INFO - Filling up the DagBag from /opt/***/dags/forex_data_pipeline.py
[2022-11-20T21:39:30.741+0000] {task_command.py:384} INFO - Running <TaskInstance: forex_data_pipeline.downloading_rates scheduled__2022-11-19T00:00:00+00:00 [running]> on host 9cbdb5013874
[2022-11-20T21:39:30.811+0000] {taskinstance.py:1592} INFO - Exporting the following env vars:
AIRFLOW_CTX_DAG_EMAIL=juanfelipehdezm@gmail.com
AIRFLOW_CTX_DAG_OWNER=felipehdez
AIRFLOW_CTX_DAG_ID=forex_data_pipeline
AIRFLOW_CTX_TASK_ID=downloading_rates
AIRFLOW_CTX_EXECUTION_DATE=2022-11-19T00:00:00+00:00
AIRFLOW_CTX_TRY_NUMBER=1
AIRFLOW_CTX_DAG_RUN_ID=scheduled__2022-11-19T00:00:00+00:00
[2022-11-20T21:39:31.657+0000] {python.py:177} INFO - Done. Returned value was: None
[2022-11-20T21:39:31.669+0000] {taskinstance.py:1406} INFO - Marking task as SUCCESS. dag_id=forex_data_pipeline, task_id=downloading_rates, execution_date=20221119T000000, start_date=20221120T213930, end_date=20221120T213931
[2022-11-20T21:39:31.717+0000] {local_task_job.py:164} INFO - Task exited with return code 0
[2022-11-20T21:39:31.743+0000] {local_task_job.py:273} INFO - 1 downstream tasks scheduled from follow-on schedule check
