[2023-02-28T00:26:12.113+0000] {processor.py:153} INFO - Started process (PID=56) to work on /opt/airflow/dags/forex_data_pipeline.py
[2023-02-28T00:26:12.117+0000] {processor.py:743} INFO - Processing file /opt/airflow/dags/forex_data_pipeline.py for tasks to queue
[2023-02-28T00:26:12.119+0000] {logging_mixin.py:137} INFO - [2023-02-28T00:26:12.119+0000] {dagbag.py:538} INFO - Filling up the DagBag from /opt/airflow/dags/forex_data_pipeline.py
[2023-02-28T00:26:13.783+0000] {processor.py:753} INFO - DAG(s) dict_keys(['forex_data_pipeline']) retrieved from /opt/airflow/dags/forex_data_pipeline.py
[2023-02-28T00:26:13.939+0000] {logging_mixin.py:137} INFO - [2023-02-28T00:26:13.938+0000] {dag.py:2676} INFO - Sync 1 DAGs
[2023-02-28T00:26:14.021+0000] {logging_mixin.py:137} INFO - [2023-02-28T00:26:14.021+0000] {dag.py:3427} INFO - Setting next_dagrun for forex_data_pipeline to 2023-02-28T00:00:00+00:00, run_after=2023-03-01T00:00:00+00:00
[2023-02-28T00:26:14.085+0000] {processor.py:175} INFO - Processing /opt/airflow/dags/forex_data_pipeline.py took 1.982 seconds
[2023-02-28T00:26:44.824+0000] {processor.py:153} INFO - Started process (PID=132) to work on /opt/airflow/dags/forex_data_pipeline.py
[2023-02-28T00:26:44.825+0000] {processor.py:743} INFO - Processing file /opt/airflow/dags/forex_data_pipeline.py for tasks to queue
[2023-02-28T00:26:44.826+0000] {logging_mixin.py:137} INFO - [2023-02-28T00:26:44.826+0000] {dagbag.py:538} INFO - Filling up the DagBag from /opt/airflow/dags/forex_data_pipeline.py
[2023-02-28T00:26:45.061+0000] {processor.py:753} INFO - DAG(s) dict_keys(['forex_data_pipeline']) retrieved from /opt/airflow/dags/forex_data_pipeline.py
[2023-02-28T00:26:45.083+0000] {logging_mixin.py:137} INFO - [2023-02-28T00:26:45.082+0000] {dag.py:2676} INFO - Sync 1 DAGs
[2023-02-28T00:26:45.104+0000] {logging_mixin.py:137} INFO - [2023-02-28T00:26:45.103+0000] {dag.py:3427} INFO - Setting next_dagrun for forex_data_pipeline to 2023-02-28T00:00:00+00:00, run_after=2023-03-01T00:00:00+00:00
[2023-02-28T00:26:45.133+0000] {processor.py:175} INFO - Processing /opt/airflow/dags/forex_data_pipeline.py took 0.312 seconds
[2023-02-28T00:27:15.601+0000] {processor.py:153} INFO - Started process (PID=185) to work on /opt/airflow/dags/forex_data_pipeline.py
[2023-02-28T00:27:15.604+0000] {processor.py:743} INFO - Processing file /opt/airflow/dags/forex_data_pipeline.py for tasks to queue
[2023-02-28T00:27:15.605+0000] {logging_mixin.py:137} INFO - [2023-02-28T00:27:15.605+0000] {dagbag.py:538} INFO - Filling up the DagBag from /opt/airflow/dags/forex_data_pipeline.py
[2023-02-28T00:27:15.911+0000] {processor.py:753} INFO - DAG(s) dict_keys(['forex_data_pipeline']) retrieved from /opt/airflow/dags/forex_data_pipeline.py
[2023-02-28T00:27:15.939+0000] {logging_mixin.py:137} INFO - [2023-02-28T00:27:15.939+0000] {dag.py:2676} INFO - Sync 1 DAGs
[2023-02-28T00:27:15.965+0000] {logging_mixin.py:137} INFO - [2023-02-28T00:27:15.964+0000] {dag.py:3427} INFO - Setting next_dagrun for forex_data_pipeline to 2023-02-28T00:00:00+00:00, run_after=2023-03-01T00:00:00+00:00
[2023-02-28T00:27:15.996+0000] {processor.py:175} INFO - Processing /opt/airflow/dags/forex_data_pipeline.py took 0.397 seconds
[2023-02-28T00:27:46.123+0000] {processor.py:153} INFO - Started process (PID=240) to work on /opt/airflow/dags/forex_data_pipeline.py
[2023-02-28T00:27:46.125+0000] {processor.py:743} INFO - Processing file /opt/airflow/dags/forex_data_pipeline.py for tasks to queue
[2023-02-28T00:27:46.126+0000] {logging_mixin.py:137} INFO - [2023-02-28T00:27:46.126+0000] {dagbag.py:538} INFO - Filling up the DagBag from /opt/airflow/dags/forex_data_pipeline.py
[2023-02-28T00:27:46.379+0000] {processor.py:753} INFO - DAG(s) dict_keys(['forex_data_pipeline']) retrieved from /opt/airflow/dags/forex_data_pipeline.py
[2023-02-28T00:27:46.400+0000] {logging_mixin.py:137} INFO - [2023-02-28T00:27:46.399+0000] {dag.py:2676} INFO - Sync 1 DAGs
[2023-02-28T00:27:46.419+0000] {logging_mixin.py:137} INFO - [2023-02-28T00:27:46.419+0000] {dag.py:3427} INFO - Setting next_dagrun for forex_data_pipeline to 2023-02-28T00:00:00+00:00, run_after=2023-03-01T00:00:00+00:00
[2023-02-28T00:27:46.436+0000] {processor.py:175} INFO - Processing /opt/airflow/dags/forex_data_pipeline.py took 0.315 seconds
[2023-02-28T00:28:16.560+0000] {processor.py:153} INFO - Started process (PID=305) to work on /opt/airflow/dags/forex_data_pipeline.py
[2023-02-28T00:28:16.562+0000] {processor.py:743} INFO - Processing file /opt/airflow/dags/forex_data_pipeline.py for tasks to queue
[2023-02-28T00:28:16.563+0000] {logging_mixin.py:137} INFO - [2023-02-28T00:28:16.563+0000] {dagbag.py:538} INFO - Filling up the DagBag from /opt/airflow/dags/forex_data_pipeline.py
[2023-02-28T00:28:16.810+0000] {processor.py:753} INFO - DAG(s) dict_keys(['forex_data_pipeline']) retrieved from /opt/airflow/dags/forex_data_pipeline.py
[2023-02-28T00:28:16.830+0000] {logging_mixin.py:137} INFO - [2023-02-28T00:28:16.830+0000] {dag.py:2676} INFO - Sync 1 DAGs
[2023-02-28T00:28:16.851+0000] {logging_mixin.py:137} INFO - [2023-02-28T00:28:16.851+0000] {dag.py:3427} INFO - Setting next_dagrun for forex_data_pipeline to 2023-02-28T00:00:00+00:00, run_after=2023-03-01T00:00:00+00:00
[2023-02-28T00:28:16.872+0000] {processor.py:175} INFO - Processing /opt/airflow/dags/forex_data_pipeline.py took 0.314 seconds
[2023-02-28T00:28:47.113+0000] {processor.py:153} INFO - Started process (PID=349) to work on /opt/airflow/dags/forex_data_pipeline.py
[2023-02-28T00:28:47.116+0000] {processor.py:743} INFO - Processing file /opt/airflow/dags/forex_data_pipeline.py for tasks to queue
[2023-02-28T00:28:47.118+0000] {logging_mixin.py:137} INFO - [2023-02-28T00:28:47.118+0000] {dagbag.py:538} INFO - Filling up the DagBag from /opt/airflow/dags/forex_data_pipeline.py
