[2022-11-10T15:23:37.333+0000] {processor.py:156} INFO - Started process (PID=1557) to work on /opt/airflow/dags/scripts/forex_processing.py
[2022-11-10T15:23:37.336+0000] {processor.py:758} INFO - Processing file /opt/airflow/dags/scripts/forex_processing.py for tasks to queue
[2022-11-10T15:23:37.337+0000] {logging_mixin.py:117} INFO - [2022-11-10T15:23:37.337+0000] {dagbag.py:525} INFO - Filling up the DagBag from /opt/airflow/dags/scripts/forex_processing.py
[2022-11-10T15:23:37.483+0000] {logging_mixin.py:117} INFO - [2022-11-10T15:23:37.467+0000] {dagbag.py:330} ERROR - Failed to import: /opt/airflow/dags/scripts/forex_processing.py
Traceback (most recent call last):
  File "/home/airflow/.local/lib/python3.7/site-packages/airflow/models/dagbag.py", line 326, in parse
    loader.exec_module(new_module)
  File "<frozen importlib._bootstrap_external>", line 728, in exec_module
  File "<frozen importlib._bootstrap>", line 219, in _call_with_frames_removed
  File "/opt/airflow/dags/scripts/forex_processing.py", line 1, in <module>
    from pyspark.sql.session import SparkSession
ModuleNotFoundError: No module named 'pyspark'
[2022-11-10T15:23:37.491+0000] {processor.py:770} WARNING - No viable dags retrieved from /opt/airflow/dags/scripts/forex_processing.py
[2022-11-10T15:23:37.511+0000] {processor.py:178} INFO - Processing /opt/airflow/dags/scripts/forex_processing.py took 0.181 seconds
[2022-11-10T15:24:00.862+0000] {processor.py:156} INFO - Started process (PID=1577) to work on /opt/airflow/dags/scripts/forex_processing.py
[2022-11-10T15:24:00.864+0000] {processor.py:758} INFO - Processing file /opt/airflow/dags/scripts/forex_processing.py for tasks to queue
[2022-11-10T15:24:00.865+0000] {logging_mixin.py:117} INFO - [2022-11-10T15:24:00.865+0000] {dagbag.py:525} INFO - Filling up the DagBag from /opt/airflow/dags/scripts/forex_processing.py
[2022-11-10T15:24:01.031+0000] {logging_mixin.py:117} INFO - [2022-11-10T15:24:01.017+0000] {dagbag.py:330} ERROR - Failed to import: /opt/airflow/dags/scripts/forex_processing.py
Traceback (most recent call last):
  File "/home/airflow/.local/lib/python3.7/site-packages/airflow/models/dagbag.py", line 326, in parse
    loader.exec_module(new_module)
  File "<frozen importlib._bootstrap_external>", line 728, in exec_module
  File "<frozen importlib._bootstrap>", line 219, in _call_with_frames_removed
  File "/opt/airflow/dags/scripts/forex_processing.py", line 1, in <module>
    from pyspark.sql.session import SparkSession
ModuleNotFoundError: No module named 'pyspark'
[2022-11-10T15:24:01.036+0000] {processor.py:770} WARNING - No viable dags retrieved from /opt/airflow/dags/scripts/forex_processing.py
[2022-11-10T15:24:01.058+0000] {processor.py:178} INFO - Processing /opt/airflow/dags/scripts/forex_processing.py took 0.199 seconds
[2022-11-10T15:24:15.312+0000] {processor.py:156} INFO - Started process (PID=1597) to work on /opt/airflow/dags/scripts/forex_processing.py
[2022-11-10T15:24:15.314+0000] {processor.py:758} INFO - Processing file /opt/airflow/dags/scripts/forex_processing.py for tasks to queue
[2022-11-10T15:24:15.316+0000] {logging_mixin.py:117} INFO - [2022-11-10T15:24:15.316+0000] {dagbag.py:525} INFO - Filling up the DagBag from /opt/airflow/dags/scripts/forex_processing.py
[2022-11-10T15:24:15.462+0000] {logging_mixin.py:117} INFO - [2022-11-10T15:24:15.449+0000] {dagbag.py:330} ERROR - Failed to import: /opt/airflow/dags/scripts/forex_processing.py
Traceback (most recent call last):
  File "/home/airflow/.local/lib/python3.7/site-packages/airflow/models/dagbag.py", line 326, in parse
    loader.exec_module(new_module)
  File "<frozen importlib._bootstrap_external>", line 728, in exec_module
  File "<frozen importlib._bootstrap>", line 219, in _call_with_frames_removed
  File "/opt/airflow/dags/scripts/forex_processing.py", line 1, in <module>
    from pyspark.sql.context import SQLContext
ModuleNotFoundError: No module named 'pyspark'
[2022-11-10T15:24:15.466+0000] {processor.py:770} WARNING - No viable dags retrieved from /opt/airflow/dags/scripts/forex_processing.py
[2022-11-10T15:24:15.496+0000] {processor.py:178} INFO - Processing /opt/airflow/dags/scripts/forex_processing.py took 0.187 seconds
[2022-11-10T15:24:45.930+0000] {processor.py:156} INFO - Started process (PID=1617) to work on /opt/airflow/dags/scripts/forex_processing.py
[2022-11-10T15:24:45.932+0000] {processor.py:758} INFO - Processing file /opt/airflow/dags/scripts/forex_processing.py for tasks to queue
[2022-11-10T15:24:45.932+0000] {logging_mixin.py:117} INFO - [2022-11-10T15:24:45.932+0000] {dagbag.py:525} INFO - Filling up the DagBag from /opt/airflow/dags/scripts/forex_processing.py
[2022-11-10T15:24:45.998+0000] {logging_mixin.py:117} INFO - [2022-11-10T15:24:45.982+0000] {dagbag.py:330} ERROR - Failed to import: /opt/airflow/dags/scripts/forex_processing.py
Traceback (most recent call last):
  File "/home/airflow/.local/lib/python3.7/site-packages/airflow/models/dagbag.py", line 326, in parse
    loader.exec_module(new_module)
  File "<frozen importlib._bootstrap_external>", line 728, in exec_module
  File "<frozen importlib._bootstrap>", line 219, in _call_with_frames_removed
  File "/opt/airflow/dags/scripts/forex_processing.py", line 1, in <module>
    from pyspark.sql.context import SQLContext
ModuleNotFoundError: No module named 'pyspark'
[2022-11-10T15:24:46.007+0000] {processor.py:770} WARNING - No viable dags retrieved from /opt/airflow/dags/scripts/forex_processing.py
[2022-11-10T15:24:46.032+0000] {processor.py:178} INFO - Processing /opt/airflow/dags/scripts/forex_processing.py took 0.105 seconds
[2022-11-10T15:25:16.442+0000] {processor.py:156} INFO - Started process (PID=1646) to work on /opt/airflow/dags/scripts/forex_processing.py
[2022-11-10T15:25:16.444+0000] {processor.py:758} INFO - Processing file /opt/airflow/dags/scripts/forex_processing.py for tasks to queue
[2022-11-10T15:25:16.445+0000] {logging_mixin.py:117} INFO - [2022-11-10T15:25:16.445+0000] {dagbag.py:525} INFO - Filling up the DagBag from /opt/airflow/dags/scripts/forex_processing.py
[2022-11-10T15:25:16.486+0000] {logging_mixin.py:117} INFO - [2022-11-10T15:25:16.478+0000] {dagbag.py:330} ERROR - Failed to import: /opt/airflow/dags/scripts/forex_processing.py
Traceback (most recent call last):
  File "/home/airflow/.local/lib/python3.7/site-packages/airflow/models/dagbag.py", line 326, in parse
    loader.exec_module(new_module)
  File "<frozen importlib._bootstrap_external>", line 728, in exec_module
  File "<frozen importlib._bootstrap>", line 219, in _call_with_frames_removed
  File "/opt/airflow/dags/scripts/forex_processing.py", line 1, in <module>
    from pyspark.sql.context import SQLContext
ModuleNotFoundError: No module named 'pyspark'
[2022-11-10T15:25:16.488+0000] {processor.py:770} WARNING - No viable dags retrieved from /opt/airflow/dags/scripts/forex_processing.py
[2022-11-10T15:25:16.504+0000] {processor.py:178} INFO - Processing /opt/airflow/dags/scripts/forex_processing.py took 0.064 seconds
[2022-11-10T15:25:23.549+0000] {processor.py:156} INFO - Started process (PID=1656) to work on /opt/airflow/dags/scripts/forex_processing.py
[2022-11-10T15:25:23.552+0000] {processor.py:758} INFO - Processing file /opt/airflow/dags/scripts/forex_processing.py for tasks to queue
[2022-11-10T15:25:23.553+0000] {logging_mixin.py:117} INFO - [2022-11-10T15:25:23.553+0000] {dagbag.py:525} INFO - Filling up the DagBag from /opt/airflow/dags/scripts/forex_processing.py
[2022-11-10T15:25:23.583+0000] {logging_mixin.py:117} INFO - [2022-11-10T15:25:23.583+0000] {dagbag.py:307} INFO - File /opt/airflow/dags/scripts/forex_processing.py assumed to contain no DAGs. Skipping.
[2022-11-10T15:25:23.584+0000] {processor.py:770} WARNING - No viable dags retrieved from /opt/airflow/dags/scripts/forex_processing.py
[2022-11-10T15:25:23.604+0000] {processor.py:178} INFO - Processing /opt/airflow/dags/scripts/forex_processing.py took 0.057 seconds
[2022-11-10T15:25:54.032+0000] {processor.py:156} INFO - Started process (PID=1676) to work on /opt/airflow/dags/scripts/forex_processing.py
[2022-11-10T15:25:54.034+0000] {processor.py:758} INFO - Processing file /opt/airflow/dags/scripts/forex_processing.py for tasks to queue
[2022-11-10T15:25:54.035+0000] {logging_mixin.py:117} INFO - [2022-11-10T15:25:54.035+0000] {dagbag.py:525} INFO - Filling up the DagBag from /opt/airflow/dags/scripts/forex_processing.py
[2022-11-10T15:25:54.061+0000] {logging_mixin.py:117} INFO - [2022-11-10T15:25:54.061+0000] {dagbag.py:307} INFO - File /opt/airflow/dags/scripts/forex_processing.py assumed to contain no DAGs. Skipping.
[2022-11-10T15:25:54.062+0000] {processor.py:770} WARNING - No viable dags retrieved from /opt/airflow/dags/scripts/forex_processing.py
[2022-11-10T15:25:54.073+0000] {processor.py:178} INFO - Processing /opt/airflow/dags/scripts/forex_processing.py took 0.043 seconds
[2022-11-10T15:26:24.492+0000] {processor.py:156} INFO - Started process (PID=1705) to work on /opt/airflow/dags/scripts/forex_processing.py
[2022-11-10T15:26:24.496+0000] {processor.py:758} INFO - Processing file /opt/airflow/dags/scripts/forex_processing.py for tasks to queue
[2022-11-10T15:26:24.497+0000] {logging_mixin.py:117} INFO - [2022-11-10T15:26:24.496+0000] {dagbag.py:525} INFO - Filling up the DagBag from /opt/airflow/dags/scripts/forex_processing.py
[2022-11-10T15:26:24.513+0000] {logging_mixin.py:117} INFO - [2022-11-10T15:26:24.513+0000] {dagbag.py:307} INFO - File /opt/airflow/dags/scripts/forex_processing.py assumed to contain no DAGs. Skipping.
[2022-11-10T15:26:24.513+0000] {processor.py:770} WARNING - No viable dags retrieved from /opt/airflow/dags/scripts/forex_processing.py
[2022-11-10T15:26:24.523+0000] {processor.py:178} INFO - Processing /opt/airflow/dags/scripts/forex_processing.py took 0.033 seconds
[2022-11-10T15:26:54.917+0000] {processor.py:156} INFO - Started process (PID=1735) to work on /opt/airflow/dags/scripts/forex_processing.py
[2022-11-10T15:26:54.922+0000] {processor.py:758} INFO - Processing file /opt/airflow/dags/scripts/forex_processing.py for tasks to queue
[2022-11-10T15:26:54.924+0000] {logging_mixin.py:117} INFO - [2022-11-10T15:26:54.924+0000] {dagbag.py:525} INFO - Filling up the DagBag from /opt/airflow/dags/scripts/forex_processing.py
[2022-11-10T15:26:54.970+0000] {logging_mixin.py:117} INFO - [2022-11-10T15:26:54.970+0000] {dagbag.py:307} INFO - File /opt/airflow/dags/scripts/forex_processing.py assumed to contain no DAGs. Skipping.
[2022-11-10T15:26:54.971+0000] {processor.py:770} WARNING - No viable dags retrieved from /opt/airflow/dags/scripts/forex_processing.py
[2022-11-10T15:26:54.983+0000] {processor.py:178} INFO - Processing /opt/airflow/dags/scripts/forex_processing.py took 0.068 seconds
[2022-11-10T15:27:25.376+0000] {processor.py:156} INFO - Started process (PID=1765) to work on /opt/airflow/dags/scripts/forex_processing.py
[2022-11-10T15:27:25.379+0000] {processor.py:758} INFO - Processing file /opt/airflow/dags/scripts/forex_processing.py for tasks to queue
[2022-11-10T15:27:25.380+0000] {logging_mixin.py:117} INFO - [2022-11-10T15:27:25.380+0000] {dagbag.py:525} INFO - Filling up the DagBag from /opt/airflow/dags/scripts/forex_processing.py
[2022-11-10T15:27:25.409+0000] {logging_mixin.py:117} INFO - [2022-11-10T15:27:25.409+0000] {dagbag.py:307} INFO - File /opt/airflow/dags/scripts/forex_processing.py assumed to contain no DAGs. Skipping.
[2022-11-10T15:27:25.409+0000] {processor.py:770} WARNING - No viable dags retrieved from /opt/airflow/dags/scripts/forex_processing.py
[2022-11-10T15:27:25.423+0000] {processor.py:178} INFO - Processing /opt/airflow/dags/scripts/forex_processing.py took 0.050 seconds
[2022-11-10T15:27:33.469+0000] {processor.py:156} INFO - Started process (PID=1766) to work on /opt/airflow/dags/scripts/forex_processing.py
[2022-11-10T15:27:33.473+0000] {processor.py:758} INFO - Processing file /opt/airflow/dags/scripts/forex_processing.py for tasks to queue
[2022-11-10T15:27:33.474+0000] {logging_mixin.py:117} INFO - [2022-11-10T15:27:33.474+0000] {dagbag.py:525} INFO - Filling up the DagBag from /opt/airflow/dags/scripts/forex_processing.py
[2022-11-10T15:27:33.505+0000] {logging_mixin.py:117} INFO - [2022-11-10T15:27:33.505+0000] {dagbag.py:307} INFO - File /opt/airflow/dags/scripts/forex_processing.py assumed to contain no DAGs. Skipping.
[2022-11-10T15:27:33.506+0000] {processor.py:770} WARNING - No viable dags retrieved from /opt/airflow/dags/scripts/forex_processing.py
[2022-11-10T15:27:33.519+0000] {processor.py:178} INFO - Processing /opt/airflow/dags/scripts/forex_processing.py took 0.052 seconds
[2022-11-10T15:28:03.939+0000] {processor.py:156} INFO - Started process (PID=1795) to work on /opt/airflow/dags/scripts/forex_processing.py
[2022-11-10T15:28:03.941+0000] {processor.py:758} INFO - Processing file /opt/airflow/dags/scripts/forex_processing.py for tasks to queue
[2022-11-10T15:28:03.942+0000] {logging_mixin.py:117} INFO - [2022-11-10T15:28:03.942+0000] {dagbag.py:525} INFO - Filling up the DagBag from /opt/airflow/dags/scripts/forex_processing.py
[2022-11-10T15:28:03.975+0000] {logging_mixin.py:117} INFO - [2022-11-10T15:28:03.975+0000] {dagbag.py:307} INFO - File /opt/airflow/dags/scripts/forex_processing.py assumed to contain no DAGs. Skipping.
[2022-11-10T15:28:03.976+0000] {processor.py:770} WARNING - No viable dags retrieved from /opt/airflow/dags/scripts/forex_processing.py
[2022-11-10T15:28:03.987+0000] {processor.py:178} INFO - Processing /opt/airflow/dags/scripts/forex_processing.py took 0.051 seconds
[2022-11-10T15:28:34.375+0000] {processor.py:156} INFO - Started process (PID=1824) to work on /opt/airflow/dags/scripts/forex_processing.py
[2022-11-10T15:28:34.377+0000] {processor.py:758} INFO - Processing file /opt/airflow/dags/scripts/forex_processing.py for tasks to queue
[2022-11-10T15:28:34.378+0000] {logging_mixin.py:117} INFO - [2022-11-10T15:28:34.378+0000] {dagbag.py:525} INFO - Filling up the DagBag from /opt/airflow/dags/scripts/forex_processing.py
[2022-11-10T15:28:34.411+0000] {logging_mixin.py:117} INFO - [2022-11-10T15:28:34.411+0000] {dagbag.py:307} INFO - File /opt/airflow/dags/scripts/forex_processing.py assumed to contain no DAGs. Skipping.
[2022-11-10T15:28:34.411+0000] {processor.py:770} WARNING - No viable dags retrieved from /opt/airflow/dags/scripts/forex_processing.py
[2022-11-10T15:28:34.422+0000] {processor.py:178} INFO - Processing /opt/airflow/dags/scripts/forex_processing.py took 0.049 seconds
[2022-11-10T15:33:38.202+0000] {processor.py:156} INFO - Started process (PID=2077) to work on /opt/airflow/dags/scripts/forex_processing.py
[2022-11-10T15:33:38.203+0000] {processor.py:758} INFO - Processing file /opt/airflow/dags/scripts/forex_processing.py for tasks to queue
[2022-11-10T15:33:38.204+0000] {logging_mixin.py:117} INFO - [2022-11-10T15:33:38.204+0000] {dagbag.py:525} INFO - Filling up the DagBag from /opt/airflow/dags/scripts/forex_processing.py
[2022-11-10T15:33:38.331+0000] {logging_mixin.py:117} INFO - [2022-11-10T15:33:38.317+0000] {dagbag.py:330} ERROR - Failed to import: /opt/airflow/dags/scripts/forex_processing.py
Traceback (most recent call last):
  File "/home/airflow/.local/lib/python3.7/site-packages/airflow/models/dagbag.py", line 326, in parse
    loader.exec_module(new_module)
  File "<frozen importlib._bootstrap_external>", line 728, in exec_module
  File "<frozen importlib._bootstrap>", line 219, in _call_with_frames_removed
  File "/opt/airflow/dags/scripts/forex_processing.py", line 1, in <module>
    from pyspark.sql.context import SQLContext
ModuleNotFoundError: No module named 'pyspark'
[2022-11-10T15:33:38.337+0000] {processor.py:770} WARNING - No viable dags retrieved from /opt/airflow/dags/scripts/forex_processing.py
[2022-11-10T15:33:38.355+0000] {processor.py:178} INFO - Processing /opt/airflow/dags/scripts/forex_processing.py took 0.156 seconds
[2022-11-10T15:34:08.732+0000] {processor.py:156} INFO - Started process (PID=2097) to work on /opt/airflow/dags/scripts/forex_processing.py
[2022-11-10T15:34:08.737+0000] {processor.py:758} INFO - Processing file /opt/airflow/dags/scripts/forex_processing.py for tasks to queue
[2022-11-10T15:34:08.738+0000] {logging_mixin.py:117} INFO - [2022-11-10T15:34:08.738+0000] {dagbag.py:525} INFO - Filling up the DagBag from /opt/airflow/dags/scripts/forex_processing.py
[2022-11-10T15:34:08.778+0000] {logging_mixin.py:117} INFO - [2022-11-10T15:34:08.769+0000] {dagbag.py:330} ERROR - Failed to import: /opt/airflow/dags/scripts/forex_processing.py
Traceback (most recent call last):
  File "/home/airflow/.local/lib/python3.7/site-packages/airflow/models/dagbag.py", line 326, in parse
    loader.exec_module(new_module)
  File "<frozen importlib._bootstrap_external>", line 728, in exec_module
  File "<frozen importlib._bootstrap>", line 219, in _call_with_frames_removed
  File "/opt/airflow/dags/scripts/forex_processing.py", line 1, in <module>
    from pyspark.sql.context import SQLContext
ModuleNotFoundError: No module named 'pyspark'
[2022-11-10T15:34:08.781+0000] {processor.py:770} WARNING - No viable dags retrieved from /opt/airflow/dags/scripts/forex_processing.py
[2022-11-10T15:34:08.799+0000] {processor.py:178} INFO - Processing /opt/airflow/dags/scripts/forex_processing.py took 0.068 seconds
[2022-11-10T15:34:39.222+0000] {processor.py:156} INFO - Started process (PID=2126) to work on /opt/airflow/dags/scripts/forex_processing.py
[2022-11-10T15:34:39.225+0000] {processor.py:758} INFO - Processing file /opt/airflow/dags/scripts/forex_processing.py for tasks to queue
[2022-11-10T15:34:39.226+0000] {logging_mixin.py:117} INFO - [2022-11-10T15:34:39.226+0000] {dagbag.py:525} INFO - Filling up the DagBag from /opt/airflow/dags/scripts/forex_processing.py
[2022-11-10T15:34:39.288+0000] {logging_mixin.py:117} INFO - [2022-11-10T15:34:39.277+0000] {dagbag.py:330} ERROR - Failed to import: /opt/airflow/dags/scripts/forex_processing.py
Traceback (most recent call last):
  File "/home/airflow/.local/lib/python3.7/site-packages/airflow/models/dagbag.py", line 326, in parse
    loader.exec_module(new_module)
  File "<frozen importlib._bootstrap_external>", line 728, in exec_module
  File "<frozen importlib._bootstrap>", line 219, in _call_with_frames_removed
  File "/opt/airflow/dags/scripts/forex_processing.py", line 1, in <module>
    from pyspark.sql.context import SQLContext
ModuleNotFoundError: No module named 'pyspark'
[2022-11-10T15:34:39.294+0000] {processor.py:770} WARNING - No viable dags retrieved from /opt/airflow/dags/scripts/forex_processing.py
[2022-11-10T15:34:39.311+0000] {processor.py:178} INFO - Processing /opt/airflow/dags/scripts/forex_processing.py took 0.091 seconds
[2022-11-10T15:35:09.717+0000] {processor.py:156} INFO - Started process (PID=2155) to work on /opt/airflow/dags/scripts/forex_processing.py
[2022-11-10T15:35:09.718+0000] {processor.py:758} INFO - Processing file /opt/airflow/dags/scripts/forex_processing.py for tasks to queue
[2022-11-10T15:35:09.719+0000] {logging_mixin.py:117} INFO - [2022-11-10T15:35:09.719+0000] {dagbag.py:525} INFO - Filling up the DagBag from /opt/airflow/dags/scripts/forex_processing.py
[2022-11-10T15:35:09.761+0000] {logging_mixin.py:117} INFO - [2022-11-10T15:35:09.753+0000] {dagbag.py:330} ERROR - Failed to import: /opt/airflow/dags/scripts/forex_processing.py
Traceback (most recent call last):
  File "/home/airflow/.local/lib/python3.7/site-packages/airflow/models/dagbag.py", line 326, in parse
    loader.exec_module(new_module)
  File "<frozen importlib._bootstrap_external>", line 728, in exec_module
  File "<frozen importlib._bootstrap>", line 219, in _call_with_frames_removed
  File "/opt/airflow/dags/scripts/forex_processing.py", line 1, in <module>
    from pyspark.sql.context import SQLContext
ModuleNotFoundError: No module named 'pyspark'
[2022-11-10T15:35:09.764+0000] {processor.py:770} WARNING - No viable dags retrieved from /opt/airflow/dags/scripts/forex_processing.py
[2022-11-10T15:35:09.780+0000] {processor.py:178} INFO - Processing /opt/airflow/dags/scripts/forex_processing.py took 0.065 seconds
[2022-11-10T15:35:40.177+0000] {processor.py:156} INFO - Started process (PID=2175) to work on /opt/airflow/dags/scripts/forex_processing.py
[2022-11-10T15:35:40.180+0000] {processor.py:758} INFO - Processing file /opt/airflow/dags/scripts/forex_processing.py for tasks to queue
[2022-11-10T15:35:40.181+0000] {logging_mixin.py:117} INFO - [2022-11-10T15:35:40.180+0000] {dagbag.py:525} INFO - Filling up the DagBag from /opt/airflow/dags/scripts/forex_processing.py
[2022-11-10T15:35:40.254+0000] {logging_mixin.py:117} INFO - [2022-11-10T15:35:40.244+0000] {dagbag.py:330} ERROR - Failed to import: /opt/airflow/dags/scripts/forex_processing.py
Traceback (most recent call last):
  File "/home/airflow/.local/lib/python3.7/site-packages/airflow/models/dagbag.py", line 326, in parse
    loader.exec_module(new_module)
  File "<frozen importlib._bootstrap_external>", line 728, in exec_module
  File "<frozen importlib._bootstrap>", line 219, in _call_with_frames_removed
  File "/opt/airflow/dags/scripts/forex_processing.py", line 1, in <module>
    from pyspark.sql.context import SQLContext
ModuleNotFoundError: No module named 'pyspark'
[2022-11-10T15:35:40.259+0000] {processor.py:770} WARNING - No viable dags retrieved from /opt/airflow/dags/scripts/forex_processing.py
[2022-11-10T15:35:40.275+0000] {processor.py:178} INFO - Processing /opt/airflow/dags/scripts/forex_processing.py took 0.100 seconds
[2022-11-10T15:36:10.676+0000] {processor.py:156} INFO - Started process (PID=2204) to work on /opt/airflow/dags/scripts/forex_processing.py
[2022-11-10T15:36:10.677+0000] {processor.py:758} INFO - Processing file /opt/airflow/dags/scripts/forex_processing.py for tasks to queue
[2022-11-10T15:36:10.678+0000] {logging_mixin.py:117} INFO - [2022-11-10T15:36:10.678+0000] {dagbag.py:525} INFO - Filling up the DagBag from /opt/airflow/dags/scripts/forex_processing.py
[2022-11-10T15:36:10.719+0000] {logging_mixin.py:117} INFO - [2022-11-10T15:36:10.711+0000] {dagbag.py:330} ERROR - Failed to import: /opt/airflow/dags/scripts/forex_processing.py
Traceback (most recent call last):
  File "/home/airflow/.local/lib/python3.7/site-packages/airflow/models/dagbag.py", line 326, in parse
    loader.exec_module(new_module)
  File "<frozen importlib._bootstrap_external>", line 728, in exec_module
  File "<frozen importlib._bootstrap>", line 219, in _call_with_frames_removed
  File "/opt/airflow/dags/scripts/forex_processing.py", line 1, in <module>
    from pyspark.sql.context import SQLContext
ModuleNotFoundError: No module named 'pyspark'
[2022-11-10T15:36:10.721+0000] {processor.py:770} WARNING - No viable dags retrieved from /opt/airflow/dags/scripts/forex_processing.py
[2022-11-10T15:36:10.737+0000] {processor.py:178} INFO - Processing /opt/airflow/dags/scripts/forex_processing.py took 0.063 seconds
[2022-11-10T15:36:41.070+0000] {processor.py:156} INFO - Started process (PID=2233) to work on /opt/airflow/dags/scripts/forex_processing.py
[2022-11-10T15:36:41.071+0000] {processor.py:758} INFO - Processing file /opt/airflow/dags/scripts/forex_processing.py for tasks to queue
[2022-11-10T15:36:41.072+0000] {logging_mixin.py:117} INFO - [2022-11-10T15:36:41.072+0000] {dagbag.py:525} INFO - Filling up the DagBag from /opt/airflow/dags/scripts/forex_processing.py
[2022-11-10T15:36:41.107+0000] {logging_mixin.py:117} INFO - [2022-11-10T15:36:41.100+0000] {dagbag.py:330} ERROR - Failed to import: /opt/airflow/dags/scripts/forex_processing.py
Traceback (most recent call last):
  File "/home/airflow/.local/lib/python3.7/site-packages/airflow/models/dagbag.py", line 326, in parse
    loader.exec_module(new_module)
  File "<frozen importlib._bootstrap_external>", line 728, in exec_module
  File "<frozen importlib._bootstrap>", line 219, in _call_with_frames_removed
  File "/opt/airflow/dags/scripts/forex_processing.py", line 1, in <module>
    from pyspark.sql.context import SQLContext
ModuleNotFoundError: No module named 'pyspark'
[2022-11-10T15:36:41.109+0000] {processor.py:770} WARNING - No viable dags retrieved from /opt/airflow/dags/scripts/forex_processing.py
[2022-11-10T15:36:41.126+0000] {processor.py:178} INFO - Processing /opt/airflow/dags/scripts/forex_processing.py took 0.058 seconds
[2022-11-10T15:37:11.560+0000] {processor.py:156} INFO - Started process (PID=2262) to work on /opt/airflow/dags/scripts/forex_processing.py
[2022-11-10T15:37:11.564+0000] {processor.py:758} INFO - Processing file /opt/airflow/dags/scripts/forex_processing.py for tasks to queue
[2022-11-10T15:37:11.565+0000] {logging_mixin.py:117} INFO - [2022-11-10T15:37:11.565+0000] {dagbag.py:525} INFO - Filling up the DagBag from /opt/airflow/dags/scripts/forex_processing.py
[2022-11-10T15:37:11.632+0000] {logging_mixin.py:117} INFO - [2022-11-10T15:37:11.620+0000] {dagbag.py:330} ERROR - Failed to import: /opt/airflow/dags/scripts/forex_processing.py
Traceback (most recent call last):
  File "/home/airflow/.local/lib/python3.7/site-packages/airflow/models/dagbag.py", line 326, in parse
    loader.exec_module(new_module)
  File "<frozen importlib._bootstrap_external>", line 728, in exec_module
  File "<frozen importlib._bootstrap>", line 219, in _call_with_frames_removed
  File "/opt/airflow/dags/scripts/forex_processing.py", line 1, in <module>
    from pyspark.sql.context import SQLContext
ModuleNotFoundError: No module named 'pyspark'
[2022-11-10T15:37:11.637+0000] {processor.py:770} WARNING - No viable dags retrieved from /opt/airflow/dags/scripts/forex_processing.py
[2022-11-10T15:37:11.657+0000] {processor.py:178} INFO - Processing /opt/airflow/dags/scripts/forex_processing.py took 0.100 seconds
[2022-11-10T15:37:42.045+0000] {processor.py:156} INFO - Started process (PID=2281) to work on /opt/airflow/dags/scripts/forex_processing.py
[2022-11-10T15:37:42.047+0000] {processor.py:758} INFO - Processing file /opt/airflow/dags/scripts/forex_processing.py for tasks to queue
[2022-11-10T15:37:42.048+0000] {logging_mixin.py:117} INFO - [2022-11-10T15:37:42.048+0000] {dagbag.py:525} INFO - Filling up the DagBag from /opt/airflow/dags/scripts/forex_processing.py
[2022-11-10T15:37:42.097+0000] {logging_mixin.py:117} INFO - [2022-11-10T15:37:42.082+0000] {dagbag.py:330} ERROR - Failed to import: /opt/airflow/dags/scripts/forex_processing.py
Traceback (most recent call last):
  File "/home/airflow/.local/lib/python3.7/site-packages/airflow/models/dagbag.py", line 326, in parse
    loader.exec_module(new_module)
  File "<frozen importlib._bootstrap_external>", line 728, in exec_module
  File "<frozen importlib._bootstrap>", line 219, in _call_with_frames_removed
  File "/opt/airflow/dags/scripts/forex_processing.py", line 1, in <module>
    from pyspark.sql.context import SQLContext
ModuleNotFoundError: No module named 'pyspark'
[2022-11-10T15:37:42.102+0000] {processor.py:770} WARNING - No viable dags retrieved from /opt/airflow/dags/scripts/forex_processing.py
[2022-11-10T15:37:42.119+0000] {processor.py:178} INFO - Processing /opt/airflow/dags/scripts/forex_processing.py took 0.076 seconds
[2022-11-10T15:38:12.538+0000] {processor.py:156} INFO - Started process (PID=2310) to work on /opt/airflow/dags/scripts/forex_processing.py
[2022-11-10T15:38:12.542+0000] {processor.py:758} INFO - Processing file /opt/airflow/dags/scripts/forex_processing.py for tasks to queue
[2022-11-10T15:38:12.543+0000] {logging_mixin.py:117} INFO - [2022-11-10T15:38:12.543+0000] {dagbag.py:525} INFO - Filling up the DagBag from /opt/airflow/dags/scripts/forex_processing.py
[2022-11-10T15:38:12.623+0000] {logging_mixin.py:117} INFO - [2022-11-10T15:38:12.609+0000] {dagbag.py:330} ERROR - Failed to import: /opt/airflow/dags/scripts/forex_processing.py
Traceback (most recent call last):
  File "/home/airflow/.local/lib/python3.7/site-packages/airflow/models/dagbag.py", line 326, in parse
    loader.exec_module(new_module)
  File "<frozen importlib._bootstrap_external>", line 728, in exec_module
  File "<frozen importlib._bootstrap>", line 219, in _call_with_frames_removed
  File "/opt/airflow/dags/scripts/forex_processing.py", line 1, in <module>
    from pyspark.sql.context import SQLContext
ModuleNotFoundError: No module named 'pyspark'
[2022-11-10T15:38:12.628+0000] {processor.py:770} WARNING - No viable dags retrieved from /opt/airflow/dags/scripts/forex_processing.py
[2022-11-10T15:38:12.648+0000] {processor.py:178} INFO - Processing /opt/airflow/dags/scripts/forex_processing.py took 0.112 seconds
[2022-11-10T15:38:43.062+0000] {processor.py:156} INFO - Started process (PID=2339) to work on /opt/airflow/dags/scripts/forex_processing.py
[2022-11-10T15:38:43.064+0000] {processor.py:758} INFO - Processing file /opt/airflow/dags/scripts/forex_processing.py for tasks to queue
[2022-11-10T15:38:43.065+0000] {logging_mixin.py:117} INFO - [2022-11-10T15:38:43.065+0000] {dagbag.py:525} INFO - Filling up the DagBag from /opt/airflow/dags/scripts/forex_processing.py
[2022-11-10T15:38:43.137+0000] {logging_mixin.py:117} INFO - [2022-11-10T15:38:43.117+0000] {dagbag.py:330} ERROR - Failed to import: /opt/airflow/dags/scripts/forex_processing.py
Traceback (most recent call last):
  File "/home/airflow/.local/lib/python3.7/site-packages/airflow/models/dagbag.py", line 326, in parse
    loader.exec_module(new_module)
  File "<frozen importlib._bootstrap_external>", line 728, in exec_module
  File "<frozen importlib._bootstrap>", line 219, in _call_with_frames_removed
  File "/opt/airflow/dags/scripts/forex_processing.py", line 1, in <module>
    from pyspark.sql.context import SQLContext
ModuleNotFoundError: No module named 'pyspark'
[2022-11-10T15:38:43.143+0000] {processor.py:770} WARNING - No viable dags retrieved from /opt/airflow/dags/scripts/forex_processing.py
[2022-11-10T15:38:43.166+0000] {processor.py:178} INFO - Processing /opt/airflow/dags/scripts/forex_processing.py took 0.107 seconds
[2022-11-10T15:39:13.570+0000] {processor.py:156} INFO - Started process (PID=2368) to work on /opt/airflow/dags/scripts/forex_processing.py
[2022-11-10T15:39:13.572+0000] {processor.py:758} INFO - Processing file /opt/airflow/dags/scripts/forex_processing.py for tasks to queue
[2022-11-10T15:39:13.573+0000] {logging_mixin.py:117} INFO - [2022-11-10T15:39:13.573+0000] {dagbag.py:525} INFO - Filling up the DagBag from /opt/airflow/dags/scripts/forex_processing.py
[2022-11-10T15:39:13.632+0000] {logging_mixin.py:117} INFO - [2022-11-10T15:39:13.621+0000] {dagbag.py:330} ERROR - Failed to import: /opt/airflow/dags/scripts/forex_processing.py
Traceback (most recent call last):
  File "/home/airflow/.local/lib/python3.7/site-packages/airflow/models/dagbag.py", line 326, in parse
    loader.exec_module(new_module)
  File "<frozen importlib._bootstrap_external>", line 728, in exec_module
  File "<frozen importlib._bootstrap>", line 219, in _call_with_frames_removed
  File "/opt/airflow/dags/scripts/forex_processing.py", line 1, in <module>
    from pyspark.sql.context import SQLContext
ModuleNotFoundError: No module named 'pyspark'
[2022-11-10T15:39:13.638+0000] {processor.py:770} WARNING - No viable dags retrieved from /opt/airflow/dags/scripts/forex_processing.py
[2022-11-10T15:39:13.658+0000] {processor.py:178} INFO - Processing /opt/airflow/dags/scripts/forex_processing.py took 0.090 seconds
[2022-11-10T15:39:44.057+0000] {processor.py:156} INFO - Started process (PID=2388) to work on /opt/airflow/dags/scripts/forex_processing.py
[2022-11-10T15:39:44.059+0000] {processor.py:758} INFO - Processing file /opt/airflow/dags/scripts/forex_processing.py for tasks to queue
[2022-11-10T15:39:44.060+0000] {logging_mixin.py:117} INFO - [2022-11-10T15:39:44.060+0000] {dagbag.py:525} INFO - Filling up the DagBag from /opt/airflow/dags/scripts/forex_processing.py
[2022-11-10T15:39:44.117+0000] {logging_mixin.py:117} INFO - [2022-11-10T15:39:44.105+0000] {dagbag.py:330} ERROR - Failed to import: /opt/airflow/dags/scripts/forex_processing.py
Traceback (most recent call last):
  File "/home/airflow/.local/lib/python3.7/site-packages/airflow/models/dagbag.py", line 326, in parse
    loader.exec_module(new_module)
  File "<frozen importlib._bootstrap_external>", line 728, in exec_module
  File "<frozen importlib._bootstrap>", line 219, in _call_with_frames_removed
  File "/opt/airflow/dags/scripts/forex_processing.py", line 1, in <module>
    from pyspark.sql.context import SQLContext
ModuleNotFoundError: No module named 'pyspark'
[2022-11-10T15:39:44.122+0000] {processor.py:770} WARNING - No viable dags retrieved from /opt/airflow/dags/scripts/forex_processing.py
[2022-11-10T15:39:44.140+0000] {processor.py:178} INFO - Processing /opt/airflow/dags/scripts/forex_processing.py took 0.085 seconds
[2022-11-10T15:40:14.559+0000] {processor.py:156} INFO - Started process (PID=2417) to work on /opt/airflow/dags/scripts/forex_processing.py
[2022-11-10T15:40:14.561+0000] {processor.py:758} INFO - Processing file /opt/airflow/dags/scripts/forex_processing.py for tasks to queue
[2022-11-10T15:40:14.562+0000] {logging_mixin.py:117} INFO - [2022-11-10T15:40:14.562+0000] {dagbag.py:525} INFO - Filling up the DagBag from /opt/airflow/dags/scripts/forex_processing.py
[2022-11-10T15:40:14.629+0000] {logging_mixin.py:117} INFO - [2022-11-10T15:40:14.617+0000] {dagbag.py:330} ERROR - Failed to import: /opt/airflow/dags/scripts/forex_processing.py
Traceback (most recent call last):
  File "/home/airflow/.local/lib/python3.7/site-packages/airflow/models/dagbag.py", line 326, in parse
    loader.exec_module(new_module)
  File "<frozen importlib._bootstrap_external>", line 728, in exec_module
  File "<frozen importlib._bootstrap>", line 219, in _call_with_frames_removed
  File "/opt/airflow/dags/scripts/forex_processing.py", line 1, in <module>
    from pyspark.sql.context import SQLContext
ModuleNotFoundError: No module named 'pyspark'
[2022-11-10T15:40:14.634+0000] {processor.py:770} WARNING - No viable dags retrieved from /opt/airflow/dags/scripts/forex_processing.py
[2022-11-10T15:40:14.653+0000] {processor.py:178} INFO - Processing /opt/airflow/dags/scripts/forex_processing.py took 0.097 seconds
[2022-11-10T15:40:45.060+0000] {processor.py:156} INFO - Started process (PID=2447) to work on /opt/airflow/dags/scripts/forex_processing.py
[2022-11-10T15:40:45.062+0000] {processor.py:758} INFO - Processing file /opt/airflow/dags/scripts/forex_processing.py for tasks to queue
[2022-11-10T15:40:45.063+0000] {logging_mixin.py:117} INFO - [2022-11-10T15:40:45.063+0000] {dagbag.py:525} INFO - Filling up the DagBag from /opt/airflow/dags/scripts/forex_processing.py
[2022-11-10T15:40:45.120+0000] {logging_mixin.py:117} INFO - [2022-11-10T15:40:45.110+0000] {dagbag.py:330} ERROR - Failed to import: /opt/airflow/dags/scripts/forex_processing.py
Traceback (most recent call last):
  File "/home/airflow/.local/lib/python3.7/site-packages/airflow/models/dagbag.py", line 326, in parse
    loader.exec_module(new_module)
  File "<frozen importlib._bootstrap_external>", line 728, in exec_module
  File "<frozen importlib._bootstrap>", line 219, in _call_with_frames_removed
  File "/opt/airflow/dags/scripts/forex_processing.py", line 1, in <module>
    from pyspark.sql.context import SQLContext
ModuleNotFoundError: No module named 'pyspark'
[2022-11-10T15:40:45.123+0000] {processor.py:770} WARNING - No viable dags retrieved from /opt/airflow/dags/scripts/forex_processing.py
[2022-11-10T15:40:45.140+0000] {processor.py:178} INFO - Processing /opt/airflow/dags/scripts/forex_processing.py took 0.082 seconds
[2022-11-10T15:41:15.545+0000] {processor.py:156} INFO - Started process (PID=2467) to work on /opt/airflow/dags/scripts/forex_processing.py
[2022-11-10T15:41:15.547+0000] {processor.py:758} INFO - Processing file /opt/airflow/dags/scripts/forex_processing.py for tasks to queue
[2022-11-10T15:41:15.548+0000] {logging_mixin.py:117} INFO - [2022-11-10T15:41:15.548+0000] {dagbag.py:525} INFO - Filling up the DagBag from /opt/airflow/dags/scripts/forex_processing.py
[2022-11-10T15:41:15.603+0000] {logging_mixin.py:117} INFO - [2022-11-10T15:41:15.591+0000] {dagbag.py:330} ERROR - Failed to import: /opt/airflow/dags/scripts/forex_processing.py
Traceback (most recent call last):
  File "/home/airflow/.local/lib/python3.7/site-packages/airflow/models/dagbag.py", line 326, in parse
    loader.exec_module(new_module)
  File "<frozen importlib._bootstrap_external>", line 728, in exec_module
  File "<frozen importlib._bootstrap>", line 219, in _call_with_frames_removed
  File "/opt/airflow/dags/scripts/forex_processing.py", line 1, in <module>
    from pyspark.sql.context import SQLContext
ModuleNotFoundError: No module named 'pyspark'
[2022-11-10T15:41:15.607+0000] {processor.py:770} WARNING - No viable dags retrieved from /opt/airflow/dags/scripts/forex_processing.py
[2022-11-10T15:41:15.622+0000] {processor.py:178} INFO - Processing /opt/airflow/dags/scripts/forex_processing.py took 0.079 seconds
[2022-11-10T15:41:46.022+0000] {processor.py:156} INFO - Started process (PID=2496) to work on /opt/airflow/dags/scripts/forex_processing.py
[2022-11-10T15:41:46.024+0000] {processor.py:758} INFO - Processing file /opt/airflow/dags/scripts/forex_processing.py for tasks to queue
[2022-11-10T15:41:46.025+0000] {logging_mixin.py:117} INFO - [2022-11-10T15:41:46.024+0000] {dagbag.py:525} INFO - Filling up the DagBag from /opt/airflow/dags/scripts/forex_processing.py
[2022-11-10T15:41:46.092+0000] {logging_mixin.py:117} INFO - [2022-11-10T15:41:46.079+0000] {dagbag.py:330} ERROR - Failed to import: /opt/airflow/dags/scripts/forex_processing.py
Traceback (most recent call last):
  File "/home/airflow/.local/lib/python3.7/site-packages/airflow/models/dagbag.py", line 326, in parse
    loader.exec_module(new_module)
  File "<frozen importlib._bootstrap_external>", line 728, in exec_module
  File "<frozen importlib._bootstrap>", line 219, in _call_with_frames_removed
  File "/opt/airflow/dags/scripts/forex_processing.py", line 1, in <module>
    from pyspark.sql.context import SQLContext
ModuleNotFoundError: No module named 'pyspark'
[2022-11-10T15:41:46.097+0000] {processor.py:770} WARNING - No viable dags retrieved from /opt/airflow/dags/scripts/forex_processing.py
[2022-11-10T15:41:46.114+0000] {processor.py:178} INFO - Processing /opt/airflow/dags/scripts/forex_processing.py took 0.094 seconds
[2022-11-10T15:42:16.549+0000] {processor.py:156} INFO - Started process (PID=2526) to work on /opt/airflow/dags/scripts/forex_processing.py
[2022-11-10T15:42:16.550+0000] {processor.py:758} INFO - Processing file /opt/airflow/dags/scripts/forex_processing.py for tasks to queue
[2022-11-10T15:42:16.551+0000] {logging_mixin.py:117} INFO - [2022-11-10T15:42:16.551+0000] {dagbag.py:525} INFO - Filling up the DagBag from /opt/airflow/dags/scripts/forex_processing.py
[2022-11-10T15:42:16.595+0000] {logging_mixin.py:117} INFO - [2022-11-10T15:42:16.586+0000] {dagbag.py:330} ERROR - Failed to import: /opt/airflow/dags/scripts/forex_processing.py
Traceback (most recent call last):
  File "/home/airflow/.local/lib/python3.7/site-packages/airflow/models/dagbag.py", line 326, in parse
    loader.exec_module(new_module)
  File "<frozen importlib._bootstrap_external>", line 728, in exec_module
  File "<frozen importlib._bootstrap>", line 219, in _call_with_frames_removed
  File "/opt/airflow/dags/scripts/forex_processing.py", line 1, in <module>
    from pyspark.sql.context import SQLContext
ModuleNotFoundError: No module named 'pyspark'
[2022-11-10T15:42:16.598+0000] {processor.py:770} WARNING - No viable dags retrieved from /opt/airflow/dags/scripts/forex_processing.py
[2022-11-10T15:42:16.614+0000] {processor.py:178} INFO - Processing /opt/airflow/dags/scripts/forex_processing.py took 0.067 seconds
[2022-11-10T15:42:47.012+0000] {processor.py:156} INFO - Started process (PID=2555) to work on /opt/airflow/dags/scripts/forex_processing.py
[2022-11-10T15:42:47.014+0000] {processor.py:758} INFO - Processing file /opt/airflow/dags/scripts/forex_processing.py for tasks to queue
[2022-11-10T15:42:47.015+0000] {logging_mixin.py:117} INFO - [2022-11-10T15:42:47.015+0000] {dagbag.py:525} INFO - Filling up the DagBag from /opt/airflow/dags/scripts/forex_processing.py
[2022-11-10T15:42:47.082+0000] {logging_mixin.py:117} INFO - [2022-11-10T15:42:47.069+0000] {dagbag.py:330} ERROR - Failed to import: /opt/airflow/dags/scripts/forex_processing.py
Traceback (most recent call last):
  File "/home/airflow/.local/lib/python3.7/site-packages/airflow/models/dagbag.py", line 326, in parse
    loader.exec_module(new_module)
  File "<frozen importlib._bootstrap_external>", line 728, in exec_module
  File "<frozen importlib._bootstrap>", line 219, in _call_with_frames_removed
  File "/opt/airflow/dags/scripts/forex_processing.py", line 1, in <module>
    from pyspark.sql.context import SQLContext
ModuleNotFoundError: No module named 'pyspark'
[2022-11-10T15:42:47.088+0000] {processor.py:770} WARNING - No viable dags retrieved from /opt/airflow/dags/scripts/forex_processing.py
[2022-11-10T15:42:47.111+0000] {processor.py:178} INFO - Processing /opt/airflow/dags/scripts/forex_processing.py took 0.103 seconds
[2022-11-10T15:43:17.545+0000] {processor.py:156} INFO - Started process (PID=2575) to work on /opt/airflow/dags/scripts/forex_processing.py
[2022-11-10T15:43:17.547+0000] {processor.py:758} INFO - Processing file /opt/airflow/dags/scripts/forex_processing.py for tasks to queue
[2022-11-10T15:43:17.549+0000] {logging_mixin.py:117} INFO - [2022-11-10T15:43:17.549+0000] {dagbag.py:525} INFO - Filling up the DagBag from /opt/airflow/dags/scripts/forex_processing.py
[2022-11-10T15:43:17.626+0000] {logging_mixin.py:117} INFO - [2022-11-10T15:43:17.611+0000] {dagbag.py:330} ERROR - Failed to import: /opt/airflow/dags/scripts/forex_processing.py
Traceback (most recent call last):
  File "/home/airflow/.local/lib/python3.7/site-packages/airflow/models/dagbag.py", line 326, in parse
    loader.exec_module(new_module)
  File "<frozen importlib._bootstrap_external>", line 728, in exec_module
  File "<frozen importlib._bootstrap>", line 219, in _call_with_frames_removed
  File "/opt/airflow/dags/scripts/forex_processing.py", line 1, in <module>
    from pyspark.sql.context import SQLContext
ModuleNotFoundError: No module named 'pyspark'
[2022-11-10T15:43:17.632+0000] {processor.py:770} WARNING - No viable dags retrieved from /opt/airflow/dags/scripts/forex_processing.py
[2022-11-10T15:43:17.650+0000] {processor.py:178} INFO - Processing /opt/airflow/dags/scripts/forex_processing.py took 0.106 seconds
[2022-11-10T15:43:48.318+0000] {processor.py:156} INFO - Started process (PID=2604) to work on /opt/airflow/dags/scripts/forex_processing.py
[2022-11-10T15:43:48.323+0000] {processor.py:758} INFO - Processing file /opt/airflow/dags/scripts/forex_processing.py for tasks to queue
[2022-11-10T15:43:48.324+0000] {logging_mixin.py:117} INFO - [2022-11-10T15:43:48.324+0000] {dagbag.py:525} INFO - Filling up the DagBag from /opt/airflow/dags/scripts/forex_processing.py
[2022-11-10T15:43:48.392+0000] {logging_mixin.py:117} INFO - [2022-11-10T15:43:48.378+0000] {dagbag.py:330} ERROR - Failed to import: /opt/airflow/dags/scripts/forex_processing.py
Traceback (most recent call last):
  File "/home/airflow/.local/lib/python3.7/site-packages/airflow/models/dagbag.py", line 326, in parse
    loader.exec_module(new_module)
  File "<frozen importlib._bootstrap_external>", line 728, in exec_module
  File "<frozen importlib._bootstrap>", line 219, in _call_with_frames_removed
  File "/opt/airflow/dags/scripts/forex_processing.py", line 1, in <module>
    from pyspark.sql.context import SQLContext
ModuleNotFoundError: No module named 'pyspark'
[2022-11-10T15:43:48.396+0000] {processor.py:770} WARNING - No viable dags retrieved from /opt/airflow/dags/scripts/forex_processing.py
[2022-11-10T15:43:48.419+0000] {processor.py:178} INFO - Processing /opt/airflow/dags/scripts/forex_processing.py took 0.105 seconds
[2022-11-10T15:44:18.841+0000] {processor.py:156} INFO - Started process (PID=2633) to work on /opt/airflow/dags/scripts/forex_processing.py
[2022-11-10T15:44:18.844+0000] {processor.py:758} INFO - Processing file /opt/airflow/dags/scripts/forex_processing.py for tasks to queue
[2022-11-10T15:44:18.845+0000] {logging_mixin.py:117} INFO - [2022-11-10T15:44:18.844+0000] {dagbag.py:525} INFO - Filling up the DagBag from /opt/airflow/dags/scripts/forex_processing.py
[2022-11-10T15:44:18.913+0000] {logging_mixin.py:117} INFO - [2022-11-10T15:44:18.899+0000] {dagbag.py:330} ERROR - Failed to import: /opt/airflow/dags/scripts/forex_processing.py
Traceback (most recent call last):
  File "/home/airflow/.local/lib/python3.7/site-packages/airflow/models/dagbag.py", line 326, in parse
    loader.exec_module(new_module)
  File "<frozen importlib._bootstrap_external>", line 728, in exec_module
  File "<frozen importlib._bootstrap>", line 219, in _call_with_frames_removed
  File "/opt/airflow/dags/scripts/forex_processing.py", line 1, in <module>
    from pyspark.sql.context import SQLContext
ModuleNotFoundError: No module named 'pyspark'
[2022-11-10T15:44:18.919+0000] {processor.py:770} WARNING - No viable dags retrieved from /opt/airflow/dags/scripts/forex_processing.py
[2022-11-10T15:44:18.938+0000] {processor.py:178} INFO - Processing /opt/airflow/dags/scripts/forex_processing.py took 0.098 seconds
[2022-11-10T15:44:49.365+0000] {processor.py:156} INFO - Started process (PID=2653) to work on /opt/airflow/dags/scripts/forex_processing.py
[2022-11-10T15:44:49.367+0000] {processor.py:758} INFO - Processing file /opt/airflow/dags/scripts/forex_processing.py for tasks to queue
[2022-11-10T15:44:49.368+0000] {logging_mixin.py:117} INFO - [2022-11-10T15:44:49.367+0000] {dagbag.py:525} INFO - Filling up the DagBag from /opt/airflow/dags/scripts/forex_processing.py
[2022-11-10T15:44:49.428+0000] {logging_mixin.py:117} INFO - [2022-11-10T15:44:49.418+0000] {dagbag.py:330} ERROR - Failed to import: /opt/airflow/dags/scripts/forex_processing.py
Traceback (most recent call last):
  File "/home/airflow/.local/lib/python3.7/site-packages/airflow/models/dagbag.py", line 326, in parse
    loader.exec_module(new_module)
  File "<frozen importlib._bootstrap_external>", line 728, in exec_module
  File "<frozen importlib._bootstrap>", line 219, in _call_with_frames_removed
  File "/opt/airflow/dags/scripts/forex_processing.py", line 1, in <module>
    from pyspark.sql.context import SQLContext
ModuleNotFoundError: No module named 'pyspark'
[2022-11-10T15:44:49.433+0000] {processor.py:770} WARNING - No viable dags retrieved from /opt/airflow/dags/scripts/forex_processing.py
[2022-11-10T15:44:49.452+0000] {processor.py:178} INFO - Processing /opt/airflow/dags/scripts/forex_processing.py took 0.090 seconds
[2022-11-10T15:45:20.060+0000] {processor.py:156} INFO - Started process (PID=2683) to work on /opt/airflow/dags/scripts/forex_processing.py
[2022-11-10T15:45:20.063+0000] {processor.py:758} INFO - Processing file /opt/airflow/dags/scripts/forex_processing.py for tasks to queue
[2022-11-10T15:45:20.064+0000] {logging_mixin.py:117} INFO - [2022-11-10T15:45:20.064+0000] {dagbag.py:525} INFO - Filling up the DagBag from /opt/airflow/dags/scripts/forex_processing.py
[2022-11-10T15:45:20.165+0000] {logging_mixin.py:117} INFO - [2022-11-10T15:45:20.150+0000] {dagbag.py:330} ERROR - Failed to import: /opt/airflow/dags/scripts/forex_processing.py
Traceback (most recent call last):
  File "/home/airflow/.local/lib/python3.7/site-packages/airflow/models/dagbag.py", line 326, in parse
    loader.exec_module(new_module)
  File "<frozen importlib._bootstrap_external>", line 728, in exec_module
  File "<frozen importlib._bootstrap>", line 219, in _call_with_frames_removed
  File "/opt/airflow/dags/scripts/forex_processing.py", line 1, in <module>
    from pyspark.sql.context import SQLContext
ModuleNotFoundError: No module named 'pyspark'
[2022-11-10T15:45:20.169+0000] {processor.py:770} WARNING - No viable dags retrieved from /opt/airflow/dags/scripts/forex_processing.py
[2022-11-10T15:45:20.190+0000] {processor.py:178} INFO - Processing /opt/airflow/dags/scripts/forex_processing.py took 0.134 seconds
[2022-11-10T15:45:50.638+0000] {processor.py:156} INFO - Started process (PID=2716) to work on /opt/airflow/dags/scripts/forex_processing.py
[2022-11-10T15:45:50.641+0000] {processor.py:758} INFO - Processing file /opt/airflow/dags/scripts/forex_processing.py for tasks to queue
[2022-11-10T15:45:50.642+0000] {logging_mixin.py:117} INFO - [2022-11-10T15:45:50.642+0000] {dagbag.py:525} INFO - Filling up the DagBag from /opt/airflow/dags/scripts/forex_processing.py
[2022-11-10T15:45:50.696+0000] {logging_mixin.py:117} INFO - [2022-11-10T15:45:50.686+0000] {dagbag.py:330} ERROR - Failed to import: /opt/airflow/dags/scripts/forex_processing.py
Traceback (most recent call last):
  File "/home/airflow/.local/lib/python3.7/site-packages/airflow/models/dagbag.py", line 326, in parse
    loader.exec_module(new_module)
  File "<frozen importlib._bootstrap_external>", line 728, in exec_module
  File "<frozen importlib._bootstrap>", line 219, in _call_with_frames_removed
  File "/opt/airflow/dags/scripts/forex_processing.py", line 1, in <module>
    from pyspark.sql.context import SQLContext
ModuleNotFoundError: No module named 'pyspark'
[2022-11-10T15:45:50.700+0000] {processor.py:770} WARNING - No viable dags retrieved from /opt/airflow/dags/scripts/forex_processing.py
[2022-11-10T15:45:50.718+0000] {processor.py:178} INFO - Processing /opt/airflow/dags/scripts/forex_processing.py took 0.082 seconds
[2022-11-10T15:46:21.102+0000] {processor.py:156} INFO - Started process (PID=2745) to work on /opt/airflow/dags/scripts/forex_processing.py
[2022-11-10T15:46:21.106+0000] {processor.py:758} INFO - Processing file /opt/airflow/dags/scripts/forex_processing.py for tasks to queue
[2022-11-10T15:46:21.107+0000] {logging_mixin.py:117} INFO - [2022-11-10T15:46:21.106+0000] {dagbag.py:525} INFO - Filling up the DagBag from /opt/airflow/dags/scripts/forex_processing.py
[2022-11-10T15:46:21.149+0000] {logging_mixin.py:117} INFO - [2022-11-10T15:46:21.134+0000] {dagbag.py:330} ERROR - Failed to import: /opt/airflow/dags/scripts/forex_processing.py
Traceback (most recent call last):
  File "/home/airflow/.local/lib/python3.7/site-packages/airflow/models/dagbag.py", line 326, in parse
    loader.exec_module(new_module)
  File "<frozen importlib._bootstrap_external>", line 728, in exec_module
  File "<frozen importlib._bootstrap>", line 219, in _call_with_frames_removed
  File "/opt/airflow/dags/scripts/forex_processing.py", line 1, in <module>
    from pyspark.sql.context import SQLContext
ModuleNotFoundError: No module named 'pyspark'
[2022-11-10T15:46:21.157+0000] {processor.py:770} WARNING - No viable dags retrieved from /opt/airflow/dags/scripts/forex_processing.py
[2022-11-10T15:46:21.174+0000] {processor.py:178} INFO - Processing /opt/airflow/dags/scripts/forex_processing.py took 0.074 seconds
[2022-11-10T15:46:47.877+0000] {processor.py:156} INFO - Started process (PID=2765) to work on /opt/airflow/dags/scripts/forex_processing.py
[2022-11-10T15:46:47.880+0000] {processor.py:758} INFO - Processing file /opt/airflow/dags/scripts/forex_processing.py for tasks to queue
[2022-11-10T15:46:47.881+0000] {logging_mixin.py:117} INFO - [2022-11-10T15:46:47.881+0000] {dagbag.py:525} INFO - Filling up the DagBag from /opt/airflow/dags/scripts/forex_processing.py
[2022-11-10T15:46:48.041+0000] {logging_mixin.py:117} INFO - [2022-11-10T15:46:48.029+0000] {dagbag.py:330} ERROR - Failed to import: /opt/airflow/dags/scripts/forex_processing.py
Traceback (most recent call last):
  File "/home/airflow/.local/lib/python3.7/site-packages/airflow/models/dagbag.py", line 326, in parse
    loader.exec_module(new_module)
  File "<frozen importlib._bootstrap_external>", line 728, in exec_module
  File "<frozen importlib._bootstrap>", line 219, in _call_with_frames_removed
  File "/opt/airflow/dags/scripts/forex_processing.py", line 1, in <module>
    from pyspark.sql.context import SQLContext
ModuleNotFoundError: No module named 'pyspark'
[2022-11-10T15:46:48.046+0000] {processor.py:770} WARNING - No viable dags retrieved from /opt/airflow/dags/scripts/forex_processing.py
[2022-11-10T15:46:48.067+0000] {processor.py:178} INFO - Processing /opt/airflow/dags/scripts/forex_processing.py took 0.192 seconds
[2022-11-10T15:47:18.448+0000] {processor.py:156} INFO - Started process (PID=2795) to work on /opt/airflow/dags/scripts/forex_processing.py
[2022-11-10T15:47:18.451+0000] {processor.py:758} INFO - Processing file /opt/airflow/dags/scripts/forex_processing.py for tasks to queue
[2022-11-10T15:47:18.452+0000] {logging_mixin.py:117} INFO - [2022-11-10T15:47:18.452+0000] {dagbag.py:525} INFO - Filling up the DagBag from /opt/airflow/dags/scripts/forex_processing.py
[2022-11-10T15:47:18.509+0000] {logging_mixin.py:117} INFO - [2022-11-10T15:47:18.499+0000] {dagbag.py:330} ERROR - Failed to import: /opt/airflow/dags/scripts/forex_processing.py
Traceback (most recent call last):
  File "/home/airflow/.local/lib/python3.7/site-packages/airflow/models/dagbag.py", line 326, in parse
    loader.exec_module(new_module)
  File "<frozen importlib._bootstrap_external>", line 728, in exec_module
  File "<frozen importlib._bootstrap>", line 219, in _call_with_frames_removed
  File "/opt/airflow/dags/scripts/forex_processing.py", line 1, in <module>
    from pyspark.sql.context import SQLContext
ModuleNotFoundError: No module named 'pyspark'
[2022-11-10T15:47:18.514+0000] {processor.py:770} WARNING - No viable dags retrieved from /opt/airflow/dags/scripts/forex_processing.py
[2022-11-10T15:47:18.530+0000] {processor.py:178} INFO - Processing /opt/airflow/dags/scripts/forex_processing.py took 0.084 seconds
[2022-11-10T15:47:48.959+0000] {processor.py:156} INFO - Started process (PID=2814) to work on /opt/airflow/dags/scripts/forex_processing.py
[2022-11-10T15:47:48.960+0000] {processor.py:758} INFO - Processing file /opt/airflow/dags/scripts/forex_processing.py for tasks to queue
[2022-11-10T15:47:48.961+0000] {logging_mixin.py:117} INFO - [2022-11-10T15:47:48.961+0000] {dagbag.py:525} INFO - Filling up the DagBag from /opt/airflow/dags/scripts/forex_processing.py
[2022-11-10T15:47:48.996+0000] {logging_mixin.py:117} INFO - [2022-11-10T15:47:48.991+0000] {dagbag.py:330} ERROR - Failed to import: /opt/airflow/dags/scripts/forex_processing.py
Traceback (most recent call last):
  File "/home/airflow/.local/lib/python3.7/site-packages/airflow/models/dagbag.py", line 326, in parse
    loader.exec_module(new_module)
  File "<frozen importlib._bootstrap_external>", line 728, in exec_module
  File "<frozen importlib._bootstrap>", line 219, in _call_with_frames_removed
  File "/opt/airflow/dags/scripts/forex_processing.py", line 1, in <module>
    from pyspark.sql.context import SQLContext
ModuleNotFoundError: No module named 'pyspark'
[2022-11-10T15:47:49.000+0000] {processor.py:770} WARNING - No viable dags retrieved from /opt/airflow/dags/scripts/forex_processing.py
[2022-11-10T15:47:49.017+0000] {processor.py:178} INFO - Processing /opt/airflow/dags/scripts/forex_processing.py took 0.060 seconds
[2022-11-10T15:48:19.410+0000] {processor.py:156} INFO - Started process (PID=2842) to work on /opt/airflow/dags/scripts/forex_processing.py
[2022-11-10T15:48:19.412+0000] {processor.py:758} INFO - Processing file /opt/airflow/dags/scripts/forex_processing.py for tasks to queue
[2022-11-10T15:48:19.413+0000] {logging_mixin.py:117} INFO - [2022-11-10T15:48:19.413+0000] {dagbag.py:525} INFO - Filling up the DagBag from /opt/airflow/dags/scripts/forex_processing.py
[2022-11-10T15:48:19.447+0000] {logging_mixin.py:117} INFO - [2022-11-10T15:48:19.440+0000] {dagbag.py:330} ERROR - Failed to import: /opt/airflow/dags/scripts/forex_processing.py
Traceback (most recent call last):
  File "/home/airflow/.local/lib/python3.7/site-packages/airflow/models/dagbag.py", line 326, in parse
    loader.exec_module(new_module)
  File "<frozen importlib._bootstrap_external>", line 728, in exec_module
  File "<frozen importlib._bootstrap>", line 219, in _call_with_frames_removed
  File "/opt/airflow/dags/scripts/forex_processing.py", line 1, in <module>
    from pyspark.sql.context import SQLContext
ModuleNotFoundError: No module named 'pyspark'
[2022-11-10T15:48:19.450+0000] {processor.py:770} WARNING - No viable dags retrieved from /opt/airflow/dags/scripts/forex_processing.py
[2022-11-10T15:48:19.465+0000] {processor.py:178} INFO - Processing /opt/airflow/dags/scripts/forex_processing.py took 0.057 seconds
[2022-11-10T15:48:49.921+0000] {processor.py:156} INFO - Started process (PID=2871) to work on /opt/airflow/dags/scripts/forex_processing.py
[2022-11-10T15:48:49.923+0000] {processor.py:758} INFO - Processing file /opt/airflow/dags/scripts/forex_processing.py for tasks to queue
[2022-11-10T15:48:49.923+0000] {logging_mixin.py:117} INFO - [2022-11-10T15:48:49.923+0000] {dagbag.py:525} INFO - Filling up the DagBag from /opt/airflow/dags/scripts/forex_processing.py
[2022-11-10T15:48:49.958+0000] {logging_mixin.py:117} INFO - [2022-11-10T15:48:49.952+0000] {dagbag.py:330} ERROR - Failed to import: /opt/airflow/dags/scripts/forex_processing.py
Traceback (most recent call last):
  File "/home/airflow/.local/lib/python3.7/site-packages/airflow/models/dagbag.py", line 326, in parse
    loader.exec_module(new_module)
  File "<frozen importlib._bootstrap_external>", line 728, in exec_module
  File "<frozen importlib._bootstrap>", line 219, in _call_with_frames_removed
  File "/opt/airflow/dags/scripts/forex_processing.py", line 1, in <module>
    from pyspark.sql.context import SQLContext
ModuleNotFoundError: No module named 'pyspark'
[2022-11-10T15:48:49.961+0000] {processor.py:770} WARNING - No viable dags retrieved from /opt/airflow/dags/scripts/forex_processing.py
[2022-11-10T15:48:49.975+0000] {processor.py:178} INFO - Processing /opt/airflow/dags/scripts/forex_processing.py took 0.056 seconds
[2022-11-10T15:49:20.336+0000] {processor.py:156} INFO - Started process (PID=2901) to work on /opt/airflow/dags/scripts/forex_processing.py
[2022-11-10T15:49:20.338+0000] {processor.py:758} INFO - Processing file /opt/airflow/dags/scripts/forex_processing.py for tasks to queue
[2022-11-10T15:49:20.340+0000] {logging_mixin.py:117} INFO - [2022-11-10T15:49:20.339+0000] {dagbag.py:525} INFO - Filling up the DagBag from /opt/airflow/dags/scripts/forex_processing.py
[2022-11-10T15:49:20.400+0000] {logging_mixin.py:117} INFO - [2022-11-10T15:49:20.388+0000] {dagbag.py:330} ERROR - Failed to import: /opt/airflow/dags/scripts/forex_processing.py
Traceback (most recent call last):
  File "/home/airflow/.local/lib/python3.7/site-packages/airflow/models/dagbag.py", line 326, in parse
    loader.exec_module(new_module)
  File "<frozen importlib._bootstrap_external>", line 728, in exec_module
  File "<frozen importlib._bootstrap>", line 219, in _call_with_frames_removed
  File "/opt/airflow/dags/scripts/forex_processing.py", line 1, in <module>
    from pyspark.sql.context import SQLContext
ModuleNotFoundError: No module named 'pyspark'
[2022-11-10T15:49:20.405+0000] {processor.py:770} WARNING - No viable dags retrieved from /opt/airflow/dags/scripts/forex_processing.py
[2022-11-10T15:49:20.422+0000] {processor.py:178} INFO - Processing /opt/airflow/dags/scripts/forex_processing.py took 0.089 seconds
[2022-11-10T15:49:50.826+0000] {processor.py:156} INFO - Started process (PID=2921) to work on /opt/airflow/dags/scripts/forex_processing.py
[2022-11-10T15:49:50.827+0000] {processor.py:758} INFO - Processing file /opt/airflow/dags/scripts/forex_processing.py for tasks to queue
[2022-11-10T15:49:50.828+0000] {logging_mixin.py:117} INFO - [2022-11-10T15:49:50.828+0000] {dagbag.py:525} INFO - Filling up the DagBag from /opt/airflow/dags/scripts/forex_processing.py
[2022-11-10T15:49:50.867+0000] {logging_mixin.py:117} INFO - [2022-11-10T15:49:50.860+0000] {dagbag.py:330} ERROR - Failed to import: /opt/airflow/dags/scripts/forex_processing.py
Traceback (most recent call last):
  File "/home/airflow/.local/lib/python3.7/site-packages/airflow/models/dagbag.py", line 326, in parse
    loader.exec_module(new_module)
  File "<frozen importlib._bootstrap_external>", line 728, in exec_module
  File "<frozen importlib._bootstrap>", line 219, in _call_with_frames_removed
  File "/opt/airflow/dags/scripts/forex_processing.py", line 1, in <module>
    from pyspark.sql.context import SQLContext
ModuleNotFoundError: No module named 'pyspark'
[2022-11-10T15:49:50.870+0000] {processor.py:770} WARNING - No viable dags retrieved from /opt/airflow/dags/scripts/forex_processing.py
[2022-11-10T15:49:50.886+0000] {processor.py:178} INFO - Processing /opt/airflow/dags/scripts/forex_processing.py took 0.062 seconds
[2022-11-10T15:50:21.287+0000] {processor.py:156} INFO - Started process (PID=2950) to work on /opt/airflow/dags/scripts/forex_processing.py
[2022-11-10T15:50:21.290+0000] {processor.py:758} INFO - Processing file /opt/airflow/dags/scripts/forex_processing.py for tasks to queue
[2022-11-10T15:50:21.291+0000] {logging_mixin.py:117} INFO - [2022-11-10T15:50:21.291+0000] {dagbag.py:525} INFO - Filling up the DagBag from /opt/airflow/dags/scripts/forex_processing.py
[2022-11-10T15:50:21.356+0000] {logging_mixin.py:117} INFO - [2022-11-10T15:50:21.345+0000] {dagbag.py:330} ERROR - Failed to import: /opt/airflow/dags/scripts/forex_processing.py
Traceback (most recent call last):
  File "/home/airflow/.local/lib/python3.7/site-packages/airflow/models/dagbag.py", line 326, in parse
    loader.exec_module(new_module)
  File "<frozen importlib._bootstrap_external>", line 728, in exec_module
  File "<frozen importlib._bootstrap>", line 219, in _call_with_frames_removed
  File "/opt/airflow/dags/scripts/forex_processing.py", line 1, in <module>
    from pyspark.sql.context import SQLContext
ModuleNotFoundError: No module named 'pyspark'
[2022-11-10T15:50:21.361+0000] {processor.py:770} WARNING - No viable dags retrieved from /opt/airflow/dags/scripts/forex_processing.py
[2022-11-10T15:50:21.377+0000] {processor.py:178} INFO - Processing /opt/airflow/dags/scripts/forex_processing.py took 0.094 seconds
[2022-11-10T15:50:51.766+0000] {processor.py:156} INFO - Started process (PID=2979) to work on /opt/airflow/dags/scripts/forex_processing.py
[2022-11-10T15:50:51.769+0000] {processor.py:758} INFO - Processing file /opt/airflow/dags/scripts/forex_processing.py for tasks to queue
[2022-11-10T15:50:51.769+0000] {logging_mixin.py:117} INFO - [2022-11-10T15:50:51.769+0000] {dagbag.py:525} INFO - Filling up the DagBag from /opt/airflow/dags/scripts/forex_processing.py
[2022-11-10T15:50:51.808+0000] {logging_mixin.py:117} INFO - [2022-11-10T15:50:51.802+0000] {dagbag.py:330} ERROR - Failed to import: /opt/airflow/dags/scripts/forex_processing.py
Traceback (most recent call last):
  File "/home/airflow/.local/lib/python3.7/site-packages/airflow/models/dagbag.py", line 326, in parse
    loader.exec_module(new_module)
  File "<frozen importlib._bootstrap_external>", line 728, in exec_module
  File "<frozen importlib._bootstrap>", line 219, in _call_with_frames_removed
  File "/opt/airflow/dags/scripts/forex_processing.py", line 1, in <module>
    from pyspark.sql.context import SQLContext
ModuleNotFoundError: No module named 'pyspark'
[2022-11-10T15:50:51.811+0000] {processor.py:770} WARNING - No viable dags retrieved from /opt/airflow/dags/scripts/forex_processing.py
[2022-11-10T15:50:51.828+0000] {processor.py:178} INFO - Processing /opt/airflow/dags/scripts/forex_processing.py took 0.065 seconds
[2022-11-10T15:51:22.212+0000] {processor.py:156} INFO - Started process (PID=3007) to work on /opt/airflow/dags/scripts/forex_processing.py
[2022-11-10T15:51:22.214+0000] {processor.py:758} INFO - Processing file /opt/airflow/dags/scripts/forex_processing.py for tasks to queue
[2022-11-10T15:51:22.215+0000] {logging_mixin.py:117} INFO - [2022-11-10T15:51:22.215+0000] {dagbag.py:525} INFO - Filling up the DagBag from /opt/airflow/dags/scripts/forex_processing.py
[2022-11-10T15:51:22.278+0000] {logging_mixin.py:117} INFO - [2022-11-10T15:51:22.266+0000] {dagbag.py:330} ERROR - Failed to import: /opt/airflow/dags/scripts/forex_processing.py
Traceback (most recent call last):
  File "/home/airflow/.local/lib/python3.7/site-packages/airflow/models/dagbag.py", line 326, in parse
    loader.exec_module(new_module)
  File "<frozen importlib._bootstrap_external>", line 728, in exec_module
  File "<frozen importlib._bootstrap>", line 219, in _call_with_frames_removed
  File "/opt/airflow/dags/scripts/forex_processing.py", line 1, in <module>
    from pyspark.sql.context import SQLContext
ModuleNotFoundError: No module named 'pyspark'
[2022-11-10T15:51:22.283+0000] {processor.py:770} WARNING - No viable dags retrieved from /opt/airflow/dags/scripts/forex_processing.py
[2022-11-10T15:51:22.302+0000] {processor.py:178} INFO - Processing /opt/airflow/dags/scripts/forex_processing.py took 0.093 seconds
[2022-11-10T15:51:52.708+0000] {processor.py:156} INFO - Started process (PID=3029) to work on /opt/airflow/dags/scripts/forex_processing.py
[2022-11-10T15:51:52.710+0000] {processor.py:758} INFO - Processing file /opt/airflow/dags/scripts/forex_processing.py for tasks to queue
[2022-11-10T15:51:52.711+0000] {logging_mixin.py:117} INFO - [2022-11-10T15:51:52.711+0000] {dagbag.py:525} INFO - Filling up the DagBag from /opt/airflow/dags/scripts/forex_processing.py
[2022-11-10T15:51:52.785+0000] {logging_mixin.py:117} INFO - [2022-11-10T15:51:52.771+0000] {dagbag.py:330} ERROR - Failed to import: /opt/airflow/dags/scripts/forex_processing.py
Traceback (most recent call last):
  File "/home/airflow/.local/lib/python3.7/site-packages/airflow/models/dagbag.py", line 326, in parse
    loader.exec_module(new_module)
  File "<frozen importlib._bootstrap_external>", line 728, in exec_module
  File "<frozen importlib._bootstrap>", line 219, in _call_with_frames_removed
  File "/opt/airflow/dags/scripts/forex_processing.py", line 1, in <module>
    from pyspark.sql.context import SQLContext
ModuleNotFoundError: No module named 'pyspark'
[2022-11-10T15:51:52.790+0000] {processor.py:770} WARNING - No viable dags retrieved from /opt/airflow/dags/scripts/forex_processing.py
[2022-11-10T15:51:52.810+0000] {processor.py:178} INFO - Processing /opt/airflow/dags/scripts/forex_processing.py took 0.104 seconds
[2022-11-10T15:52:23.221+0000] {processor.py:156} INFO - Started process (PID=3058) to work on /opt/airflow/dags/scripts/forex_processing.py
[2022-11-10T15:52:23.223+0000] {processor.py:758} INFO - Processing file /opt/airflow/dags/scripts/forex_processing.py for tasks to queue
[2022-11-10T15:52:23.224+0000] {logging_mixin.py:117} INFO - [2022-11-10T15:52:23.224+0000] {dagbag.py:525} INFO - Filling up the DagBag from /opt/airflow/dags/scripts/forex_processing.py
[2022-11-10T15:52:23.262+0000] {logging_mixin.py:117} INFO - [2022-11-10T15:52:23.255+0000] {dagbag.py:330} ERROR - Failed to import: /opt/airflow/dags/scripts/forex_processing.py
Traceback (most recent call last):
  File "/home/airflow/.local/lib/python3.7/site-packages/airflow/models/dagbag.py", line 326, in parse
    loader.exec_module(new_module)
  File "<frozen importlib._bootstrap_external>", line 728, in exec_module
  File "<frozen importlib._bootstrap>", line 219, in _call_with_frames_removed
  File "/opt/airflow/dags/scripts/forex_processing.py", line 1, in <module>
    from pyspark.sql.context import SQLContext
ModuleNotFoundError: No module named 'pyspark'
[2022-11-10T15:52:23.265+0000] {processor.py:770} WARNING - No viable dags retrieved from /opt/airflow/dags/scripts/forex_processing.py
[2022-11-10T15:52:23.281+0000] {processor.py:178} INFO - Processing /opt/airflow/dags/scripts/forex_processing.py took 0.063 seconds
[2022-11-10T15:52:53.770+0000] {processor.py:156} INFO - Started process (PID=3087) to work on /opt/airflow/dags/scripts/forex_processing.py
[2022-11-10T15:52:53.772+0000] {processor.py:758} INFO - Processing file /opt/airflow/dags/scripts/forex_processing.py for tasks to queue
[2022-11-10T15:52:53.773+0000] {logging_mixin.py:117} INFO - [2022-11-10T15:52:53.773+0000] {dagbag.py:525} INFO - Filling up the DagBag from /opt/airflow/dags/scripts/forex_processing.py
[2022-11-10T15:52:53.842+0000] {logging_mixin.py:117} INFO - [2022-11-10T15:52:53.830+0000] {dagbag.py:330} ERROR - Failed to import: /opt/airflow/dags/scripts/forex_processing.py
Traceback (most recent call last):
  File "/home/airflow/.local/lib/python3.7/site-packages/airflow/models/dagbag.py", line 326, in parse
    loader.exec_module(new_module)
  File "<frozen importlib._bootstrap_external>", line 728, in exec_module
  File "<frozen importlib._bootstrap>", line 219, in _call_with_frames_removed
  File "/opt/airflow/dags/scripts/forex_processing.py", line 1, in <module>
    from pyspark.sql.context import SQLContext
ModuleNotFoundError: No module named 'pyspark'
[2022-11-10T15:52:53.847+0000] {processor.py:770} WARNING - No viable dags retrieved from /opt/airflow/dags/scripts/forex_processing.py
[2022-11-10T15:52:53.865+0000] {processor.py:178} INFO - Processing /opt/airflow/dags/scripts/forex_processing.py took 0.099 seconds
[2022-11-10T15:53:24.275+0000] {processor.py:156} INFO - Started process (PID=3108) to work on /opt/airflow/dags/scripts/forex_processing.py
[2022-11-10T15:53:24.277+0000] {processor.py:758} INFO - Processing file /opt/airflow/dags/scripts/forex_processing.py for tasks to queue
[2022-11-10T15:53:24.278+0000] {logging_mixin.py:117} INFO - [2022-11-10T15:53:24.278+0000] {dagbag.py:525} INFO - Filling up the DagBag from /opt/airflow/dags/scripts/forex_processing.py
[2022-11-10T15:53:24.332+0000] {logging_mixin.py:117} INFO - [2022-11-10T15:53:24.325+0000] {dagbag.py:330} ERROR - Failed to import: /opt/airflow/dags/scripts/forex_processing.py
Traceback (most recent call last):
  File "/home/airflow/.local/lib/python3.7/site-packages/airflow/models/dagbag.py", line 326, in parse
    loader.exec_module(new_module)
  File "<frozen importlib._bootstrap_external>", line 728, in exec_module
  File "<frozen importlib._bootstrap>", line 219, in _call_with_frames_removed
  File "/opt/airflow/dags/scripts/forex_processing.py", line 1, in <module>
    from pyspark.sql.context import SQLContext
ModuleNotFoundError: No module named 'pyspark'
[2022-11-10T15:53:24.334+0000] {processor.py:770} WARNING - No viable dags retrieved from /opt/airflow/dags/scripts/forex_processing.py
[2022-11-10T15:53:24.352+0000] {processor.py:178} INFO - Processing /opt/airflow/dags/scripts/forex_processing.py took 0.081 seconds
[2022-11-10T15:53:32.381+0000] {processor.py:156} INFO - Started process (PID=3117) to work on /opt/airflow/dags/scripts/forex_processing.py
[2022-11-10T15:53:32.384+0000] {processor.py:758} INFO - Processing file /opt/airflow/dags/scripts/forex_processing.py for tasks to queue
[2022-11-10T15:53:32.385+0000] {logging_mixin.py:117} INFO - [2022-11-10T15:53:32.385+0000] {dagbag.py:525} INFO - Filling up the DagBag from /opt/airflow/dags/scripts/forex_processing.py
[2022-11-10T15:53:32.548+0000] {logging_mixin.py:117} INFO - [2022-11-10T15:53:32.534+0000] {dagbag.py:330} ERROR - Failed to import: /opt/airflow/dags/scripts/forex_processing.py
Traceback (most recent call last):
  File "/home/airflow/.local/lib/python3.7/site-packages/airflow/models/dagbag.py", line 326, in parse
    loader.exec_module(new_module)
  File "<frozen importlib._bootstrap_external>", line 728, in exec_module
  File "<frozen importlib._bootstrap>", line 219, in _call_with_frames_removed
  File "/opt/airflow/dags/scripts/forex_processing.py", line 1, in <module>
    from pyspark.sql.context import SQLContext
ModuleNotFoundError: No module named 'pyspark'
[2022-11-10T15:53:32.553+0000] {processor.py:770} WARNING - No viable dags retrieved from /opt/airflow/dags/scripts/forex_processing.py
[2022-11-10T15:53:32.577+0000] {processor.py:178} INFO - Processing /opt/airflow/dags/scripts/forex_processing.py took 0.198 seconds
[2022-11-10T15:54:03.180+0000] {processor.py:156} INFO - Started process (PID=3146) to work on /opt/airflow/dags/scripts/forex_processing.py
[2022-11-10T15:54:03.183+0000] {processor.py:758} INFO - Processing file /opt/airflow/dags/scripts/forex_processing.py for tasks to queue
[2022-11-10T15:54:03.184+0000] {logging_mixin.py:117} INFO - [2022-11-10T15:54:03.184+0000] {dagbag.py:525} INFO - Filling up the DagBag from /opt/airflow/dags/scripts/forex_processing.py
[2022-11-10T15:54:03.253+0000] {logging_mixin.py:117} INFO - [2022-11-10T15:54:03.241+0000] {dagbag.py:330} ERROR - Failed to import: /opt/airflow/dags/scripts/forex_processing.py
Traceback (most recent call last):
  File "/home/airflow/.local/lib/python3.7/site-packages/airflow/models/dagbag.py", line 326, in parse
    loader.exec_module(new_module)
  File "<frozen importlib._bootstrap_external>", line 728, in exec_module
  File "<frozen importlib._bootstrap>", line 219, in _call_with_frames_removed
  File "/opt/airflow/dags/scripts/forex_processing.py", line 1, in <module>
    from pyspark.sql.context import SQLContext
ModuleNotFoundError: No module named 'pyspark'
[2022-11-10T15:54:03.259+0000] {processor.py:770} WARNING - No viable dags retrieved from /opt/airflow/dags/scripts/forex_processing.py
[2022-11-10T15:54:03.278+0000] {processor.py:178} INFO - Processing /opt/airflow/dags/scripts/forex_processing.py took 0.100 seconds
[2022-11-10T15:54:33.699+0000] {processor.py:156} INFO - Started process (PID=3175) to work on /opt/airflow/dags/scripts/forex_processing.py
[2022-11-10T15:54:33.709+0000] {processor.py:758} INFO - Processing file /opt/airflow/dags/scripts/forex_processing.py for tasks to queue
[2022-11-10T15:54:33.710+0000] {logging_mixin.py:117} INFO - [2022-11-10T15:54:33.710+0000] {dagbag.py:525} INFO - Filling up the DagBag from /opt/airflow/dags/scripts/forex_processing.py
[2022-11-10T15:54:33.780+0000] {logging_mixin.py:117} INFO - [2022-11-10T15:54:33.766+0000] {dagbag.py:330} ERROR - Failed to import: /opt/airflow/dags/scripts/forex_processing.py
Traceback (most recent call last):
  File "/home/airflow/.local/lib/python3.7/site-packages/airflow/models/dagbag.py", line 326, in parse
    loader.exec_module(new_module)
  File "<frozen importlib._bootstrap_external>", line 728, in exec_module
  File "<frozen importlib._bootstrap>", line 219, in _call_with_frames_removed
  File "/opt/airflow/dags/scripts/forex_processing.py", line 1, in <module>
    from pyspark.sql.context import SQLContext
ModuleNotFoundError: No module named 'pyspark'
[2022-11-10T15:54:33.786+0000] {processor.py:770} WARNING - No viable dags retrieved from /opt/airflow/dags/scripts/forex_processing.py
[2022-11-10T15:54:33.807+0000] {processor.py:178} INFO - Processing /opt/airflow/dags/scripts/forex_processing.py took 0.111 seconds
[2022-11-10T15:55:04.232+0000] {processor.py:156} INFO - Started process (PID=3195) to work on /opt/airflow/dags/scripts/forex_processing.py
[2022-11-10T15:55:04.234+0000] {processor.py:758} INFO - Processing file /opt/airflow/dags/scripts/forex_processing.py for tasks to queue
[2022-11-10T15:55:04.235+0000] {logging_mixin.py:117} INFO - [2022-11-10T15:55:04.235+0000] {dagbag.py:525} INFO - Filling up the DagBag from /opt/airflow/dags/scripts/forex_processing.py
[2022-11-10T15:55:04.278+0000] {logging_mixin.py:117} INFO - [2022-11-10T15:55:04.272+0000] {dagbag.py:330} ERROR - Failed to import: /opt/airflow/dags/scripts/forex_processing.py
Traceback (most recent call last):
  File "/home/airflow/.local/lib/python3.7/site-packages/airflow/models/dagbag.py", line 326, in parse
    loader.exec_module(new_module)
  File "<frozen importlib._bootstrap_external>", line 728, in exec_module
  File "<frozen importlib._bootstrap>", line 219, in _call_with_frames_removed
  File "/opt/airflow/dags/scripts/forex_processing.py", line 1, in <module>
    from pyspark.sql.context import SQLContext
ModuleNotFoundError: No module named 'pyspark'
[2022-11-10T15:55:04.280+0000] {processor.py:770} WARNING - No viable dags retrieved from /opt/airflow/dags/scripts/forex_processing.py
[2022-11-10T15:55:04.296+0000] {processor.py:178} INFO - Processing /opt/airflow/dags/scripts/forex_processing.py took 0.066 seconds
[2022-11-10T15:55:34.723+0000] {processor.py:156} INFO - Started process (PID=3223) to work on /opt/airflow/dags/scripts/forex_processing.py
[2022-11-10T15:55:34.725+0000] {processor.py:758} INFO - Processing file /opt/airflow/dags/scripts/forex_processing.py for tasks to queue
[2022-11-10T15:55:34.726+0000] {logging_mixin.py:117} INFO - [2022-11-10T15:55:34.726+0000] {dagbag.py:525} INFO - Filling up the DagBag from /opt/airflow/dags/scripts/forex_processing.py
[2022-11-10T15:55:34.783+0000] {logging_mixin.py:117} INFO - [2022-11-10T15:55:34.772+0000] {dagbag.py:330} ERROR - Failed to import: /opt/airflow/dags/scripts/forex_processing.py
Traceback (most recent call last):
  File "/home/airflow/.local/lib/python3.7/site-packages/airflow/models/dagbag.py", line 326, in parse
    loader.exec_module(new_module)
  File "<frozen importlib._bootstrap_external>", line 728, in exec_module
  File "<frozen importlib._bootstrap>", line 219, in _call_with_frames_removed
  File "/opt/airflow/dags/scripts/forex_processing.py", line 1, in <module>
    from pyspark.sql.context import SQLContext
ModuleNotFoundError: No module named 'pyspark'
[2022-11-10T15:55:34.786+0000] {processor.py:770} WARNING - No viable dags retrieved from /opt/airflow/dags/scripts/forex_processing.py
[2022-11-10T15:55:34.805+0000] {processor.py:178} INFO - Processing /opt/airflow/dags/scripts/forex_processing.py took 0.085 seconds
[2022-11-10T15:56:05.221+0000] {processor.py:156} INFO - Started process (PID=3253) to work on /opt/airflow/dags/scripts/forex_processing.py
[2022-11-10T15:56:05.222+0000] {processor.py:758} INFO - Processing file /opt/airflow/dags/scripts/forex_processing.py for tasks to queue
[2022-11-10T15:56:05.223+0000] {logging_mixin.py:117} INFO - [2022-11-10T15:56:05.223+0000] {dagbag.py:525} INFO - Filling up the DagBag from /opt/airflow/dags/scripts/forex_processing.py
[2022-11-10T15:56:05.271+0000] {logging_mixin.py:117} INFO - [2022-11-10T15:56:05.256+0000] {dagbag.py:330} ERROR - Failed to import: /opt/airflow/dags/scripts/forex_processing.py
Traceback (most recent call last):
  File "/home/airflow/.local/lib/python3.7/site-packages/airflow/models/dagbag.py", line 326, in parse
    loader.exec_module(new_module)
  File "<frozen importlib._bootstrap_external>", line 728, in exec_module
  File "<frozen importlib._bootstrap>", line 219, in _call_with_frames_removed
  File "/opt/airflow/dags/scripts/forex_processing.py", line 1, in <module>
    from pyspark.sql.context import SQLContext
ModuleNotFoundError: No module named 'pyspark'
[2022-11-10T15:56:05.274+0000] {processor.py:770} WARNING - No viable dags retrieved from /opt/airflow/dags/scripts/forex_processing.py
[2022-11-10T15:56:05.292+0000] {processor.py:178} INFO - Processing /opt/airflow/dags/scripts/forex_processing.py took 0.073 seconds
[2022-11-10T15:56:35.685+0000] {processor.py:156} INFO - Started process (PID=3280) to work on /opt/airflow/dags/scripts/forex_processing.py
[2022-11-10T15:56:35.689+0000] {processor.py:758} INFO - Processing file /opt/airflow/dags/scripts/forex_processing.py for tasks to queue
[2022-11-10T15:56:35.691+0000] {logging_mixin.py:117} INFO - [2022-11-10T15:56:35.690+0000] {dagbag.py:525} INFO - Filling up the DagBag from /opt/airflow/dags/scripts/forex_processing.py
[2022-11-10T15:56:35.750+0000] {logging_mixin.py:117} INFO - [2022-11-10T15:56:35.738+0000] {dagbag.py:330} ERROR - Failed to import: /opt/airflow/dags/scripts/forex_processing.py
Traceback (most recent call last):
  File "/home/airflow/.local/lib/python3.7/site-packages/airflow/models/dagbag.py", line 326, in parse
    loader.exec_module(new_module)
  File "<frozen importlib._bootstrap_external>", line 728, in exec_module
  File "<frozen importlib._bootstrap>", line 219, in _call_with_frames_removed
  File "/opt/airflow/dags/scripts/forex_processing.py", line 1, in <module>
    from pyspark.sql.context import SQLContext
ModuleNotFoundError: No module named 'pyspark'
[2022-11-10T15:56:35.754+0000] {processor.py:770} WARNING - No viable dags retrieved from /opt/airflow/dags/scripts/forex_processing.py
[2022-11-10T15:56:35.773+0000] {processor.py:178} INFO - Processing /opt/airflow/dags/scripts/forex_processing.py took 0.090 seconds
[2022-11-10T15:57:06.137+0000] {processor.py:156} INFO - Started process (PID=3302) to work on /opt/airflow/dags/scripts/forex_processing.py
[2022-11-10T15:57:06.141+0000] {processor.py:758} INFO - Processing file /opt/airflow/dags/scripts/forex_processing.py for tasks to queue
[2022-11-10T15:57:06.141+0000] {logging_mixin.py:117} INFO - [2022-11-10T15:57:06.141+0000] {dagbag.py:525} INFO - Filling up the DagBag from /opt/airflow/dags/scripts/forex_processing.py
[2022-11-10T15:57:06.198+0000] {logging_mixin.py:117} INFO - [2022-11-10T15:57:06.184+0000] {dagbag.py:330} ERROR - Failed to import: /opt/airflow/dags/scripts/forex_processing.py
Traceback (most recent call last):
  File "/home/airflow/.local/lib/python3.7/site-packages/airflow/models/dagbag.py", line 326, in parse
    loader.exec_module(new_module)
  File "<frozen importlib._bootstrap_external>", line 728, in exec_module
  File "<frozen importlib._bootstrap>", line 219, in _call_with_frames_removed
  File "/opt/airflow/dags/scripts/forex_processing.py", line 1, in <module>
    from pyspark.sql.context import SQLContext
ModuleNotFoundError: No module named 'pyspark'
[2022-11-10T15:57:06.203+0000] {processor.py:770} WARNING - No viable dags retrieved from /opt/airflow/dags/scripts/forex_processing.py
[2022-11-10T15:57:06.221+0000] {processor.py:178} INFO - Processing /opt/airflow/dags/scripts/forex_processing.py took 0.085 seconds
[2022-11-10T15:57:36.624+0000] {processor.py:156} INFO - Started process (PID=3331) to work on /opt/airflow/dags/scripts/forex_processing.py
[2022-11-10T15:57:36.627+0000] {processor.py:758} INFO - Processing file /opt/airflow/dags/scripts/forex_processing.py for tasks to queue
[2022-11-10T15:57:36.628+0000] {logging_mixin.py:117} INFO - [2022-11-10T15:57:36.628+0000] {dagbag.py:525} INFO - Filling up the DagBag from /opt/airflow/dags/scripts/forex_processing.py
[2022-11-10T15:57:36.716+0000] {logging_mixin.py:117} INFO - [2022-11-10T15:57:36.704+0000] {dagbag.py:330} ERROR - Failed to import: /opt/airflow/dags/scripts/forex_processing.py
Traceback (most recent call last):
  File "/home/airflow/.local/lib/python3.7/site-packages/airflow/models/dagbag.py", line 326, in parse
    loader.exec_module(new_module)
  File "<frozen importlib._bootstrap_external>", line 728, in exec_module
  File "<frozen importlib._bootstrap>", line 219, in _call_with_frames_removed
  File "/opt/airflow/dags/scripts/forex_processing.py", line 1, in <module>
    from pyspark.sql.context import SQLContext
ModuleNotFoundError: No module named 'pyspark'
[2022-11-10T15:57:36.722+0000] {processor.py:770} WARNING - No viable dags retrieved from /opt/airflow/dags/scripts/forex_processing.py
[2022-11-10T15:57:36.744+0000] {processor.py:178} INFO - Processing /opt/airflow/dags/scripts/forex_processing.py took 0.123 seconds
[2022-11-10T15:58:07.131+0000] {processor.py:156} INFO - Started process (PID=3361) to work on /opt/airflow/dags/scripts/forex_processing.py
[2022-11-10T15:58:07.132+0000] {processor.py:758} INFO - Processing file /opt/airflow/dags/scripts/forex_processing.py for tasks to queue
[2022-11-10T15:58:07.133+0000] {logging_mixin.py:117} INFO - [2022-11-10T15:58:07.133+0000] {dagbag.py:525} INFO - Filling up the DagBag from /opt/airflow/dags/scripts/forex_processing.py
[2022-11-10T15:58:07.186+0000] {logging_mixin.py:117} INFO - [2022-11-10T15:58:07.174+0000] {dagbag.py:330} ERROR - Failed to import: /opt/airflow/dags/scripts/forex_processing.py
Traceback (most recent call last):
  File "/home/airflow/.local/lib/python3.7/site-packages/airflow/models/dagbag.py", line 326, in parse
    loader.exec_module(new_module)
  File "<frozen importlib._bootstrap_external>", line 728, in exec_module
  File "<frozen importlib._bootstrap>", line 219, in _call_with_frames_removed
  File "/opt/airflow/dags/scripts/forex_processing.py", line 1, in <module>
    from pyspark.sql.context import SQLContext
ModuleNotFoundError: No module named 'pyspark'
[2022-11-10T15:58:07.192+0000] {processor.py:770} WARNING - No viable dags retrieved from /opt/airflow/dags/scripts/forex_processing.py
[2022-11-10T15:58:07.210+0000] {processor.py:178} INFO - Processing /opt/airflow/dags/scripts/forex_processing.py took 0.081 seconds
[2022-11-10T15:58:37.655+0000] {processor.py:156} INFO - Started process (PID=3381) to work on /opt/airflow/dags/scripts/forex_processing.py
[2022-11-10T15:58:37.658+0000] {processor.py:758} INFO - Processing file /opt/airflow/dags/scripts/forex_processing.py for tasks to queue
[2022-11-10T15:58:37.659+0000] {logging_mixin.py:117} INFO - [2022-11-10T15:58:37.659+0000] {dagbag.py:525} INFO - Filling up the DagBag from /opt/airflow/dags/scripts/forex_processing.py
[2022-11-10T15:58:37.726+0000] {logging_mixin.py:117} INFO - [2022-11-10T15:58:37.712+0000] {dagbag.py:330} ERROR - Failed to import: /opt/airflow/dags/scripts/forex_processing.py
Traceback (most recent call last):
  File "/home/airflow/.local/lib/python3.7/site-packages/airflow/models/dagbag.py", line 326, in parse
    loader.exec_module(new_module)
  File "<frozen importlib._bootstrap_external>", line 728, in exec_module
  File "<frozen importlib._bootstrap>", line 219, in _call_with_frames_removed
  File "/opt/airflow/dags/scripts/forex_processing.py", line 1, in <module>
    from pyspark.sql.context import SQLContext
ModuleNotFoundError: No module named 'pyspark'
[2022-11-10T15:58:37.731+0000] {processor.py:770} WARNING - No viable dags retrieved from /opt/airflow/dags/scripts/forex_processing.py
[2022-11-10T15:58:37.751+0000] {processor.py:178} INFO - Processing /opt/airflow/dags/scripts/forex_processing.py took 0.098 seconds
[2022-11-10T15:59:08.225+0000] {processor.py:156} INFO - Started process (PID=3410) to work on /opt/airflow/dags/scripts/forex_processing.py
[2022-11-10T15:59:08.226+0000] {processor.py:758} INFO - Processing file /opt/airflow/dags/scripts/forex_processing.py for tasks to queue
[2022-11-10T15:59:08.227+0000] {logging_mixin.py:117} INFO - [2022-11-10T15:59:08.227+0000] {dagbag.py:525} INFO - Filling up the DagBag from /opt/airflow/dags/scripts/forex_processing.py
[2022-11-10T15:59:08.292+0000] {logging_mixin.py:117} INFO - [2022-11-10T15:59:08.279+0000] {dagbag.py:330} ERROR - Failed to import: /opt/airflow/dags/scripts/forex_processing.py
Traceback (most recent call last):
  File "/home/airflow/.local/lib/python3.7/site-packages/airflow/models/dagbag.py", line 326, in parse
    loader.exec_module(new_module)
  File "<frozen importlib._bootstrap_external>", line 728, in exec_module
  File "<frozen importlib._bootstrap>", line 219, in _call_with_frames_removed
  File "/opt/airflow/dags/scripts/forex_processing.py", line 1, in <module>
    from pyspark.sql.context import SQLContext
ModuleNotFoundError: No module named 'pyspark'
[2022-11-10T15:59:08.298+0000] {processor.py:770} WARNING - No viable dags retrieved from /opt/airflow/dags/scripts/forex_processing.py
[2022-11-10T15:59:08.316+0000] {processor.py:178} INFO - Processing /opt/airflow/dags/scripts/forex_processing.py took 0.094 seconds
[2022-11-10T15:59:38.692+0000] {processor.py:156} INFO - Started process (PID=3439) to work on /opt/airflow/dags/scripts/forex_processing.py
[2022-11-10T15:59:38.694+0000] {processor.py:758} INFO - Processing file /opt/airflow/dags/scripts/forex_processing.py for tasks to queue
[2022-11-10T15:59:38.695+0000] {logging_mixin.py:117} INFO - [2022-11-10T15:59:38.695+0000] {dagbag.py:525} INFO - Filling up the DagBag from /opt/airflow/dags/scripts/forex_processing.py
[2022-11-10T15:59:38.735+0000] {logging_mixin.py:117} INFO - [2022-11-10T15:59:38.728+0000] {dagbag.py:330} ERROR - Failed to import: /opt/airflow/dags/scripts/forex_processing.py
Traceback (most recent call last):
  File "/home/airflow/.local/lib/python3.7/site-packages/airflow/models/dagbag.py", line 326, in parse
    loader.exec_module(new_module)
  File "<frozen importlib._bootstrap_external>", line 728, in exec_module
  File "<frozen importlib._bootstrap>", line 219, in _call_with_frames_removed
  File "/opt/airflow/dags/scripts/forex_processing.py", line 1, in <module>
    from pyspark.sql.context import SQLContext
ModuleNotFoundError: No module named 'pyspark'
[2022-11-10T15:59:38.738+0000] {processor.py:770} WARNING - No viable dags retrieved from /opt/airflow/dags/scripts/forex_processing.py
[2022-11-10T15:59:38.755+0000] {processor.py:178} INFO - Processing /opt/airflow/dags/scripts/forex_processing.py took 0.066 seconds
[2022-11-10T16:00:09.101+0000] {processor.py:156} INFO - Started process (PID=3468) to work on /opt/airflow/dags/scripts/forex_processing.py
[2022-11-10T16:00:09.103+0000] {processor.py:758} INFO - Processing file /opt/airflow/dags/scripts/forex_processing.py for tasks to queue
[2022-11-10T16:00:09.104+0000] {logging_mixin.py:117} INFO - [2022-11-10T16:00:09.104+0000] {dagbag.py:525} INFO - Filling up the DagBag from /opt/airflow/dags/scripts/forex_processing.py
[2022-11-10T16:00:09.141+0000] {logging_mixin.py:117} INFO - [2022-11-10T16:00:09.134+0000] {dagbag.py:330} ERROR - Failed to import: /opt/airflow/dags/scripts/forex_processing.py
Traceback (most recent call last):
  File "/home/airflow/.local/lib/python3.7/site-packages/airflow/models/dagbag.py", line 326, in parse
    loader.exec_module(new_module)
  File "<frozen importlib._bootstrap_external>", line 728, in exec_module
  File "<frozen importlib._bootstrap>", line 219, in _call_with_frames_removed
  File "/opt/airflow/dags/scripts/forex_processing.py", line 1, in <module>
    from pyspark.sql.context import SQLContext
ModuleNotFoundError: No module named 'pyspark'
[2022-11-10T16:00:09.145+0000] {processor.py:770} WARNING - No viable dags retrieved from /opt/airflow/dags/scripts/forex_processing.py
[2022-11-10T16:00:09.162+0000] {processor.py:178} INFO - Processing /opt/airflow/dags/scripts/forex_processing.py took 0.063 seconds
[2022-11-10T16:00:39.595+0000] {processor.py:156} INFO - Started process (PID=3488) to work on /opt/airflow/dags/scripts/forex_processing.py
[2022-11-10T16:00:39.598+0000] {processor.py:758} INFO - Processing file /opt/airflow/dags/scripts/forex_processing.py for tasks to queue
[2022-11-10T16:00:39.599+0000] {logging_mixin.py:117} INFO - [2022-11-10T16:00:39.599+0000] {dagbag.py:525} INFO - Filling up the DagBag from /opt/airflow/dags/scripts/forex_processing.py
[2022-11-10T16:00:39.663+0000] {logging_mixin.py:117} INFO - [2022-11-10T16:00:39.652+0000] {dagbag.py:330} ERROR - Failed to import: /opt/airflow/dags/scripts/forex_processing.py
Traceback (most recent call last):
  File "/home/airflow/.local/lib/python3.7/site-packages/airflow/models/dagbag.py", line 326, in parse
    loader.exec_module(new_module)
  File "<frozen importlib._bootstrap_external>", line 728, in exec_module
  File "<frozen importlib._bootstrap>", line 219, in _call_with_frames_removed
  File "/opt/airflow/dags/scripts/forex_processing.py", line 1, in <module>
    from pyspark.sql.context import SQLContext
ModuleNotFoundError: No module named 'pyspark'
[2022-11-10T16:00:39.668+0000] {processor.py:770} WARNING - No viable dags retrieved from /opt/airflow/dags/scripts/forex_processing.py
[2022-11-10T16:00:39.692+0000] {processor.py:178} INFO - Processing /opt/airflow/dags/scripts/forex_processing.py took 0.100 seconds
[2022-11-10T16:01:10.116+0000] {processor.py:156} INFO - Started process (PID=3517) to work on /opt/airflow/dags/scripts/forex_processing.py
[2022-11-10T16:01:10.118+0000] {processor.py:758} INFO - Processing file /opt/airflow/dags/scripts/forex_processing.py for tasks to queue
[2022-11-10T16:01:10.119+0000] {logging_mixin.py:117} INFO - [2022-11-10T16:01:10.119+0000] {dagbag.py:525} INFO - Filling up the DagBag from /opt/airflow/dags/scripts/forex_processing.py
[2022-11-10T16:01:10.159+0000] {logging_mixin.py:117} INFO - [2022-11-10T16:01:10.153+0000] {dagbag.py:330} ERROR - Failed to import: /opt/airflow/dags/scripts/forex_processing.py
Traceback (most recent call last):
  File "/home/airflow/.local/lib/python3.7/site-packages/airflow/models/dagbag.py", line 326, in parse
    loader.exec_module(new_module)
  File "<frozen importlib._bootstrap_external>", line 728, in exec_module
  File "<frozen importlib._bootstrap>", line 219, in _call_with_frames_removed
  File "/opt/airflow/dags/scripts/forex_processing.py", line 1, in <module>
    from pyspark.sql.context import SQLContext
ModuleNotFoundError: No module named 'pyspark'
[2022-11-10T16:01:10.162+0000] {processor.py:770} WARNING - No viable dags retrieved from /opt/airflow/dags/scripts/forex_processing.py
[2022-11-10T16:01:10.205+0000] {processor.py:178} INFO - Processing /opt/airflow/dags/scripts/forex_processing.py took 0.092 seconds
[2022-11-10T16:01:40.625+0000] {processor.py:156} INFO - Started process (PID=3546) to work on /opt/airflow/dags/scripts/forex_processing.py
[2022-11-10T16:01:40.627+0000] {processor.py:758} INFO - Processing file /opt/airflow/dags/scripts/forex_processing.py for tasks to queue
[2022-11-10T16:01:40.628+0000] {logging_mixin.py:117} INFO - [2022-11-10T16:01:40.628+0000] {dagbag.py:525} INFO - Filling up the DagBag from /opt/airflow/dags/scripts/forex_processing.py
[2022-11-10T16:01:40.672+0000] {logging_mixin.py:117} INFO - [2022-11-10T16:01:40.666+0000] {dagbag.py:330} ERROR - Failed to import: /opt/airflow/dags/scripts/forex_processing.py
Traceback (most recent call last):
  File "/home/airflow/.local/lib/python3.7/site-packages/airflow/models/dagbag.py", line 326, in parse
    loader.exec_module(new_module)
  File "<frozen importlib._bootstrap_external>", line 728, in exec_module
  File "<frozen importlib._bootstrap>", line 219, in _call_with_frames_removed
  File "/opt/airflow/dags/scripts/forex_processing.py", line 1, in <module>
    from pyspark.sql.context import SQLContext
ModuleNotFoundError: No module named 'pyspark'
[2022-11-10T16:01:40.675+0000] {processor.py:770} WARNING - No viable dags retrieved from /opt/airflow/dags/scripts/forex_processing.py
[2022-11-10T16:01:40.690+0000] {processor.py:178} INFO - Processing /opt/airflow/dags/scripts/forex_processing.py took 0.067 seconds
[2022-11-10T16:02:11.123+0000] {processor.py:156} INFO - Started process (PID=3566) to work on /opt/airflow/dags/scripts/forex_processing.py
[2022-11-10T16:02:11.128+0000] {processor.py:758} INFO - Processing file /opt/airflow/dags/scripts/forex_processing.py for tasks to queue
[2022-11-10T16:02:11.129+0000] {logging_mixin.py:117} INFO - [2022-11-10T16:02:11.129+0000] {dagbag.py:525} INFO - Filling up the DagBag from /opt/airflow/dags/scripts/forex_processing.py
[2022-11-10T16:02:11.192+0000] {logging_mixin.py:117} INFO - [2022-11-10T16:02:11.181+0000] {dagbag.py:330} ERROR - Failed to import: /opt/airflow/dags/scripts/forex_processing.py
Traceback (most recent call last):
  File "/home/airflow/.local/lib/python3.7/site-packages/airflow/models/dagbag.py", line 326, in parse
    loader.exec_module(new_module)
  File "<frozen importlib._bootstrap_external>", line 728, in exec_module
  File "<frozen importlib._bootstrap>", line 219, in _call_with_frames_removed
  File "/opt/airflow/dags/scripts/forex_processing.py", line 1, in <module>
    from pyspark.sql.context import SQLContext
ModuleNotFoundError: No module named 'pyspark'
[2022-11-10T16:02:11.199+0000] {processor.py:770} WARNING - No viable dags retrieved from /opt/airflow/dags/scripts/forex_processing.py
[2022-11-10T16:02:11.226+0000] {processor.py:178} INFO - Processing /opt/airflow/dags/scripts/forex_processing.py took 0.105 seconds
[2022-11-10T16:02:41.930+0000] {processor.py:156} INFO - Started process (PID=3595) to work on /opt/airflow/dags/scripts/forex_processing.py
[2022-11-10T16:02:41.935+0000] {processor.py:758} INFO - Processing file /opt/airflow/dags/scripts/forex_processing.py for tasks to queue
[2022-11-10T16:02:41.936+0000] {logging_mixin.py:117} INFO - [2022-11-10T16:02:41.936+0000] {dagbag.py:525} INFO - Filling up the DagBag from /opt/airflow/dags/scripts/forex_processing.py
[2022-11-10T16:02:41.973+0000] {logging_mixin.py:117} INFO - [2022-11-10T16:02:41.968+0000] {dagbag.py:330} ERROR - Failed to import: /opt/airflow/dags/scripts/forex_processing.py
Traceback (most recent call last):
  File "/home/airflow/.local/lib/python3.7/site-packages/airflow/models/dagbag.py", line 326, in parse
    loader.exec_module(new_module)
  File "<frozen importlib._bootstrap_external>", line 728, in exec_module
  File "<frozen importlib._bootstrap>", line 219, in _call_with_frames_removed
  File "/opt/airflow/dags/scripts/forex_processing.py", line 1, in <module>
    from pyspark.sql.context import SQLContext
ModuleNotFoundError: No module named 'pyspark'
[2022-11-10T16:02:41.977+0000] {processor.py:770} WARNING - No viable dags retrieved from /opt/airflow/dags/scripts/forex_processing.py
[2022-11-10T16:02:41.992+0000] {processor.py:178} INFO - Processing /opt/airflow/dags/scripts/forex_processing.py took 0.065 seconds
[2022-11-10T16:03:12.425+0000] {processor.py:156} INFO - Started process (PID=3624) to work on /opt/airflow/dags/scripts/forex_processing.py
[2022-11-10T16:03:12.428+0000] {processor.py:758} INFO - Processing file /opt/airflow/dags/scripts/forex_processing.py for tasks to queue
[2022-11-10T16:03:12.429+0000] {logging_mixin.py:117} INFO - [2022-11-10T16:03:12.429+0000] {dagbag.py:525} INFO - Filling up the DagBag from /opt/airflow/dags/scripts/forex_processing.py
[2022-11-10T16:03:12.553+0000] {logging_mixin.py:117} INFO - [2022-11-10T16:03:12.535+0000] {dagbag.py:330} ERROR - Failed to import: /opt/airflow/dags/scripts/forex_processing.py
Traceback (most recent call last):
  File "/home/airflow/.local/lib/python3.7/site-packages/airflow/models/dagbag.py", line 326, in parse
    loader.exec_module(new_module)
  File "<frozen importlib._bootstrap_external>", line 728, in exec_module
  File "<frozen importlib._bootstrap>", line 219, in _call_with_frames_removed
  File "/opt/airflow/dags/scripts/forex_processing.py", line 1, in <module>
    from pyspark.sql.context import SQLContext
ModuleNotFoundError: No module named 'pyspark'
[2022-11-10T16:03:12.560+0000] {processor.py:770} WARNING - No viable dags retrieved from /opt/airflow/dags/scripts/forex_processing.py
[2022-11-10T16:03:12.591+0000] {processor.py:178} INFO - Processing /opt/airflow/dags/scripts/forex_processing.py took 0.170 seconds
