[2022-12-12T22:27:41.782+0000] {taskinstance.py:1087} INFO - Dependencies all met for <TaskInstance: forex_data_pipeline.process_json_file scheduled__2022-12-11T00:00:00+00:00 [queued]>
[2022-12-12T22:27:41.794+0000] {taskinstance.py:1087} INFO - Dependencies all met for <TaskInstance: forex_data_pipeline.process_json_file scheduled__2022-12-11T00:00:00+00:00 [queued]>
[2022-12-12T22:27:41.795+0000] {taskinstance.py:1283} INFO - 
--------------------------------------------------------------------------------
[2022-12-12T22:27:41.796+0000] {taskinstance.py:1284} INFO - Starting attempt 1 of 3
[2022-12-12T22:27:41.797+0000] {taskinstance.py:1285} INFO - 
--------------------------------------------------------------------------------
[2022-12-12T22:27:41.809+0000] {taskinstance.py:1304} INFO - Executing <Task(PythonOperator): process_json_file> on 2022-12-11 00:00:00+00:00
[2022-12-12T22:27:41.814+0000] {standard_task_runner.py:55} INFO - Started process 90 to run task
[2022-12-12T22:27:41.817+0000] {standard_task_runner.py:82} INFO - Running: ['***', 'tasks', 'run', 'forex_data_pipeline', 'process_json_file', 'scheduled__2022-12-11T00:00:00+00:00', '--job-id', '389', '--raw', '--subdir', 'DAGS_FOLDER/forex_data_pipeline.py', '--cfg-path', '/tmp/tmplusqmpmv']
[2022-12-12T22:27:41.819+0000] {standard_task_runner.py:83} INFO - Job 389: Subtask process_json_file
[2022-12-12T22:27:41.877+0000] {task_command.py:389} INFO - Running <TaskInstance: forex_data_pipeline.process_json_file scheduled__2022-12-11T00:00:00+00:00 [running]> on host b1ea40c19b9b
[2022-12-12T22:27:41.934+0000] {taskinstance.py:1513} INFO - Exporting the following env vars:
AIRFLOW_CTX_DAG_EMAIL=juanfelipehdezm@gmail.com
AIRFLOW_CTX_DAG_OWNER=felipehdez
AIRFLOW_CTX_DAG_ID=forex_data_pipeline
AIRFLOW_CTX_TASK_ID=process_json_file
AIRFLOW_CTX_EXECUTION_DATE=2022-12-11T00:00:00+00:00
AIRFLOW_CTX_TRY_NUMBER=1
AIRFLOW_CTX_DAG_RUN_ID=scheduled__2022-12-11T00:00:00+00:00
[2022-12-12T22:27:41.971+0000] {python.py:177} INFO - Done. Returned value was: None
[2022-12-12T22:27:41.979+0000] {taskinstance.py:1327} INFO - Marking task as SUCCESS. dag_id=forex_data_pipeline, task_id=process_json_file, execution_date=20221211T000000, start_date=20221212T222741, end_date=20221212T222741
[2022-12-12T22:27:42.029+0000] {local_task_job.py:159} INFO - Task exited with return code 0
[2022-12-12T22:27:42.046+0000] {taskinstance.py:2582} INFO - 1 downstream tasks scheduled from follow-on schedule check
