[2023-04-16T02:58:24.662+0000] {processor.py:153} INFO - Started process (PID=45) to work on /opt/airflow/dags/forex_data_pipeline.py
[2023-04-16T02:58:24.665+0000] {processor.py:743} INFO - Processing file /opt/airflow/dags/forex_data_pipeline.py for tasks to queue
[2023-04-16T02:58:24.667+0000] {logging_mixin.py:137} INFO - [2023-04-16T02:58:24.667+0000] {dagbag.py:538} INFO - Filling up the DagBag from /opt/airflow/dags/forex_data_pipeline.py
[2023-04-16T02:58:25.388+0000] {processor.py:753} INFO - DAG(s) dict_keys(['forex_data_pipeline']) retrieved from /opt/airflow/dags/forex_data_pipeline.py
[2023-04-16T02:58:25.423+0000] {logging_mixin.py:137} INFO - [2023-04-16T02:58:25.423+0000] {dag.py:2676} INFO - Sync 1 DAGs
[2023-04-16T02:58:25.458+0000] {logging_mixin.py:137} INFO - [2023-04-16T02:58:25.458+0000] {dag.py:3427} INFO - Setting next_dagrun for forex_data_pipeline to 2023-04-16T00:00:00+00:00, run_after=2023-04-17T00:00:00+00:00
[2023-04-16T02:58:25.488+0000] {processor.py:175} INFO - Processing /opt/airflow/dags/forex_data_pipeline.py took 0.829 seconds
[2023-04-16T02:58:56.168+0000] {processor.py:153} INFO - Started process (PID=113) to work on /opt/airflow/dags/forex_data_pipeline.py
[2023-04-16T02:58:56.171+0000] {processor.py:743} INFO - Processing file /opt/airflow/dags/forex_data_pipeline.py for tasks to queue
[2023-04-16T02:58:56.171+0000] {logging_mixin.py:137} INFO - [2023-04-16T02:58:56.171+0000] {dagbag.py:538} INFO - Filling up the DagBag from /opt/airflow/dags/forex_data_pipeline.py
[2023-04-16T02:58:56.418+0000] {processor.py:753} INFO - DAG(s) dict_keys(['forex_data_pipeline']) retrieved from /opt/airflow/dags/forex_data_pipeline.py
[2023-04-16T02:58:56.438+0000] {logging_mixin.py:137} INFO - [2023-04-16T02:58:56.438+0000] {dag.py:2676} INFO - Sync 1 DAGs
[2023-04-16T02:58:56.458+0000] {logging_mixin.py:137} INFO - [2023-04-16T02:58:56.458+0000] {dag.py:3427} INFO - Setting next_dagrun for forex_data_pipeline to 2023-04-16T00:00:00+00:00, run_after=2023-04-17T00:00:00+00:00
[2023-04-16T02:58:56.479+0000] {processor.py:175} INFO - Processing /opt/airflow/dags/forex_data_pipeline.py took 0.313 seconds
[2023-04-16T02:59:26.587+0000] {processor.py:153} INFO - Started process (PID=157) to work on /opt/airflow/dags/forex_data_pipeline.py
[2023-04-16T02:59:26.589+0000] {processor.py:743} INFO - Processing file /opt/airflow/dags/forex_data_pipeline.py for tasks to queue
[2023-04-16T02:59:26.590+0000] {logging_mixin.py:137} INFO - [2023-04-16T02:59:26.589+0000] {dagbag.py:538} INFO - Filling up the DagBag from /opt/airflow/dags/forex_data_pipeline.py
[2023-04-16T02:59:26.884+0000] {processor.py:753} INFO - DAG(s) dict_keys(['forex_data_pipeline']) retrieved from /opt/airflow/dags/forex_data_pipeline.py
[2023-04-16T02:59:26.904+0000] {logging_mixin.py:137} INFO - [2023-04-16T02:59:26.904+0000] {dag.py:2676} INFO - Sync 1 DAGs
[2023-04-16T02:59:26.932+0000] {logging_mixin.py:137} INFO - [2023-04-16T02:59:26.931+0000] {dag.py:3427} INFO - Setting next_dagrun for forex_data_pipeline to 2023-04-16T00:00:00+00:00, run_after=2023-04-17T00:00:00+00:00
[2023-04-16T02:59:26.968+0000] {processor.py:175} INFO - Processing /opt/airflow/dags/forex_data_pipeline.py took 0.383 seconds
[2023-04-16T02:59:58.000+0000] {processor.py:153} INFO - Started process (PID=221) to work on /opt/airflow/dags/forex_data_pipeline.py
[2023-04-16T02:59:58.002+0000] {processor.py:743} INFO - Processing file /opt/airflow/dags/forex_data_pipeline.py for tasks to queue
[2023-04-16T02:59:58.003+0000] {logging_mixin.py:137} INFO - [2023-04-16T02:59:58.002+0000] {dagbag.py:538} INFO - Filling up the DagBag from /opt/airflow/dags/forex_data_pipeline.py
[2023-04-16T02:59:58.219+0000] {processor.py:753} INFO - DAG(s) dict_keys(['forex_data_pipeline']) retrieved from /opt/airflow/dags/forex_data_pipeline.py
[2023-04-16T02:59:58.240+0000] {logging_mixin.py:137} INFO - [2023-04-16T02:59:58.239+0000] {dag.py:2676} INFO - Sync 1 DAGs
[2023-04-16T02:59:58.259+0000] {logging_mixin.py:137} INFO - [2023-04-16T02:59:58.259+0000] {dag.py:3427} INFO - Setting next_dagrun for forex_data_pipeline to 2023-04-16T00:00:00+00:00, run_after=2023-04-17T00:00:00+00:00
[2023-04-16T02:59:58.276+0000] {processor.py:175} INFO - Processing /opt/airflow/dags/forex_data_pipeline.py took 0.278 seconds
[2023-04-16T03:00:28.417+0000] {processor.py:153} INFO - Started process (PID=274) to work on /opt/airflow/dags/forex_data_pipeline.py
[2023-04-16T03:00:28.419+0000] {processor.py:743} INFO - Processing file /opt/airflow/dags/forex_data_pipeline.py for tasks to queue
[2023-04-16T03:00:28.420+0000] {logging_mixin.py:137} INFO - [2023-04-16T03:00:28.419+0000] {dagbag.py:538} INFO - Filling up the DagBag from /opt/airflow/dags/forex_data_pipeline.py
[2023-04-16T03:00:28.678+0000] {processor.py:753} INFO - DAG(s) dict_keys(['forex_data_pipeline']) retrieved from /opt/airflow/dags/forex_data_pipeline.py
[2023-04-16T03:00:28.704+0000] {logging_mixin.py:137} INFO - [2023-04-16T03:00:28.704+0000] {dag.py:2676} INFO - Sync 1 DAGs
[2023-04-16T03:00:28.732+0000] {logging_mixin.py:137} INFO - [2023-04-16T03:00:28.731+0000] {dag.py:3427} INFO - Setting next_dagrun for forex_data_pipeline to 2023-04-16T00:00:00+00:00, run_after=2023-04-17T00:00:00+00:00
[2023-04-16T03:00:28.753+0000] {processor.py:175} INFO - Processing /opt/airflow/dags/forex_data_pipeline.py took 0.339 seconds
[2023-04-16T03:00:58.942+0000] {processor.py:153} INFO - Started process (PID=329) to work on /opt/airflow/dags/forex_data_pipeline.py
[2023-04-16T03:00:58.944+0000] {processor.py:743} INFO - Processing file /opt/airflow/dags/forex_data_pipeline.py for tasks to queue
[2023-04-16T03:00:58.944+0000] {logging_mixin.py:137} INFO - [2023-04-16T03:00:58.944+0000] {dagbag.py:538} INFO - Filling up the DagBag from /opt/airflow/dags/forex_data_pipeline.py
[2023-04-16T03:00:59.179+0000] {processor.py:753} INFO - DAG(s) dict_keys(['forex_data_pipeline']) retrieved from /opt/airflow/dags/forex_data_pipeline.py
[2023-04-16T03:00:59.200+0000] {logging_mixin.py:137} INFO - [2023-04-16T03:00:59.199+0000] {dag.py:2676} INFO - Sync 1 DAGs
[2023-04-16T03:00:59.219+0000] {logging_mixin.py:137} INFO - [2023-04-16T03:00:59.218+0000] {dag.py:3427} INFO - Setting next_dagrun for forex_data_pipeline to 2023-04-16T00:00:00+00:00, run_after=2023-04-17T00:00:00+00:00
[2023-04-16T03:00:59.238+0000] {processor.py:175} INFO - Processing /opt/airflow/dags/forex_data_pipeline.py took 0.299 seconds
[2023-04-16T03:01:29.583+0000] {processor.py:153} INFO - Started process (PID=393) to work on /opt/airflow/dags/forex_data_pipeline.py
[2023-04-16T03:01:29.585+0000] {processor.py:743} INFO - Processing file /opt/airflow/dags/forex_data_pipeline.py for tasks to queue
[2023-04-16T03:01:29.586+0000] {logging_mixin.py:137} INFO - [2023-04-16T03:01:29.586+0000] {dagbag.py:538} INFO - Filling up the DagBag from /opt/airflow/dags/forex_data_pipeline.py
[2023-04-16T03:01:29.807+0000] {processor.py:753} INFO - DAG(s) dict_keys(['forex_data_pipeline']) retrieved from /opt/airflow/dags/forex_data_pipeline.py
[2023-04-16T03:01:29.828+0000] {logging_mixin.py:137} INFO - [2023-04-16T03:01:29.827+0000] {dag.py:2676} INFO - Sync 1 DAGs
[2023-04-16T03:01:29.847+0000] {logging_mixin.py:137} INFO - [2023-04-16T03:01:29.847+0000] {dag.py:3427} INFO - Setting next_dagrun for forex_data_pipeline to 2023-04-16T00:00:00+00:00, run_after=2023-04-17T00:00:00+00:00
[2023-04-16T03:01:29.867+0000] {processor.py:175} INFO - Processing /opt/airflow/dags/forex_data_pipeline.py took 0.286 seconds
[2023-04-16T03:02:00.154+0000] {processor.py:153} INFO - Started process (PID=437) to work on /opt/airflow/dags/forex_data_pipeline.py
[2023-04-16T03:02:00.156+0000] {processor.py:743} INFO - Processing file /opt/airflow/dags/forex_data_pipeline.py for tasks to queue
[2023-04-16T03:02:00.157+0000] {logging_mixin.py:137} INFO - [2023-04-16T03:02:00.157+0000] {dagbag.py:538} INFO - Filling up the DagBag from /opt/airflow/dags/forex_data_pipeline.py
[2023-04-16T03:02:00.392+0000] {processor.py:753} INFO - DAG(s) dict_keys(['forex_data_pipeline']) retrieved from /opt/airflow/dags/forex_data_pipeline.py
[2023-04-16T03:02:00.410+0000] {logging_mixin.py:137} INFO - [2023-04-16T03:02:00.409+0000] {dag.py:2676} INFO - Sync 1 DAGs
[2023-04-16T03:02:00.435+0000] {logging_mixin.py:137} INFO - [2023-04-16T03:02:00.435+0000] {dag.py:3427} INFO - Setting next_dagrun for forex_data_pipeline to 2023-04-16T00:00:00+00:00, run_after=2023-04-17T00:00:00+00:00
[2023-04-16T03:02:00.453+0000] {processor.py:175} INFO - Processing /opt/airflow/dags/forex_data_pipeline.py took 0.301 seconds
[2023-04-16T03:02:30.640+0000] {processor.py:153} INFO - Started process (PID=501) to work on /opt/airflow/dags/forex_data_pipeline.py
[2023-04-16T03:02:30.641+0000] {processor.py:743} INFO - Processing file /opt/airflow/dags/forex_data_pipeline.py for tasks to queue
[2023-04-16T03:02:30.642+0000] {logging_mixin.py:137} INFO - [2023-04-16T03:02:30.642+0000] {dagbag.py:538} INFO - Filling up the DagBag from /opt/airflow/dags/forex_data_pipeline.py
[2023-04-16T03:02:30.867+0000] {processor.py:753} INFO - DAG(s) dict_keys(['forex_data_pipeline']) retrieved from /opt/airflow/dags/forex_data_pipeline.py
[2023-04-16T03:02:30.887+0000] {logging_mixin.py:137} INFO - [2023-04-16T03:02:30.886+0000] {dag.py:2676} INFO - Sync 1 DAGs
[2023-04-16T03:02:30.907+0000] {logging_mixin.py:137} INFO - [2023-04-16T03:02:30.907+0000] {dag.py:3427} INFO - Setting next_dagrun for forex_data_pipeline to 2023-04-16T00:00:00+00:00, run_after=2023-04-17T00:00:00+00:00
[2023-04-16T03:02:30.925+0000] {processor.py:175} INFO - Processing /opt/airflow/dags/forex_data_pipeline.py took 0.288 seconds
[2023-04-16T03:03:01.045+0000] {processor.py:153} INFO - Started process (PID=545) to work on /opt/airflow/dags/forex_data_pipeline.py
[2023-04-16T03:03:01.047+0000] {processor.py:743} INFO - Processing file /opt/airflow/dags/forex_data_pipeline.py for tasks to queue
[2023-04-16T03:03:01.048+0000] {logging_mixin.py:137} INFO - [2023-04-16T03:03:01.048+0000] {dagbag.py:538} INFO - Filling up the DagBag from /opt/airflow/dags/forex_data_pipeline.py
[2023-04-16T03:03:01.282+0000] {processor.py:753} INFO - DAG(s) dict_keys(['forex_data_pipeline']) retrieved from /opt/airflow/dags/forex_data_pipeline.py
[2023-04-16T03:03:01.303+0000] {logging_mixin.py:137} INFO - [2023-04-16T03:03:01.302+0000] {dag.py:2676} INFO - Sync 1 DAGs
[2023-04-16T03:03:01.322+0000] {logging_mixin.py:137} INFO - [2023-04-16T03:03:01.321+0000] {dag.py:3427} INFO - Setting next_dagrun for forex_data_pipeline to 2023-04-16T00:00:00+00:00, run_after=2023-04-17T00:00:00+00:00
[2023-04-16T03:03:01.339+0000] {processor.py:175} INFO - Processing /opt/airflow/dags/forex_data_pipeline.py took 0.296 seconds
