[2023-02-28T00:26:19.071+0000] {taskinstance.py:1087} INFO - Dependencies all met for <TaskInstance: forex_data_pipeline.downloading_rates scheduled__2023-02-26T00:00:00+00:00 [queued]>
[2023-02-28T00:26:19.086+0000] {taskinstance.py:1087} INFO - Dependencies all met for <TaskInstance: forex_data_pipeline.downloading_rates scheduled__2023-02-26T00:00:00+00:00 [queued]>
[2023-02-28T00:26:19.087+0000] {taskinstance.py:1283} INFO - 
--------------------------------------------------------------------------------
[2023-02-28T00:26:19.088+0000] {taskinstance.py:1284} INFO - Starting attempt 1 of 3
[2023-02-28T00:26:19.089+0000] {taskinstance.py:1285} INFO - 
--------------------------------------------------------------------------------
[2023-02-28T00:26:19.103+0000] {taskinstance.py:1304} INFO - Executing <Task(PythonOperator): downloading_rates> on 2023-02-26 00:00:00+00:00
[2023-02-28T00:26:19.110+0000] {standard_task_runner.py:55} INFO - Started process 89 to run task
[2023-02-28T00:26:19.113+0000] {standard_task_runner.py:82} INFO - Running: ['***', 'tasks', 'run', 'forex_data_pipeline', 'downloading_rates', 'scheduled__2023-02-26T00:00:00+00:00', '--job-id', '804', '--raw', '--subdir', 'DAGS_FOLDER/forex_data_pipeline.py', '--cfg-path', '/tmp/tmp6coss566']
[2023-02-28T00:26:19.116+0000] {standard_task_runner.py:83} INFO - Job 804: Subtask downloading_rates
[2023-02-28T00:26:19.192+0000] {task_command.py:389} INFO - Running <TaskInstance: forex_data_pipeline.downloading_rates scheduled__2023-02-26T00:00:00+00:00 [running]> on host b21115e7dff0
[2023-02-28T00:26:19.272+0000] {taskinstance.py:1513} INFO - Exporting the following env vars:
AIRFLOW_CTX_DAG_EMAIL=juanfelipehdezm@gmail.com
AIRFLOW_CTX_DAG_OWNER=felipehdez
AIRFLOW_CTX_DAG_ID=forex_data_pipeline
AIRFLOW_CTX_TASK_ID=downloading_rates
AIRFLOW_CTX_EXECUTION_DATE=2023-02-26T00:00:00+00:00
AIRFLOW_CTX_TRY_NUMBER=1
AIRFLOW_CTX_DAG_RUN_ID=scheduled__2023-02-26T00:00:00+00:00
[2023-02-28T00:26:20.380+0000] {python.py:177} INFO - Done. Returned value was: None
[2023-02-28T00:26:20.388+0000] {taskinstance.py:1327} INFO - Marking task as SUCCESS. dag_id=forex_data_pipeline, task_id=downloading_rates, execution_date=20230226T000000, start_date=20230228T002619, end_date=20230228T002620
[2023-02-28T00:26:20.413+0000] {local_task_job.py:159} INFO - Task exited with return code 0
[2023-02-28T00:26:20.435+0000] {taskinstance.py:2582} INFO - 1 downstream tasks scheduled from follow-on schedule check
