[2022-12-16T22:39:46.144+0000] {processor.py:153} INFO - Started process (PID=46) to work on /opt/airflow/dags/forex_data_pipeline.py
[2022-12-16T22:39:46.147+0000] {processor.py:743} INFO - Processing file /opt/airflow/dags/forex_data_pipeline.py for tasks to queue
[2022-12-16T22:39:46.149+0000] {logging_mixin.py:137} INFO - [2022-12-16T22:39:46.149+0000] {dagbag.py:538} INFO - Filling up the DagBag from /opt/airflow/dags/forex_data_pipeline.py
[2022-12-16T22:39:46.918+0000] {processor.py:753} INFO - DAG(s) dict_keys(['forex_data_pipeline']) retrieved from /opt/airflow/dags/forex_data_pipeline.py
[2022-12-16T22:39:46.952+0000] {logging_mixin.py:137} INFO - [2022-12-16T22:39:46.951+0000] {dag.py:2676} INFO - Sync 1 DAGs
[2022-12-16T22:39:46.983+0000] {logging_mixin.py:137} INFO - [2022-12-16T22:39:46.983+0000] {dag.py:3427} INFO - Setting next_dagrun for forex_data_pipeline to 2022-12-16T00:00:00+00:00, run_after=2022-12-17T00:00:00+00:00
[2022-12-16T22:39:47.014+0000] {processor.py:175} INFO - Processing /opt/airflow/dags/forex_data_pipeline.py took 0.873 seconds
[2022-12-16T22:40:17.533+0000] {processor.py:153} INFO - Started process (PID=112) to work on /opt/airflow/dags/forex_data_pipeline.py
[2022-12-16T22:40:17.534+0000] {processor.py:743} INFO - Processing file /opt/airflow/dags/forex_data_pipeline.py for tasks to queue
[2022-12-16T22:40:17.536+0000] {logging_mixin.py:137} INFO - [2022-12-16T22:40:17.535+0000] {dagbag.py:538} INFO - Filling up the DagBag from /opt/airflow/dags/forex_data_pipeline.py
[2022-12-16T22:40:17.769+0000] {processor.py:753} INFO - DAG(s) dict_keys(['forex_data_pipeline']) retrieved from /opt/airflow/dags/forex_data_pipeline.py
[2022-12-16T22:40:17.789+0000] {logging_mixin.py:137} INFO - [2022-12-16T22:40:17.789+0000] {dag.py:2676} INFO - Sync 1 DAGs
[2022-12-16T22:40:17.810+0000] {logging_mixin.py:137} INFO - [2022-12-16T22:40:17.810+0000] {dag.py:3427} INFO - Setting next_dagrun for forex_data_pipeline to 2022-12-16T00:00:00+00:00, run_after=2022-12-17T00:00:00+00:00
[2022-12-16T22:40:17.831+0000] {processor.py:175} INFO - Processing /opt/airflow/dags/forex_data_pipeline.py took 0.301 seconds
[2022-12-16T23:04:44.521+0000] {processor.py:153} INFO - Started process (PID=42) to work on /opt/airflow/dags/forex_data_pipeline.py
[2022-12-16T23:04:44.537+0000] {processor.py:743} INFO - Processing file /opt/airflow/dags/forex_data_pipeline.py for tasks to queue
[2022-12-16T23:04:44.539+0000] {logging_mixin.py:137} INFO - [2022-12-16T23:04:44.539+0000] {dagbag.py:538} INFO - Filling up the DagBag from /opt/airflow/dags/forex_data_pipeline.py
[2022-12-16T23:04:45.152+0000] {processor.py:753} INFO - DAG(s) dict_keys(['forex_data_pipeline']) retrieved from /opt/airflow/dags/forex_data_pipeline.py
[2022-12-16T23:04:45.183+0000] {logging_mixin.py:137} INFO - [2022-12-16T23:04:45.183+0000] {dag.py:2676} INFO - Sync 1 DAGs
[2022-12-16T23:04:45.260+0000] {logging_mixin.py:137} INFO - [2022-12-16T23:04:45.260+0000] {dag.py:3427} INFO - Setting next_dagrun for forex_data_pipeline to 2022-12-16T00:00:00+00:00, run_after=2022-12-17T00:00:00+00:00
[2022-12-16T23:04:45.311+0000] {processor.py:175} INFO - Processing /opt/airflow/dags/forex_data_pipeline.py took 0.794 seconds
[2022-12-16T23:05:16.115+0000] {processor.py:153} INFO - Started process (PID=107) to work on /opt/airflow/dags/forex_data_pipeline.py
[2022-12-16T23:05:16.123+0000] {processor.py:743} INFO - Processing file /opt/airflow/dags/forex_data_pipeline.py for tasks to queue
[2022-12-16T23:05:16.124+0000] {logging_mixin.py:137} INFO - [2022-12-16T23:05:16.124+0000] {dagbag.py:538} INFO - Filling up the DagBag from /opt/airflow/dags/forex_data_pipeline.py
[2022-12-16T23:05:16.506+0000] {processor.py:753} INFO - DAG(s) dict_keys(['forex_data_pipeline']) retrieved from /opt/airflow/dags/forex_data_pipeline.py
[2022-12-16T23:05:16.551+0000] {logging_mixin.py:137} INFO - [2022-12-16T23:05:16.550+0000] {dag.py:2676} INFO - Sync 1 DAGs
[2022-12-16T23:05:16.611+0000] {logging_mixin.py:137} INFO - [2022-12-16T23:05:16.611+0000] {dag.py:3427} INFO - Setting next_dagrun for forex_data_pipeline to 2022-12-16T00:00:00+00:00, run_after=2022-12-17T00:00:00+00:00
[2022-12-16T23:05:16.651+0000] {processor.py:175} INFO - Processing /opt/airflow/dags/forex_data_pipeline.py took 0.542 seconds
[2022-12-16T23:05:47.323+0000] {processor.py:153} INFO - Started process (PID=152) to work on /opt/airflow/dags/forex_data_pipeline.py
[2022-12-16T23:05:47.329+0000] {processor.py:743} INFO - Processing file /opt/airflow/dags/forex_data_pipeline.py for tasks to queue
[2022-12-16T23:05:47.330+0000] {logging_mixin.py:137} INFO - [2022-12-16T23:05:47.330+0000] {dagbag.py:538} INFO - Filling up the DagBag from /opt/airflow/dags/forex_data_pipeline.py
[2022-12-16T23:05:47.610+0000] {processor.py:753} INFO - DAG(s) dict_keys(['forex_data_pipeline']) retrieved from /opt/airflow/dags/forex_data_pipeline.py
[2022-12-16T23:05:47.636+0000] {logging_mixin.py:137} INFO - [2022-12-16T23:05:47.635+0000] {dag.py:2676} INFO - Sync 1 DAGs
[2022-12-16T23:05:47.661+0000] {logging_mixin.py:137} INFO - [2022-12-16T23:05:47.661+0000] {dag.py:3427} INFO - Setting next_dagrun for forex_data_pipeline to 2022-12-16T00:00:00+00:00, run_after=2022-12-17T00:00:00+00:00
[2022-12-16T23:05:47.685+0000] {processor.py:175} INFO - Processing /opt/airflow/dags/forex_data_pipeline.py took 0.364 seconds
[2022-12-16T23:06:17.887+0000] {processor.py:153} INFO - Started process (PID=216) to work on /opt/airflow/dags/forex_data_pipeline.py
[2022-12-16T23:06:17.892+0000] {processor.py:743} INFO - Processing file /opt/airflow/dags/forex_data_pipeline.py for tasks to queue
[2022-12-16T23:06:17.893+0000] {logging_mixin.py:137} INFO - [2022-12-16T23:06:17.893+0000] {dagbag.py:538} INFO - Filling up the DagBag from /opt/airflow/dags/forex_data_pipeline.py
[2022-12-16T23:06:18.310+0000] {processor.py:753} INFO - DAG(s) dict_keys(['forex_data_pipeline']) retrieved from /opt/airflow/dags/forex_data_pipeline.py
[2022-12-16T23:06:18.350+0000] {logging_mixin.py:137} INFO - [2022-12-16T23:06:18.349+0000] {dag.py:2676} INFO - Sync 1 DAGs
[2022-12-16T23:06:18.387+0000] {logging_mixin.py:137} INFO - [2022-12-16T23:06:18.386+0000] {dag.py:3427} INFO - Setting next_dagrun for forex_data_pipeline to 2022-12-16T00:00:00+00:00, run_after=2022-12-17T00:00:00+00:00
[2022-12-16T23:06:18.424+0000] {processor.py:175} INFO - Processing /opt/airflow/dags/forex_data_pipeline.py took 0.540 seconds
[2022-12-16T23:06:49.052+0000] {processor.py:153} INFO - Started process (PID=260) to work on /opt/airflow/dags/forex_data_pipeline.py
[2022-12-16T23:06:49.054+0000] {processor.py:743} INFO - Processing file /opt/airflow/dags/forex_data_pipeline.py for tasks to queue
[2022-12-16T23:06:49.055+0000] {logging_mixin.py:137} INFO - [2022-12-16T23:06:49.055+0000] {dagbag.py:538} INFO - Filling up the DagBag from /opt/airflow/dags/forex_data_pipeline.py
[2022-12-16T23:06:49.321+0000] {processor.py:753} INFO - DAG(s) dict_keys(['forex_data_pipeline']) retrieved from /opt/airflow/dags/forex_data_pipeline.py
[2022-12-16T23:06:49.345+0000] {logging_mixin.py:137} INFO - [2022-12-16T23:06:49.344+0000] {dag.py:2676} INFO - Sync 1 DAGs
[2022-12-16T23:06:49.368+0000] {logging_mixin.py:137} INFO - [2022-12-16T23:06:49.368+0000] {dag.py:3427} INFO - Setting next_dagrun for forex_data_pipeline to 2022-12-16T00:00:00+00:00, run_after=2022-12-17T00:00:00+00:00
[2022-12-16T23:06:49.395+0000] {processor.py:175} INFO - Processing /opt/airflow/dags/forex_data_pipeline.py took 0.345 seconds
[2022-12-16T23:07:19.667+0000] {processor.py:153} INFO - Started process (PID=324) to work on /opt/airflow/dags/forex_data_pipeline.py
[2022-12-16T23:07:19.669+0000] {processor.py:743} INFO - Processing file /opt/airflow/dags/forex_data_pipeline.py for tasks to queue
[2022-12-16T23:07:19.671+0000] {logging_mixin.py:137} INFO - [2022-12-16T23:07:19.670+0000] {dagbag.py:538} INFO - Filling up the DagBag from /opt/airflow/dags/forex_data_pipeline.py
[2022-12-16T23:07:19.964+0000] {processor.py:753} INFO - DAG(s) dict_keys(['forex_data_pipeline']) retrieved from /opt/airflow/dags/forex_data_pipeline.py
[2022-12-16T23:07:20.016+0000] {logging_mixin.py:137} INFO - [2022-12-16T23:07:20.015+0000] {dag.py:2676} INFO - Sync 1 DAGs
[2022-12-16T23:07:20.077+0000] {logging_mixin.py:137} INFO - [2022-12-16T23:07:20.076+0000] {dag.py:3427} INFO - Setting next_dagrun for forex_data_pipeline to 2022-12-16T00:00:00+00:00, run_after=2022-12-17T00:00:00+00:00
[2022-12-16T23:07:20.112+0000] {processor.py:175} INFO - Processing /opt/airflow/dags/forex_data_pipeline.py took 0.446 seconds
[2022-12-16T23:07:50.395+0000] {processor.py:153} INFO - Started process (PID=368) to work on /opt/airflow/dags/forex_data_pipeline.py
[2022-12-16T23:07:50.398+0000] {processor.py:743} INFO - Processing file /opt/airflow/dags/forex_data_pipeline.py for tasks to queue
[2022-12-16T23:07:50.400+0000] {logging_mixin.py:137} INFO - [2022-12-16T23:07:50.400+0000] {dagbag.py:538} INFO - Filling up the DagBag from /opt/airflow/dags/forex_data_pipeline.py
[2022-12-16T23:07:50.781+0000] {processor.py:753} INFO - DAG(s) dict_keys(['forex_data_pipeline']) retrieved from /opt/airflow/dags/forex_data_pipeline.py
[2022-12-16T23:07:50.810+0000] {logging_mixin.py:137} INFO - [2022-12-16T23:07:50.810+0000] {dag.py:2676} INFO - Sync 1 DAGs
[2022-12-16T23:07:50.846+0000] {logging_mixin.py:137} INFO - [2022-12-16T23:07:50.845+0000] {dag.py:3427} INFO - Setting next_dagrun for forex_data_pipeline to 2022-12-16T00:00:00+00:00, run_after=2022-12-17T00:00:00+00:00
[2022-12-16T23:07:50.876+0000] {processor.py:175} INFO - Processing /opt/airflow/dags/forex_data_pipeline.py took 0.487 seconds
[2022-12-16T23:08:21.037+0000] {processor.py:153} INFO - Started process (PID=432) to work on /opt/airflow/dags/forex_data_pipeline.py
[2022-12-16T23:08:21.041+0000] {processor.py:743} INFO - Processing file /opt/airflow/dags/forex_data_pipeline.py for tasks to queue
[2022-12-16T23:08:21.042+0000] {logging_mixin.py:137} INFO - [2022-12-16T23:08:21.042+0000] {dagbag.py:538} INFO - Filling up the DagBag from /opt/airflow/dags/forex_data_pipeline.py
[2022-12-16T23:08:21.381+0000] {processor.py:753} INFO - DAG(s) dict_keys(['forex_data_pipeline']) retrieved from /opt/airflow/dags/forex_data_pipeline.py
[2022-12-16T23:08:21.406+0000] {logging_mixin.py:137} INFO - [2022-12-16T23:08:21.406+0000] {dag.py:2676} INFO - Sync 1 DAGs
[2022-12-16T23:08:21.430+0000] {logging_mixin.py:137} INFO - [2022-12-16T23:08:21.430+0000] {dag.py:3427} INFO - Setting next_dagrun for forex_data_pipeline to 2022-12-16T00:00:00+00:00, run_after=2022-12-17T00:00:00+00:00
[2022-12-16T23:08:21.454+0000] {processor.py:175} INFO - Processing /opt/airflow/dags/forex_data_pipeline.py took 0.419 seconds
[2022-12-16T23:08:51.607+0000] {processor.py:153} INFO - Started process (PID=476) to work on /opt/airflow/dags/forex_data_pipeline.py
[2022-12-16T23:08:51.611+0000] {processor.py:743} INFO - Processing file /opt/airflow/dags/forex_data_pipeline.py for tasks to queue
[2022-12-16T23:08:51.612+0000] {logging_mixin.py:137} INFO - [2022-12-16T23:08:51.612+0000] {dagbag.py:538} INFO - Filling up the DagBag from /opt/airflow/dags/forex_data_pipeline.py
[2022-12-16T23:08:51.901+0000] {processor.py:753} INFO - DAG(s) dict_keys(['forex_data_pipeline']) retrieved from /opt/airflow/dags/forex_data_pipeline.py
[2022-12-16T23:08:51.951+0000] {logging_mixin.py:137} INFO - [2022-12-16T23:08:51.950+0000] {dag.py:2676} INFO - Sync 1 DAGs
[2022-12-16T23:08:51.979+0000] {logging_mixin.py:137} INFO - [2022-12-16T23:08:51.979+0000] {dag.py:3427} INFO - Setting next_dagrun for forex_data_pipeline to 2022-12-16T00:00:00+00:00, run_after=2022-12-17T00:00:00+00:00
[2022-12-16T23:08:52.001+0000] {processor.py:175} INFO - Processing /opt/airflow/dags/forex_data_pipeline.py took 0.396 seconds
[2022-12-16T23:09:22.226+0000] {processor.py:153} INFO - Started process (PID=523) to work on /opt/airflow/dags/forex_data_pipeline.py
[2022-12-16T23:09:22.229+0000] {processor.py:743} INFO - Processing file /opt/airflow/dags/forex_data_pipeline.py for tasks to queue
[2022-12-16T23:09:22.231+0000] {logging_mixin.py:137} INFO - [2022-12-16T23:09:22.230+0000] {dagbag.py:538} INFO - Filling up the DagBag from /opt/airflow/dags/forex_data_pipeline.py
[2022-12-16T23:09:22.553+0000] {processor.py:753} INFO - DAG(s) dict_keys(['forex_data_pipeline']) retrieved from /opt/airflow/dags/forex_data_pipeline.py
[2022-12-16T23:09:22.633+0000] {logging_mixin.py:137} INFO - [2022-12-16T23:09:22.633+0000] {dag.py:2676} INFO - Sync 1 DAGs
[2022-12-16T23:09:22.666+0000] {logging_mixin.py:137} INFO - [2022-12-16T23:09:22.666+0000] {dag.py:3427} INFO - Setting next_dagrun for forex_data_pipeline to 2022-12-16T00:00:00+00:00, run_after=2022-12-17T00:00:00+00:00
[2022-12-16T23:09:22.691+0000] {processor.py:175} INFO - Processing /opt/airflow/dags/forex_data_pipeline.py took 0.467 seconds
[2022-12-16T23:09:53.439+0000] {processor.py:153} INFO - Started process (PID=586) to work on /opt/airflow/dags/forex_data_pipeline.py
[2022-12-16T23:09:53.442+0000] {processor.py:743} INFO - Processing file /opt/airflow/dags/forex_data_pipeline.py for tasks to queue
[2022-12-16T23:09:53.443+0000] {logging_mixin.py:137} INFO - [2022-12-16T23:09:53.443+0000] {dagbag.py:538} INFO - Filling up the DagBag from /opt/airflow/dags/forex_data_pipeline.py
[2022-12-16T23:09:53.756+0000] {processor.py:753} INFO - DAG(s) dict_keys(['forex_data_pipeline']) retrieved from /opt/airflow/dags/forex_data_pipeline.py
[2022-12-16T23:09:53.780+0000] {logging_mixin.py:137} INFO - [2022-12-16T23:09:53.779+0000] {dag.py:2676} INFO - Sync 1 DAGs
[2022-12-16T23:09:53.804+0000] {logging_mixin.py:137} INFO - [2022-12-16T23:09:53.803+0000] {dag.py:3427} INFO - Setting next_dagrun for forex_data_pipeline to 2022-12-16T00:00:00+00:00, run_after=2022-12-17T00:00:00+00:00
[2022-12-16T23:09:53.826+0000] {processor.py:175} INFO - Processing /opt/airflow/dags/forex_data_pipeline.py took 0.389 seconds
[2022-12-16T23:10:24.047+0000] {processor.py:153} INFO - Started process (PID=630) to work on /opt/airflow/dags/forex_data_pipeline.py
[2022-12-16T23:10:24.049+0000] {processor.py:743} INFO - Processing file /opt/airflow/dags/forex_data_pipeline.py for tasks to queue
[2022-12-16T23:10:24.051+0000] {logging_mixin.py:137} INFO - [2022-12-16T23:10:24.051+0000] {dagbag.py:538} INFO - Filling up the DagBag from /opt/airflow/dags/forex_data_pipeline.py
[2022-12-16T23:10:24.353+0000] {processor.py:753} INFO - DAG(s) dict_keys(['forex_data_pipeline']) retrieved from /opt/airflow/dags/forex_data_pipeline.py
[2022-12-16T23:10:24.451+0000] {logging_mixin.py:137} INFO - [2022-12-16T23:10:24.450+0000] {dag.py:2676} INFO - Sync 1 DAGs
[2022-12-16T23:10:24.474+0000] {logging_mixin.py:137} INFO - [2022-12-16T23:10:24.474+0000] {dag.py:3427} INFO - Setting next_dagrun for forex_data_pipeline to 2022-12-16T00:00:00+00:00, run_after=2022-12-17T00:00:00+00:00
[2022-12-16T23:10:24.497+0000] {processor.py:175} INFO - Processing /opt/airflow/dags/forex_data_pipeline.py took 0.454 seconds
[2022-12-16T23:10:54.728+0000] {processor.py:153} INFO - Started process (PID=694) to work on /opt/airflow/dags/forex_data_pipeline.py
[2022-12-16T23:10:54.732+0000] {processor.py:743} INFO - Processing file /opt/airflow/dags/forex_data_pipeline.py for tasks to queue
[2022-12-16T23:10:54.733+0000] {logging_mixin.py:137} INFO - [2022-12-16T23:10:54.733+0000] {dagbag.py:538} INFO - Filling up the DagBag from /opt/airflow/dags/forex_data_pipeline.py
[2022-12-16T23:10:54.996+0000] {processor.py:753} INFO - DAG(s) dict_keys(['forex_data_pipeline']) retrieved from /opt/airflow/dags/forex_data_pipeline.py
[2022-12-16T23:10:55.018+0000] {logging_mixin.py:137} INFO - [2022-12-16T23:10:55.017+0000] {dag.py:2676} INFO - Sync 1 DAGs
[2022-12-16T23:10:55.041+0000] {logging_mixin.py:137} INFO - [2022-12-16T23:10:55.041+0000] {dag.py:3427} INFO - Setting next_dagrun for forex_data_pipeline to 2022-12-16T00:00:00+00:00, run_after=2022-12-17T00:00:00+00:00
[2022-12-16T23:10:55.064+0000] {processor.py:175} INFO - Processing /opt/airflow/dags/forex_data_pipeline.py took 0.339 seconds
[2022-12-16T23:11:25.332+0000] {processor.py:153} INFO - Started process (PID=738) to work on /opt/airflow/dags/forex_data_pipeline.py
[2022-12-16T23:11:25.339+0000] {processor.py:743} INFO - Processing file /opt/airflow/dags/forex_data_pipeline.py for tasks to queue
[2022-12-16T23:11:25.340+0000] {logging_mixin.py:137} INFO - [2022-12-16T23:11:25.340+0000] {dagbag.py:538} INFO - Filling up the DagBag from /opt/airflow/dags/forex_data_pipeline.py
[2022-12-16T23:11:25.617+0000] {processor.py:753} INFO - DAG(s) dict_keys(['forex_data_pipeline']) retrieved from /opt/airflow/dags/forex_data_pipeline.py
[2022-12-16T23:11:25.643+0000] {logging_mixin.py:137} INFO - [2022-12-16T23:11:25.643+0000] {dag.py:2676} INFO - Sync 1 DAGs
[2022-12-16T23:11:25.673+0000] {logging_mixin.py:137} INFO - [2022-12-16T23:11:25.673+0000] {dag.py:3427} INFO - Setting next_dagrun for forex_data_pipeline to 2022-12-16T00:00:00+00:00, run_after=2022-12-17T00:00:00+00:00
[2022-12-16T23:11:25.698+0000] {processor.py:175} INFO - Processing /opt/airflow/dags/forex_data_pipeline.py took 0.368 seconds
[2022-12-16T23:11:55.946+0000] {processor.py:153} INFO - Started process (PID=802) to work on /opt/airflow/dags/forex_data_pipeline.py
[2022-12-16T23:11:55.949+0000] {processor.py:743} INFO - Processing file /opt/airflow/dags/forex_data_pipeline.py for tasks to queue
[2022-12-16T23:11:55.950+0000] {logging_mixin.py:137} INFO - [2022-12-16T23:11:55.950+0000] {dagbag.py:538} INFO - Filling up the DagBag from /opt/airflow/dags/forex_data_pipeline.py
[2022-12-16T23:11:56.230+0000] {processor.py:753} INFO - DAG(s) dict_keys(['forex_data_pipeline']) retrieved from /opt/airflow/dags/forex_data_pipeline.py
[2022-12-16T23:11:56.254+0000] {logging_mixin.py:137} INFO - [2022-12-16T23:11:56.254+0000] {dag.py:2676} INFO - Sync 1 DAGs
[2022-12-16T23:11:56.279+0000] {logging_mixin.py:137} INFO - [2022-12-16T23:11:56.279+0000] {dag.py:3427} INFO - Setting next_dagrun for forex_data_pipeline to 2022-12-16T00:00:00+00:00, run_after=2022-12-17T00:00:00+00:00
[2022-12-16T23:11:56.303+0000] {processor.py:175} INFO - Processing /opt/airflow/dags/forex_data_pipeline.py took 0.359 seconds
[2022-12-16T23:12:26.537+0000] {processor.py:153} INFO - Started process (PID=846) to work on /opt/airflow/dags/forex_data_pipeline.py
[2022-12-16T23:12:26.540+0000] {processor.py:743} INFO - Processing file /opt/airflow/dags/forex_data_pipeline.py for tasks to queue
[2022-12-16T23:12:26.542+0000] {logging_mixin.py:137} INFO - [2022-12-16T23:12:26.542+0000] {dagbag.py:538} INFO - Filling up the DagBag from /opt/airflow/dags/forex_data_pipeline.py
[2022-12-16T23:12:26.834+0000] {processor.py:753} INFO - DAG(s) dict_keys(['forex_data_pipeline']) retrieved from /opt/airflow/dags/forex_data_pipeline.py
[2022-12-16T23:12:26.859+0000] {logging_mixin.py:137} INFO - [2022-12-16T23:12:26.859+0000] {dag.py:2676} INFO - Sync 1 DAGs
[2022-12-16T23:12:26.886+0000] {logging_mixin.py:137} INFO - [2022-12-16T23:12:26.886+0000] {dag.py:3427} INFO - Setting next_dagrun for forex_data_pipeline to 2022-12-16T00:00:00+00:00, run_after=2022-12-17T00:00:00+00:00
[2022-12-16T23:12:26.912+0000] {processor.py:175} INFO - Processing /opt/airflow/dags/forex_data_pipeline.py took 0.379 seconds
[2022-12-16T23:12:57.172+0000] {processor.py:153} INFO - Started process (PID=910) to work on /opt/airflow/dags/forex_data_pipeline.py
[2022-12-16T23:12:57.174+0000] {processor.py:743} INFO - Processing file /opt/airflow/dags/forex_data_pipeline.py for tasks to queue
[2022-12-16T23:12:57.175+0000] {logging_mixin.py:137} INFO - [2022-12-16T23:12:57.175+0000] {dagbag.py:538} INFO - Filling up the DagBag from /opt/airflow/dags/forex_data_pipeline.py
[2022-12-16T23:12:57.465+0000] {processor.py:753} INFO - DAG(s) dict_keys(['forex_data_pipeline']) retrieved from /opt/airflow/dags/forex_data_pipeline.py
[2022-12-16T23:12:57.491+0000] {logging_mixin.py:137} INFO - [2022-12-16T23:12:57.490+0000] {dag.py:2676} INFO - Sync 1 DAGs
[2022-12-16T23:12:57.514+0000] {logging_mixin.py:137} INFO - [2022-12-16T23:12:57.514+0000] {dag.py:3427} INFO - Setting next_dagrun for forex_data_pipeline to 2022-12-16T00:00:00+00:00, run_after=2022-12-17T00:00:00+00:00
[2022-12-16T23:12:57.541+0000] {processor.py:175} INFO - Processing /opt/airflow/dags/forex_data_pipeline.py took 0.372 seconds
[2022-12-16T23:13:27.796+0000] {processor.py:153} INFO - Started process (PID=954) to work on /opt/airflow/dags/forex_data_pipeline.py
[2022-12-16T23:13:27.800+0000] {processor.py:743} INFO - Processing file /opt/airflow/dags/forex_data_pipeline.py for tasks to queue
[2022-12-16T23:13:27.802+0000] {logging_mixin.py:137} INFO - [2022-12-16T23:13:27.802+0000] {dagbag.py:538} INFO - Filling up the DagBag from /opt/airflow/dags/forex_data_pipeline.py
[2022-12-16T23:13:28.075+0000] {processor.py:753} INFO - DAG(s) dict_keys(['forex_data_pipeline']) retrieved from /opt/airflow/dags/forex_data_pipeline.py
[2022-12-16T23:13:28.096+0000] {logging_mixin.py:137} INFO - [2022-12-16T23:13:28.096+0000] {dag.py:2676} INFO - Sync 1 DAGs
[2022-12-16T23:13:28.118+0000] {logging_mixin.py:137} INFO - [2022-12-16T23:13:28.118+0000] {dag.py:3427} INFO - Setting next_dagrun for forex_data_pipeline to 2022-12-16T00:00:00+00:00, run_after=2022-12-17T00:00:00+00:00
[2022-12-16T23:13:28.139+0000] {processor.py:175} INFO - Processing /opt/airflow/dags/forex_data_pipeline.py took 0.347 seconds
[2022-12-16T23:13:58.380+0000] {processor.py:153} INFO - Started process (PID=1018) to work on /opt/airflow/dags/forex_data_pipeline.py
[2022-12-16T23:13:58.384+0000] {processor.py:743} INFO - Processing file /opt/airflow/dags/forex_data_pipeline.py for tasks to queue
[2022-12-16T23:13:58.386+0000] {logging_mixin.py:137} INFO - [2022-12-16T23:13:58.385+0000] {dagbag.py:538} INFO - Filling up the DagBag from /opt/airflow/dags/forex_data_pipeline.py
[2022-12-16T23:13:58.659+0000] {processor.py:753} INFO - DAG(s) dict_keys(['forex_data_pipeline']) retrieved from /opt/airflow/dags/forex_data_pipeline.py
[2022-12-16T23:13:58.687+0000] {logging_mixin.py:137} INFO - [2022-12-16T23:13:58.686+0000] {dag.py:2676} INFO - Sync 1 DAGs
[2022-12-16T23:13:58.714+0000] {logging_mixin.py:137} INFO - [2022-12-16T23:13:58.714+0000] {dag.py:3427} INFO - Setting next_dagrun for forex_data_pipeline to 2022-12-16T00:00:00+00:00, run_after=2022-12-17T00:00:00+00:00
[2022-12-16T23:13:58.738+0000] {processor.py:175} INFO - Processing /opt/airflow/dags/forex_data_pipeline.py took 0.360 seconds
[2022-12-16T23:14:29.010+0000] {processor.py:153} INFO - Started process (PID=1062) to work on /opt/airflow/dags/forex_data_pipeline.py
[2022-12-16T23:14:29.013+0000] {processor.py:743} INFO - Processing file /opt/airflow/dags/forex_data_pipeline.py for tasks to queue
[2022-12-16T23:14:29.014+0000] {logging_mixin.py:137} INFO - [2022-12-16T23:14:29.014+0000] {dagbag.py:538} INFO - Filling up the DagBag from /opt/airflow/dags/forex_data_pipeline.py
[2022-12-16T23:14:29.301+0000] {processor.py:753} INFO - DAG(s) dict_keys(['forex_data_pipeline']) retrieved from /opt/airflow/dags/forex_data_pipeline.py
[2022-12-16T23:14:29.324+0000] {logging_mixin.py:137} INFO - [2022-12-16T23:14:29.323+0000] {dag.py:2676} INFO - Sync 1 DAGs
[2022-12-16T23:14:29.349+0000] {logging_mixin.py:137} INFO - [2022-12-16T23:14:29.349+0000] {dag.py:3427} INFO - Setting next_dagrun for forex_data_pipeline to 2022-12-16T00:00:00+00:00, run_after=2022-12-17T00:00:00+00:00
[2022-12-16T23:14:29.373+0000] {processor.py:175} INFO - Processing /opt/airflow/dags/forex_data_pipeline.py took 0.365 seconds
[2022-12-16T23:15:00.120+0000] {processor.py:153} INFO - Started process (PID=1126) to work on /opt/airflow/dags/forex_data_pipeline.py
[2022-12-16T23:15:00.122+0000] {processor.py:743} INFO - Processing file /opt/airflow/dags/forex_data_pipeline.py for tasks to queue
[2022-12-16T23:15:00.124+0000] {logging_mixin.py:137} INFO - [2022-12-16T23:15:00.123+0000] {dagbag.py:538} INFO - Filling up the DagBag from /opt/airflow/dags/forex_data_pipeline.py
[2022-12-16T23:15:00.555+0000] {processor.py:753} INFO - DAG(s) dict_keys(['forex_data_pipeline']) retrieved from /opt/airflow/dags/forex_data_pipeline.py
[2022-12-16T23:15:00.594+0000] {logging_mixin.py:137} INFO - [2022-12-16T23:15:00.593+0000] {dag.py:2676} INFO - Sync 1 DAGs
[2022-12-16T23:15:00.643+0000] {logging_mixin.py:137} INFO - [2022-12-16T23:15:00.643+0000] {dag.py:3427} INFO - Setting next_dagrun for forex_data_pipeline to 2022-12-16T00:00:00+00:00, run_after=2022-12-17T00:00:00+00:00
[2022-12-16T23:15:00.681+0000] {processor.py:175} INFO - Processing /opt/airflow/dags/forex_data_pipeline.py took 0.566 seconds
