[2023-04-02T19:14:55.640+0000] {taskinstance.py:1087} INFO - Dependencies all met for <TaskInstance: forex_data_pipeline.is_forex_rates_file_available scheduled__2023-04-01T00:00:00+00:00 [queued]>
[2023-04-02T19:14:55.651+0000] {taskinstance.py:1087} INFO - Dependencies all met for <TaskInstance: forex_data_pipeline.is_forex_rates_file_available scheduled__2023-04-01T00:00:00+00:00 [queued]>
[2023-04-02T19:14:55.652+0000] {taskinstance.py:1283} INFO - 
--------------------------------------------------------------------------------
[2023-04-02T19:14:55.653+0000] {taskinstance.py:1284} INFO - Starting attempt 1 of 3
[2023-04-02T19:14:55.654+0000] {taskinstance.py:1285} INFO - 
--------------------------------------------------------------------------------
[2023-04-02T19:14:55.666+0000] {taskinstance.py:1304} INFO - Executing <Task(FileSensor): is_forex_rates_file_available> on 2023-04-01 00:00:00+00:00
[2023-04-02T19:14:55.671+0000] {standard_task_runner.py:55} INFO - Started process 87 to run task
[2023-04-02T19:14:55.673+0000] {standard_task_runner.py:82} INFO - Running: ['***', 'tasks', 'run', 'forex_data_pipeline', 'is_forex_rates_file_available', 'scheduled__2023-04-01T00:00:00+00:00', '--job-id', '1015', '--raw', '--subdir', 'DAGS_FOLDER/forex_data_pipeline.py', '--cfg-path', '/tmp/tmpa9u5ttdl']
[2023-04-02T19:14:55.675+0000] {standard_task_runner.py:83} INFO - Job 1015: Subtask is_forex_rates_file_available
[2023-04-02T19:14:55.726+0000] {task_command.py:389} INFO - Running <TaskInstance: forex_data_pipeline.is_forex_rates_file_available scheduled__2023-04-01T00:00:00+00:00 [running]> on host b21115e7dff0
[2023-04-02T19:14:55.781+0000] {taskinstance.py:1513} INFO - Exporting the following env vars:
AIRFLOW_CTX_DAG_EMAIL=juanfelipehdezm@gmail.com
AIRFLOW_CTX_DAG_OWNER=felipehdez
AIRFLOW_CTX_DAG_ID=forex_data_pipeline
AIRFLOW_CTX_TASK_ID=is_forex_rates_file_available
AIRFLOW_CTX_EXECUTION_DATE=2023-04-01T00:00:00+00:00
AIRFLOW_CTX_TRY_NUMBER=1
AIRFLOW_CTX_DAG_RUN_ID=scheduled__2023-04-01T00:00:00+00:00
[2023-04-02T19:14:55.788+0000] {base.py:73} INFO - Using connection ID 'forex_path' for task execution.
[2023-04-02T19:14:55.788+0000] {filesystem.py:64} INFO - Poking for file /opt/***/dags/files/rates.json
[2023-04-02T19:14:55.803+0000] {filesystem.py:69} INFO - Found File /opt/***/dags/files/rates.json last modified: 20230402191454
[2023-04-02T19:14:55.804+0000] {base.py:228} INFO - Success criteria met. Exiting.
[2023-04-02T19:14:55.811+0000] {taskinstance.py:1327} INFO - Marking task as SUCCESS. dag_id=forex_data_pipeline, task_id=is_forex_rates_file_available, execution_date=20230401T000000, start_date=20230402T191455, end_date=20230402T191455
[2023-04-02T19:14:55.846+0000] {local_task_job.py:159} INFO - Task exited with return code 0
[2023-04-02T19:14:55.874+0000] {taskinstance.py:2582} INFO - 1 downstream tasks scheduled from follow-on schedule check
