[2022-12-18T21:37:07.878+0000] {taskinstance.py:1087} INFO - Dependencies all met for <TaskInstance: forex_data_pipeline.process_json_file scheduled__2022-12-16T00:00:00+00:00 [queued]>
[2022-12-18T21:37:07.896+0000] {taskinstance.py:1087} INFO - Dependencies all met for <TaskInstance: forex_data_pipeline.process_json_file scheduled__2022-12-16T00:00:00+00:00 [queued]>
[2022-12-18T21:37:07.897+0000] {taskinstance.py:1283} INFO - 
--------------------------------------------------------------------------------
[2022-12-18T21:37:07.898+0000] {taskinstance.py:1284} INFO - Starting attempt 1 of 3
[2022-12-18T21:37:07.899+0000] {taskinstance.py:1285} INFO - 
--------------------------------------------------------------------------------
[2022-12-18T21:37:07.918+0000] {taskinstance.py:1304} INFO - Executing <Task(PythonOperator): process_json_file> on 2022-12-16 00:00:00+00:00
[2022-12-18T21:37:07.924+0000] {standard_task_runner.py:55} INFO - Started process 102 to run task
[2022-12-18T21:37:07.927+0000] {standard_task_runner.py:82} INFO - Running: ['***', 'tasks', 'run', 'forex_data_pipeline', 'process_json_file', 'scheduled__2022-12-16T00:00:00+00:00', '--job-id', '450', '--raw', '--subdir', 'DAGS_FOLDER/forex_data_pipeline.py', '--cfg-path', '/tmp/tmpp2h7m_bc']
[2022-12-18T21:37:07.930+0000] {standard_task_runner.py:83} INFO - Job 450: Subtask process_json_file
[2022-12-18T21:37:08.003+0000] {task_command.py:389} INFO - Running <TaskInstance: forex_data_pipeline.process_json_file scheduled__2022-12-16T00:00:00+00:00 [running]> on host b21115e7dff0
[2022-12-18T21:37:08.083+0000] {taskinstance.py:1513} INFO - Exporting the following env vars:
AIRFLOW_CTX_DAG_EMAIL=juanfelipehdezm@gmail.com
AIRFLOW_CTX_DAG_OWNER=felipehdez
AIRFLOW_CTX_DAG_ID=forex_data_pipeline
AIRFLOW_CTX_TASK_ID=process_json_file
AIRFLOW_CTX_EXECUTION_DATE=2022-12-16T00:00:00+00:00
AIRFLOW_CTX_TRY_NUMBER=1
AIRFLOW_CTX_DAG_RUN_ID=scheduled__2022-12-16T00:00:00+00:00
[2022-12-18T21:37:08.112+0000] {python.py:177} INFO - Done. Returned value was: None
[2022-12-18T21:37:08.121+0000] {taskinstance.py:1327} INFO - Marking task as SUCCESS. dag_id=forex_data_pipeline, task_id=process_json_file, execution_date=20221216T000000, start_date=20221218T213707, end_date=20221218T213708
[2022-12-18T21:37:08.180+0000] {local_task_job.py:159} INFO - Task exited with return code 0
[2022-12-18T21:37:08.203+0000] {taskinstance.py:2582} INFO - 1 downstream tasks scheduled from follow-on schedule check
