[2023-02-19T00:00:09.940+0000] {taskinstance.py:1087} INFO - Dependencies all met for <TaskInstance: forex_data_pipeline.is_forex_rates_file_available scheduled__2023-02-18T00:00:00+00:00 [queued]>
[2023-02-19T00:00:09.955+0000] {taskinstance.py:1087} INFO - Dependencies all met for <TaskInstance: forex_data_pipeline.is_forex_rates_file_available scheduled__2023-02-18T00:00:00+00:00 [queued]>
[2023-02-19T00:00:09.957+0000] {taskinstance.py:1283} INFO - 
--------------------------------------------------------------------------------
[2023-02-19T00:00:09.958+0000] {taskinstance.py:1284} INFO - Starting attempt 1 of 3
[2023-02-19T00:00:09.960+0000] {taskinstance.py:1285} INFO - 
--------------------------------------------------------------------------------
[2023-02-19T00:00:09.975+0000] {taskinstance.py:1304} INFO - Executing <Task(FileSensor): is_forex_rates_file_available> on 2023-02-18 00:00:00+00:00
[2023-02-19T00:00:09.983+0000] {standard_task_runner.py:55} INFO - Started process 7400 to run task
[2023-02-19T00:00:09.986+0000] {standard_task_runner.py:82} INFO - Running: ['***', 'tasks', 'run', 'forex_data_pipeline', 'is_forex_rates_file_available', 'scheduled__2023-02-18T00:00:00+00:00', '--job-id', '752', '--raw', '--subdir', 'DAGS_FOLDER/forex_data_pipeline.py', '--cfg-path', '/tmp/tmp56w1jvzo']
[2023-02-19T00:00:09.988+0000] {standard_task_runner.py:83} INFO - Job 752: Subtask is_forex_rates_file_available
[2023-02-19T00:00:10.056+0000] {task_command.py:389} INFO - Running <TaskInstance: forex_data_pipeline.is_forex_rates_file_available scheduled__2023-02-18T00:00:00+00:00 [running]> on host b21115e7dff0
[2023-02-19T00:00:10.125+0000] {taskinstance.py:1513} INFO - Exporting the following env vars:
AIRFLOW_CTX_DAG_EMAIL=juanfelipehdezm@gmail.com
AIRFLOW_CTX_DAG_OWNER=felipehdez
AIRFLOW_CTX_DAG_ID=forex_data_pipeline
AIRFLOW_CTX_TASK_ID=is_forex_rates_file_available
AIRFLOW_CTX_EXECUTION_DATE=2023-02-18T00:00:00+00:00
AIRFLOW_CTX_TRY_NUMBER=1
AIRFLOW_CTX_DAG_RUN_ID=scheduled__2023-02-18T00:00:00+00:00
[2023-02-19T00:00:10.135+0000] {base.py:73} INFO - Using connection ID 'forex_path' for task execution.
[2023-02-19T00:00:10.137+0000] {filesystem.py:64} INFO - Poking for file /opt/***/dags/files/rates.json
[2023-02-19T00:00:10.164+0000] {filesystem.py:69} INFO - Found File /opt/***/dags/files/rates.json last modified: 20230219000008
[2023-02-19T00:00:10.165+0000] {base.py:228} INFO - Success criteria met. Exiting.
[2023-02-19T00:00:10.173+0000] {taskinstance.py:1327} INFO - Marking task as SUCCESS. dag_id=forex_data_pipeline, task_id=is_forex_rates_file_available, execution_date=20230218T000000, start_date=20230219T000009, end_date=20230219T000010
[2023-02-19T00:00:10.200+0000] {local_task_job.py:159} INFO - Task exited with return code 0
[2023-02-19T00:00:10.231+0000] {taskinstance.py:2582} INFO - 1 downstream tasks scheduled from follow-on schedule check
