[2023-02-18T22:46:45.874+0000] {taskinstance.py:1087} INFO - Dependencies all met for <TaskInstance: forex_data_pipeline.process_json_file scheduled__2023-02-17T00:00:00+00:00 [queued]>
[2023-02-18T22:46:45.892+0000] {taskinstance.py:1087} INFO - Dependencies all met for <TaskInstance: forex_data_pipeline.process_json_file scheduled__2023-02-17T00:00:00+00:00 [queued]>
[2023-02-18T22:46:45.893+0000] {taskinstance.py:1283} INFO - 
--------------------------------------------------------------------------------
[2023-02-18T22:46:45.894+0000] {taskinstance.py:1284} INFO - Starting attempt 1 of 3
[2023-02-18T22:46:45.895+0000] {taskinstance.py:1285} INFO - 
--------------------------------------------------------------------------------
[2023-02-18T22:46:45.920+0000] {taskinstance.py:1304} INFO - Executing <Task(PythonOperator): process_json_file> on 2023-02-17 00:00:00+00:00
[2023-02-18T22:46:45.926+0000] {standard_task_runner.py:55} INFO - Started process 111 to run task
[2023-02-18T22:46:45.930+0000] {standard_task_runner.py:82} INFO - Running: ['***', 'tasks', 'run', 'forex_data_pipeline', 'process_json_file', 'scheduled__2023-02-17T00:00:00+00:00', '--job-id', '746', '--raw', '--subdir', 'DAGS_FOLDER/forex_data_pipeline.py', '--cfg-path', '/tmp/tmpsv1p511e']
[2023-02-18T22:46:45.933+0000] {standard_task_runner.py:83} INFO - Job 746: Subtask process_json_file
[2023-02-18T22:46:46.013+0000] {task_command.py:389} INFO - Running <TaskInstance: forex_data_pipeline.process_json_file scheduled__2023-02-17T00:00:00+00:00 [running]> on host b21115e7dff0
[2023-02-18T22:46:46.182+0000] {taskinstance.py:1513} INFO - Exporting the following env vars:
AIRFLOW_CTX_DAG_EMAIL=juanfelipehdezm@gmail.com
AIRFLOW_CTX_DAG_OWNER=felipehdez
AIRFLOW_CTX_DAG_ID=forex_data_pipeline
AIRFLOW_CTX_TASK_ID=process_json_file
AIRFLOW_CTX_EXECUTION_DATE=2023-02-17T00:00:00+00:00
AIRFLOW_CTX_TRY_NUMBER=1
AIRFLOW_CTX_DAG_RUN_ID=scheduled__2023-02-17T00:00:00+00:00
[2023-02-18T22:46:46.213+0000] {python.py:177} INFO - Done. Returned value was: None
[2023-02-18T22:46:46.225+0000] {taskinstance.py:1327} INFO - Marking task as SUCCESS. dag_id=forex_data_pipeline, task_id=process_json_file, execution_date=20230217T000000, start_date=20230218T224645, end_date=20230218T224646
[2023-02-18T22:46:46.263+0000] {local_task_job.py:159} INFO - Task exited with return code 0
[2023-02-18T22:46:46.286+0000] {taskinstance.py:2582} INFO - 1 downstream tasks scheduled from follow-on schedule check
