[2022-12-18T21:37:09.127+0000] {taskinstance.py:1087} INFO - Dependencies all met for <TaskInstance: forex_data_pipeline.store_ratings scheduled__2022-12-17T00:00:00+00:00 [queued]>
[2022-12-18T21:37:09.146+0000] {taskinstance.py:1087} INFO - Dependencies all met for <TaskInstance: forex_data_pipeline.store_ratings scheduled__2022-12-17T00:00:00+00:00 [queued]>
[2022-12-18T21:37:09.147+0000] {taskinstance.py:1283} INFO - 
--------------------------------------------------------------------------------
[2022-12-18T21:37:09.148+0000] {taskinstance.py:1284} INFO - Starting attempt 1 of 3
[2022-12-18T21:37:09.149+0000] {taskinstance.py:1285} INFO - 
--------------------------------------------------------------------------------
[2022-12-18T21:37:09.166+0000] {taskinstance.py:1304} INFO - Executing <Task(PythonOperator): store_ratings> on 2022-12-17 00:00:00+00:00
[2022-12-18T21:37:09.173+0000] {standard_task_runner.py:55} INFO - Started process 108 to run task
[2022-12-18T21:37:09.177+0000] {standard_task_runner.py:82} INFO - Running: ['***', 'tasks', 'run', 'forex_data_pipeline', 'store_ratings', 'scheduled__2022-12-17T00:00:00+00:00', '--job-id', '452', '--raw', '--subdir', 'DAGS_FOLDER/forex_data_pipeline.py', '--cfg-path', '/tmp/tmpfiprn47t']
[2022-12-18T21:37:09.180+0000] {standard_task_runner.py:83} INFO - Job 452: Subtask store_ratings
[2022-12-18T21:37:09.252+0000] {task_command.py:389} INFO - Running <TaskInstance: forex_data_pipeline.store_ratings scheduled__2022-12-17T00:00:00+00:00 [running]> on host b21115e7dff0
[2022-12-18T21:37:09.342+0000] {taskinstance.py:1513} INFO - Exporting the following env vars:
AIRFLOW_CTX_DAG_EMAIL=juanfelipehdezm@gmail.com
AIRFLOW_CTX_DAG_OWNER=felipehdez
AIRFLOW_CTX_DAG_ID=forex_data_pipeline
AIRFLOW_CTX_TASK_ID=store_ratings
AIRFLOW_CTX_EXECUTION_DATE=2022-12-17T00:00:00+00:00
AIRFLOW_CTX_TRY_NUMBER=1
AIRFLOW_CTX_DAG_RUN_ID=scheduled__2022-12-17T00:00:00+00:00
[2022-12-18T21:37:09.344+0000] {postgres.py:158} INFO - Running copy expert: COPY forex_ratings FROM stdin WITH DELIMITER AS ',', filename: /opt/***/dags/files/rates.csv
[2022-12-18T21:37:09.357+0000] {base.py:73} INFO - Using connection ID 'forex_db' for task execution.
[2022-12-18T21:37:09.385+0000] {python.py:177} INFO - Done. Returned value was: None
[2022-12-18T21:37:09.399+0000] {taskinstance.py:1327} INFO - Marking task as SUCCESS. dag_id=forex_data_pipeline, task_id=store_ratings, execution_date=20221217T000000, start_date=20221218T213709, end_date=20221218T213709
[2022-12-18T21:37:09.429+0000] {local_task_job.py:159} INFO - Task exited with return code 0
[2022-12-18T21:37:09.460+0000] {taskinstance.py:2582} INFO - 0 downstream tasks scheduled from follow-on schedule check
