[2023-04-11T22:22:20.900+0000] {taskinstance.py:1087} INFO - Dependencies all met for <TaskInstance: forex_data_pipeline.is_forex_rates_file_available scheduled__2023-04-10T00:00:00+00:00 [queued]>
[2023-04-11T22:22:20.912+0000] {taskinstance.py:1087} INFO - Dependencies all met for <TaskInstance: forex_data_pipeline.is_forex_rates_file_available scheduled__2023-04-10T00:00:00+00:00 [queued]>
[2023-04-11T22:22:20.913+0000] {taskinstance.py:1283} INFO - 
--------------------------------------------------------------------------------
[2023-04-11T22:22:20.913+0000] {taskinstance.py:1284} INFO - Starting attempt 1 of 3
[2023-04-11T22:22:20.914+0000] {taskinstance.py:1285} INFO - 
--------------------------------------------------------------------------------
[2023-04-11T22:22:20.927+0000] {taskinstance.py:1304} INFO - Executing <Task(FileSensor): is_forex_rates_file_available> on 2023-04-10 00:00:00+00:00
[2023-04-11T22:22:20.932+0000] {standard_task_runner.py:55} INFO - Started process 89 to run task
[2023-04-11T22:22:20.935+0000] {standard_task_runner.py:82} INFO - Running: ['***', 'tasks', 'run', 'forex_data_pipeline', 'is_forex_rates_file_available', 'scheduled__2023-04-10T00:00:00+00:00', '--job-id', '1063', '--raw', '--subdir', 'DAGS_FOLDER/forex_data_pipeline.py', '--cfg-path', '/tmp/tmpfkbmxfyj']
[2023-04-11T22:22:20.936+0000] {standard_task_runner.py:83} INFO - Job 1063: Subtask is_forex_rates_file_available
[2023-04-11T22:22:20.992+0000] {task_command.py:389} INFO - Running <TaskInstance: forex_data_pipeline.is_forex_rates_file_available scheduled__2023-04-10T00:00:00+00:00 [running]> on host b21115e7dff0
[2023-04-11T22:22:21.050+0000] {taskinstance.py:1513} INFO - Exporting the following env vars:
AIRFLOW_CTX_DAG_EMAIL=juanfelipehdezm@gmail.com
AIRFLOW_CTX_DAG_OWNER=felipehdez
AIRFLOW_CTX_DAG_ID=forex_data_pipeline
AIRFLOW_CTX_TASK_ID=is_forex_rates_file_available
AIRFLOW_CTX_EXECUTION_DATE=2023-04-10T00:00:00+00:00
AIRFLOW_CTX_TRY_NUMBER=1
AIRFLOW_CTX_DAG_RUN_ID=scheduled__2023-04-10T00:00:00+00:00
[2023-04-11T22:22:21.058+0000] {base.py:73} INFO - Using connection ID 'forex_path' for task execution.
[2023-04-11T22:22:21.060+0000] {filesystem.py:64} INFO - Poking for file /opt/***/dags/files/rates.json
[2023-04-11T22:22:21.073+0000] {filesystem.py:69} INFO - Found File /opt/***/dags/files/rates.json last modified: 20230411222220
[2023-04-11T22:22:21.074+0000] {base.py:228} INFO - Success criteria met. Exiting.
[2023-04-11T22:22:21.081+0000] {taskinstance.py:1327} INFO - Marking task as SUCCESS. dag_id=forex_data_pipeline, task_id=is_forex_rates_file_available, execution_date=20230410T000000, start_date=20230411T222220, end_date=20230411T222221
[2023-04-11T22:22:21.107+0000] {local_task_job.py:159} INFO - Task exited with return code 0
[2023-04-11T22:22:21.135+0000] {taskinstance.py:2582} INFO - 1 downstream tasks scheduled from follow-on schedule check
