[2022-12-28T00:00:26.468+0000] {processor.py:153} INFO - Started process (PID=131) to work on /opt/airflow/dags/forex_data_pipeline.py
[2022-12-28T00:00:26.470+0000] {processor.py:743} INFO - Processing file /opt/airflow/dags/forex_data_pipeline.py for tasks to queue
[2022-12-28T00:00:26.471+0000] {logging_mixin.py:137} INFO - [2022-12-28T00:00:26.471+0000] {dagbag.py:538} INFO - Filling up the DagBag from /opt/airflow/dags/forex_data_pipeline.py
[2022-12-28T00:00:26.727+0000] {processor.py:753} INFO - DAG(s) dict_keys(['forex_data_pipeline']) retrieved from /opt/airflow/dags/forex_data_pipeline.py
[2022-12-28T00:00:26.751+0000] {logging_mixin.py:137} INFO - [2022-12-28T00:00:26.751+0000] {dag.py:2676} INFO - Sync 1 DAGs
[2022-12-28T00:00:26.777+0000] {logging_mixin.py:137} INFO - [2022-12-28T00:00:26.777+0000] {dag.py:3427} INFO - Setting next_dagrun for forex_data_pipeline to 2022-12-28T00:00:00+00:00, run_after=2022-12-29T00:00:00+00:00
[2022-12-28T00:00:26.796+0000] {processor.py:175} INFO - Processing /opt/airflow/dags/forex_data_pipeline.py took 0.330 seconds
[2022-12-28T00:00:57.047+0000] {processor.py:153} INFO - Started process (PID=195) to work on /opt/airflow/dags/forex_data_pipeline.py
[2022-12-28T00:00:57.049+0000] {processor.py:743} INFO - Processing file /opt/airflow/dags/forex_data_pipeline.py for tasks to queue
[2022-12-28T00:00:57.051+0000] {logging_mixin.py:137} INFO - [2022-12-28T00:00:57.050+0000] {dagbag.py:538} INFO - Filling up the DagBag from /opt/airflow/dags/forex_data_pipeline.py
[2022-12-28T00:00:57.452+0000] {processor.py:753} INFO - DAG(s) dict_keys(['forex_data_pipeline']) retrieved from /opt/airflow/dags/forex_data_pipeline.py
[2022-12-28T00:00:57.477+0000] {logging_mixin.py:137} INFO - [2022-12-28T00:00:57.476+0000] {dag.py:2676} INFO - Sync 1 DAGs
[2022-12-28T00:00:57.500+0000] {logging_mixin.py:137} INFO - [2022-12-28T00:00:57.500+0000] {dag.py:3427} INFO - Setting next_dagrun for forex_data_pipeline to 2022-12-28T00:00:00+00:00, run_after=2022-12-29T00:00:00+00:00
[2022-12-28T00:00:57.523+0000] {processor.py:175} INFO - Processing /opt/airflow/dags/forex_data_pipeline.py took 0.478 seconds
[2022-12-28T00:01:27.833+0000] {processor.py:153} INFO - Started process (PID=240) to work on /opt/airflow/dags/forex_data_pipeline.py
[2022-12-28T00:01:27.835+0000] {processor.py:743} INFO - Processing file /opt/airflow/dags/forex_data_pipeline.py for tasks to queue
[2022-12-28T00:01:27.837+0000] {logging_mixin.py:137} INFO - [2022-12-28T00:01:27.837+0000] {dagbag.py:538} INFO - Filling up the DagBag from /opt/airflow/dags/forex_data_pipeline.py
[2022-12-28T00:01:28.123+0000] {processor.py:753} INFO - DAG(s) dict_keys(['forex_data_pipeline']) retrieved from /opt/airflow/dags/forex_data_pipeline.py
[2022-12-28T00:01:28.145+0000] {logging_mixin.py:137} INFO - [2022-12-28T00:01:28.144+0000] {dag.py:2676} INFO - Sync 1 DAGs
[2022-12-28T00:01:28.168+0000] {logging_mixin.py:137} INFO - [2022-12-28T00:01:28.167+0000] {dag.py:3427} INFO - Setting next_dagrun for forex_data_pipeline to 2022-12-28T00:00:00+00:00, run_after=2022-12-29T00:00:00+00:00
[2022-12-28T00:01:28.188+0000] {processor.py:175} INFO - Processing /opt/airflow/dags/forex_data_pipeline.py took 0.357 seconds
[2022-12-28T00:01:58.473+0000] {processor.py:153} INFO - Started process (PID=305) to work on /opt/airflow/dags/forex_data_pipeline.py
[2022-12-28T00:01:58.478+0000] {processor.py:743} INFO - Processing file /opt/airflow/dags/forex_data_pipeline.py for tasks to queue
[2022-12-28T00:01:58.479+0000] {logging_mixin.py:137} INFO - [2022-12-28T00:01:58.479+0000] {dagbag.py:538} INFO - Filling up the DagBag from /opt/airflow/dags/forex_data_pipeline.py
[2022-12-28T00:01:58.807+0000] {processor.py:753} INFO - DAG(s) dict_keys(['forex_data_pipeline']) retrieved from /opt/airflow/dags/forex_data_pipeline.py
[2022-12-28T00:01:58.845+0000] {logging_mixin.py:137} INFO - [2022-12-28T00:01:58.845+0000] {dag.py:2676} INFO - Sync 1 DAGs
[2022-12-28T00:01:58.888+0000] {logging_mixin.py:137} INFO - [2022-12-28T00:01:58.888+0000] {dag.py:3427} INFO - Setting next_dagrun for forex_data_pipeline to 2022-12-28T00:00:00+00:00, run_after=2022-12-29T00:00:00+00:00
[2022-12-28T00:01:58.916+0000] {processor.py:175} INFO - Processing /opt/airflow/dags/forex_data_pipeline.py took 0.446 seconds
[2022-12-28T00:02:29.205+0000] {processor.py:153} INFO - Started process (PID=349) to work on /opt/airflow/dags/forex_data_pipeline.py
[2022-12-28T00:02:29.208+0000] {processor.py:743} INFO - Processing file /opt/airflow/dags/forex_data_pipeline.py for tasks to queue
[2022-12-28T00:02:29.209+0000] {logging_mixin.py:137} INFO - [2022-12-28T00:02:29.209+0000] {dagbag.py:538} INFO - Filling up the DagBag from /opt/airflow/dags/forex_data_pipeline.py
[2022-12-28T00:02:29.477+0000] {processor.py:753} INFO - DAG(s) dict_keys(['forex_data_pipeline']) retrieved from /opt/airflow/dags/forex_data_pipeline.py
[2022-12-28T00:02:29.498+0000] {logging_mixin.py:137} INFO - [2022-12-28T00:02:29.498+0000] {dag.py:2676} INFO - Sync 1 DAGs
[2022-12-28T00:02:29.519+0000] {logging_mixin.py:137} INFO - [2022-12-28T00:02:29.519+0000] {dag.py:3427} INFO - Setting next_dagrun for forex_data_pipeline to 2022-12-28T00:00:00+00:00, run_after=2022-12-29T00:00:00+00:00
[2022-12-28T00:02:29.543+0000] {processor.py:175} INFO - Processing /opt/airflow/dags/forex_data_pipeline.py took 0.340 seconds
[2022-12-28T00:02:59.998+0000] {processor.py:153} INFO - Started process (PID=413) to work on /opt/airflow/dags/forex_data_pipeline.py
[2022-12-28T00:03:00.002+0000] {processor.py:743} INFO - Processing file /opt/airflow/dags/forex_data_pipeline.py for tasks to queue
[2022-12-28T00:03:00.004+0000] {logging_mixin.py:137} INFO - [2022-12-28T00:03:00.003+0000] {dagbag.py:538} INFO - Filling up the DagBag from /opt/airflow/dags/forex_data_pipeline.py
[2022-12-28T00:03:00.308+0000] {processor.py:753} INFO - DAG(s) dict_keys(['forex_data_pipeline']) retrieved from /opt/airflow/dags/forex_data_pipeline.py
[2022-12-28T00:03:00.330+0000] {logging_mixin.py:137} INFO - [2022-12-28T00:03:00.330+0000] {dag.py:2676} INFO - Sync 1 DAGs
[2022-12-28T00:03:00.356+0000] {logging_mixin.py:137} INFO - [2022-12-28T00:03:00.356+0000] {dag.py:3427} INFO - Setting next_dagrun for forex_data_pipeline to 2022-12-28T00:00:00+00:00, run_after=2022-12-29T00:00:00+00:00
[2022-12-28T00:03:00.380+0000] {processor.py:175} INFO - Processing /opt/airflow/dags/forex_data_pipeline.py took 0.384 seconds
[2022-12-28T00:03:30.730+0000] {processor.py:153} INFO - Started process (PID=457) to work on /opt/airflow/dags/forex_data_pipeline.py
[2022-12-28T00:03:30.732+0000] {processor.py:743} INFO - Processing file /opt/airflow/dags/forex_data_pipeline.py for tasks to queue
[2022-12-28T00:03:30.734+0000] {logging_mixin.py:137} INFO - [2022-12-28T00:03:30.734+0000] {dagbag.py:538} INFO - Filling up the DagBag from /opt/airflow/dags/forex_data_pipeline.py
[2022-12-28T00:03:31.049+0000] {processor.py:753} INFO - DAG(s) dict_keys(['forex_data_pipeline']) retrieved from /opt/airflow/dags/forex_data_pipeline.py
[2022-12-28T00:03:31.071+0000] {logging_mixin.py:137} INFO - [2022-12-28T00:03:31.070+0000] {dag.py:2676} INFO - Sync 1 DAGs
[2022-12-28T00:03:31.096+0000] {logging_mixin.py:137} INFO - [2022-12-28T00:03:31.096+0000] {dag.py:3427} INFO - Setting next_dagrun for forex_data_pipeline to 2022-12-28T00:00:00+00:00, run_after=2022-12-29T00:00:00+00:00
[2022-12-28T00:03:31.120+0000] {processor.py:175} INFO - Processing /opt/airflow/dags/forex_data_pipeline.py took 0.393 seconds
[2022-12-28T00:04:01.200+0000] {processor.py:153} INFO - Started process (PID=521) to work on /opt/airflow/dags/forex_data_pipeline.py
[2022-12-28T00:04:01.204+0000] {processor.py:743} INFO - Processing file /opt/airflow/dags/forex_data_pipeline.py for tasks to queue
[2022-12-28T00:04:01.205+0000] {logging_mixin.py:137} INFO - [2022-12-28T00:04:01.205+0000] {dagbag.py:538} INFO - Filling up the DagBag from /opt/airflow/dags/forex_data_pipeline.py
[2022-12-28T00:04:01.484+0000] {processor.py:753} INFO - DAG(s) dict_keys(['forex_data_pipeline']) retrieved from /opt/airflow/dags/forex_data_pipeline.py
[2022-12-28T00:04:01.505+0000] {logging_mixin.py:137} INFO - [2022-12-28T00:04:01.505+0000] {dag.py:2676} INFO - Sync 1 DAGs
[2022-12-28T00:04:01.528+0000] {logging_mixin.py:137} INFO - [2022-12-28T00:04:01.528+0000] {dag.py:3427} INFO - Setting next_dagrun for forex_data_pipeline to 2022-12-28T00:00:00+00:00, run_after=2022-12-29T00:00:00+00:00
[2022-12-28T00:04:01.554+0000] {processor.py:175} INFO - Processing /opt/airflow/dags/forex_data_pipeline.py took 0.355 seconds
[2022-12-28T00:04:31.707+0000] {processor.py:153} INFO - Started process (PID=565) to work on /opt/airflow/dags/forex_data_pipeline.py
[2022-12-28T00:04:31.709+0000] {processor.py:743} INFO - Processing file /opt/airflow/dags/forex_data_pipeline.py for tasks to queue
[2022-12-28T00:04:31.710+0000] {logging_mixin.py:137} INFO - [2022-12-28T00:04:31.709+0000] {dagbag.py:538} INFO - Filling up the DagBag from /opt/airflow/dags/forex_data_pipeline.py
[2022-12-28T00:04:31.945+0000] {processor.py:753} INFO - DAG(s) dict_keys(['forex_data_pipeline']) retrieved from /opt/airflow/dags/forex_data_pipeline.py
[2022-12-28T00:04:31.968+0000] {logging_mixin.py:137} INFO - [2022-12-28T00:04:31.968+0000] {dag.py:2676} INFO - Sync 1 DAGs
[2022-12-28T00:04:31.988+0000] {logging_mixin.py:137} INFO - [2022-12-28T00:04:31.988+0000] {dag.py:3427} INFO - Setting next_dagrun for forex_data_pipeline to 2022-12-28T00:00:00+00:00, run_after=2022-12-29T00:00:00+00:00
[2022-12-28T00:04:32.039+0000] {processor.py:175} INFO - Processing /opt/airflow/dags/forex_data_pipeline.py took 0.334 seconds
[2022-12-28T19:18:29.085+0000] {processor.py:153} INFO - Started process (PID=51) to work on /opt/airflow/dags/forex_data_pipeline.py
[2022-12-28T19:18:29.105+0000] {processor.py:743} INFO - Processing file /opt/airflow/dags/forex_data_pipeline.py for tasks to queue
[2022-12-28T19:18:29.107+0000] {logging_mixin.py:137} INFO - [2022-12-28T19:18:29.107+0000] {dagbag.py:538} INFO - Filling up the DagBag from /opt/airflow/dags/forex_data_pipeline.py
[2022-12-28T19:18:31.063+0000] {processor.py:753} INFO - DAG(s) dict_keys(['forex_data_pipeline']) retrieved from /opt/airflow/dags/forex_data_pipeline.py
[2022-12-28T19:18:31.181+0000] {logging_mixin.py:137} INFO - [2022-12-28T19:18:31.179+0000] {dag.py:2676} INFO - Sync 1 DAGs
[2022-12-28T19:18:31.340+0000] {logging_mixin.py:137} INFO - [2022-12-28T19:18:31.339+0000] {dag.py:3427} INFO - Setting next_dagrun for forex_data_pipeline to 2022-12-28T00:00:00+00:00, run_after=2022-12-29T00:00:00+00:00
[2022-12-28T19:18:31.422+0000] {processor.py:175} INFO - Processing /opt/airflow/dags/forex_data_pipeline.py took 2.341 seconds
[2022-12-28T19:19:02.444+0000] {processor.py:153} INFO - Started process (PID=88) to work on /opt/airflow/dags/forex_data_pipeline.py
[2022-12-28T19:19:02.447+0000] {processor.py:743} INFO - Processing file /opt/airflow/dags/forex_data_pipeline.py for tasks to queue
[2022-12-28T19:19:02.448+0000] {logging_mixin.py:137} INFO - [2022-12-28T19:19:02.448+0000] {dagbag.py:538} INFO - Filling up the DagBag from /opt/airflow/dags/forex_data_pipeline.py
[2022-12-28T19:19:02.832+0000] {processor.py:753} INFO - DAG(s) dict_keys(['forex_data_pipeline']) retrieved from /opt/airflow/dags/forex_data_pipeline.py
[2022-12-28T19:19:02.873+0000] {logging_mixin.py:137} INFO - [2022-12-28T19:19:02.872+0000] {dag.py:2676} INFO - Sync 1 DAGs
[2022-12-28T19:19:02.923+0000] {logging_mixin.py:137} INFO - [2022-12-28T19:19:02.923+0000] {dag.py:3427} INFO - Setting next_dagrun for forex_data_pipeline to 2022-12-28T00:00:00+00:00, run_after=2022-12-29T00:00:00+00:00
[2022-12-28T19:19:02.958+0000] {processor.py:175} INFO - Processing /opt/airflow/dags/forex_data_pipeline.py took 0.517 seconds
[2022-12-28T19:19:33.606+0000] {processor.py:153} INFO - Started process (PID=152) to work on /opt/airflow/dags/forex_data_pipeline.py
[2022-12-28T19:19:33.609+0000] {processor.py:743} INFO - Processing file /opt/airflow/dags/forex_data_pipeline.py for tasks to queue
[2022-12-28T19:19:33.610+0000] {logging_mixin.py:137} INFO - [2022-12-28T19:19:33.610+0000] {dagbag.py:538} INFO - Filling up the DagBag from /opt/airflow/dags/forex_data_pipeline.py
[2022-12-28T19:19:33.905+0000] {processor.py:753} INFO - DAG(s) dict_keys(['forex_data_pipeline']) retrieved from /opt/airflow/dags/forex_data_pipeline.py
[2022-12-28T19:19:33.930+0000] {logging_mixin.py:137} INFO - [2022-12-28T19:19:33.929+0000] {dag.py:2676} INFO - Sync 1 DAGs
[2022-12-28T19:19:33.952+0000] {logging_mixin.py:137} INFO - [2022-12-28T19:19:33.952+0000] {dag.py:3427} INFO - Setting next_dagrun for forex_data_pipeline to 2022-12-28T00:00:00+00:00, run_after=2022-12-29T00:00:00+00:00
[2022-12-28T19:19:33.970+0000] {processor.py:175} INFO - Processing /opt/airflow/dags/forex_data_pipeline.py took 0.368 seconds
[2022-12-28T19:20:04.681+0000] {processor.py:153} INFO - Started process (PID=196) to work on /opt/airflow/dags/forex_data_pipeline.py
[2022-12-28T19:20:04.686+0000] {processor.py:743} INFO - Processing file /opt/airflow/dags/forex_data_pipeline.py for tasks to queue
[2022-12-28T19:20:04.687+0000] {logging_mixin.py:137} INFO - [2022-12-28T19:20:04.687+0000] {dagbag.py:538} INFO - Filling up the DagBag from /opt/airflow/dags/forex_data_pipeline.py
[2022-12-28T19:20:05.147+0000] {processor.py:753} INFO - DAG(s) dict_keys(['forex_data_pipeline']) retrieved from /opt/airflow/dags/forex_data_pipeline.py
[2022-12-28T19:20:05.227+0000] {logging_mixin.py:137} INFO - [2022-12-28T19:20:05.227+0000] {dag.py:2676} INFO - Sync 1 DAGs
[2022-12-28T19:20:05.258+0000] {logging_mixin.py:137} INFO - [2022-12-28T19:20:05.258+0000] {dag.py:3427} INFO - Setting next_dagrun for forex_data_pipeline to 2022-12-28T00:00:00+00:00, run_after=2022-12-29T00:00:00+00:00
[2022-12-28T19:20:05.291+0000] {processor.py:175} INFO - Processing /opt/airflow/dags/forex_data_pipeline.py took 0.613 seconds
[2022-12-28T19:20:36.120+0000] {processor.py:153} INFO - Started process (PID=260) to work on /opt/airflow/dags/forex_data_pipeline.py
[2022-12-28T19:20:36.123+0000] {processor.py:743} INFO - Processing file /opt/airflow/dags/forex_data_pipeline.py for tasks to queue
[2022-12-28T19:20:36.125+0000] {logging_mixin.py:137} INFO - [2022-12-28T19:20:36.125+0000] {dagbag.py:538} INFO - Filling up the DagBag from /opt/airflow/dags/forex_data_pipeline.py
[2022-12-28T19:20:36.452+0000] {processor.py:753} INFO - DAG(s) dict_keys(['forex_data_pipeline']) retrieved from /opt/airflow/dags/forex_data_pipeline.py
[2022-12-28T19:20:36.476+0000] {logging_mixin.py:137} INFO - [2022-12-28T19:20:36.475+0000] {dag.py:2676} INFO - Sync 1 DAGs
[2022-12-28T19:20:36.500+0000] {logging_mixin.py:137} INFO - [2022-12-28T19:20:36.500+0000] {dag.py:3427} INFO - Setting next_dagrun for forex_data_pipeline to 2022-12-28T00:00:00+00:00, run_after=2022-12-29T00:00:00+00:00
[2022-12-28T19:20:36.523+0000] {processor.py:175} INFO - Processing /opt/airflow/dags/forex_data_pipeline.py took 0.406 seconds
[2022-12-28T19:21:07.005+0000] {processor.py:153} INFO - Started process (PID=304) to work on /opt/airflow/dags/forex_data_pipeline.py
[2022-12-28T19:21:07.008+0000] {processor.py:743} INFO - Processing file /opt/airflow/dags/forex_data_pipeline.py for tasks to queue
[2022-12-28T19:21:07.010+0000] {logging_mixin.py:137} INFO - [2022-12-28T19:21:07.010+0000] {dagbag.py:538} INFO - Filling up the DagBag from /opt/airflow/dags/forex_data_pipeline.py
[2022-12-28T19:21:07.347+0000] {processor.py:753} INFO - DAG(s) dict_keys(['forex_data_pipeline']) retrieved from /opt/airflow/dags/forex_data_pipeline.py
[2022-12-28T19:21:07.369+0000] {logging_mixin.py:137} INFO - [2022-12-28T19:21:07.369+0000] {dag.py:2676} INFO - Sync 1 DAGs
[2022-12-28T19:21:07.391+0000] {logging_mixin.py:137} INFO - [2022-12-28T19:21:07.391+0000] {dag.py:3427} INFO - Setting next_dagrun for forex_data_pipeline to 2022-12-28T00:00:00+00:00, run_after=2022-12-29T00:00:00+00:00
[2022-12-28T19:21:07.415+0000] {processor.py:175} INFO - Processing /opt/airflow/dags/forex_data_pipeline.py took 0.412 seconds
[2022-12-28T19:21:38.045+0000] {processor.py:153} INFO - Started process (PID=368) to work on /opt/airflow/dags/forex_data_pipeline.py
[2022-12-28T19:21:38.050+0000] {processor.py:743} INFO - Processing file /opt/airflow/dags/forex_data_pipeline.py for tasks to queue
[2022-12-28T19:21:38.052+0000] {logging_mixin.py:137} INFO - [2022-12-28T19:21:38.052+0000] {dagbag.py:538} INFO - Filling up the DagBag from /opt/airflow/dags/forex_data_pipeline.py
[2022-12-28T19:21:38.395+0000] {processor.py:753} INFO - DAG(s) dict_keys(['forex_data_pipeline']) retrieved from /opt/airflow/dags/forex_data_pipeline.py
[2022-12-28T19:21:38.419+0000] {logging_mixin.py:137} INFO - [2022-12-28T19:21:38.418+0000] {dag.py:2676} INFO - Sync 1 DAGs
[2022-12-28T19:21:38.446+0000] {logging_mixin.py:137} INFO - [2022-12-28T19:21:38.446+0000] {dag.py:3427} INFO - Setting next_dagrun for forex_data_pipeline to 2022-12-28T00:00:00+00:00, run_after=2022-12-29T00:00:00+00:00
[2022-12-28T19:21:38.472+0000] {processor.py:175} INFO - Processing /opt/airflow/dags/forex_data_pipeline.py took 0.429 seconds
[2022-12-28T19:22:09.469+0000] {processor.py:153} INFO - Started process (PID=412) to work on /opt/airflow/dags/forex_data_pipeline.py
[2022-12-28T19:22:09.473+0000] {processor.py:743} INFO - Processing file /opt/airflow/dags/forex_data_pipeline.py for tasks to queue
[2022-12-28T19:22:09.474+0000] {logging_mixin.py:137} INFO - [2022-12-28T19:22:09.474+0000] {dagbag.py:538} INFO - Filling up the DagBag from /opt/airflow/dags/forex_data_pipeline.py
[2022-12-28T19:22:09.807+0000] {processor.py:753} INFO - DAG(s) dict_keys(['forex_data_pipeline']) retrieved from /opt/airflow/dags/forex_data_pipeline.py
[2022-12-28T19:22:09.867+0000] {logging_mixin.py:137} INFO - [2022-12-28T19:22:09.867+0000] {dag.py:2676} INFO - Sync 1 DAGs
[2022-12-28T19:22:09.895+0000] {logging_mixin.py:137} INFO - [2022-12-28T19:22:09.895+0000] {dag.py:3427} INFO - Setting next_dagrun for forex_data_pipeline to 2022-12-28T00:00:00+00:00, run_after=2022-12-29T00:00:00+00:00
[2022-12-28T19:22:09.922+0000] {processor.py:175} INFO - Processing /opt/airflow/dags/forex_data_pipeline.py took 0.456 seconds
[2022-12-28T19:22:40.093+0000] {processor.py:153} INFO - Started process (PID=476) to work on /opt/airflow/dags/forex_data_pipeline.py
[2022-12-28T19:22:40.097+0000] {processor.py:743} INFO - Processing file /opt/airflow/dags/forex_data_pipeline.py for tasks to queue
[2022-12-28T19:22:40.098+0000] {logging_mixin.py:137} INFO - [2022-12-28T19:22:40.098+0000] {dagbag.py:538} INFO - Filling up the DagBag from /opt/airflow/dags/forex_data_pipeline.py
[2022-12-28T19:22:40.397+0000] {processor.py:753} INFO - DAG(s) dict_keys(['forex_data_pipeline']) retrieved from /opt/airflow/dags/forex_data_pipeline.py
[2022-12-28T19:22:40.423+0000] {logging_mixin.py:137} INFO - [2022-12-28T19:22:40.423+0000] {dag.py:2676} INFO - Sync 1 DAGs
[2022-12-28T19:22:40.457+0000] {logging_mixin.py:137} INFO - [2022-12-28T19:22:40.456+0000] {dag.py:3427} INFO - Setting next_dagrun for forex_data_pipeline to 2022-12-28T00:00:00+00:00, run_after=2022-12-29T00:00:00+00:00
[2022-12-28T19:22:40.484+0000] {processor.py:175} INFO - Processing /opt/airflow/dags/forex_data_pipeline.py took 0.394 seconds
[2022-12-28T19:23:11.399+0000] {processor.py:153} INFO - Started process (PID=520) to work on /opt/airflow/dags/forex_data_pipeline.py
[2022-12-28T19:23:11.405+0000] {processor.py:743} INFO - Processing file /opt/airflow/dags/forex_data_pipeline.py for tasks to queue
[2022-12-28T19:23:11.407+0000] {logging_mixin.py:137} INFO - [2022-12-28T19:23:11.407+0000] {dagbag.py:538} INFO - Filling up the DagBag from /opt/airflow/dags/forex_data_pipeline.py
[2022-12-28T19:23:11.732+0000] {processor.py:753} INFO - DAG(s) dict_keys(['forex_data_pipeline']) retrieved from /opt/airflow/dags/forex_data_pipeline.py
[2022-12-28T19:23:11.761+0000] {logging_mixin.py:137} INFO - [2022-12-28T19:23:11.760+0000] {dag.py:2676} INFO - Sync 1 DAGs
[2022-12-28T19:23:11.791+0000] {logging_mixin.py:137} INFO - [2022-12-28T19:23:11.791+0000] {dag.py:3427} INFO - Setting next_dagrun for forex_data_pipeline to 2022-12-28T00:00:00+00:00, run_after=2022-12-29T00:00:00+00:00
[2022-12-28T19:23:11.816+0000] {processor.py:175} INFO - Processing /opt/airflow/dags/forex_data_pipeline.py took 0.420 seconds
[2022-12-28T19:23:42.474+0000] {processor.py:153} INFO - Started process (PID=586) to work on /opt/airflow/dags/forex_data_pipeline.py
[2022-12-28T19:23:42.477+0000] {processor.py:743} INFO - Processing file /opt/airflow/dags/forex_data_pipeline.py for tasks to queue
[2022-12-28T19:23:42.478+0000] {logging_mixin.py:137} INFO - [2022-12-28T19:23:42.478+0000] {dagbag.py:538} INFO - Filling up the DagBag from /opt/airflow/dags/forex_data_pipeline.py
[2022-12-28T19:23:42.880+0000] {processor.py:753} INFO - DAG(s) dict_keys(['forex_data_pipeline']) retrieved from /opt/airflow/dags/forex_data_pipeline.py
[2022-12-28T19:23:42.910+0000] {logging_mixin.py:137} INFO - [2022-12-28T19:23:42.909+0000] {dag.py:2676} INFO - Sync 1 DAGs
[2022-12-28T19:23:42.933+0000] {logging_mixin.py:137} INFO - [2022-12-28T19:23:42.933+0000] {dag.py:3427} INFO - Setting next_dagrun for forex_data_pipeline to 2022-12-28T00:00:00+00:00, run_after=2022-12-29T00:00:00+00:00
[2022-12-28T19:23:42.958+0000] {processor.py:175} INFO - Processing /opt/airflow/dags/forex_data_pipeline.py took 0.486 seconds
[2022-12-28T19:24:13.370+0000] {processor.py:153} INFO - Started process (PID=630) to work on /opt/airflow/dags/forex_data_pipeline.py
[2022-12-28T19:24:13.372+0000] {processor.py:743} INFO - Processing file /opt/airflow/dags/forex_data_pipeline.py for tasks to queue
[2022-12-28T19:24:13.374+0000] {logging_mixin.py:137} INFO - [2022-12-28T19:24:13.374+0000] {dagbag.py:538} INFO - Filling up the DagBag from /opt/airflow/dags/forex_data_pipeline.py
[2022-12-28T19:24:13.678+0000] {processor.py:753} INFO - DAG(s) dict_keys(['forex_data_pipeline']) retrieved from /opt/airflow/dags/forex_data_pipeline.py
[2022-12-28T19:24:13.707+0000] {logging_mixin.py:137} INFO - [2022-12-28T19:24:13.707+0000] {dag.py:2676} INFO - Sync 1 DAGs
[2022-12-28T19:24:13.729+0000] {logging_mixin.py:137} INFO - [2022-12-28T19:24:13.729+0000] {dag.py:3427} INFO - Setting next_dagrun for forex_data_pipeline to 2022-12-28T00:00:00+00:00, run_after=2022-12-29T00:00:00+00:00
[2022-12-28T19:24:13.752+0000] {processor.py:175} INFO - Processing /opt/airflow/dags/forex_data_pipeline.py took 0.385 seconds
[2022-12-28T19:24:44.873+0000] {processor.py:153} INFO - Started process (PID=694) to work on /opt/airflow/dags/forex_data_pipeline.py
[2022-12-28T19:24:44.877+0000] {processor.py:743} INFO - Processing file /opt/airflow/dags/forex_data_pipeline.py for tasks to queue
[2022-12-28T19:24:44.878+0000] {logging_mixin.py:137} INFO - [2022-12-28T19:24:44.878+0000] {dagbag.py:538} INFO - Filling up the DagBag from /opt/airflow/dags/forex_data_pipeline.py
[2022-12-28T19:24:45.356+0000] {processor.py:753} INFO - DAG(s) dict_keys(['forex_data_pipeline']) retrieved from /opt/airflow/dags/forex_data_pipeline.py
[2022-12-28T19:24:45.389+0000] {logging_mixin.py:137} INFO - [2022-12-28T19:24:45.389+0000] {dag.py:2676} INFO - Sync 1 DAGs
[2022-12-28T19:24:45.424+0000] {logging_mixin.py:137} INFO - [2022-12-28T19:24:45.424+0000] {dag.py:3427} INFO - Setting next_dagrun for forex_data_pipeline to 2022-12-28T00:00:00+00:00, run_after=2022-12-29T00:00:00+00:00
[2022-12-28T19:24:45.484+0000] {processor.py:175} INFO - Processing /opt/airflow/dags/forex_data_pipeline.py took 0.613 seconds
[2022-12-28T19:25:16.249+0000] {processor.py:153} INFO - Started process (PID=738) to work on /opt/airflow/dags/forex_data_pipeline.py
[2022-12-28T19:25:16.252+0000] {processor.py:743} INFO - Processing file /opt/airflow/dags/forex_data_pipeline.py for tasks to queue
[2022-12-28T19:25:16.253+0000] {logging_mixin.py:137} INFO - [2022-12-28T19:25:16.253+0000] {dagbag.py:538} INFO - Filling up the DagBag from /opt/airflow/dags/forex_data_pipeline.py
[2022-12-28T19:25:16.561+0000] {processor.py:753} INFO - DAG(s) dict_keys(['forex_data_pipeline']) retrieved from /opt/airflow/dags/forex_data_pipeline.py
[2022-12-28T19:25:16.582+0000] {logging_mixin.py:137} INFO - [2022-12-28T19:25:16.582+0000] {dag.py:2676} INFO - Sync 1 DAGs
[2022-12-28T19:25:16.607+0000] {logging_mixin.py:137} INFO - [2022-12-28T19:25:16.607+0000] {dag.py:3427} INFO - Setting next_dagrun for forex_data_pipeline to 2022-12-28T00:00:00+00:00, run_after=2022-12-29T00:00:00+00:00
[2022-12-28T19:25:16.629+0000] {processor.py:175} INFO - Processing /opt/airflow/dags/forex_data_pipeline.py took 0.382 seconds
[2022-12-28T19:25:47.386+0000] {processor.py:153} INFO - Started process (PID=802) to work on /opt/airflow/dags/forex_data_pipeline.py
[2022-12-28T19:25:47.390+0000] {processor.py:743} INFO - Processing file /opt/airflow/dags/forex_data_pipeline.py for tasks to queue
[2022-12-28T19:25:47.392+0000] {logging_mixin.py:137} INFO - [2022-12-28T19:25:47.392+0000] {dagbag.py:538} INFO - Filling up the DagBag from /opt/airflow/dags/forex_data_pipeline.py
[2022-12-28T19:25:47.703+0000] {processor.py:753} INFO - DAG(s) dict_keys(['forex_data_pipeline']) retrieved from /opt/airflow/dags/forex_data_pipeline.py
[2022-12-28T19:25:47.726+0000] {logging_mixin.py:137} INFO - [2022-12-28T19:25:47.725+0000] {dag.py:2676} INFO - Sync 1 DAGs
[2022-12-28T19:25:47.755+0000] {logging_mixin.py:137} INFO - [2022-12-28T19:25:47.755+0000] {dag.py:3427} INFO - Setting next_dagrun for forex_data_pipeline to 2022-12-28T00:00:00+00:00, run_after=2022-12-29T00:00:00+00:00
[2022-12-28T19:25:47.780+0000] {processor.py:175} INFO - Processing /opt/airflow/dags/forex_data_pipeline.py took 0.396 seconds
[2022-12-28T19:26:18.758+0000] {processor.py:153} INFO - Started process (PID=846) to work on /opt/airflow/dags/forex_data_pipeline.py
[2022-12-28T19:26:18.761+0000] {processor.py:743} INFO - Processing file /opt/airflow/dags/forex_data_pipeline.py for tasks to queue
[2022-12-28T19:26:18.762+0000] {logging_mixin.py:137} INFO - [2022-12-28T19:26:18.762+0000] {dagbag.py:538} INFO - Filling up the DagBag from /opt/airflow/dags/forex_data_pipeline.py
[2022-12-28T19:26:19.073+0000] {processor.py:753} INFO - DAG(s) dict_keys(['forex_data_pipeline']) retrieved from /opt/airflow/dags/forex_data_pipeline.py
[2022-12-28T19:26:19.097+0000] {logging_mixin.py:137} INFO - [2022-12-28T19:26:19.097+0000] {dag.py:2676} INFO - Sync 1 DAGs
[2022-12-28T19:26:19.125+0000] {logging_mixin.py:137} INFO - [2022-12-28T19:26:19.125+0000] {dag.py:3427} INFO - Setting next_dagrun for forex_data_pipeline to 2022-12-28T00:00:00+00:00, run_after=2022-12-29T00:00:00+00:00
[2022-12-28T19:26:19.148+0000] {processor.py:175} INFO - Processing /opt/airflow/dags/forex_data_pipeline.py took 0.392 seconds
[2022-12-28T19:26:50.021+0000] {processor.py:153} INFO - Started process (PID=910) to work on /opt/airflow/dags/forex_data_pipeline.py
[2022-12-28T19:26:50.024+0000] {processor.py:743} INFO - Processing file /opt/airflow/dags/forex_data_pipeline.py for tasks to queue
[2022-12-28T19:26:50.026+0000] {logging_mixin.py:137} INFO - [2022-12-28T19:26:50.026+0000] {dagbag.py:538} INFO - Filling up the DagBag from /opt/airflow/dags/forex_data_pipeline.py
[2022-12-28T19:26:50.322+0000] {processor.py:753} INFO - DAG(s) dict_keys(['forex_data_pipeline']) retrieved from /opt/airflow/dags/forex_data_pipeline.py
[2022-12-28T19:26:50.349+0000] {logging_mixin.py:137} INFO - [2022-12-28T19:26:50.349+0000] {dag.py:2676} INFO - Sync 1 DAGs
[2022-12-28T19:26:50.372+0000] {logging_mixin.py:137} INFO - [2022-12-28T19:26:50.372+0000] {dag.py:3427} INFO - Setting next_dagrun for forex_data_pipeline to 2022-12-28T00:00:00+00:00, run_after=2022-12-29T00:00:00+00:00
[2022-12-28T19:26:50.393+0000] {processor.py:175} INFO - Processing /opt/airflow/dags/forex_data_pipeline.py took 0.374 seconds
[2022-12-28T19:27:21.114+0000] {processor.py:153} INFO - Started process (PID=954) to work on /opt/airflow/dags/forex_data_pipeline.py
[2022-12-28T19:27:21.117+0000] {processor.py:743} INFO - Processing file /opt/airflow/dags/forex_data_pipeline.py for tasks to queue
[2022-12-28T19:27:21.118+0000] {logging_mixin.py:137} INFO - [2022-12-28T19:27:21.118+0000] {dagbag.py:538} INFO - Filling up the DagBag from /opt/airflow/dags/forex_data_pipeline.py
[2022-12-28T19:27:21.423+0000] {processor.py:753} INFO - DAG(s) dict_keys(['forex_data_pipeline']) retrieved from /opt/airflow/dags/forex_data_pipeline.py
[2022-12-28T19:27:21.480+0000] {logging_mixin.py:137} INFO - [2022-12-28T19:27:21.480+0000] {dag.py:2676} INFO - Sync 1 DAGs
[2022-12-28T19:27:21.502+0000] {logging_mixin.py:137} INFO - [2022-12-28T19:27:21.502+0000] {dag.py:3427} INFO - Setting next_dagrun for forex_data_pipeline to 2022-12-28T00:00:00+00:00, run_after=2022-12-29T00:00:00+00:00
[2022-12-28T19:27:21.527+0000] {processor.py:175} INFO - Processing /opt/airflow/dags/forex_data_pipeline.py took 0.416 seconds
[2022-12-28T19:27:52.397+0000] {processor.py:153} INFO - Started process (PID=1018) to work on /opt/airflow/dags/forex_data_pipeline.py
[2022-12-28T19:27:52.404+0000] {processor.py:743} INFO - Processing file /opt/airflow/dags/forex_data_pipeline.py for tasks to queue
[2022-12-28T19:27:52.406+0000] {logging_mixin.py:137} INFO - [2022-12-28T19:27:52.405+0000] {dagbag.py:538} INFO - Filling up the DagBag from /opt/airflow/dags/forex_data_pipeline.py
[2022-12-28T19:27:52.702+0000] {processor.py:753} INFO - DAG(s) dict_keys(['forex_data_pipeline']) retrieved from /opt/airflow/dags/forex_data_pipeline.py
[2022-12-28T19:27:52.732+0000] {logging_mixin.py:137} INFO - [2022-12-28T19:27:52.731+0000] {dag.py:2676} INFO - Sync 1 DAGs
[2022-12-28T19:27:52.759+0000] {logging_mixin.py:137} INFO - [2022-12-28T19:27:52.759+0000] {dag.py:3427} INFO - Setting next_dagrun for forex_data_pipeline to 2022-12-28T00:00:00+00:00, run_after=2022-12-29T00:00:00+00:00
[2022-12-28T19:27:52.784+0000] {processor.py:175} INFO - Processing /opt/airflow/dags/forex_data_pipeline.py took 0.390 seconds
[2022-12-28T19:28:22.974+0000] {processor.py:153} INFO - Started process (PID=1062) to work on /opt/airflow/dags/forex_data_pipeline.py
[2022-12-28T19:28:22.977+0000] {processor.py:743} INFO - Processing file /opt/airflow/dags/forex_data_pipeline.py for tasks to queue
[2022-12-28T19:28:22.978+0000] {logging_mixin.py:137} INFO - [2022-12-28T19:28:22.978+0000] {dagbag.py:538} INFO - Filling up the DagBag from /opt/airflow/dags/forex_data_pipeline.py
[2022-12-28T19:28:23.276+0000] {processor.py:753} INFO - DAG(s) dict_keys(['forex_data_pipeline']) retrieved from /opt/airflow/dags/forex_data_pipeline.py
[2022-12-28T19:28:23.297+0000] {logging_mixin.py:137} INFO - [2022-12-28T19:28:23.297+0000] {dag.py:2676} INFO - Sync 1 DAGs
[2022-12-28T19:28:23.320+0000] {logging_mixin.py:137} INFO - [2022-12-28T19:28:23.320+0000] {dag.py:3427} INFO - Setting next_dagrun for forex_data_pipeline to 2022-12-28T00:00:00+00:00, run_after=2022-12-29T00:00:00+00:00
[2022-12-28T19:28:23.342+0000] {processor.py:175} INFO - Processing /opt/airflow/dags/forex_data_pipeline.py took 0.371 seconds
[2022-12-28T19:28:54.219+0000] {processor.py:153} INFO - Started process (PID=1126) to work on /opt/airflow/dags/forex_data_pipeline.py
[2022-12-28T19:28:54.223+0000] {processor.py:743} INFO - Processing file /opt/airflow/dags/forex_data_pipeline.py for tasks to queue
[2022-12-28T19:28:54.224+0000] {logging_mixin.py:137} INFO - [2022-12-28T19:28:54.224+0000] {dagbag.py:538} INFO - Filling up the DagBag from /opt/airflow/dags/forex_data_pipeline.py
[2022-12-28T19:28:54.534+0000] {processor.py:753} INFO - DAG(s) dict_keys(['forex_data_pipeline']) retrieved from /opt/airflow/dags/forex_data_pipeline.py
[2022-12-28T19:28:54.561+0000] {logging_mixin.py:137} INFO - [2022-12-28T19:28:54.561+0000] {dag.py:2676} INFO - Sync 1 DAGs
[2022-12-28T19:28:54.585+0000] {logging_mixin.py:137} INFO - [2022-12-28T19:28:54.585+0000] {dag.py:3427} INFO - Setting next_dagrun for forex_data_pipeline to 2022-12-28T00:00:00+00:00, run_after=2022-12-29T00:00:00+00:00
[2022-12-28T19:28:54.612+0000] {processor.py:175} INFO - Processing /opt/airflow/dags/forex_data_pipeline.py took 0.396 seconds
[2022-12-28T19:29:25.342+0000] {processor.py:153} INFO - Started process (PID=1170) to work on /opt/airflow/dags/forex_data_pipeline.py
[2022-12-28T19:29:25.345+0000] {processor.py:743} INFO - Processing file /opt/airflow/dags/forex_data_pipeline.py for tasks to queue
[2022-12-28T19:29:25.346+0000] {logging_mixin.py:137} INFO - [2022-12-28T19:29:25.346+0000] {dagbag.py:538} INFO - Filling up the DagBag from /opt/airflow/dags/forex_data_pipeline.py
[2022-12-28T19:29:25.630+0000] {processor.py:753} INFO - DAG(s) dict_keys(['forex_data_pipeline']) retrieved from /opt/airflow/dags/forex_data_pipeline.py
[2022-12-28T19:29:25.654+0000] {logging_mixin.py:137} INFO - [2022-12-28T19:29:25.653+0000] {dag.py:2676} INFO - Sync 1 DAGs
[2022-12-28T19:29:25.677+0000] {logging_mixin.py:137} INFO - [2022-12-28T19:29:25.676+0000] {dag.py:3427} INFO - Setting next_dagrun for forex_data_pipeline to 2022-12-28T00:00:00+00:00, run_after=2022-12-29T00:00:00+00:00
[2022-12-28T19:29:25.696+0000] {processor.py:175} INFO - Processing /opt/airflow/dags/forex_data_pipeline.py took 0.356 seconds
[2022-12-28T19:29:56.195+0000] {processor.py:153} INFO - Started process (PID=1234) to work on /opt/airflow/dags/forex_data_pipeline.py
[2022-12-28T19:29:56.200+0000] {processor.py:743} INFO - Processing file /opt/airflow/dags/forex_data_pipeline.py for tasks to queue
[2022-12-28T19:29:56.202+0000] {logging_mixin.py:137} INFO - [2022-12-28T19:29:56.202+0000] {dagbag.py:538} INFO - Filling up the DagBag from /opt/airflow/dags/forex_data_pipeline.py
[2022-12-28T19:29:56.516+0000] {processor.py:753} INFO - DAG(s) dict_keys(['forex_data_pipeline']) retrieved from /opt/airflow/dags/forex_data_pipeline.py
[2022-12-28T19:29:56.539+0000] {logging_mixin.py:137} INFO - [2022-12-28T19:29:56.539+0000] {dag.py:2676} INFO - Sync 1 DAGs
[2022-12-28T19:29:56.560+0000] {logging_mixin.py:137} INFO - [2022-12-28T19:29:56.560+0000] {dag.py:3427} INFO - Setting next_dagrun for forex_data_pipeline to 2022-12-28T00:00:00+00:00, run_after=2022-12-29T00:00:00+00:00
[2022-12-28T19:29:56.583+0000] {processor.py:175} INFO - Processing /opt/airflow/dags/forex_data_pipeline.py took 0.391 seconds
[2022-12-28T19:30:27.150+0000] {processor.py:153} INFO - Started process (PID=1288) to work on /opt/airflow/dags/forex_data_pipeline.py
[2022-12-28T19:30:27.153+0000] {processor.py:743} INFO - Processing file /opt/airflow/dags/forex_data_pipeline.py for tasks to queue
[2022-12-28T19:30:27.154+0000] {logging_mixin.py:137} INFO - [2022-12-28T19:30:27.154+0000] {dagbag.py:538} INFO - Filling up the DagBag from /opt/airflow/dags/forex_data_pipeline.py
[2022-12-28T19:30:27.466+0000] {processor.py:753} INFO - DAG(s) dict_keys(['forex_data_pipeline']) retrieved from /opt/airflow/dags/forex_data_pipeline.py
[2022-12-28T19:30:27.491+0000] {logging_mixin.py:137} INFO - [2022-12-28T19:30:27.491+0000] {dag.py:2676} INFO - Sync 1 DAGs
[2022-12-28T19:30:27.519+0000] {logging_mixin.py:137} INFO - [2022-12-28T19:30:27.519+0000] {dag.py:3427} INFO - Setting next_dagrun for forex_data_pipeline to 2022-12-28T00:00:00+00:00, run_after=2022-12-29T00:00:00+00:00
[2022-12-28T19:30:27.544+0000] {processor.py:175} INFO - Processing /opt/airflow/dags/forex_data_pipeline.py took 0.396 seconds
[2022-12-28T19:30:57.818+0000] {processor.py:153} INFO - Started process (PID=1342) to work on /opt/airflow/dags/forex_data_pipeline.py
[2022-12-28T19:30:57.822+0000] {processor.py:743} INFO - Processing file /opt/airflow/dags/forex_data_pipeline.py for tasks to queue
[2022-12-28T19:30:57.823+0000] {logging_mixin.py:137} INFO - [2022-12-28T19:30:57.823+0000] {dagbag.py:538} INFO - Filling up the DagBag from /opt/airflow/dags/forex_data_pipeline.py
[2022-12-28T19:30:58.117+0000] {processor.py:753} INFO - DAG(s) dict_keys(['forex_data_pipeline']) retrieved from /opt/airflow/dags/forex_data_pipeline.py
[2022-12-28T19:30:58.137+0000] {logging_mixin.py:137} INFO - [2022-12-28T19:30:58.137+0000] {dag.py:2676} INFO - Sync 1 DAGs
[2022-12-28T19:30:58.164+0000] {logging_mixin.py:137} INFO - [2022-12-28T19:30:58.164+0000] {dag.py:3427} INFO - Setting next_dagrun for forex_data_pipeline to 2022-12-28T00:00:00+00:00, run_after=2022-12-29T00:00:00+00:00
[2022-12-28T19:30:58.191+0000] {processor.py:175} INFO - Processing /opt/airflow/dags/forex_data_pipeline.py took 0.375 seconds
[2022-12-28T19:31:28.995+0000] {processor.py:153} INFO - Started process (PID=1405) to work on /opt/airflow/dags/forex_data_pipeline.py
[2022-12-28T19:31:28.997+0000] {processor.py:743} INFO - Processing file /opt/airflow/dags/forex_data_pipeline.py for tasks to queue
[2022-12-28T19:31:28.998+0000] {logging_mixin.py:137} INFO - [2022-12-28T19:31:28.998+0000] {dagbag.py:538} INFO - Filling up the DagBag from /opt/airflow/dags/forex_data_pipeline.py
[2022-12-28T19:31:29.274+0000] {processor.py:753} INFO - DAG(s) dict_keys(['forex_data_pipeline']) retrieved from /opt/airflow/dags/forex_data_pipeline.py
[2022-12-28T19:31:29.297+0000] {logging_mixin.py:137} INFO - [2022-12-28T19:31:29.297+0000] {dag.py:2676} INFO - Sync 1 DAGs
[2022-12-28T19:31:29.322+0000] {logging_mixin.py:137} INFO - [2022-12-28T19:31:29.322+0000] {dag.py:3427} INFO - Setting next_dagrun for forex_data_pipeline to 2022-12-28T00:00:00+00:00, run_after=2022-12-29T00:00:00+00:00
[2022-12-28T19:31:29.345+0000] {processor.py:175} INFO - Processing /opt/airflow/dags/forex_data_pipeline.py took 0.353 seconds
[2022-12-28T19:32:00.158+0000] {processor.py:153} INFO - Started process (PID=1449) to work on /opt/airflow/dags/forex_data_pipeline.py
[2022-12-28T19:32:00.162+0000] {processor.py:743} INFO - Processing file /opt/airflow/dags/forex_data_pipeline.py for tasks to queue
[2022-12-28T19:32:00.164+0000] {logging_mixin.py:137} INFO - [2022-12-28T19:32:00.164+0000] {dagbag.py:538} INFO - Filling up the DagBag from /opt/airflow/dags/forex_data_pipeline.py
[2022-12-28T19:32:00.491+0000] {processor.py:753} INFO - DAG(s) dict_keys(['forex_data_pipeline']) retrieved from /opt/airflow/dags/forex_data_pipeline.py
[2022-12-28T19:32:00.511+0000] {logging_mixin.py:137} INFO - [2022-12-28T19:32:00.511+0000] {dag.py:2676} INFO - Sync 1 DAGs
[2022-12-28T19:32:00.534+0000] {logging_mixin.py:137} INFO - [2022-12-28T19:32:00.533+0000] {dag.py:3427} INFO - Setting next_dagrun for forex_data_pipeline to 2022-12-28T00:00:00+00:00, run_after=2022-12-29T00:00:00+00:00
[2022-12-28T19:32:00.554+0000] {processor.py:175} INFO - Processing /opt/airflow/dags/forex_data_pipeline.py took 0.399 seconds
[2022-12-28T19:32:31.502+0000] {processor.py:153} INFO - Started process (PID=1513) to work on /opt/airflow/dags/forex_data_pipeline.py
[2022-12-28T19:32:31.504+0000] {processor.py:743} INFO - Processing file /opt/airflow/dags/forex_data_pipeline.py for tasks to queue
[2022-12-28T19:32:31.505+0000] {logging_mixin.py:137} INFO - [2022-12-28T19:32:31.505+0000] {dagbag.py:538} INFO - Filling up the DagBag from /opt/airflow/dags/forex_data_pipeline.py
[2022-12-28T19:32:31.764+0000] {processor.py:753} INFO - DAG(s) dict_keys(['forex_data_pipeline']) retrieved from /opt/airflow/dags/forex_data_pipeline.py
[2022-12-28T19:32:31.787+0000] {logging_mixin.py:137} INFO - [2022-12-28T19:32:31.786+0000] {dag.py:2676} INFO - Sync 1 DAGs
[2022-12-28T19:32:31.815+0000] {logging_mixin.py:137} INFO - [2022-12-28T19:32:31.815+0000] {dag.py:3427} INFO - Setting next_dagrun for forex_data_pipeline to 2022-12-28T00:00:00+00:00, run_after=2022-12-29T00:00:00+00:00
[2022-12-28T19:32:31.835+0000] {processor.py:175} INFO - Processing /opt/airflow/dags/forex_data_pipeline.py took 0.335 seconds
[2022-12-28T19:33:02.710+0000] {processor.py:153} INFO - Started process (PID=1557) to work on /opt/airflow/dags/forex_data_pipeline.py
[2022-12-28T19:33:02.715+0000] {processor.py:743} INFO - Processing file /opt/airflow/dags/forex_data_pipeline.py for tasks to queue
[2022-12-28T19:33:02.717+0000] {logging_mixin.py:137} INFO - [2022-12-28T19:33:02.717+0000] {dagbag.py:538} INFO - Filling up the DagBag from /opt/airflow/dags/forex_data_pipeline.py
[2022-12-28T19:33:03.057+0000] {processor.py:753} INFO - DAG(s) dict_keys(['forex_data_pipeline']) retrieved from /opt/airflow/dags/forex_data_pipeline.py
[2022-12-28T19:33:03.083+0000] {logging_mixin.py:137} INFO - [2022-12-28T19:33:03.083+0000] {dag.py:2676} INFO - Sync 1 DAGs
[2022-12-28T19:33:03.107+0000] {logging_mixin.py:137} INFO - [2022-12-28T19:33:03.107+0000] {dag.py:3427} INFO - Setting next_dagrun for forex_data_pipeline to 2022-12-28T00:00:00+00:00, run_after=2022-12-29T00:00:00+00:00
[2022-12-28T19:33:03.131+0000] {processor.py:175} INFO - Processing /opt/airflow/dags/forex_data_pipeline.py took 0.423 seconds
[2022-12-28T19:33:33.555+0000] {processor.py:153} INFO - Started process (PID=1621) to work on /opt/airflow/dags/forex_data_pipeline.py
[2022-12-28T19:33:33.560+0000] {processor.py:743} INFO - Processing file /opt/airflow/dags/forex_data_pipeline.py for tasks to queue
[2022-12-28T19:33:33.563+0000] {logging_mixin.py:137} INFO - [2022-12-28T19:33:33.563+0000] {dagbag.py:538} INFO - Filling up the DagBag from /opt/airflow/dags/forex_data_pipeline.py
[2022-12-28T19:33:34.117+0000] {processor.py:753} INFO - DAG(s) dict_keys(['forex_data_pipeline']) retrieved from /opt/airflow/dags/forex_data_pipeline.py
[2022-12-28T19:33:34.143+0000] {logging_mixin.py:137} INFO - [2022-12-28T19:33:34.143+0000] {dag.py:2676} INFO - Sync 1 DAGs
[2022-12-28T19:33:34.177+0000] {logging_mixin.py:137} INFO - [2022-12-28T19:33:34.177+0000] {dag.py:3427} INFO - Setting next_dagrun for forex_data_pipeline to 2022-12-28T00:00:00+00:00, run_after=2022-12-29T00:00:00+00:00
[2022-12-28T19:33:34.217+0000] {processor.py:175} INFO - Processing /opt/airflow/dags/forex_data_pipeline.py took 0.664 seconds
[2022-12-28T19:34:04.414+0000] {processor.py:153} INFO - Started process (PID=1665) to work on /opt/airflow/dags/forex_data_pipeline.py
[2022-12-28T19:34:04.417+0000] {processor.py:743} INFO - Processing file /opt/airflow/dags/forex_data_pipeline.py for tasks to queue
[2022-12-28T19:34:04.418+0000] {logging_mixin.py:137} INFO - [2022-12-28T19:34:04.418+0000] {dagbag.py:538} INFO - Filling up the DagBag from /opt/airflow/dags/forex_data_pipeline.py
[2022-12-28T19:34:04.823+0000] {processor.py:753} INFO - DAG(s) dict_keys(['forex_data_pipeline']) retrieved from /opt/airflow/dags/forex_data_pipeline.py
[2022-12-28T19:34:04.848+0000] {logging_mixin.py:137} INFO - [2022-12-28T19:34:04.848+0000] {dag.py:2676} INFO - Sync 1 DAGs
[2022-12-28T19:34:04.876+0000] {logging_mixin.py:137} INFO - [2022-12-28T19:34:04.876+0000] {dag.py:3427} INFO - Setting next_dagrun for forex_data_pipeline to 2022-12-28T00:00:00+00:00, run_after=2022-12-29T00:00:00+00:00
[2022-12-28T19:34:04.899+0000] {processor.py:175} INFO - Processing /opt/airflow/dags/forex_data_pipeline.py took 0.487 seconds
[2022-12-28T19:34:35.537+0000] {processor.py:153} INFO - Started process (PID=1730) to work on /opt/airflow/dags/forex_data_pipeline.py
[2022-12-28T19:34:35.541+0000] {processor.py:743} INFO - Processing file /opt/airflow/dags/forex_data_pipeline.py for tasks to queue
[2022-12-28T19:34:35.543+0000] {logging_mixin.py:137} INFO - [2022-12-28T19:34:35.543+0000] {dagbag.py:538} INFO - Filling up the DagBag from /opt/airflow/dags/forex_data_pipeline.py
[2022-12-28T19:34:35.988+0000] {processor.py:753} INFO - DAG(s) dict_keys(['forex_data_pipeline']) retrieved from /opt/airflow/dags/forex_data_pipeline.py
[2022-12-28T19:34:36.011+0000] {logging_mixin.py:137} INFO - [2022-12-28T19:34:36.010+0000] {dag.py:2676} INFO - Sync 1 DAGs
[2022-12-28T19:34:36.050+0000] {logging_mixin.py:137} INFO - [2022-12-28T19:34:36.050+0000] {dag.py:3427} INFO - Setting next_dagrun for forex_data_pipeline to 2022-12-28T00:00:00+00:00, run_after=2022-12-29T00:00:00+00:00
[2022-12-28T19:34:36.094+0000] {processor.py:175} INFO - Processing /opt/airflow/dags/forex_data_pipeline.py took 0.560 seconds
[2022-12-28T19:35:06.475+0000] {processor.py:153} INFO - Started process (PID=1773) to work on /opt/airflow/dags/forex_data_pipeline.py
[2022-12-28T19:35:06.478+0000] {processor.py:743} INFO - Processing file /opt/airflow/dags/forex_data_pipeline.py for tasks to queue
[2022-12-28T19:35:06.479+0000] {logging_mixin.py:137} INFO - [2022-12-28T19:35:06.479+0000] {dagbag.py:538} INFO - Filling up the DagBag from /opt/airflow/dags/forex_data_pipeline.py
[2022-12-28T19:35:06.797+0000] {processor.py:753} INFO - DAG(s) dict_keys(['forex_data_pipeline']) retrieved from /opt/airflow/dags/forex_data_pipeline.py
[2022-12-28T19:35:06.824+0000] {logging_mixin.py:137} INFO - [2022-12-28T19:35:06.824+0000] {dag.py:2676} INFO - Sync 1 DAGs
[2022-12-28T19:35:06.849+0000] {logging_mixin.py:137} INFO - [2022-12-28T19:35:06.849+0000] {dag.py:3427} INFO - Setting next_dagrun for forex_data_pipeline to 2022-12-28T00:00:00+00:00, run_after=2022-12-29T00:00:00+00:00
[2022-12-28T19:35:06.885+0000] {processor.py:175} INFO - Processing /opt/airflow/dags/forex_data_pipeline.py took 0.413 seconds
[2022-12-28T19:35:37.301+0000] {processor.py:153} INFO - Started process (PID=1835) to work on /opt/airflow/dags/forex_data_pipeline.py
[2022-12-28T19:35:37.304+0000] {processor.py:743} INFO - Processing file /opt/airflow/dags/forex_data_pipeline.py for tasks to queue
[2022-12-28T19:35:37.306+0000] {logging_mixin.py:137} INFO - [2022-12-28T19:35:37.306+0000] {dagbag.py:538} INFO - Filling up the DagBag from /opt/airflow/dags/forex_data_pipeline.py
[2022-12-28T19:35:37.584+0000] {processor.py:753} INFO - DAG(s) dict_keys(['forex_data_pipeline']) retrieved from /opt/airflow/dags/forex_data_pipeline.py
[2022-12-28T19:35:37.622+0000] {logging_mixin.py:137} INFO - [2022-12-28T19:35:37.621+0000] {dag.py:2676} INFO - Sync 1 DAGs
[2022-12-28T19:35:37.648+0000] {logging_mixin.py:137} INFO - [2022-12-28T19:35:37.648+0000] {dag.py:3427} INFO - Setting next_dagrun for forex_data_pipeline to 2022-12-28T00:00:00+00:00, run_after=2022-12-29T00:00:00+00:00
[2022-12-28T19:35:37.671+0000] {processor.py:175} INFO - Processing /opt/airflow/dags/forex_data_pipeline.py took 0.372 seconds
[2022-12-28T19:36:08.335+0000] {processor.py:153} INFO - Started process (PID=1879) to work on /opt/airflow/dags/forex_data_pipeline.py
[2022-12-28T19:36:08.339+0000] {processor.py:743} INFO - Processing file /opt/airflow/dags/forex_data_pipeline.py for tasks to queue
[2022-12-28T19:36:08.340+0000] {logging_mixin.py:137} INFO - [2022-12-28T19:36:08.340+0000] {dagbag.py:538} INFO - Filling up the DagBag from /opt/airflow/dags/forex_data_pipeline.py
[2022-12-28T19:36:09.021+0000] {processor.py:753} INFO - DAG(s) dict_keys(['forex_data_pipeline']) retrieved from /opt/airflow/dags/forex_data_pipeline.py
[2022-12-28T19:36:09.118+0000] {logging_mixin.py:137} INFO - [2022-12-28T19:36:09.117+0000] {dag.py:2676} INFO - Sync 1 DAGs
[2022-12-28T19:36:09.148+0000] {logging_mixin.py:137} INFO - [2022-12-28T19:36:09.148+0000] {dag.py:3427} INFO - Setting next_dagrun for forex_data_pipeline to 2022-12-28T00:00:00+00:00, run_after=2022-12-29T00:00:00+00:00
[2022-12-28T19:36:09.199+0000] {processor.py:175} INFO - Processing /opt/airflow/dags/forex_data_pipeline.py took 0.867 seconds
[2022-12-28T19:36:39.866+0000] {processor.py:153} INFO - Started process (PID=1943) to work on /opt/airflow/dags/forex_data_pipeline.py
[2022-12-28T19:36:39.868+0000] {processor.py:743} INFO - Processing file /opt/airflow/dags/forex_data_pipeline.py for tasks to queue
[2022-12-28T19:36:39.869+0000] {logging_mixin.py:137} INFO - [2022-12-28T19:36:39.869+0000] {dagbag.py:538} INFO - Filling up the DagBag from /opt/airflow/dags/forex_data_pipeline.py
[2022-12-28T19:36:40.189+0000] {processor.py:753} INFO - DAG(s) dict_keys(['forex_data_pipeline']) retrieved from /opt/airflow/dags/forex_data_pipeline.py
[2022-12-28T19:36:40.212+0000] {logging_mixin.py:137} INFO - [2022-12-28T19:36:40.212+0000] {dag.py:2676} INFO - Sync 1 DAGs
[2022-12-28T19:36:40.235+0000] {logging_mixin.py:137} INFO - [2022-12-28T19:36:40.235+0000] {dag.py:3427} INFO - Setting next_dagrun for forex_data_pipeline to 2022-12-28T00:00:00+00:00, run_after=2022-12-29T00:00:00+00:00
[2022-12-28T19:36:40.257+0000] {processor.py:175} INFO - Processing /opt/airflow/dags/forex_data_pipeline.py took 0.394 seconds
[2022-12-28T19:37:10.403+0000] {processor.py:153} INFO - Started process (PID=1988) to work on /opt/airflow/dags/forex_data_pipeline.py
[2022-12-28T19:37:10.407+0000] {processor.py:743} INFO - Processing file /opt/airflow/dags/forex_data_pipeline.py for tasks to queue
[2022-12-28T19:37:10.408+0000] {logging_mixin.py:137} INFO - [2022-12-28T19:37:10.408+0000] {dagbag.py:538} INFO - Filling up the DagBag from /opt/airflow/dags/forex_data_pipeline.py
[2022-12-28T19:37:10.695+0000] {processor.py:753} INFO - DAG(s) dict_keys(['forex_data_pipeline']) retrieved from /opt/airflow/dags/forex_data_pipeline.py
[2022-12-28T19:37:10.722+0000] {logging_mixin.py:137} INFO - [2022-12-28T19:37:10.721+0000] {dag.py:2676} INFO - Sync 1 DAGs
[2022-12-28T19:37:10.752+0000] {logging_mixin.py:137} INFO - [2022-12-28T19:37:10.752+0000] {dag.py:3427} INFO - Setting next_dagrun for forex_data_pipeline to 2022-12-28T00:00:00+00:00, run_after=2022-12-29T00:00:00+00:00
[2022-12-28T19:37:10.779+0000] {processor.py:175} INFO - Processing /opt/airflow/dags/forex_data_pipeline.py took 0.378 seconds
[2022-12-28T19:37:41.237+0000] {processor.py:153} INFO - Started process (PID=2052) to work on /opt/airflow/dags/forex_data_pipeline.py
[2022-12-28T19:37:41.240+0000] {processor.py:743} INFO - Processing file /opt/airflow/dags/forex_data_pipeline.py for tasks to queue
[2022-12-28T19:37:41.241+0000] {logging_mixin.py:137} INFO - [2022-12-28T19:37:41.241+0000] {dagbag.py:538} INFO - Filling up the DagBag from /opt/airflow/dags/forex_data_pipeline.py
[2022-12-28T19:37:41.518+0000] {processor.py:753} INFO - DAG(s) dict_keys(['forex_data_pipeline']) retrieved from /opt/airflow/dags/forex_data_pipeline.py
[2022-12-28T19:37:41.541+0000] {logging_mixin.py:137} INFO - [2022-12-28T19:37:41.540+0000] {dag.py:2676} INFO - Sync 1 DAGs
[2022-12-28T19:37:41.565+0000] {logging_mixin.py:137} INFO - [2022-12-28T19:37:41.565+0000] {dag.py:3427} INFO - Setting next_dagrun for forex_data_pipeline to 2022-12-28T00:00:00+00:00, run_after=2022-12-29T00:00:00+00:00
[2022-12-28T19:37:41.584+0000] {processor.py:175} INFO - Processing /opt/airflow/dags/forex_data_pipeline.py took 0.350 seconds
[2022-12-28T19:38:11.970+0000] {processor.py:153} INFO - Started process (PID=2097) to work on /opt/airflow/dags/forex_data_pipeline.py
[2022-12-28T19:38:11.972+0000] {processor.py:743} INFO - Processing file /opt/airflow/dags/forex_data_pipeline.py for tasks to queue
[2022-12-28T19:38:11.973+0000] {logging_mixin.py:137} INFO - [2022-12-28T19:38:11.973+0000] {dagbag.py:538} INFO - Filling up the DagBag from /opt/airflow/dags/forex_data_pipeline.py
[2022-12-28T19:38:12.219+0000] {processor.py:753} INFO - DAG(s) dict_keys(['forex_data_pipeline']) retrieved from /opt/airflow/dags/forex_data_pipeline.py
[2022-12-28T19:38:12.239+0000] {logging_mixin.py:137} INFO - [2022-12-28T19:38:12.238+0000] {dag.py:2676} INFO - Sync 1 DAGs
[2022-12-28T19:38:12.259+0000] {logging_mixin.py:137} INFO - [2022-12-28T19:38:12.259+0000] {dag.py:3427} INFO - Setting next_dagrun for forex_data_pipeline to 2022-12-28T00:00:00+00:00, run_after=2022-12-29T00:00:00+00:00
[2022-12-28T19:38:12.278+0000] {processor.py:175} INFO - Processing /opt/airflow/dags/forex_data_pipeline.py took 0.310 seconds
[2022-12-28T19:38:43.193+0000] {processor.py:153} INFO - Started process (PID=2161) to work on /opt/airflow/dags/forex_data_pipeline.py
[2022-12-28T19:38:43.198+0000] {processor.py:743} INFO - Processing file /opt/airflow/dags/forex_data_pipeline.py for tasks to queue
[2022-12-28T19:38:43.200+0000] {logging_mixin.py:137} INFO - [2022-12-28T19:38:43.200+0000] {dagbag.py:538} INFO - Filling up the DagBag from /opt/airflow/dags/forex_data_pipeline.py
[2022-12-28T19:38:43.575+0000] {processor.py:753} INFO - DAG(s) dict_keys(['forex_data_pipeline']) retrieved from /opt/airflow/dags/forex_data_pipeline.py
[2022-12-28T19:38:43.598+0000] {logging_mixin.py:137} INFO - [2022-12-28T19:38:43.598+0000] {dag.py:2676} INFO - Sync 1 DAGs
[2022-12-28T19:38:43.621+0000] {logging_mixin.py:137} INFO - [2022-12-28T19:38:43.621+0000] {dag.py:3427} INFO - Setting next_dagrun for forex_data_pipeline to 2022-12-28T00:00:00+00:00, run_after=2022-12-29T00:00:00+00:00
[2022-12-28T19:38:43.651+0000] {processor.py:175} INFO - Processing /opt/airflow/dags/forex_data_pipeline.py took 0.460 seconds
[2022-12-28T19:39:13.835+0000] {processor.py:153} INFO - Started process (PID=2205) to work on /opt/airflow/dags/forex_data_pipeline.py
[2022-12-28T19:39:13.838+0000] {processor.py:743} INFO - Processing file /opt/airflow/dags/forex_data_pipeline.py for tasks to queue
[2022-12-28T19:39:13.839+0000] {logging_mixin.py:137} INFO - [2022-12-28T19:39:13.839+0000] {dagbag.py:538} INFO - Filling up the DagBag from /opt/airflow/dags/forex_data_pipeline.py
[2022-12-28T19:39:14.110+0000] {processor.py:753} INFO - DAG(s) dict_keys(['forex_data_pipeline']) retrieved from /opt/airflow/dags/forex_data_pipeline.py
[2022-12-28T19:39:14.133+0000] {logging_mixin.py:137} INFO - [2022-12-28T19:39:14.133+0000] {dag.py:2676} INFO - Sync 1 DAGs
[2022-12-28T19:39:14.158+0000] {logging_mixin.py:137} INFO - [2022-12-28T19:39:14.157+0000] {dag.py:3427} INFO - Setting next_dagrun for forex_data_pipeline to 2022-12-28T00:00:00+00:00, run_after=2022-12-29T00:00:00+00:00
[2022-12-28T19:39:14.178+0000] {processor.py:175} INFO - Processing /opt/airflow/dags/forex_data_pipeline.py took 0.345 seconds
[2022-12-28T19:39:44.387+0000] {processor.py:153} INFO - Started process (PID=2269) to work on /opt/airflow/dags/forex_data_pipeline.py
[2022-12-28T19:39:44.389+0000] {processor.py:743} INFO - Processing file /opt/airflow/dags/forex_data_pipeline.py for tasks to queue
[2022-12-28T19:39:44.390+0000] {logging_mixin.py:137} INFO - [2022-12-28T19:39:44.390+0000] {dagbag.py:538} INFO - Filling up the DagBag from /opt/airflow/dags/forex_data_pipeline.py
[2022-12-28T19:39:44.809+0000] {processor.py:753} INFO - DAG(s) dict_keys(['forex_data_pipeline']) retrieved from /opt/airflow/dags/forex_data_pipeline.py
[2022-12-28T19:39:44.831+0000] {logging_mixin.py:137} INFO - [2022-12-28T19:39:44.830+0000] {dag.py:2676} INFO - Sync 1 DAGs
[2022-12-28T19:39:44.856+0000] {logging_mixin.py:137} INFO - [2022-12-28T19:39:44.856+0000] {dag.py:3427} INFO - Setting next_dagrun for forex_data_pipeline to 2022-12-28T00:00:00+00:00, run_after=2022-12-29T00:00:00+00:00
[2022-12-28T19:39:44.880+0000] {processor.py:175} INFO - Processing /opt/airflow/dags/forex_data_pipeline.py took 0.495 seconds
[2022-12-28T19:40:14.938+0000] {processor.py:153} INFO - Started process (PID=2313) to work on /opt/airflow/dags/forex_data_pipeline.py
[2022-12-28T19:40:14.942+0000] {processor.py:743} INFO - Processing file /opt/airflow/dags/forex_data_pipeline.py for tasks to queue
[2022-12-28T19:40:14.943+0000] {logging_mixin.py:137} INFO - [2022-12-28T19:40:14.943+0000] {dagbag.py:538} INFO - Filling up the DagBag from /opt/airflow/dags/forex_data_pipeline.py
[2022-12-28T19:40:15.237+0000] {processor.py:753} INFO - DAG(s) dict_keys(['forex_data_pipeline']) retrieved from /opt/airflow/dags/forex_data_pipeline.py
[2022-12-28T19:40:15.264+0000] {logging_mixin.py:137} INFO - [2022-12-28T19:40:15.263+0000] {dag.py:2676} INFO - Sync 1 DAGs
[2022-12-28T19:40:15.290+0000] {logging_mixin.py:137} INFO - [2022-12-28T19:40:15.289+0000] {dag.py:3427} INFO - Setting next_dagrun for forex_data_pipeline to 2022-12-28T00:00:00+00:00, run_after=2022-12-29T00:00:00+00:00
[2022-12-28T19:40:15.316+0000] {processor.py:175} INFO - Processing /opt/airflow/dags/forex_data_pipeline.py took 0.381 seconds
[2022-12-28T19:40:45.665+0000] {processor.py:153} INFO - Started process (PID=2377) to work on /opt/airflow/dags/forex_data_pipeline.py
[2022-12-28T19:40:45.669+0000] {processor.py:743} INFO - Processing file /opt/airflow/dags/forex_data_pipeline.py for tasks to queue
[2022-12-28T19:40:45.671+0000] {logging_mixin.py:137} INFO - [2022-12-28T19:40:45.671+0000] {dagbag.py:538} INFO - Filling up the DagBag from /opt/airflow/dags/forex_data_pipeline.py
[2022-12-28T19:40:45.960+0000] {processor.py:753} INFO - DAG(s) dict_keys(['forex_data_pipeline']) retrieved from /opt/airflow/dags/forex_data_pipeline.py
[2022-12-28T19:40:45.987+0000] {logging_mixin.py:137} INFO - [2022-12-28T19:40:45.987+0000] {dag.py:2676} INFO - Sync 1 DAGs
[2022-12-28T19:40:46.012+0000] {logging_mixin.py:137} INFO - [2022-12-28T19:40:46.012+0000] {dag.py:3427} INFO - Setting next_dagrun for forex_data_pipeline to 2022-12-28T00:00:00+00:00, run_after=2022-12-29T00:00:00+00:00
[2022-12-28T19:40:46.038+0000] {processor.py:175} INFO - Processing /opt/airflow/dags/forex_data_pipeline.py took 0.376 seconds
[2022-12-28T19:41:16.384+0000] {processor.py:153} INFO - Started process (PID=2420) to work on /opt/airflow/dags/forex_data_pipeline.py
[2022-12-28T19:41:16.388+0000] {processor.py:743} INFO - Processing file /opt/airflow/dags/forex_data_pipeline.py for tasks to queue
[2022-12-28T19:41:16.389+0000] {logging_mixin.py:137} INFO - [2022-12-28T19:41:16.389+0000] {dagbag.py:538} INFO - Filling up the DagBag from /opt/airflow/dags/forex_data_pipeline.py
[2022-12-28T19:41:16.692+0000] {processor.py:753} INFO - DAG(s) dict_keys(['forex_data_pipeline']) retrieved from /opt/airflow/dags/forex_data_pipeline.py
[2022-12-28T19:41:16.720+0000] {logging_mixin.py:137} INFO - [2022-12-28T19:41:16.720+0000] {dag.py:2676} INFO - Sync 1 DAGs
[2022-12-28T19:41:16.753+0000] {logging_mixin.py:137} INFO - [2022-12-28T19:41:16.752+0000] {dag.py:3427} INFO - Setting next_dagrun for forex_data_pipeline to 2022-12-28T00:00:00+00:00, run_after=2022-12-29T00:00:00+00:00
[2022-12-28T19:41:16.780+0000] {processor.py:175} INFO - Processing /opt/airflow/dags/forex_data_pipeline.py took 0.398 seconds
[2022-12-28T19:41:47.016+0000] {processor.py:153} INFO - Started process (PID=2484) to work on /opt/airflow/dags/forex_data_pipeline.py
[2022-12-28T19:41:47.021+0000] {processor.py:743} INFO - Processing file /opt/airflow/dags/forex_data_pipeline.py for tasks to queue
[2022-12-28T19:41:47.022+0000] {logging_mixin.py:137} INFO - [2022-12-28T19:41:47.022+0000] {dagbag.py:538} INFO - Filling up the DagBag from /opt/airflow/dags/forex_data_pipeline.py
[2022-12-28T19:41:47.327+0000] {processor.py:753} INFO - DAG(s) dict_keys(['forex_data_pipeline']) retrieved from /opt/airflow/dags/forex_data_pipeline.py
[2022-12-28T19:41:47.349+0000] {logging_mixin.py:137} INFO - [2022-12-28T19:41:47.349+0000] {dag.py:2676} INFO - Sync 1 DAGs
[2022-12-28T19:41:47.371+0000] {logging_mixin.py:137} INFO - [2022-12-28T19:41:47.370+0000] {dag.py:3427} INFO - Setting next_dagrun for forex_data_pipeline to 2022-12-28T00:00:00+00:00, run_after=2022-12-29T00:00:00+00:00
[2022-12-28T19:41:47.391+0000] {processor.py:175} INFO - Processing /opt/airflow/dags/forex_data_pipeline.py took 0.378 seconds
[2022-12-28T19:42:17.925+0000] {processor.py:153} INFO - Started process (PID=2528) to work on /opt/airflow/dags/forex_data_pipeline.py
[2022-12-28T19:42:17.929+0000] {processor.py:743} INFO - Processing file /opt/airflow/dags/forex_data_pipeline.py for tasks to queue
[2022-12-28T19:42:17.930+0000] {logging_mixin.py:137} INFO - [2022-12-28T19:42:17.930+0000] {dagbag.py:538} INFO - Filling up the DagBag from /opt/airflow/dags/forex_data_pipeline.py
[2022-12-28T19:42:18.206+0000] {processor.py:753} INFO - DAG(s) dict_keys(['forex_data_pipeline']) retrieved from /opt/airflow/dags/forex_data_pipeline.py
[2022-12-28T19:42:18.228+0000] {logging_mixin.py:137} INFO - [2022-12-28T19:42:18.228+0000] {dag.py:2676} INFO - Sync 1 DAGs
[2022-12-28T19:42:18.250+0000] {logging_mixin.py:137} INFO - [2022-12-28T19:42:18.250+0000] {dag.py:3427} INFO - Setting next_dagrun for forex_data_pipeline to 2022-12-28T00:00:00+00:00, run_after=2022-12-29T00:00:00+00:00
[2022-12-28T19:42:18.285+0000] {processor.py:175} INFO - Processing /opt/airflow/dags/forex_data_pipeline.py took 0.362 seconds
[2022-12-28T19:42:48.429+0000] {processor.py:153} INFO - Started process (PID=2592) to work on /opt/airflow/dags/forex_data_pipeline.py
[2022-12-28T19:42:48.434+0000] {processor.py:743} INFO - Processing file /opt/airflow/dags/forex_data_pipeline.py for tasks to queue
[2022-12-28T19:42:48.435+0000] {logging_mixin.py:137} INFO - [2022-12-28T19:42:48.435+0000] {dagbag.py:538} INFO - Filling up the DagBag from /opt/airflow/dags/forex_data_pipeline.py
[2022-12-28T19:42:48.714+0000] {processor.py:753} INFO - DAG(s) dict_keys(['forex_data_pipeline']) retrieved from /opt/airflow/dags/forex_data_pipeline.py
[2022-12-28T19:42:48.736+0000] {logging_mixin.py:137} INFO - [2022-12-28T19:42:48.735+0000] {dag.py:2676} INFO - Sync 1 DAGs
[2022-12-28T19:42:48.759+0000] {logging_mixin.py:137} INFO - [2022-12-28T19:42:48.759+0000] {dag.py:3427} INFO - Setting next_dagrun for forex_data_pipeline to 2022-12-28T00:00:00+00:00, run_after=2022-12-29T00:00:00+00:00
[2022-12-28T19:42:48.782+0000] {processor.py:175} INFO - Processing /opt/airflow/dags/forex_data_pipeline.py took 0.355 seconds
[2022-12-28T19:43:19.522+0000] {processor.py:153} INFO - Started process (PID=2637) to work on /opt/airflow/dags/forex_data_pipeline.py
[2022-12-28T19:43:19.524+0000] {processor.py:743} INFO - Processing file /opt/airflow/dags/forex_data_pipeline.py for tasks to queue
[2022-12-28T19:43:19.525+0000] {logging_mixin.py:137} INFO - [2022-12-28T19:43:19.525+0000] {dagbag.py:538} INFO - Filling up the DagBag from /opt/airflow/dags/forex_data_pipeline.py
[2022-12-28T19:43:19.833+0000] {processor.py:753} INFO - DAG(s) dict_keys(['forex_data_pipeline']) retrieved from /opt/airflow/dags/forex_data_pipeline.py
[2022-12-28T19:43:19.862+0000] {logging_mixin.py:137} INFO - [2022-12-28T19:43:19.862+0000] {dag.py:2676} INFO - Sync 1 DAGs
[2022-12-28T19:43:19.886+0000] {logging_mixin.py:137} INFO - [2022-12-28T19:43:19.886+0000] {dag.py:3427} INFO - Setting next_dagrun for forex_data_pipeline to 2022-12-28T00:00:00+00:00, run_after=2022-12-29T00:00:00+00:00
[2022-12-28T19:43:19.910+0000] {processor.py:175} INFO - Processing /opt/airflow/dags/forex_data_pipeline.py took 0.392 seconds
[2022-12-28T19:43:50.134+0000] {processor.py:153} INFO - Started process (PID=2701) to work on /opt/airflow/dags/forex_data_pipeline.py
[2022-12-28T19:43:50.137+0000] {processor.py:743} INFO - Processing file /opt/airflow/dags/forex_data_pipeline.py for tasks to queue
[2022-12-28T19:43:50.138+0000] {logging_mixin.py:137} INFO - [2022-12-28T19:43:50.138+0000] {dagbag.py:538} INFO - Filling up the DagBag from /opt/airflow/dags/forex_data_pipeline.py
[2022-12-28T19:43:50.396+0000] {processor.py:753} INFO - DAG(s) dict_keys(['forex_data_pipeline']) retrieved from /opt/airflow/dags/forex_data_pipeline.py
[2022-12-28T19:43:50.418+0000] {logging_mixin.py:137} INFO - [2022-12-28T19:43:50.418+0000] {dag.py:2676} INFO - Sync 1 DAGs
[2022-12-28T19:43:50.440+0000] {logging_mixin.py:137} INFO - [2022-12-28T19:43:50.440+0000] {dag.py:3427} INFO - Setting next_dagrun for forex_data_pipeline to 2022-12-28T00:00:00+00:00, run_after=2022-12-29T00:00:00+00:00
[2022-12-28T19:43:50.460+0000] {processor.py:175} INFO - Processing /opt/airflow/dags/forex_data_pipeline.py took 0.328 seconds
[2022-12-28T19:44:20.907+0000] {processor.py:153} INFO - Started process (PID=2745) to work on /opt/airflow/dags/forex_data_pipeline.py
[2022-12-28T19:44:20.910+0000] {processor.py:743} INFO - Processing file /opt/airflow/dags/forex_data_pipeline.py for tasks to queue
[2022-12-28T19:44:20.911+0000] {logging_mixin.py:137} INFO - [2022-12-28T19:44:20.911+0000] {dagbag.py:538} INFO - Filling up the DagBag from /opt/airflow/dags/forex_data_pipeline.py
[2022-12-28T19:44:21.176+0000] {processor.py:753} INFO - DAG(s) dict_keys(['forex_data_pipeline']) retrieved from /opt/airflow/dags/forex_data_pipeline.py
[2022-12-28T19:44:21.198+0000] {logging_mixin.py:137} INFO - [2022-12-28T19:44:21.198+0000] {dag.py:2676} INFO - Sync 1 DAGs
[2022-12-28T19:44:21.219+0000] {logging_mixin.py:137} INFO - [2022-12-28T19:44:21.219+0000] {dag.py:3427} INFO - Setting next_dagrun for forex_data_pipeline to 2022-12-28T00:00:00+00:00, run_after=2022-12-29T00:00:00+00:00
[2022-12-28T19:44:21.240+0000] {processor.py:175} INFO - Processing /opt/airflow/dags/forex_data_pipeline.py took 0.335 seconds
[2022-12-28T19:44:51.725+0000] {processor.py:153} INFO - Started process (PID=2809) to work on /opt/airflow/dags/forex_data_pipeline.py
[2022-12-28T19:44:51.728+0000] {processor.py:743} INFO - Processing file /opt/airflow/dags/forex_data_pipeline.py for tasks to queue
[2022-12-28T19:44:51.729+0000] {logging_mixin.py:137} INFO - [2022-12-28T19:44:51.729+0000] {dagbag.py:538} INFO - Filling up the DagBag from /opt/airflow/dags/forex_data_pipeline.py
[2022-12-28T19:44:51.997+0000] {processor.py:753} INFO - DAG(s) dict_keys(['forex_data_pipeline']) retrieved from /opt/airflow/dags/forex_data_pipeline.py
[2022-12-28T19:44:52.018+0000] {logging_mixin.py:137} INFO - [2022-12-28T19:44:52.018+0000] {dag.py:2676} INFO - Sync 1 DAGs
[2022-12-28T19:44:52.048+0000] {logging_mixin.py:137} INFO - [2022-12-28T19:44:52.048+0000] {dag.py:3427} INFO - Setting next_dagrun for forex_data_pipeline to 2022-12-28T00:00:00+00:00, run_after=2022-12-29T00:00:00+00:00
[2022-12-28T19:44:52.069+0000] {processor.py:175} INFO - Processing /opt/airflow/dags/forex_data_pipeline.py took 0.346 seconds
[2022-12-28T19:45:22.223+0000] {processor.py:153} INFO - Started process (PID=2862) to work on /opt/airflow/dags/forex_data_pipeline.py
[2022-12-28T19:45:22.228+0000] {processor.py:743} INFO - Processing file /opt/airflow/dags/forex_data_pipeline.py for tasks to queue
[2022-12-28T19:45:22.229+0000] {logging_mixin.py:137} INFO - [2022-12-28T19:45:22.229+0000] {dagbag.py:538} INFO - Filling up the DagBag from /opt/airflow/dags/forex_data_pipeline.py
[2022-12-28T19:45:22.513+0000] {processor.py:753} INFO - DAG(s) dict_keys(['forex_data_pipeline']) retrieved from /opt/airflow/dags/forex_data_pipeline.py
[2022-12-28T19:45:22.576+0000] {logging_mixin.py:137} INFO - [2022-12-28T19:45:22.576+0000] {dag.py:2676} INFO - Sync 1 DAGs
[2022-12-28T19:45:22.618+0000] {logging_mixin.py:137} INFO - [2022-12-28T19:45:22.618+0000] {dag.py:3427} INFO - Setting next_dagrun for forex_data_pipeline to 2022-12-28T00:00:00+00:00, run_after=2022-12-29T00:00:00+00:00
[2022-12-28T19:45:22.639+0000] {processor.py:175} INFO - Processing /opt/airflow/dags/forex_data_pipeline.py took 0.418 seconds
[2022-12-28T19:45:52.996+0000] {processor.py:153} INFO - Started process (PID=2917) to work on /opt/airflow/dags/forex_data_pipeline.py
[2022-12-28T19:45:52.999+0000] {processor.py:743} INFO - Processing file /opt/airflow/dags/forex_data_pipeline.py for tasks to queue
[2022-12-28T19:45:53.000+0000] {logging_mixin.py:137} INFO - [2022-12-28T19:45:53.000+0000] {dagbag.py:538} INFO - Filling up the DagBag from /opt/airflow/dags/forex_data_pipeline.py
[2022-12-28T19:45:53.297+0000] {processor.py:753} INFO - DAG(s) dict_keys(['forex_data_pipeline']) retrieved from /opt/airflow/dags/forex_data_pipeline.py
[2022-12-28T19:45:53.318+0000] {logging_mixin.py:137} INFO - [2022-12-28T19:45:53.318+0000] {dag.py:2676} INFO - Sync 1 DAGs
[2022-12-28T19:45:53.344+0000] {logging_mixin.py:137} INFO - [2022-12-28T19:45:53.344+0000] {dag.py:3427} INFO - Setting next_dagrun for forex_data_pipeline to 2022-12-28T00:00:00+00:00, run_after=2022-12-29T00:00:00+00:00
[2022-12-28T19:45:53.368+0000] {processor.py:175} INFO - Processing /opt/airflow/dags/forex_data_pipeline.py took 0.374 seconds
[2022-12-28T19:46:23.709+0000] {processor.py:153} INFO - Started process (PID=2970) to work on /opt/airflow/dags/forex_data_pipeline.py
[2022-12-28T19:46:23.712+0000] {processor.py:743} INFO - Processing file /opt/airflow/dags/forex_data_pipeline.py for tasks to queue
[2022-12-28T19:46:23.713+0000] {logging_mixin.py:137} INFO - [2022-12-28T19:46:23.713+0000] {dagbag.py:538} INFO - Filling up the DagBag from /opt/airflow/dags/forex_data_pipeline.py
[2022-12-28T19:46:24.106+0000] {processor.py:753} INFO - DAG(s) dict_keys(['forex_data_pipeline']) retrieved from /opt/airflow/dags/forex_data_pipeline.py
[2022-12-28T19:46:24.132+0000] {logging_mixin.py:137} INFO - [2022-12-28T19:46:24.132+0000] {dag.py:2676} INFO - Sync 1 DAGs
[2022-12-28T19:46:24.155+0000] {logging_mixin.py:137} INFO - [2022-12-28T19:46:24.155+0000] {dag.py:3427} INFO - Setting next_dagrun for forex_data_pipeline to 2022-12-28T00:00:00+00:00, run_after=2022-12-29T00:00:00+00:00
[2022-12-28T19:46:24.181+0000] {processor.py:175} INFO - Processing /opt/airflow/dags/forex_data_pipeline.py took 0.474 seconds
[2022-12-28T19:46:54.242+0000] {processor.py:153} INFO - Started process (PID=3025) to work on /opt/airflow/dags/forex_data_pipeline.py
[2022-12-28T19:46:54.245+0000] {processor.py:743} INFO - Processing file /opt/airflow/dags/forex_data_pipeline.py for tasks to queue
[2022-12-28T19:46:54.247+0000] {logging_mixin.py:137} INFO - [2022-12-28T19:46:54.246+0000] {dagbag.py:538} INFO - Filling up the DagBag from /opt/airflow/dags/forex_data_pipeline.py
[2022-12-28T19:46:54.537+0000] {processor.py:753} INFO - DAG(s) dict_keys(['forex_data_pipeline']) retrieved from /opt/airflow/dags/forex_data_pipeline.py
[2022-12-28T19:46:54.569+0000] {logging_mixin.py:137} INFO - [2022-12-28T19:46:54.569+0000] {dag.py:2676} INFO - Sync 1 DAGs
[2022-12-28T19:46:54.601+0000] {logging_mixin.py:137} INFO - [2022-12-28T19:46:54.601+0000] {dag.py:3427} INFO - Setting next_dagrun for forex_data_pipeline to 2022-12-28T00:00:00+00:00, run_after=2022-12-29T00:00:00+00:00
[2022-12-28T19:46:54.627+0000] {processor.py:175} INFO - Processing /opt/airflow/dags/forex_data_pipeline.py took 0.387 seconds
[2022-12-28T19:47:25.035+0000] {processor.py:153} INFO - Started process (PID=3078) to work on /opt/airflow/dags/forex_data_pipeline.py
[2022-12-28T19:47:25.039+0000] {processor.py:743} INFO - Processing file /opt/airflow/dags/forex_data_pipeline.py for tasks to queue
[2022-12-28T19:47:25.041+0000] {logging_mixin.py:137} INFO - [2022-12-28T19:47:25.041+0000] {dagbag.py:538} INFO - Filling up the DagBag from /opt/airflow/dags/forex_data_pipeline.py
[2022-12-28T19:47:25.441+0000] {processor.py:753} INFO - DAG(s) dict_keys(['forex_data_pipeline']) retrieved from /opt/airflow/dags/forex_data_pipeline.py
[2022-12-28T19:47:25.476+0000] {logging_mixin.py:137} INFO - [2022-12-28T19:47:25.475+0000] {dag.py:2676} INFO - Sync 1 DAGs
[2022-12-28T19:47:25.501+0000] {logging_mixin.py:137} INFO - [2022-12-28T19:47:25.501+0000] {dag.py:3427} INFO - Setting next_dagrun for forex_data_pipeline to 2022-12-28T00:00:00+00:00, run_after=2022-12-29T00:00:00+00:00
[2022-12-28T19:47:25.691+0000] {processor.py:175} INFO - Processing /opt/airflow/dags/forex_data_pipeline.py took 0.658 seconds
[2022-12-28T19:47:56.307+0000] {processor.py:153} INFO - Started process (PID=3132) to work on /opt/airflow/dags/forex_data_pipeline.py
[2022-12-28T19:47:56.311+0000] {processor.py:743} INFO - Processing file /opt/airflow/dags/forex_data_pipeline.py for tasks to queue
[2022-12-28T19:47:56.312+0000] {logging_mixin.py:137} INFO - [2022-12-28T19:47:56.312+0000] {dagbag.py:538} INFO - Filling up the DagBag from /opt/airflow/dags/forex_data_pipeline.py
[2022-12-28T19:47:56.624+0000] {processor.py:753} INFO - DAG(s) dict_keys(['forex_data_pipeline']) retrieved from /opt/airflow/dags/forex_data_pipeline.py
[2022-12-28T19:47:56.647+0000] {logging_mixin.py:137} INFO - [2022-12-28T19:47:56.647+0000] {dag.py:2676} INFO - Sync 1 DAGs
[2022-12-28T19:47:56.673+0000] {logging_mixin.py:137} INFO - [2022-12-28T19:47:56.673+0000] {dag.py:3427} INFO - Setting next_dagrun for forex_data_pipeline to 2022-12-28T00:00:00+00:00, run_after=2022-12-29T00:00:00+00:00
[2022-12-28T19:47:56.698+0000] {processor.py:175} INFO - Processing /opt/airflow/dags/forex_data_pipeline.py took 0.394 seconds
[2022-12-28T19:48:27.271+0000] {processor.py:153} INFO - Started process (PID=3197) to work on /opt/airflow/dags/forex_data_pipeline.py
[2022-12-28T19:48:27.273+0000] {processor.py:743} INFO - Processing file /opt/airflow/dags/forex_data_pipeline.py for tasks to queue
[2022-12-28T19:48:27.275+0000] {logging_mixin.py:137} INFO - [2022-12-28T19:48:27.275+0000] {dagbag.py:538} INFO - Filling up the DagBag from /opt/airflow/dags/forex_data_pipeline.py
[2022-12-28T19:48:27.550+0000] {processor.py:753} INFO - DAG(s) dict_keys(['forex_data_pipeline']) retrieved from /opt/airflow/dags/forex_data_pipeline.py
[2022-12-28T19:48:27.576+0000] {logging_mixin.py:137} INFO - [2022-12-28T19:48:27.575+0000] {dag.py:2676} INFO - Sync 1 DAGs
[2022-12-28T19:48:27.601+0000] {logging_mixin.py:137} INFO - [2022-12-28T19:48:27.601+0000] {dag.py:3427} INFO - Setting next_dagrun for forex_data_pipeline to 2022-12-28T00:00:00+00:00, run_after=2022-12-29T00:00:00+00:00
[2022-12-28T19:48:27.623+0000] {processor.py:175} INFO - Processing /opt/airflow/dags/forex_data_pipeline.py took 0.354 seconds
[2022-12-28T19:48:57.933+0000] {processor.py:153} INFO - Started process (PID=3241) to work on /opt/airflow/dags/forex_data_pipeline.py
[2022-12-28T19:48:57.936+0000] {processor.py:743} INFO - Processing file /opt/airflow/dags/forex_data_pipeline.py for tasks to queue
[2022-12-28T19:48:57.937+0000] {logging_mixin.py:137} INFO - [2022-12-28T19:48:57.937+0000] {dagbag.py:538} INFO - Filling up the DagBag from /opt/airflow/dags/forex_data_pipeline.py
[2022-12-28T19:48:58.227+0000] {processor.py:753} INFO - DAG(s) dict_keys(['forex_data_pipeline']) retrieved from /opt/airflow/dags/forex_data_pipeline.py
[2022-12-28T19:48:58.250+0000] {logging_mixin.py:137} INFO - [2022-12-28T19:48:58.250+0000] {dag.py:2676} INFO - Sync 1 DAGs
[2022-12-28T19:48:58.272+0000] {logging_mixin.py:137} INFO - [2022-12-28T19:48:58.272+0000] {dag.py:3427} INFO - Setting next_dagrun for forex_data_pipeline to 2022-12-28T00:00:00+00:00, run_after=2022-12-29T00:00:00+00:00
[2022-12-28T19:48:58.292+0000] {processor.py:175} INFO - Processing /opt/airflow/dags/forex_data_pipeline.py took 0.361 seconds
[2022-12-28T19:49:28.837+0000] {processor.py:153} INFO - Started process (PID=3305) to work on /opt/airflow/dags/forex_data_pipeline.py
[2022-12-28T19:49:28.840+0000] {processor.py:743} INFO - Processing file /opt/airflow/dags/forex_data_pipeline.py for tasks to queue
[2022-12-28T19:49:28.841+0000] {logging_mixin.py:137} INFO - [2022-12-28T19:49:28.840+0000] {dagbag.py:538} INFO - Filling up the DagBag from /opt/airflow/dags/forex_data_pipeline.py
[2022-12-28T19:49:29.209+0000] {processor.py:753} INFO - DAG(s) dict_keys(['forex_data_pipeline']) retrieved from /opt/airflow/dags/forex_data_pipeline.py
[2022-12-28T19:49:29.244+0000] {logging_mixin.py:137} INFO - [2022-12-28T19:49:29.244+0000] {dag.py:2676} INFO - Sync 1 DAGs
[2022-12-28T19:49:29.272+0000] {logging_mixin.py:137} INFO - [2022-12-28T19:49:29.271+0000] {dag.py:3427} INFO - Setting next_dagrun for forex_data_pipeline to 2022-12-28T00:00:00+00:00, run_after=2022-12-29T00:00:00+00:00
[2022-12-28T19:49:29.310+0000] {processor.py:175} INFO - Processing /opt/airflow/dags/forex_data_pipeline.py took 0.477 seconds
[2022-12-28T19:49:59.961+0000] {processor.py:153} INFO - Started process (PID=3349) to work on /opt/airflow/dags/forex_data_pipeline.py
[2022-12-28T19:49:59.965+0000] {processor.py:743} INFO - Processing file /opt/airflow/dags/forex_data_pipeline.py for tasks to queue
[2022-12-28T19:49:59.966+0000] {logging_mixin.py:137} INFO - [2022-12-28T19:49:59.966+0000] {dagbag.py:538} INFO - Filling up the DagBag from /opt/airflow/dags/forex_data_pipeline.py
[2022-12-28T19:50:00.300+0000] {processor.py:753} INFO - DAG(s) dict_keys(['forex_data_pipeline']) retrieved from /opt/airflow/dags/forex_data_pipeline.py
[2022-12-28T19:50:00.327+0000] {logging_mixin.py:137} INFO - [2022-12-28T19:50:00.327+0000] {dag.py:2676} INFO - Sync 1 DAGs
[2022-12-28T19:50:00.355+0000] {logging_mixin.py:137} INFO - [2022-12-28T19:50:00.355+0000] {dag.py:3427} INFO - Setting next_dagrun for forex_data_pipeline to 2022-12-28T00:00:00+00:00, run_after=2022-12-29T00:00:00+00:00
[2022-12-28T19:50:00.382+0000] {processor.py:175} INFO - Processing /opt/airflow/dags/forex_data_pipeline.py took 0.424 seconds
[2022-12-28T19:50:30.788+0000] {processor.py:153} INFO - Started process (PID=3413) to work on /opt/airflow/dags/forex_data_pipeline.py
[2022-12-28T19:50:30.790+0000] {processor.py:743} INFO - Processing file /opt/airflow/dags/forex_data_pipeline.py for tasks to queue
[2022-12-28T19:50:30.791+0000] {logging_mixin.py:137} INFO - [2022-12-28T19:50:30.791+0000] {dagbag.py:538} INFO - Filling up the DagBag from /opt/airflow/dags/forex_data_pipeline.py
[2022-12-28T19:50:31.065+0000] {processor.py:753} INFO - DAG(s) dict_keys(['forex_data_pipeline']) retrieved from /opt/airflow/dags/forex_data_pipeline.py
[2022-12-28T19:50:31.086+0000] {logging_mixin.py:137} INFO - [2022-12-28T19:50:31.086+0000] {dag.py:2676} INFO - Sync 1 DAGs
[2022-12-28T19:50:31.108+0000] {logging_mixin.py:137} INFO - [2022-12-28T19:50:31.108+0000] {dag.py:3427} INFO - Setting next_dagrun for forex_data_pipeline to 2022-12-28T00:00:00+00:00, run_after=2022-12-29T00:00:00+00:00
[2022-12-28T19:50:31.130+0000] {processor.py:175} INFO - Processing /opt/airflow/dags/forex_data_pipeline.py took 0.344 seconds
[2022-12-28T19:51:01.506+0000] {processor.py:153} INFO - Started process (PID=3457) to work on /opt/airflow/dags/forex_data_pipeline.py
[2022-12-28T19:51:01.508+0000] {processor.py:743} INFO - Processing file /opt/airflow/dags/forex_data_pipeline.py for tasks to queue
[2022-12-28T19:51:01.509+0000] {logging_mixin.py:137} INFO - [2022-12-28T19:51:01.509+0000] {dagbag.py:538} INFO - Filling up the DagBag from /opt/airflow/dags/forex_data_pipeline.py
[2022-12-28T19:51:01.810+0000] {processor.py:753} INFO - DAG(s) dict_keys(['forex_data_pipeline']) retrieved from /opt/airflow/dags/forex_data_pipeline.py
[2022-12-28T19:51:01.834+0000] {logging_mixin.py:137} INFO - [2022-12-28T19:51:01.833+0000] {dag.py:2676} INFO - Sync 1 DAGs
[2022-12-28T19:51:01.858+0000] {logging_mixin.py:137} INFO - [2022-12-28T19:51:01.858+0000] {dag.py:3427} INFO - Setting next_dagrun for forex_data_pipeline to 2022-12-28T00:00:00+00:00, run_after=2022-12-29T00:00:00+00:00
[2022-12-28T19:51:01.896+0000] {processor.py:175} INFO - Processing /opt/airflow/dags/forex_data_pipeline.py took 0.392 seconds
[2022-12-28T19:51:32.259+0000] {processor.py:153} INFO - Started process (PID=3522) to work on /opt/airflow/dags/forex_data_pipeline.py
[2022-12-28T19:51:32.263+0000] {processor.py:743} INFO - Processing file /opt/airflow/dags/forex_data_pipeline.py for tasks to queue
[2022-12-28T19:51:32.265+0000] {logging_mixin.py:137} INFO - [2022-12-28T19:51:32.264+0000] {dagbag.py:538} INFO - Filling up the DagBag from /opt/airflow/dags/forex_data_pipeline.py
[2022-12-28T19:51:32.574+0000] {processor.py:753} INFO - DAG(s) dict_keys(['forex_data_pipeline']) retrieved from /opt/airflow/dags/forex_data_pipeline.py
[2022-12-28T19:51:32.604+0000] {logging_mixin.py:137} INFO - [2022-12-28T19:51:32.603+0000] {dag.py:2676} INFO - Sync 1 DAGs
[2022-12-28T19:51:32.633+0000] {logging_mixin.py:137} INFO - [2022-12-28T19:51:32.633+0000] {dag.py:3427} INFO - Setting next_dagrun for forex_data_pipeline to 2022-12-28T00:00:00+00:00, run_after=2022-12-29T00:00:00+00:00
[2022-12-28T19:51:32.653+0000] {processor.py:175} INFO - Processing /opt/airflow/dags/forex_data_pipeline.py took 0.397 seconds
[2022-12-28T19:52:02.961+0000] {processor.py:153} INFO - Started process (PID=3566) to work on /opt/airflow/dags/forex_data_pipeline.py
[2022-12-28T19:52:02.963+0000] {processor.py:743} INFO - Processing file /opt/airflow/dags/forex_data_pipeline.py for tasks to queue
[2022-12-28T19:52:02.964+0000] {logging_mixin.py:137} INFO - [2022-12-28T19:52:02.964+0000] {dagbag.py:538} INFO - Filling up the DagBag from /opt/airflow/dags/forex_data_pipeline.py
[2022-12-28T19:52:03.259+0000] {processor.py:753} INFO - DAG(s) dict_keys(['forex_data_pipeline']) retrieved from /opt/airflow/dags/forex_data_pipeline.py
[2022-12-28T19:52:03.281+0000] {logging_mixin.py:137} INFO - [2022-12-28T19:52:03.281+0000] {dag.py:2676} INFO - Sync 1 DAGs
[2022-12-28T19:52:03.305+0000] {logging_mixin.py:137} INFO - [2022-12-28T19:52:03.304+0000] {dag.py:3427} INFO - Setting next_dagrun for forex_data_pipeline to 2022-12-28T00:00:00+00:00, run_after=2022-12-29T00:00:00+00:00
[2022-12-28T19:52:03.329+0000] {processor.py:175} INFO - Processing /opt/airflow/dags/forex_data_pipeline.py took 0.369 seconds
[2022-12-28T19:52:33.559+0000] {processor.py:153} INFO - Started process (PID=3630) to work on /opt/airflow/dags/forex_data_pipeline.py
[2022-12-28T19:52:33.563+0000] {processor.py:743} INFO - Processing file /opt/airflow/dags/forex_data_pipeline.py for tasks to queue
[2022-12-28T19:52:33.565+0000] {logging_mixin.py:137} INFO - [2022-12-28T19:52:33.565+0000] {dagbag.py:538} INFO - Filling up the DagBag from /opt/airflow/dags/forex_data_pipeline.py
[2022-12-28T19:52:33.842+0000] {processor.py:753} INFO - DAG(s) dict_keys(['forex_data_pipeline']) retrieved from /opt/airflow/dags/forex_data_pipeline.py
[2022-12-28T19:52:33.865+0000] {logging_mixin.py:137} INFO - [2022-12-28T19:52:33.865+0000] {dag.py:2676} INFO - Sync 1 DAGs
[2022-12-28T19:52:33.889+0000] {logging_mixin.py:137} INFO - [2022-12-28T19:52:33.889+0000] {dag.py:3427} INFO - Setting next_dagrun for forex_data_pipeline to 2022-12-28T00:00:00+00:00, run_after=2022-12-29T00:00:00+00:00
[2022-12-28T19:52:33.912+0000] {processor.py:175} INFO - Processing /opt/airflow/dags/forex_data_pipeline.py took 0.355 seconds
[2022-12-28T19:53:04.262+0000] {processor.py:153} INFO - Started process (PID=3674) to work on /opt/airflow/dags/forex_data_pipeline.py
[2022-12-28T19:53:04.266+0000] {processor.py:743} INFO - Processing file /opt/airflow/dags/forex_data_pipeline.py for tasks to queue
[2022-12-28T19:53:04.267+0000] {logging_mixin.py:137} INFO - [2022-12-28T19:53:04.267+0000] {dagbag.py:538} INFO - Filling up the DagBag from /opt/airflow/dags/forex_data_pipeline.py
[2022-12-28T19:53:04.603+0000] {processor.py:753} INFO - DAG(s) dict_keys(['forex_data_pipeline']) retrieved from /opt/airflow/dags/forex_data_pipeline.py
[2022-12-28T19:53:04.663+0000] {logging_mixin.py:137} INFO - [2022-12-28T19:53:04.663+0000] {dag.py:2676} INFO - Sync 1 DAGs
[2022-12-28T19:53:04.699+0000] {logging_mixin.py:137} INFO - [2022-12-28T19:53:04.699+0000] {dag.py:3427} INFO - Setting next_dagrun for forex_data_pipeline to 2022-12-28T00:00:00+00:00, run_after=2022-12-29T00:00:00+00:00
[2022-12-28T19:53:04.723+0000] {processor.py:175} INFO - Processing /opt/airflow/dags/forex_data_pipeline.py took 0.464 seconds
[2022-12-28T19:53:35.351+0000] {processor.py:153} INFO - Started process (PID=3738) to work on /opt/airflow/dags/forex_data_pipeline.py
[2022-12-28T19:53:35.354+0000] {processor.py:743} INFO - Processing file /opt/airflow/dags/forex_data_pipeline.py for tasks to queue
[2022-12-28T19:53:35.355+0000] {logging_mixin.py:137} INFO - [2022-12-28T19:53:35.355+0000] {dagbag.py:538} INFO - Filling up the DagBag from /opt/airflow/dags/forex_data_pipeline.py
[2022-12-28T19:53:35.679+0000] {processor.py:753} INFO - DAG(s) dict_keys(['forex_data_pipeline']) retrieved from /opt/airflow/dags/forex_data_pipeline.py
[2022-12-28T19:53:35.723+0000] {logging_mixin.py:137} INFO - [2022-12-28T19:53:35.723+0000] {dag.py:2676} INFO - Sync 1 DAGs
[2022-12-28T19:53:35.750+0000] {logging_mixin.py:137} INFO - [2022-12-28T19:53:35.750+0000] {dag.py:3427} INFO - Setting next_dagrun for forex_data_pipeline to 2022-12-28T00:00:00+00:00, run_after=2022-12-29T00:00:00+00:00
[2022-12-28T19:53:35.774+0000] {processor.py:175} INFO - Processing /opt/airflow/dags/forex_data_pipeline.py took 0.425 seconds
[2022-12-28T19:54:06.606+0000] {processor.py:153} INFO - Started process (PID=3783) to work on /opt/airflow/dags/forex_data_pipeline.py
[2022-12-28T19:54:06.609+0000] {processor.py:743} INFO - Processing file /opt/airflow/dags/forex_data_pipeline.py for tasks to queue
[2022-12-28T19:54:06.610+0000] {logging_mixin.py:137} INFO - [2022-12-28T19:54:06.610+0000] {dagbag.py:538} INFO - Filling up the DagBag from /opt/airflow/dags/forex_data_pipeline.py
[2022-12-28T19:54:06.877+0000] {processor.py:753} INFO - DAG(s) dict_keys(['forex_data_pipeline']) retrieved from /opt/airflow/dags/forex_data_pipeline.py
[2022-12-28T19:54:06.903+0000] {logging_mixin.py:137} INFO - [2022-12-28T19:54:06.903+0000] {dag.py:2676} INFO - Sync 1 DAGs
[2022-12-28T19:54:06.929+0000] {logging_mixin.py:137} INFO - [2022-12-28T19:54:06.929+0000] {dag.py:3427} INFO - Setting next_dagrun for forex_data_pipeline to 2022-12-28T00:00:00+00:00, run_after=2022-12-29T00:00:00+00:00
[2022-12-28T19:54:06.954+0000] {processor.py:175} INFO - Processing /opt/airflow/dags/forex_data_pipeline.py took 0.350 seconds
[2022-12-28T19:54:37.462+0000] {processor.py:153} INFO - Started process (PID=3847) to work on /opt/airflow/dags/forex_data_pipeline.py
[2022-12-28T19:54:37.465+0000] {processor.py:743} INFO - Processing file /opt/airflow/dags/forex_data_pipeline.py for tasks to queue
[2022-12-28T19:54:37.466+0000] {logging_mixin.py:137} INFO - [2022-12-28T19:54:37.466+0000] {dagbag.py:538} INFO - Filling up the DagBag from /opt/airflow/dags/forex_data_pipeline.py
[2022-12-28T19:54:37.758+0000] {processor.py:753} INFO - DAG(s) dict_keys(['forex_data_pipeline']) retrieved from /opt/airflow/dags/forex_data_pipeline.py
[2022-12-28T19:54:37.783+0000] {logging_mixin.py:137} INFO - [2022-12-28T19:54:37.783+0000] {dag.py:2676} INFO - Sync 1 DAGs
[2022-12-28T19:54:37.806+0000] {logging_mixin.py:137} INFO - [2022-12-28T19:54:37.806+0000] {dag.py:3427} INFO - Setting next_dagrun for forex_data_pipeline to 2022-12-28T00:00:00+00:00, run_after=2022-12-29T00:00:00+00:00
[2022-12-28T19:54:37.829+0000] {processor.py:175} INFO - Processing /opt/airflow/dags/forex_data_pipeline.py took 0.370 seconds
[2022-12-28T19:55:08.461+0000] {processor.py:153} INFO - Started process (PID=3892) to work on /opt/airflow/dags/forex_data_pipeline.py
[2022-12-28T19:55:08.465+0000] {processor.py:743} INFO - Processing file /opt/airflow/dags/forex_data_pipeline.py for tasks to queue
[2022-12-28T19:55:08.466+0000] {logging_mixin.py:137} INFO - [2022-12-28T19:55:08.466+0000] {dagbag.py:538} INFO - Filling up the DagBag from /opt/airflow/dags/forex_data_pipeline.py
[2022-12-28T19:55:08.770+0000] {processor.py:753} INFO - DAG(s) dict_keys(['forex_data_pipeline']) retrieved from /opt/airflow/dags/forex_data_pipeline.py
[2022-12-28T19:55:08.790+0000] {logging_mixin.py:137} INFO - [2022-12-28T19:55:08.790+0000] {dag.py:2676} INFO - Sync 1 DAGs
[2022-12-28T19:55:08.811+0000] {logging_mixin.py:137} INFO - [2022-12-28T19:55:08.811+0000] {dag.py:3427} INFO - Setting next_dagrun for forex_data_pipeline to 2022-12-28T00:00:00+00:00, run_after=2022-12-29T00:00:00+00:00
[2022-12-28T19:55:08.833+0000] {processor.py:175} INFO - Processing /opt/airflow/dags/forex_data_pipeline.py took 0.375 seconds
[2022-12-28T19:55:39.229+0000] {processor.py:153} INFO - Started process (PID=3956) to work on /opt/airflow/dags/forex_data_pipeline.py
[2022-12-28T19:55:39.233+0000] {processor.py:743} INFO - Processing file /opt/airflow/dags/forex_data_pipeline.py for tasks to queue
[2022-12-28T19:55:39.234+0000] {logging_mixin.py:137} INFO - [2022-12-28T19:55:39.234+0000] {dagbag.py:538} INFO - Filling up the DagBag from /opt/airflow/dags/forex_data_pipeline.py
[2022-12-28T19:55:39.566+0000] {processor.py:753} INFO - DAG(s) dict_keys(['forex_data_pipeline']) retrieved from /opt/airflow/dags/forex_data_pipeline.py
[2022-12-28T19:55:39.593+0000] {logging_mixin.py:137} INFO - [2022-12-28T19:55:39.592+0000] {dag.py:2676} INFO - Sync 1 DAGs
[2022-12-28T19:55:39.621+0000] {logging_mixin.py:137} INFO - [2022-12-28T19:55:39.621+0000] {dag.py:3427} INFO - Setting next_dagrun for forex_data_pipeline to 2022-12-28T00:00:00+00:00, run_after=2022-12-29T00:00:00+00:00
[2022-12-28T19:55:39.657+0000] {processor.py:175} INFO - Processing /opt/airflow/dags/forex_data_pipeline.py took 0.431 seconds
[2022-12-28T19:56:10.366+0000] {processor.py:153} INFO - Started process (PID=4000) to work on /opt/airflow/dags/forex_data_pipeline.py
[2022-12-28T19:56:10.369+0000] {processor.py:743} INFO - Processing file /opt/airflow/dags/forex_data_pipeline.py for tasks to queue
[2022-12-28T19:56:10.371+0000] {logging_mixin.py:137} INFO - [2022-12-28T19:56:10.370+0000] {dagbag.py:538} INFO - Filling up the DagBag from /opt/airflow/dags/forex_data_pipeline.py
[2022-12-28T19:56:10.730+0000] {processor.py:753} INFO - DAG(s) dict_keys(['forex_data_pipeline']) retrieved from /opt/airflow/dags/forex_data_pipeline.py
[2022-12-28T19:56:10.761+0000] {logging_mixin.py:137} INFO - [2022-12-28T19:56:10.761+0000] {dag.py:2676} INFO - Sync 1 DAGs
[2022-12-28T19:56:10.791+0000] {logging_mixin.py:137} INFO - [2022-12-28T19:56:10.791+0000] {dag.py:3427} INFO - Setting next_dagrun for forex_data_pipeline to 2022-12-28T00:00:00+00:00, run_after=2022-12-29T00:00:00+00:00
[2022-12-28T19:56:10.826+0000] {processor.py:175} INFO - Processing /opt/airflow/dags/forex_data_pipeline.py took 0.462 seconds
[2022-12-28T19:56:41.101+0000] {processor.py:153} INFO - Started process (PID=4064) to work on /opt/airflow/dags/forex_data_pipeline.py
[2022-12-28T19:56:41.104+0000] {processor.py:743} INFO - Processing file /opt/airflow/dags/forex_data_pipeline.py for tasks to queue
[2022-12-28T19:56:41.106+0000] {logging_mixin.py:137} INFO - [2022-12-28T19:56:41.105+0000] {dagbag.py:538} INFO - Filling up the DagBag from /opt/airflow/dags/forex_data_pipeline.py
[2022-12-28T19:56:41.427+0000] {processor.py:753} INFO - DAG(s) dict_keys(['forex_data_pipeline']) retrieved from /opt/airflow/dags/forex_data_pipeline.py
[2022-12-28T19:56:41.453+0000] {logging_mixin.py:137} INFO - [2022-12-28T19:56:41.453+0000] {dag.py:2676} INFO - Sync 1 DAGs
[2022-12-28T19:56:41.481+0000] {logging_mixin.py:137} INFO - [2022-12-28T19:56:41.481+0000] {dag.py:3427} INFO - Setting next_dagrun for forex_data_pipeline to 2022-12-28T00:00:00+00:00, run_after=2022-12-29T00:00:00+00:00
[2022-12-28T19:56:41.505+0000] {processor.py:175} INFO - Processing /opt/airflow/dags/forex_data_pipeline.py took 0.407 seconds
[2022-12-28T19:57:11.874+0000] {processor.py:153} INFO - Started process (PID=4108) to work on /opt/airflow/dags/forex_data_pipeline.py
[2022-12-28T19:57:11.878+0000] {processor.py:743} INFO - Processing file /opt/airflow/dags/forex_data_pipeline.py for tasks to queue
[2022-12-28T19:57:11.879+0000] {logging_mixin.py:137} INFO - [2022-12-28T19:57:11.879+0000] {dagbag.py:538} INFO - Filling up the DagBag from /opt/airflow/dags/forex_data_pipeline.py
[2022-12-28T19:57:12.339+0000] {processor.py:753} INFO - DAG(s) dict_keys(['forex_data_pipeline']) retrieved from /opt/airflow/dags/forex_data_pipeline.py
[2022-12-28T19:57:12.368+0000] {logging_mixin.py:137} INFO - [2022-12-28T19:57:12.368+0000] {dag.py:2676} INFO - Sync 1 DAGs
[2022-12-28T19:57:12.406+0000] {logging_mixin.py:137} INFO - [2022-12-28T19:57:12.406+0000] {dag.py:3427} INFO - Setting next_dagrun for forex_data_pipeline to 2022-12-28T00:00:00+00:00, run_after=2022-12-29T00:00:00+00:00
[2022-12-28T19:57:12.431+0000] {processor.py:175} INFO - Processing /opt/airflow/dags/forex_data_pipeline.py took 0.560 seconds
