[2022-12-16T22:39:56.097+0000] {taskinstance.py:1087} INFO - Dependencies all met for <TaskInstance: forex_data_pipeline.process_json_file scheduled__2022-12-15T00:00:00+00:00 [queued]>
[2022-12-16T22:39:56.108+0000] {taskinstance.py:1087} INFO - Dependencies all met for <TaskInstance: forex_data_pipeline.process_json_file scheduled__2022-12-15T00:00:00+00:00 [queued]>
[2022-12-16T22:39:56.110+0000] {taskinstance.py:1283} INFO - 
--------------------------------------------------------------------------------
[2022-12-16T22:39:56.111+0000] {taskinstance.py:1284} INFO - Starting attempt 1 of 3
[2022-12-16T22:39:56.111+0000] {taskinstance.py:1285} INFO - 
--------------------------------------------------------------------------------
[2022-12-16T22:39:56.127+0000] {taskinstance.py:1304} INFO - Executing <Task(PythonOperator): process_json_file> on 2022-12-15 00:00:00+00:00
[2022-12-16T22:39:56.140+0000] {standard_task_runner.py:55} INFO - Started process 90 to run task
[2022-12-16T22:39:56.142+0000] {standard_task_runner.py:82} INFO - Running: ['***', 'tasks', 'run', 'forex_data_pipeline', 'process_json_file', 'scheduled__2022-12-15T00:00:00+00:00', '--job-id', '435', '--raw', '--subdir', 'DAGS_FOLDER/forex_data_pipeline.py', '--cfg-path', '/tmp/tmp_e7_jy_9']
[2022-12-16T22:39:56.144+0000] {standard_task_runner.py:83} INFO - Job 435: Subtask process_json_file
[2022-12-16T22:39:56.196+0000] {task_command.py:389} INFO - Running <TaskInstance: forex_data_pipeline.process_json_file scheduled__2022-12-15T00:00:00+00:00 [running]> on host b21115e7dff0
[2022-12-16T22:39:56.257+0000] {taskinstance.py:1513} INFO - Exporting the following env vars:
AIRFLOW_CTX_DAG_EMAIL=juanfelipehdezm@gmail.com
AIRFLOW_CTX_DAG_OWNER=felipehdez
AIRFLOW_CTX_DAG_ID=forex_data_pipeline
AIRFLOW_CTX_TASK_ID=process_json_file
AIRFLOW_CTX_EXECUTION_DATE=2022-12-15T00:00:00+00:00
AIRFLOW_CTX_TRY_NUMBER=1
AIRFLOW_CTX_DAG_RUN_ID=scheduled__2022-12-15T00:00:00+00:00
[2022-12-16T22:39:56.289+0000] {python.py:177} INFO - Done. Returned value was: None
[2022-12-16T22:39:56.296+0000] {taskinstance.py:1327} INFO - Marking task as SUCCESS. dag_id=forex_data_pipeline, task_id=process_json_file, execution_date=20221215T000000, start_date=20221216T223956, end_date=20221216T223956
[2022-12-16T22:39:56.355+0000] {local_task_job.py:159} INFO - Task exited with return code 0
[2022-12-16T22:39:56.371+0000] {taskinstance.py:2582} INFO - 1 downstream tasks scheduled from follow-on schedule check
