[2022-11-11T19:36:00.447+0000] {taskinstance.py:1165} INFO - Dependencies all met for <TaskInstance: forex_data_pipeline.process_json_file scheduled__2022-11-10T00:00:00+00:00 [queued]>
[2022-11-11T19:36:00.465+0000] {taskinstance.py:1165} INFO - Dependencies all met for <TaskInstance: forex_data_pipeline.process_json_file scheduled__2022-11-10T00:00:00+00:00 [queued]>
[2022-11-11T19:36:00.466+0000] {taskinstance.py:1362} INFO - 
--------------------------------------------------------------------------------
[2022-11-11T19:36:00.467+0000] {taskinstance.py:1363} INFO - Starting attempt 3 of 5
[2022-11-11T19:36:00.468+0000] {taskinstance.py:1364} INFO - 
--------------------------------------------------------------------------------
[2022-11-11T19:36:00.482+0000] {taskinstance.py:1383} INFO - Executing <Task(PythonOperator): process_json_file> on 2022-11-10 00:00:00+00:00
[2022-11-11T19:36:00.486+0000] {standard_task_runner.py:54} INFO - Started process 584 to run task
[2022-11-11T19:36:00.490+0000] {standard_task_runner.py:82} INFO - Running: ['***', 'tasks', 'run', 'forex_data_pipeline', 'process_json_file', 'scheduled__2022-11-10T00:00:00+00:00', '--job-id', '76', '--raw', '--subdir', 'DAGS_FOLDER/forex_data_pipeline.py', '--cfg-path', '/tmp/tmp_adsri8f']
[2022-11-11T19:36:00.491+0000] {standard_task_runner.py:83} INFO - Job 76: Subtask process_json_file
[2022-11-11T19:36:00.493+0000] {dagbag.py:525} INFO - Filling up the DagBag from /opt/***/dags/forex_data_pipeline.py
[2022-11-11T19:36:00.980+0000] {task_command.py:384} INFO - Running <TaskInstance: forex_data_pipeline.process_json_file scheduled__2022-11-10T00:00:00+00:00 [running]> on host 9cbdb5013874
[2022-11-11T19:36:01.047+0000] {taskinstance.py:1592} INFO - Exporting the following env vars:
AIRFLOW_CTX_DAG_EMAIL=juanfelipehdezm@gmail.com
AIRFLOW_CTX_DAG_OWNER=felipehdez
AIRFLOW_CTX_DAG_ID=forex_data_pipeline
AIRFLOW_CTX_TASK_ID=process_json_file
AIRFLOW_CTX_EXECUTION_DATE=2022-11-10T00:00:00+00:00
AIRFLOW_CTX_TRY_NUMBER=3
AIRFLOW_CTX_DAG_RUN_ID=scheduled__2022-11-10T00:00:00+00:00
[2022-11-11T19:36:01.066+0000] {logging_mixin.py:117} INFO -   1. From_Currency Code 2. From_Currency Name  ...   8. Bid Price   9. Ask Price
0                   USD  United States Dollar  ...  4801.10000000  4801.10000000

[1 rows x 9 columns]
[2022-11-11T19:36:01.068+0000] {python.py:177} INFO - Done. Returned value was: None
[2022-11-11T19:36:01.076+0000] {taskinstance.py:1406} INFO - Marking task as SUCCESS. dag_id=forex_data_pipeline, task_id=process_json_file, execution_date=20221110T000000, start_date=20221111T193600, end_date=20221111T193601
[2022-11-11T19:36:01.105+0000] {local_task_job.py:164} INFO - Task exited with return code 0
[2022-11-11T19:36:01.120+0000] {local_task_job.py:273} INFO - 0 downstream tasks scheduled from follow-on schedule check
