[2022-11-11T19:27:50.114+0000] {taskinstance.py:1165} INFO - Dependencies all met for <TaskInstance: forex_data_pipeline.process_json_file scheduled__2022-11-10T00:00:00+00:00 [queued]>
[2022-11-11T19:27:50.126+0000] {taskinstance.py:1165} INFO - Dependencies all met for <TaskInstance: forex_data_pipeline.process_json_file scheduled__2022-11-10T00:00:00+00:00 [queued]>
[2022-11-11T19:27:50.127+0000] {taskinstance.py:1362} INFO - 
--------------------------------------------------------------------------------
[2022-11-11T19:27:50.128+0000] {taskinstance.py:1363} INFO - Starting attempt 1 of 3
[2022-11-11T19:27:50.129+0000] {taskinstance.py:1364} INFO - 
--------------------------------------------------------------------------------
[2022-11-11T19:27:50.143+0000] {taskinstance.py:1383} INFO - Executing <Task(PythonOperator): process_json_file> on 2022-11-10 00:00:00+00:00
[2022-11-11T19:27:50.148+0000] {standard_task_runner.py:54} INFO - Started process 180 to run task
[2022-11-11T19:27:50.150+0000] {standard_task_runner.py:82} INFO - Running: ['***', 'tasks', 'run', 'forex_data_pipeline', 'process_json_file', 'scheduled__2022-11-10T00:00:00+00:00', '--job-id', '65', '--raw', '--subdir', 'DAGS_FOLDER/forex_data_pipeline.py', '--cfg-path', '/tmp/tmpsyoze_ex']
[2022-11-11T19:27:50.151+0000] {standard_task_runner.py:83} INFO - Job 65: Subtask process_json_file
[2022-11-11T19:27:50.152+0000] {dagbag.py:525} INFO - Filling up the DagBag from /opt/***/dags/forex_data_pipeline.py
[2022-11-11T19:27:51.596+0000] {task_command.py:384} INFO - Running <TaskInstance: forex_data_pipeline.process_json_file scheduled__2022-11-10T00:00:00+00:00 [running]> on host 9cbdb5013874
[2022-11-11T19:27:51.683+0000] {taskinstance.py:1592} INFO - Exporting the following env vars:
AIRFLOW_CTX_DAG_EMAIL=juanfelipehdezm@gmail.com
AIRFLOW_CTX_DAG_OWNER=felipehdez
AIRFLOW_CTX_DAG_ID=forex_data_pipeline
AIRFLOW_CTX_TASK_ID=process_json_file
AIRFLOW_CTX_EXECUTION_DATE=2022-11-10T00:00:00+00:00
AIRFLOW_CTX_TRY_NUMBER=1
AIRFLOW_CTX_DAG_RUN_ID=scheduled__2022-11-10T00:00:00+00:00
[2022-11-11T19:27:51.748+0000] {logging_mixin.py:117} INFO -   1. From_Currency Code 2. From_Currency Name  ...   8. Bid Price   9. Ask Price
0                   USD  United States Dollar  ...  4781.24000000  4781.24000000

[1 rows x 9 columns]
[2022-11-11T19:27:51.751+0000] {python.py:177} INFO - Done. Returned value was: None
[2022-11-11T19:27:51.766+0000] {taskinstance.py:1406} INFO - Marking task as SUCCESS. dag_id=forex_data_pipeline, task_id=process_json_file, execution_date=20221110T000000, start_date=20221111T192750, end_date=20221111T192751
[2022-11-11T19:27:51.850+0000] {local_task_job.py:164} INFO - Task exited with return code 0
[2022-11-11T19:27:51.887+0000] {local_task_job.py:273} INFO - 0 downstream tasks scheduled from follow-on schedule check
