[2023-03-11T15:41:34.095+0000] {taskinstance.py:1087} INFO - Dependencies all met for <TaskInstance: forex_data_pipeline.create_forexRates_database scheduled__2023-03-10T00:00:00+00:00 [queued]>
[2023-03-11T15:41:34.112+0000] {taskinstance.py:1087} INFO - Dependencies all met for <TaskInstance: forex_data_pipeline.create_forexRates_database scheduled__2023-03-10T00:00:00+00:00 [queued]>
[2023-03-11T15:41:34.113+0000] {taskinstance.py:1283} INFO - 
--------------------------------------------------------------------------------
[2023-03-11T15:41:34.113+0000] {taskinstance.py:1284} INFO - Starting attempt 1 of 3
[2023-03-11T15:41:34.114+0000] {taskinstance.py:1285} INFO - 
--------------------------------------------------------------------------------
[2023-03-11T15:41:34.130+0000] {taskinstance.py:1304} INFO - Executing <Task(PostgresOperator): create_forexRates_database> on 2023-03-10 00:00:00+00:00
[2023-03-11T15:41:34.137+0000] {standard_task_runner.py:55} INFO - Started process 81 to run task
[2023-03-11T15:41:34.141+0000] {standard_task_runner.py:82} INFO - Running: ['***', 'tasks', 'run', 'forex_data_pipeline', 'create_forexRates_database', 'scheduled__2023-03-10T00:00:00+00:00', '--job-id', '881', '--raw', '--subdir', 'DAGS_FOLDER/forex_data_pipeline.py', '--cfg-path', '/tmp/tmp44x_ni6o']
[2023-03-11T15:41:34.145+0000] {standard_task_runner.py:83} INFO - Job 881: Subtask create_forexRates_database
[2023-03-11T15:41:34.241+0000] {task_command.py:389} INFO - Running <TaskInstance: forex_data_pipeline.create_forexRates_database scheduled__2023-03-10T00:00:00+00:00 [running]> on host aa00172a3355
[2023-03-11T15:41:34.358+0000] {taskinstance.py:1513} INFO - Exporting the following env vars:
AIRFLOW_CTX_DAG_EMAIL=juanfelipehdezm@gmail.com
AIRFLOW_CTX_DAG_OWNER=felipehdez
AIRFLOW_CTX_DAG_ID=forex_data_pipeline
AIRFLOW_CTX_TASK_ID=create_forexRates_database
AIRFLOW_CTX_EXECUTION_DATE=2023-03-10T00:00:00+00:00
AIRFLOW_CTX_TRY_NUMBER=1
AIRFLOW_CTX_DAG_RUN_ID=scheduled__2023-03-10T00:00:00+00:00
[2023-03-11T15:41:34.360+0000] {sql.py:253} INFO - Executing: 

            DROP TABLE IF EXISTS forex_ratings;

            CREATE TABLE IF NOT EXISTS forex_ratings (
                From_Currency_Code TEXT NOT NULL,
                From_Currency_Name TEXT NOT NULL,
                To_Currency_Code TEXT NOT NULL,
                To_Currency_Name TEXT NOT NULL,
                Exchange_Rate NUMERIC(6,2),
                Last_Refreshed TIMESTAMP NOT NULL,
                Time_Zone TEXT NOT NULL
            );
        
[2023-03-11T15:41:34.378+0000] {base.py:73} INFO - Using connection ID 'forex_db' for task execution.
[2023-03-11T15:41:34.713+0000] {base.py:73} INFO - Using connection ID 'forex_db' for task execution.
[2023-03-11T15:41:34.716+0000] {sql.py:364} INFO - Running statement: 

            DROP TABLE IF EXISTS forex_ratings;

            CREATE TABLE IF NOT EXISTS forex_ratings (
                From_Currency_Code TEXT NOT NULL,
                From_Currency_Name TEXT NOT NULL,
                To_Currency_Code TEXT NOT NULL,
                To_Currency_Name TEXT NOT NULL,
                Exchange_Rate NUMERIC(6,2),
                Last_Refreshed TIMESTAMP NOT NULL,
                Time_Zone TEXT NOT NULL
            );
        , parameters: None
[2023-03-11T15:41:34.742+0000] {taskinstance.py:1327} INFO - Marking task as SUCCESS. dag_id=forex_data_pipeline, task_id=create_forexRates_database, execution_date=20230310T000000, start_date=20230311T154134, end_date=20230311T154134
[2023-03-11T15:41:34.795+0000] {local_task_job.py:159} INFO - Task exited with return code 0
[2023-03-11T15:41:34.820+0000] {taskinstance.py:2582} INFO - 0 downstream tasks scheduled from follow-on schedule check
