[2022-12-23T22:33:24.716+0000] {taskinstance.py:1087} INFO - Dependencies all met for <TaskInstance: forex_data_pipeline.create_forexRates_database scheduled__2022-12-22T00:00:00+00:00 [queued]>
[2022-12-23T22:33:24.729+0000] {taskinstance.py:1087} INFO - Dependencies all met for <TaskInstance: forex_data_pipeline.create_forexRates_database scheduled__2022-12-22T00:00:00+00:00 [queued]>
[2022-12-23T22:33:24.733+0000] {taskinstance.py:1283} INFO - 
--------------------------------------------------------------------------------
[2022-12-23T22:33:24.735+0000] {taskinstance.py:1284} INFO - Starting attempt 1 of 3
[2022-12-23T22:33:24.736+0000] {taskinstance.py:1285} INFO - 
--------------------------------------------------------------------------------
[2022-12-23T22:33:24.753+0000] {taskinstance.py:1304} INFO - Executing <Task(PostgresOperator): create_forexRates_database> on 2022-12-22 00:00:00+00:00
[2022-12-23T22:33:24.758+0000] {standard_task_runner.py:55} INFO - Started process 81 to run task
[2022-12-23T22:33:24.762+0000] {standard_task_runner.py:82} INFO - Running: ['***', 'tasks', 'run', 'forex_data_pipeline', 'create_forexRates_database', 'scheduled__2022-12-22T00:00:00+00:00', '--job-id', '468', '--raw', '--subdir', 'DAGS_FOLDER/forex_data_pipeline.py', '--cfg-path', '/tmp/tmprvtytn9v']
[2022-12-23T22:33:24.764+0000] {standard_task_runner.py:83} INFO - Job 468: Subtask create_forexRates_database
[2022-12-23T22:33:24.906+0000] {task_command.py:389} INFO - Running <TaskInstance: forex_data_pipeline.create_forexRates_database scheduled__2022-12-22T00:00:00+00:00 [running]> on host aa00172a3355
[2022-12-23T22:33:24.988+0000] {taskinstance.py:1513} INFO - Exporting the following env vars:
AIRFLOW_CTX_DAG_EMAIL=juanfelipehdezm@gmail.com
AIRFLOW_CTX_DAG_OWNER=felipehdez
AIRFLOW_CTX_DAG_ID=forex_data_pipeline
AIRFLOW_CTX_TASK_ID=create_forexRates_database
AIRFLOW_CTX_EXECUTION_DATE=2022-12-22T00:00:00+00:00
AIRFLOW_CTX_TRY_NUMBER=1
AIRFLOW_CTX_DAG_RUN_ID=scheduled__2022-12-22T00:00:00+00:00
[2022-12-23T22:33:24.990+0000] {sql.py:253} INFO - Executing: 

            DROP TABLE IF EXISTS forex_ratings;

            CREATE TABLE IF NOT EXISTS forex_ratings (
                From_Currency_Code TEXT NOT NULL,
                From_Currency_Name TEXT NOT NULL,
                To_Currency_Code TEXT NOT NULL,
                To_Currency_Name TEXT NOT NULL,
                Exchange_Rate NUMERIC(6,2),
                Last_Refreshed TIMESTAMP NOT NULL,
                Time_Zone TEXT NOT NULL
            );
        
[2022-12-23T22:33:25.001+0000] {base.py:73} INFO - Using connection ID 'forex_db' for task execution.
[2022-12-23T22:33:25.268+0000] {base.py:73} INFO - Using connection ID 'forex_db' for task execution.
[2022-12-23T22:33:25.272+0000] {sql.py:364} INFO - Running statement: 

            DROP TABLE IF EXISTS forex_ratings;

            CREATE TABLE IF NOT EXISTS forex_ratings (
                From_Currency_Code TEXT NOT NULL,
                From_Currency_Name TEXT NOT NULL,
                To_Currency_Code TEXT NOT NULL,
                To_Currency_Name TEXT NOT NULL,
                Exchange_Rate NUMERIC(6,2),
                Last_Refreshed TIMESTAMP NOT NULL,
                Time_Zone TEXT NOT NULL
            );
        , parameters: None
[2022-12-23T22:33:25.298+0000] {taskinstance.py:1327} INFO - Marking task as SUCCESS. dag_id=forex_data_pipeline, task_id=create_forexRates_database, execution_date=20221222T000000, start_date=20221223T223324, end_date=20221223T223325
[2022-12-23T22:33:25.336+0000] {local_task_job.py:159} INFO - Task exited with return code 0
[2022-12-23T22:33:25.360+0000] {taskinstance.py:2582} INFO - 0 downstream tasks scheduled from follow-on schedule check
