[2022-11-28T18:03:33.646+0000] {processor.py:156} INFO - Started process (PID=41) to work on /opt/airflow/dags/forex_data_pipeline.py
[2022-11-28T18:03:33.648+0000] {processor.py:758} INFO - Processing file /opt/airflow/dags/forex_data_pipeline.py for tasks to queue
[2022-11-28T18:03:33.650+0000] {logging_mixin.py:117} INFO - [2022-11-28T18:03:33.650+0000] {dagbag.py:525} INFO - Filling up the DagBag from /opt/airflow/dags/forex_data_pipeline.py
[2022-11-28T18:03:34.538+0000] {processor.py:768} INFO - DAG(s) dict_keys(['forex_data_pipeline']) retrieved from /opt/airflow/dags/forex_data_pipeline.py
[2022-11-28T18:03:34.759+0000] {logging_mixin.py:117} INFO - [2022-11-28T18:03:34.759+0000] {dag.py:2573} INFO - Sync 1 DAGs
[2022-11-28T18:03:34.798+0000] {logging_mixin.py:117} INFO - [2022-11-28T18:03:34.798+0000] {dag.py:3328} INFO - Setting next_dagrun for forex_data_pipeline to 2022-11-28T00:00:00+00:00, run_after=2022-11-29T00:00:00+00:00
[2022-11-28T18:03:34.837+0000] {processor.py:178} INFO - Processing /opt/airflow/dags/forex_data_pipeline.py took 1.194 seconds
[2022-11-28T18:04:05.153+0000] {processor.py:156} INFO - Started process (PID=67) to work on /opt/airflow/dags/forex_data_pipeline.py
[2022-11-28T18:04:05.169+0000] {processor.py:758} INFO - Processing file /opt/airflow/dags/forex_data_pipeline.py for tasks to queue
[2022-11-28T18:04:05.171+0000] {logging_mixin.py:117} INFO - [2022-11-28T18:04:05.171+0000] {dagbag.py:525} INFO - Filling up the DagBag from /opt/airflow/dags/forex_data_pipeline.py
[2022-11-28T18:04:05.719+0000] {processor.py:768} INFO - DAG(s) dict_keys(['forex_data_pipeline']) retrieved from /opt/airflow/dags/forex_data_pipeline.py
[2022-11-28T18:04:05.898+0000] {logging_mixin.py:117} INFO - [2022-11-28T18:04:05.898+0000] {dag.py:2573} INFO - Sync 1 DAGs
[2022-11-28T18:04:05.928+0000] {logging_mixin.py:117} INFO - [2022-11-28T18:04:05.928+0000] {dag.py:3328} INFO - Setting next_dagrun for forex_data_pipeline to 2022-11-28T00:00:00+00:00, run_after=2022-11-29T00:00:00+00:00
[2022-11-28T18:04:05.954+0000] {processor.py:178} INFO - Processing /opt/airflow/dags/forex_data_pipeline.py took 0.805 seconds
[2022-11-28T18:04:36.284+0000] {processor.py:156} INFO - Started process (PID=87) to work on /opt/airflow/dags/forex_data_pipeline.py
[2022-11-28T18:04:36.287+0000] {processor.py:758} INFO - Processing file /opt/airflow/dags/forex_data_pipeline.py for tasks to queue
[2022-11-28T18:04:36.288+0000] {logging_mixin.py:117} INFO - [2022-11-28T18:04:36.288+0000] {dagbag.py:525} INFO - Filling up the DagBag from /opt/airflow/dags/forex_data_pipeline.py
[2022-11-28T18:04:36.707+0000] {processor.py:768} INFO - DAG(s) dict_keys(['forex_data_pipeline']) retrieved from /opt/airflow/dags/forex_data_pipeline.py
[2022-11-28T18:04:36.846+0000] {logging_mixin.py:117} INFO - [2022-11-28T18:04:36.846+0000] {dag.py:2573} INFO - Sync 1 DAGs
[2022-11-28T18:04:36.866+0000] {logging_mixin.py:117} INFO - [2022-11-28T18:04:36.866+0000] {dag.py:3328} INFO - Setting next_dagrun for forex_data_pipeline to 2022-11-28T00:00:00+00:00, run_after=2022-11-29T00:00:00+00:00
[2022-11-28T18:04:36.888+0000] {processor.py:178} INFO - Processing /opt/airflow/dags/forex_data_pipeline.py took 0.607 seconds
[2022-11-28T18:05:07.255+0000] {processor.py:156} INFO - Started process (PID=116) to work on /opt/airflow/dags/forex_data_pipeline.py
[2022-11-28T18:05:07.258+0000] {processor.py:758} INFO - Processing file /opt/airflow/dags/forex_data_pipeline.py for tasks to queue
[2022-11-28T18:05:07.259+0000] {logging_mixin.py:117} INFO - [2022-11-28T18:05:07.258+0000] {dagbag.py:525} INFO - Filling up the DagBag from /opt/airflow/dags/forex_data_pipeline.py
[2022-11-28T18:05:07.626+0000] {processor.py:768} INFO - DAG(s) dict_keys(['forex_data_pipeline']) retrieved from /opt/airflow/dags/forex_data_pipeline.py
[2022-11-28T18:05:07.793+0000] {logging_mixin.py:117} INFO - [2022-11-28T18:05:07.793+0000] {dag.py:2573} INFO - Sync 1 DAGs
[2022-11-28T18:05:07.815+0000] {logging_mixin.py:117} INFO - [2022-11-28T18:05:07.815+0000] {dag.py:3328} INFO - Setting next_dagrun for forex_data_pipeline to 2022-11-28T00:00:00+00:00, run_after=2022-11-29T00:00:00+00:00
[2022-11-28T18:05:07.835+0000] {processor.py:178} INFO - Processing /opt/airflow/dags/forex_data_pipeline.py took 0.583 seconds
[2022-11-28T18:05:38.181+0000] {processor.py:156} INFO - Started process (PID=145) to work on /opt/airflow/dags/forex_data_pipeline.py
[2022-11-28T18:05:38.183+0000] {processor.py:758} INFO - Processing file /opt/airflow/dags/forex_data_pipeline.py for tasks to queue
[2022-11-28T18:05:38.184+0000] {logging_mixin.py:117} INFO - [2022-11-28T18:05:38.183+0000] {dagbag.py:525} INFO - Filling up the DagBag from /opt/airflow/dags/forex_data_pipeline.py
[2022-11-28T18:05:38.518+0000] {processor.py:768} INFO - DAG(s) dict_keys(['forex_data_pipeline']) retrieved from /opt/airflow/dags/forex_data_pipeline.py
[2022-11-28T18:05:38.647+0000] {logging_mixin.py:117} INFO - [2022-11-28T18:05:38.647+0000] {dag.py:2573} INFO - Sync 1 DAGs
[2022-11-28T18:05:38.665+0000] {logging_mixin.py:117} INFO - [2022-11-28T18:05:38.665+0000] {dag.py:3328} INFO - Setting next_dagrun for forex_data_pipeline to 2022-11-28T00:00:00+00:00, run_after=2022-11-29T00:00:00+00:00
[2022-11-28T18:05:38.690+0000] {processor.py:178} INFO - Processing /opt/airflow/dags/forex_data_pipeline.py took 0.511 seconds
