[2023-03-27T22:12:24.281+0000] {taskinstance.py:1087} INFO - Dependencies all met for <TaskInstance: forex_data_pipeline.is_forex_rates_file_available scheduled__2023-03-26T00:00:00+00:00 [queued]>
[2023-03-27T22:12:24.294+0000] {taskinstance.py:1087} INFO - Dependencies all met for <TaskInstance: forex_data_pipeline.is_forex_rates_file_available scheduled__2023-03-26T00:00:00+00:00 [queued]>
[2023-03-27T22:12:24.295+0000] {taskinstance.py:1283} INFO - 
--------------------------------------------------------------------------------
[2023-03-27T22:12:24.296+0000] {taskinstance.py:1284} INFO - Starting attempt 1 of 3
[2023-03-27T22:12:24.297+0000] {taskinstance.py:1285} INFO - 
--------------------------------------------------------------------------------
[2023-03-27T22:12:24.311+0000] {taskinstance.py:1304} INFO - Executing <Task(FileSensor): is_forex_rates_file_available> on 2023-03-26 00:00:00+00:00
[2023-03-27T22:12:24.316+0000] {standard_task_runner.py:55} INFO - Started process 97 to run task
[2023-03-27T22:12:24.319+0000] {standard_task_runner.py:82} INFO - Running: ['***', 'tasks', 'run', 'forex_data_pipeline', 'is_forex_rates_file_available', 'scheduled__2023-03-26T00:00:00+00:00', '--job-id', '977', '--raw', '--subdir', 'DAGS_FOLDER/forex_data_pipeline.py', '--cfg-path', '/tmp/tmpg4tjl5ag']
[2023-03-27T22:12:24.322+0000] {standard_task_runner.py:83} INFO - Job 977: Subtask is_forex_rates_file_available
[2023-03-27T22:12:24.385+0000] {task_command.py:389} INFO - Running <TaskInstance: forex_data_pipeline.is_forex_rates_file_available scheduled__2023-03-26T00:00:00+00:00 [running]> on host b21115e7dff0
[2023-03-27T22:12:24.447+0000] {taskinstance.py:1513} INFO - Exporting the following env vars:
AIRFLOW_CTX_DAG_EMAIL=juanfelipehdezm@gmail.com
AIRFLOW_CTX_DAG_OWNER=felipehdez
AIRFLOW_CTX_DAG_ID=forex_data_pipeline
AIRFLOW_CTX_TASK_ID=is_forex_rates_file_available
AIRFLOW_CTX_EXECUTION_DATE=2023-03-26T00:00:00+00:00
AIRFLOW_CTX_TRY_NUMBER=1
AIRFLOW_CTX_DAG_RUN_ID=scheduled__2023-03-26T00:00:00+00:00
[2023-03-27T22:12:24.458+0000] {base.py:73} INFO - Using connection ID 'forex_path' for task execution.
[2023-03-27T22:12:24.460+0000] {filesystem.py:64} INFO - Poking for file /opt/***/dags/files/rates.json
[2023-03-27T22:12:24.475+0000] {filesystem.py:69} INFO - Found File /opt/***/dags/files/rates.json last modified: 20230327221222
[2023-03-27T22:12:24.476+0000] {base.py:228} INFO - Success criteria met. Exiting.
[2023-03-27T22:12:24.484+0000] {taskinstance.py:1327} INFO - Marking task as SUCCESS. dag_id=forex_data_pipeline, task_id=is_forex_rates_file_available, execution_date=20230326T000000, start_date=20230327T221224, end_date=20230327T221224
[2023-03-27T22:12:24.532+0000] {local_task_job.py:159} INFO - Task exited with return code 0
[2023-03-27T22:12:24.563+0000] {taskinstance.py:2582} INFO - 1 downstream tasks scheduled from follow-on schedule check
