[2023-03-31T19:29:25.562+0000] {taskinstance.py:1087} INFO - Dependencies all met for <TaskInstance: forex_data_pipeline.is_forex_rates_available scheduled__2023-03-30T00:00:00+00:00 [queued]>
[2023-03-31T19:29:25.586+0000] {taskinstance.py:1087} INFO - Dependencies all met for <TaskInstance: forex_data_pipeline.is_forex_rates_available scheduled__2023-03-30T00:00:00+00:00 [queued]>
[2023-03-31T19:29:25.587+0000] {taskinstance.py:1283} INFO - 
--------------------------------------------------------------------------------
[2023-03-31T19:29:25.588+0000] {taskinstance.py:1284} INFO - Starting attempt 1 of 3
[2023-03-31T19:29:25.590+0000] {taskinstance.py:1285} INFO - 
--------------------------------------------------------------------------------
[2023-03-31T19:29:25.620+0000] {taskinstance.py:1304} INFO - Executing <Task(HttpSensor): is_forex_rates_available> on 2023-03-30 00:00:00+00:00
[2023-03-31T19:29:25.640+0000] {standard_task_runner.py:55} INFO - Started process 84 to run task
[2023-03-31T19:29:25.645+0000] {standard_task_runner.py:82} INFO - Running: ['***', 'tasks', 'run', 'forex_data_pipeline', 'is_forex_rates_available', 'scheduled__2023-03-30T00:00:00+00:00', '--job-id', '992', '--raw', '--subdir', 'DAGS_FOLDER/forex_data_pipeline.py', '--cfg-path', '/tmp/tmpf8v5pdof']
[2023-03-31T19:29:25.648+0000] {standard_task_runner.py:83} INFO - Job 992: Subtask is_forex_rates_available
[2023-03-31T19:29:25.755+0000] {task_command.py:389} INFO - Running <TaskInstance: forex_data_pipeline.is_forex_rates_available scheduled__2023-03-30T00:00:00+00:00 [running]> on host b21115e7dff0
[2023-03-31T19:29:25.877+0000] {taskinstance.py:1513} INFO - Exporting the following env vars:
AIRFLOW_CTX_DAG_EMAIL=juanfelipehdezm@gmail.com
AIRFLOW_CTX_DAG_OWNER=felipehdez
AIRFLOW_CTX_DAG_ID=forex_data_pipeline
AIRFLOW_CTX_TASK_ID=is_forex_rates_available
AIRFLOW_CTX_EXECUTION_DATE=2023-03-30T00:00:00+00:00
AIRFLOW_CTX_TRY_NUMBER=1
AIRFLOW_CTX_DAG_RUN_ID=scheduled__2023-03-30T00:00:00+00:00
[2023-03-31T19:29:25.880+0000] {http.py:122} INFO - Poking: /query?function=CURRENCY_EXCHANGE_RATE&from_currency=USD&to_currency=COP&apikey=EHCCX9LJ1T4XQV4E
[2023-03-31T19:29:25.896+0000] {base.py:73} INFO - Using connection ID 'forex_api' for task execution.
[2023-03-31T19:29:25.899+0000] {http.py:150} INFO - Sending 'GET' to url: https://www.alphavantage.co/query?function=CURRENCY_EXCHANGE_RATE&from_currency=USD&to_currency=COP&apikey=EHCCX9LJ1T4XQV4E
[2023-03-31T19:29:26.829+0000] {base.py:228} INFO - Success criteria met. Exiting.
[2023-03-31T19:29:26.848+0000] {taskinstance.py:1327} INFO - Marking task as SUCCESS. dag_id=forex_data_pipeline, task_id=is_forex_rates_available, execution_date=20230330T000000, start_date=20230331T192925, end_date=20230331T192926
[2023-03-31T19:29:26.901+0000] {local_task_job.py:159} INFO - Task exited with return code 0
[2023-03-31T19:29:26.946+0000] {taskinstance.py:2582} INFO - 1 downstream tasks scheduled from follow-on schedule check
