[2022-11-18T00:54:41.586+0000] {processor.py:156} INFO - Started process (PID=42) to work on /opt/airflow/dags/forex_data_pipeline.py
[2022-11-18T00:54:41.710+0000] {processor.py:758} INFO - Processing file /opt/airflow/dags/forex_data_pipeline.py for tasks to queue
[2022-11-18T00:54:41.711+0000] {logging_mixin.py:117} INFO - [2022-11-18T00:54:41.711+0000] {dagbag.py:525} INFO - Filling up the DagBag from /opt/airflow/dags/forex_data_pipeline.py
[2022-11-18T00:54:42.569+0000] {processor.py:768} INFO - DAG(s) dict_keys(['forex_data_pipeline']) retrieved from /opt/airflow/dags/forex_data_pipeline.py
[2022-11-18T00:54:42.798+0000] {logging_mixin.py:117} INFO - [2022-11-18T00:54:42.798+0000] {dag.py:2573} INFO - Sync 1 DAGs
[2022-11-18T00:54:42.835+0000] {logging_mixin.py:117} INFO - [2022-11-18T00:54:42.834+0000] {dag.py:3328} INFO - Setting next_dagrun for forex_data_pipeline to 2022-11-18T00:00:00+00:00, run_after=2022-11-19T00:00:00+00:00
[2022-11-18T00:54:42.871+0000] {processor.py:178} INFO - Processing /opt/airflow/dags/forex_data_pipeline.py took 1.288 seconds
[2022-11-18T18:13:46.612+0000] {processor.py:156} INFO - Started process (PID=41) to work on /opt/airflow/dags/forex_data_pipeline.py
[2022-11-18T18:13:46.621+0000] {processor.py:758} INFO - Processing file /opt/airflow/dags/forex_data_pipeline.py for tasks to queue
[2022-11-18T18:13:46.622+0000] {logging_mixin.py:117} INFO - [2022-11-18T18:13:46.622+0000] {dagbag.py:525} INFO - Filling up the DagBag from /opt/airflow/dags/forex_data_pipeline.py
[2022-11-18T18:13:47.678+0000] {processor.py:768} INFO - DAG(s) dict_keys(['forex_data_pipeline']) retrieved from /opt/airflow/dags/forex_data_pipeline.py
[2022-11-18T18:13:48.029+0000] {logging_mixin.py:117} INFO - [2022-11-18T18:13:48.029+0000] {dag.py:2573} INFO - Sync 1 DAGs
[2022-11-18T18:13:48.071+0000] {logging_mixin.py:117} INFO - [2022-11-18T18:13:48.070+0000] {dag.py:3328} INFO - Setting next_dagrun for forex_data_pipeline to 2022-11-18T00:00:00+00:00, run_after=2022-11-19T00:00:00+00:00
[2022-11-18T18:13:48.116+0000] {processor.py:178} INFO - Processing /opt/airflow/dags/forex_data_pipeline.py took 1.506 seconds
[2022-11-18T18:14:18.448+0000] {processor.py:156} INFO - Started process (PID=70) to work on /opt/airflow/dags/forex_data_pipeline.py
[2022-11-18T18:14:18.450+0000] {processor.py:758} INFO - Processing file /opt/airflow/dags/forex_data_pipeline.py for tasks to queue
[2022-11-18T18:14:18.451+0000] {logging_mixin.py:117} INFO - [2022-11-18T18:14:18.451+0000] {dagbag.py:525} INFO - Filling up the DagBag from /opt/airflow/dags/forex_data_pipeline.py
[2022-11-18T18:14:18.812+0000] {processor.py:768} INFO - DAG(s) dict_keys(['forex_data_pipeline']) retrieved from /opt/airflow/dags/forex_data_pipeline.py
[2022-11-18T18:14:18.950+0000] {logging_mixin.py:117} INFO - [2022-11-18T18:14:18.950+0000] {dag.py:2573} INFO - Sync 1 DAGs
[2022-11-18T18:14:18.969+0000] {logging_mixin.py:117} INFO - [2022-11-18T18:14:18.969+0000] {dag.py:3328} INFO - Setting next_dagrun for forex_data_pipeline to 2022-11-18T00:00:00+00:00, run_after=2022-11-19T00:00:00+00:00
[2022-11-18T18:14:18.992+0000] {processor.py:178} INFO - Processing /opt/airflow/dags/forex_data_pipeline.py took 0.546 seconds
[2022-11-18T18:14:49.463+0000] {processor.py:156} INFO - Started process (PID=99) to work on /opt/airflow/dags/forex_data_pipeline.py
[2022-11-18T18:14:49.466+0000] {processor.py:758} INFO - Processing file /opt/airflow/dags/forex_data_pipeline.py for tasks to queue
[2022-11-18T18:14:49.467+0000] {logging_mixin.py:117} INFO - [2022-11-18T18:14:49.467+0000] {dagbag.py:525} INFO - Filling up the DagBag from /opt/airflow/dags/forex_data_pipeline.py
[2022-11-18T18:14:49.855+0000] {processor.py:768} INFO - DAG(s) dict_keys(['forex_data_pipeline']) retrieved from /opt/airflow/dags/forex_data_pipeline.py
[2022-11-18T18:14:50.012+0000] {logging_mixin.py:117} INFO - [2022-11-18T18:14:50.012+0000] {dag.py:2573} INFO - Sync 1 DAGs
[2022-11-18T18:14:50.033+0000] {logging_mixin.py:117} INFO - [2022-11-18T18:14:50.033+0000] {dag.py:3328} INFO - Setting next_dagrun for forex_data_pipeline to 2022-11-18T00:00:00+00:00, run_after=2022-11-19T00:00:00+00:00
[2022-11-18T18:14:50.056+0000] {processor.py:178} INFO - Processing /opt/airflow/dags/forex_data_pipeline.py took 0.595 seconds
[2022-11-18T18:15:20.576+0000] {processor.py:156} INFO - Started process (PID=128) to work on /opt/airflow/dags/forex_data_pipeline.py
[2022-11-18T18:15:20.684+0000] {processor.py:758} INFO - Processing file /opt/airflow/dags/forex_data_pipeline.py for tasks to queue
[2022-11-18T18:15:20.714+0000] {logging_mixin.py:117} INFO - [2022-11-18T18:15:20.713+0000] {dagbag.py:525} INFO - Filling up the DagBag from /opt/airflow/dags/forex_data_pipeline.py
[2022-11-18T18:15:21.356+0000] {processor.py:768} INFO - DAG(s) dict_keys(['forex_data_pipeline']) retrieved from /opt/airflow/dags/forex_data_pipeline.py
[2022-11-18T18:15:21.521+0000] {logging_mixin.py:117} INFO - [2022-11-18T18:15:21.521+0000] {dag.py:2573} INFO - Sync 1 DAGs
[2022-11-18T18:15:21.549+0000] {logging_mixin.py:117} INFO - [2022-11-18T18:15:21.549+0000] {dag.py:3328} INFO - Setting next_dagrun for forex_data_pipeline to 2022-11-18T00:00:00+00:00, run_after=2022-11-19T00:00:00+00:00
[2022-11-18T18:15:21.602+0000] {processor.py:178} INFO - Processing /opt/airflow/dags/forex_data_pipeline.py took 1.028 seconds
[2022-11-18T18:15:51.805+0000] {processor.py:156} INFO - Started process (PID=148) to work on /opt/airflow/dags/forex_data_pipeline.py
[2022-11-18T18:15:51.811+0000] {processor.py:758} INFO - Processing file /opt/airflow/dags/forex_data_pipeline.py for tasks to queue
[2022-11-18T18:15:51.813+0000] {logging_mixin.py:117} INFO - [2022-11-18T18:15:51.813+0000] {dagbag.py:525} INFO - Filling up the DagBag from /opt/airflow/dags/forex_data_pipeline.py
[2022-11-18T18:15:52.165+0000] {processor.py:768} INFO - DAG(s) dict_keys(['forex_data_pipeline']) retrieved from /opt/airflow/dags/forex_data_pipeline.py
[2022-11-18T18:15:52.299+0000] {logging_mixin.py:117} INFO - [2022-11-18T18:15:52.299+0000] {dag.py:2573} INFO - Sync 1 DAGs
[2022-11-18T18:15:52.318+0000] {logging_mixin.py:117} INFO - [2022-11-18T18:15:52.318+0000] {dag.py:3328} INFO - Setting next_dagrun for forex_data_pipeline to 2022-11-18T00:00:00+00:00, run_after=2022-11-19T00:00:00+00:00
[2022-11-18T18:15:52.342+0000] {processor.py:178} INFO - Processing /opt/airflow/dags/forex_data_pipeline.py took 0.540 seconds
[2022-11-18T18:16:22.722+0000] {processor.py:156} INFO - Started process (PID=177) to work on /opt/airflow/dags/forex_data_pipeline.py
[2022-11-18T18:16:22.725+0000] {processor.py:758} INFO - Processing file /opt/airflow/dags/forex_data_pipeline.py for tasks to queue
[2022-11-18T18:16:22.726+0000] {logging_mixin.py:117} INFO - [2022-11-18T18:16:22.726+0000] {dagbag.py:525} INFO - Filling up the DagBag from /opt/airflow/dags/forex_data_pipeline.py
[2022-11-18T18:16:23.044+0000] {processor.py:768} INFO - DAG(s) dict_keys(['forex_data_pipeline']) retrieved from /opt/airflow/dags/forex_data_pipeline.py
[2022-11-18T18:16:23.172+0000] {logging_mixin.py:117} INFO - [2022-11-18T18:16:23.172+0000] {dag.py:2573} INFO - Sync 1 DAGs
[2022-11-18T18:16:23.192+0000] {logging_mixin.py:117} INFO - [2022-11-18T18:16:23.192+0000] {dag.py:3328} INFO - Setting next_dagrun for forex_data_pipeline to 2022-11-18T00:00:00+00:00, run_after=2022-11-19T00:00:00+00:00
[2022-11-18T18:16:23.212+0000] {processor.py:178} INFO - Processing /opt/airflow/dags/forex_data_pipeline.py took 0.493 seconds
[2022-11-18T18:16:53.689+0000] {processor.py:156} INFO - Started process (PID=206) to work on /opt/airflow/dags/forex_data_pipeline.py
[2022-11-18T18:16:53.694+0000] {processor.py:758} INFO - Processing file /opt/airflow/dags/forex_data_pipeline.py for tasks to queue
[2022-11-18T18:16:53.699+0000] {logging_mixin.py:117} INFO - [2022-11-18T18:16:53.698+0000] {dagbag.py:525} INFO - Filling up the DagBag from /opt/airflow/dags/forex_data_pipeline.py
[2022-11-18T18:16:54.039+0000] {processor.py:768} INFO - DAG(s) dict_keys(['forex_data_pipeline']) retrieved from /opt/airflow/dags/forex_data_pipeline.py
[2022-11-18T18:16:54.191+0000] {logging_mixin.py:117} INFO - [2022-11-18T18:16:54.190+0000] {dag.py:2573} INFO - Sync 1 DAGs
[2022-11-18T18:16:54.212+0000] {logging_mixin.py:117} INFO - [2022-11-18T18:16:54.212+0000] {dag.py:3328} INFO - Setting next_dagrun for forex_data_pipeline to 2022-11-18T00:00:00+00:00, run_after=2022-11-19T00:00:00+00:00
[2022-11-18T18:16:54.238+0000] {processor.py:178} INFO - Processing /opt/airflow/dags/forex_data_pipeline.py took 0.553 seconds
[2022-11-18T18:17:24.660+0000] {processor.py:156} INFO - Started process (PID=236) to work on /opt/airflow/dags/forex_data_pipeline.py
[2022-11-18T18:17:24.664+0000] {processor.py:758} INFO - Processing file /opt/airflow/dags/forex_data_pipeline.py for tasks to queue
[2022-11-18T18:17:24.666+0000] {logging_mixin.py:117} INFO - [2022-11-18T18:17:24.666+0000] {dagbag.py:525} INFO - Filling up the DagBag from /opt/airflow/dags/forex_data_pipeline.py
[2022-11-18T18:17:25.435+0000] {processor.py:768} INFO - DAG(s) dict_keys(['forex_data_pipeline']) retrieved from /opt/airflow/dags/forex_data_pipeline.py
[2022-11-18T18:17:25.801+0000] {logging_mixin.py:117} INFO - [2022-11-18T18:17:25.800+0000] {dag.py:2573} INFO - Sync 1 DAGs
[2022-11-18T18:17:25.834+0000] {logging_mixin.py:117} INFO - [2022-11-18T18:17:25.834+0000] {dag.py:3328} INFO - Setting next_dagrun for forex_data_pipeline to 2022-11-18T00:00:00+00:00, run_after=2022-11-19T00:00:00+00:00
[2022-11-18T18:17:25.862+0000] {processor.py:178} INFO - Processing /opt/airflow/dags/forex_data_pipeline.py took 1.207 seconds
[2022-11-18T22:37:59.167+0000] {processor.py:156} INFO - Started process (PID=41) to work on /opt/airflow/dags/forex_data_pipeline.py
[2022-11-18T22:37:59.172+0000] {processor.py:758} INFO - Processing file /opt/airflow/dags/forex_data_pipeline.py for tasks to queue
[2022-11-18T22:37:59.174+0000] {logging_mixin.py:117} INFO - [2022-11-18T22:37:59.174+0000] {dagbag.py:525} INFO - Filling up the DagBag from /opt/airflow/dags/forex_data_pipeline.py
[2022-11-18T22:38:00.195+0000] {processor.py:768} INFO - DAG(s) dict_keys(['forex_data_pipeline']) retrieved from /opt/airflow/dags/forex_data_pipeline.py
[2022-11-18T22:38:00.377+0000] {logging_mixin.py:117} INFO - [2022-11-18T22:38:00.377+0000] {dag.py:2573} INFO - Sync 1 DAGs
[2022-11-18T22:38:00.416+0000] {logging_mixin.py:117} INFO - [2022-11-18T22:38:00.416+0000] {dag.py:3328} INFO - Setting next_dagrun for forex_data_pipeline to 2022-11-18T00:00:00+00:00, run_after=2022-11-19T00:00:00+00:00
[2022-11-18T22:38:00.453+0000] {processor.py:178} INFO - Processing /opt/airflow/dags/forex_data_pipeline.py took 1.288 seconds
[2022-11-18T22:38:30.767+0000] {processor.py:156} INFO - Started process (PID=70) to work on /opt/airflow/dags/forex_data_pipeline.py
[2022-11-18T22:38:30.770+0000] {processor.py:758} INFO - Processing file /opt/airflow/dags/forex_data_pipeline.py for tasks to queue
[2022-11-18T22:38:30.771+0000] {logging_mixin.py:117} INFO - [2022-11-18T22:38:30.771+0000] {dagbag.py:525} INFO - Filling up the DagBag from /opt/airflow/dags/forex_data_pipeline.py
[2022-11-18T22:38:31.121+0000] {processor.py:768} INFO - DAG(s) dict_keys(['forex_data_pipeline']) retrieved from /opt/airflow/dags/forex_data_pipeline.py
[2022-11-18T22:38:31.243+0000] {logging_mixin.py:117} INFO - [2022-11-18T22:38:31.243+0000] {dag.py:2573} INFO - Sync 1 DAGs
[2022-11-18T22:38:31.260+0000] {logging_mixin.py:117} INFO - [2022-11-18T22:38:31.260+0000] {dag.py:3328} INFO - Setting next_dagrun for forex_data_pipeline to 2022-11-18T00:00:00+00:00, run_after=2022-11-19T00:00:00+00:00
[2022-11-18T22:38:31.284+0000] {processor.py:178} INFO - Processing /opt/airflow/dags/forex_data_pipeline.py took 0.519 seconds
[2022-11-18T22:39:01.596+0000] {processor.py:156} INFO - Started process (PID=100) to work on /opt/airflow/dags/forex_data_pipeline.py
[2022-11-18T22:39:01.600+0000] {processor.py:758} INFO - Processing file /opt/airflow/dags/forex_data_pipeline.py for tasks to queue
[2022-11-18T22:39:01.601+0000] {logging_mixin.py:117} INFO - [2022-11-18T22:39:01.601+0000] {dagbag.py:525} INFO - Filling up the DagBag from /opt/airflow/dags/forex_data_pipeline.py
[2022-11-18T22:39:02.010+0000] {processor.py:768} INFO - DAG(s) dict_keys(['forex_data_pipeline']) retrieved from /opt/airflow/dags/forex_data_pipeline.py
[2022-11-18T22:39:02.145+0000] {logging_mixin.py:117} INFO - [2022-11-18T22:39:02.145+0000] {dag.py:2573} INFO - Sync 1 DAGs
[2022-11-18T22:39:02.165+0000] {logging_mixin.py:117} INFO - [2022-11-18T22:39:02.165+0000] {dag.py:3328} INFO - Setting next_dagrun for forex_data_pipeline to 2022-11-18T00:00:00+00:00, run_after=2022-11-19T00:00:00+00:00
[2022-11-18T22:39:02.190+0000] {processor.py:178} INFO - Processing /opt/airflow/dags/forex_data_pipeline.py took 0.597 seconds
[2022-11-18T22:39:32.638+0000] {processor.py:156} INFO - Started process (PID=130) to work on /opt/airflow/dags/forex_data_pipeline.py
[2022-11-18T22:39:32.641+0000] {processor.py:758} INFO - Processing file /opt/airflow/dags/forex_data_pipeline.py for tasks to queue
[2022-11-18T22:39:32.642+0000] {logging_mixin.py:117} INFO - [2022-11-18T22:39:32.642+0000] {dagbag.py:525} INFO - Filling up the DagBag from /opt/airflow/dags/forex_data_pipeline.py
[2022-11-18T22:39:33.042+0000] {processor.py:768} INFO - DAG(s) dict_keys(['forex_data_pipeline']) retrieved from /opt/airflow/dags/forex_data_pipeline.py
[2022-11-18T22:39:33.190+0000] {logging_mixin.py:117} INFO - [2022-11-18T22:39:33.190+0000] {dag.py:2573} INFO - Sync 1 DAGs
[2022-11-18T22:39:33.219+0000] {logging_mixin.py:117} INFO - [2022-11-18T22:39:33.219+0000] {dag.py:3328} INFO - Setting next_dagrun for forex_data_pipeline to 2022-11-18T00:00:00+00:00, run_after=2022-11-19T00:00:00+00:00
[2022-11-18T22:39:33.243+0000] {processor.py:178} INFO - Processing /opt/airflow/dags/forex_data_pipeline.py took 0.608 seconds
[2022-11-18T22:40:03.641+0000] {processor.py:156} INFO - Started process (PID=150) to work on /opt/airflow/dags/forex_data_pipeline.py
[2022-11-18T22:40:03.645+0000] {processor.py:758} INFO - Processing file /opt/airflow/dags/forex_data_pipeline.py for tasks to queue
[2022-11-18T22:40:03.646+0000] {logging_mixin.py:117} INFO - [2022-11-18T22:40:03.646+0000] {dagbag.py:525} INFO - Filling up the DagBag from /opt/airflow/dags/forex_data_pipeline.py
[2022-11-18T22:40:04.036+0000] {processor.py:768} INFO - DAG(s) dict_keys(['forex_data_pipeline']) retrieved from /opt/airflow/dags/forex_data_pipeline.py
[2022-11-18T22:40:04.167+0000] {logging_mixin.py:117} INFO - [2022-11-18T22:40:04.167+0000] {dag.py:2573} INFO - Sync 1 DAGs
[2022-11-18T22:40:04.187+0000] {logging_mixin.py:117} INFO - [2022-11-18T22:40:04.186+0000] {dag.py:3328} INFO - Setting next_dagrun for forex_data_pipeline to 2022-11-18T00:00:00+00:00, run_after=2022-11-19T00:00:00+00:00
[2022-11-18T22:40:04.206+0000] {processor.py:178} INFO - Processing /opt/airflow/dags/forex_data_pipeline.py took 0.567 seconds
[2022-11-18T22:40:34.287+0000] {processor.py:156} INFO - Started process (PID=179) to work on /opt/airflow/dags/forex_data_pipeline.py
[2022-11-18T22:40:34.293+0000] {processor.py:758} INFO - Processing file /opt/airflow/dags/forex_data_pipeline.py for tasks to queue
[2022-11-18T22:40:34.296+0000] {logging_mixin.py:117} INFO - [2022-11-18T22:40:34.296+0000] {dagbag.py:525} INFO - Filling up the DagBag from /opt/airflow/dags/forex_data_pipeline.py
[2022-11-18T22:40:34.577+0000] {processor.py:768} INFO - DAG(s) dict_keys(['forex_data_pipeline']) retrieved from /opt/airflow/dags/forex_data_pipeline.py
[2022-11-18T22:40:34.730+0000] {logging_mixin.py:117} INFO - [2022-11-18T22:40:34.730+0000] {dag.py:2573} INFO - Sync 1 DAGs
[2022-11-18T22:40:34.754+0000] {logging_mixin.py:117} INFO - [2022-11-18T22:40:34.754+0000] {dag.py:3328} INFO - Setting next_dagrun for forex_data_pipeline to 2022-11-18T00:00:00+00:00, run_after=2022-11-19T00:00:00+00:00
[2022-11-18T22:40:34.777+0000] {processor.py:178} INFO - Processing /opt/airflow/dags/forex_data_pipeline.py took 0.493 seconds
[2022-11-18T22:41:05.009+0000] {processor.py:156} INFO - Started process (PID=209) to work on /opt/airflow/dags/forex_data_pipeline.py
[2022-11-18T22:41:05.013+0000] {processor.py:758} INFO - Processing file /opt/airflow/dags/forex_data_pipeline.py for tasks to queue
[2022-11-18T22:41:05.014+0000] {logging_mixin.py:117} INFO - [2022-11-18T22:41:05.014+0000] {dagbag.py:525} INFO - Filling up the DagBag from /opt/airflow/dags/forex_data_pipeline.py
[2022-11-18T22:41:05.297+0000] {processor.py:768} INFO - DAG(s) dict_keys(['forex_data_pipeline']) retrieved from /opt/airflow/dags/forex_data_pipeline.py
[2022-11-18T22:41:05.427+0000] {logging_mixin.py:117} INFO - [2022-11-18T22:41:05.427+0000] {dag.py:2573} INFO - Sync 1 DAGs
[2022-11-18T22:41:05.447+0000] {logging_mixin.py:117} INFO - [2022-11-18T22:41:05.446+0000] {dag.py:3328} INFO - Setting next_dagrun for forex_data_pipeline to 2022-11-18T00:00:00+00:00, run_after=2022-11-19T00:00:00+00:00
[2022-11-18T22:41:05.467+0000] {processor.py:178} INFO - Processing /opt/airflow/dags/forex_data_pipeline.py took 0.461 seconds
[2022-11-18T22:41:35.847+0000] {processor.py:156} INFO - Started process (PID=237) to work on /opt/airflow/dags/forex_data_pipeline.py
[2022-11-18T22:41:35.851+0000] {processor.py:758} INFO - Processing file /opt/airflow/dags/forex_data_pipeline.py for tasks to queue
[2022-11-18T22:41:35.852+0000] {logging_mixin.py:117} INFO - [2022-11-18T22:41:35.852+0000] {dagbag.py:525} INFO - Filling up the DagBag from /opt/airflow/dags/forex_data_pipeline.py
[2022-11-18T22:41:36.151+0000] {processor.py:768} INFO - DAG(s) dict_keys(['forex_data_pipeline']) retrieved from /opt/airflow/dags/forex_data_pipeline.py
[2022-11-18T22:41:36.305+0000] {logging_mixin.py:117} INFO - [2022-11-18T22:41:36.305+0000] {dag.py:2573} INFO - Sync 1 DAGs
[2022-11-18T22:41:36.327+0000] {logging_mixin.py:117} INFO - [2022-11-18T22:41:36.327+0000] {dag.py:3328} INFO - Setting next_dagrun for forex_data_pipeline to 2022-11-18T00:00:00+00:00, run_after=2022-11-19T00:00:00+00:00
[2022-11-18T22:41:36.350+0000] {processor.py:178} INFO - Processing /opt/airflow/dags/forex_data_pipeline.py took 0.505 seconds
[2022-11-18T22:42:06.716+0000] {processor.py:156} INFO - Started process (PID=265) to work on /opt/airflow/dags/forex_data_pipeline.py
[2022-11-18T22:42:06.719+0000] {processor.py:758} INFO - Processing file /opt/airflow/dags/forex_data_pipeline.py for tasks to queue
[2022-11-18T22:42:06.720+0000] {logging_mixin.py:117} INFO - [2022-11-18T22:42:06.720+0000] {dagbag.py:525} INFO - Filling up the DagBag from /opt/airflow/dags/forex_data_pipeline.py
[2022-11-18T22:42:06.990+0000] {processor.py:768} INFO - DAG(s) dict_keys(['forex_data_pipeline']) retrieved from /opt/airflow/dags/forex_data_pipeline.py
[2022-11-18T22:42:07.121+0000] {logging_mixin.py:117} INFO - [2022-11-18T22:42:07.120+0000] {dag.py:2573} INFO - Sync 1 DAGs
[2022-11-18T22:42:07.144+0000] {logging_mixin.py:117} INFO - [2022-11-18T22:42:07.144+0000] {dag.py:3328} INFO - Setting next_dagrun for forex_data_pipeline to 2022-11-18T00:00:00+00:00, run_after=2022-11-19T00:00:00+00:00
[2022-11-18T22:42:07.165+0000] {processor.py:178} INFO - Processing /opt/airflow/dags/forex_data_pipeline.py took 0.451 seconds
[2022-11-18T22:42:37.467+0000] {processor.py:156} INFO - Started process (PID=285) to work on /opt/airflow/dags/forex_data_pipeline.py
[2022-11-18T22:42:37.470+0000] {processor.py:758} INFO - Processing file /opt/airflow/dags/forex_data_pipeline.py for tasks to queue
[2022-11-18T22:42:37.472+0000] {logging_mixin.py:117} INFO - [2022-11-18T22:42:37.472+0000] {dagbag.py:525} INFO - Filling up the DagBag from /opt/airflow/dags/forex_data_pipeline.py
[2022-11-18T22:42:37.745+0000] {processor.py:768} INFO - DAG(s) dict_keys(['forex_data_pipeline']) retrieved from /opt/airflow/dags/forex_data_pipeline.py
[2022-11-18T22:42:37.885+0000] {logging_mixin.py:117} INFO - [2022-11-18T22:42:37.885+0000] {dag.py:2573} INFO - Sync 1 DAGs
[2022-11-18T22:42:37.907+0000] {logging_mixin.py:117} INFO - [2022-11-18T22:42:37.907+0000] {dag.py:3328} INFO - Setting next_dagrun for forex_data_pipeline to 2022-11-18T00:00:00+00:00, run_after=2022-11-19T00:00:00+00:00
[2022-11-18T22:42:37.935+0000] {processor.py:178} INFO - Processing /opt/airflow/dags/forex_data_pipeline.py took 0.470 seconds
[2022-11-18T22:43:08.490+0000] {processor.py:156} INFO - Started process (PID=314) to work on /opt/airflow/dags/forex_data_pipeline.py
[2022-11-18T22:43:08.495+0000] {processor.py:758} INFO - Processing file /opt/airflow/dags/forex_data_pipeline.py for tasks to queue
[2022-11-18T22:43:08.496+0000] {logging_mixin.py:117} INFO - [2022-11-18T22:43:08.496+0000] {dagbag.py:525} INFO - Filling up the DagBag from /opt/airflow/dags/forex_data_pipeline.py
[2022-11-18T22:43:08.806+0000] {processor.py:768} INFO - DAG(s) dict_keys(['forex_data_pipeline']) retrieved from /opt/airflow/dags/forex_data_pipeline.py
[2022-11-18T22:43:08.940+0000] {logging_mixin.py:117} INFO - [2022-11-18T22:43:08.940+0000] {dag.py:2573} INFO - Sync 1 DAGs
[2022-11-18T22:43:08.963+0000] {logging_mixin.py:117} INFO - [2022-11-18T22:43:08.962+0000] {dag.py:3328} INFO - Setting next_dagrun for forex_data_pipeline to 2022-11-18T00:00:00+00:00, run_after=2022-11-19T00:00:00+00:00
[2022-11-18T22:43:08.987+0000] {processor.py:178} INFO - Processing /opt/airflow/dags/forex_data_pipeline.py took 0.499 seconds
[2022-11-18T22:43:39.090+0000] {processor.py:156} INFO - Started process (PID=343) to work on /opt/airflow/dags/forex_data_pipeline.py
[2022-11-18T22:43:39.095+0000] {processor.py:758} INFO - Processing file /opt/airflow/dags/forex_data_pipeline.py for tasks to queue
[2022-11-18T22:43:39.096+0000] {logging_mixin.py:117} INFO - [2022-11-18T22:43:39.096+0000] {dagbag.py:525} INFO - Filling up the DagBag from /opt/airflow/dags/forex_data_pipeline.py
[2022-11-18T22:43:39.384+0000] {processor.py:768} INFO - DAG(s) dict_keys(['forex_data_pipeline']) retrieved from /opt/airflow/dags/forex_data_pipeline.py
[2022-11-18T22:43:39.523+0000] {logging_mixin.py:117} INFO - [2022-11-18T22:43:39.523+0000] {dag.py:2573} INFO - Sync 1 DAGs
[2022-11-18T22:43:39.544+0000] {logging_mixin.py:117} INFO - [2022-11-18T22:43:39.544+0000] {dag.py:3328} INFO - Setting next_dagrun for forex_data_pipeline to 2022-11-18T00:00:00+00:00, run_after=2022-11-19T00:00:00+00:00
[2022-11-18T22:43:39.565+0000] {processor.py:178} INFO - Processing /opt/airflow/dags/forex_data_pipeline.py took 0.477 seconds
[2022-11-18T23:32:22.468+0000] {processor.py:156} INFO - Started process (PID=363) to work on /opt/airflow/dags/forex_data_pipeline.py
[2022-11-18T23:32:22.724+0000] {processor.py:758} INFO - Processing file /opt/airflow/dags/forex_data_pipeline.py for tasks to queue
[2022-11-18T23:32:22.742+0000] {logging_mixin.py:117} INFO - [2022-11-18T23:32:22.742+0000] {dagbag.py:525} INFO - Filling up the DagBag from /opt/airflow/dags/forex_data_pipeline.py
[2022-11-18T23:32:23.689+0000] {processor.py:768} INFO - DAG(s) dict_keys(['forex_data_pipeline']) retrieved from /opt/airflow/dags/forex_data_pipeline.py
[2022-11-18T23:32:23.992+0000] {logging_mixin.py:117} INFO - [2022-11-18T23:32:23.992+0000] {dag.py:2573} INFO - Sync 1 DAGs
[2022-11-18T23:32:24.029+0000] {logging_mixin.py:117} INFO - [2022-11-18T23:32:24.028+0000] {dag.py:3328} INFO - Setting next_dagrun for forex_data_pipeline to 2022-11-18T00:00:00+00:00, run_after=2022-11-19T00:00:00+00:00
[2022-11-18T23:32:24.255+0000] {processor.py:178} INFO - Processing /opt/airflow/dags/forex_data_pipeline.py took 1.790 seconds
[2022-11-18T23:32:54.593+0000] {processor.py:156} INFO - Started process (PID=392) to work on /opt/airflow/dags/forex_data_pipeline.py
[2022-11-18T23:32:54.595+0000] {processor.py:758} INFO - Processing file /opt/airflow/dags/forex_data_pipeline.py for tasks to queue
[2022-11-18T23:32:54.596+0000] {logging_mixin.py:117} INFO - [2022-11-18T23:32:54.596+0000] {dagbag.py:525} INFO - Filling up the DagBag from /opt/airflow/dags/forex_data_pipeline.py
[2022-11-18T23:32:54.842+0000] {processor.py:768} INFO - DAG(s) dict_keys(['forex_data_pipeline']) retrieved from /opt/airflow/dags/forex_data_pipeline.py
[2022-11-18T23:32:54.977+0000] {logging_mixin.py:117} INFO - [2022-11-18T23:32:54.976+0000] {dag.py:2573} INFO - Sync 1 DAGs
[2022-11-18T23:32:54.997+0000] {logging_mixin.py:117} INFO - [2022-11-18T23:32:54.997+0000] {dag.py:3328} INFO - Setting next_dagrun for forex_data_pipeline to 2022-11-18T00:00:00+00:00, run_after=2022-11-19T00:00:00+00:00
[2022-11-18T23:32:55.025+0000] {processor.py:178} INFO - Processing /opt/airflow/dags/forex_data_pipeline.py took 0.434 seconds
[2022-11-18T23:33:25.326+0000] {processor.py:156} INFO - Started process (PID=421) to work on /opt/airflow/dags/forex_data_pipeline.py
[2022-11-18T23:33:25.329+0000] {processor.py:758} INFO - Processing file /opt/airflow/dags/forex_data_pipeline.py for tasks to queue
[2022-11-18T23:33:25.330+0000] {logging_mixin.py:117} INFO - [2022-11-18T23:33:25.330+0000] {dagbag.py:525} INFO - Filling up the DagBag from /opt/airflow/dags/forex_data_pipeline.py
[2022-11-18T23:33:25.558+0000] {processor.py:768} INFO - DAG(s) dict_keys(['forex_data_pipeline']) retrieved from /opt/airflow/dags/forex_data_pipeline.py
[2022-11-18T23:33:25.680+0000] {logging_mixin.py:117} INFO - [2022-11-18T23:33:25.680+0000] {dag.py:2573} INFO - Sync 1 DAGs
[2022-11-18T23:33:25.700+0000] {logging_mixin.py:117} INFO - [2022-11-18T23:33:25.700+0000] {dag.py:3328} INFO - Setting next_dagrun for forex_data_pipeline to 2022-11-18T00:00:00+00:00, run_after=2022-11-19T00:00:00+00:00
[2022-11-18T23:33:25.729+0000] {processor.py:178} INFO - Processing /opt/airflow/dags/forex_data_pipeline.py took 0.405 seconds
[2022-11-18T23:33:56.068+0000] {processor.py:156} INFO - Started process (PID=450) to work on /opt/airflow/dags/forex_data_pipeline.py
[2022-11-18T23:33:56.074+0000] {processor.py:758} INFO - Processing file /opt/airflow/dags/forex_data_pipeline.py for tasks to queue
[2022-11-18T23:33:56.075+0000] {logging_mixin.py:117} INFO - [2022-11-18T23:33:56.075+0000] {dagbag.py:525} INFO - Filling up the DagBag from /opt/airflow/dags/forex_data_pipeline.py
[2022-11-18T23:33:56.498+0000] {processor.py:768} INFO - DAG(s) dict_keys(['forex_data_pipeline']) retrieved from /opt/airflow/dags/forex_data_pipeline.py
[2022-11-18T23:33:56.657+0000] {logging_mixin.py:117} INFO - [2022-11-18T23:33:56.657+0000] {dag.py:2573} INFO - Sync 1 DAGs
[2022-11-18T23:33:56.681+0000] {logging_mixin.py:117} INFO - [2022-11-18T23:33:56.680+0000] {dag.py:3328} INFO - Setting next_dagrun for forex_data_pipeline to 2022-11-18T00:00:00+00:00, run_after=2022-11-19T00:00:00+00:00
[2022-11-18T23:33:56.704+0000] {processor.py:178} INFO - Processing /opt/airflow/dags/forex_data_pipeline.py took 0.638 seconds
[2022-11-18T23:34:26.973+0000] {processor.py:156} INFO - Started process (PID=469) to work on /opt/airflow/dags/forex_data_pipeline.py
[2022-11-18T23:34:26.977+0000] {processor.py:758} INFO - Processing file /opt/airflow/dags/forex_data_pipeline.py for tasks to queue
[2022-11-18T23:34:26.978+0000] {logging_mixin.py:117} INFO - [2022-11-18T23:34:26.978+0000] {dagbag.py:525} INFO - Filling up the DagBag from /opt/airflow/dags/forex_data_pipeline.py
[2022-11-18T23:34:27.280+0000] {processor.py:768} INFO - DAG(s) dict_keys(['forex_data_pipeline']) retrieved from /opt/airflow/dags/forex_data_pipeline.py
[2022-11-18T23:34:27.413+0000] {logging_mixin.py:117} INFO - [2022-11-18T23:34:27.413+0000] {dag.py:2573} INFO - Sync 1 DAGs
[2022-11-18T23:34:27.436+0000] {logging_mixin.py:117} INFO - [2022-11-18T23:34:27.436+0000] {dag.py:3328} INFO - Setting next_dagrun for forex_data_pipeline to 2022-11-18T00:00:00+00:00, run_after=2022-11-19T00:00:00+00:00
[2022-11-18T23:34:27.460+0000] {processor.py:178} INFO - Processing /opt/airflow/dags/forex_data_pipeline.py took 0.490 seconds
[2022-11-18T23:34:57.835+0000] {processor.py:156} INFO - Started process (PID=498) to work on /opt/airflow/dags/forex_data_pipeline.py
[2022-11-18T23:34:57.841+0000] {processor.py:758} INFO - Processing file /opt/airflow/dags/forex_data_pipeline.py for tasks to queue
[2022-11-18T23:34:57.843+0000] {logging_mixin.py:117} INFO - [2022-11-18T23:34:57.843+0000] {dagbag.py:525} INFO - Filling up the DagBag from /opt/airflow/dags/forex_data_pipeline.py
[2022-11-18T23:34:58.224+0000] {processor.py:768} INFO - DAG(s) dict_keys(['forex_data_pipeline']) retrieved from /opt/airflow/dags/forex_data_pipeline.py
[2022-11-18T23:34:58.377+0000] {logging_mixin.py:117} INFO - [2022-11-18T23:34:58.376+0000] {dag.py:2573} INFO - Sync 1 DAGs
[2022-11-18T23:34:58.403+0000] {logging_mixin.py:117} INFO - [2022-11-18T23:34:58.402+0000] {dag.py:3328} INFO - Setting next_dagrun for forex_data_pipeline to 2022-11-18T00:00:00+00:00, run_after=2022-11-19T00:00:00+00:00
[2022-11-18T23:34:58.433+0000] {processor.py:178} INFO - Processing /opt/airflow/dags/forex_data_pipeline.py took 0.601 seconds
[2022-11-18T23:35:28.772+0000] {processor.py:156} INFO - Started process (PID=526) to work on /opt/airflow/dags/forex_data_pipeline.py
[2022-11-18T23:35:28.776+0000] {processor.py:758} INFO - Processing file /opt/airflow/dags/forex_data_pipeline.py for tasks to queue
[2022-11-18T23:35:28.777+0000] {logging_mixin.py:117} INFO - [2022-11-18T23:35:28.777+0000] {dagbag.py:525} INFO - Filling up the DagBag from /opt/airflow/dags/forex_data_pipeline.py
[2022-11-18T23:35:29.045+0000] {processor.py:768} INFO - DAG(s) dict_keys(['forex_data_pipeline']) retrieved from /opt/airflow/dags/forex_data_pipeline.py
[2022-11-18T23:35:29.196+0000] {logging_mixin.py:117} INFO - [2022-11-18T23:35:29.195+0000] {dag.py:2573} INFO - Sync 1 DAGs
[2022-11-18T23:35:29.218+0000] {logging_mixin.py:117} INFO - [2022-11-18T23:35:29.217+0000] {dag.py:3328} INFO - Setting next_dagrun for forex_data_pipeline to 2022-11-18T00:00:00+00:00, run_after=2022-11-19T00:00:00+00:00
[2022-11-18T23:35:29.240+0000] {processor.py:178} INFO - Processing /opt/airflow/dags/forex_data_pipeline.py took 0.469 seconds
