[2023-01-16T17:50:38.628+0000] {taskinstance.py:1087} INFO - Dependencies all met for <TaskInstance: forex_data_pipeline.process_json_file scheduled__2023-01-15T00:00:00+00:00 [queued]>
[2023-01-16T17:50:38.663+0000] {taskinstance.py:1087} INFO - Dependencies all met for <TaskInstance: forex_data_pipeline.process_json_file scheduled__2023-01-15T00:00:00+00:00 [queued]>
[2023-01-16T17:50:38.665+0000] {taskinstance.py:1283} INFO - 
--------------------------------------------------------------------------------
[2023-01-16T17:50:38.666+0000] {taskinstance.py:1284} INFO - Starting attempt 1 of 3
[2023-01-16T17:50:38.669+0000] {taskinstance.py:1285} INFO - 
--------------------------------------------------------------------------------
[2023-01-16T17:50:38.697+0000] {taskinstance.py:1304} INFO - Executing <Task(PythonOperator): process_json_file> on 2023-01-15 00:00:00+00:00
[2023-01-16T17:50:38.707+0000] {standard_task_runner.py:55} INFO - Started process 110 to run task
[2023-01-16T17:50:38.714+0000] {standard_task_runner.py:82} INFO - Running: ['***', 'tasks', 'run', 'forex_data_pipeline', 'process_json_file', 'scheduled__2023-01-15T00:00:00+00:00', '--job-id', '571', '--raw', '--subdir', 'DAGS_FOLDER/forex_data_pipeline.py', '--cfg-path', '/tmp/tmp2sa3d5h6']
[2023-01-16T17:50:38.717+0000] {standard_task_runner.py:83} INFO - Job 571: Subtask process_json_file
[2023-01-16T17:50:39.002+0000] {task_command.py:389} INFO - Running <TaskInstance: forex_data_pipeline.process_json_file scheduled__2023-01-15T00:00:00+00:00 [running]> on host b21115e7dff0
[2023-01-16T17:50:39.170+0000] {taskinstance.py:1513} INFO - Exporting the following env vars:
AIRFLOW_CTX_DAG_EMAIL=juanfelipehdezm@gmail.com
AIRFLOW_CTX_DAG_OWNER=felipehdez
AIRFLOW_CTX_DAG_ID=forex_data_pipeline
AIRFLOW_CTX_TASK_ID=process_json_file
AIRFLOW_CTX_EXECUTION_DATE=2023-01-15T00:00:00+00:00
AIRFLOW_CTX_TRY_NUMBER=1
AIRFLOW_CTX_DAG_RUN_ID=scheduled__2023-01-15T00:00:00+00:00
[2023-01-16T17:50:39.230+0000] {python.py:177} INFO - Done. Returned value was: None
[2023-01-16T17:50:39.246+0000] {taskinstance.py:1327} INFO - Marking task as SUCCESS. dag_id=forex_data_pipeline, task_id=process_json_file, execution_date=20230115T000000, start_date=20230116T175038, end_date=20230116T175039
[2023-01-16T17:50:39.349+0000] {local_task_job.py:159} INFO - Task exited with return code 0
[2023-01-16T17:50:39.437+0000] {taskinstance.py:2582} INFO - 1 downstream tasks scheduled from follow-on schedule check
