[2022-12-12T22:27:32.063+0000] {processor.py:153} INFO - Started process (PID=41) to work on /opt/airflow/dags/forex_data_pipeline.py
[2022-12-12T22:27:32.066+0000] {processor.py:743} INFO - Processing file /opt/airflow/dags/forex_data_pipeline.py for tasks to queue
[2022-12-12T22:27:32.067+0000] {logging_mixin.py:137} INFO - [2022-12-12T22:27:32.067+0000] {dagbag.py:538} INFO - Filling up the DagBag from /opt/airflow/dags/forex_data_pipeline.py
[2022-12-12T22:27:32.835+0000] {processor.py:753} INFO - DAG(s) dict_keys(['forex_data_pipeline']) retrieved from /opt/airflow/dags/forex_data_pipeline.py
[2022-12-12T22:27:32.887+0000] {logging_mixin.py:137} INFO - [2022-12-12T22:27:32.886+0000] {dag.py:2676} INFO - Sync 1 DAGs
[2022-12-12T22:27:32.923+0000] {logging_mixin.py:137} INFO - [2022-12-12T22:27:32.923+0000] {dag.py:3427} INFO - Setting next_dagrun for forex_data_pipeline to 2022-12-12T00:00:00+00:00, run_after=2022-12-13T00:00:00+00:00
[2022-12-12T22:27:32.963+0000] {processor.py:175} INFO - Processing /opt/airflow/dags/forex_data_pipeline.py took 0.903 seconds
[2022-12-12T22:28:03.308+0000] {processor.py:153} INFO - Started process (PID=107) to work on /opt/airflow/dags/forex_data_pipeline.py
[2022-12-12T22:28:03.311+0000] {processor.py:743} INFO - Processing file /opt/airflow/dags/forex_data_pipeline.py for tasks to queue
[2022-12-12T22:28:03.312+0000] {logging_mixin.py:137} INFO - [2022-12-12T22:28:03.312+0000] {dagbag.py:538} INFO - Filling up the DagBag from /opt/airflow/dags/forex_data_pipeline.py
[2022-12-12T22:28:03.613+0000] {processor.py:753} INFO - DAG(s) dict_keys(['forex_data_pipeline']) retrieved from /opt/airflow/dags/forex_data_pipeline.py
[2022-12-12T22:28:03.637+0000] {logging_mixin.py:137} INFO - [2022-12-12T22:28:03.636+0000] {dag.py:2676} INFO - Sync 1 DAGs
[2022-12-12T22:28:03.666+0000] {logging_mixin.py:137} INFO - [2022-12-12T22:28:03.666+0000] {dag.py:3427} INFO - Setting next_dagrun for forex_data_pipeline to 2022-12-12T00:00:00+00:00, run_after=2022-12-13T00:00:00+00:00
[2022-12-12T22:28:03.687+0000] {processor.py:175} INFO - Processing /opt/airflow/dags/forex_data_pipeline.py took 0.381 seconds
[2022-12-12T22:28:34.077+0000] {processor.py:153} INFO - Started process (PID=149) to work on /opt/airflow/dags/forex_data_pipeline.py
[2022-12-12T22:28:34.079+0000] {processor.py:743} INFO - Processing file /opt/airflow/dags/forex_data_pipeline.py for tasks to queue
[2022-12-12T22:28:34.080+0000] {logging_mixin.py:137} INFO - [2022-12-12T22:28:34.080+0000] {dagbag.py:538} INFO - Filling up the DagBag from /opt/airflow/dags/forex_data_pipeline.py
[2022-12-12T22:28:34.361+0000] {processor.py:753} INFO - DAG(s) dict_keys(['forex_data_pipeline']) retrieved from /opt/airflow/dags/forex_data_pipeline.py
[2022-12-12T22:28:34.384+0000] {logging_mixin.py:137} INFO - [2022-12-12T22:28:34.383+0000] {dag.py:2676} INFO - Sync 1 DAGs
[2022-12-12T22:28:34.405+0000] {logging_mixin.py:137} INFO - [2022-12-12T22:28:34.405+0000] {dag.py:3427} INFO - Setting next_dagrun for forex_data_pipeline to 2022-12-12T00:00:00+00:00, run_after=2022-12-13T00:00:00+00:00
[2022-12-12T22:28:34.427+0000] {processor.py:175} INFO - Processing /opt/airflow/dags/forex_data_pipeline.py took 0.352 seconds
[2022-12-12T22:29:04.776+0000] {processor.py:153} INFO - Started process (PID=211) to work on /opt/airflow/dags/forex_data_pipeline.py
[2022-12-12T22:29:04.779+0000] {processor.py:743} INFO - Processing file /opt/airflow/dags/forex_data_pipeline.py for tasks to queue
[2022-12-12T22:29:04.780+0000] {logging_mixin.py:137} INFO - [2022-12-12T22:29:04.780+0000] {dagbag.py:538} INFO - Filling up the DagBag from /opt/airflow/dags/forex_data_pipeline.py
[2022-12-12T22:29:05.113+0000] {processor.py:753} INFO - DAG(s) dict_keys(['forex_data_pipeline']) retrieved from /opt/airflow/dags/forex_data_pipeline.py
[2022-12-12T22:29:05.136+0000] {logging_mixin.py:137} INFO - [2022-12-12T22:29:05.136+0000] {dag.py:2676} INFO - Sync 1 DAGs
[2022-12-12T22:29:05.159+0000] {logging_mixin.py:137} INFO - [2022-12-12T22:29:05.159+0000] {dag.py:3427} INFO - Setting next_dagrun for forex_data_pipeline to 2022-12-12T00:00:00+00:00, run_after=2022-12-13T00:00:00+00:00
[2022-12-12T22:29:05.183+0000] {processor.py:175} INFO - Processing /opt/airflow/dags/forex_data_pipeline.py took 0.409 seconds
[2022-12-12T22:29:35.522+0000] {processor.py:153} INFO - Started process (PID=253) to work on /opt/airflow/dags/forex_data_pipeline.py
[2022-12-12T22:29:35.524+0000] {processor.py:743} INFO - Processing file /opt/airflow/dags/forex_data_pipeline.py for tasks to queue
[2022-12-12T22:29:35.525+0000] {logging_mixin.py:137} INFO - [2022-12-12T22:29:35.525+0000] {dagbag.py:538} INFO - Filling up the DagBag from /opt/airflow/dags/forex_data_pipeline.py
[2022-12-12T22:29:35.788+0000] {processor.py:753} INFO - DAG(s) dict_keys(['forex_data_pipeline']) retrieved from /opt/airflow/dags/forex_data_pipeline.py
[2022-12-12T22:29:35.809+0000] {logging_mixin.py:137} INFO - [2022-12-12T22:29:35.808+0000] {dag.py:2676} INFO - Sync 1 DAGs
[2022-12-12T22:29:35.829+0000] {logging_mixin.py:137} INFO - [2022-12-12T22:29:35.829+0000] {dag.py:3427} INFO - Setting next_dagrun for forex_data_pipeline to 2022-12-12T00:00:00+00:00, run_after=2022-12-13T00:00:00+00:00
[2022-12-12T22:29:35.849+0000] {processor.py:175} INFO - Processing /opt/airflow/dags/forex_data_pipeline.py took 0.329 seconds
[2022-12-12T22:30:05.910+0000] {processor.py:153} INFO - Started process (PID=315) to work on /opt/airflow/dags/forex_data_pipeline.py
[2022-12-12T22:30:05.911+0000] {processor.py:743} INFO - Processing file /opt/airflow/dags/forex_data_pipeline.py for tasks to queue
[2022-12-12T22:30:05.912+0000] {logging_mixin.py:137} INFO - [2022-12-12T22:30:05.912+0000] {dagbag.py:538} INFO - Filling up the DagBag from /opt/airflow/dags/forex_data_pipeline.py
[2022-12-12T22:30:06.176+0000] {processor.py:753} INFO - DAG(s) dict_keys(['forex_data_pipeline']) retrieved from /opt/airflow/dags/forex_data_pipeline.py
[2022-12-12T22:30:06.195+0000] {logging_mixin.py:137} INFO - [2022-12-12T22:30:06.194+0000] {dag.py:2676} INFO - Sync 1 DAGs
[2022-12-12T22:30:06.214+0000] {logging_mixin.py:137} INFO - [2022-12-12T22:30:06.214+0000] {dag.py:3427} INFO - Setting next_dagrun for forex_data_pipeline to 2022-12-12T00:00:00+00:00, run_after=2022-12-13T00:00:00+00:00
[2022-12-12T22:30:06.235+0000] {processor.py:175} INFO - Processing /opt/airflow/dags/forex_data_pipeline.py took 0.328 seconds
[2022-12-12T22:30:36.419+0000] {processor.py:153} INFO - Started process (PID=357) to work on /opt/airflow/dags/forex_data_pipeline.py
[2022-12-12T22:30:36.421+0000] {processor.py:743} INFO - Processing file /opt/airflow/dags/forex_data_pipeline.py for tasks to queue
[2022-12-12T22:30:36.422+0000] {logging_mixin.py:137} INFO - [2022-12-12T22:30:36.421+0000] {dagbag.py:538} INFO - Filling up the DagBag from /opt/airflow/dags/forex_data_pipeline.py
[2022-12-12T22:30:36.697+0000] {processor.py:753} INFO - DAG(s) dict_keys(['forex_data_pipeline']) retrieved from /opt/airflow/dags/forex_data_pipeline.py
[2022-12-12T22:30:36.717+0000] {logging_mixin.py:137} INFO - [2022-12-12T22:30:36.717+0000] {dag.py:2676} INFO - Sync 1 DAGs
[2022-12-12T22:30:36.742+0000] {logging_mixin.py:137} INFO - [2022-12-12T22:30:36.742+0000] {dag.py:3427} INFO - Setting next_dagrun for forex_data_pipeline to 2022-12-12T00:00:00+00:00, run_after=2022-12-13T00:00:00+00:00
[2022-12-12T22:30:36.769+0000] {processor.py:175} INFO - Processing /opt/airflow/dags/forex_data_pipeline.py took 0.353 seconds
[2022-12-12T22:33:38.272+0000] {processor.py:153} INFO - Started process (PID=379) to work on /opt/airflow/dags/forex_data_pipeline.py
[2022-12-12T22:33:38.274+0000] {processor.py:743} INFO - Processing file /opt/airflow/dags/forex_data_pipeline.py for tasks to queue
[2022-12-12T22:33:38.274+0000] {logging_mixin.py:137} INFO - [2022-12-12T22:33:38.274+0000] {dagbag.py:538} INFO - Filling up the DagBag from /opt/airflow/dags/forex_data_pipeline.py
[2022-12-12T22:33:38.541+0000] {processor.py:753} INFO - DAG(s) dict_keys(['forex_data_pipeline']) retrieved from /opt/airflow/dags/forex_data_pipeline.py
[2022-12-12T22:33:38.563+0000] {logging_mixin.py:137} INFO - [2022-12-12T22:33:38.562+0000] {dag.py:2676} INFO - Sync 1 DAGs
[2022-12-12T22:33:38.590+0000] {logging_mixin.py:137} INFO - [2022-12-12T22:33:38.590+0000] {dag.py:3427} INFO - Setting next_dagrun for forex_data_pipeline to 2022-12-12T00:00:00+00:00, run_after=2022-12-13T00:00:00+00:00
[2022-12-12T22:33:38.611+0000] {processor.py:175} INFO - Processing /opt/airflow/dags/forex_data_pipeline.py took 0.342 seconds
[2022-12-12T22:34:08.727+0000] {processor.py:153} INFO - Started process (PID=441) to work on /opt/airflow/dags/forex_data_pipeline.py
[2022-12-12T22:34:08.731+0000] {processor.py:743} INFO - Processing file /opt/airflow/dags/forex_data_pipeline.py for tasks to queue
[2022-12-12T22:34:08.732+0000] {logging_mixin.py:137} INFO - [2022-12-12T22:34:08.732+0000] {dagbag.py:538} INFO - Filling up the DagBag from /opt/airflow/dags/forex_data_pipeline.py
[2022-12-12T22:34:09.169+0000] {processor.py:753} INFO - DAG(s) dict_keys(['forex_data_pipeline']) retrieved from /opt/airflow/dags/forex_data_pipeline.py
[2022-12-12T22:34:09.198+0000] {logging_mixin.py:137} INFO - [2022-12-12T22:34:09.197+0000] {dag.py:2676} INFO - Sync 1 DAGs
[2022-12-12T22:34:09.235+0000] {logging_mixin.py:137} INFO - [2022-12-12T22:34:09.235+0000] {dag.py:3427} INFO - Setting next_dagrun for forex_data_pipeline to 2022-12-12T00:00:00+00:00, run_after=2022-12-13T00:00:00+00:00
[2022-12-12T22:34:09.266+0000] {processor.py:175} INFO - Processing /opt/airflow/dags/forex_data_pipeline.py took 0.546 seconds
[2022-12-12T22:34:39.619+0000] {processor.py:153} INFO - Started process (PID=483) to work on /opt/airflow/dags/forex_data_pipeline.py
[2022-12-12T22:34:39.620+0000] {processor.py:743} INFO - Processing file /opt/airflow/dags/forex_data_pipeline.py for tasks to queue
[2022-12-12T22:34:39.621+0000] {logging_mixin.py:137} INFO - [2022-12-12T22:34:39.621+0000] {dagbag.py:538} INFO - Filling up the DagBag from /opt/airflow/dags/forex_data_pipeline.py
[2022-12-12T22:34:39.921+0000] {processor.py:753} INFO - DAG(s) dict_keys(['forex_data_pipeline']) retrieved from /opt/airflow/dags/forex_data_pipeline.py
[2022-12-12T22:34:39.982+0000] {logging_mixin.py:137} INFO - [2022-12-12T22:34:39.980+0000] {dag.py:2676} INFO - Sync 1 DAGs
[2022-12-12T22:34:40.025+0000] {logging_mixin.py:137} INFO - [2022-12-12T22:34:40.025+0000] {dag.py:3427} INFO - Setting next_dagrun for forex_data_pipeline to 2022-12-12T00:00:00+00:00, run_after=2022-12-13T00:00:00+00:00
[2022-12-12T22:34:40.048+0000] {processor.py:175} INFO - Processing /opt/airflow/dags/forex_data_pipeline.py took 0.431 seconds
[2022-12-12T22:35:10.479+0000] {processor.py:153} INFO - Started process (PID=546) to work on /opt/airflow/dags/forex_data_pipeline.py
[2022-12-12T22:35:10.481+0000] {processor.py:743} INFO - Processing file /opt/airflow/dags/forex_data_pipeline.py for tasks to queue
[2022-12-12T22:35:10.483+0000] {logging_mixin.py:137} INFO - [2022-12-12T22:35:10.482+0000] {dagbag.py:538} INFO - Filling up the DagBag from /opt/airflow/dags/forex_data_pipeline.py
[2022-12-12T22:35:10.753+0000] {processor.py:753} INFO - DAG(s) dict_keys(['forex_data_pipeline']) retrieved from /opt/airflow/dags/forex_data_pipeline.py
[2022-12-12T22:35:10.778+0000] {logging_mixin.py:137} INFO - [2022-12-12T22:35:10.778+0000] {dag.py:2676} INFO - Sync 1 DAGs
[2022-12-12T22:35:10.800+0000] {logging_mixin.py:137} INFO - [2022-12-12T22:35:10.800+0000] {dag.py:3427} INFO - Setting next_dagrun for forex_data_pipeline to 2022-12-12T00:00:00+00:00, run_after=2022-12-13T00:00:00+00:00
[2022-12-12T22:35:10.817+0000] {processor.py:175} INFO - Processing /opt/airflow/dags/forex_data_pipeline.py took 0.341 seconds
[2022-12-12T22:35:41.266+0000] {processor.py:153} INFO - Started process (PID=588) to work on /opt/airflow/dags/forex_data_pipeline.py
[2022-12-12T22:35:41.271+0000] {processor.py:743} INFO - Processing file /opt/airflow/dags/forex_data_pipeline.py for tasks to queue
[2022-12-12T22:35:41.272+0000] {logging_mixin.py:137} INFO - [2022-12-12T22:35:41.272+0000] {dagbag.py:538} INFO - Filling up the DagBag from /opt/airflow/dags/forex_data_pipeline.py
[2022-12-12T22:35:41.954+0000] {processor.py:753} INFO - DAG(s) dict_keys(['forex_data_pipeline']) retrieved from /opt/airflow/dags/forex_data_pipeline.py
[2022-12-12T22:35:42.048+0000] {logging_mixin.py:137} INFO - [2022-12-12T22:35:42.047+0000] {dag.py:2676} INFO - Sync 1 DAGs
[2022-12-12T22:35:42.094+0000] {logging_mixin.py:137} INFO - [2022-12-12T22:35:42.094+0000] {dag.py:3427} INFO - Setting next_dagrun for forex_data_pipeline to 2022-12-12T00:00:00+00:00, run_after=2022-12-13T00:00:00+00:00
[2022-12-12T22:35:42.137+0000] {processor.py:175} INFO - Processing /opt/airflow/dags/forex_data_pipeline.py took 0.874 seconds
[2022-12-12T22:36:12.519+0000] {processor.py:153} INFO - Started process (PID=650) to work on /opt/airflow/dags/forex_data_pipeline.py
[2022-12-12T22:36:12.521+0000] {processor.py:743} INFO - Processing file /opt/airflow/dags/forex_data_pipeline.py for tasks to queue
[2022-12-12T22:36:12.523+0000] {logging_mixin.py:137} INFO - [2022-12-12T22:36:12.522+0000] {dagbag.py:538} INFO - Filling up the DagBag from /opt/airflow/dags/forex_data_pipeline.py
[2022-12-12T22:36:12.849+0000] {processor.py:753} INFO - DAG(s) dict_keys(['forex_data_pipeline']) retrieved from /opt/airflow/dags/forex_data_pipeline.py
[2022-12-12T22:36:12.902+0000] {logging_mixin.py:137} INFO - [2022-12-12T22:36:12.901+0000] {dag.py:2676} INFO - Sync 1 DAGs
[2022-12-12T22:36:12.945+0000] {logging_mixin.py:137} INFO - [2022-12-12T22:36:12.944+0000] {dag.py:3427} INFO - Setting next_dagrun for forex_data_pipeline to 2022-12-12T00:00:00+00:00, run_after=2022-12-13T00:00:00+00:00
[2022-12-12T22:36:12.976+0000] {processor.py:175} INFO - Processing /opt/airflow/dags/forex_data_pipeline.py took 0.460 seconds
[2022-12-12T22:36:43.292+0000] {processor.py:153} INFO - Started process (PID=692) to work on /opt/airflow/dags/forex_data_pipeline.py
[2022-12-12T22:36:43.294+0000] {processor.py:743} INFO - Processing file /opt/airflow/dags/forex_data_pipeline.py for tasks to queue
[2022-12-12T22:36:43.295+0000] {logging_mixin.py:137} INFO - [2022-12-12T22:36:43.295+0000] {dagbag.py:538} INFO - Filling up the DagBag from /opt/airflow/dags/forex_data_pipeline.py
[2022-12-12T22:36:43.719+0000] {processor.py:753} INFO - DAG(s) dict_keys(['forex_data_pipeline']) retrieved from /opt/airflow/dags/forex_data_pipeline.py
[2022-12-12T22:36:43.745+0000] {logging_mixin.py:137} INFO - [2022-12-12T22:36:43.745+0000] {dag.py:2676} INFO - Sync 1 DAGs
[2022-12-12T22:36:43.775+0000] {logging_mixin.py:137} INFO - [2022-12-12T22:36:43.775+0000] {dag.py:3427} INFO - Setting next_dagrun for forex_data_pipeline to 2022-12-12T00:00:00+00:00, run_after=2022-12-13T00:00:00+00:00
[2022-12-12T22:36:43.800+0000] {processor.py:175} INFO - Processing /opt/airflow/dags/forex_data_pipeline.py took 0.510 seconds
[2022-12-12T22:37:14.100+0000] {processor.py:153} INFO - Started process (PID=754) to work on /opt/airflow/dags/forex_data_pipeline.py
[2022-12-12T22:37:14.101+0000] {processor.py:743} INFO - Processing file /opt/airflow/dags/forex_data_pipeline.py for tasks to queue
[2022-12-12T22:37:14.102+0000] {logging_mixin.py:137} INFO - [2022-12-12T22:37:14.102+0000] {dagbag.py:538} INFO - Filling up the DagBag from /opt/airflow/dags/forex_data_pipeline.py
[2022-12-12T22:37:14.379+0000] {processor.py:753} INFO - DAG(s) dict_keys(['forex_data_pipeline']) retrieved from /opt/airflow/dags/forex_data_pipeline.py
[2022-12-12T22:37:14.399+0000] {logging_mixin.py:137} INFO - [2022-12-12T22:37:14.399+0000] {dag.py:2676} INFO - Sync 1 DAGs
[2022-12-12T22:37:14.424+0000] {logging_mixin.py:137} INFO - [2022-12-12T22:37:14.424+0000] {dag.py:3427} INFO - Setting next_dagrun for forex_data_pipeline to 2022-12-12T00:00:00+00:00, run_after=2022-12-13T00:00:00+00:00
[2022-12-12T22:37:14.445+0000] {processor.py:175} INFO - Processing /opt/airflow/dags/forex_data_pipeline.py took 0.347 seconds
[2022-12-12T22:37:44.768+0000] {processor.py:153} INFO - Started process (PID=796) to work on /opt/airflow/dags/forex_data_pipeline.py
[2022-12-12T22:37:44.776+0000] {processor.py:743} INFO - Processing file /opt/airflow/dags/forex_data_pipeline.py for tasks to queue
[2022-12-12T22:37:44.777+0000] {logging_mixin.py:137} INFO - [2022-12-12T22:37:44.777+0000] {dagbag.py:538} INFO - Filling up the DagBag from /opt/airflow/dags/forex_data_pipeline.py
[2022-12-12T22:37:45.062+0000] {processor.py:753} INFO - DAG(s) dict_keys(['forex_data_pipeline']) retrieved from /opt/airflow/dags/forex_data_pipeline.py
[2022-12-12T22:37:45.092+0000] {logging_mixin.py:137} INFO - [2022-12-12T22:37:45.091+0000] {dag.py:2676} INFO - Sync 1 DAGs
[2022-12-12T22:37:45.117+0000] {logging_mixin.py:137} INFO - [2022-12-12T22:37:45.117+0000] {dag.py:3427} INFO - Setting next_dagrun for forex_data_pipeline to 2022-12-12T00:00:00+00:00, run_after=2022-12-13T00:00:00+00:00
[2022-12-12T22:37:45.137+0000] {processor.py:175} INFO - Processing /opt/airflow/dags/forex_data_pipeline.py took 0.371 seconds
[2022-12-12T22:38:15.493+0000] {processor.py:153} INFO - Started process (PID=848) to work on /opt/airflow/dags/forex_data_pipeline.py
[2022-12-12T22:38:15.497+0000] {processor.py:743} INFO - Processing file /opt/airflow/dags/forex_data_pipeline.py for tasks to queue
[2022-12-12T22:38:15.499+0000] {logging_mixin.py:137} INFO - [2022-12-12T22:38:15.498+0000] {dagbag.py:538} INFO - Filling up the DagBag from /opt/airflow/dags/forex_data_pipeline.py
[2022-12-12T22:38:15.917+0000] {processor.py:753} INFO - DAG(s) dict_keys(['forex_data_pipeline']) retrieved from /opt/airflow/dags/forex_data_pipeline.py
[2022-12-12T22:38:15.970+0000] {logging_mixin.py:137} INFO - [2022-12-12T22:38:15.968+0000] {dag.py:2676} INFO - Sync 1 DAGs
[2022-12-12T22:38:16.001+0000] {logging_mixin.py:137} INFO - [2022-12-12T22:38:16.001+0000] {dag.py:3427} INFO - Setting next_dagrun for forex_data_pipeline to 2022-12-12T00:00:00+00:00, run_after=2022-12-13T00:00:00+00:00
[2022-12-12T22:38:16.030+0000] {processor.py:175} INFO - Processing /opt/airflow/dags/forex_data_pipeline.py took 0.543 seconds
[2022-12-12T22:38:46.437+0000] {processor.py:153} INFO - Started process (PID=901) to work on /opt/airflow/dags/forex_data_pipeline.py
[2022-12-12T22:38:46.439+0000] {processor.py:743} INFO - Processing file /opt/airflow/dags/forex_data_pipeline.py for tasks to queue
[2022-12-12T22:38:46.440+0000] {logging_mixin.py:137} INFO - [2022-12-12T22:38:46.440+0000] {dagbag.py:538} INFO - Filling up the DagBag from /opt/airflow/dags/forex_data_pipeline.py
[2022-12-12T22:38:46.719+0000] {processor.py:753} INFO - DAG(s) dict_keys(['forex_data_pipeline']) retrieved from /opt/airflow/dags/forex_data_pipeline.py
[2022-12-12T22:38:46.745+0000] {logging_mixin.py:137} INFO - [2022-12-12T22:38:46.744+0000] {dag.py:2676} INFO - Sync 1 DAGs
[2022-12-12T22:38:46.770+0000] {logging_mixin.py:137} INFO - [2022-12-12T22:38:46.770+0000] {dag.py:3427} INFO - Setting next_dagrun for forex_data_pipeline to 2022-12-12T00:00:00+00:00, run_after=2022-12-13T00:00:00+00:00
[2022-12-12T22:38:46.789+0000] {processor.py:175} INFO - Processing /opt/airflow/dags/forex_data_pipeline.py took 0.355 seconds
[2022-12-12T22:39:17.106+0000] {processor.py:153} INFO - Started process (PID=950) to work on /opt/airflow/dags/forex_data_pipeline.py
[2022-12-12T22:39:17.109+0000] {processor.py:743} INFO - Processing file /opt/airflow/dags/forex_data_pipeline.py for tasks to queue
[2022-12-12T22:39:17.111+0000] {logging_mixin.py:137} INFO - [2022-12-12T22:39:17.111+0000] {dagbag.py:538} INFO - Filling up the DagBag from /opt/airflow/dags/forex_data_pipeline.py
[2022-12-12T22:39:17.417+0000] {processor.py:753} INFO - DAG(s) dict_keys(['forex_data_pipeline']) retrieved from /opt/airflow/dags/forex_data_pipeline.py
[2022-12-12T22:39:17.445+0000] {logging_mixin.py:137} INFO - [2022-12-12T22:39:17.445+0000] {dag.py:2676} INFO - Sync 1 DAGs
[2022-12-12T22:39:17.476+0000] {logging_mixin.py:137} INFO - [2022-12-12T22:39:17.476+0000] {dag.py:3427} INFO - Setting next_dagrun for forex_data_pipeline to 2022-12-12T00:00:00+00:00, run_after=2022-12-13T00:00:00+00:00
[2022-12-12T22:39:17.499+0000] {processor.py:175} INFO - Processing /opt/airflow/dags/forex_data_pipeline.py took 0.397 seconds
[2022-12-12T22:39:47.780+0000] {processor.py:153} INFO - Started process (PID=1005) to work on /opt/airflow/dags/forex_data_pipeline.py
[2022-12-12T22:39:47.782+0000] {processor.py:743} INFO - Processing file /opt/airflow/dags/forex_data_pipeline.py for tasks to queue
[2022-12-12T22:39:47.783+0000] {logging_mixin.py:137} INFO - [2022-12-12T22:39:47.782+0000] {dagbag.py:538} INFO - Filling up the DagBag from /opt/airflow/dags/forex_data_pipeline.py
[2022-12-12T22:39:48.060+0000] {processor.py:753} INFO - DAG(s) dict_keys(['forex_data_pipeline']) retrieved from /opt/airflow/dags/forex_data_pipeline.py
[2022-12-12T22:39:48.082+0000] {logging_mixin.py:137} INFO - [2022-12-12T22:39:48.082+0000] {dag.py:2676} INFO - Sync 1 DAGs
[2022-12-12T22:39:48.104+0000] {logging_mixin.py:137} INFO - [2022-12-12T22:39:48.103+0000] {dag.py:3427} INFO - Setting next_dagrun for forex_data_pipeline to 2022-12-12T00:00:00+00:00, run_after=2022-12-13T00:00:00+00:00
[2022-12-12T22:39:48.130+0000] {processor.py:175} INFO - Processing /opt/airflow/dags/forex_data_pipeline.py took 0.352 seconds
[2022-12-12T22:40:18.469+0000] {processor.py:153} INFO - Started process (PID=1047) to work on /opt/airflow/dags/forex_data_pipeline.py
[2022-12-12T22:40:18.472+0000] {processor.py:743} INFO - Processing file /opt/airflow/dags/forex_data_pipeline.py for tasks to queue
[2022-12-12T22:40:18.474+0000] {logging_mixin.py:137} INFO - [2022-12-12T22:40:18.473+0000] {dagbag.py:538} INFO - Filling up the DagBag from /opt/airflow/dags/forex_data_pipeline.py
[2022-12-12T22:40:18.786+0000] {processor.py:753} INFO - DAG(s) dict_keys(['forex_data_pipeline']) retrieved from /opt/airflow/dags/forex_data_pipeline.py
[2022-12-12T22:40:18.811+0000] {logging_mixin.py:137} INFO - [2022-12-12T22:40:18.810+0000] {dag.py:2676} INFO - Sync 1 DAGs
[2022-12-12T22:40:18.838+0000] {logging_mixin.py:137} INFO - [2022-12-12T22:40:18.837+0000] {dag.py:3427} INFO - Setting next_dagrun for forex_data_pipeline to 2022-12-12T00:00:00+00:00, run_after=2022-12-13T00:00:00+00:00
[2022-12-12T22:40:18.859+0000] {processor.py:175} INFO - Processing /opt/airflow/dags/forex_data_pipeline.py took 0.392 seconds
[2022-12-12T22:40:49.195+0000] {processor.py:153} INFO - Started process (PID=1110) to work on /opt/airflow/dags/forex_data_pipeline.py
[2022-12-12T22:40:49.198+0000] {processor.py:743} INFO - Processing file /opt/airflow/dags/forex_data_pipeline.py for tasks to queue
[2022-12-12T22:40:49.199+0000] {logging_mixin.py:137} INFO - [2022-12-12T22:40:49.199+0000] {dagbag.py:538} INFO - Filling up the DagBag from /opt/airflow/dags/forex_data_pipeline.py
[2022-12-12T22:40:49.480+0000] {processor.py:753} INFO - DAG(s) dict_keys(['forex_data_pipeline']) retrieved from /opt/airflow/dags/forex_data_pipeline.py
[2022-12-12T22:40:49.511+0000] {logging_mixin.py:137} INFO - [2022-12-12T22:40:49.511+0000] {dag.py:2676} INFO - Sync 1 DAGs
[2022-12-12T22:40:49.550+0000] {logging_mixin.py:137} INFO - [2022-12-12T22:40:49.550+0000] {dag.py:3427} INFO - Setting next_dagrun for forex_data_pipeline to 2022-12-12T00:00:00+00:00, run_after=2022-12-13T00:00:00+00:00
[2022-12-12T22:40:49.587+0000] {processor.py:175} INFO - Processing /opt/airflow/dags/forex_data_pipeline.py took 0.394 seconds
[2022-12-12T22:41:19.978+0000] {processor.py:153} INFO - Started process (PID=1152) to work on /opt/airflow/dags/forex_data_pipeline.py
[2022-12-12T22:41:19.981+0000] {processor.py:743} INFO - Processing file /opt/airflow/dags/forex_data_pipeline.py for tasks to queue
[2022-12-12T22:41:19.982+0000] {logging_mixin.py:137} INFO - [2022-12-12T22:41:19.982+0000] {dagbag.py:538} INFO - Filling up the DagBag from /opt/airflow/dags/forex_data_pipeline.py
[2022-12-12T22:41:20.625+0000] {processor.py:753} INFO - DAG(s) dict_keys(['forex_data_pipeline']) retrieved from /opt/airflow/dags/forex_data_pipeline.py
[2022-12-12T22:41:20.652+0000] {logging_mixin.py:137} INFO - [2022-12-12T22:41:20.651+0000] {dag.py:2676} INFO - Sync 1 DAGs
[2022-12-12T22:41:20.681+0000] {logging_mixin.py:137} INFO - [2022-12-12T22:41:20.681+0000] {dag.py:3427} INFO - Setting next_dagrun for forex_data_pipeline to 2022-12-12T00:00:00+00:00, run_after=2022-12-13T00:00:00+00:00
[2022-12-12T22:41:20.714+0000] {processor.py:175} INFO - Processing /opt/airflow/dags/forex_data_pipeline.py took 0.738 seconds
[2022-12-12T22:41:51.217+0000] {processor.py:153} INFO - Started process (PID=1214) to work on /opt/airflow/dags/forex_data_pipeline.py
[2022-12-12T22:41:51.220+0000] {processor.py:743} INFO - Processing file /opt/airflow/dags/forex_data_pipeline.py for tasks to queue
[2022-12-12T22:41:51.221+0000] {logging_mixin.py:137} INFO - [2022-12-12T22:41:51.221+0000] {dagbag.py:538} INFO - Filling up the DagBag from /opt/airflow/dags/forex_data_pipeline.py
[2022-12-12T22:41:51.475+0000] {processor.py:753} INFO - DAG(s) dict_keys(['forex_data_pipeline']) retrieved from /opt/airflow/dags/forex_data_pipeline.py
[2022-12-12T22:41:51.494+0000] {logging_mixin.py:137} INFO - [2022-12-12T22:41:51.494+0000] {dag.py:2676} INFO - Sync 1 DAGs
[2022-12-12T22:41:51.516+0000] {logging_mixin.py:137} INFO - [2022-12-12T22:41:51.516+0000] {dag.py:3427} INFO - Setting next_dagrun for forex_data_pipeline to 2022-12-12T00:00:00+00:00, run_after=2022-12-13T00:00:00+00:00
[2022-12-12T22:41:51.536+0000] {processor.py:175} INFO - Processing /opt/airflow/dags/forex_data_pipeline.py took 0.321 seconds
