[2022-11-15T01:24:43.466+0000] {taskinstance.py:1165} INFO - Dependencies all met for <TaskInstance: forex_data_pipeline.is_forex_file_available scheduled__2022-11-14T00:00:00+00:00 [queued]>
[2022-11-15T01:24:43.482+0000] {taskinstance.py:1165} INFO - Dependencies all met for <TaskInstance: forex_data_pipeline.is_forex_file_available scheduled__2022-11-14T00:00:00+00:00 [queued]>
[2022-11-15T01:24:43.483+0000] {taskinstance.py:1362} INFO - 
--------------------------------------------------------------------------------
[2022-11-15T01:24:43.484+0000] {taskinstance.py:1363} INFO - Starting attempt 1 of 3
[2022-11-15T01:24:43.484+0000] {taskinstance.py:1364} INFO - 
--------------------------------------------------------------------------------
[2022-11-15T01:24:43.500+0000] {taskinstance.py:1383} INFO - Executing <Task(FileSensor): is_forex_file_available> on 2022-11-14 00:00:00+00:00
[2022-11-15T01:24:43.504+0000] {standard_task_runner.py:54} INFO - Started process 91 to run task
[2022-11-15T01:24:43.507+0000] {standard_task_runner.py:82} INFO - Running: ['***', 'tasks', 'run', 'forex_data_pipeline', 'is_forex_file_available', 'scheduled__2022-11-14T00:00:00+00:00', '--job-id', '104', '--raw', '--subdir', 'DAGS_FOLDER/forex_data_pipeline.py', '--cfg-path', '/tmp/tmp7t_4mc_z']
[2022-11-15T01:24:43.508+0000] {standard_task_runner.py:83} INFO - Job 104: Subtask is_forex_file_available
[2022-11-15T01:24:43.509+0000] {dagbag.py:525} INFO - Filling up the DagBag from /opt/***/dags/forex_data_pipeline.py
[2022-11-15T01:24:43.991+0000] {task_command.py:384} INFO - Running <TaskInstance: forex_data_pipeline.is_forex_file_available scheduled__2022-11-14T00:00:00+00:00 [running]> on host 9cbdb5013874
[2022-11-15T01:24:44.071+0000] {taskinstance.py:1592} INFO - Exporting the following env vars:
AIRFLOW_CTX_DAG_EMAIL=juanfelipehdezm@gmail.com
AIRFLOW_CTX_DAG_OWNER=felipehdez
AIRFLOW_CTX_DAG_ID=forex_data_pipeline
AIRFLOW_CTX_TASK_ID=is_forex_file_available
AIRFLOW_CTX_EXECUTION_DATE=2022-11-14T00:00:00+00:00
AIRFLOW_CTX_TRY_NUMBER=1
AIRFLOW_CTX_DAG_RUN_ID=scheduled__2022-11-14T00:00:00+00:00
[2022-11-15T01:24:44.084+0000] {base.py:71} INFO - Using connection ID 'forex_path' for task execution.
[2022-11-15T01:24:44.086+0000] {filesystem.py:58} INFO - Poking for file /opt/***/dags/files/rates.json
[2022-11-15T01:24:44.118+0000] {filesystem.py:63} INFO - Found File /opt/***/dags/files/rates.json last modified: 20221115012442
[2022-11-15T01:24:44.119+0000] {base.py:213} INFO - Success criteria met. Exiting.
[2022-11-15T01:24:44.131+0000] {taskinstance.py:1406} INFO - Marking task as SUCCESS. dag_id=forex_data_pipeline, task_id=is_forex_file_available, execution_date=20221114T000000, start_date=20221115T012443, end_date=20221115T012444
[2022-11-15T01:24:44.202+0000] {local_task_job.py:164} INFO - Task exited with return code 0
[2022-11-15T01:24:44.232+0000] {local_task_job.py:273} INFO - 1 downstream tasks scheduled from follow-on schedule check
