[2023-04-12T00:22:09.488+0000] {processor.py:153} INFO - Started process (PID=65) to work on /opt/airflow/dags/forex_data_pipeline.py
[2023-04-12T00:22:09.492+0000] {processor.py:743} INFO - Processing file /opt/airflow/dags/forex_data_pipeline.py for tasks to queue
[2023-04-12T00:22:09.493+0000] {logging_mixin.py:137} INFO - [2023-04-12T00:22:09.493+0000] {dagbag.py:538} INFO - Filling up the DagBag from /opt/airflow/dags/forex_data_pipeline.py
[2023-04-12T00:22:10.461+0000] {processor.py:753} INFO - DAG(s) dict_keys(['forex_data_pipeline']) retrieved from /opt/airflow/dags/forex_data_pipeline.py
[2023-04-12T00:22:10.503+0000] {logging_mixin.py:137} INFO - [2023-04-12T00:22:10.502+0000] {dag.py:2676} INFO - Sync 1 DAGs
[2023-04-12T00:22:10.543+0000] {logging_mixin.py:137} INFO - [2023-04-12T00:22:10.543+0000] {dag.py:3427} INFO - Setting next_dagrun for forex_data_pipeline to 2023-04-12T00:00:00+00:00, run_after=2023-04-13T00:00:00+00:00
[2023-04-12T00:22:10.584+0000] {processor.py:175} INFO - Processing /opt/airflow/dags/forex_data_pipeline.py took 1.101 seconds
[2023-04-12T22:42:47.635+0000] {processor.py:153} INFO - Started process (PID=60) to work on /opt/airflow/dags/forex_data_pipeline.py
[2023-04-12T22:42:47.642+0000] {processor.py:743} INFO - Processing file /opt/airflow/dags/forex_data_pipeline.py for tasks to queue
[2023-04-12T22:42:47.643+0000] {logging_mixin.py:137} INFO - [2023-04-12T22:42:47.643+0000] {dagbag.py:538} INFO - Filling up the DagBag from /opt/airflow/dags/forex_data_pipeline.py
[2023-04-12T22:42:48.517+0000] {processor.py:753} INFO - DAG(s) dict_keys(['forex_data_pipeline']) retrieved from /opt/airflow/dags/forex_data_pipeline.py
[2023-04-12T22:42:48.636+0000] {logging_mixin.py:137} INFO - [2023-04-12T22:42:48.635+0000] {dag.py:2676} INFO - Sync 1 DAGs
[2023-04-12T22:42:48.691+0000] {logging_mixin.py:137} INFO - [2023-04-12T22:42:48.691+0000] {dag.py:3427} INFO - Setting next_dagrun for forex_data_pipeline to 2023-04-12T00:00:00+00:00, run_after=2023-04-13T00:00:00+00:00
[2023-04-12T22:42:48.791+0000] {processor.py:175} INFO - Processing /opt/airflow/dags/forex_data_pipeline.py took 1.160 seconds
[2023-04-12T22:43:19.318+0000] {processor.py:153} INFO - Started process (PID=107) to work on /opt/airflow/dags/forex_data_pipeline.py
[2023-04-12T22:43:19.325+0000] {processor.py:743} INFO - Processing file /opt/airflow/dags/forex_data_pipeline.py for tasks to queue
[2023-04-12T22:43:19.326+0000] {logging_mixin.py:137} INFO - [2023-04-12T22:43:19.326+0000] {dagbag.py:538} INFO - Filling up the DagBag from /opt/airflow/dags/forex_data_pipeline.py
[2023-04-12T22:43:19.734+0000] {processor.py:753} INFO - DAG(s) dict_keys(['forex_data_pipeline']) retrieved from /opt/airflow/dags/forex_data_pipeline.py
[2023-04-12T22:43:19.769+0000] {logging_mixin.py:137} INFO - [2023-04-12T22:43:19.769+0000] {dag.py:2676} INFO - Sync 1 DAGs
[2023-04-12T22:43:19.802+0000] {logging_mixin.py:137} INFO - [2023-04-12T22:43:19.802+0000] {dag.py:3427} INFO - Setting next_dagrun for forex_data_pipeline to 2023-04-12T00:00:00+00:00, run_after=2023-04-13T00:00:00+00:00
[2023-04-12T22:43:19.838+0000] {processor.py:175} INFO - Processing /opt/airflow/dags/forex_data_pipeline.py took 0.521 seconds
[2023-04-12T22:43:50.689+0000] {processor.py:153} INFO - Started process (PID=171) to work on /opt/airflow/dags/forex_data_pipeline.py
[2023-04-12T22:43:50.693+0000] {processor.py:743} INFO - Processing file /opt/airflow/dags/forex_data_pipeline.py for tasks to queue
[2023-04-12T22:43:50.694+0000] {logging_mixin.py:137} INFO - [2023-04-12T22:43:50.694+0000] {dagbag.py:538} INFO - Filling up the DagBag from /opt/airflow/dags/forex_data_pipeline.py
[2023-04-12T22:43:51.017+0000] {processor.py:753} INFO - DAG(s) dict_keys(['forex_data_pipeline']) retrieved from /opt/airflow/dags/forex_data_pipeline.py
[2023-04-12T22:43:51.045+0000] {logging_mixin.py:137} INFO - [2023-04-12T22:43:51.045+0000] {dag.py:2676} INFO - Sync 1 DAGs
[2023-04-12T22:43:51.074+0000] {logging_mixin.py:137} INFO - [2023-04-12T22:43:51.074+0000] {dag.py:3427} INFO - Setting next_dagrun for forex_data_pipeline to 2023-04-12T00:00:00+00:00, run_after=2023-04-13T00:00:00+00:00
[2023-04-12T22:43:51.098+0000] {processor.py:175} INFO - Processing /opt/airflow/dags/forex_data_pipeline.py took 0.411 seconds
[2023-04-12T22:44:21.678+0000] {processor.py:153} INFO - Started process (PID=216) to work on /opt/airflow/dags/forex_data_pipeline.py
[2023-04-12T22:44:21.688+0000] {processor.py:743} INFO - Processing file /opt/airflow/dags/forex_data_pipeline.py for tasks to queue
[2023-04-12T22:44:21.690+0000] {logging_mixin.py:137} INFO - [2023-04-12T22:44:21.690+0000] {dagbag.py:538} INFO - Filling up the DagBag from /opt/airflow/dags/forex_data_pipeline.py
