[2023-04-09T18:20:34.604+0000] {taskinstance.py:1087} INFO - Dependencies all met for <TaskInstance: forex_data_pipeline.store_ratings scheduled__2023-04-07T00:00:00+00:00 [queued]>
[2023-04-09T18:20:34.618+0000] {taskinstance.py:1087} INFO - Dependencies all met for <TaskInstance: forex_data_pipeline.store_ratings scheduled__2023-04-07T00:00:00+00:00 [queued]>
[2023-04-09T18:20:34.619+0000] {taskinstance.py:1283} INFO - 
--------------------------------------------------------------------------------
[2023-04-09T18:20:34.620+0000] {taskinstance.py:1284} INFO - Starting attempt 1 of 3
[2023-04-09T18:20:34.621+0000] {taskinstance.py:1285} INFO - 
--------------------------------------------------------------------------------
[2023-04-09T18:20:34.635+0000] {taskinstance.py:1304} INFO - Executing <Task(PythonOperator): store_ratings> on 2023-04-07 00:00:00+00:00
[2023-04-09T18:20:34.640+0000] {standard_task_runner.py:55} INFO - Started process 108 to run task
[2023-04-09T18:20:34.643+0000] {standard_task_runner.py:82} INFO - Running: ['***', 'tasks', 'run', 'forex_data_pipeline', 'store_ratings', 'scheduled__2023-04-07T00:00:00+00:00', '--job-id', '1053', '--raw', '--subdir', 'DAGS_FOLDER/forex_data_pipeline.py', '--cfg-path', '/tmp/tmplox97h8n']
[2023-04-09T18:20:34.645+0000] {standard_task_runner.py:83} INFO - Job 1053: Subtask store_ratings
[2023-04-09T18:20:34.711+0000] {task_command.py:389} INFO - Running <TaskInstance: forex_data_pipeline.store_ratings scheduled__2023-04-07T00:00:00+00:00 [running]> on host b21115e7dff0
[2023-04-09T18:20:34.780+0000] {taskinstance.py:1513} INFO - Exporting the following env vars:
AIRFLOW_CTX_DAG_EMAIL=juanfelipehdezm@gmail.com
AIRFLOW_CTX_DAG_OWNER=felipehdez
AIRFLOW_CTX_DAG_ID=forex_data_pipeline
AIRFLOW_CTX_TASK_ID=store_ratings
AIRFLOW_CTX_EXECUTION_DATE=2023-04-07T00:00:00+00:00
AIRFLOW_CTX_TRY_NUMBER=1
AIRFLOW_CTX_DAG_RUN_ID=scheduled__2023-04-07T00:00:00+00:00
[2023-04-09T18:20:34.782+0000] {postgres.py:158} INFO - Running copy expert: COPY forex_ratings FROM stdin WITH DELIMITER AS ',', filename: /opt/***/dags/files/rates.csv
[2023-04-09T18:20:34.793+0000] {base.py:73} INFO - Using connection ID 'forex_db' for task execution.
[2023-04-09T18:20:34.813+0000] {python.py:177} INFO - Done. Returned value was: None
[2023-04-09T18:20:34.822+0000] {taskinstance.py:1327} INFO - Marking task as SUCCESS. dag_id=forex_data_pipeline, task_id=store_ratings, execution_date=20230407T000000, start_date=20230409T182034, end_date=20230409T182034
[2023-04-09T18:20:34.855+0000] {local_task_job.py:159} INFO - Task exited with return code 0
[2023-04-09T18:20:34.873+0000] {taskinstance.py:2582} INFO - 0 downstream tasks scheduled from follow-on schedule check
